<?xml version="1.0" encoding="UTF-8"?>
<ptk:ast xmlns:ptk="http://sweble.org/doc/site/tooling/parser-toolkit/ptk-xml-tools"
         xmlns:swc="http://sweble.org/doc/site/tooling/sweble/sweble-wikitext">
   <swc:EngCompiledPage>
      <swc:log>rO0ABXNyAC9vcmcuc3dlYmxlLndpa2l0ZXh0LmVuZ2luZS5sb2dub2Rlcy5Db21waWxlckxvZwAAAAAAAAABAgACTAAIcmV2aXNpb250ABBMamF2YS9sYW5nL0xvbmc7TAAFdGl0bGV0ABJMamF2YS9sYW5nL1N0cmluZzt4cgAwb3JnLnN3ZWJsZS53aWtpdGV4dC5lbmdpbmUubG9nbm9kZXMuTG9nQ29udGFpbmVy7Q4ee8hpQHgCAAB4cgAsZGUuZmF1LmNzLm9zci5wdGsuY29tbW9uLmFzdC5Bc3ROb2RlTGlzdEltcGzKfs7OEEjHJgIAAUwACGNoaWxkcmVudAAWTGphdmEvdXRpbC9MaW5rZWRMaXN0O3hyADFkZS5mYXUuY3Mub3NyLnB0ay5jb21tb24uYXN0LkFzdEFic3RyYWN0SW5uZXJOb2RlNo6MRAYzeeQCAAB4cgAoZGUuZmF1LmNzLm9zci5wdGsuY29tbW9uLmFzdC5Bc3ROb2RlSW1wbC5DFf5pXbpSAgACTAAKYXR0cmlidXRlc3QAE0xqYXZhL3V0aWwvSGFzaE1hcDtMAAhsb2NhdGlvbnQAKkxkZS9mYXUvY3Mvb3NyL3B0ay9jb21tb24vYXN0L0FzdExvY2F0aW9uO3hwcHBzcgAUamF2YS51dGlsLkxpbmtlZExpc3QMKVNdSmCIIgMAAHhwdwQAAAAAeHNyAA5qYXZhLmxhbmcuTG9uZzuL5JDMjyPfAgABSgAFdmFsdWV4cgAQamF2YS5sYW5nLk51bWJlcoaslR0LlOCLAgAAeHAAAAAAAAAAAHQABUlucHV0</swc:log>
      <swc:warnings>
         <swc:warning>Warning: Input:15:271: &lt;no content&gt; : 12.2.5.4.7 - R20 (1) @ WtXmlEndTag.</swc:warning>
      </swc:warnings>
      <swc:entityMap ptk:null="true"/>
      <swc:page>
         <swc:EngPage>
            <swc:rtd ptk:null="true"/>
            <swc:WtParagraph>
               <swc:rtd ptk:null="true"/>
               <swc:WtBold>
                  <swc:rtd>c3IAI29yZy5zd2VibGUud2lraXRleHQucGFyc2VyLld0UnREYXRhAAAAAAAAAAECAAB4cgAjZGUuZmF1LmNzLm9zci5wdGsuY29tbW9uLmFzdC5SdERhdGEAAAAAAAAAAQIAAVsABmZpZWxkc3QAFFtbTGphdmEvbGFuZy9PYmplY3Q7eHB1cgAUW1tMamF2YS5sYW5nLk9iamVjdDsYv/tT5GvbygIAAHhwAAAAAnVyABNbTGphdmEubGFuZy5PYmplY3Q7kM5YnxBzKWwCAAB4cAAAAAF0AAMnJyd1cQB+ABcAAAABdAADJycn</swc:rtd>
                  <ptk:t ptk:location="Input:1:4">7 يناير</ptk:t>
               </swc:WtBold>
               <ptk:t ptk:location="Input:1:14"> هو سابع أيام السنة فى </ptk:t>
               <swc:WtInternalLink>
                  <swc:rtd>c3EAfgARdXEAfgAVAAAAA3VxAH4AFwAAAAF0AAJbW3VxAH4AFwAAAAB1cQB+ABcAAAABdAACXV0=</swc:rtd>
                  <swc:prefix/>
                  <swc:postfix/>
                  <swc:target>
                     <swc:WtPageName ptk:location="Input:1:39">
                        <swc:content>تقويم جريجورى</swc:content>
                        <swc:rtd ptk:null="true"/>
                     </swc:WtPageName>
                  </swc:target>
                  <swc:title>
                     <swc:WtLinkTitle-WtLinkTitleImpl>
                        <swc:rtd>c3EAfgARdXEAfgAVAAAAAnVxAH4AFwAAAAF0AAF8cQB+ACA=</swc:rtd>
                        <ptk:t ptk:location="Input:1:53">التقويم الجريجورى</ptk:t>
                     </swc:WtLinkTitle-WtLinkTitleImpl>
                  </swc:title>
               </swc:WtInternalLink>
               <ptk:t ptk:location="Input:1:72"> . و فيه بعده 358 (359 فى </ptk:t>
               <swc:WtInternalLink>
                  <swc:rtd>c3EAfgARdXEAfgAVAAAAA3VxAH4AFwAAAAFxAH4AH3EAfgAgdXEAfgAXAAAAAXEAfgAi</swc:rtd>
                  <swc:prefix/>
                  <swc:postfix/>
                  <swc:target>
                     <swc:WtPageName ptk:location="Input:1:100">
                        <swc:content>سنه كبيسه</swc:content>
                        <swc:rtd ptk:null="true"/>
                     </swc:WtPageName>
                  </swc:target>
                  <swc:title>
                     <swc:WtLinkTitle-WtLinkTitleImpl>
                        <swc:rtd>c3EAfgARdXEAfgAVAAAAAnVxAH4AFwAAAAF0AAF8cQB+ACA=</swc:rtd>
                        <ptk:t ptk:location="Input:1:110">السنة الكبيسة</ptk:t>
                     </swc:WtLinkTitle-WtLinkTitleImpl>
                  </swc:title>
               </swc:WtInternalLink>
               <ptk:t ptk:location="Input:1:125">) يوم لحد نهاية السنة.

</ptk:t>
            </swc:WtParagraph>
            <ptk:t>

</ptk:t>
            <swc:WtSection>
               <swc:rtd ptk:null="true"/>
               <swc:level>2</swc:level>
               <swc:heading>
                  <swc:WtHeading>
                     <swc:rtd>c3EAfgARdXEAfgAVAAAAAnVxAH4AFwAAAAF0AAI9PXVxAH4AFwAAAAFxAH4AMg==</swc:rtd>
                     <ptk:t ptk:location="Input:5:3"> مناسبات وأعياد </ptk:t>
                  </swc:WtHeading>
               </swc:heading>
               <swc:body>
                  <swc:WtBody-WtBodyImpl>
                     <swc:rtd ptk:null="true"/>
                     <ptk:t>
</ptk:t>
                     <swc:WtUnorderedList>
                        <swc:rtd ptk:null="true"/>
                        <swc:WtListItem>
                           <swc:rtd>c3EAfgARdXEAfgAVAAAAAnVxAH4AFwAAAAF0AAEqcQB+ACA=</swc:rtd>
                           <ptk:t ptk:location="Input:6:2"> </ptk:t>
                           <swc:WtInternalLink>
                              <swc:rtd>c3EAfgARdXEAfgAVAAAAA3VxAH4AFwAAAAFxAH4AH3EAfgAgdXEAfgAXAAAAAXEAfgAi</swc:rtd>
                              <swc:prefix/>
                              <swc:postfix/>
                              <swc:target>
                                 <swc:WtPageName ptk:location="Input:6:5">
                                    <swc:content>عيد الميلاد</swc:content>
                                    <swc:rtd ptk:null="true"/>
                                 </swc:WtPageName>
                              </swc:target>
                              <swc:title>
                                 <swc:WtLinkTitle-WtLinkTitleImpl>
                                    <swc:rtd>c3EAfgARdXEAfgAVAAAAAnVxAH4AFwAAAAF0AAF8cQB+ACA=</swc:rtd>
                                    <ptk:t ptk:location="Input:6:17">عيد ميلاد</ptk:t>
                                 </swc:WtLinkTitle-WtLinkTitleImpl>
                              </swc:title>
                           </swc:WtInternalLink>
                           <ptk:t ptk:location="Input:6:28"> </ptk:t>
                           <swc:WtInternalLink>
                              <swc:rtd>c3EAfgARdXEAfgAVAAAAA3VxAH4AFwAAAAFxAH4AH3EAfgAgdXEAfgAXAAAAAXEAfgAi</swc:rtd>
                              <swc:prefix/>
                              <swc:postfix/>
                              <swc:target>
                                 <swc:WtPageName ptk:location="Input:6:31">
                                    <swc:content>يسوع</swc:content>
                                    <swc:rtd ptk:null="true"/>
                                 </swc:WtPageName>
                              </swc:target>
                              <swc:title>
                                 <swc:WtLinkTitle-WtNoLinkTitle/>
                              </swc:title>
                           </swc:WtInternalLink>
                           <ptk:t ptk:location="Input:6:37"> المسيح حسب </ptk:t>
                           <swc:WtInternalLink>
                              <swc:rtd>c3EAfgARdXEAfgAVAAAAA3VxAH4AFwAAAAFxAH4AH3EAfgAgdXEAfgAXAAAAAXEAfgAi</swc:rtd>
                              <swc:prefix/>
                              <swc:postfix/>
                              <swc:target>
                                 <swc:WtPageName ptk:location="Input:6:51">
                                    <swc:content>تقويم يوليانى</swc:content>
                                    <swc:rtd ptk:null="true"/>
                                 </swc:WtPageName>
                              </swc:target>
                              <swc:title>
                                 <swc:WtLinkTitle-WtLinkTitleImpl>
                                    <swc:rtd>c3EAfgARdXEAfgAVAAAAAnVxAH4AFwAAAAF0AAF8cQB+ACA=</swc:rtd>
                                    <ptk:t ptk:location="Input:6:65">التقويم اليوليانى</ptk:t>
                                 </swc:WtLinkTitle-WtLinkTitleImpl>
                              </swc:title>
                           </swc:WtInternalLink>
                           <ptk:t ptk:location="Input:6:84">.</ptk:t>
                        </swc:WtListItem>
                     </swc:WtUnorderedList>
                     <ptk:t>

</ptk:t>
                  </swc:WtBody-WtBodyImpl>
               </swc:body>
            </swc:WtSection>
            <swc:WtSection>
               <swc:rtd ptk:null="true"/>
               <swc:level>2</swc:level>
               <swc:heading>
                  <swc:WtHeading>
                     <swc:rtd>c3EAfgARdXEAfgAVAAAAAnVxAH4AFwAAAAF0AAI9PXVxAH4AFwAAAAFxAH4ATw==</swc:rtd>
                     <ptk:t ptk:location="Input:8:3"> مواليد </ptk:t>
                  </swc:WtHeading>
               </swc:heading>
               <swc:body>
                  <swc:WtBody-WtBodyImpl>
                     <swc:rtd ptk:null="true"/>
                     <ptk:t>
</ptk:t>
                     <swc:WtUnorderedList>
                        <swc:rtd ptk:null="true"/>
                        <swc:WtListItem>
                           <swc:rtd>c3EAfgARdXEAfgAVAAAAAnVxAH4AFwAAAAF0AAEqdXEAfgAXAAAAAXQAAQo=</swc:rtd>
                           <ptk:t ptk:location="Input:9:2"> </ptk:t>
                           <swc:WtInternalLink>
                              <swc:rtd>c3EAfgARdXEAfgAVAAAAA3VxAH4AFwAAAAFxAH4AH3EAfgAgdXEAfgAXAAAAAXEAfgAi</swc:rtd>
                              <swc:prefix/>
                              <swc:postfix/>
                              <swc:target>
                                 <swc:WtPageName ptk:location="Input:9:5">
                                    <swc:content>1844</swc:content>
                                    <swc:rtd ptk:null="true"/>
                                 </swc:WtPageName>
                              </swc:target>
                              <swc:title>
                                 <swc:WtLinkTitle-WtNoLinkTitle/>
                              </swc:title>
                           </swc:WtInternalLink>
                           <ptk:t ptk:location="Input:9:11"> - القديسه </ptk:t>
                           <swc:WtInternalLink>
                              <swc:rtd>c3EAfgARdXEAfgAVAAAAA3VxAH4AFwAAAAFxAH4AH3EAfgAgdXEAfgAXAAAAAXEAfgAi</swc:rtd>
                              <swc:prefix/>
                              <swc:postfix/>
                              <swc:target>
                                 <swc:WtPageName ptk:location="Input:9:24">
                                    <swc:content>بيرناديت</swc:content>
                                    <swc:rtd ptk:null="true"/>
                                 </swc:WtPageName>
                              </swc:target>
                              <swc:title>
                                 <swc:WtLinkTitle-WtNoLinkTitle/>
                              </swc:title>
                           </swc:WtInternalLink>
                           <ptk:t ptk:location="Input:9:34"> .</ptk:t>
                        </swc:WtListItem>
                        <swc:WtListItem>
                           <swc:rtd>c3EAfgARdXEAfgAVAAAAAnVxAH4AFwAAAAF0AAEqdXEAfgAXAAAAAXQAAQo=</swc:rtd>
                           <ptk:t ptk:location="Input:10:2"> </ptk:t>
                           <swc:WtInternalLink>
                              <swc:rtd>c3EAfgARdXEAfgAVAAAAA3VxAH4AFwAAAAFxAH4AH3EAfgAgdXEAfgAXAAAAAXEAfgAi</swc:rtd>
                              <swc:prefix/>
                              <swc:postfix/>
                              <swc:target>
                                 <swc:WtPageName ptk:location="Input:10:5">
                                    <swc:content>1921</swc:content>
                                    <swc:rtd ptk:null="true"/>
                                 </swc:WtPageName>
                              </swc:target>
                              <swc:title>
                                 <swc:WtLinkTitle-WtNoLinkTitle/>
                              </swc:title>
                           </swc:WtInternalLink>
                           <ptk:t ptk:location="Input:10:11"> - </ptk:t>
                           <swc:WtInternalLink>
                              <swc:rtd>c3EAfgARdXEAfgAVAAAAA3VxAH4AFwAAAAFxAH4AH3EAfgAgdXEAfgAXAAAAAXEAfgAi</swc:rtd>
                              <swc:prefix/>
                              <swc:postfix/>
                              <swc:target>
                                 <swc:WtPageName ptk:location="Input:10:16">
                                    <swc:content>نظيم شعراوى</swc:content>
                                    <swc:rtd ptk:null="true"/>
                                 </swc:WtPageName>
                              </swc:target>
                              <swc:title>
                                 <swc:WtLinkTitle-WtNoLinkTitle/>
                              </swc:title>
                           </swc:WtInternalLink>
                           <ptk:t ptk:location="Input:10:29"> ممثل مصرى.</ptk:t>
                        </swc:WtListItem>
                        <swc:WtListItem>
                           <swc:rtd>c3EAfgARdXEAfgAVAAAAAnVxAH4AFwAAAAF0AAEqcQB+ACA=</swc:rtd>
                           <ptk:t ptk:location="Input:11:2"> </ptk:t>
                           <swc:WtInternalLink>
                              <swc:rtd>c3EAfgARdXEAfgAVAAAAA3VxAH4AFwAAAAFxAH4AH3EAfgAgdXEAfgAXAAAAAXEAfgAi</swc:rtd>
                              <swc:prefix/>
                              <swc:postfix/>
                              <swc:target>
                                 <swc:WtPageName ptk:location="Input:11:5">
                                    <swc:content>1966</swc:content>
                                    <swc:rtd ptk:null="true"/>
                                 </swc:WtPageName>
                              </swc:target>
                              <swc:title>
                                 <swc:WtLinkTitle-WtNoLinkTitle/>
                              </swc:title>
                           </swc:WtInternalLink>
                           <ptk:t ptk:location="Input:11:11"> - </ptk:t>
                           <swc:WtInternalLink>
                              <swc:rtd>c3EAfgARdXEAfgAVAAAAA3VxAH4AFwAAAAFxAH4AH3EAfgAgdXEAfgAXAAAAAXEAfgAi</swc:rtd>
                              <swc:prefix/>
                              <swc:postfix/>
                              <swc:target>
                                 <swc:WtPageName ptk:location="Input:11:16">
                                    <swc:content>ايهاب توفيق</swc:content>
                                    <swc:rtd ptk:null="true"/>
                                 </swc:WtPageName>
                              </swc:target>
                              <swc:title>
                                 <swc:WtLinkTitle-WtNoLinkTitle/>
                              </swc:title>
                           </swc:WtInternalLink>
                           <ptk:t ptk:location="Input:11:29"> مغنى مصرى.</ptk:t>
                        </swc:WtListItem>
                     </swc:WtUnorderedList>
                     <ptk:t>
</ptk:t>
                  </swc:WtBody-WtBodyImpl>
               </swc:body>
            </swc:WtSection>
            <swc:WtSection>
               <swc:rtd ptk:null="true"/>
               <swc:level>2</swc:level>
               <swc:heading>
                  <swc:WtHeading>
                     <ptk:a ptk:name="warnings">
                        <ptk:warnings>
                           <ptk:warning>Warning (normal): Input:12:1 - 11: "===\u0648\u0641\u064A\u0627\u062A==" : Odd number of opening equals.</ptk:warning>
                        </ptk:warnings>
                     </ptk:a>
                     <swc:rtd>c3EAfgARdXEAfgAVAAAAAnVxAH4AFwAAAAF0AAI9PXVxAH4AFwAAAAFxAH4AfA==</swc:rtd>
                     <ptk:t>=وفيات</ptk:t>
                  </swc:WtHeading>
               </swc:heading>
               <swc:body>
                  <swc:WtBody-WtBodyImpl>
                     <swc:rtd ptk:null="true"/>
                     <ptk:t>
</ptk:t>
                     <swc:WtUnorderedList>
                        <swc:rtd ptk:null="true"/>
                        <swc:WtListItem>
                           <swc:rtd>c3EAfgARdXEAfgAVAAAAAnVxAH4AFwAAAAF0AAEqdXEAfgAXAAAAAXQAAQo=</swc:rtd>
                           <ptk:t ptk:location="Input:13:2"> </ptk:t>
                           <swc:WtInternalLink>
                              <swc:rtd>c3EAfgARdXEAfgAVAAAAA3VxAH4AFwAAAAFxAH4AH3EAfgAgdXEAfgAXAAAAAXEAfgAi</swc:rtd>
                              <swc:prefix/>
                              <swc:postfix/>
                              <swc:target>
                                 <swc:WtPageName ptk:location="Input:13:5">
                                    <swc:content>1918</swc:content>
                                    <swc:rtd ptk:null="true"/>
                                 </swc:WtPageName>
                              </swc:target>
                              <swc:title>
                                 <swc:WtLinkTitle-WtNoLinkTitle/>
                              </swc:title>
                           </swc:WtInternalLink>
                           <ptk:t ptk:location="Input:13:11"> - </ptk:t>
                           <swc:WtInternalLink>
                              <swc:rtd>c3EAfgARdXEAfgAVAAAAA3VxAH4AFwAAAAFxAH4AH3EAfgAgdXEAfgAXAAAAAXEAfgAi</swc:rtd>
                              <swc:prefix/>
                              <swc:postfix/>
                              <swc:target>
                                 <swc:WtPageName ptk:location="Input:13:16">
                                    <swc:content>يوليوس فلهوزن</swc:content>
                                    <swc:rtd ptk:null="true"/>
                                 </swc:WtPageName>
                              </swc:target>
                              <swc:title>
                                 <swc:WtLinkTitle-WtNoLinkTitle/>
                              </swc:title>
                           </swc:WtInternalLink>
                           <ptk:t ptk:location="Input:13:31"> مستشرق المانى.</ptk:t>
                        </swc:WtListItem>
                        <swc:WtListItem>
                           <swc:rtd>c3EAfgARdXEAfgAVAAAAAnVxAH4AFwAAAAF0AAEqcQB+ACA=</swc:rtd>
                           <ptk:t ptk:location="Input:14:2"> </ptk:t>
                           <swc:WtInternalLink>
                              <swc:rtd>c3EAfgARdXEAfgAVAAAAA3VxAH4AFwAAAAFxAH4AH3EAfgAgdXEAfgAXAAAAAXEAfgAi</swc:rtd>
                              <swc:prefix/>
                              <swc:postfix/>
                              <swc:target>
                                 <swc:WtPageName ptk:location="Input:14:5">
                                    <swc:content>1989</swc:content>
                                    <swc:rtd ptk:null="true"/>
                                 </swc:WtPageName>
                              </swc:target>
                              <swc:title>
                                 <swc:WtLinkTitle-WtNoLinkTitle/>
                              </swc:title>
                           </swc:WtInternalLink>
                           <ptk:t ptk:location="Input:14:11"> - </ptk:t>
                           <swc:WtInternalLink>
                              <swc:rtd>c3EAfgARdXEAfgAVAAAAA3VxAH4AFwAAAAFxAH4AH3EAfgAgdXEAfgAXAAAAAXEAfgAi</swc:rtd>
                              <swc:prefix/>
                              <swc:postfix/>
                              <swc:target>
                                 <swc:WtPageName ptk:location="Input:14:16">
                                    <swc:content>هيروهيتو</swc:content>
                                    <swc:rtd ptk:null="true"/>
                                 </swc:WtPageName>
                              </swc:target>
                              <swc:title>
                                 <swc:WtLinkTitle-WtNoLinkTitle/>
                              </swc:title>
                           </swc:WtInternalLink>
                           <ptk:t ptk:location="Input:14:26"> امبراطور اليابان نمره 124 .</ptk:t>
                        </swc:WtListItem>
                     </swc:WtUnorderedList>
                     <ptk:t>
</ptk:t>
                     <swc:WtParagraph>
                        <swc:rtd ptk:null="true"/>
                     </swc:WtParagraph>
                     <swc:WtXmlElement>
                        <swc:rtd>c3EAfgARdXEAfgAVAAAAA3VxAH4AFwAAAAF0AAQ8ZGl2dXEAfgAXAAAAAXQAAT51cQB+ABcAAAABdAAGPC9kaXY+</swc:rtd>
                        <swc:name>div</swc:name>
                        <swc:xmlAttributes>
                           <swc:WtXmlAttributes-WtXmlAttributesImpl ptk:location="Input:15:5">
                              <swc:rtd ptk:null="true"/>
                              <swc:WtXmlAttribute ptk:location="Input:15:5">
                                 <swc:rtd>c3EAfgARdXEAfgAVAAAAAnVxAH4AFwAAAAF0AAggY2xhc3M9InVxAH4AFwAAAAF0AAEi</swc:rtd>
                                 <swc:name>class</swc:name>
                                 <swc:value>
                                    <swc:WtValue-WtValueImpl ptk:location="Input:15:13">
                                       <swc:rtd ptk:null="true"/>
                                       <ptk:t ptk:location="Input:15:13">infobox sisterproject</ptk:t>
                                    </swc:WtValue-WtValueImpl>
                                 </swc:value>
                              </swc:WtXmlAttribute>
                              <swc:WtXmlAttribute ptk:location="Input:15:35">
                                 <swc:rtd>c3EAfgARdXEAfgAVAAAAAnVxAH4AFwAAAAF0AAggc3R5bGU9InVxAH4AFwAAAAF0AAEi</swc:rtd>
                                 <swc:name>style</swc:name>
                                 <swc:value>
                                    <swc:WtValue-WtValueImpl ptk:location="Input:15:43">
                                       <swc:rtd ptk:null="true"/>
                                       <ptk:t ptk:location="Input:15:43">float:left; margin-left:0.1em;margin-right:0em;</ptk:t>
                                    </swc:WtValue-WtValueImpl>
                                 </swc:value>
                              </swc:WtXmlAttribute>
                           </swc:WtXmlAttributes-WtXmlAttributesImpl>
                        </swc:xmlAttributes>
                        <swc:body>
                           <swc:WtBody-WtBodyImpl>
                              <swc:rtd ptk:null="true"/>
                              <swc:WtImageLink>
                                 <swc:rtd>c3EAfgARdXEAfgAVAAAABHVxAH4AFwAAAAFxAH4AH3EAfgAgcQB+ACB1cQB+ABcAAAABcQB+ACI=</swc:rtd>
                                 <swc:width>50</swc:width>
                                 <swc:height>-1</swc:height>
                                 <swc:upright>false</swc:upright>
                                 <swc:hAlign>RIGHT</swc:hAlign>
                                 <swc:vAlign>MIDDLE</swc:vAlign>
                                 <swc:format>UNRESTRAINED</swc:format>
                                 <swc:border>false</swc:border>
                                 <swc:link>c3IAPG9yZy5zd2VibGUud2lraXRleHQucGFyc2VyLm5vZGVzLld0SW1hZ2VMaW5rJEltYWdlTGlua1RhcmdldGhCkWIiEAZXAgACTAAGdGFyZ2V0dAAvTG9yZy9zd2VibGUvd2lraXRleHQvcGFyc2VyL25vZGVzL1d0TGlua1RhcmdldDtMAAp0YXJnZXRUeXBldAA+TG9yZy9zd2VibGUvd2lraXRleHQvcGFyc2VyL25vZGVzL1d0TGlua1RhcmdldCRMaW5rVGFyZ2V0VHlwZTt4cHNyADZvcmcuc3dlYmxlLndpa2l0ZXh0LnBhcnNlci5ub2Rlcy5XdExpbmtUYXJnZXQkV3ROb0xpbms9h+f2phEDNwIAAHhyADVvcmcuc3dlYmxlLndpa2l0ZXh0LnBhcnNlci5ub2Rlcy5XdEVtcHR5SW1tdXRhYmxlTm9kZY78s/mB0VZ3AgAAeHB+cgA8b3JnLnN3ZWJsZS53aWtpdGV4dC5wYXJzZXIubm9kZXMuV3RMaW5rVGFyZ2V0JExpbmtUYXJnZXRUeXBlAAAAAAAAAAASAAB4cgAOamF2YS5sYW5nLkVudW0AAAAAAAAAABIAAHhwdAAHREVGQVVMVA==</swc:link>
                                 <swc:alt>
                                    <swc:WtLinkOptionAltText-WtNoLinkOptionAltText/>
                                 </swc:alt>
                                 <swc:target>
                                    <swc:WtPageName ptk:location="Input:15:94">
                                       <swc:content>Image:Commons-logo.svg</swc:content>
                                       <swc:rtd ptk:null="true"/>
                                    </swc:WtPageName>
                                 </swc:target>
                                 <swc:options>
                                    <swc:WtLinkOptions-WtLinkOptionsImpl ptk:location="Input:15:116">
                                       <swc:rtd ptk:null="true"/>
                                       <swc:WtLinkOptionKeyword ptk:location="Input:15:117">
                                          <swc:rtd>c3EAfgARdXEAfgAVAAAAAXVxAH4AFwAAAAF0AAZ8cmlnaHQ=</swc:rtd>
                                          <swc:keyword>right</swc:keyword>
                                       </swc:WtLinkOptionKeyword>
                                       <swc:WtLinkOptionResize ptk:location="Input:15:123">
                                          <swc:rtd>c3EAfgARdXEAfgAVAAAAAXVxAH4AFwAAAAF0AAV8NTBweA==</swc:rtd>
                                          <swc:width>50</swc:width>
                                          <swc:height>-1</swc:height>
                                       </swc:WtLinkOptionResize>
                                    </swc:WtLinkOptions-WtLinkOptionsImpl>
                                 </swc:options>
                                 <swc:title>
                                    <swc:WtLinkTitle-WtLinkTitleImpl>
                                       <swc:rtd>c3EAfgARdXEAfgAVAAAAAnVxAH4AFwAAAAF0AAF8cQB+ACA=</swc:rtd>
                                       <ptk:t ptk:location="Input:15:128"> </ptk:t>
                                    </swc:WtLinkTitle-WtLinkTitleImpl>
                                 </swc:title>
                              </swc:WtImageLink>
                              <ptk:t ptk:location="Input:15:131">فيه فايلات فى تصانيف </ptk:t>
                              <swc:WtInternalLink>
                                 <swc:rtd>c3EAfgARdXEAfgAVAAAAA3VxAH4AFwAAAAFxAH4AH3EAfgAgdXEAfgAXAAAAAXEAfgAi</swc:rtd>
                                 <swc:prefix/>
                                 <swc:postfix/>
                                 <swc:target>
                                    <swc:WtPageName ptk:location="Input:15:154">
                                       <swc:content>ويكيميديا كومونز</swc:content>
                                       <swc:rtd ptk:null="true"/>
                                    </swc:WtPageName>
                                 </swc:target>
                                 <swc:title>
                                    <swc:WtLinkTitle-WtNoLinkTitle/>
                                 </swc:title>
                              </swc:WtInternalLink>
                              <ptk:t ptk:location="Input:15:172">  عن:</ptk:t>
                              <swc:WtXmlElement>
                                 <swc:rtd>c3EAfgARdXEAfgAVAAAAA3VxAH4AFwAAAAF0AAQ8ZGl2dXEAfgAXAAAAAXQAAT51cQB+ABcAAAABdAAGPC9kaXY+</swc:rtd>
                                 <swc:name>div</swc:name>
                                 <swc:xmlAttributes>
                                    <swc:WtXmlAttributes-WtXmlAttributesImpl ptk:location="Input:15:181">
                                       <swc:rtd ptk:null="true"/>
                                       <swc:WtXmlAttribute ptk:location="Input:15:181">
                                          <swc:rtd>c3EAfgARdXEAfgAVAAAAAnVxAH4AFwAAAAF0AAggc3R5bGU9InVxAH4AFwAAAAF0AAEi</swc:rtd>
                                          <swc:name>style</swc:name>
                                          <swc:value>
                                             <swc:WtValue-WtValueImpl ptk:location="Input:15:189">
                                                <swc:rtd ptk:null="true"/>
                                                <ptk:t ptk:location="Input:15:189">margin-left: 10px;</ptk:t>
                                             </swc:WtValue-WtValueImpl>
                                          </swc:value>
                                       </swc:WtXmlAttribute>
                                    </swc:WtXmlAttributes-WtXmlAttributesImpl>
                                 </swc:xmlAttributes>
                                 <swc:body>
                                    <swc:WtBody-WtBodyImpl>
                                       <swc:rtd ptk:null="true"/>
                                       <ptk:t ptk:location="Input:15:209"> </ptk:t>
                                       <swc:WtItalics>
                                          <swc:rtd>c3EAfgARdXEAfgAVAAAAAnVxAH4AFwAAAAF0AAInJ3VxAH4AFwAAAAF0AAInJw==</swc:rtd>
                                          <swc:WtBold>
                                             <swc:rtd>c3EAfgARdXEAfgAVAAAAAnVxAH4AFwAAAAF0AAMnJyd1cQB+ABcAAAABdAADJycn</swc:rtd>
                                             <swc:WtInternalLink>
                                                <swc:rtd>c3EAfgARdXEAfgAVAAAAA3VxAH4AFwAAAAFxAH4AH3EAfgAgdXEAfgAXAAAAAXEAfgAi</swc:rtd>
                                                <swc:prefix/>
                                                <swc:postfix/>
                                                <swc:target>
                                                   <swc:WtPageName ptk:location="Input:15:217">
                                                      <swc:content>Commons:Category:7 January</swc:content>
                                                      <swc:rtd ptk:null="true"/>
                                                   </swc:WtPageName>
                                                </swc:target>
                                                <swc:title>
                                                   <swc:WtLinkTitle-WtLinkTitleImpl>
                                                      <swc:rtd>c3EAfgARdXEAfgAVAAAAAnVxAH4AFwAAAAF0AAF8cQB+ACA=</swc:rtd>
                                                      <ptk:t ptk:location="Input:15:244">Input</ptk:t>
                                                   </swc:WtLinkTitle-WtLinkTitleImpl>
                                                </swc:title>
                                             </swc:WtInternalLink>
                                          </swc:WtBold>
                                       </swc:WtItalics>
                                       <ptk:t ptk:location="Input:15:256"> </ptk:t>
                                    </swc:WtBody-WtBodyImpl>
                                 </swc:body>
                              </swc:WtXmlElement>
                           </swc:WtBody-WtBodyImpl>
                        </swc:body>
                     </swc:WtXmlElement>
                     <swc:WtXmlEndTag ptk:location="Input:15:271">
                        <swc:rtd>c3EAfgARdXEAfgAVAAAAAXVxAH4AFwAAAAF0AAY8L2Rpdj4=</swc:rtd>
                        <swc:name>div</swc:name>
                     </swc:WtXmlEndTag>
                     <ptk:t>
مساحة السعودية غلط يالمصري يالبيه يالوصخ
</ptk:t>
                     <swc:WtSemiPre>
                        <swc:rtd ptk:null="true"/>
                        <ptk:t> يا مصري يا حمار الايوبيين اكراد عيب الكذب و التلاعب بالانساب</ptk:t>
                     </swc:WtSemiPre>
                     <ptk:t>

</ptk:t>
                     <swc:WtParagraph>
                        <swc:rtd ptk:null="true"/>
                        <swc:WtInternalLink>
                           <swc:rtd>c3EAfgARdXEAfgAVAAAAA3VxAH4AFwAAAAFxAH4AH3EAfgAgdXEAfgAXAAAAAXEAfgAi</swc:rtd>
                           <swc:prefix/>
                           <swc:postfix/>
                           <swc:target>
                              <swc:WtPageName ptk:location="Input:19:3">
                                 <swc:content>تصنيف:ايام السنه</swc:content>
                                 <swc:rtd ptk:null="true"/>
                              </swc:WtPageName>
                           </swc:target>
                           <swc:title>
                              <swc:WtLinkTitle-WtNoLinkTitle/>
                           </swc:title>
                        </swc:WtInternalLink>
                        <ptk:t>
</ptk:t>
                        <swc:WtInternalLink>
                           <swc:rtd>c3EAfgARdXEAfgAVAAAAA3VxAH4AFwAAAAFxAH4AH3EAfgAgdXEAfgAXAAAAAXEAfgAi</swc:rtd>
                           <swc:prefix/>
                           <swc:postfix/>
                           <swc:target>
                              <swc:WtPageName ptk:location="Input:20:3">
                                 <swc:content>تصنيف:يناير</swc:content>
                                 <swc:rtd ptk:null="true"/>
                              </swc:WtPageName>
                           </swc:target>
                           <swc:title>
                              <swc:WtLinkTitle-WtNoLinkTitle/>
                           </swc:title>
                        </swc:WtInternalLink>
                     </swc:WtParagraph>
                     <ptk:t>

</ptk:t>
                     <swc:WtParagraph>
                        <swc:rtd ptk:null="true"/>
                        <swc:WtInternalLink>
                           <swc:rtd>c3EAfgARdXEAfgAVAAAAA3VxAH4AFwAAAAFxAH4AH3EAfgAgdXEAfgAXAAAAAXEAfgAi</swc:rtd>
                           <swc:prefix/>
                           <swc:postfix/>
                           <swc:target>
                              <swc:WtPageName ptk:location="Input:22:3">
                                 <swc:content>af:7 Januarie</swc:content>
                                 <swc:rtd ptk:null="true"/>
                              </swc:WtPageName>
                           </swc:target>
                           <swc:title>
                              <swc:WtLinkTitle-WtNoLinkTitle/>
                           </swc:title>
                        </swc:WtInternalLink>
                        <ptk:t>
</ptk:t>
                        <swc:WtInternalLink>
                           <swc:rtd>c3EAfgARdXEAfgAVAAAAA3VxAH4AFwAAAAFxAH4AH3EAfgAgdXEAfgAXAAAAAXEAfgAi</swc:rtd>
                           <swc:prefix/>
                           <swc:postfix/>
                           <swc:target>
                              <swc:WtPageName ptk:location="Input:23:3">
                                 <swc:content>an:7 de chinero</swc:content>
                                 <swc:rtd ptk:null="true"/>
                              </swc:WtPageName>
                           </swc:target>
                           <swc:title>
                              <swc:WtLinkTitle-WtNoLinkTitle/>
                           </swc:title>
                        </swc:WtInternalLink>
                        <ptk:t>
</ptk:t>
                        <swc:WtInternalLink>
                           <swc:rtd>c3EAfgARdXEAfgAVAAAAA3VxAH4AFwAAAAFxAH4AH3EAfgAgdXEAfgAXAAAAAXEAfgAi</swc:rtd>
                           <swc:prefix/>
                           <swc:postfix/>
                           <swc:target>
                              <swc:WtPageName ptk:location="Input:24:3">
                                 <swc:content>ang:7 Æfterra Ȝēola</swc:content>
                                 <swc:rtd ptk:null="true"/>
                              </swc:WtPageName>
                           </swc:target>
                           <swc:title>
                              <swc:WtLinkTitle-WtNoLinkTitle/>
                           </swc:title>
                        </swc:WtInternalLink>
                        <ptk:t>
</ptk:t>
                        <swc:WtInternalLink>
                           <swc:rtd>c3EAfgARdXEAfgAVAAAAA3VxAH4AFwAAAAFxAH4AH3EAfgAgdXEAfgAXAAAAAXEAfgAi</swc:rtd>
                           <swc:prefix/>
                           <swc:postfix/>
                           <swc:target>
                              <swc:WtPageName ptk:location="Input:25:3">
                                 <swc:content>ar:ملحق:7 يناير</swc:content>
                                 <swc:rtd ptk:null="true"/>
                              </swc:WtPageName>
                           </swc:target>
                           <swc:title>
                              <swc:WtLinkTitle-WtNoLinkTitle/>
                           </swc:title>
                        </swc:WtInternalLink>
                        <ptk:t>
</ptk:t>
                        <swc:WtInternalLink>
                           <swc:rtd>c3EAfgARdXEAfgAVAAAAA3VxAH4AFwAAAAFxAH4AH3EAfgAgdXEAfgAXAAAAAXEAfgAi</swc:rtd>
                           <swc:prefix/>
                           <swc:postfix/>
                           <swc:target>
                              <swc:WtPageName ptk:location="Input:26:3">
                                 <swc:content>ast:7 de xineru</swc:content>
                                 <swc:rtd ptk:null="true"/>
                              </swc:WtPageName>
                           </swc:target>
                           <swc:title>
                              <swc:WtLinkTitle-WtNoLinkTitle/>
                           </swc:title>
                        </swc:WtInternalLink>
                        <ptk:t>
</ptk:t>
                        <swc:WtInternalLink>
                           <swc:rtd>c3EAfgARdXEAfgAVAAAAA3VxAH4AFwAAAAFxAH4AH3EAfgAgdXEAfgAXAAAAAXEAfgAi</swc:rtd>
                           <swc:prefix/>
                           <swc:postfix/>
                           <swc:target>
                              <swc:WtPageName ptk:location="Input:27:3">
                                 <swc:content>az:7 yanvar</swc:content>
                                 <swc:rtd ptk:null="true"/>
                              </swc:WtPageName>
                           </swc:target>
                           <swc:title>
                              <swc:WtLinkTitle-WtNoLinkTitle/>
                           </swc:title>
                        </swc:WtInternalLink>
                        <ptk:t>
</ptk:t>
                        <swc:WtInternalLink>
                           <swc:rtd>c3EAfgARdXEAfgAVAAAAA3VxAH4AFwAAAAFxAH4AH3EAfgAgdXEAfgAXAAAAAXEAfgAi</swc:rtd>
                           <swc:prefix/>
                           <swc:postfix/>
                           <swc:target>
                              <swc:WtPageName ptk:location="Input:28:3">
                                 <swc:content>bat-smg:Sausė 7</swc:content>
                                 <swc:rtd ptk:null="true"/>
                              </swc:WtPageName>
                           </swc:target>
                           <swc:title>
                              <swc:WtLinkTitle-WtNoLinkTitle/>
                           </swc:title>
                        </swc:WtInternalLink>
                        <ptk:t>
</ptk:t>
                        <swc:WtInternalLink>
                           <swc:rtd>c3EAfgARdXEAfgAVAAAAA3VxAH4AFwAAAAFxAH4AH3EAfgAgdXEAfgAXAAAAAXEAfgAi</swc:rtd>
                           <swc:prefix/>
                           <swc:postfix/>
                           <swc:target>
                              <swc:WtPageName ptk:location="Input:29:3">
                                 <swc:content>bcl:Enero 7</swc:content>
                                 <swc:rtd ptk:null="true"/>
                              </swc:WtPageName>
                           </swc:target>
                           <swc:title>
                              <swc:WtLinkTitle-WtNoLinkTitle/>
                           </swc:title>
                        </swc:WtInternalLink>
                        <ptk:t>
</ptk:t>
                        <swc:WtInternalLink>
                           <swc:rtd>c3EAfgARdXEAfgAVAAAAA3VxAH4AFwAAAAFxAH4AH3EAfgAgdXEAfgAXAAAAAXEAfgAi</swc:rtd>
                           <swc:prefix/>
                           <swc:postfix/>
                           <swc:target>
                              <swc:WtPageName ptk:location="Input:30:3">
                                 <swc:content>be:7 студзеня</swc:content>
                                 <swc:rtd ptk:null="true"/>
                              </swc:WtPageName>
                           </swc:target>
                           <swc:title>
                              <swc:WtLinkTitle-WtNoLinkTitle/>
                           </swc:title>
                        </swc:WtInternalLink>
                        <ptk:t>
</ptk:t>
                        <swc:WtInternalLink>
                           <swc:rtd>c3EAfgARdXEAfgAVAAAAA3VxAH4AFwAAAAFxAH4AH3EAfgAgdXEAfgAXAAAAAXEAfgAi</swc:rtd>
                           <swc:prefix/>
                           <swc:postfix/>
                           <swc:target>
                              <swc:WtPageName ptk:location="Input:31:3">
                                 <swc:content>be-x-old:7 студзеня</swc:content>
                                 <swc:rtd ptk:null="true"/>
                              </swc:WtPageName>
                           </swc:target>
                           <swc:title>
                              <swc:WtLinkTitle-WtNoLinkTitle/>
                           </swc:title>
                        </swc:WtInternalLink>
                        <ptk:t>
</ptk:t>
                        <swc:WtInternalLink>
                           <swc:rtd>c3EAfgARdXEAfgAVAAAAA3VxAH4AFwAAAAFxAH4AH3EAfgAgdXEAfgAXAAAAAXEAfgAi</swc:rtd>
                           <swc:prefix/>
                           <swc:postfix/>
                           <swc:target>
                              <swc:WtPageName ptk:location="Input:32:3">
                                 <swc:content>bg:7 януари</swc:content>
                                 <swc:rtd ptk:null="true"/>
                              </swc:WtPageName>
                           </swc:target>
                           <swc:title>
                              <swc:WtLinkTitle-WtNoLinkTitle/>
                           </swc:title>
                        </swc:WtInternalLink>
                        <ptk:t>
</ptk:t>
                        <swc:WtInternalLink>
                           <swc:rtd>c3EAfgARdXEAfgAVAAAAA3VxAH4AFwAAAAFxAH4AH3EAfgAgdXEAfgAXAAAAAXEAfgAi</swc:rtd>
                           <swc:prefix/>
                           <swc:postfix/>
                           <swc:target>
                              <swc:WtPageName ptk:location="Input:33:3">
                                 <swc:content>bjn:7 Januari</swc:content>
                                 <swc:rtd ptk:null="true"/>
                              </swc:WtPageName>
                           </swc:target>
                           <swc:title>
                              <swc:WtLinkTitle-WtNoLinkTitle/>
                           </swc:title>
                        </swc:WtInternalLink>
                        <ptk:t>
</ptk:t>
                        <swc:WtInternalLink>
                           <swc:rtd>c3EAfgARdXEAfgAVAAAAA3VxAH4AFwAAAAFxAH4AH3EAfgAgdXEAfgAXAAAAAXEAfgAi</swc:rtd>
                           <swc:prefix/>
                           <swc:postfix/>
                           <swc:target>
                              <swc:WtPageName ptk:location="Input:34:3">
                                 <swc:content>bn:জানুয়ারি ৭</swc:content>
                                 <swc:rtd ptk:null="true"/>
                              </swc:WtPageName>
                           </swc:target>
                           <swc:title>
                              <swc:WtLinkTitle-WtNoLinkTitle/>
                           </swc:title>
                        </swc:WtInternalLink>
                        <ptk:t>
</ptk:t>
                        <swc:WtInternalLink>
                           <swc:rtd>c3EAfgARdXEAfgAVAAAAA3VxAH4AFwAAAAFxAH4AH3EAfgAgdXEAfgAXAAAAAXEAfgAi</swc:rtd>
                           <swc:prefix/>
                           <swc:postfix/>
                           <swc:target>
                              <swc:WtPageName ptk:location="Input:35:3">
                                 <swc:content>bpy:জানুয়ারী ৭</swc:content>
                                 <swc:rtd ptk:null="true"/>
                              </swc:WtPageName>
                           </swc:target>
                           <swc:title>
                              <swc:WtLinkTitle-WtNoLinkTitle/>
                           </swc:title>
                        </swc:WtInternalLink>
                        <ptk:t>
</ptk:t>
                        <swc:WtInternalLink>
                           <swc:rtd>c3EAfgARdXEAfgAVAAAAA3VxAH4AFwAAAAFxAH4AH3EAfgAgdXEAfgAXAAAAAXEAfgAi</swc:rtd>
                           <swc:prefix/>
                           <swc:postfix/>
                           <swc:target>
                              <swc:WtPageName ptk:location="Input:36:3">
                                 <swc:content>br:7 Genver</swc:content>
                                 <swc:rtd ptk:null="true"/>
                              </swc:WtPageName>
                           </swc:target>
                           <swc:title>
                              <swc:WtLinkTitle-WtNoLinkTitle/>
                           </swc:title>
                        </swc:WtInternalLink>
                        <ptk:t>
</ptk:t>
                        <swc:WtInternalLink>
                           <swc:rtd>c3EAfgARdXEAfgAVAAAAA3VxAH4AFwAAAAFxAH4AH3EAfgAgdXEAfgAXAAAAAXEAfgAi</swc:rtd>
                           <swc:prefix/>
                           <swc:postfix/>
                           <swc:target>
                              <swc:WtPageName ptk:location="Input:37:3">
                                 <swc:content>bs:7. januar</swc:content>
                                 <swc:rtd ptk:null="true"/>
                              </swc:WtPageName>
                           </swc:target>
                           <swc:title>
                              <swc:WtLinkTitle-WtNoLinkTitle/>
                           </swc:title>
                        </swc:WtInternalLink>
                        <ptk:t>
</ptk:t>
                        <swc:WtInternalLink>
                           <swc:rtd>c3EAfgARdXEAfgAVAAAAA3VxAH4AFwAAAAFxAH4AH3EAfgAgdXEAfgAXAAAAAXEAfgAi</swc:rtd>
                           <swc:prefix/>
                           <swc:postfix/>
                           <swc:target>
                              <swc:WtPageName ptk:location="Input:38:3">
                                 <swc:content>ca:7 de gener</swc:content>
                                 <swc:rtd ptk:null="true"/>
                              </swc:WtPageName>
                           </swc:target>
                           <swc:title>
                              <swc:WtLinkTitle-WtNoLinkTitle/>
                           </swc:title>
                        </swc:WtInternalLink>
                        <ptk:t>
</ptk:t>
                        <swc:WtInternalLink>
                           <swc:rtd>c3EAfgARdXEAfgAVAAAAA3VxAH4AFwAAAAFxAH4AH3EAfgAgdXEAfgAXAAAAAXEAfgAi</swc:rtd>
                           <swc:prefix/>
                           <swc:postfix/>
                           <swc:target>
                              <swc:WtPageName ptk:location="Input:39:3">
                                 <swc:content>ceb:Enero 7</swc:content>
                                 <swc:rtd ptk:null="true"/>
                              </swc:WtPageName>
                           </swc:target>
                           <swc:title>
                              <swc:WtLinkTitle-WtNoLinkTitle/>
                           </swc:title>
                        </swc:WtInternalLink>
                        <ptk:t>
</ptk:t>
                        <swc:WtInternalLink>
                           <swc:rtd>c3EAfgARdXEAfgAVAAAAA3VxAH4AFwAAAAFxAH4AH3EAfgAgdXEAfgAXAAAAAXEAfgAi</swc:rtd>
                           <swc:prefix/>
                           <swc:postfix/>
                           <swc:target>
                              <swc:WtPageName ptk:location="Input:40:3">
                                 <swc:content>ckb:٧ی کانوونی دووەم</swc:content>
                                 <swc:rtd ptk:null="true"/>
                              </swc:WtPageName>
                           </swc:target>
                           <swc:title>
                              <swc:WtLinkTitle-WtNoLinkTitle/>
                           </swc:title>
                        </swc:WtInternalLink>
                        <ptk:t>
</ptk:t>
                        <swc:WtInternalLink>
                           <swc:rtd>c3EAfgARdXEAfgAVAAAAA3VxAH4AFwAAAAFxAH4AH3EAfgAgdXEAfgAXAAAAAXEAfgAi</swc:rtd>
                           <swc:prefix/>
                           <swc:postfix/>
                           <swc:target>
                              <swc:WtPageName ptk:location="Input:41:3">
                                 <swc:content>co:7 di ghjennaghju</swc:content>
                                 <swc:rtd ptk:null="true"/>
                              </swc:WtPageName>
                           </swc:target>
                           <swc:title>
                              <swc:WtLinkTitle-WtNoLinkTitle/>
                           </swc:title>
                        </swc:WtInternalLink>
                        <ptk:t>
</ptk:t>
                        <swc:WtInternalLink>
                           <swc:rtd>c3EAfgARdXEAfgAVAAAAA3VxAH4AFwAAAAFxAH4AH3EAfgAgdXEAfgAXAAAAAXEAfgAi</swc:rtd>
                           <swc:prefix/>
                           <swc:postfix/>
                           <swc:target>
                              <swc:WtPageName ptk:location="Input:42:3">
                                 <swc:content>cs:7. leden</swc:content>
                                 <swc:rtd ptk:null="true"/>
                              </swc:WtPageName>
                           </swc:target>
                           <swc:title>
                              <swc:WtLinkTitle-WtNoLinkTitle/>
                           </swc:title>
                        </swc:WtInternalLink>
                        <ptk:t>
</ptk:t>
                        <swc:WtInternalLink>
                           <swc:rtd>c3EAfgARdXEAfgAVAAAAA3VxAH4AFwAAAAFxAH4AH3EAfgAgdXEAfgAXAAAAAXEAfgAi</swc:rtd>
                           <swc:prefix/>
                           <swc:postfix/>
                           <swc:target>
                              <swc:WtPageName ptk:location="Input:43:3">
                                 <swc:content>csb:7 stëcznika</swc:content>
                                 <swc:rtd ptk:null="true"/>
                              </swc:WtPageName>
                           </swc:target>
                           <swc:title>
                              <swc:WtLinkTitle-WtNoLinkTitle/>
                           </swc:title>
                        </swc:WtInternalLink>
                        <ptk:t>
</ptk:t>
                        <swc:WtInternalLink>
                           <swc:rtd>c3EAfgARdXEAfgAVAAAAA3VxAH4AFwAAAAFxAH4AH3EAfgAgdXEAfgAXAAAAAXEAfgAi</swc:rtd>
                           <swc:prefix/>
                           <swc:postfix/>
                           <swc:target>
                              <swc:WtPageName ptk:location="Input:44:3">
                                 <swc:content>cv:Кăрлач, 7</swc:content>
                                 <swc:rtd ptk:null="true"/>
                              </swc:WtPageName>
                           </swc:target>
                           <swc:title>
                              <swc:WtLinkTitle-WtNoLinkTitle/>
                           </swc:title>
                        </swc:WtInternalLink>
                        <ptk:t>
</ptk:t>
                        <swc:WtInternalLink>
                           <swc:rtd>c3EAfgARdXEAfgAVAAAAA3VxAH4AFwAAAAFxAH4AH3EAfgAgdXEAfgAXAAAAAXEAfgAi</swc:rtd>
                           <swc:prefix/>
                           <swc:postfix/>
                           <swc:target>
                              <swc:WtPageName ptk:location="Input:45:3">
                                 <swc:content>cy:7 Ionawr</swc:content>
                                 <swc:rtd ptk:null="true"/>
                              </swc:WtPageName>
                           </swc:target>
                           <swc:title>
                              <swc:WtLinkTitle-WtNoLinkTitle/>
                           </swc:title>
                        </swc:WtInternalLink>
                        <ptk:t>
</ptk:t>
                        <swc:WtInternalLink>
                           <swc:rtd>c3EAfgARdXEAfgAVAAAAA3VxAH4AFwAAAAFxAH4AH3EAfgAgdXEAfgAXAAAAAXEAfgAi</swc:rtd>
                           <swc:prefix/>
                           <swc:postfix/>
                           <swc:target>
                              <swc:WtPageName ptk:location="Input:46:3">
                                 <swc:content>da:7. januar</swc:content>
                                 <swc:rtd ptk:null="true"/>
                              </swc:WtPageName>
                           </swc:target>
                           <swc:title>
                              <swc:WtLinkTitle-WtNoLinkTitle/>
                           </swc:title>
                        </swc:WtInternalLink>
                        <ptk:t>
</ptk:t>
                        <swc:WtInternalLink>
                           <swc:rtd>c3EAfgARdXEAfgAVAAAAA3VxAH4AFwAAAAFxAH4AH3EAfgAgdXEAfgAXAAAAAXEAfgAi</swc:rtd>
                           <swc:prefix/>
                           <swc:postfix/>
                           <swc:target>
                              <swc:WtPageName ptk:location="Input:47:3">
                                 <swc:content>de:7. Januar</swc:content>
                                 <swc:rtd ptk:null="true"/>
                              </swc:WtPageName>
                           </swc:target>
                           <swc:title>
                              <swc:WtLinkTitle-WtNoLinkTitle/>
                           </swc:title>
                        </swc:WtInternalLink>
                        <ptk:t>
</ptk:t>
                        <swc:WtInternalLink>
                           <swc:rtd>c3EAfgARdXEAfgAVAAAAA3VxAH4AFwAAAAFxAH4AH3EAfgAgdXEAfgAXAAAAAXEAfgAi</swc:rtd>
                           <swc:prefix/>
                           <swc:postfix/>
                           <swc:target>
                              <swc:WtPageName ptk:location="Input:48:3">
                                 <swc:content>diq:7 Çele</swc:content>
                                 <swc:rtd ptk:null="true"/>
                              </swc:WtPageName>
                           </swc:target>
                           <swc:title>
                              <swc:WtLinkTitle-WtNoLinkTitle/>
                           </swc:title>
                        </swc:WtInternalLink>
                        <ptk:t>
</ptk:t>
                        <swc:WtInternalLink>
                           <swc:rtd>c3EAfgARdXEAfgAVAAAAA3VxAH4AFwAAAAFxAH4AH3EAfgAgdXEAfgAXAAAAAXEAfgAi</swc:rtd>
                           <swc:prefix/>
                           <swc:postfix/>
                           <swc:target>
                              <swc:WtPageName ptk:location="Input:49:3">
                                 <swc:content>dv:ޖެނުއަރީ 7</swc:content>
                                 <swc:rtd ptk:null="true"/>
                              </swc:WtPageName>
                           </swc:target>
                           <swc:title>
                              <swc:WtLinkTitle-WtNoLinkTitle/>
                           </swc:title>
                        </swc:WtInternalLink>
                        <ptk:t>
</ptk:t>
                        <swc:WtInternalLink>
                           <swc:rtd>c3EAfgARdXEAfgAVAAAAA3VxAH4AFwAAAAFxAH4AH3EAfgAgdXEAfgAXAAAAAXEAfgAi</swc:rtd>
                           <swc:prefix/>
                           <swc:postfix/>
                           <swc:target>
                              <swc:WtPageName ptk:location="Input:50:3">
                                 <swc:content>el:7 Ιανουαρίου</swc:content>
                                 <swc:rtd ptk:null="true"/>
                              </swc:WtPageName>
                           </swc:target>
                           <swc:title>
                              <swc:WtLinkTitle-WtNoLinkTitle/>
                           </swc:title>
                        </swc:WtInternalLink>
                        <ptk:t>
</ptk:t>
                        <swc:WtInternalLink>
                           <swc:rtd>c3EAfgARdXEAfgAVAAAAA3VxAH4AFwAAAAFxAH4AH3EAfgAgdXEAfgAXAAAAAXEAfgAi</swc:rtd>
                           <swc:prefix/>
                           <swc:postfix/>
                           <swc:target>
                              <swc:WtPageName ptk:location="Input:51:3">
                                 <swc:content>eml:7 ed znèr</swc:content>
                                 <swc:rtd ptk:null="true"/>
                              </swc:WtPageName>
                           </swc:target>
                           <swc:title>
                              <swc:WtLinkTitle-WtNoLinkTitle/>
                           </swc:title>
                        </swc:WtInternalLink>
                        <ptk:t>
</ptk:t>
                        <swc:WtInternalLink>
                           <swc:rtd>c3EAfgARdXEAfgAVAAAAA3VxAH4AFwAAAAFxAH4AH3EAfgAgdXEAfgAXAAAAAXEAfgAi</swc:rtd>
                           <swc:prefix/>
                           <swc:postfix/>
                           <swc:target>
                              <swc:WtPageName ptk:location="Input:52:3">
                                 <swc:content>en:January 7</swc:content>
                                 <swc:rtd ptk:null="true"/>
                              </swc:WtPageName>
                           </swc:target>
                           <swc:title>
                              <swc:WtLinkTitle-WtNoLinkTitle/>
                           </swc:title>
                        </swc:WtInternalLink>
                        <ptk:t>
</ptk:t>
                        <swc:WtInternalLink>
                           <swc:rtd>c3EAfgARdXEAfgAVAAAAA3VxAH4AFwAAAAFxAH4AH3EAfgAgdXEAfgAXAAAAAXEAfgAi</swc:rtd>
                           <swc:prefix/>
                           <swc:postfix/>
                           <swc:target>
                              <swc:WtPageName ptk:location="Input:53:3">
                                 <swc:content>eo:7-a de januaro</swc:content>
                                 <swc:rtd ptk:null="true"/>
                              </swc:WtPageName>
                           </swc:target>
                           <swc:title>
                              <swc:WtLinkTitle-WtNoLinkTitle/>
                           </swc:title>
                        </swc:WtInternalLink>
                        <ptk:t>
</ptk:t>
                        <swc:WtInternalLink>
                           <swc:rtd>c3EAfgARdXEAfgAVAAAAA3VxAH4AFwAAAAFxAH4AH3EAfgAgdXEAfgAXAAAAAXEAfgAi</swc:rtd>
                           <swc:prefix/>
                           <swc:postfix/>
                           <swc:target>
                              <swc:WtPageName ptk:location="Input:54:3">
                                 <swc:content>es:7 de enero</swc:content>
                                 <swc:rtd ptk:null="true"/>
                              </swc:WtPageName>
                           </swc:target>
                           <swc:title>
                              <swc:WtLinkTitle-WtNoLinkTitle/>
                           </swc:title>
                        </swc:WtInternalLink>
                        <ptk:t>
</ptk:t>
                        <swc:WtInternalLink>
                           <swc:rtd>c3EAfgARdXEAfgAVAAAAA3VxAH4AFwAAAAFxAH4AH3EAfgAgdXEAfgAXAAAAAXEAfgAi</swc:rtd>
                           <swc:prefix/>
                           <swc:postfix/>
                           <swc:target>
                              <swc:WtPageName ptk:location="Input:55:3">
                                 <swc:content>et:7. jaanuar</swc:content>
                                 <swc:rtd ptk:null="true"/>
                              </swc:WtPageName>
                           </swc:target>
                           <swc:title>
                              <swc:WtLinkTitle-WtNoLinkTitle/>
                           </swc:title>
                        </swc:WtInternalLink>
                        <ptk:t>
</ptk:t>
                        <swc:WtInternalLink>
                           <swc:rtd>c3EAfgARdXEAfgAVAAAAA3VxAH4AFwAAAAFxAH4AH3EAfgAgdXEAfgAXAAAAAXEAfgAi</swc:rtd>
                           <swc:prefix/>
                           <swc:postfix/>
                           <swc:target>
                              <swc:WtPageName ptk:location="Input:56:3">
                                 <swc:content>eu:Urtarrilaren 7</swc:content>
                                 <swc:rtd ptk:null="true"/>
                              </swc:WtPageName>
                           </swc:target>
                           <swc:title>
                              <swc:WtLinkTitle-WtNoLinkTitle/>
                           </swc:title>
                        </swc:WtInternalLink>
                        <ptk:t>
</ptk:t>
                        <swc:WtInternalLink>
                           <swc:rtd>c3EAfgARdXEAfgAVAAAAA3VxAH4AFwAAAAFxAH4AH3EAfgAgdXEAfgAXAAAAAXEAfgAi</swc:rtd>
                           <swc:prefix/>
                           <swc:postfix/>
                           <swc:target>
                              <swc:WtPageName ptk:location="Input:57:3">
                                 <swc:content>ext:7 eneru</swc:content>
                                 <swc:rtd ptk:null="true"/>
                              </swc:WtPageName>
                           </swc:target>
                           <swc:title>
                              <swc:WtLinkTitle-WtNoLinkTitle/>
                           </swc:title>
                        </swc:WtInternalLink>
                        <ptk:t>
</ptk:t>
                        <swc:WtInternalLink>
                           <swc:rtd>c3EAfgARdXEAfgAVAAAAA3VxAH4AFwAAAAFxAH4AH3EAfgAgdXEAfgAXAAAAAXEAfgAi</swc:rtd>
                           <swc:prefix/>
                           <swc:postfix/>
                           <swc:target>
                              <swc:WtPageName ptk:location="Input:58:3">
                                 <swc:content>fa:۷ ژانویه</swc:content>
                                 <swc:rtd ptk:null="true"/>
                              </swc:WtPageName>
                           </swc:target>
                           <swc:title>
                              <swc:WtLinkTitle-WtNoLinkTitle/>
                           </swc:title>
                        </swc:WtInternalLink>
                        <ptk:t>
</ptk:t>
                        <swc:WtInternalLink>
                           <swc:rtd>c3EAfgARdXEAfgAVAAAAA3VxAH4AFwAAAAFxAH4AH3EAfgAgdXEAfgAXAAAAAXEAfgAi</swc:rtd>
                           <swc:prefix/>
                           <swc:postfix/>
                           <swc:target>
                              <swc:WtPageName ptk:location="Input:59:3">
                                 <swc:content>fi:7. tammikuuta</swc:content>
                                 <swc:rtd ptk:null="true"/>
                              </swc:WtPageName>
                           </swc:target>
                           <swc:title>
                              <swc:WtLinkTitle-WtNoLinkTitle/>
                           </swc:title>
                        </swc:WtInternalLink>
                        <ptk:t>
</ptk:t>
                        <swc:WtInternalLink>
                           <swc:rtd>c3EAfgARdXEAfgAVAAAAA3VxAH4AFwAAAAFxAH4AH3EAfgAgdXEAfgAXAAAAAXEAfgAi</swc:rtd>
                           <swc:prefix/>
                           <swc:postfix/>
                           <swc:target>
                              <swc:WtPageName ptk:location="Input:60:3">
                                 <swc:content>fiu-vro:7. vahtsõaastakuu päiv</swc:content>
                                 <swc:rtd ptk:null="true"/>
                              </swc:WtPageName>
                           </swc:target>
                           <swc:title>
                              <swc:WtLinkTitle-WtNoLinkTitle/>
                           </swc:title>
                        </swc:WtInternalLink>
                        <ptk:t>
</ptk:t>
                        <swc:WtInternalLink>
                           <swc:rtd>c3EAfgARdXEAfgAVAAAAA3VxAH4AFwAAAAFxAH4AH3EAfgAgdXEAfgAXAAAAAXEAfgAi</swc:rtd>
                           <swc:prefix/>
                           <swc:postfix/>
                           <swc:target>
                              <swc:WtPageName ptk:location="Input:61:3">
                                 <swc:content>fo:7. januar</swc:content>
                                 <swc:rtd ptk:null="true"/>
                              </swc:WtPageName>
                           </swc:target>
                           <swc:title>
                              <swc:WtLinkTitle-WtNoLinkTitle/>
                           </swc:title>
                        </swc:WtInternalLink>
                        <ptk:t>
</ptk:t>
                        <swc:WtInternalLink>
                           <swc:rtd>c3EAfgARdXEAfgAVAAAAA3VxAH4AFwAAAAFxAH4AH3EAfgAgdXEAfgAXAAAAAXEAfgAi</swc:rtd>
                           <swc:prefix/>
                           <swc:postfix/>
                           <swc:target>
                              <swc:WtPageName ptk:location="Input:62:3">
                                 <swc:content>fr:7 janvier</swc:content>
                                 <swc:rtd ptk:null="true"/>
                              </swc:WtPageName>
                           </swc:target>
                           <swc:title>
                              <swc:WtLinkTitle-WtNoLinkTitle/>
                           </swc:title>
                        </swc:WtInternalLink>
                        <ptk:t>
</ptk:t>
                        <swc:WtInternalLink>
                           <swc:rtd>c3EAfgARdXEAfgAVAAAAA3VxAH4AFwAAAAFxAH4AH3EAfgAgdXEAfgAXAAAAAXEAfgAi</swc:rtd>
                           <swc:prefix/>
                           <swc:postfix/>
                           <swc:target>
                              <swc:WtPageName ptk:location="Input:63:3">
                                 <swc:content>frp:7 janviér</swc:content>
                                 <swc:rtd ptk:null="true"/>
                              </swc:WtPageName>
                           </swc:target>
                           <swc:title>
                              <swc:WtLinkTitle-WtNoLinkTitle/>
                           </swc:title>
                        </swc:WtInternalLink>
                        <ptk:t>
</ptk:t>
                        <swc:WtInternalLink>
                           <swc:rtd>c3EAfgARdXEAfgAVAAAAA3VxAH4AFwAAAAFxAH4AH3EAfgAgdXEAfgAXAAAAAXEAfgAi</swc:rtd>
                           <swc:prefix/>
                           <swc:postfix/>
                           <swc:target>
                              <swc:WtPageName ptk:location="Input:64:3">
                                 <swc:content>fur:7 di Zenâr</swc:content>
                                 <swc:rtd ptk:null="true"/>
                              </swc:WtPageName>
                           </swc:target>
                           <swc:title>
                              <swc:WtLinkTitle-WtNoLinkTitle/>
                           </swc:title>
                        </swc:WtInternalLink>
                        <ptk:t>
</ptk:t>
                        <swc:WtInternalLink>
                           <swc:rtd>c3EAfgARdXEAfgAVAAAAA3VxAH4AFwAAAAFxAH4AH3EAfgAgdXEAfgAXAAAAAXEAfgAi</swc:rtd>
                           <swc:prefix/>
                           <swc:postfix/>
                           <swc:target>
                              <swc:WtPageName ptk:location="Input:65:3">
                                 <swc:content>fy:7 jannewaris</swc:content>
                                 <swc:rtd ptk:null="true"/>
                              </swc:WtPageName>
                           </swc:target>
                           <swc:title>
                              <swc:WtLinkTitle-WtNoLinkTitle/>
                           </swc:title>
                        </swc:WtInternalLink>
                        <ptk:t>
</ptk:t>
                        <swc:WtInternalLink>
                           <swc:rtd>c3EAfgARdXEAfgAVAAAAA3VxAH4AFwAAAAFxAH4AH3EAfgAgdXEAfgAXAAAAAXEAfgAi</swc:rtd>
                           <swc:prefix/>
                           <swc:postfix/>
                           <swc:target>
                              <swc:WtPageName ptk:location="Input:66:3">
                                 <swc:content>ga:7 Eanáir</swc:content>
                                 <swc:rtd ptk:null="true"/>
                              </swc:WtPageName>
                           </swc:target>
                           <swc:title>
                              <swc:WtLinkTitle-WtNoLinkTitle/>
                           </swc:title>
                        </swc:WtInternalLink>
                        <ptk:t>
</ptk:t>
                        <swc:WtInternalLink>
                           <swc:rtd>c3EAfgARdXEAfgAVAAAAA3VxAH4AFwAAAAFxAH4AH3EAfgAgdXEAfgAXAAAAAXEAfgAi</swc:rtd>
                           <swc:prefix/>
                           <swc:postfix/>
                           <swc:target>
                              <swc:WtPageName ptk:location="Input:67:3">
                                 <swc:content>gan:1月7號</swc:content>
                                 <swc:rtd ptk:null="true"/>
                              </swc:WtPageName>
                           </swc:target>
                           <swc:title>
                              <swc:WtLinkTitle-WtNoLinkTitle/>
                           </swc:title>
                        </swc:WtInternalLink>
                        <ptk:t>
</ptk:t>
                        <swc:WtInternalLink>
                           <swc:rtd>c3EAfgARdXEAfgAVAAAAA3VxAH4AFwAAAAFxAH4AH3EAfgAgdXEAfgAXAAAAAXEAfgAi</swc:rtd>
                           <swc:prefix/>
                           <swc:postfix/>
                           <swc:target>
                              <swc:WtPageName ptk:location="Input:68:3">
                                 <swc:content>gd:7 am Faoilleach</swc:content>
                                 <swc:rtd ptk:null="true"/>
                              </swc:WtPageName>
                           </swc:target>
                           <swc:title>
                              <swc:WtLinkTitle-WtNoLinkTitle/>
                           </swc:title>
                        </swc:WtInternalLink>
                        <ptk:t>
</ptk:t>
                        <swc:WtInternalLink>
                           <swc:rtd>c3EAfgARdXEAfgAVAAAAA3VxAH4AFwAAAAFxAH4AH3EAfgAgdXEAfgAXAAAAAXEAfgAi</swc:rtd>
                           <swc:prefix/>
                           <swc:postfix/>
                           <swc:target>
                              <swc:WtPageName ptk:location="Input:69:3">
                                 <swc:content>gl:7 de xaneiro</swc:content>
                                 <swc:rtd ptk:null="true"/>
                              </swc:WtPageName>
                           </swc:target>
                           <swc:title>
                              <swc:WtLinkTitle-WtNoLinkTitle/>
                           </swc:title>
                        </swc:WtInternalLink>
                        <ptk:t>
</ptk:t>
                        <swc:WtInternalLink>
                           <swc:rtd>c3EAfgARdXEAfgAVAAAAA3VxAH4AFwAAAAFxAH4AH3EAfgAgdXEAfgAXAAAAAXEAfgAi</swc:rtd>
                           <swc:prefix/>
                           <swc:postfix/>
                           <swc:target>
                              <swc:WtPageName ptk:location="Input:70:3">
                                 <swc:content>gn:7 jasyteĩ</swc:content>
                                 <swc:rtd ptk:null="true"/>
                              </swc:WtPageName>
                           </swc:target>
                           <swc:title>
                              <swc:WtLinkTitle-WtNoLinkTitle/>
                           </swc:title>
                        </swc:WtInternalLink>
                        <ptk:t>
</ptk:t>
                        <swc:WtInternalLink>
                           <swc:rtd>c3EAfgARdXEAfgAVAAAAA3VxAH4AFwAAAAFxAH4AH3EAfgAgdXEAfgAXAAAAAXEAfgAi</swc:rtd>
                           <swc:prefix/>
                           <swc:postfix/>
                           <swc:target>
                              <swc:WtPageName ptk:location="Input:71:3">
                                 <swc:content>gu:જાન્યુઆરી ૭</swc:content>
                                 <swc:rtd ptk:null="true"/>
                              </swc:WtPageName>
                           </swc:target>
                           <swc:title>
                              <swc:WtLinkTitle-WtNoLinkTitle/>
                           </swc:title>
                        </swc:WtInternalLink>
                        <ptk:t>
</ptk:t>
                        <swc:WtInternalLink>
                           <swc:rtd>c3EAfgARdXEAfgAVAAAAA3VxAH4AFwAAAAFxAH4AH3EAfgAgdXEAfgAXAAAAAXEAfgAi</swc:rtd>
                           <swc:prefix/>
                           <swc:postfix/>
                           <swc:target>
                              <swc:WtPageName ptk:location="Input:72:3">
                                 <swc:content>gv:7 Jerrey Geuree</swc:content>
                                 <swc:rtd ptk:null="true"/>
                              </swc:WtPageName>
                           </swc:target>
                           <swc:title>
                              <swc:WtLinkTitle-WtNoLinkTitle/>
                           </swc:title>
                        </swc:WtInternalLink>
                        <ptk:t>
</ptk:t>
                        <swc:WtInternalLink>
                           <swc:rtd>c3EAfgARdXEAfgAVAAAAA3VxAH4AFwAAAAFxAH4AH3EAfgAgdXEAfgAXAAAAAXEAfgAi</swc:rtd>
                           <swc:prefix/>
                           <swc:postfix/>
                           <swc:target>
                              <swc:WtPageName ptk:location="Input:73:3">
                                 <swc:content>he:7 בינואר</swc:content>
                                 <swc:rtd ptk:null="true"/>
                              </swc:WtPageName>
                           </swc:target>
                           <swc:title>
                              <swc:WtLinkTitle-WtNoLinkTitle/>
                           </swc:title>
                        </swc:WtInternalLink>
                        <ptk:t>
</ptk:t>
                        <swc:WtInternalLink>
                           <swc:rtd>c3EAfgARdXEAfgAVAAAAA3VxAH4AFwAAAAFxAH4AH3EAfgAgdXEAfgAXAAAAAXEAfgAi</swc:rtd>
                           <swc:prefix/>
                           <swc:postfix/>
                           <swc:target>
                              <swc:WtPageName ptk:location="Input:74:3">
                                 <swc:content>hi:७ जनवरी</swc:content>
                                 <swc:rtd ptk:null="true"/>
                              </swc:WtPageName>
                           </swc:target>
                           <swc:title>
                              <swc:WtLinkTitle-WtNoLinkTitle/>
                           </swc:title>
                        </swc:WtInternalLink>
                        <ptk:t>
</ptk:t>
                        <swc:WtInternalLink>
                           <swc:rtd>c3EAfgARdXEAfgAVAAAAA3VxAH4AFwAAAAFxAH4AH3EAfgAgdXEAfgAXAAAAAXEAfgAi</swc:rtd>
                           <swc:prefix/>
                           <swc:postfix/>
                           <swc:target>
                              <swc:WtPageName ptk:location="Input:75:3">
                                 <swc:content>hif:7 January</swc:content>
                                 <swc:rtd ptk:null="true"/>
                              </swc:WtPageName>
                           </swc:target>
                           <swc:title>
                              <swc:WtLinkTitle-WtNoLinkTitle/>
                           </swc:title>
                        </swc:WtInternalLink>
                        <ptk:t>
</ptk:t>
                        <swc:WtInternalLink>
                           <swc:rtd>c3EAfgARdXEAfgAVAAAAA3VxAH4AFwAAAAFxAH4AH3EAfgAgdXEAfgAXAAAAAXEAfgAi</swc:rtd>
                           <swc:prefix/>
                           <swc:postfix/>
                           <swc:target>
                              <swc:WtPageName ptk:location="Input:76:3">
                                 <swc:content>hr:7. siječnja</swc:content>
                                 <swc:rtd ptk:null="true"/>
                              </swc:WtPageName>
                           </swc:target>
                           <swc:title>
                              <swc:WtLinkTitle-WtNoLinkTitle/>
                           </swc:title>
                        </swc:WtInternalLink>
                        <ptk:t>
</ptk:t>
                        <swc:WtInternalLink>
                           <swc:rtd>c3EAfgARdXEAfgAVAAAAA3VxAH4AFwAAAAFxAH4AH3EAfgAgdXEAfgAXAAAAAXEAfgAi</swc:rtd>
                           <swc:prefix/>
                           <swc:postfix/>
                           <swc:target>
                              <swc:WtPageName ptk:location="Input:77:3">
                                 <swc:content>hsb:7. januara</swc:content>
                                 <swc:rtd ptk:null="true"/>
                              </swc:WtPageName>
                           </swc:target>
                           <swc:title>
                              <swc:WtLinkTitle-WtNoLinkTitle/>
                           </swc:title>
                        </swc:WtInternalLink>
                        <ptk:t>
</ptk:t>
                        <swc:WtInternalLink>
                           <swc:rtd>c3EAfgARdXEAfgAVAAAAA3VxAH4AFwAAAAFxAH4AH3EAfgAgdXEAfgAXAAAAAXEAfgAi</swc:rtd>
                           <swc:prefix/>
                           <swc:postfix/>
                           <swc:target>
                              <swc:WtPageName ptk:location="Input:78:3">
                                 <swc:content>ht:7 janvye</swc:content>
                                 <swc:rtd ptk:null="true"/>
                              </swc:WtPageName>
                           </swc:target>
                           <swc:title>
                              <swc:WtLinkTitle-WtNoLinkTitle/>
                           </swc:title>
                        </swc:WtInternalLink>
                        <ptk:t>
</ptk:t>
                        <swc:WtInternalLink>
                           <swc:rtd>c3EAfgARdXEAfgAVAAAAA3VxAH4AFwAAAAFxAH4AH3EAfgAgdXEAfgAXAAAAAXEAfgAi</swc:rtd>
                           <swc:prefix/>
                           <swc:postfix/>
                           <swc:target>
                              <swc:WtPageName ptk:location="Input:79:3">
                                 <swc:content>hu:Január 7.</swc:content>
                                 <swc:rtd ptk:null="true"/>
                              </swc:WtPageName>
                           </swc:target>
                           <swc:title>
                              <swc:WtLinkTitle-WtNoLinkTitle/>
                           </swc:title>
                        </swc:WtInternalLink>
                        <ptk:t>
</ptk:t>
                        <swc:WtInternalLink>
                           <swc:rtd>c3EAfgARdXEAfgAVAAAAA3VxAH4AFwAAAAFxAH4AH3EAfgAgdXEAfgAXAAAAAXEAfgAi</swc:rtd>
                           <swc:prefix/>
                           <swc:postfix/>
                           <swc:target>
                              <swc:WtPageName ptk:location="Input:80:3">
                                 <swc:content>hy:Հունվարի 7</swc:content>
                                 <swc:rtd ptk:null="true"/>
                              </swc:WtPageName>
                           </swc:target>
                           <swc:title>
                              <swc:WtLinkTitle-WtNoLinkTitle/>
                           </swc:title>
                        </swc:WtInternalLink>
                        <ptk:t>
</ptk:t>
                        <swc:WtInternalLink>
                           <swc:rtd>c3EAfgARdXEAfgAVAAAAA3VxAH4AFwAAAAFxAH4AH3EAfgAgdXEAfgAXAAAAAXEAfgAi</swc:rtd>
                           <swc:prefix/>
                           <swc:postfix/>
                           <swc:target>
                              <swc:WtPageName ptk:location="Input:81:3">
                                 <swc:content>ia:7 de januario</swc:content>
                                 <swc:rtd ptk:null="true"/>
                              </swc:WtPageName>
                           </swc:target>
                           <swc:title>
                              <swc:WtLinkTitle-WtNoLinkTitle/>
                           </swc:title>
                        </swc:WtInternalLink>
                        <ptk:t>
</ptk:t>
                        <swc:WtInternalLink>
                           <swc:rtd>c3EAfgARdXEAfgAVAAAAA3VxAH4AFwAAAAFxAH4AH3EAfgAgdXEAfgAXAAAAAXEAfgAi</swc:rtd>
                           <swc:prefix/>
                           <swc:postfix/>
                           <swc:target>
                              <swc:WtPageName ptk:location="Input:82:3">
                                 <swc:content>id:7 Januari</swc:content>
                                 <swc:rtd ptk:null="true"/>
                              </swc:WtPageName>
                           </swc:target>
                           <swc:title>
                              <swc:WtLinkTitle-WtNoLinkTitle/>
                           </swc:title>
                        </swc:WtInternalLink>
                        <ptk:t>
</ptk:t>
                        <swc:WtInternalLink>
                           <swc:rtd>c3EAfgARdXEAfgAVAAAAA3VxAH4AFwAAAAFxAH4AH3EAfgAgdXEAfgAXAAAAAXEAfgAi</swc:rtd>
                           <swc:prefix/>
                           <swc:postfix/>
                           <swc:target>
                              <swc:WtPageName ptk:location="Input:83:3">
                                 <swc:content>ie:7 januar</swc:content>
                                 <swc:rtd ptk:null="true"/>
                              </swc:WtPageName>
                           </swc:target>
                           <swc:title>
                              <swc:WtLinkTitle-WtNoLinkTitle/>
                           </swc:title>
                        </swc:WtInternalLink>
                        <ptk:t>
</ptk:t>
                        <swc:WtInternalLink>
                           <swc:rtd>c3EAfgARdXEAfgAVAAAAA3VxAH4AFwAAAAFxAH4AH3EAfgAgdXEAfgAXAAAAAXEAfgAi</swc:rtd>
                           <swc:prefix/>
                           <swc:postfix/>
                           <swc:target>
                              <swc:WtPageName ptk:location="Input:84:3">
                                 <swc:content>ig:Önwa mbu 7</swc:content>
                                 <swc:rtd ptk:null="true"/>
                              </swc:WtPageName>
                           </swc:target>
                           <swc:title>
                              <swc:WtLinkTitle-WtNoLinkTitle/>
                           </swc:title>
                        </swc:WtInternalLink>
                        <ptk:t>
</ptk:t>
                        <swc:WtInternalLink>
                           <swc:rtd>c3EAfgARdXEAfgAVAAAAA3VxAH4AFwAAAAFxAH4AH3EAfgAgdXEAfgAXAAAAAXEAfgAi</swc:rtd>
                           <swc:prefix/>
                           <swc:postfix/>
                           <swc:target>
                              <swc:WtPageName ptk:location="Input:85:3">
                                 <swc:content>ilo:Enero 7</swc:content>
                                 <swc:rtd ptk:null="true"/>
                              </swc:WtPageName>
                           </swc:target>
                           <swc:title>
                              <swc:WtLinkTitle-WtNoLinkTitle/>
                           </swc:title>
                        </swc:WtInternalLink>
                        <ptk:t>
</ptk:t>
                        <swc:WtInternalLink>
                           <swc:rtd>c3EAfgARdXEAfgAVAAAAA3VxAH4AFwAAAAFxAH4AH3EAfgAgdXEAfgAXAAAAAXEAfgAi</swc:rtd>
                           <swc:prefix/>
                           <swc:postfix/>
                           <swc:target>
                              <swc:WtPageName ptk:location="Input:86:3">
                                 <swc:content>io:7 di januaro</swc:content>
                                 <swc:rtd ptk:null="true"/>
                              </swc:WtPageName>
                           </swc:target>
                           <swc:title>
                              <swc:WtLinkTitle-WtNoLinkTitle/>
                           </swc:title>
                        </swc:WtInternalLink>
                        <ptk:t>
</ptk:t>
                        <swc:WtInternalLink>
                           <swc:rtd>c3EAfgARdXEAfgAVAAAAA3VxAH4AFwAAAAFxAH4AH3EAfgAgdXEAfgAXAAAAAXEAfgAi</swc:rtd>
                           <swc:prefix/>
                           <swc:postfix/>
                           <swc:target>
                              <swc:WtPageName ptk:location="Input:87:3">
                                 <swc:content>is:7. janúar</swc:content>
                                 <swc:rtd ptk:null="true"/>
                              </swc:WtPageName>
                           </swc:target>
                           <swc:title>
                              <swc:WtLinkTitle-WtNoLinkTitle/>
                           </swc:title>
                        </swc:WtInternalLink>
                        <ptk:t>
</ptk:t>
                        <swc:WtInternalLink>
                           <swc:rtd>c3EAfgARdXEAfgAVAAAAA3VxAH4AFwAAAAFxAH4AH3EAfgAgdXEAfgAXAAAAAXEAfgAi</swc:rtd>
                           <swc:prefix/>
                           <swc:postfix/>
                           <swc:target>
                              <swc:WtPageName ptk:location="Input:88:3">
                                 <swc:content>it:7 gennaio</swc:content>
                                 <swc:rtd ptk:null="true"/>
                              </swc:WtPageName>
                           </swc:target>
                           <swc:title>
                              <swc:WtLinkTitle-WtNoLinkTitle/>
                           </swc:title>
                        </swc:WtInternalLink>
                        <ptk:t>
</ptk:t>
                        <swc:WtInternalLink>
                           <swc:rtd>c3EAfgARdXEAfgAVAAAAA3VxAH4AFwAAAAFxAH4AH3EAfgAgdXEAfgAXAAAAAXEAfgAi</swc:rtd>
                           <swc:prefix/>
                           <swc:postfix/>
                           <swc:target>
                              <swc:WtPageName ptk:location="Input:89:3">
                                 <swc:content>ja:1月7日</swc:content>
                                 <swc:rtd ptk:null="true"/>
                              </swc:WtPageName>
                           </swc:target>
                           <swc:title>
                              <swc:WtLinkTitle-WtNoLinkTitle/>
                           </swc:title>
                        </swc:WtInternalLink>
                        <ptk:t>
</ptk:t>
                        <swc:WtInternalLink>
                           <swc:rtd>c3EAfgARdXEAfgAVAAAAA3VxAH4AFwAAAAFxAH4AH3EAfgAgdXEAfgAXAAAAAXEAfgAi</swc:rtd>
                           <swc:prefix/>
                           <swc:postfix/>
                           <swc:target>
                              <swc:WtPageName ptk:location="Input:90:3">
                                 <swc:content>jbo:pavma'i 7moi</swc:content>
                                 <swc:rtd ptk:null="true"/>
                              </swc:WtPageName>
                           </swc:target>
                           <swc:title>
                              <swc:WtLinkTitle-WtNoLinkTitle/>
                           </swc:title>
                        </swc:WtInternalLink>
                        <ptk:t>
</ptk:t>
                        <swc:WtInternalLink>
                           <swc:rtd>c3EAfgARdXEAfgAVAAAAA3VxAH4AFwAAAAFxAH4AH3EAfgAgdXEAfgAXAAAAAXEAfgAi</swc:rtd>
                           <swc:prefix/>
                           <swc:postfix/>
                           <swc:target>
                              <swc:WtPageName ptk:location="Input:91:3">
                                 <swc:content>jv:7 Januari</swc:content>
                                 <swc:rtd ptk:null="true"/>
                              </swc:WtPageName>
                           </swc:target>
                           <swc:title>
                              <swc:WtLinkTitle-WtNoLinkTitle/>
                           </swc:title>
                        </swc:WtInternalLink>
                        <ptk:t>
</ptk:t>
                        <swc:WtInternalLink>
                           <swc:rtd>c3EAfgARdXEAfgAVAAAAA3VxAH4AFwAAAAFxAH4AH3EAfgAgdXEAfgAXAAAAAXEAfgAi</swc:rtd>
                           <swc:prefix/>
                           <swc:postfix/>
                           <swc:target>
                              <swc:WtPageName ptk:location="Input:92:3">
                                 <swc:content>ka:7 იანვარი</swc:content>
                                 <swc:rtd ptk:null="true"/>
                              </swc:WtPageName>
                           </swc:target>
                           <swc:title>
                              <swc:WtLinkTitle-WtNoLinkTitle/>
                           </swc:title>
                        </swc:WtInternalLink>
                        <ptk:t>
</ptk:t>
                        <swc:WtInternalLink>
                           <swc:rtd>c3EAfgARdXEAfgAVAAAAA3VxAH4AFwAAAAFxAH4AH3EAfgAgdXEAfgAXAAAAAXEAfgAi</swc:rtd>
                           <swc:prefix/>
                           <swc:postfix/>
                           <swc:target>
                              <swc:WtPageName ptk:location="Input:93:3">
                                 <swc:content>kab:7 yennayer</swc:content>
                                 <swc:rtd ptk:null="true"/>
                              </swc:WtPageName>
                           </swc:target>
                           <swc:title>
                              <swc:WtLinkTitle-WtNoLinkTitle/>
                           </swc:title>
                        </swc:WtInternalLink>
                        <ptk:t>
</ptk:t>
                        <swc:WtInternalLink>
                           <swc:rtd>c3EAfgARdXEAfgAVAAAAA3VxAH4AFwAAAAFxAH4AH3EAfgAgdXEAfgAXAAAAAXEAfgAi</swc:rtd>
                           <swc:prefix/>
                           <swc:postfix/>
                           <swc:target>
                              <swc:WtPageName ptk:location="Input:94:3">
                                 <swc:content>kk:7 қаңтар</swc:content>
                                 <swc:rtd ptk:null="true"/>
                              </swc:WtPageName>
                           </swc:target>
                           <swc:title>
                              <swc:WtLinkTitle-WtNoLinkTitle/>
                           </swc:title>
                        </swc:WtInternalLink>
                        <ptk:t>
</ptk:t>
                        <swc:WtInternalLink>
                           <swc:rtd>c3EAfgARdXEAfgAVAAAAA3VxAH4AFwAAAAFxAH4AH3EAfgAgdXEAfgAXAAAAAXEAfgAi</swc:rtd>
                           <swc:prefix/>
                           <swc:postfix/>
                           <swc:target>
                              <swc:WtPageName ptk:location="Input:95:3">
                                 <swc:content>kl:Jannuaari 7</swc:content>
                                 <swc:rtd ptk:null="true"/>
                              </swc:WtPageName>
                           </swc:target>
                           <swc:title>
                              <swc:WtLinkTitle-WtNoLinkTitle/>
                           </swc:title>
                        </swc:WtInternalLink>
                        <ptk:t>
</ptk:t>
                        <swc:WtInternalLink>
                           <swc:rtd>c3EAfgARdXEAfgAVAAAAA3VxAH4AFwAAAAFxAH4AH3EAfgAgdXEAfgAXAAAAAXEAfgAi</swc:rtd>
                           <swc:prefix/>
                           <swc:postfix/>
                           <swc:target>
                              <swc:WtPageName ptk:location="Input:96:3">
                                 <swc:content>kn:ಜನವರಿ ೭</swc:content>
                                 <swc:rtd ptk:null="true"/>
                              </swc:WtPageName>
                           </swc:target>
                           <swc:title>
                              <swc:WtLinkTitle-WtNoLinkTitle/>
                           </swc:title>
                        </swc:WtInternalLink>
                        <ptk:t>
</ptk:t>
                        <swc:WtInternalLink>
                           <swc:rtd>c3EAfgARdXEAfgAVAAAAA3VxAH4AFwAAAAFxAH4AH3EAfgAgdXEAfgAXAAAAAXEAfgAi</swc:rtd>
                           <swc:prefix/>
                           <swc:postfix/>
                           <swc:target>
                              <swc:WtPageName ptk:location="Input:97:3">
                                 <swc:content>ko:1월 7일</swc:content>
                                 <swc:rtd ptk:null="true"/>
                              </swc:WtPageName>
                           </swc:target>
                           <swc:title>
                              <swc:WtLinkTitle-WtNoLinkTitle/>
                           </swc:title>
                        </swc:WtInternalLink>
                        <ptk:t>
</ptk:t>
                        <swc:WtInternalLink>
                           <swc:rtd>c3EAfgARdXEAfgAVAAAAA3VxAH4AFwAAAAFxAH4AH3EAfgAgdXEAfgAXAAAAAXEAfgAi</swc:rtd>
                           <swc:prefix/>
                           <swc:postfix/>
                           <swc:target>
                              <swc:WtPageName ptk:location="Input:98:3">
                                 <swc:content>koi:Январ 7’ лун</swc:content>
                                 <swc:rtd ptk:null="true"/>
                              </swc:WtPageName>
                           </swc:target>
                           <swc:title>
                              <swc:WtLinkTitle-WtNoLinkTitle/>
                           </swc:title>
                        </swc:WtInternalLink>
                        <ptk:t>
</ptk:t>
                        <swc:WtInternalLink>
                           <swc:rtd>c3EAfgARdXEAfgAVAAAAA3VxAH4AFwAAAAFxAH4AH3EAfgAgdXEAfgAXAAAAAXEAfgAi</swc:rtd>
                           <swc:prefix/>
                           <swc:postfix/>
                           <swc:target>
                              <swc:WtPageName ptk:location="Input:99:3">
                                 <swc:content>krc:7 январь</swc:content>
                                 <swc:rtd ptk:null="true"/>
                              </swc:WtPageName>
                           </swc:target>
                           <swc:title>
                              <swc:WtLinkTitle-WtNoLinkTitle/>
                           </swc:title>
                        </swc:WtInternalLink>
                        <ptk:t>
</ptk:t>
                        <swc:WtInternalLink>
                           <swc:rtd>c3EAfgARdXEAfgAVAAAAA3VxAH4AFwAAAAFxAH4AH3EAfgAgdXEAfgAXAAAAAXEAfgAi</swc:rtd>
                           <swc:prefix/>
                           <swc:postfix/>
                           <swc:target>
                              <swc:WtPageName ptk:location="Input:100:3">
                                 <swc:content>ksh:7. Jannowaa</swc:content>
                                 <swc:rtd ptk:null="true"/>
                              </swc:WtPageName>
                           </swc:target>
                           <swc:title>
                              <swc:WtLinkTitle-WtNoLinkTitle/>
                           </swc:title>
                        </swc:WtInternalLink>
                        <ptk:t>
</ptk:t>
                        <swc:WtInternalLink>
                           <swc:rtd>c3EAfgARdXEAfgAVAAAAA3VxAH4AFwAAAAFxAH4AH3EAfgAgdXEAfgAXAAAAAXEAfgAi</swc:rtd>
                           <swc:prefix/>
                           <swc:postfix/>
                           <swc:target>
                              <swc:WtPageName ptk:location="Input:101:3">
                                 <swc:content>ku:7'ê rêbendanê</swc:content>
                                 <swc:rtd ptk:null="true"/>
                              </swc:WtPageName>
                           </swc:target>
                           <swc:title>
                              <swc:WtLinkTitle-WtNoLinkTitle/>
                           </swc:title>
                        </swc:WtInternalLink>
                        <ptk:t>
</ptk:t>
                        <swc:WtInternalLink>
                           <swc:rtd>c3EAfgARdXEAfgAVAAAAA3VxAH4AFwAAAAFxAH4AH3EAfgAgdXEAfgAXAAAAAXEAfgAi</swc:rtd>
                           <swc:prefix/>
                           <swc:postfix/>
                           <swc:target>
                              <swc:WtPageName ptk:location="Input:102:3">
                                 <swc:content>kv:7 тӧв шӧр</swc:content>
                                 <swc:rtd ptk:null="true"/>
                              </swc:WtPageName>
                           </swc:target>
                           <swc:title>
                              <swc:WtLinkTitle-WtNoLinkTitle/>
                           </swc:title>
                        </swc:WtInternalLink>
                        <ptk:t>
</ptk:t>
                        <swc:WtInternalLink>
                           <swc:rtd>c3EAfgARdXEAfgAVAAAAA3VxAH4AFwAAAAFxAH4AH3EAfgAgdXEAfgAXAAAAAXEAfgAi</swc:rtd>
                           <swc:prefix/>
                           <swc:postfix/>
                           <swc:target>
                              <swc:WtPageName ptk:location="Input:103:3">
                                 <swc:content>la:7 Ianuarii</swc:content>
                                 <swc:rtd ptk:null="true"/>
                              </swc:WtPageName>
                           </swc:target>
                           <swc:title>
                              <swc:WtLinkTitle-WtNoLinkTitle/>
                           </swc:title>
                        </swc:WtInternalLink>
                        <ptk:t>
</ptk:t>
                        <swc:WtInternalLink>
                           <swc:rtd>c3EAfgARdXEAfgAVAAAAA3VxAH4AFwAAAAFxAH4AH3EAfgAgdXEAfgAXAAAAAXEAfgAi</swc:rtd>
                           <swc:prefix/>
                           <swc:postfix/>
                           <swc:target>
                              <swc:WtPageName ptk:location="Input:104:3">
                                 <swc:content>lb:7. Januar</swc:content>
                                 <swc:rtd ptk:null="true"/>
                              </swc:WtPageName>
                           </swc:target>
                           <swc:title>
                              <swc:WtLinkTitle-WtNoLinkTitle/>
                           </swc:title>
                        </swc:WtInternalLink>
                        <ptk:t>
</ptk:t>
                        <swc:WtInternalLink>
                           <swc:rtd>c3EAfgARdXEAfgAVAAAAA3VxAH4AFwAAAAFxAH4AH3EAfgAgdXEAfgAXAAAAAXEAfgAi</swc:rtd>
                           <swc:prefix/>
                           <swc:postfix/>
                           <swc:target>
                              <swc:WtPageName ptk:location="Input:105:3">
                                 <swc:content>li:7 jannewarie</swc:content>
                                 <swc:rtd ptk:null="true"/>
                              </swc:WtPageName>
                           </swc:target>
                           <swc:title>
                              <swc:WtLinkTitle-WtNoLinkTitle/>
                           </swc:title>
                        </swc:WtInternalLink>
                        <ptk:t>
</ptk:t>
                        <swc:WtInternalLink>
                           <swc:rtd>c3EAfgARdXEAfgAVAAAAA3VxAH4AFwAAAAFxAH4AH3EAfgAgdXEAfgAXAAAAAXEAfgAi</swc:rtd>
                           <swc:prefix/>
                           <swc:postfix/>
                           <swc:target>
                              <swc:WtPageName ptk:location="Input:106:3">
                                 <swc:content>lmo:07 01</swc:content>
                                 <swc:rtd ptk:null="true"/>
                              </swc:WtPageName>
                           </swc:target>
                           <swc:title>
                              <swc:WtLinkTitle-WtNoLinkTitle/>
                           </swc:title>
                        </swc:WtInternalLink>
                        <ptk:t>
</ptk:t>
                        <swc:WtInternalLink>
                           <swc:rtd>c3EAfgARdXEAfgAVAAAAA3VxAH4AFwAAAAFxAH4AH3EAfgAgdXEAfgAXAAAAAXEAfgAi</swc:rtd>
                           <swc:prefix/>
                           <swc:postfix/>
                           <swc:target>
                              <swc:WtPageName ptk:location="Input:107:3">
                                 <swc:content>lt:Sausio 7</swc:content>
                                 <swc:rtd ptk:null="true"/>
                              </swc:WtPageName>
                           </swc:target>
                           <swc:title>
                              <swc:WtLinkTitle-WtNoLinkTitle/>
                           </swc:title>
                        </swc:WtInternalLink>
                        <ptk:t>
</ptk:t>
                        <swc:WtInternalLink>
                           <swc:rtd>c3EAfgARdXEAfgAVAAAAA3VxAH4AFwAAAAFxAH4AH3EAfgAgdXEAfgAXAAAAAXEAfgAi</swc:rtd>
                           <swc:prefix/>
                           <swc:postfix/>
                           <swc:target>
                              <swc:WtPageName ptk:location="Input:108:3">
                                 <swc:content>lv:7. janvāris</swc:content>
                                 <swc:rtd ptk:null="true"/>
                              </swc:WtPageName>
                           </swc:target>
                           <swc:title>
                              <swc:WtLinkTitle-WtNoLinkTitle/>
                           </swc:title>
                        </swc:WtInternalLink>
                        <ptk:t>
</ptk:t>
                        <swc:WtInternalLink>
                           <swc:rtd>c3EAfgARdXEAfgAVAAAAA3VxAH4AFwAAAAFxAH4AH3EAfgAgdXEAfgAXAAAAAXEAfgAi</swc:rtd>
                           <swc:prefix/>
                           <swc:postfix/>
                           <swc:target>
                              <swc:WtPageName ptk:location="Input:109:3">
                                 <swc:content>mhr:7 Шорыкйол</swc:content>
                                 <swc:rtd ptk:null="true"/>
                              </swc:WtPageName>
                           </swc:target>
                           <swc:title>
                              <swc:WtLinkTitle-WtNoLinkTitle/>
                           </swc:title>
                        </swc:WtInternalLink>
                        <ptk:t>
</ptk:t>
                        <swc:WtInternalLink>
                           <swc:rtd>c3EAfgARdXEAfgAVAAAAA3VxAH4AFwAAAAFxAH4AH3EAfgAgdXEAfgAXAAAAAXEAfgAi</swc:rtd>
                           <swc:prefix/>
                           <swc:postfix/>
                           <swc:target>
                              <swc:WtPageName ptk:location="Input:110:3">
                                 <swc:content>mk:7 јануари</swc:content>
                                 <swc:rtd ptk:null="true"/>
                              </swc:WtPageName>
                           </swc:target>
                           <swc:title>
                              <swc:WtLinkTitle-WtNoLinkTitle/>
                           </swc:title>
                        </swc:WtInternalLink>
                        <ptk:t>
</ptk:t>
                        <swc:WtInternalLink>
                           <swc:rtd>c3EAfgARdXEAfgAVAAAAA3VxAH4AFwAAAAFxAH4AH3EAfgAgdXEAfgAXAAAAAXEAfgAi</swc:rtd>
                           <swc:prefix/>
                           <swc:postfix/>
                           <swc:target>
                              <swc:WtPageName ptk:location="Input:111:3">
                                 <swc:content>ml:ജനുവരി 7</swc:content>
                                 <swc:rtd ptk:null="true"/>
                              </swc:WtPageName>
                           </swc:target>
                           <swc:title>
                              <swc:WtLinkTitle-WtNoLinkTitle/>
                           </swc:title>
                        </swc:WtInternalLink>
                        <ptk:t>
</ptk:t>
                        <swc:WtInternalLink>
                           <swc:rtd>c3EAfgARdXEAfgAVAAAAA3VxAH4AFwAAAAFxAH4AH3EAfgAgdXEAfgAXAAAAAXEAfgAi</swc:rtd>
                           <swc:prefix/>
                           <swc:postfix/>
                           <swc:target>
                              <swc:WtPageName ptk:location="Input:112:3">
                                 <swc:content>mn:1 сарын 7</swc:content>
                                 <swc:rtd ptk:null="true"/>
                              </swc:WtPageName>
                           </swc:target>
                           <swc:title>
                              <swc:WtLinkTitle-WtNoLinkTitle/>
                           </swc:title>
                        </swc:WtInternalLink>
                        <ptk:t>
</ptk:t>
                        <swc:WtInternalLink>
                           <swc:rtd>c3EAfgARdXEAfgAVAAAAA3VxAH4AFwAAAAFxAH4AH3EAfgAgdXEAfgAXAAAAAXEAfgAi</swc:rtd>
                           <swc:prefix/>
                           <swc:postfix/>
                           <swc:target>
                              <swc:WtPageName ptk:location="Input:113:3">
                                 <swc:content>mr:जानेवारी ७</swc:content>
                                 <swc:rtd ptk:null="true"/>
                              </swc:WtPageName>
                           </swc:target>
                           <swc:title>
                              <swc:WtLinkTitle-WtNoLinkTitle/>
                           </swc:title>
                        </swc:WtInternalLink>
                        <ptk:t>
</ptk:t>
                        <swc:WtInternalLink>
                           <swc:rtd>c3EAfgARdXEAfgAVAAAAA3VxAH4AFwAAAAFxAH4AH3EAfgAgdXEAfgAXAAAAAXEAfgAi</swc:rtd>
                           <swc:prefix/>
                           <swc:postfix/>
                           <swc:target>
                              <swc:WtPageName ptk:location="Input:114:3">
                                 <swc:content>ms:7 Januari</swc:content>
                                 <swc:rtd ptk:null="true"/>
                              </swc:WtPageName>
                           </swc:target>
                           <swc:title>
                              <swc:WtLinkTitle-WtNoLinkTitle/>
                           </swc:title>
                        </swc:WtInternalLink>
                        <ptk:t>
</ptk:t>
                        <swc:WtInternalLink>
                           <swc:rtd>c3EAfgARdXEAfgAVAAAAA3VxAH4AFwAAAAFxAH4AH3EAfgAgdXEAfgAXAAAAAXEAfgAi</swc:rtd>
                           <swc:prefix/>
                           <swc:postfix/>
                           <swc:target>
                              <swc:WtPageName ptk:location="Input:115:3">
                                 <swc:content>myv:Якшамковонь 7 чи</swc:content>
                                 <swc:rtd ptk:null="true"/>
                              </swc:WtPageName>
                           </swc:target>
                           <swc:title>
                              <swc:WtLinkTitle-WtNoLinkTitle/>
                           </swc:title>
                        </swc:WtInternalLink>
                        <ptk:t>
</ptk:t>
                        <swc:WtInternalLink>
                           <swc:rtd>c3EAfgARdXEAfgAVAAAAA3VxAH4AFwAAAAFxAH4AH3EAfgAgdXEAfgAXAAAAAXEAfgAi</swc:rtd>
                           <swc:prefix/>
                           <swc:postfix/>
                           <swc:target>
                              <swc:WtPageName ptk:location="Input:116:3">
                                 <swc:content>nah:7 ic cē mētztli</swc:content>
                                 <swc:rtd ptk:null="true"/>
                              </swc:WtPageName>
                           </swc:target>
                           <swc:title>
                              <swc:WtLinkTitle-WtNoLinkTitle/>
                           </swc:title>
                        </swc:WtInternalLink>
                        <ptk:t>
</ptk:t>
                        <swc:WtInternalLink>
                           <swc:rtd>c3EAfgARdXEAfgAVAAAAA3VxAH4AFwAAAAFxAH4AH3EAfgAgdXEAfgAXAAAAAXEAfgAi</swc:rtd>
                           <swc:prefix/>
                           <swc:postfix/>
                           <swc:target>
                              <swc:WtPageName ptk:location="Input:117:3">
                                 <swc:content>nap:7 'e jennaro</swc:content>
                                 <swc:rtd ptk:null="true"/>
                              </swc:WtPageName>
                           </swc:target>
                           <swc:title>
                              <swc:WtLinkTitle-WtNoLinkTitle/>
                           </swc:title>
                        </swc:WtInternalLink>
                        <ptk:t>
</ptk:t>
                        <swc:WtInternalLink>
                           <swc:rtd>c3EAfgARdXEAfgAVAAAAA3VxAH4AFwAAAAFxAH4AH3EAfgAgdXEAfgAXAAAAAXEAfgAi</swc:rtd>
                           <swc:prefix/>
                           <swc:postfix/>
                           <swc:target>
                              <swc:WtPageName ptk:location="Input:118:3">
                                 <swc:content>nds:7. Januar</swc:content>
                                 <swc:rtd ptk:null="true"/>
                              </swc:WtPageName>
                           </swc:target>
                           <swc:title>
                              <swc:WtLinkTitle-WtNoLinkTitle/>
                           </swc:title>
                        </swc:WtInternalLink>
                        <ptk:t>
</ptk:t>
                        <swc:WtInternalLink>
                           <swc:rtd>c3EAfgARdXEAfgAVAAAAA3VxAH4AFwAAAAFxAH4AH3EAfgAgdXEAfgAXAAAAAXEAfgAi</swc:rtd>
                           <swc:prefix/>
                           <swc:postfix/>
                           <swc:target>
                              <swc:WtPageName ptk:location="Input:119:3">
                                 <swc:content>nds-nl:7 jannewaori</swc:content>
                                 <swc:rtd ptk:null="true"/>
                              </swc:WtPageName>
                           </swc:target>
                           <swc:title>
                              <swc:WtLinkTitle-WtNoLinkTitle/>
                           </swc:title>
                        </swc:WtInternalLink>
                        <ptk:t>
</ptk:t>
                        <swc:WtInternalLink>
                           <swc:rtd>c3EAfgARdXEAfgAVAAAAA3VxAH4AFwAAAAFxAH4AH3EAfgAgdXEAfgAXAAAAAXEAfgAi</swc:rtd>
                           <swc:prefix/>
                           <swc:postfix/>
                           <swc:target>
                              <swc:WtPageName ptk:location="Input:120:3">
                                 <swc:content>ne:७ जनवरी</swc:content>
                                 <swc:rtd ptk:null="true"/>
                              </swc:WtPageName>
                           </swc:target>
                           <swc:title>
                              <swc:WtLinkTitle-WtNoLinkTitle/>
                           </swc:title>
                        </swc:WtInternalLink>
                        <ptk:t>
</ptk:t>
                        <swc:WtInternalLink>
                           <swc:rtd>c3EAfgARdXEAfgAVAAAAA3VxAH4AFwAAAAFxAH4AH3EAfgAgdXEAfgAXAAAAAXEAfgAi</swc:rtd>
                           <swc:prefix/>
                           <swc:postfix/>
                           <swc:target>
                              <swc:WtPageName ptk:location="Input:121:3">
                                 <swc:content>new:ज्यानुवरी ७</swc:content>
                                 <swc:rtd ptk:null="true"/>
                              </swc:WtPageName>
                           </swc:target>
                           <swc:title>
                              <swc:WtLinkTitle-WtNoLinkTitle/>
                           </swc:title>
                        </swc:WtInternalLink>
                        <ptk:t>
</ptk:t>
                        <swc:WtInternalLink>
                           <swc:rtd>c3EAfgARdXEAfgAVAAAAA3VxAH4AFwAAAAFxAH4AH3EAfgAgdXEAfgAXAAAAAXEAfgAi</swc:rtd>
                           <swc:prefix/>
                           <swc:postfix/>
                           <swc:target>
                              <swc:WtPageName ptk:location="Input:122:3">
                                 <swc:content>nl:7 januari</swc:content>
                                 <swc:rtd ptk:null="true"/>
                              </swc:WtPageName>
                           </swc:target>
                           <swc:title>
                              <swc:WtLinkTitle-WtNoLinkTitle/>
                           </swc:title>
                        </swc:WtInternalLink>
                        <ptk:t>
</ptk:t>
                        <swc:WtInternalLink>
                           <swc:rtd>c3EAfgARdXEAfgAVAAAAA3VxAH4AFwAAAAFxAH4AH3EAfgAgdXEAfgAXAAAAAXEAfgAi</swc:rtd>
                           <swc:prefix/>
                           <swc:postfix/>
                           <swc:target>
                              <swc:WtPageName ptk:location="Input:123:3">
                                 <swc:content>nn:7. januar</swc:content>
                                 <swc:rtd ptk:null="true"/>
                              </swc:WtPageName>
                           </swc:target>
                           <swc:title>
                              <swc:WtLinkTitle-WtNoLinkTitle/>
                           </swc:title>
                        </swc:WtInternalLink>
                        <ptk:t>
</ptk:t>
                        <swc:WtInternalLink>
                           <swc:rtd>c3EAfgARdXEAfgAVAAAAA3VxAH4AFwAAAAFxAH4AH3EAfgAgdXEAfgAXAAAAAXEAfgAi</swc:rtd>
                           <swc:prefix/>
                           <swc:postfix/>
                           <swc:target>
                              <swc:WtPageName ptk:location="Input:124:3">
                                 <swc:content>no:7. januar</swc:content>
                                 <swc:rtd ptk:null="true"/>
                              </swc:WtPageName>
                           </swc:target>
                           <swc:title>
                              <swc:WtLinkTitle-WtNoLinkTitle/>
                           </swc:title>
                        </swc:WtInternalLink>
                        <ptk:t>
</ptk:t>
                        <swc:WtInternalLink>
                           <swc:rtd>c3EAfgARdXEAfgAVAAAAA3VxAH4AFwAAAAFxAH4AH3EAfgAgdXEAfgAXAAAAAXEAfgAi</swc:rtd>
                           <swc:prefix/>
                           <swc:postfix/>
                           <swc:target>
                              <swc:WtPageName ptk:location="Input:125:3">
                                 <swc:content>nov:7 de januare</swc:content>
                                 <swc:rtd ptk:null="true"/>
                              </swc:WtPageName>
                           </swc:target>
                           <swc:title>
                              <swc:WtLinkTitle-WtNoLinkTitle/>
                           </swc:title>
                        </swc:WtInternalLink>
                        <ptk:t>
</ptk:t>
                        <swc:WtInternalLink>
                           <swc:rtd>c3EAfgARdXEAfgAVAAAAA3VxAH4AFwAAAAFxAH4AH3EAfgAgdXEAfgAXAAAAAXEAfgAi</swc:rtd>
                           <swc:prefix/>
                           <swc:postfix/>
                           <swc:target>
                              <swc:WtPageName ptk:location="Input:126:3">
                                 <swc:content>nrm:7 Janvyi</swc:content>
                                 <swc:rtd ptk:null="true"/>
                              </swc:WtPageName>
                           </swc:target>
                           <swc:title>
                              <swc:WtLinkTitle-WtNoLinkTitle/>
                           </swc:title>
                        </swc:WtInternalLink>
                        <ptk:t>
</ptk:t>
                        <swc:WtInternalLink>
                           <swc:rtd>c3EAfgARdXEAfgAVAAAAA3VxAH4AFwAAAAFxAH4AH3EAfgAgdXEAfgAXAAAAAXEAfgAi</swc:rtd>
                           <swc:prefix/>
                           <swc:postfix/>
                           <swc:target>
                              <swc:WtPageName ptk:location="Input:127:3">
                                 <swc:content>nso:Pherekgong 7</swc:content>
                                 <swc:rtd ptk:null="true"/>
                              </swc:WtPageName>
                           </swc:target>
                           <swc:title>
                              <swc:WtLinkTitle-WtNoLinkTitle/>
                           </swc:title>
                        </swc:WtInternalLink>
                        <ptk:t>
</ptk:t>
                        <swc:WtInternalLink>
                           <swc:rtd>c3EAfgARdXEAfgAVAAAAA3VxAH4AFwAAAAFxAH4AH3EAfgAgdXEAfgAXAAAAAXEAfgAi</swc:rtd>
                           <swc:prefix/>
                           <swc:postfix/>
                           <swc:target>
                              <swc:WtPageName ptk:location="Input:128:3">
                                 <swc:content>oc:7 de genièr</swc:content>
                                 <swc:rtd ptk:null="true"/>
                              </swc:WtPageName>
                           </swc:target>
                           <swc:title>
                              <swc:WtLinkTitle-WtNoLinkTitle/>
                           </swc:title>
                        </swc:WtInternalLink>
                        <ptk:t>
</ptk:t>
                        <swc:WtInternalLink>
                           <swc:rtd>c3EAfgARdXEAfgAVAAAAA3VxAH4AFwAAAAFxAH4AH3EAfgAgdXEAfgAXAAAAAXEAfgAi</swc:rtd>
                           <swc:prefix/>
                           <swc:postfix/>
                           <swc:target>
                              <swc:WtPageName ptk:location="Input:129:3">
                                 <swc:content>os:7 январы</swc:content>
                                 <swc:rtd ptk:null="true"/>
                              </swc:WtPageName>
                           </swc:target>
                           <swc:title>
                              <swc:WtLinkTitle-WtNoLinkTitle/>
                           </swc:title>
                        </swc:WtInternalLink>
                        <ptk:t>
</ptk:t>
                        <swc:WtInternalLink>
                           <swc:rtd>c3EAfgARdXEAfgAVAAAAA3VxAH4AFwAAAAFxAH4AH3EAfgAgdXEAfgAXAAAAAXEAfgAi</swc:rtd>
                           <swc:prefix/>
                           <swc:postfix/>
                           <swc:target>
                              <swc:WtPageName ptk:location="Input:130:3">
                                 <swc:content>pa:੭ ਜਨਵਰੀ</swc:content>
                                 <swc:rtd ptk:null="true"/>
                              </swc:WtPageName>
                           </swc:target>
                           <swc:title>
                              <swc:WtLinkTitle-WtNoLinkTitle/>
                           </swc:title>
                        </swc:WtInternalLink>
                        <ptk:t>
</ptk:t>
                        <swc:WtInternalLink>
                           <swc:rtd>c3EAfgARdXEAfgAVAAAAA3VxAH4AFwAAAAFxAH4AH3EAfgAgdXEAfgAXAAAAAXEAfgAi</swc:rtd>
                           <swc:prefix/>
                           <swc:postfix/>
                           <swc:target>
                              <swc:WtPageName ptk:location="Input:131:3">
                                 <swc:content>pam:Eneru 7</swc:content>
                                 <swc:rtd ptk:null="true"/>
                              </swc:WtPageName>
                           </swc:target>
                           <swc:title>
                              <swc:WtLinkTitle-WtNoLinkTitle/>
                           </swc:title>
                        </swc:WtInternalLink>
                        <ptk:t>
</ptk:t>
                        <swc:WtInternalLink>
                           <swc:rtd>c3EAfgARdXEAfgAVAAAAA3VxAH4AFwAAAAFxAH4AH3EAfgAgdXEAfgAXAAAAAXEAfgAi</swc:rtd>
                           <swc:prefix/>
                           <swc:postfix/>
                           <swc:target>
                              <swc:WtPageName ptk:location="Input:132:3">
                                 <swc:content>pl:7 stycznia</swc:content>
                                 <swc:rtd ptk:null="true"/>
                              </swc:WtPageName>
                           </swc:target>
                           <swc:title>
                              <swc:WtLinkTitle-WtNoLinkTitle/>
                           </swc:title>
                        </swc:WtInternalLink>
                        <ptk:t>
</ptk:t>
                        <swc:WtInternalLink>
                           <swc:rtd>c3EAfgARdXEAfgAVAAAAA3VxAH4AFwAAAAFxAH4AH3EAfgAgdXEAfgAXAAAAAXEAfgAi</swc:rtd>
                           <swc:prefix/>
                           <swc:postfix/>
                           <swc:target>
                              <swc:WtPageName ptk:location="Input:133:3">
                                 <swc:content>pnt:7 Καλανταρί</swc:content>
                                 <swc:rtd ptk:null="true"/>
                              </swc:WtPageName>
                           </swc:target>
                           <swc:title>
                              <swc:WtLinkTitle-WtNoLinkTitle/>
                           </swc:title>
                        </swc:WtInternalLink>
                        <ptk:t>
</ptk:t>
                        <swc:WtInternalLink>
                           <swc:rtd>c3EAfgARdXEAfgAVAAAAA3VxAH4AFwAAAAFxAH4AH3EAfgAgdXEAfgAXAAAAAXEAfgAi</swc:rtd>
                           <swc:prefix/>
                           <swc:postfix/>
                           <swc:target>
                              <swc:WtPageName ptk:location="Input:134:3">
                                 <swc:content>pt:7 de janeiro</swc:content>
                                 <swc:rtd ptk:null="true"/>
                              </swc:WtPageName>
                           </swc:target>
                           <swc:title>
                              <swc:WtLinkTitle-WtNoLinkTitle/>
                           </swc:title>
                        </swc:WtInternalLink>
                        <ptk:t>
</ptk:t>
                        <swc:WtInternalLink>
                           <swc:rtd>c3EAfgARdXEAfgAVAAAAA3VxAH4AFwAAAAFxAH4AH3EAfgAgdXEAfgAXAAAAAXEAfgAi</swc:rtd>
                           <swc:prefix/>
                           <swc:postfix/>
                           <swc:target>
                              <swc:WtPageName ptk:location="Input:135:3">
                                 <swc:content>qu:7 ñiqin qhulla puquy killapi</swc:content>
                                 <swc:rtd ptk:null="true"/>
                              </swc:WtPageName>
                           </swc:target>
                           <swc:title>
                              <swc:WtLinkTitle-WtNoLinkTitle/>
                           </swc:title>
                        </swc:WtInternalLink>
                        <ptk:t>
</ptk:t>
                        <swc:WtInternalLink>
                           <swc:rtd>c3EAfgARdXEAfgAVAAAAA3VxAH4AFwAAAAFxAH4AH3EAfgAgdXEAfgAXAAAAAXEAfgAi</swc:rtd>
                           <swc:prefix/>
                           <swc:postfix/>
                           <swc:target>
                              <swc:WtPageName ptk:location="Input:136:3">
                                 <swc:content>ro:7 ianuarie</swc:content>
                                 <swc:rtd ptk:null="true"/>
                              </swc:WtPageName>
                           </swc:target>
                           <swc:title>
                              <swc:WtLinkTitle-WtNoLinkTitle/>
                           </swc:title>
                        </swc:WtInternalLink>
                        <ptk:t>
</ptk:t>
                        <swc:WtInternalLink>
                           <swc:rtd>c3EAfgARdXEAfgAVAAAAA3VxAH4AFwAAAAFxAH4AH3EAfgAgdXEAfgAXAAAAAXEAfgAi</swc:rtd>
                           <swc:prefix/>
                           <swc:postfix/>
                           <swc:target>
                              <swc:WtPageName ptk:location="Input:137:3">
                                 <swc:content>ru:7 января</swc:content>
                                 <swc:rtd ptk:null="true"/>
                              </swc:WtPageName>
                           </swc:target>
                           <swc:title>
                              <swc:WtLinkTitle-WtNoLinkTitle/>
                           </swc:title>
                        </swc:WtInternalLink>
                        <ptk:t>
</ptk:t>
                        <swc:WtInternalLink>
                           <swc:rtd>c3EAfgARdXEAfgAVAAAAA3VxAH4AFwAAAAFxAH4AH3EAfgAgdXEAfgAXAAAAAXEAfgAi</swc:rtd>
                           <swc:prefix/>
                           <swc:postfix/>
                           <swc:target>
                              <swc:WtPageName ptk:location="Input:138:3">
                                 <swc:content>rue:7. януар</swc:content>
                                 <swc:rtd ptk:null="true"/>
                              </swc:WtPageName>
                           </swc:target>
                           <swc:title>
                              <swc:WtLinkTitle-WtNoLinkTitle/>
                           </swc:title>
                        </swc:WtInternalLink>
                        <ptk:t>
</ptk:t>
                        <swc:WtInternalLink>
                           <swc:rtd>c3EAfgARdXEAfgAVAAAAA3VxAH4AFwAAAAFxAH4AH3EAfgAgdXEAfgAXAAAAAXEAfgAi</swc:rtd>
                           <swc:prefix/>
                           <swc:postfix/>
                           <swc:target>
                              <swc:WtPageName ptk:location="Input:139:3">
                                 <swc:content>sah:Тохсунньу 7</swc:content>
                                 <swc:rtd ptk:null="true"/>
                              </swc:WtPageName>
                           </swc:target>
                           <swc:title>
                              <swc:WtLinkTitle-WtNoLinkTitle/>
                           </swc:title>
                        </swc:WtInternalLink>
                        <ptk:t>
</ptk:t>
                        <swc:WtInternalLink>
                           <swc:rtd>c3EAfgARdXEAfgAVAAAAA3VxAH4AFwAAAAFxAH4AH3EAfgAgdXEAfgAXAAAAAXEAfgAi</swc:rtd>
                           <swc:prefix/>
                           <swc:postfix/>
                           <swc:target>
                              <swc:WtPageName ptk:location="Input:140:3">
                                 <swc:content>scn:7 di jinnaru</swc:content>
                                 <swc:rtd ptk:null="true"/>
                              </swc:WtPageName>
                           </swc:target>
                           <swc:title>
                              <swc:WtLinkTitle-WtNoLinkTitle/>
                           </swc:title>
                        </swc:WtInternalLink>
                        <ptk:t>
</ptk:t>
                        <swc:WtInternalLink>
                           <swc:rtd>c3EAfgARdXEAfgAVAAAAA3VxAH4AFwAAAAFxAH4AH3EAfgAgdXEAfgAXAAAAAXEAfgAi</swc:rtd>
                           <swc:prefix/>
                           <swc:postfix/>
                           <swc:target>
                              <swc:WtPageName ptk:location="Input:141:3">
                                 <swc:content>sco:7 Januar</swc:content>
                                 <swc:rtd ptk:null="true"/>
                              </swc:WtPageName>
                           </swc:target>
                           <swc:title>
                              <swc:WtLinkTitle-WtNoLinkTitle/>
                           </swc:title>
                        </swc:WtInternalLink>
                        <ptk:t>
</ptk:t>
                        <swc:WtInternalLink>
                           <swc:rtd>c3EAfgARdXEAfgAVAAAAA3VxAH4AFwAAAAFxAH4AH3EAfgAgdXEAfgAXAAAAAXEAfgAi</swc:rtd>
                           <swc:prefix/>
                           <swc:postfix/>
                           <swc:target>
                              <swc:WtPageName ptk:location="Input:142:3">
                                 <swc:content>se:Ođđajagimánu 7.</swc:content>
                                 <swc:rtd ptk:null="true"/>
                              </swc:WtPageName>
                           </swc:target>
                           <swc:title>
                              <swc:WtLinkTitle-WtNoLinkTitle/>
                           </swc:title>
                        </swc:WtInternalLink>
                        <ptk:t>
</ptk:t>
                        <swc:WtInternalLink>
                           <swc:rtd>c3EAfgARdXEAfgAVAAAAA3VxAH4AFwAAAAFxAH4AH3EAfgAgdXEAfgAXAAAAAXEAfgAi</swc:rtd>
                           <swc:prefix/>
                           <swc:postfix/>
                           <swc:target>
                              <swc:WtPageName ptk:location="Input:143:3">
                                 <swc:content>sh:7. 1.</swc:content>
                                 <swc:rtd ptk:null="true"/>
                              </swc:WtPageName>
                           </swc:target>
                           <swc:title>
                              <swc:WtLinkTitle-WtNoLinkTitle/>
                           </swc:title>
                        </swc:WtInternalLink>
                        <ptk:t>
</ptk:t>
                        <swc:WtInternalLink>
                           <swc:rtd>c3EAfgARdXEAfgAVAAAAA3VxAH4AFwAAAAFxAH4AH3EAfgAgdXEAfgAXAAAAAXEAfgAi</swc:rtd>
                           <swc:prefix/>
                           <swc:postfix/>
                           <swc:target>
                              <swc:WtPageName ptk:location="Input:144:3">
                                 <swc:content>simple:January 7</swc:content>
                                 <swc:rtd ptk:null="true"/>
                              </swc:WtPageName>
                           </swc:target>
                           <swc:title>
                              <swc:WtLinkTitle-WtNoLinkTitle/>
                           </swc:title>
                        </swc:WtInternalLink>
                        <ptk:t>
</ptk:t>
                        <swc:WtInternalLink>
                           <swc:rtd>c3EAfgARdXEAfgAVAAAAA3VxAH4AFwAAAAFxAH4AH3EAfgAgdXEAfgAXAAAAAXEAfgAi</swc:rtd>
                           <swc:prefix/>
                           <swc:postfix/>
                           <swc:target>
                              <swc:WtPageName ptk:location="Input:145:3">
                                 <swc:content>sk:7. január</swc:content>
                                 <swc:rtd ptk:null="true"/>
                              </swc:WtPageName>
                           </swc:target>
                           <swc:title>
                              <swc:WtLinkTitle-WtNoLinkTitle/>
                           </swc:title>
                        </swc:WtInternalLink>
                        <ptk:t>
</ptk:t>
                        <swc:WtInternalLink>
                           <swc:rtd>c3EAfgARdXEAfgAVAAAAA3VxAH4AFwAAAAFxAH4AH3EAfgAgdXEAfgAXAAAAAXEAfgAi</swc:rtd>
                           <swc:prefix/>
                           <swc:postfix/>
                           <swc:target>
                              <swc:WtPageName ptk:location="Input:146:3">
                                 <swc:content>sl:7. januar</swc:content>
                                 <swc:rtd ptk:null="true"/>
                              </swc:WtPageName>
                           </swc:target>
                           <swc:title>
                              <swc:WtLinkTitle-WtNoLinkTitle/>
                           </swc:title>
                        </swc:WtInternalLink>
                        <ptk:t>
</ptk:t>
                        <swc:WtInternalLink>
                           <swc:rtd>c3EAfgARdXEAfgAVAAAAA3VxAH4AFwAAAAFxAH4AH3EAfgAgdXEAfgAXAAAAAXEAfgAi</swc:rtd>
                           <swc:prefix/>
                           <swc:postfix/>
                           <swc:target>
                              <swc:WtPageName ptk:location="Input:147:3">
                                 <swc:content>sq:7 janar</swc:content>
                                 <swc:rtd ptk:null="true"/>
                              </swc:WtPageName>
                           </swc:target>
                           <swc:title>
                              <swc:WtLinkTitle-WtNoLinkTitle/>
                           </swc:title>
                        </swc:WtInternalLink>
                        <ptk:t>
</ptk:t>
                        <swc:WtInternalLink>
                           <swc:rtd>c3EAfgARdXEAfgAVAAAAA3VxAH4AFwAAAAFxAH4AH3EAfgAgdXEAfgAXAAAAAXEAfgAi</swc:rtd>
                           <swc:prefix/>
                           <swc:postfix/>
                           <swc:target>
                              <swc:WtPageName ptk:location="Input:148:3">
                                 <swc:content>sr:7. јануар</swc:content>
                                 <swc:rtd ptk:null="true"/>
                              </swc:WtPageName>
                           </swc:target>
                           <swc:title>
                              <swc:WtLinkTitle-WtNoLinkTitle/>
                           </swc:title>
                        </swc:WtInternalLink>
                        <ptk:t>
</ptk:t>
                        <swc:WtInternalLink>
                           <swc:rtd>c3EAfgARdXEAfgAVAAAAA3VxAH4AFwAAAAFxAH4AH3EAfgAgdXEAfgAXAAAAAXEAfgAi</swc:rtd>
                           <swc:prefix/>
                           <swc:postfix/>
                           <swc:target>
                              <swc:WtPageName ptk:location="Input:149:3">
                                 <swc:content>stq:7. Januoar</swc:content>
                                 <swc:rtd ptk:null="true"/>
                              </swc:WtPageName>
                           </swc:target>
                           <swc:title>
                              <swc:WtLinkTitle-WtNoLinkTitle/>
                           </swc:title>
                        </swc:WtInternalLink>
                        <ptk:t>
</ptk:t>
                        <swc:WtInternalLink>
                           <swc:rtd>c3EAfgARdXEAfgAVAAAAA3VxAH4AFwAAAAFxAH4AH3EAfgAgdXEAfgAXAAAAAXEAfgAi</swc:rtd>
                           <swc:prefix/>
                           <swc:postfix/>
                           <swc:target>
                              <swc:WtPageName ptk:location="Input:150:3">
                                 <swc:content>su:7 Januari</swc:content>
                                 <swc:rtd ptk:null="true"/>
                              </swc:WtPageName>
                           </swc:target>
                           <swc:title>
                              <swc:WtLinkTitle-WtNoLinkTitle/>
                           </swc:title>
                        </swc:WtInternalLink>
                        <ptk:t>
</ptk:t>
                        <swc:WtInternalLink>
                           <swc:rtd>c3EAfgARdXEAfgAVAAAAA3VxAH4AFwAAAAFxAH4AH3EAfgAgdXEAfgAXAAAAAXEAfgAi</swc:rtd>
                           <swc:prefix/>
                           <swc:postfix/>
                           <swc:target>
                              <swc:WtPageName ptk:location="Input:151:3">
                                 <swc:content>sv:7 januari</swc:content>
                                 <swc:rtd ptk:null="true"/>
                              </swc:WtPageName>
                           </swc:target>
                           <swc:title>
                              <swc:WtLinkTitle-WtNoLinkTitle/>
                           </swc:title>
                        </swc:WtInternalLink>
                        <ptk:t>
</ptk:t>
                        <swc:WtInternalLink>
                           <swc:rtd>c3EAfgARdXEAfgAVAAAAA3VxAH4AFwAAAAFxAH4AH3EAfgAgdXEAfgAXAAAAAXEAfgAi</swc:rtd>
                           <swc:prefix/>
                           <swc:postfix/>
                           <swc:target>
                              <swc:WtPageName ptk:location="Input:152:3">
                                 <swc:content>sw:7 Januari</swc:content>
                                 <swc:rtd ptk:null="true"/>
                              </swc:WtPageName>
                           </swc:target>
                           <swc:title>
                              <swc:WtLinkTitle-WtNoLinkTitle/>
                           </swc:title>
                        </swc:WtInternalLink>
                        <ptk:t>
</ptk:t>
                        <swc:WtInternalLink>
                           <swc:rtd>c3EAfgARdXEAfgAVAAAAA3VxAH4AFwAAAAFxAH4AH3EAfgAgdXEAfgAXAAAAAXEAfgAi</swc:rtd>
                           <swc:prefix/>
                           <swc:postfix/>
                           <swc:target>
                              <swc:WtPageName ptk:location="Input:153:3">
                                 <swc:content>ta:ஜனவரி 7</swc:content>
                                 <swc:rtd ptk:null="true"/>
                              </swc:WtPageName>
                           </swc:target>
                           <swc:title>
                              <swc:WtLinkTitle-WtNoLinkTitle/>
                           </swc:title>
                        </swc:WtInternalLink>
                        <ptk:t>
</ptk:t>
                        <swc:WtInternalLink>
                           <swc:rtd>c3EAfgARdXEAfgAVAAAAA3VxAH4AFwAAAAFxAH4AH3EAfgAgdXEAfgAXAAAAAXEAfgAi</swc:rtd>
                           <swc:prefix/>
                           <swc:postfix/>
                           <swc:target>
                              <swc:WtPageName ptk:location="Input:154:3">
                                 <swc:content>te:జనవరి 7</swc:content>
                                 <swc:rtd ptk:null="true"/>
                              </swc:WtPageName>
                           </swc:target>
                           <swc:title>
                              <swc:WtLinkTitle-WtNoLinkTitle/>
                           </swc:title>
                        </swc:WtInternalLink>
                        <ptk:t>
</ptk:t>
                        <swc:WtInternalLink>
                           <swc:rtd>c3EAfgARdXEAfgAVAAAAA3VxAH4AFwAAAAFxAH4AH3EAfgAgdXEAfgAXAAAAAXEAfgAi</swc:rtd>
                           <swc:prefix/>
                           <swc:postfix/>
                           <swc:target>
                              <swc:WtPageName ptk:location="Input:155:3">
                                 <swc:content>tg:7 январ</swc:content>
                                 <swc:rtd ptk:null="true"/>
                              </swc:WtPageName>
                           </swc:target>
                           <swc:title>
                              <swc:WtLinkTitle-WtNoLinkTitle/>
                           </swc:title>
                        </swc:WtInternalLink>
                        <ptk:t>
</ptk:t>
                        <swc:WtInternalLink>
                           <swc:rtd>c3EAfgARdXEAfgAVAAAAA3VxAH4AFwAAAAFxAH4AH3EAfgAgdXEAfgAXAAAAAXEAfgAi</swc:rtd>
                           <swc:prefix/>
                           <swc:postfix/>
                           <swc:target>
                              <swc:WtPageName ptk:location="Input:156:3">
                                 <swc:content>th:7 มกราคม</swc:content>
                                 <swc:rtd ptk:null="true"/>
                              </swc:WtPageName>
                           </swc:target>
                           <swc:title>
                              <swc:WtLinkTitle-WtNoLinkTitle/>
                           </swc:title>
                        </swc:WtInternalLink>
                        <ptk:t>
</ptk:t>
                        <swc:WtInternalLink>
                           <swc:rtd>c3EAfgARdXEAfgAVAAAAA3VxAH4AFwAAAAFxAH4AH3EAfgAgdXEAfgAXAAAAAXEAfgAi</swc:rtd>
                           <swc:prefix/>
                           <swc:postfix/>
                           <swc:target>
                              <swc:WtPageName ptk:location="Input:157:3">
                                 <swc:content>tk:7 ýanwar</swc:content>
                                 <swc:rtd ptk:null="true"/>
                              </swc:WtPageName>
                           </swc:target>
                           <swc:title>
                              <swc:WtLinkTitle-WtNoLinkTitle/>
                           </swc:title>
                        </swc:WtInternalLink>
                        <ptk:t>
</ptk:t>
                        <swc:WtInternalLink>
                           <swc:rtd>c3EAfgARdXEAfgAVAAAAA3VxAH4AFwAAAAFxAH4AH3EAfgAgdXEAfgAXAAAAAXEAfgAi</swc:rtd>
                           <swc:prefix/>
                           <swc:postfix/>
                           <swc:target>
                              <swc:WtPageName ptk:location="Input:158:3">
                                 <swc:content>tl:Enero 7</swc:content>
                                 <swc:rtd ptk:null="true"/>
                              </swc:WtPageName>
                           </swc:target>
                           <swc:title>
                              <swc:WtLinkTitle-WtNoLinkTitle/>
                           </swc:title>
                        </swc:WtInternalLink>
                        <ptk:t>
</ptk:t>
                        <swc:WtInternalLink>
                           <swc:rtd>c3EAfgARdXEAfgAVAAAAA3VxAH4AFwAAAAFxAH4AH3EAfgAgdXEAfgAXAAAAAXEAfgAi</swc:rtd>
                           <swc:prefix/>
                           <swc:postfix/>
                           <swc:target>
                              <swc:WtPageName ptk:location="Input:159:3">
                                 <swc:content>tr:7 Ocak</swc:content>
                                 <swc:rtd ptk:null="true"/>
                              </swc:WtPageName>
                           </swc:target>
                           <swc:title>
                              <swc:WtLinkTitle-WtNoLinkTitle/>
                           </swc:title>
                        </swc:WtInternalLink>
                        <ptk:t>
</ptk:t>
                        <swc:WtInternalLink>
                           <swc:rtd>c3EAfgARdXEAfgAVAAAAA3VxAH4AFwAAAAFxAH4AH3EAfgAgdXEAfgAXAAAAAXEAfgAi</swc:rtd>
                           <swc:prefix/>
                           <swc:postfix/>
                           <swc:target>
                              <swc:WtPageName ptk:location="Input:160:3">
                                 <swc:content>tt:7 гыйнвар</swc:content>
                                 <swc:rtd ptk:null="true"/>
                              </swc:WtPageName>
                           </swc:target>
                           <swc:title>
                              <swc:WtLinkTitle-WtNoLinkTitle/>
                           </swc:title>
                        </swc:WtInternalLink>
                        <ptk:t>
</ptk:t>
                        <swc:WtInternalLink>
                           <swc:rtd>c3EAfgARdXEAfgAVAAAAA3VxAH4AFwAAAAFxAH4AH3EAfgAgdXEAfgAXAAAAAXEAfgAi</swc:rtd>
                           <swc:prefix/>
                           <swc:postfix/>
                           <swc:target>
                              <swc:WtPageName ptk:location="Input:161:3">
                                 <swc:content>uk:7 січня</swc:content>
                                 <swc:rtd ptk:null="true"/>
                              </swc:WtPageName>
                           </swc:target>
                           <swc:title>
                              <swc:WtLinkTitle-WtNoLinkTitle/>
                           </swc:title>
                        </swc:WtInternalLink>
                        <ptk:t>
</ptk:t>
                        <swc:WtInternalLink>
                           <swc:rtd>c3EAfgARdXEAfgAVAAAAA3VxAH4AFwAAAAFxAH4AH3EAfgAgdXEAfgAXAAAAAXEAfgAi</swc:rtd>
                           <swc:prefix/>
                           <swc:postfix/>
                           <swc:target>
                              <swc:WtPageName ptk:location="Input:162:3">
                                 <swc:content>ur:7 جنوری</swc:content>
                                 <swc:rtd ptk:null="true"/>
                              </swc:WtPageName>
                           </swc:target>
                           <swc:title>
                              <swc:WtLinkTitle-WtNoLinkTitle/>
                           </swc:title>
                        </swc:WtInternalLink>
                        <ptk:t>
</ptk:t>
                        <swc:WtInternalLink>
                           <swc:rtd>c3EAfgARdXEAfgAVAAAAA3VxAH4AFwAAAAFxAH4AH3EAfgAgdXEAfgAXAAAAAXEAfgAi</swc:rtd>
                           <swc:prefix/>
                           <swc:postfix/>
                           <swc:target>
                              <swc:WtPageName ptk:location="Input:163:3">
                                 <swc:content>uz:7-yanvar</swc:content>
                                 <swc:rtd ptk:null="true"/>
                              </swc:WtPageName>
                           </swc:target>
                           <swc:title>
                              <swc:WtLinkTitle-WtNoLinkTitle/>
                           </swc:title>
                        </swc:WtInternalLink>
                        <ptk:t>
</ptk:t>
                        <swc:WtInternalLink>
                           <swc:rtd>c3EAfgARdXEAfgAVAAAAA3VxAH4AFwAAAAFxAH4AH3EAfgAgdXEAfgAXAAAAAXEAfgAi</swc:rtd>
                           <swc:prefix/>
                           <swc:postfix/>
                           <swc:target>
                              <swc:WtPageName ptk:location="Input:164:3">
                                 <swc:content>vec:7 de genaro</swc:content>
                                 <swc:rtd ptk:null="true"/>
                              </swc:WtPageName>
                           </swc:target>
                           <swc:title>
                              <swc:WtLinkTitle-WtNoLinkTitle/>
                           </swc:title>
                        </swc:WtInternalLink>
                        <ptk:t>
</ptk:t>
                        <swc:WtInternalLink>
                           <swc:rtd>c3EAfgARdXEAfgAVAAAAA3VxAH4AFwAAAAFxAH4AH3EAfgAgdXEAfgAXAAAAAXEAfgAi</swc:rtd>
                           <swc:prefix/>
                           <swc:postfix/>
                           <swc:target>
                              <swc:WtPageName ptk:location="Input:165:3">
                                 <swc:content>vi:7 tháng 1</swc:content>
                                 <swc:rtd ptk:null="true"/>
                              </swc:WtPageName>
                           </swc:target>
                           <swc:title>
                              <swc:WtLinkTitle-WtNoLinkTitle/>
                           </swc:title>
                        </swc:WtInternalLink>
                        <ptk:t>
</ptk:t>
                        <swc:WtInternalLink>
                           <swc:rtd>c3EAfgARdXEAfgAVAAAAA3VxAH4AFwAAAAFxAH4AH3EAfgAgdXEAfgAXAAAAAXEAfgAi</swc:rtd>
                           <swc:prefix/>
                           <swc:postfix/>
                           <swc:target>
                              <swc:WtPageName ptk:location="Input:166:3">
                                 <swc:content>vls:7 januoari</swc:content>
                                 <swc:rtd ptk:null="true"/>
                              </swc:WtPageName>
                           </swc:target>
                           <swc:title>
                              <swc:WtLinkTitle-WtNoLinkTitle/>
                           </swc:title>
                        </swc:WtInternalLink>
                        <ptk:t>
</ptk:t>
                        <swc:WtInternalLink>
                           <swc:rtd>c3EAfgARdXEAfgAVAAAAA3VxAH4AFwAAAAFxAH4AH3EAfgAgdXEAfgAXAAAAAXEAfgAi</swc:rtd>
                           <swc:prefix/>
                           <swc:postfix/>
                           <swc:target>
                              <swc:WtPageName ptk:location="Input:167:3">
                                 <swc:content>vo:Yanul 7</swc:content>
                                 <swc:rtd ptk:null="true"/>
                              </swc:WtPageName>
                           </swc:target>
                           <swc:title>
                              <swc:WtLinkTitle-WtNoLinkTitle/>
                           </swc:title>
                        </swc:WtInternalLink>
                        <ptk:t>
</ptk:t>
                        <swc:WtInternalLink>
                           <swc:rtd>c3EAfgARdXEAfgAVAAAAA3VxAH4AFwAAAAFxAH4AH3EAfgAgdXEAfgAXAAAAAXEAfgAi</swc:rtd>
                           <swc:prefix/>
                           <swc:postfix/>
                           <swc:target>
                              <swc:WtPageName ptk:location="Input:168:3">
                                 <swc:content>wa:7 di djanvî</swc:content>
                                 <swc:rtd ptk:null="true"/>
                              </swc:WtPageName>
                           </swc:target>
                           <swc:title>
                              <swc:WtLinkTitle-WtNoLinkTitle/>
                           </swc:title>
                        </swc:WtInternalLink>
                        <ptk:t>
</ptk:t>
                        <swc:WtInternalLink>
                           <swc:rtd>c3EAfgARdXEAfgAVAAAAA3VxAH4AFwAAAAFxAH4AH3EAfgAgdXEAfgAXAAAAAXEAfgAi</swc:rtd>
                           <swc:prefix/>
                           <swc:postfix/>
                           <swc:target>
                              <swc:WtPageName ptk:location="Input:169:3">
                                 <swc:content>war:Enero 7</swc:content>
                                 <swc:rtd ptk:null="true"/>
                              </swc:WtPageName>
                           </swc:target>
                           <swc:title>
                              <swc:WtLinkTitle-WtNoLinkTitle/>
                           </swc:title>
                        </swc:WtInternalLink>
                        <ptk:t>
</ptk:t>
                        <swc:WtInternalLink>
                           <swc:rtd>c3EAfgARdXEAfgAVAAAAA3VxAH4AFwAAAAFxAH4AH3EAfgAgdXEAfgAXAAAAAXEAfgAi</swc:rtd>
                           <swc:prefix/>
                           <swc:postfix/>
                           <swc:target>
                              <swc:WtPageName ptk:location="Input:170:3">
                                 <swc:content>xal:Туула сарин 7</swc:content>
                                 <swc:rtd ptk:null="true"/>
                              </swc:WtPageName>
                           </swc:target>
                           <swc:title>
                              <swc:WtLinkTitle-WtNoLinkTitle/>
                           </swc:title>
                        </swc:WtInternalLink>
                        <ptk:t>
</ptk:t>
                        <swc:WtInternalLink>
                           <swc:rtd>c3EAfgARdXEAfgAVAAAAA3VxAH4AFwAAAAFxAH4AH3EAfgAgdXEAfgAXAAAAAXEAfgAi</swc:rtd>
                           <swc:prefix/>
                           <swc:postfix/>
                           <swc:target>
                              <swc:WtPageName ptk:location="Input:171:3">
                                 <swc:content>xmf:7 ღურთუთა</swc:content>
                                 <swc:rtd ptk:null="true"/>
                              </swc:WtPageName>
                           </swc:target>
                           <swc:title>
                              <swc:WtLinkTitle-WtNoLinkTitle/>
                           </swc:title>
                        </swc:WtInternalLink>
                        <ptk:t>
</ptk:t>
                        <swc:WtInternalLink>
                           <swc:rtd>c3EAfgARdXEAfgAVAAAAA3VxAH4AFwAAAAFxAH4AH3EAfgAgdXEAfgAXAAAAAXEAfgAi</swc:rtd>
                           <swc:prefix/>
                           <swc:postfix/>
                           <swc:target>
                              <swc:WtPageName ptk:location="Input:172:3">
                                 <swc:content>yi:7טן יאנואר</swc:content>
                                 <swc:rtd ptk:null="true"/>
                              </swc:WtPageName>
                           </swc:target>
                           <swc:title>
                              <swc:WtLinkTitle-WtNoLinkTitle/>
                           </swc:title>
                        </swc:WtInternalLink>
                        <ptk:t>
</ptk:t>
                        <swc:WtInternalLink>
                           <swc:rtd>c3EAfgARdXEAfgAVAAAAA3VxAH4AFwAAAAFxAH4AH3EAfgAgdXEAfgAXAAAAAXEAfgAi</swc:rtd>
                           <swc:prefix/>
                           <swc:postfix/>
                           <swc:target>
                              <swc:WtPageName ptk:location="Input:173:3">
                                 <swc:content>yo:Oṣù Kínní 7</swc:content>
                                 <swc:rtd ptk:null="true"/>
                              </swc:WtPageName>
                           </swc:target>
                           <swc:title>
                              <swc:WtLinkTitle-WtNoLinkTitle/>
                           </swc:title>
                        </swc:WtInternalLink>
                        <ptk:t>
</ptk:t>
                        <swc:WtInternalLink>
                           <swc:rtd>c3EAfgARdXEAfgAVAAAAA3VxAH4AFwAAAAFxAH4AH3EAfgAgdXEAfgAXAAAAAXEAfgAi</swc:rtd>
                           <swc:prefix/>
                           <swc:postfix/>
                           <swc:target>
                              <swc:WtPageName ptk:location="Input:174:3">
                                 <swc:content>zea:7 januari</swc:content>
                                 <swc:rtd ptk:null="true"/>
                              </swc:WtPageName>
                           </swc:target>
                           <swc:title>
                              <swc:WtLinkTitle-WtNoLinkTitle/>
                           </swc:title>
                        </swc:WtInternalLink>
                        <ptk:t>
</ptk:t>
                        <swc:WtInternalLink>
                           <swc:rtd>c3EAfgARdXEAfgAVAAAAA3VxAH4AFwAAAAFxAH4AH3EAfgAgdXEAfgAXAAAAAXEAfgAi</swc:rtd>
                           <swc:prefix/>
                           <swc:postfix/>
                           <swc:target>
                              <swc:WtPageName ptk:location="Input:175:3">
                                 <swc:content>zh:1月7日</swc:content>
                                 <swc:rtd ptk:null="true"/>
                              </swc:WtPageName>
                           </swc:target>
                           <swc:title>
                              <swc:WtLinkTitle-WtNoLinkTitle/>
                           </swc:title>
                        </swc:WtInternalLink>
                        <ptk:t>
</ptk:t>
                        <swc:WtInternalLink>
                           <swc:rtd>c3EAfgARdXEAfgAVAAAAA3VxAH4AFwAAAAFxAH4AH3EAfgAgdXEAfgAXAAAAAXEAfgAi</swc:rtd>
                           <swc:prefix/>
                           <swc:postfix/>
                           <swc:target>
                              <swc:WtPageName ptk:location="Input:176:3">
                                 <swc:content>zh-min-nan:1 goe̍h 7 ji̍t</swc:content>
                                 <swc:rtd ptk:null="true"/>
                              </swc:WtPageName>
                           </swc:target>
                           <swc:title>
                              <swc:WtLinkTitle-WtNoLinkTitle/>
                           </swc:title>
                        </swc:WtInternalLink>
                        <ptk:t>
</ptk:t>
                        <swc:WtInternalLink>
                           <swc:rtd>c3EAfgARdXEAfgAVAAAAA3VxAH4AFwAAAAFxAH4AH3EAfgAgdXEAfgAXAAAAAXEAfgAi</swc:rtd>
                           <swc:prefix/>
                           <swc:postfix/>
                           <swc:target>
                              <swc:WtPageName ptk:location="Input:177:3">
                                 <swc:content>zh-yue:1月7號</swc:content>
                                 <swc:rtd ptk:null="true"/>
                              </swc:WtPageName>
                           </swc:target>
                           <swc:title>
                              <swc:WtLinkTitle-WtNoLinkTitle/>
                           </swc:title>
                        </swc:WtInternalLink>
                     </swc:WtParagraph>
                  </swc:WtBody-WtBodyImpl>
               </swc:body>
            </swc:WtSection>
         </swc:EngPage>
      </swc:page>
   </swc:EngCompiledPage>
</ptk:ast>
