want tag extension br
want tag extension table
want tag extension tr
want tag extension th
want tag extension span
want tag extension div
want tag extension td
want tag extension small
want tag extension sup
want tag extension code
want parser function #ifexist
want parser function formatnum
want parser function #expr
want tag extension tt
want parser function PAGENAME
want parser function TALKPAGENAME
want parser function SUBPAGENAME
want parser function #ifexpr
want parser function #tag
want xml element type p
want xml element type table
want xml element type tr
want xml element type th
want xml element type span
want xml element type td
want xml element type small
want xml element type b
want xml element type div
want xml element type sup
want xml element type i
want xml element type code
Warning (normal): قالب:Infobox country:56:49: "{{#ifexist:Flag of {{{common_..." : The parser function `#ifexist' with args: arg 0: 'Flag of  South Sudan' arg 1: '[[Flag of  South Sudan
 |Flag]]'' is not yet implemented!
Warning (normal): قالب:Infobox country:56:49: "{{#ifexist:Flag of {{{common_..." : The parser function `#ifexist' with args: arg 0: 'Flag of  South Sudan' arg 1: '[[Flag of  South Sudan
 |Flag]]'' is not yet implemented!
Warning (normal): قالب:Infobox country:59:49: "{{#ifexist:{{{symbol_type_art..." : The parser function `#ifexist' with args: arg 0: 'Emblem
 of  South Sudan' arg 1: '[[ Emblem
 of  South Sudan
 | Emblem
]]'' is not yet implemented!
Warning (normal): قالب:Infobox country:59:49: "{{#ifexist:{{{symbol_type_art..." : The parser function `#ifexist' with args: arg 0: 'Emblem
 of  South Sudan' arg 1: '[[ Emblem
 of  South Sudan
 | Emblem
]]'' is not yet implemented!
Warning (normal): قالب:Infobox country:90:33: "{{#ifexist:{{{symbol_type_art..." : The parser function `#ifexist' with args: arg 0: 'Emblem
 of  South Sudan' arg 1: '[[ Emblem
 of  South Sudan
 | Emblem
]]'' is not yet implemented!
Warning (normal): قالب:Infobox country:90:33: "{{#ifexist:{{{symbol_type_art..." : The parser function `#ifexist' with args: arg 0: 'Emblem
 of  South Sudan' arg 1: '[[ Emblem
 of  South Sudan
 | Emblem
]]'' is not yet implemented!
Warning (normal): قالب:Infobox country:56:49: "{{#ifexist:Flag of {{{common_..." : The parser function `#ifexist' with args: arg 0: 'Flag of  South Sudan' arg 1: '[[Flag of  South Sudan
 |Flag]]'' is not yet implemented!
Warning (normal): قالب:Infobox country:59:49: "{{#ifexist:{{{symbol_type_art..." : The parser function `#ifexist' with args: arg 0: 'Emblem
 of  South Sudan' arg 1: '[[ Emblem
 of  South Sudan
 | Emblem
]]'' is not yet implemented!
Warning (normal): قالب:Infobox country:192:31: "{{#ifexist:List of cities in ..." : The parser function `#ifexist' with args: arg 0: 'List of cities in  South Sudan' arg 1: '[[List of cities in  South Sudan
|(and اكبر مدينه)]]' arg 2: '(and اكبر مدينه)'' is not yet implemented!
Warning (normal): قالب:Infobox country:227:41: "{{#ifexist:List of cities in ..." : The parser function `#ifexist' with args: arg 0: 'List of cities in  South Sudan' arg 1: '[[List of cities in  South Sudan
|اكبر مدينه]]' arg 2: 'اكبر مدينه'' is not yet implemented!
Warning (normal): قالب:Infobox country:227:41: "{{#ifexist:List of cities in ..." : The parser function `#ifexist' with args: arg 0: 'List of cities in  South Sudan' arg 1: '[[List of cities in  South Sudan
|اكبر مدينه]]' arg 2: 'اكبر مدينه'' is not yet implemented!
Warning (normal): قالب:Infobox country:246:43: "{{#ifexist:List of cities in ..." : The parser function `#ifexist' with args: arg 0: 'List of cities in  South Sudan' arg 1: '[[List of cities in  South Sudan
|(and اكبر مدينه)]]' arg 2: '(and اكبر مدينه)'' is not yet implemented!
Warning (normal): قالب:Infobox country:246:43: "{{#ifexist:List of cities in ..." : The parser function `#ifexist' with args: arg 0: 'List of cities in  South Sudan' arg 1: '[[List of cities in  South Sudan
|(and اكبر مدينه)]]' arg 2: '(and اكبر مدينه)'' is not yet implemented!
Warning (normal): قالب:Infobox country:295:17: "{{#ifexist:{{{demonym}}} peop..." : The parser function `#ifexist' with args: arg 0: '[[South Sudanese]]
 people' arg 1: '[[ [[South Sudanese]]
 people| [[South Sudanese]]
]]' arg 2: '[[South Sudanese]]'' is not yet implemented!
Warning (normal): قالب:Infobox country:295:17: "{{#ifexist:{{{demonym}}} peop..." : The parser function `#ifexist' with args: arg 0: '[[South Sudanese]]
 people' arg 1: '[[ [[South Sudanese]]
 people| [[South Sudanese]]
]]' arg 2: '[[South Sudanese]]'' is not yet implemented!
Warning (normal): قالب:Infobox country:522:115: "{{formatnum:{{{area_km2|}}}}}" : The parser function `formatnum' with args: arg 0: '619745'' is not yet implemented!
Warning (normal): قالب:Infobox country:524:49: "{{formatnum:{{{area_sq_mi|}}}}}" : The parser function `formatnum' with args: arg 0: ''' is not yet implemented!
Warning (normal): قالب:Infobox country:524:93: "{{#expr: {{{area_km2|}}} div ..." : The parser function `#expr' with args: arg 0: '619745
 div 2.589988110336 round 0'' is not yet implemented!
Warning (normal): قالب:Infobox country:524:81: "{{formatnum:{{#expr: {{{area_..." : The parser function `formatnum' with args: arg 0: 'Exception: null'' is not yet implemented!
Warning (normal): قالب:Infobox country:524:93: "{{#expr: {{{area_km2|}}} div ..." : The parser function `#expr' with args: arg 0: '619745
 div 2.589988110336 round 0'' is not yet implemented!
Warning (normal): قالب:Infobox country:524:81: "{{formatnum:{{#expr: {{{area_..." : The parser function `formatnum' with args: arg 0: 'Exception: null'' is not yet implemented!
Warning (normal): قالب:Infobox country:522:115: "{{formatnum:{{{area_km2|}}}}}" : The parser function `formatnum' with args: arg 0: '619745'' is not yet implemented!
Warning (normal): قالب:Infobox country:524:93: "{{#expr: {{{area_km2|}}} div ..." : The parser function `#expr' with args: arg 0: '619745
 div 2.589988110336 round 0'' is not yet implemented!
Warning (normal): قالب:Infobox country:524:81: "{{formatnum:{{#expr: {{{area_..." : The parser function `formatnum' with args: arg 0: 'Exception: null'' is not yet implemented!
Warning (normal): قالب:Infobox country:552:129: "{{formatnum:{{{FR_IGN_area_km..." : The parser function `formatnum' with args: arg 0: ''' is not yet implemented!
Warning (normal): قالب:Infobox country:553:51: "{{formatnum:{{{FR_IGN_area_sq..." : The parser function `formatnum' with args: arg 0: ''' is not yet implemented!
Warning (normal): قالب:Infobox country:553:102: "{{#expr: {{{FR_IGN_area_km2|}..." : The parser function `#expr' with args: arg 0: 'div 2.589988110336 round 0'' is not yet implemented!
Warning (normal): قالب:Infobox country:553:90: "{{formatnum:{{#expr: {{{FR_IG..." : The parser function `formatnum' with args: arg 0: 'Exception: null'' is not yet implemented!
Warning (normal): قالب:Infobox country:553:102: "{{#expr: {{{FR_IGN_area_km2|}..." : The parser function `#expr' with args: arg 0: 'div 2.589988110336 round 0'' is not yet implemented!
Warning (normal): قالب:Infobox country:553:90: "{{formatnum:{{#expr: {{{FR_IG..." : The parser function `formatnum' with args: arg 0: 'Exception: null'' is not yet implemented!
Warning (normal): قالب:Infobox country:558:139: "{{formatnum:{{{FR_cadastre_ar..." : The parser function `formatnum' with args: arg 0: ''' is not yet implemented!
Warning (normal): قالب:Infobox country:559:56: "{{formatnum: {{{FR_cadastre_a..." : The parser function `formatnum' with args: arg 0: ''' is not yet implemented!
Warning (normal): قالب:Infobox country:559:113: "{{#expr: {{{FR_cadastre_area_..." : The parser function `#expr' with args: arg 0: 'div 2.589988110336 round 0'' is not yet implemented!
Warning (normal): قالب:Infobox country:559:101: "{{formatnum:{{#expr: {{{FR_ca..." : The parser function `formatnum' with args: arg 0: 'Exception: null'' is not yet implemented!
Warning (normal): قالب:Infobox country:559:113: "{{#expr: {{{FR_cadastre_area_..." : The parser function `#expr' with args: arg 0: 'div 2.589988110336 round 0'' is not yet implemented!
Warning (normal): قالب:Infobox country:559:101: "{{formatnum:{{#expr: {{{FR_ca..." : The parser function `formatnum' with args: arg 0: 'Exception: null'' is not yet implemented!
Warning (normal): قالب:Infobox country:614:63: "{{formatnum:{{{population_den..." : The parser function `formatnum' with args: arg 0: ''' is not yet implemented!
Warning (normal): قالب:Infobox country:614:123: "{{#expr: {{{population_densit..." : The parser function `#expr' with args: arg 0: '* 2.589988110336 round 1'' is not yet implemented!
Warning (normal): قالب:Infobox country:614:111: "{{formatnum:{{#expr: {{{popul..." : The parser function `formatnum' with args: arg 0: 'Exception: null'' is not yet implemented!
Warning (normal): قالب:Infobox country:614:123: "{{#expr: {{{population_densit..." : The parser function `#expr' with args: arg 0: '* 2.589988110336 round 1'' is not yet implemented!
Warning (normal): قالب:Infobox country:614:111: "{{formatnum:{{#expr: {{{popul..." : The parser function `formatnum' with args: arg 0: 'Exception: null'' is not yet implemented!
Warning (normal): قالب:افريقيا:7:17: "{{#ifexist:{{{1|}}}_\u0623\u0641\u0631\u064A\u0642\u064A\u0627{{..." : The parser function `#ifexist' with args: arg 0: '_أفريقيا_' arg 1: '[[ أفريقيا ]]' arg 2: 'أفريقيا'' is not yet implemented!
Warning (normal): قالب:افريقيا:7:17: "{{#ifexist:{{{1|}}}_\u0623\u0641\u0631\u064A\u0642\u064A\u0627{{..." : The parser function `#ifexist' with args: arg 0: '_أفريقيا_' arg 1: '[[ أفريقيا ]]' arg 2: 'أفريقيا'' is not yet implemented!
Warning (normal): قالب:R from other template:10:105: "{{PAGENAME}}" : The parser function `PAGENAME' with args:' is not yet implemented!
Warning (normal): قالب:R from other template:10:105: "{{PAGENAME}}" : The parser function `PAGENAME' with args:' is not yet implemented!
Warning (normal): قالب:R from other template:10:105: "{{PAGENAME}}" : The parser function `PAGENAME' with args:' is not yet implemented!
Warning (normal): قالب:R from other template:10:105: "{{PAGENAME}}" : The parser function `PAGENAME' with args:' is not yet implemented!
Warning (normal): قالب:R from other template:10:105: "{{PAGENAME}}" : The parser function `PAGENAME' with args:' is not yet implemented!
Warning (normal): قالب:R from other template:10:105: "{{PAGENAME}}" : The parser function `PAGENAME' with args:' is not yet implemented!
Warning (normal): قالب:R from other template:10:105: "{{PAGENAME}}" : The parser function `PAGENAME' with args:' is not yet implemented!
Warning (normal): قالب:R from other template:10:105: "{{PAGENAME}}" : The parser function `PAGENAME' with args:' is not yet implemented!
Warning (normal): قالب:R from other template:10:105: "{{PAGENAME}}" : The parser function `PAGENAME' with args:' is not yet implemented!
Warning (normal): قالب:R from other template:10:105: "{{PAGENAME}}" : The parser function `PAGENAME' with args:' is not yet implemented!
Warning (normal): قالب:R from other template:10:105: "{{PAGENAME}}" : The parser function `PAGENAME' with args:' is not yet implemented!
Warning (normal): قالب:R from other template:10:105: "{{PAGENAME}}" : The parser function `PAGENAME' with args:' is not yet implemented!
Warning (normal): قالب:R from other template:10:105: "{{PAGENAME}}" : The parser function `PAGENAME' with args:' is not yet implemented!
Warning (normal): قالب:R from other template:10:105: "{{PAGENAME}}" : The parser function `PAGENAME' with args:' is not yet implemented!
Warning (normal): قالب:R from other template:10:105: "{{PAGENAME}}" : The parser function `PAGENAME' with args:' is not yet implemented!
Warning (normal): قالب:R from other template:10:105: "{{PAGENAME}}" : The parser function `PAGENAME' with args:' is not yet implemented!
Warning (normal): قالب:Navbox:20:15: "{{#expr:2{{#if:{{{imageright|..." : The parser function `#expr' with args: arg 0: '2+1'' is not yet implemented!
Warning (normal): قالب:Transclude:6:11: "{{PAGENAME: {{{1}}} }}" : The parser function `PAGENAME' with args: arg 0: 'افريقيا'' is not yet implemented!
Warning (normal): قالب:Transclude:6:11: "{{PAGENAME: {{{1}}} }}" : The parser function `PAGENAME' with args: arg 0: 'افريقيا'' is not yet implemented!
Warning (normal): قالب:Navbar:11:57: "{{TALKPAGENAME:{{transclude| ..." : The parser function `TALKPAGENAME' with args: arg 0: 'Target'' is not yet implemented!
Warning (normal): قالب:Transclude:6:11: "{{PAGENAME: {{{1}}} }}" : The parser function `PAGENAME' with args: arg 0: 'افريقيا'' is not yet implemented!
Warning (normal): قالب:Transclude:6:11: "{{PAGENAME: {{{1}}} }}" : The parser function `PAGENAME' with args: arg 0: 'افريقيا'' is not yet implemented!
Warning (normal): قالب:Navbar:11:57: "{{TALKPAGENAME:{{transclude| ..." : The parser function `TALKPAGENAME' with args: arg 0: 'Target'' is not yet implemented!
Warning (normal): قالب:Transclude:6:11: "{{PAGENAME: {{{1}}} }}" : The parser function `PAGENAME' with args: arg 0: 'افريقيا'' is not yet implemented!
Warning (normal): قالب:Navbar:11:57: "{{TALKPAGENAME:{{transclude| ..." : The parser function `TALKPAGENAME' with args: arg 0: 'Target'' is not yet implemented!
Warning (normal): قالب:Navbox:39:16: "{{#expr:2{{#if:{{{imageright|..." : The parser function `#expr' with args: arg 0: '2+1'' is not yet implemented!
Warning (normal): قالب:Navbox:50:15: "{{#expr:1{{#if:{{{list2|}}}|+..." : The parser function `#expr' with args: arg 0: '1'' is not yet implemented!
Warning (normal): قالب:Navbox:67:15: "{{#expr:1{{#if:{{{list2|}}}|+..." : The parser function `#expr' with args: arg 0: '1'' is not yet implemented!
Warning (normal): قالب:Navbox:67:15: "{{#expr:1{{#if:{{{list2|}}}|+..." : The parser function `#expr' with args: arg 0: '1'' is not yet implemented!
Warning (normal): قالب:Navbox:274:16: "{{#expr:2{{#if:{{{imageright|..." : The parser function `#expr' with args: arg 0: '2+1'' is not yet implemented!
Warning (normal): قالب:Navbox:274:16: "{{#expr:2{{#if:{{{imageright|..." : The parser function `#expr' with args: arg 0: '2+1'' is not yet implemented!
Warning (normal): قالب:Navbox:280:130: "{{SUBPAGENAME}}" : The parser function `SUBPAGENAME' with args:' is not yet implemented!
Warning (normal): قالب:مصادر:4:22: "{{#ifexpr: {{{1|1}}} > 1\n    ..." : The parser function `#ifexpr' with args: arg 0: '1 > 1' arg 1: 'Exception: null'' is not yet implemented!
Warning (normal): قالب:مصادر:4:22: "{{#ifexpr: {{{1|1}}} > 1\n    ..." : The parser function `#ifexpr' with args: arg 0: '1 > 1' arg 1: 'Exception: null'' is not yet implemented!
Warning (normal): قالب:مصادر:10:3: "{{#tag:references||group=}}" : The parser function `#tag' with args: arg 0: 'references' arg 1: '' arg 2: 'group='' is not yet implemented!
<?xml version="1.0" encoding="UTF-8"?>جنوب السودان<ptk:ast xmlns:ptk="http://sweble.org/doc/site/tooling/parser-toolkit/ptk-xml-tools">
   <CompiledPage>
      <log>
         <CompilerLog>
            <title>Target</title>
            <revision>0</revision>
            <content>
               <ptk:l>
                  <ValidatorLog>
                     <timeNeeded>16</timeNeeded>
                     <content>
                        <ptk:l/>
                     </content>
                  </ValidatorLog>
                  <PreprocessorLog>
                     <forInclusion>false</forInclusion>
                     <timeNeeded>31</timeNeeded>
                     <content>
                        <ptk:l/>
                     </content>
                  </PreprocessorLog>
                  <PpResolverLog>
                     <timeNeeded>20216</timeNeeded>
                     <content>
                        <ptk:l>
                           <ResolveTransclusionLog>
                              <success>false</success>
                              <target>ref</target>
                              <canonical null="true"/>
                              <timeNeeded>0</timeNeeded>
                              <content>
                                 <ptk:l/>
                              </content>
                           </ResolveTransclusionLog>
                           <ResolveTransclusionLog>
                              <success>false</success>
                              <target>ref</target>
                              <canonical null="true"/>
                              <timeNeeded>0</timeNeeded>
                              <content>
                                 <ptk:l/>
                              </content>
                           </ResolveTransclusionLog>
                           <ResolveTransclusionLog>
                              <success>false</success>
                              <target>ref</target>
                              <canonical null="true"/>
                              <timeNeeded>0</timeNeeded>
                              <content>
                                 <ptk:l/>
                              </content>
                           </ResolveTransclusionLog>
                           <ResolveTransclusionLog>
                              <success>true</success>
                              <target>Infobox country
</target>
                              <canonical>قالب:Infobox country</canonical>
                              <timeNeeded>79</timeNeeded>
                              <content>
                                 <ptk:l>
                                    <CompilerLog>
                                       <title>قالب:Infobox country</title>
                                       <revision>386960</revision>
                                       <content>
                                          <ptk:l>
                                             <ValidatorLog>
                                                <timeNeeded>0</timeNeeded>
                                                <content>
                                                   <ptk:l/>
                                                </content>
                                             </ValidatorLog>
                                             <PreprocessorLog>
                                                <forInclusion>true</forInclusion>
                                                <timeNeeded>31</timeNeeded>
                                                <content>
                                                   <ptk:l/>
                                                </content>
                                             </PreprocessorLog>
                                             <PpResolverLog>
                                                <timeNeeded>31</timeNeeded>
                                                <content>
                                                   <ptk:l>
                                                      <ResolveTransclusionLog>
                                                         <success>true</success>
                                                         <target>#if</target>
                                                         <canonical null="true"/>
                                                         <timeNeeded>0</timeNeeded>
                                                         <content>
                                                            <ptk:l/>
                                                         </content>
                                                      </ResolveTransclusionLog>
                                                      <ResolveTransclusionLog>
                                                         <success>true</success>
                                                         <target>#if</target>
                                                         <canonical null="true"/>
                                                         <timeNeeded>0</timeNeeded>
                                                         <content>
                                                            <ptk:l/>
                                                         </content>
                                                      </ResolveTransclusionLog>
                                                      <ResolveTransclusionLog>
                                                         <success>true</success>
                                                         <target>#if</target>
                                                         <canonical null="true"/>
                                                         <timeNeeded>0</timeNeeded>
                                                         <content>
                                                            <ptk:l/>
                                                         </content>
                                                      </ResolveTransclusionLog>
                                                      <ResolveTransclusionLog>
                                                         <success>true</success>
                                                         <target>#if</target>
                                                         <canonical null="true"/>
                                                         <timeNeeded>0</timeNeeded>
                                                         <content>
                                                            <ptk:l/>
                                                         </content>
                                                      </ResolveTransclusionLog>
                                                      <ResolveTransclusionLog>
                                                         <success>true</success>
                                                         <target>#if</target>
                                                         <canonical null="true"/>
                                                         <timeNeeded>0</timeNeeded>
                                                         <content>
                                                            <ptk:l/>
                                                         </content>
                                                      </ResolveTransclusionLog>
                                                      <ResolveTransclusionLog>
                                                         <success>true</success>
                                                         <target>#if</target>
                                                         <canonical null="true"/>
                                                         <timeNeeded>0</timeNeeded>
                                                         <content>
                                                            <ptk:l/>
                                                         </content>
                                                      </ResolveTransclusionLog>
                                                      <ResolveTransclusionLog>
                                                         <success>true</success>
                                                         <target>#ifexist</target>
                                                         <canonical null="true"/>
                                                         <timeNeeded>15</timeNeeded>
                                                         <content>
                                                            <ptk:l/>
                                                         </content>
                                                      </ResolveTransclusionLog>
                                                      <ResolveTransclusionLog>
                                                         <success>true</success>
                                                         <target>#if</target>
                                                         <canonical null="true"/>
                                                         <timeNeeded>0</timeNeeded>
                                                         <content>
                                                            <ptk:l/>
                                                         </content>
                                                      </ResolveTransclusionLog>
                                                      <ResolveTransclusionLog>
                                                         <success>true</success>
                                                         <target>#ifexist</target>
                                                         <canonical null="true"/>
                                                         <timeNeeded>0</timeNeeded>
                                                         <content>
                                                            <ptk:l/>
                                                         </content>
                                                      </ResolveTransclusionLog>
                                                      <ResolveTransclusionLog>
                                                         <success>true</success>
                                                         <target>#ifexist</target>
                                                         <canonical null="true"/>
                                                         <timeNeeded>0</timeNeeded>
                                                         <content>
                                                            <ptk:l/>
                                                         </content>
                                                      </ResolveTransclusionLog>
                                                      <ResolveTransclusionLog>
                                                         <success>true</success>
                                                         <target>#if</target>
                                                         <canonical null="true"/>
                                                         <timeNeeded>0</timeNeeded>
                                                         <content>
                                                            <ptk:l/>
                                                         </content>
                                                      </ResolveTransclusionLog>
                                                      <ResolveTransclusionLog>
                                                         <success>true</success>
                                                         <target>#ifexist</target>
                                                         <canonical null="true"/>
                                                         <timeNeeded>0</timeNeeded>
                                                         <content>
                                                            <ptk:l/>
                                                         </content>
                                                      </ResolveTransclusionLog>
                                                      <ResolveTransclusionLog>
                                                         <success>true</success>
                                                         <target>#ifexist</target>
                                                         <canonical null="true"/>
                                                         <timeNeeded>0</timeNeeded>
                                                         <content>
                                                            <ptk:l/>
                                                         </content>
                                                      </ResolveTransclusionLog>
                                                      <ResolveTransclusionLog>
                                                         <success>true</success>
                                                         <target>#if</target>
                                                         <canonical null="true"/>
                                                         <timeNeeded>0</timeNeeded>
                                                         <content>
                                                            <ptk:l/>
                                                         </content>
                                                      </ResolveTransclusionLog>
                                                      <ResolveTransclusionLog>
                                                         <success>true</success>
                                                         <target>#ifexist</target>
                                                         <canonical null="true"/>
                                                         <timeNeeded>0</timeNeeded>
                                                         <content>
                                                            <ptk:l/>
                                                         </content>
                                                      </ResolveTransclusionLog>
                                                      <ResolveTransclusionLog>
                                                         <success>true</success>
                                                         <target>#if</target>
                                                         <canonical null="true"/>
                                                         <timeNeeded>0</timeNeeded>
                                                         <content>
                                                            <ptk:l/>
                                                         </content>
                                                      </ResolveTransclusionLog>
                                                      <ResolveTransclusionLog>
                                                         <success>true</success>
                                                         <target>#ifexist</target>
                                                         <canonical null="true"/>
                                                         <timeNeeded>0</timeNeeded>
                                                         <content>
                                                            <ptk:l/>
                                                         </content>
                                                      </ResolveTransclusionLog>
                                                      <ResolveTransclusionLog>
                                                         <success>true</success>
                                                         <target>#ifexist</target>
                                                         <canonical null="true"/>
                                                         <timeNeeded>0</timeNeeded>
                                                         <content>
                                                            <ptk:l/>
                                                         </content>
                                                      </ResolveTransclusionLog>
                                                      <ResolveTransclusionLog>
                                                         <success>true</success>
                                                         <target>#if</target>
                                                         <canonical null="true"/>
                                                         <timeNeeded>0</timeNeeded>
                                                         <content>
                                                            <ptk:l/>
                                                         </content>
                                                      </ResolveTransclusionLog>
                                                      <ResolveTransclusionLog>
                                                         <success>true</success>
                                                         <target>#if</target>
                                                         <canonical null="true"/>
                                                         <timeNeeded>0</timeNeeded>
                                                         <content>
                                                            <ptk:l/>
                                                         </content>
                                                      </ResolveTransclusionLog>
                                                      <ResolveTransclusionLog>
                                                         <success>true</success>
                                                         <target>#if</target>
                                                         <canonical null="true"/>
                                                         <timeNeeded>0</timeNeeded>
                                                         <content>
                                                            <ptk:l/>
                                                         </content>
                                                      </ResolveTransclusionLog>
                                                      <ResolveTransclusionLog>
                                                         <success>true</success>
                                                         <target>#if</target>
                                                         <canonical null="true"/>
                                                         <timeNeeded>0</timeNeeded>
                                                         <content>
                                                            <ptk:l/>
                                                         </content>
                                                      </ResolveTransclusionLog>
                                                      <ResolveTransclusionLog>
                                                         <success>true</success>
                                                         <target>#if</target>
                                                         <canonical null="true"/>
                                                         <timeNeeded>0</timeNeeded>
                                                         <content>
                                                            <ptk:l/>
                                                         </content>
                                                      </ResolveTransclusionLog>
                                                      <ResolveTransclusionLog>
                                                         <success>true</success>
                                                         <target>#if</target>
                                                         <canonical null="true"/>
                                                         <timeNeeded>0</timeNeeded>
                                                         <content>
                                                            <ptk:l/>
                                                         </content>
                                                      </ResolveTransclusionLog>
                                                      <ResolveTransclusionLog>
                                                         <success>true</success>
                                                         <target>#if</target>
                                                         <canonical null="true"/>
                                                         <timeNeeded>0</timeNeeded>
                                                         <content>
                                                            <ptk:l/>
                                                         </content>
                                                      </ResolveTransclusionLog>
                                                      <ResolveTransclusionLog>
                                                         <success>true</success>
                                                         <target>#if</target>
                                                         <canonical null="true"/>
                                                         <timeNeeded>0</timeNeeded>
                                                         <content>
                                                            <ptk:l/>
                                                         </content>
                                                      </ResolveTransclusionLog>
                                                      <ResolveTransclusionLog>
                                                         <success>true</success>
                                                         <target>#if</target>
                                                         <canonical null="true"/>
                                                         <timeNeeded>0</timeNeeded>
                                                         <content>
                                                            <ptk:l/>
                                                         </content>
                                                      </ResolveTransclusionLog>
                                                      <ResolveTransclusionLog>
                                                         <success>true</success>
                                                         <target>#if</target>
                                                         <canonical null="true"/>
                                                         <timeNeeded>0</timeNeeded>
                                                         <content>
                                                            <ptk:l/>
                                                         </content>
                                                      </ResolveTransclusionLog>
                                                      <ResolveTransclusionLog>
                                                         <success>true</success>
                                                         <target>#if</target>
                                                         <canonical null="true"/>
                                                         <timeNeeded>0</timeNeeded>
                                                         <content>
                                                            <ptk:l/>
                                                         </content>
                                                      </ResolveTransclusionLog>
                                                      <ResolveTransclusionLog>
                                                         <success>true</success>
                                                         <target>#ifexist</target>
                                                         <canonical null="true"/>
                                                         <timeNeeded>0</timeNeeded>
                                                         <content>
                                                            <ptk:l/>
                                                         </content>
                                                      </ResolveTransclusionLog>
                                                      <ResolveTransclusionLog>
                                                         <success>true</success>
                                                         <target>coord</target>
                                                         <canonical>قالب:Coord</canonical>
                                                         <timeNeeded>0</timeNeeded>
                                                         <content>
                                                            <ptk:l>
                                                               <CompilerLog>
                                                                  <title>قالب:Coord</title>
                                                                  <revision>191889</revision>
                                                                  <content>
                                                                     <ptk:l>
                                                                        <ValidatorLog>
                                                                           <timeNeeded>0</timeNeeded>
                                                                           <content>
                                                                              <ptk:l/>
                                                                           </content>
                                                                        </ValidatorLog>
                                                                        <PreprocessorLog>
                                                                           <forInclusion>true</forInclusion>
                                                                           <timeNeeded>0</timeNeeded>
                                                                           <content>
                                                                              <ptk:l/>
                                                                           </content>
                                                                        </PreprocessorLog>
                                                                        <PpResolverLog>
                                                                           <timeNeeded>0</timeNeeded>
                                                                           <content>
                                                                              <ptk:l>
                                                                                 <IllegalNameException>
                                                                                    <message>Cannot resolve target of transclusion to a simple name.</message>
                                                                                    <name>
                                                                                       <ptk:l location="قالب:Coord:2:6">
                                                                                          <ptk:t location="قالب:Coord:2:6">Coord/input/</ptk:t>
                                                                                          <Template location="قالب:Coord:2:20">
                                                                                             <ptk:a name="RTD">
                                                                                                <RtData>rO0ABXNyACZvcmcuc3dlYmxlLndpa2l0ZXh0LmxhenkucGFyc2VyLlJ0RGF0YQAAAAAAAAABAgABWwADcnRzdAAUW1tMamF2YS9sYW5nL09iamVjdDt4cHVyABRbW0xqYXZhLmxhbmcuT2JqZWN0Oxi/+1Pka9vKAgAAeHAAAAADdXIAE1tMamF2YS5sYW5nLk9iamVjdDuQzlifEHMpbAIAAHhwAAAAAXQAAnt7cHVxAH4ABQAAAAF0AAJ9fQ==</RtData>
                                                                                             </ptk:a>
                                                                                             <name>
                                                                                                <ptk:l location="قالب:Coord:2:20">
                                                                                                   <ptk:t location="قالب:Coord:2:20">#ifeq:</ptk:t>
                                                                                                   <TemplateParameter location="قالب:Coord:2:29">
                                                                                                      <ptk:a name="RTD">
                                                                                                         <RtData>c3EAfgAAdXEAfgADAAAABHVxAH4ABQAAAAF0AAN7e3twcHVxAH4ABQAAAAF0AAN9fX0=</RtData>
                                                                                                      </ptk:a>
                                                                                                      <name>
                                                                                                         <ptk:l location="قالب:Coord:2:29">
                                                                                                            <ptk:t location="قالب:Coord:2:29">1</ptk:t>
                                                                                                         </ptk:l>
                                                                                                      </name>
                                                                                                      <defaultValue>
                                                                                                         <TemplateArgument location="قالب:Coord:2:31">
                                                                                                            <ptk:a name="RTD">
                                                                                                               <RtData>c3EAfgAAdXEAfgADAAAAA3VxAH4ABQAAAAF0AAF8cHA=</RtData>
                                                                                                            </ptk:a>
                                                                                                            <hasName>false</hasName>
                                                                                                            <name>
                                                                                                               <ptk:l/>
                                                                                                            </name>
                                                                                                            <value>
                                                                                                               <ptk:l location="قالب:Coord:2:31"/>
                                                                                                            </value>
                                                                                                         </TemplateArgument>
                                                                                                      </defaultValue>
                                                                                                      <garbage/>
                                                                                                   </TemplateParameter>
                                                                                                </ptk:l>
                                                                                             </name>
                                                                                             <args>
                                                                                                <ptk:l location="قالب:Coord:2:34">
                                                                                                   <TemplateArgument location="قالب:Coord:2:35">
                                                                                                      <ptk:a name="RTD">
                                                                                                         <RtData>c3EAfgAAdXEAfgADAAAAA3VxAH4ABQAAAAF0AAF8cHA=</RtData>
                                                                                                      </ptk:a>
                                                                                                      <hasName>false</hasName>
                                                                                                      <name>
                                                                                                         <ptk:l/>
                                                                                                      </name>
                                                                                                      <value>
                                                                                                         <ptk:l location="قالب:Coord:2:35"/>
                                                                                                      </value>
                                                                                                   </TemplateArgument>
                                                                                                   <TemplateArgument location="قالب:Coord:2:36">
                                                                                                      <ptk:a name="RTD">
                                                                                                         <RtData>c3EAfgAAdXEAfgADAAAAA3VxAH4ABQAAAAF0AAF8cHA=</RtData>
                                                                                                      </ptk:a>
                                                                                                      <hasName>false</hasName>
                                                                                                      <name>
                                                                                                         <ptk:l/>
                                                                                                      </name>
                                                                                                      <value>
                                                                                                         <ptk:l location="قالب:Coord:2:36">
                                                                                                            <ptk:t location="قالب:Coord:2:36">nolat</ptk:t>
                                                                                                         </ptk:l>
                                                                                                      </value>
                                                                                                   </TemplateArgument>
                                                                                                   <TemplateArgument location="قالب:Coord:2:42">
                                                                                                      <ptk:a name="RTD">
                                                                                                         <RtData>c3EAfgAAdXEAfgADAAAAA3VxAH4ABQAAAAF0AAF8cHA=</RtData>
                                                                                                      </ptk:a>
                                                                                                      <hasName>false</hasName>
                                                                                                      <name>
                                                                                                         <ptk:l/>
                                                                                                      </name>
                                                                                                      <value>
                                                                                                         <ptk:l location="قالب:Coord:2:42">
                                                                                                            <Template location="قالب:Coord:2:44">
                                                                                                               <ptk:a name="RTD">
                                                                                                                  <RtData>c3EAfgAAdXEAfgADAAAAA3VxAH4ABQAAAAFxAH4AB3B1cQB+AAUAAAABcQB+AAk=</RtData>
                                                                                                               </ptk:a>
                                                                                                               <name>
                                                                                                                  <ptk:l location="قالب:Coord:2:44">
                                                                                                                     <ptk:t location="قالب:Coord:2:44">#ifeq:</ptk:t>
                                                                                                                     <TemplateParameter location="قالب:Coord:2:53">
                                                                                                                        <ptk:a name="RTD">
                                                                                                                           <RtData>c3EAfgAAdXEAfgADAAAABHVxAH4ABQAAAAFxAH4ADXBwdXEAfgAFAAAAAXEAfgAP</RtData>
                                                                                                                        </ptk:a>
                                                                                                                        <name>
                                                                                                                           <ptk:l location="قالب:Coord:2:53">
                                                                                                                              <ptk:t location="قالب:Coord:2:53">4</ptk:t>
                                                                                                                           </ptk:l>
                                                                                                                        </name>
                                                                                                                        <defaultValue>
                                                                                                                           <TemplateArgument location="قالب:Coord:2:55">
                                                                                                                              <ptk:a name="RTD">
                                                                                                                                 <RtData>c3EAfgAAdXEAfgADAAAAA3VxAH4ABQAAAAF0AAF8cHA=</RtData>
                                                                                                                              </ptk:a>
                                                                                                                              <hasName>false</hasName>
                                                                                                                              <name>
                                                                                                                                 <ptk:l/>
                                                                                                                              </name>
                                                                                                                              <value>
                                                                                                                                 <ptk:l location="قالب:Coord:2:55"/>
                                                                                                                              </value>
                                                                                                                           </TemplateArgument>
                                                                                                                        </defaultValue>
                                                                                                                        <garbage/>
                                                                                                                     </TemplateParameter>
                                                                                                                     <TemplateParameter location="قالب:Coord:2:61">
                                                                                                                        <ptk:a name="RTD">
                                                                                                                           <RtData>c3EAfgAAdXEAfgADAAAABHVxAH4ABQAAAAFxAH4ADXBwdXEAfgAFAAAAAXEAfgAP</RtData>
                                                                                                                        </ptk:a>
                                                                                                                        <name>
                                                                                                                           <ptk:l location="قالب:Coord:2:61">
                                                                                                                              <ptk:t location="قالب:Coord:2:61">5</ptk:t>
                                                                                                                           </ptk:l>
                                                                                                                        </name>
                                                                                                                        <defaultValue>
                                                                                                                           <TemplateArgument location="قالب:Coord:2:63">
                                                                                                                              <ptk:a name="RTD">
                                                                                                                                 <RtData>c3EAfgAAdXEAfgADAAAAA3VxAH4ABQAAAAF0AAF8cHA=</RtData>
                                                                                                                              </ptk:a>
                                                                                                                              <hasName>false</hasName>
                                                                                                                              <name>
                                                                                                                                 <ptk:l/>
                                                                                                                              </name>
                                                                                                                              <value>
                                                                                                                                 <ptk:l location="قالب:Coord:2:63"/>
                                                                                                                              </value>
                                                                                                                           </TemplateArgument>
                                                                                                                        </defaultValue>
                                                                                                                        <garbage/>
                                                                                                                     </TemplateParameter>
                                                                                                                     <TemplateParameter location="قالب:Coord:2:69">
                                                                                                                        <ptk:a name="RTD">
                                                                                                                           <RtData>c3EAfgAAdXEAfgADAAAABHVxAH4ABQAAAAFxAH4ADXBwdXEAfgAFAAAAAXEAfgAP</RtData>
                                                                                                                        </ptk:a>
                                                                                                                        <name>
                                                                                                                           <ptk:l location="قالب:Coord:2:69">
                                                                                                                              <ptk:t location="قالب:Coord:2:69">6</ptk:t>
                                                                                                                           </ptk:l>
                                                                                                                        </name>
                                                                                                                        <defaultValue>
                                                                                                                           <TemplateArgument location="قالب:Coord:2:71">
                                                                                                                              <ptk:a name="RTD">
                                                                                                                                 <RtData>c3EAfgAAdXEAfgADAAAAA3VxAH4ABQAAAAF0AAF8cHA=</RtData>
                                                                                                                              </ptk:a>
                                                                                                                              <hasName>false</hasName>
                                                                                                                              <name>
                                                                                                                                 <ptk:l/>
                                                                                                                              </name>
                                                                                                                              <value>
                                                                                                                                 <ptk:l location="قالب:Coord:2:71"/>
                                                                                                                              </value>
                                                                                                                           </TemplateArgument>
                                                                                                                        </defaultValue>
                                                                                                                        <garbage/>
                                                                                                                     </TemplateParameter>
                                                                                                                  </ptk:l>
                                                                                                               </name>
                                                                                                               <args>
                                                                                                                  <ptk:l location="قالب:Coord:2:74">
                                                                                                                     <TemplateArgument location="قالب:Coord:2:75">
                                                                                                                        <ptk:a name="RTD">
                                                                                                                           <RtData>c3EAfgAAdXEAfgADAAAAA3VxAH4ABQAAAAF0AAF8cHA=</RtData>
                                                                                                                        </ptk:a>
                                                                                                                        <hasName>false</hasName>
                                                                                                                        <name>
                                                                                                                           <ptk:l/>
                                                                                                                        </name>
                                                                                                                        <value>
                                                                                                                           <ptk:l location="قالب:Coord:2:75"/>
                                                                                                                        </value>
                                                                                                                     </TemplateArgument>
                                                                                                                     <TemplateArgument location="قالب:Coord:2:76">
                                                                                                                        <ptk:a name="RTD">
                                                                                                                           <RtData>c3EAfgAAdXEAfgADAAAAA3VxAH4ABQAAAAF0AAF8cHA=</RtData>
                                                                                                                        </ptk:a>
                                                                                                                        <hasName>false</hasName>
                                                                                                                        <name>
                                                                                                                           <ptk:l/>
                                                                                                                        </name>
                                                                                                                        <value>
                                                                                                                           <ptk:l location="قالب:Coord:2:76">
                                                                                                                              <ptk:t location="قالب:Coord:2:76">dec</ptk:t>
                                                                                                                           </ptk:l>
                                                                                                                        </value>
                                                                                                                     </TemplateArgument>
                                                                                                                     <TemplateArgument location="قالب:Coord:2:80">
                                                                                                                        <ptk:a name="RTD">
                                                                                                                           <RtData>c3EAfgAAdXEAfgADAAAAA3VxAH4ABQAAAAF0AAF8cHA=</RtData>
                                                                                                                        </ptk:a>
                                                                                                                        <hasName>false</hasName>
                                                                                                                        <name>
                                                                                                                           <ptk:l/>
                                                                                                                        </name>
                                                                                                                        <value>
                                                                                                                           <ptk:l location="قالب:Coord:2:80">
                                                                                                                              <Template location="قالب:Coord:2:82">
                                                                                                                                 <ptk:a name="RTD">
                                                                                                                                    <RtData>c3EAfgAAdXEAfgADAAAAA3VxAH4ABQAAAAFxAH4AB3B1cQB+AAUAAAABcQB+AAk=</RtData>
                                                                                                                                 </ptk:a>
                                                                                                                                 <name>
                                                                                                                                    <ptk:l location="قالب:Coord:2:82">
                                                                                                                                       <ptk:t location="قالب:Coord:2:82">#if:</ptk:t>
                                                                                                                                       <Template location="قالب:Coord:2:88">
                                                                                                                                          <ptk:a name="RTD">
                                                                                                                                             <RtData>c3EAfgAAdXEAfgADAAAAA3VxAH4ABQAAAAFxAH4AB3B1cQB+AAUAAAABcQB+AAk=</RtData>
                                                                                                                                          </ptk:a>
                                                                                                                                          <name>
                                                                                                                                             <ptk:l location="قالب:Coord:2:88">
                                                                                                                                                <ptk:t location="قالب:Coord:2:88">#switch:</ptk:t>
                                                                                                                                                <TemplateParameter location="قالب:Coord:2:99">
                                                                                                                                                   <ptk:a name="RTD">
                                                                                                                                                      <RtData>c3EAfgAAdXEAfgADAAAABHVxAH4ABQAAAAFxAH4ADXBwdXEAfgAFAAAAAXEAfgAP</RtData>
                                                                                                                                                   </ptk:a>
                                                                                                                                                   <name>
                                                                                                                                                      <ptk:l location="قالب:Coord:2:99">
                                                                                                                                                         <ptk:t location="قالب:Coord:2:99">4</ptk:t>
                                                                                                                                                      </ptk:l>
                                                                                                                                                   </name>
                                                                                                                                                   <defaultValue/>
                                                                                                                                                   <garbage/>
                                                                                                                                                </TemplateParameter>
                                                                                                                                                <TemplateParameter location="قالب:Coord:2:106">
                                                                                                                                                   <ptk:a name="RTD">
                                                                                                                                                      <RtData>c3EAfgAAdXEAfgADAAAABHVxAH4ABQAAAAFxAH4ADXBwdXEAfgAFAAAAAXEAfgAP</RtData>
                                                                                                                                                   </ptk:a>
                                                                                                                                                   <name>
                                                                                                                                                      <ptk:l location="قالب:Coord:2:106">
                                                                                                                                                         <ptk:t location="قالب:Coord:2:106">8</ptk:t>
                                                                                                                                                      </ptk:l>
                                                                                                                                                   </name>
                                                                                                                                                   <defaultValue/>
                                                                                                                                                   <garbage/>
                                                                                                                                                </TemplateParameter>
                                                                                                                                             </ptk:l>
                                                                                                                                          </name>
                                                                                                                                          <args>
                                                                                                                                             <ptk:l location="قالب:Coord:2:110">
                                                                                                                                                <TemplateArgument location="قالب:Coord:2:111">
                                                                                                                                                   <ptk:a name="RTD">
                                                                                                                                                      <RtData>c3EAfgAAdXEAfgADAAAAA3VxAH4ABQAAAAF0AAF8cHA=</RtData>
                                                                                                                                                   </ptk:a>
                                                                                                                                                   <hasName>false</hasName>
                                                                                                                                                   <name>
                                                                                                                                                      <ptk:l/>
                                                                                                                                                   </name>
                                                                                                                                                   <value>
                                                                                                                                                      <ptk:l location="قالب:Coord:2:111">
                                                                                                                                                         <ptk:t location="قالب:Coord:2:111">NE</ptk:t>
                                                                                                                                                      </ptk:l>
                                                                                                                                                   </value>
                                                                                                                                                </TemplateArgument>
                                                                                                                                                <TemplateArgument location="��الب:Coord:2:114">
                                                                                                                                                   <ptk:a name="RTD">
                                                                                                                                                      <RtData>c3EAfgAAdXEAfgADAAAAA3VxAH4ABQAAAAF0AAF8cHA=</RtData>
                                                                                                                                                   </ptk:a>
                                                                                                                                                   <hasName>false</hasName>
                                                                                                                                                   <name>
                                                                                                                                                      <ptk:l/>
                                                                                                                                                   </name>
                                                                                                                                                   <value>
                                                                                                                                                      <ptk:l location="قالب:Coord:2:114">
                                                                                                                                                         <ptk:t location="قالب:Coord:2:114">NW</ptk:t>
                                                                                                                                                      </ptk:l>
                                                                                                                                                   </value>
                                                                                                                                                </TemplateArgument>
                                                                                                                                                <TemplateArgument location="قالب:Coord:2:117">
                                                                                                                                                   <ptk:a name="RTD">
                                                                                                                                                      <RtData>c3EAfgAAdXEAfgADAAAAA3VxAH4ABQAAAAF0AAF8cHA=</RtData>
                                                                                                                                                   </ptk:a>
                                                                                                                                                   <hasName>false</hasName>
                                                                                                                                                   <name>
                                                                                                                                                      <ptk:l/>
                                                                                                                                                   </name>
                                                                                                                                                   <value>
                                                                                                                                                      <ptk:l location="قالب:Coord:2:117">
                                                                                                                                                         <ptk:t location="قالب:Coord:2:117">SE</ptk:t>
                                                                                                                                                      </ptk:l>
                                                                                                                                                   </value>
                                                                                                                                                </TemplateArgument>
                                                                                                                                                <TemplateArgument location="قالب:Coord:2:120">
                                                                                                                                                   <ptk:a name="RTD">
                                                                                                                                                      <RtData>c3EAfgAAdXEAfgADAAAAA3VxAH4ABQAAAAF0AAF8dXEAfgAFAAAAAXQAAT1w</RtData>
                                                                                                                                                   </ptk:a>
                                                                                                                                                   <hasName>true</hasName>
                                                                                                                                                   <name>
                                                                                                                                                      <ptk:l location="قالب:Coord:2:120">
                                                                                                                                                         <ptk:t location="قالب:Coord:2:120">SW</ptk:t>
                                                                                                                                                      </ptk:l>
                                                                                                                                                   </name>
                                                                                                                                                   <value>
                                                                                                                                                      <ptk:l location="قالب:Coord:2:123">
                                                                                                                                                         <ptk:t location="قالب:Coord:2:123">y</ptk:t>
                                                                                                                                                      </ptk:l>
                                                                                                                                                   </value>
                                                                                                                                                </TemplateArgument>
                                                                                                                                             </ptk:l>
                                                                                                                                          </args>
                                                                                                                                       </Template>
                                                                                                                                    </ptk:l>
                                                                                                                                 </name>
                                                                                                                                 <args>
                                                                                                                                    <ptk:l location="قالب:Coord:2:126">
                                                                                                                                       <TemplateArgument location="قالب:Coord:2:127">
                                                                                                                                          <ptk:a name="RTD">
                                                                                                                                             <RtData>c3EAfgAAdXEAfgADAAAAA3VxAH4ABQAAAAF0AAF8cHA=</RtData>
                                                                                                                                          </ptk:a>
                                                                                                                                          <hasName>false</hasName>
                                                                                                                                          <name>
                                                                                                                                             <ptk:l/>
                                                                                                                                          </name>
                                                                                                                                          <value>
                                                                                                                                             <ptk:l location="قالب:Coord:2:127">
                                                                                                                                                <ptk:t location="قالب:Coord:2:127">dms</ptk:t>
                                                                                                                                             </ptk:l>
                                                                                                                                          </value>
                                                                                                                                       </TemplateArgument>
                                                                                                                                       <TemplateArgument location="قالب:Coord:2:131">
                                                                                                                                          <ptk:a name="RTD">
                                                                                                                                             <RtData>c3EAfgAAdXEAfgADAAAAA3VxAH4ABQAAAAF0AAF8cHA=</RtData>
                                                                                                                                          </ptk:a>
                                                                                                                                          <hasName>false</hasName>
                                                                                                                                          <name>
                                                                                                                                             <ptk:l/>
                                                                                                                                          </name>
                                                                                                                                          <value>
                                                                                                                                             <ptk:l location="قالب:Coord:2:131">
                                                                                                                                                <Template location="قالب:Coord:2:133">
                                                                                                                                                   <ptk:a name="RTD">
                                                                                                                                                      <RtData>c3EAfgAAdXEAfgADAAAAA3VxAH4ABQAAAAFxAH4AB3B1cQB+AAUAAAABcQB+AAk=</RtData>
                                                                                                                                                   </ptk:a>
                                                                                                                                                   <name>
                                                                                                                                                      <ptk:l location="قالب:Coord:2:133">
                                                                                                                                                         <ptk:t location="قالب:Coord:2:133">#if:</ptk:t>
                                                                                                                                                         <Template location="قالب:Coord:2:139">
                                                                                                                                                            <ptk:a name="RTD">
                                                                                                                                                               <RtData>c3EAfgAAdXEAfgADAAAAA3VxAH4ABQAAAAFxAH4AB3B1cQB+AAUAAAABcQB+AAk=</RtData>
                                                                                                                                                            </ptk:a>
                                                                                                                                                            <name>
                                                                                                                                                               <ptk:l location="قالب:Coord:2:139">
                                                                                                                                                                  <ptk:t location="قالب:Coord:2:139">#switch:</ptk:t>
                                                                                                                                                                  <TemplateParameter location="قالب:Coord:2:150">
                                                                                                                                                                     <ptk:a name="RTD">
                                                                                                                                                                        <RtData>c3EAfgAAdXEAfgADAAAABHVxAH4ABQAAAAFxAH4ADXBwdXEAfgAFAAAAAXEAfgAP</RtData>
                                                                                                                                                                     </ptk:a>
                                                                                                                                                                     <name>
                                                                                                                                                                        <ptk:l location="قالب:Coord:2:150">
                                                                                                                                                                           <ptk:t location="��الب:Coord:2:150">3</ptk:t>
                                                                                                                                                                        </ptk:l>
                                                                                                                                                                     </name>
                                                                                                                                                                     <defaultValue/>
                                                                                                                                                                     <garbage/>
                                                                                                                                                                  </TemplateParameter>
                                                                                                                                                                  <TemplateParameter location="قالب:Coord:2:157">
                                                                                                                                                                     <ptk:a name="RTD">
                                                                                                                                                                        <RtData>c3EAfgAAdXEAfgADAAAABHVxAH4ABQAAAAFxAH4ADXBwdXEAfgAFAAAAAXEAfgAP</RtData>
                                                                                                                                                                     </ptk:a>
                                                                                                                                                                     <name>
                                                                                                                                                                        <ptk:l location="قالب:Coord:2:157">
                                                                                                                                                                           <ptk:t location="قالب:Coord:2:157">6</ptk:t>
                                                                                                                                                                        </ptk:l>
                                                                                                                                                                     </name>
                                                                                                                                                                     <defaultValue/>
                                                                                                                                                                     <garbage/>
                                                                                                                                                                  </TemplateParameter>
                                                                                                                                                               </ptk:l>
                                                                                                                                                            </name>
                                                                                                                                                            <args>
                                                                                                                                                               <ptk:l location="قالب:Coord:2:161">
                                                                                                                                                                  <TemplateArgument location="قالب:Coord:2:162">
                                                                                                                                                                     <ptk:a name="RTD">
                                                                                                                                                                        <RtData>c3EAfgAAdXEAfgADAAAAA3VxAH4ABQAAAAF0AAF8cHA=</RtData>
                                                                                                                                                                     </ptk:a>
                                                                                                                                                                     <hasName>false</hasName>
                                                                                                                                                                     <name>
                                                                                                                                                                        <ptk:l/>
                                                                                                                                                                     </name>
                                                                                                                                                                     <value>
                                                                                                                                                                        <ptk:l location="قالب:Coord:2:162">
                                                                                                                                                                           <ptk:t location="قالب:Coord:2:162">NE</ptk:t>
                                                                                                                                                                        </ptk:l>
                                                                                                                                                                     </value>
                                                                                                                                                                  </TemplateArgument>
                                                                                                                                                                  <TemplateArgument location="قالب:Coord:2:165">
                                                                                                                                                                     <ptk:a name="RTD">
                                                                                                                                                                        <RtData>c3EAfgAAdXEAfgADAAAAA3VxAH4ABQAAAAF0AAF8cHA=</RtData>
                                                                                                                                                                     </ptk:a>
                                                                                                                                                                     <hasName>false</hasName>
                                                                                                                                                                     <name>
                                                                                                                                                                        <ptk:l/>
                                                                                                                                                                     </name>
                                                                                                                                                                     <value>
                                                                                                                                                                        <ptk:l location="قالب:Coord:2:165">
                                                                                                                                                                           <ptk:t location="قالب:Coord:2:165">NW</ptk:t>
                                                                                                                                                                        </ptk:l>
                                                                                                                                                                     </value>
                                                                                                                                                                  </TemplateArgument>
                                                                                                                                                                  <TemplateArgument location="قالب:Coord:2:168">
                                                                                                                                                                     <ptk:a name="RTD">
                                                                                                                                                                        <RtData>c3EAfgAAdXEAfgADAAAAA3VxAH4ABQAAAAF0AAF8cHA=</RtData>
                                                                                                                                                                     </ptk:a>
                                                                                                                                                                     <hasName>false</hasName>
                                                                                                                                                                     <name>
                                                                                                                                                                        <ptk:l/>
                                                                                                                                                                     </name>
                                                                                                                                                                     <value>
                                                                                                                                                                        <ptk:l location="قالب:Coord:2:168">
                                                                                                                                                                           <ptk:t location="قالب:Coord:2:168">SE</ptk:t>
                                                                                                                                                                        </ptk:l>
                                                                                                                                                                     </value>
                                                                                                                                                                  </TemplateArgument>
                                                                                                                                                                  <TemplateArgument location="قالب:Coord:2:171">
                                                                                                                                                                     <ptk:a name="RTD">
                                                                                                                                                                        <RtData>c3EAfgAAdXEAfgADAAAAA3VxAH4ABQAAAAF0AAF8dXEAfgAFAAAAAXQAAT1w</RtData>
                                                                                                                                                                     </ptk:a>
                                                                                                                                                                     <hasName>true</hasName>
                                                                                                                                                                     <name>
                                                                                                                                                                        <ptk:l location="قالب:Coord:2:171">
                                                                                                                                                                           <ptk:t location="قالب:Coord:2:171">SW</ptk:t>
                                                                                                                                                                        </ptk:l>
                                                                                                                                                                     </name>
                                                                                                                                                                     <value>
                                                                                                                                                                        <ptk:l location="قالب:Coord:2:174">
                                                                                                                                                                           <ptk:t location="قالب:Coord:2:174">y</ptk:t>
                                                                                                                                                                        </ptk:l>
                                                                                                                                                                     </value>
                                                                                                                                                                  </TemplateArgument>
                                                                                                                                                               </ptk:l>
                                                                                                                                                            </args>
                                                                                                                                                         </Template>
                                                                                                                                                      </ptk:l>
                                                                                                                                                   </name>
                                                                                                                                                   <args>
                                                                                                                                                      <ptk:l location="قالب:Coord:2:177">
                                                                                                                                                         <TemplateArgument location="قالب:Coord:2:178">
                                                                                                                                                            <ptk:a name="RTD">
                                                                                                                                                               <RtData>c3EAfgAAdXEAfgADAAAAA3VxAH4ABQAAAAF0AAF8cHA=</RtData>
                                                                                                                                                            </ptk:a>
                                                                                                                                                            <hasName>false</hasName>
                                                                                                                                                            <name>
                                                                                                                                                               <ptk:l/>
                                                                                                                                                            </name>
                                                                                                                                                            <value>
                                                                                                                                                               <ptk:l location="قالب:Coord:2:178">
                                                                                                                                                                  <ptk:t location="قالب:Coord:2:178">dm</ptk:t>
                                                                                                                                                               </ptk:l>
                                                                                                                                                            </value>
                                                                                                                                                         </TemplateArgument>
                                                                                                                                                         <TemplateArgument location="قالب:Coord:2:181">
                                                                                                                                                            <ptk:a name="RTD">
                                                                                                                                                               <RtData>c3EAfgAAdXEAfgADAAAAA3VxAH4ABQAAAAF0AAF8cHA=</RtData>
                                                                                                                                                            </ptk:a>
                                                                                                                                                            <hasName>false</hasName>
                                                                                                                                                            <name>
                                                                                                                                                               <ptk:l/>
                                                                                                                                                            </name>
                                                                                                                                                            <value>
                                                                                                                                                               <ptk:l location="قالب:Coord:2:181">
                                                                                                                                                                  <Template location="قالب:Coord:2:183">
                                                                                                                                                                     <ptk:a name="RTD">
                                                                                                                                                                        <RtData>c3EAfgAAdXEAfgADAAAAA3VxAH4ABQAAAAFxAH4AB3B1cQB+AAUAAAABcQB+AAk=</RtData>
                                                                                                                                                                     </ptk:a>
                                                                                                                                                                     <name>
                                                                                                                                                                        <ptk:l location="قالب:Coord:2:183">
                                                                                                                                                                           <ptk:t location="قالب:Coord:2:183">#if:</ptk:t>
                                                                                                                                                                           <Template location="قالب:Coord:2:189">
                                                                                                                                                                              <ptk:a name="RTD">
                                                                                                                                                                                 <RtData>c3EAfgAAdXEAfgADAAAAA3VxAH4ABQAAAAFxAH4AB3B1cQB+AAUAAAABcQB+AAk=</RtData>
                                                                                                                                                                              </ptk:a>
                                                                                                                                                                              <name>
                                                                                                                                                                                 <ptk:l location="قالب:Coord:2:189">
                                                                                                                                                                                    <ptk:t location="قالب:Coord:2:189">#switch:</ptk:t>
                                                                                                                                                                                    <TemplateParameter location="قالب:Coord:2:200">
                                                                                                                                                                                       <ptk:a name="RTD">
                                                                                                                                                                                          <RtData>c3EAfgAAdXEAfgADAAAABHVxAH4ABQAAAAFxAH4ADXBwdXEAfgAFAAAAAXEAfgAP</RtData>
                                                                                                                                                                                       </ptk:a>
                                                                                                                                                                                       <name>
                                                                                                                                                                                          <ptk:l location="قالب:Coord:2:200">
                                                                                                                                                                                             <ptk:t location="قالب:Coord:2:200">2</ptk:t>
                                                                                                                                                                                          </ptk:l>
                                                                                                                                                                                       </name>
                                                                                                                                                                                       <defaultValue/>
                                                                                                                                                                                       <garbage/>
                                                                                                                                                                                    </TemplateParameter>
                                                                                                                                                                                    <TemplateParameter location="قالب:Coord:2:207">
                                                                                                                                                                                       <ptk:a name="RTD">
                                                                                                                                                                                          <RtData>c3EAfgAAdXEAfgADAAAABHVxAH4ABQAAAAFxAH4ADXBwdXEAfgAFAAAAAXEAfgAP</RtData>
                                                                                                                                                                                       </ptk:a>
                                                                                                                                                                                       <name>
                                                                                                                                                                                          <ptk:l location="قالب:Coord:2:207">
                                                                                                                                                                                             <ptk:t location="قالب:Coord:2:207">4</ptk:t>
                                                                                                                                                                                          </ptk:l>
                                                                                                                                                                                       </name>
                                                                                                                                                                                       <defaultValue/>
                                                                                                                                                                                       <garbage/>
                                                                                                                                                                                    </TemplateParameter>
                                                                                                                                                                                 </ptk:l>
                                                                                                                                                                              </name>
                                                                                                                                                                              <args>
                                                                                                                                                                                 <ptk:l location="قالب:Coord:2:211">
                                                                                                                                                                                    <TemplateArgument location="قالب:Coord:2:212">
                                                                                                                                                                                       <ptk:a name="RTD">
                                                                                                                                                                                          <RtData>c3EAfgAAdXEAfgADAAAAA3VxAH4ABQAAAAF0AAF8cHA=</RtData>
                                                                                                                                                                                       </ptk:a>
                                                                                                                                                                                       <hasName>false</hasName>
                                                                                                                                                                                       <name>
                                                                                                                                                                                          <ptk:l/>
                                                                                                                                                                                       </name>
                                                                                                                                                                                       <value>
                                                                                                                                                                                          <ptk:l location="قالب:Coord:2:212">
                                                                                                                                                                                             <ptk:t location="قالب:Coord:2:212">NE</ptk:t>
                                                                                                                                                                                          </ptk:l>
                                                                                                                                                                                       </value>
                                                                                                                                                                                    </TemplateArgument>
                                                                                                                                                                                    <TemplateArgument location="قالب:Coord:2:215">
                                                                                                                                                                                       <ptk:a name="RTD">
                                                                                                                                                                                          <RtData>c3EAfgAAdXEAfgADAAAAA3VxAH4ABQAAAAF0AAF8cHA=</RtData>
                                                                                                                                                                                       </ptk:a>
                                                                                                                                                                                       <hasName>false</hasName>
                                                                                                                                                                                       <name>
                                                                                                                                                                                          <ptk:l/>
                                                                                                                                                                                       </name>
                                                                                                                                                                                       <value>
                                                                                                                                                                                          <ptk:l location="قالب:Coord:2:215">
                                                                                                                                                                                             <ptk:t location="قالب:Coord:2:215">NW</ptk:t>
                                                                                                                                                                                          </ptk:l>
                                                                                                                                                                                       </value>
                                                                                                                                                                                    </TemplateArgument>
                                                                                                                                                                                    <TemplateArgument location="قالب:Coord:2:218">
                                                                                                                                                                                       <ptk:a name="RTD">
                                                                                                                                                                                          <RtData>c3EAfgAAdXEAfgADAAAAA3VxAH4ABQAAAAF0AAF8cHA=</RtData>
                                                                                                                                                                                       </ptk:a>
                                                                                                                                                                                       <hasName>false</hasName>
                                                                                                                                                                                       <name>
                                                                                                                                                                                          <ptk:l/>
                                                                                                                                                                                       </name>
                                                                                                                                                                                       <value>
                                                                                                                                                                                          <ptk:l location="قالب:Coord:2:218">
                                                                                                                                                                                             <ptk:t location="قالب:Coord:2:218">SE</ptk:t>
                                                                                                                                                                                          </ptk:l>
                                                                                                                                                                                       </value>
                                                                                                                                                                                    </TemplateArgument>
                                                                                                                                                                                    <TemplateArgument location="قالب:Coord:2:221">
                                                                                                                                                                                       <ptk:a name="RTD">
                                                                                                                                                                                          <RtData>c3EAfgAAdXEAfgADAAAAA3VxAH4ABQAAAAF0AAF8dXEAfgAFAAAAAXQAAT1w</RtData>
                                                                                                                                                                                       </ptk:a>
                                                                                                                                                                                       <hasName>true</hasName>
                                                                                                                                                                                       <name>
                                                                                                                                                                                          <ptk:l location="قالب:Coord:2:221">
                                                                                                                                                                                             <ptk:t location="قالب:Coord:2:221">SW</ptk:t>
                                                                                                                                                                                          </ptk:l>
                                                                                                                                                                                       </name>
                                                                                                                                                                                       <value>
                                                                                                                                                                                          <ptk:l location="قالب:Coord:2:224">
                                                                                                                                                                                             <ptk:t location="قالب:Coord:2:224">y</ptk:t>
                                                                                                                                                                                          </ptk:l>
                                                                                                                                                                                       </value>
                                                                                                                                                                                    </TemplateArgument>
                                                                                                                                                                                 </ptk:l>
                                                                                                                                                                              </args>
                                                                                                                                                                           </Template>
                                                                                                                                                                        </ptk:l>
                                                                                                                                                                     </name>
                                                                                                                                                                     <args>
                                                                                                                                                                        <ptk:l location="قالب:Coord:2:227">
                                                                                                                                                                           <TemplateArgument location="قالب:Coord:2:228">
                                                                                                                                                                              <ptk:a name="RTD">
                                                                                                                                                                                 <RtData>c3EAfgAAdXEAfgADAAAAA3VxAH4ABQAAAAF0AAF8cHA=</RtData>
                                                                                                                                                                              </ptk:a>
                                                                                                                                                                              <hasName>false</hasName>
                                                                                                                                                                              <name>
                                                                                                                                                                                 <ptk:l/>
                                                                                                                                                                              </name>
                                                                                                                                                                              <value>
                                                                                                                                                                                 <ptk:l location="قالب:Coord:2:228">
                                                                                                                                                                                    <ptk:t location="قالب:Coord:2:228">d</ptk:t>
                                                                                                                                                                                 </ptk:l>
                                                                                                                                                                              </value>
                                                                                                                                                                           </TemplateArgument>
                                                                                                                                                                           <TemplateArgument location="قالب:Coord:2:230">
                                                                                                                                                                              <ptk:a name="RTD">
                                                                                                                                                                                 <RtData>c3EAfgAAdXEAfgADAAAAA3VxAH4ABQAAAAF0AAF8cHA=</RtData>
                                                                                                                                                                              </ptk:a>
                                                                                                                                                                              <hasName>false</hasName>
                                                                                                                                                                              <name>
                                                                                                                                                                                 <ptk:l/>
                                                                                                                                                                              </name>
                                                                                                                                                                              <value>
                                                                                                                                                                                 <ptk:l location="قالب:Coord:2:230">
                                                                                                                                                                                    <ptk:t location="قالب:Coord:2:230">ERROR</ptk:t>
                                                                                                                                                                                 </ptk:l>
                                                                                                                                                                              </value>
                                                                                                                                                                           </TemplateArgument>
                                                                                                                                                                        </ptk:l>
                                                                                                                                                                     </args>
                                                                                                                                                                  </Template>
                                                                                                                                                               </ptk:l>
                                                                                                                                                            </value>
                                                                                                                                                         </TemplateArgument>
                                                                                                                                                      </ptk:l>
                                                                                                                                                   </args>
                                                                                                                                                </Template>
                                                                                                                                             </ptk:l>
                                                                                                                                          </value>
                                                                                                                                       </TemplateArgument>
                                                                                                                                    </ptk:l>
                                                                                                                                 </args>
                                                                                                                              </Template>
                                                                                                                           </ptk:l>
                                                                                                                        </value>
                                                                                                                     </TemplateArgument>
                                                                                                                  </ptk:l>
                                                                                                               </args>
                                                                                                            </Template>
                                                                                                         </ptk:l>
                                                                                                      </value>
                                                                                                   </TemplateArgument>
                                                                                                </ptk:l>
                                                                                             </args>
                                                                                          </Template>
                                                                                          <ptk:t location="قالب:Coord:2:245">
</ptk:t>
                                                                                       </ptk:l>
                                                                                    </name>
                                                                                 </IllegalNameException>
                                                                                 <IllegalNameException>
                                                                                    <message>Cannot resolve target of transclusion to a simple name.</message>
                                                                                    <name>
                                                                                       <ptk:l location="قالب:Coord:1:16">
                                                                                          <ptk:t location="قالب:Coord:1:16">Coord/display/</ptk:t>
                                                                                          <TemplateParameter location="قالب:Coord:1:33">
                                                                                             <ptk:a name="RTD">
                                                                                                <RtData>c3EAfgAAdXEAfgADAAAABHVxAH4ABQAAAAFxAH4ADXBwdXEAfgAFAAAAAXEAfgAP</RtData>
                                                                                             </ptk:a>
                                                                                             <name>
                                                                                                <ptk:l location="قالب:Coord:1:33">
                                                                                                   <ptk:t location="قالب:Coord:1:33">display</ptk:t>
                                                                                                </ptk:l>
                                                                                             </name>
                                                                                             <defaultValue>
                                                                                                <TemplateArgument location="قالب:Coord:1:41">
                                                                                                   <ptk:a name="RTD">
                                                                                                      <RtData>c3EAfgAAdXEAfgADAAAAA3VxAH4ABQAAAAF0AAF8cHA=</RtData>
                                                                                                   </ptk:a>
                                                                                                   <hasName>false</hasName>
                                                                                                   <name>
                                                                                                      <ptk:l/>
                                                                                                   </name>
                                                                                                   <value>
                                                                                                      <ptk:l location="قالب:Coord:1:41">
                                                                                                         <ptk:t location="قالب:Coord:1:41">inline</ptk:t>
                                                                                                      </ptk:l>
                                                                                                   </value>
                                                                                                </TemplateArgument>
                                                                                             </defaultValue>
                                                                                             <garbage/>
                                                                                          </TemplateParameter>
                                                                                          <ptk:t location="قالب:Coord:1:50">
</ptk:t>
                                                                                       </ptk:l>
                                                                                    </name>
                                                                                 </IllegalNameException>
                                                                                 <ResolveTransclusionLog>
                                                                                    <success>false</success>
                                                                                    <target>Coord/input/error2</target>
                                                                                    <canonical>قالب:Coord/input/error2</canonical>
                                                                                    <timeNeeded>0</timeNeeded>
                                                                                    <content>
                                                                                       <ptk:l/>
                                                                                    </content>
                                                                                 </ResolveTransclusionLog>
                                                                                 <ResolveTransclusionLog>
                                                                                    <success>true</success>
                                                                                    <target>#ifeq</target>
                                                                                    <canonical null="true"/>
                                                                                    <timeNeeded>0</timeNeeded>
                                                                                    <content>
                                                                                       <ptk:l/>
                                                                                    </content>
                                                                                 </ResolveTransclusionLog>
                                                                                 <ResolveTransclusionLog>
                                                                                    <success>false</success>
                                                                                    <target>Coord/input/error2</target>
                                                                                    <canonical>قالب:Coord/input/error2</canonical>
                                                                                    <timeNeeded>0</timeNeeded>
                                                                                    <content>
                                                                                       <ptk:l/>
                                                                                    </content>
                                                                                 </ResolveTransclusionLog>
                                                                                 <ResolveTransclusionLog>
                                                                                    <success>true</success>
                                                                                    <target>#ifeq</target>
                                                                                    <canonical null="true"/>
                                                                                    <timeNeeded>0</timeNeeded>
                                                                                    <content>
                                                                                       <ptk:l/>
                                                                                    </content>
                                                                                 </ResolveTransclusionLog>
                                                                                 <ResolveTransclusionLog>
                                                                                    <success>false</success>
                                                                                    <target>Coord/input/error2</target>
                                                                                    <canonical>قالب:Coord/input/error2</canonical>
                                                                                    <timeNeeded>0</timeNeeded>
                                                                                    <content>
                                                                                       <ptk:l/>
                                                                                    </content>
                                                                                 </ResolveTransclusionLog>
                                                                                 <ResolveTransclusionLog>
                                                                                    <success>true</success>
                                                                                    <target>#ifeq</target>
                                                                                    <canonical null="true"/>
                                                                                    <timeNeeded>0</timeNeeded>
                                                                                    <content>
                                                                                       <ptk:l/>
                                                                                    </content>
                                                                                 </ResolveTransclusionLog>
                                                                                 <ResolveTransclusionLog>
                                                                                    <success>false</success>
                                                                                    <target>Coord/input/error2</target>
                                                                                    <canonical>قالب:Coord/input/error2</canonical>
                                                                                    <timeNeeded>0</timeNeeded>
                                                                                    <content>
                                                                                       <ptk:l/>
                                                                                    </content>
                                                                                 </ResolveTransclusionLog>
                                                                                 <ResolveTransclusionLog>
                                                                                    <success>true</success>
                                                                                    <target>#ifeq</target>
                                                                                    <canonical null="true"/>
                                                                                    <timeNeeded>0</timeNeeded>
                                                                                    <content>
                                                                                       <ptk:l/>
                                                                                    </content>
                                                                                 </ResolveTransclusionLog>
                                                                                 <ResolveTransclusionLog>
                                                                                    <success>false</success>
                                                                                    <target>Coord/input/error2</target>
                                                                                    <canonical>قالب:Coord/input/error2</canonical>
                                                                                    <timeNeeded>0</timeNeeded>
                                                                                    <content>
                                                                                       <ptk:l/>
                                                                                    </content>
                                                                                 </ResolveTransclusionLog>
                                                                                 <ResolveTransclusionLog>
                                                                                    <success>true</success>
                                                                                    <target>#ifeq</target>
                                                                                    <canonical null="true"/>
                                                                                    <timeNeeded>0</timeNeeded>
                                                                                    <content>
                                                                                       <ptk:l/>
                                                                                    </content>
                                                                                 </ResolveTransclusionLog>
                                                                                 <ResolveTransclusionLog>
                                                                                    <success>false</success>
                                                                                    <target>Coord/input/error2</target>
                                                                                    <canonical>قالب:Coord/input/error2</canonical>
                                                                                    <timeNeeded>0</timeNeeded>
                                                                                    <content>
                                                                                       <ptk:l/>
                                                                                    </content>
                                                                                 </ResolveTransclusionLog>
                                                                                 <ResolveTransclusionLog>
                                                                                    <success>true</success>
                                                                                    <target>#ifeq</target>
                                                                                    <canonical null="true"/>
                                                                                    <timeNeeded>0</timeNeeded>
                                                                                    <content>
                                                                                       <ptk:l/>
                                                                                    </content>
                                                                                 </ResolveTransclusionLog>
                                                                              </ptk:l>
                                                                           </content>
                                                                        </PpResolverLog>
                                                                     </ptk:l>
                                                                  </content>
                                                               </CompilerLog>
                                                            </ptk:l>
                                                         </content>
                                                      </ResolveTransclusionLog>
                                                      <ResolveTransclusionLog>
                                                         <success>true</success>
                                                         <target>#if</target>
                                                         <canonical null="true"/>
                                                         <timeNeeded>0</timeNeeded>
                                                         <content>
                                                            <ptk:l/>
                                                         </content>
                                                      </ResolveTransclusionLog>
                                                      <IllegalNameException>
                                                         <message>Cannot resolve target of transclusion to a simple name.</message>
                                                         <name>
                                                            <ptk:l location="قالب:Coord:2:6">
                                                               <ptk:t location="قالب:Coord:2:6">Coord/input/</ptk:t>
                                                               <Template location="قالب:Coord:2:20">
                                                                  <ptk:a name="RTD">
                                                                     <RtData>cQB+AAI=</RtData>
                                                                  </ptk:a>
                                                                  <name>
                                                                     <ptk:l location="قالب:Coord:2:20">
                                                                        <ptk:t location="قالب:Coord:2:20">#ifeq:</ptk:t>
                                                                        <TemplateParameter location="قالب:Coord:2:29">
                                                                           <ptk:a name="RTD">
                                                                              <RtData>cQB+AAo=</RtData>
                                                                           </ptk:a>
                                                                           <name>
                                                                              <ptk:l location="قالب:Coord:2:29">
                                                                                 <ptk:t location="قالب:Coord:2:29">1</ptk:t>
                                                                              </ptk:l>
                                                                           </name>
                                                                           <defaultValue>
                                                                              <TemplateArgument location="قالب:Coord:2:31">
                                                                                 <ptk:a name="RTD">
                                                                                    <RtData>cQB+ABA=</RtData>
                                                                                 </ptk:a>
                                                                                 <hasName>false</hasName>
                                                                                 <name>
                                                                                    <ptk:l/>
                                                                                 </name>
                                                                                 <value>
                                                                                    <ptk:l location="قالب:Coord:2:31"/>
                                                                                 </value>
                                                                              </TemplateArgument>
                                                                           </defaultValue>
                                                                           <garbage/>
                                                                        </TemplateParameter>
                                                                     </ptk:l>
                                                                  </name>
                                                                  <args>
                                                                     <ptk:l location="قالب:Coord:2:34">
                                                                        <TemplateArgument location="قالب:Coord:2:35">
                                                                           <ptk:a name="RTD">
                                                                              <RtData>cQB+ABQ=</RtData>
                                                                           </ptk:a>
                                                                           <hasName>false</hasName>
                                                                           <name>
                                                                              <ptk:l/>
                                                                           </name>
                                                                           <value>
                                                                              <ptk:l location="قالب:Coord:2:35"/>
                                                                           </value>
                                                                        </TemplateArgument>
                                                                        <TemplateArgument location="قالب:Coord:2:36">
                                                                           <ptk:a name="RTD">
                                                                              <RtData>cQB+ABg=</RtData>
                                                                           </ptk:a>
                                                                           <hasName>false</hasName>
                                                                           <name>
                                                                              <ptk:l/>
                                                                           </name>
                                                                           <value>
                                                                              <ptk:l location="قالب:Coord:2:36">
                                                                                 <ptk:t location="قالب:Coord:2:36">nolat</ptk:t>
                                                                              </ptk:l>
                                                                           </value>
                                                                        </TemplateArgument>
                                                                        <TemplateArgument location="قالب:Coord:2:42">
                                                                           <ptk:a name="RTD">
                                                                              <RtData>cQB+ABw=</RtData>
                                                                           </ptk:a>
                                                                           <hasName>false</hasName>
                                                                           <name>
                                                                              <ptk:l/>
                                                                           </name>
                                                                           <value>
                                                                              <ptk:l location="قالب:Coord:2:42">
                                                                                 <Template location="قالب:Coord:2:44">
                                                                                    <ptk:a name="RTD">
                                                                                       <RtData>cQB+ACA=</RtData>
                                                                                    </ptk:a>
                                                                                    <name>
                                                                                       <ptk:l location="قالب:Coord:2:44">
                                                                                          <ptk:t location="قالب:Coord:2:44">#ifeq:</ptk:t>
                                                                                          <TemplateParameter location="قالب:Coord:2:53">
                                                                                             <ptk:a name="RTD">
                                                                                                <RtData>cQB+ACQ=</RtData>
                                                                                             </ptk:a>
                                                                                             <name>
                                                                                                <ptk:l location="قالب:Coord:2:53">
                                                                                                   <ptk:t location="قالب:Coord:2:53">4</ptk:t>
                                                                                                </ptk:l>
                                                                                             </name>
                                                                                             <defaultValue>
                                                                                                <TemplateArgument location="قالب:Coord:2:55">
                                                                                                   <ptk:a name="RTD">
                                                                                                      <RtData>cQB+ACg=</RtData>
                                                                                                   </ptk:a>
                                                                                                   <hasName>false</hasName>
                                                                                                   <name>
                                                                                                      <ptk:l/>
                                                                                                   </name>
                                                                                                   <value>
                                                                                                      <ptk:l location="قالب:Coord:2:55"/>
                                                                                                   </value>
                                                                                                </TemplateArgument>
                                                                                             </defaultValue>
                                                                                             <garbage/>
                                                                                          </TemplateParameter>
                                                                                          <TemplateParameter location="قالب:Coord:2:61">
                                                                                             <ptk:a name="RTD">
                                                                                                <RtData>cQB+ACw=</RtData>
                                                                                             </ptk:a>
                                                                                             <name>
                                                                                                <ptk:l location="قالب:Coord:2:61">
                                                                                                   <ptk:t location="قالب:Coord:2:61">5</ptk:t>
                                                                                                </ptk:l>
                                                                                             </name>
                                                                                             <defaultValue>
                                                                                                <TemplateArgument location="قالب:Coord:2:63">
                                                                                                   <ptk:a name="RTD">
                                                                                                      <RtData>cQB+ADA=</RtData>
                                                                                                   </ptk:a>
                                                                                                   <hasName>false</hasName>
                                                                                                   <name>
                                                                                                      <ptk:l/>
                                                                                                   </name>
                                                                                                   <value>
                                                                                                      <ptk:l location="قالب:Coord:2:63"/>
                                                                                                   </value>
                                                                                                </TemplateArgument>
                                                                                             </defaultValue>
                                                                                             <garbage/>
                                                                                          </TemplateParameter>
                                                                                          <TemplateParameter location="قالب:Coord:2:69">
                                                                                             <ptk:a name="RTD">
                                                                                                <RtData>cQB+ADQ=</RtData>
                                                                                             </ptk:a>
                                                                                             <name>
                                                                                                <ptk:l location="قالب:Coord:2:69">
                                                                                                   <ptk:t location="قالب:Coord:2:69">6</ptk:t>
                                                                                                </ptk:l>
                                                                                             </name>
                                                                                             <defaultValue>
                                                                                                <TemplateArgument location="قالب:Coord:2:71">
                                                                                                   <ptk:a name="RTD">
                                                                                                      <RtData>cQB+ADg=</RtData>
                                                                                                   </ptk:a>
                                                                                                   <hasName>false</hasName>
                                                                                                   <name>
                                                                                                      <ptk:l/>
                                                                                                   </name>
                                                                                                   <value>
                                                                                                      <ptk:l location="قالب:Coord:2:71"/>
                                                                                                   </value>
                                                                                                </TemplateArgument>
                                                                                             </defaultValue>
                                                                                             <garbage/>
                                                                                          </TemplateParameter>
                                                                                       </ptk:l>
                                                                                    </name>
                                                                                    <args>
                                                                                       <ptk:l location="قالب:Coord:2:74">
                                                                                          <TemplateArgument location="قالب:Coord:2:75">
                                                                                             <ptk:a name="RTD">
                                                                                                <RtData>cQB+ADw=</RtData>
                                                                                             </ptk:a>
                                                                                             <hasName>false</hasName>
                                                                                             <name>
                                                                                                <ptk:l/>
                                                                                             </name>
                                                                                             <value>
                                                                                                <ptk:l location="قالب:Coord:2:75"/>
                                                                                             </value>
                                                                                          </TemplateArgument>
                                                                                          <TemplateArgument location="قالب:Coord:2:76">
                                                                                             <ptk:a name="RTD">
                                                                                                <RtData>cQB+AEA=</RtData>
                                                                                             </ptk:a>
                                                                                             <hasName>false</hasName>
                                                                                             <name>
                                                                                                <ptk:l/>
                                                                                             </name>
                                                                                             <value>
                                                                                                <ptk:l location="قالب:Coord:2:76">
                                                                                                   <ptk:t location="قالب:Coord:2:76">dec</ptk:t>
                                                                                                </ptk:l>
                                                                                             </value>
                                                                                          </TemplateArgument>
                                                                                          <TemplateArgument location="قالب:Coord:2:80">
                                                                                             <ptk:a name="RTD">
                                                                                                <RtData>cQB+AEQ=</RtData>
                                                                                             </ptk:a>
                                                                                             <hasName>false</hasName>
                                                                                             <name>
                                                                                                <ptk:l/>
                                                                                             </name>
                                                                                             <value>
                                                                                                <ptk:l location="قالب:Coord:2:80">
                                                                                                   <Template location="قالب:Coord:2:82">
                                                                                                      <ptk:a name="RTD">
                                                                                                         <RtData>cQB+AEg=</RtData>
                                                                                                      </ptk:a>
                                                                                                      <name>
                                                                                                         <ptk:l location="قالب:Coord:2:82">
                                                                                                            <ptk:t location="قالب:Coord:2:82">#if:</ptk:t>
                                                                                                            <Template location="قالب:Coord:2:88">
                                                                                                               <ptk:a name="RTD">
                                                                                                                  <RtData>cQB+AEw=</RtData>
                                                                                                               </ptk:a>
                                                                                                               <name>
                                                                                                                  <ptk:l location="قالب:Coord:2:88">
                                                                                                                     <ptk:t location="قالب:Coord:2:88">#switch:</ptk:t>
                                                                                                                     <TemplateParameter location="قالب:Coord:2:99">
                                                                                                                        <ptk:a name="RTD">
                                                                                                                           <RtData>cQB+AFA=</RtData>
                                                                                                                        </ptk:a>
                                                                                                                        <name>
                                                                                                                           <ptk:l location="قالب:Coord:2:99">
                                                                                                                              <ptk:t location="قالب:Coord:2:99">4</ptk:t>
                                                                                                                           </ptk:l>
                                                                                                                        </name>
                                                                                                                        <defaultValue/>
                                                                                                                        <garbage/>
                                                                                                                     </TemplateParameter>
                                                                                                                     <TemplateParameter location="قالب:Coord:2:106">
                                                                                                                        <ptk:a name="RTD">
                                                                                                                           <RtData>cQB+AFQ=</RtData>
                                                                                                                        </ptk:a>
                                                                                                                        <name>
                                                                                                                           <ptk:l location="قالب:Coord:2:106">
                                                                                                                              <ptk:t location="قالب:Coord:2:106">8</ptk:t>
                                                                                                                           </ptk:l>
                                                                                                                        </name>
                                                                                                                        <defaultValue/>
                                                                                                                        <garbage/>
                                                                                                                     </TemplateParameter>
                                                                                                                  </ptk:l>
                                                                                                               </name>
                                                                                                               <args>
                                                                                                                  <ptk:l location="قالب:Coord:2:110">
                                                                                                                     <TemplateArgument location="قالب:Coord:2:111">
                                                                                                                        <ptk:a name="RTD">
                                                                                                                           <RtData>cQB+AFg=</RtData>
                                                                                                                        </ptk:a>
                                                                                                                        <hasName>false</hasName>
                                                                                                                        <name>
                                                                                                                           <ptk:l/>
                                                                                                                        </name>
                                                                                                                        <value>
                                                                                                                           <ptk:l location="قالب:Coord:2:111">
                                                                                                                              <ptk:t location="قا��ب:Coord:2:111">NE</ptk:t>
                                                                                                                           </ptk:l>
                                                                                                                        </value>
                                                                                                                     </TemplateArgument>
                                                                                                                     <TemplateArgument location="قالب:Coord:2:114">
                                                                                                                        <ptk:a name="RTD">
                                                                                                                           <RtData>cQB+AFw=</RtData>
                                                                                                                        </ptk:a>
                                                                                                                        <hasName>false</hasName>
                                                                                                                        <name>
                                                                                                                           <ptk:l/>
                                                                                                                        </name>
                                                                                                                        <value>
                                                                                                                           <ptk:l location="قالب:Coord:2:114">
                                                                                                                              <ptk:t location="قالب:Coord:2:114">NW</ptk:t>
                                                                                                                           </ptk:l>
                                                                                                                        </value>
                                                                                                                     </TemplateArgument>
                                                                                                                     <TemplateArgument location="قالب:Coord:2:117">
                                                                                                                        <ptk:a name="RTD">
                                                                                                                           <RtData>cQB+AGA=</RtData>
                                                                                                                        </ptk:a>
                                                                                                                        <hasName>false</hasName>
                                                                                                                        <name>
                                                                                                                           <ptk:l/>
                                                                                                                        </name>
                                                                                                                        <value>
                                                                                                                           <ptk:l location="قالب:Coord:2:117">
                                                                                                                              <ptk:t location="قالب:Coord:2:117">SE</ptk:t>
                                                                                                                           </ptk:l>
                                                                                                                        </value>
                                                                                                                     </TemplateArgument>
                                                                                                                     <TemplateArgument location="قالب:Coord:2:120">
                                                                                                                        <ptk:a name="RTD">
                                                                                                                           <RtData>cQB+AGQ=</RtData>
                                                                                                                        </ptk:a>
                                                                                                                        <hasName>true</hasName>
                                                                                                                        <name>
                                                                                                                           <ptk:l location="قالب:Coord:2:120">
                                                                                                                              <ptk:t location="قالب:Coord:2:120">SW</ptk:t>
                                                                                                                           </ptk:l>
                                                                                                                        </name>
                                                                                                                        <value>
                                                                                                                           <ptk:l location="قالب:Coord:2:123">
                                                                                                                              <ptk:t location="قالب:Coord:2:123">y</ptk:t>
                                                                                                                           </ptk:l>
                                                                                                                        </value>
                                                                                                                     </TemplateArgument>
                                                                                                                  </ptk:l>
                                                                                                               </args>
                                                                                                            </Template>
                                                                                                         </ptk:l>
                                                                                                      </name>
                                                                                                      <args>
                                                                                                         <ptk:l location="قالب:Coord:2:126">
                                                                                                            <TemplateArgument location="قالب:Coord:2:127">
                                                                                                               <ptk:a name="RTD">
                                                                                                                  <RtData>cQB+AGo=</RtData>
                                                                                                               </ptk:a>
                                                                                                               <hasName>false</hasName>
                                                                                                               <name>
                                                                                                                  <ptk:l/>
                                                                                                               </name>
                                                                                                               <value>
                                                                                                                  <ptk:l location="قالب:Coord:2:127">
                                                                                                                     <ptk:t location="قالب:Coord:2:127">dms</ptk:t>
                                                                                                                  </ptk:l>
                                                                                                               </value>
                                                                                                            </TemplateArgument>
                                                                                                            <TemplateArgument location="قالب:Coord:2:131">
                                                                                                               <ptk:a name="RTD">
                                                                                                                  <RtData>cQB+AG4=</RtData>
                                                                                                               </ptk:a>
                                                                                                               <hasName>false</hasName>
                                                                                                               <name>
                                                                                                                  <ptk:l/>
                                                                                                               </name>
                                                                                                               <value>
                                                                                                                  <ptk:l location="قالب:Coord:2:131">
                                                                                                                     <Template location="قالب:Coord:2:133">
                                                                                                                        <ptk:a name="RTD">
                                                                                                                           <RtData>cQB+AHI=</RtData>
                                                                                                                        </ptk:a>
                                                                                                                        <name>
                                                                                                                           <ptk:l location="قالب:Coord:2:133">
                                                                                                                              <ptk:t location="قالب:Coord:2:133">#if:</ptk:t>
                                                                                                                              <Template location="قالب:Coord:2:139">
                                                                                                                                 <ptk:a name="RTD">
                                                                                                                                    <RtData>cQB+AHY=</RtData>
                                                                                                                                 </ptk:a>
                                                                                                                                 <name>
                                                                                                                                    <ptk:l location="قالب:Coord:2:139">
                                                                                                                                       <ptk:t location="قالب:Coord:2:139">#switch:</ptk:t>
                                                                                                                                       <TemplateParameter location="قالب:Coord:2:150">
                                                                                                                                          <ptk:a name="RTD">
                                                                                                                                             <RtData>cQB+AHo=</RtData>
                                                                                                                                          </ptk:a>
                                                                                                                                          <name>
                                                                                                                                             <ptk:l location="قالب:Coord:2:150">
                                                                                                                                                <ptk:t location="قالب:Coord:2:150">3</ptk:t>
                                                                                                                                             </ptk:l>
                                                                                                                                          </name>
                                                                                                                                          <defaultValue/>
                                                                                                                                          <garbage/>
                                                                                                                                       </TemplateParameter>
                                                                                                                                       <TemplateParameter location="قالب:Coord:2:157">
                                                                                                                                          <ptk:a name="RTD">
                                                                                                                                             <RtData>cQB+AH4=</RtData>
                                                                                                                                          </ptk:a>
                                                                                                                                          <name>
                                                                                                                                             <ptk:l location="قالب:Coord:2:157">
                                                                                                                                                <ptk:t location="قالب:Coord:2:157">6</ptk:t>
                                                                                                                                             </ptk:l>
                                                                                                                                          </name>
                                                                                                                                          <defaultValue/>
                                                                                                                                          <garbage/>
                                                                                                                                       </TemplateParameter>
                                                                                                                                    </ptk:l>
                                                                                                                                 </name>
                                                                                                                                 <args>
                                                                                                                                    <ptk:l location="قالب:Coord:2:161">
                                                                                                                                       <TemplateArgument location="قالب:Coord:2:162">
                                                                                                                                          <ptk:a name="RTD">
                                                                                                                                             <RtData>cQB+AII=</RtData>
                                                                                                                                          </ptk:a>
                                                                                                                                          <hasName>false</hasName>
                                                                                                                                          <name>
                                                                                                                                             <ptk:l/>
                                                                                                                                          </name>
                                                                                                                                          <value>
                                                                                                                                             <ptk:l location="قالب:Coord:2:162">
                                                                                                                                                <ptk:t location="قالب:Coord:2:162">NE</ptk:t>
                                                                                                                                             </ptk:l>
                                                                                                                                          </value>
                                                                                                                                       </TemplateArgument>
                                                                                                                                       <TemplateArgument location="قالب:Coord:2:165">
                                                                                                                                          <ptk:a name="RTD">
                                                                                                                                             <RtData>cQB+AIY=</RtData>
                                                                                                                                          </ptk:a>
                                                                                                                                          <hasName>false</hasName>
                                                                                                                                          <name>
                                                                                                                                             <ptk:l/>
                                                                                                                                          </name>
                                                                                                                                          <value>
                                                                                                                                             <ptk:l location="قالب:Coord:2:165">
                                                                                                                                                <ptk:t location="قالب:Coord:2:165">NW</ptk:t>
                                                                                                                                             </ptk:l>
                                                                                                                                          </value>
                                                                                                                                       </TemplateArgument>
                                                                                                                                       <TemplateArgument location="قالب:Coord:2:168">
                                                                                                                                          <ptk:a name="RTD">
                                                                                                                                             <RtData>cQB+AIo=</RtData>
                                                                                                                                          </ptk:a>
                                                                                                                                          <hasName>false</hasName>
                                                                                                                                          <name>
                                                                                                                                             <ptk:l/>
                                                                                                                                          </name>
                                                                                                                                          <value>
                                                                                                                                             <ptk:l location="قالب:Coord:2:168">
                                                                                                                                                <ptk:t location="قالب:Coord:2:168">SE</ptk:t>
                                                                                                                                             </ptk:l>
                                                                                                                                          </value>
                                                                                                                                       </TemplateArgument>
                                                                                                                                       <TemplateArgument location="قالب:Coord:2:171">
                                                                                                                                          <ptk:a name="RTD">
                                                                                                                                             <RtData>cQB+AI4=</RtData>
                                                                                                                                          </ptk:a>
                                                                                                                                          <hasName>true</hasName>
                                                                                                                                          <name>
                                                                                                                                             <ptk:l location="قالب:Coord:2:171">
                                                                                                                                                <ptk:t location="قالب:Coord:2:171">SW</ptk:t>
                                                                                                                                             </ptk:l>
                                                                                                                                          </name>
                                                                                                                                          <value>
                                                                                                                                             <ptk:l location="قالب:Coord:2:174">
                                                                                                                                                <ptk:t location="قالب:Coord:2:174">y</ptk:t>
                                                                                                                                             </ptk:l>
                                                                                                                                          </value>
                                                                                                                                       </TemplateArgument>
                                                                                                                                    </ptk:l>
                                                                                                                                 </args>
                                                                                                                              </Template>
                                                                                                                           </ptk:l>
                                                                                                                        </name>
                                                                                                                        <args>
                                                                                                                           <ptk:l location="قالب:Coord:2:177">
                                                                                                                              <TemplateArgument location="قالب:Coord:2:178">
                                                                                                                                 <ptk:a name="RTD">
                                                                                                                                    <RtData>cQB+AJQ=</RtData>
                                                                                                                                 </ptk:a>
                                                                                                                                 <hasName>false</hasName>
                                                                                                                                 <name>
                                                                                                                                    <ptk:l/>
                                                                                                                                 </name>
                                                                                                                                 <value>
                                                                                                                                    <ptk:l location="قالب:Coord:2:178">
                                                                                                                                       <ptk:t location="قالب:Coord:2:178">dm</ptk:t>
                                                                                                                                    </ptk:l>
                                                                                                                                 </value>
                                                                                                                              </TemplateArgument>
                                                                                                                              <TemplateArgument location="قالب:Coord:2:181">
                                                                                                                                 <ptk:a name="RTD">
                                                                                                                                    <RtData>cQB+AJg=</RtData>
                                                                                                                                 </ptk:a>
                                                                                                                                 <hasName>false</hasName>
                                                                                                                                 <name>
                                                                                                                                    <ptk:l/>
                                                                                                                                 </name>
                                                                                                                                 <value>
                                                                                                                                    <ptk:l location="قالب:Coord:2:181">
                                                                                                                                       <Template location="قالب:Coord:2:183">
                                                                                                                                          <ptk:a name="RTD">
                                                                                                                                             <RtData>cQB+AJw=</RtData>
                                                                                                                                          </ptk:a>
                                                                                                                                          <name>
                                                                                                                                             <ptk:l location="قالب:Coord:2:183">
                                                                                                                                                <ptk:t location="قالب:Coord:2:183">#if:</ptk:t>
                                                                                                                                                <Template location="قالب:Coord:2:189">
                                                                                                                                                   <ptk:a name="RTD">
                                                                                                                                                      <RtData>cQB+AKA=</RtData>
                                                                                                                                                   </ptk:a>
                                                                                                                                                   <name>
                                                                                                                                                      <ptk:l location="قالب:Coord:2:189">
                                                                                                                                                         <ptk:t location="قالب:Coord:2:189">#switch:</ptk:t>
                                                                                                                                                         <TemplateParameter location="قالب:Coord:2:200">
                                                                                                                                                            <ptk:a name="RTD">
                                                                                                                                                               <RtData>cQB+AKQ=</RtData>
                                                                                                                                                            </ptk:a>
                                                                                                                                                            <name>
                                                                                                                                                               <ptk:l location="قالب:Coord:2:200">
                                                                                                                                                                  <ptk:t location="قالب:Coord:2:200">2</ptk:t>
                                                                                                                                                               </ptk:l>
                                                                                                                                                            </name>
                                                                                                                                                            <defaultValue/>
                                                                                                                                                            <garbage/>
                                                                                                                                                         </TemplateParameter>
                                                                                                                                                         <TemplateParameter location="قالب:Coord:2:207">
                                                                                                                                                            <ptk:a name="RTD">
                                                                                                                                                               <RtData>cQB+AKg=</RtData>
                                                                                                                                                            </ptk:a>
                                                                                                                                                            <name>
                                                                                                                                                               <ptk:l location="قالب:Coord:2:207">
                                                                                                                                                                  <ptk:t location="قالب:Coord:2:207">4</ptk:t>
                                                                                                                                                               </ptk:l>
                                                                                                                                                            </name>
                                                                                                                                                            <defaultValue/>
                                                                                                                                                            <garbage/>
                                                                                                                                                         </TemplateParameter>
                                                                                                                                                      </ptk:l>
                                                                                                                                                   </name>
                                                                                                                                                   <args>
                                                                                                                                                      <ptk:l location="قالب:Coord:2:211">
                                                                                                                                                         <TemplateArgument location="قالب:Coord:2:212">
                                                                                                                                                            <ptk:a name="RTD">
                                                                                                                                                               <RtData>cQB+AKw=</RtData>
                                                                                                                                                            </ptk:a>
                                                                                                                                                            <hasName>false</hasName>
                                                                                                                                                            <name>
                                                                                                                                                               <ptk:l/>
                                                                                                                                                            </name>
                                                                                                                                                            <value>
                                                                                                                                                               <ptk:l location="قالب:Coord:2:212">
                                                                                                                                                                  <ptk:t location="قالب:Coord:2:212">NE</ptk:t>
                                                                                                                                                               </ptk:l>
                                                                                                                                                            </value>
                                                                                                                                                         </TemplateArgument>
                                                                                                                                                         <TemplateArgument location="قالب:Coord:2:215">
                                                                                                                                                            <ptk:a name="RTD">
                                                                                                                                                               <RtData>cQB+ALA=</RtData>
                                                                                                                                                            </ptk:a>
                                                                                                                                                            <hasName>false</hasName>
                                                                                                                                                            <name>
                                                                                                                                                               <ptk:l/>
                                                                                                                                                            </name>
                                                                                                                                                            <value>
                                                                                                                                                               <ptk:l location="قالب:Coord:2:215">
                                                                                                                                                                  <ptk:t location="قالب:Coord:2:215">NW</ptk:t>
                                                                                                                                                               </ptk:l>
                                                                                                                                                            </value>
                                                                                                                                                         </TemplateArgument>
                                                                                                                                                         <TemplateArgument location="قالب:Coord:2:218">
                                                                                                                                                            <ptk:a name="RTD">
                                                                                                                                                               <RtData>cQB+ALQ=</RtData>
                                                                                                                                                            </ptk:a>
                                                                                                                                                            <hasName>false</hasName>
                                                                                                                                                            <name>
                                                                                                                                                               <ptk:l/>
                                                                                                                                                            </name>
                                                                                                                                                            <value>
                                                                                                                                                               <ptk:l location="قالب:Coord:2:218">
                                                                                                                                                                  <ptk:t location="قالب:Coord:2:218">SE</ptk:t>
                                                                                                                                                               </ptk:l>
                                                                                                                                                            </value>
                                                                                                                                                         </TemplateArgument>
                                                                                                                                                         <TemplateArgument location="قالب:Coord:2:221">
                                                                                                                                                            <ptk:a name="RTD">
                                                                                                                                                               <RtData>cQB+ALg=</RtData>
                                                                                                                                                            </ptk:a>
                                                                                                                                                            <hasName>true</hasName>
                                                                                                                                                            <name>
                                                                                                                                                               <ptk:l location="قالب:Coord:2:221">
                                                                                                                                                                  <ptk:t location="قالب:Coord:2:221">SW</ptk:t>
                                                                                                                                                               </ptk:l>
                                                                                                                                                            </name>
                                                                                                                                                            <value>
                                                                                                                                                               <ptk:l location="قالب:Coord:2:224">
                                                                                                                                                                  <ptk:t location="قالب:Coord:2:224">y</ptk:t>
                                                                                                                                                               </ptk:l>
                                                                                                                                                            </value>
                                                                                                                                                         </TemplateArgument>
                                                                                                                                                      </ptk:l>
                                                                                                                                                   </args>
                                                                                                                                                </Template>
                                                                                                                                             </ptk:l>
                                                                                                                                          </name>
                                                                                                                                          <args>
                                                                                                                                             <ptk:l location="قالب:Coord:2:227">
                                                                                                                                                <TemplateArgument location="قالب:Coord:2:228">
                                                                                                                                                   <ptk:a name="RTD">
                                                                                                                                                      <RtData>cQB+AL4=</RtData>
                                                                                                                                                   </ptk:a>
                                                                                                                                                   <hasName>false</hasName>
                                                                                                                                                   <name>
                                                                                                                                                      <ptk:l/>
                                                                                                                                                   </name>
                                                                                                                                                   <value>
                                                                                                                                                      <ptk:l location="قالب:Coord:2:228">
                                                                                                                                                         <ptk:t location="قالب:Coord:2:228">d</ptk:t>
                                                                                                                                                      </ptk:l>
                                                                                                                                                   </value>
                                                                                                                                                </TemplateArgument>
                                                                                                                                                <TemplateArgument location="قالب:Coord:2:230">
                                                                                                                                                   <ptk:a name="RTD">
                                                                                                                                                      <RtData>cQB+AMI=</RtData>
                                                                                                                                                   </ptk:a>
                                                                                                                                                   <hasName>false</hasName>
                                                                                                                                                   <name>
                                                                                                                                                      <ptk:l/>
                                                                                                                                                   </name>
                                                                                                                                                   <value>
                                                                                                                                                      <ptk:l location="قالب:Coord:2:230">
                                                                                                                                                         <ptk:t location="قالب:Coord:2:230">ERROR</ptk:t>
                                                                                                                                                      </ptk:l>
                                                                                                                                                   </value>
                                                                                                                                                </TemplateArgument>
                                                                                                                                             </ptk:l>
                                                                                                                                          </args>
                                                                                                                                       </Template>
                                                                                                                                    </ptk:l>
                                                                                                                                 </value>
                                                                                                                              </TemplateArgument>
                                                                                                                           </ptk:l>
                                                                                                                        </args>
                                                                                                                     </Template>
                                                                                                                  </ptk:l>
                                                                                                               </value>
                                                                                                            </TemplateArgument>
                                                                                                         </ptk:l>
                                                                                                      </args>
                                                                                                   </Template>
                                                                                                </ptk:l>
                                                                                             </value>
                                                                                          </TemplateArgument>
                                                                                       </ptk:l>
                                                                                    </args>
                                                                                 </Template>
                                                                              </ptk:l>
                                                                           </value>
                                                                        </TemplateArgument>
                                                                     </ptk:l>
                                                                  </args>
                                                               </Template>
                                                               <ptk:t location="قالب:Coord:2:245">
</ptk:t>
                                                            </ptk:l>
                                                         </name>
                                                      </IllegalNameException>
                                                      <IllegalNameException>
                                                         <message>Cannot resolve target of transclusion to a simple name.</message>
                                                         <name>
                                                            <ptk:l location="قالب:Coord:1:16">
                                                               <ptk:t location="قالب:Coord:1:16">Coord/display/</ptk:t>
                                                               <TemplateParameter location="قالب:Coord:1:33">
                                                                  <ptk:a name="RTD">
                                                                     <RtData>cQB+AMY=</RtData>
                                                                  </ptk:a>
                                                                  <name>
                                                                     <ptk:l location="قالب:Coord:1:33">
                                                                        <ptk:t location="قالب:Coord:1:33">display</ptk:t>
                                                                     </ptk:l>
                                                                  </name>
                                                                  <defaultValue>
                                                                     <TemplateArgument location="قالب:Coord:1:41">
                                                                        <ptk:a name="RTD">
                                                                           <RtData>cQB+AMo=</RtData>
                                                                        </ptk:a>
                                                                        <hasName>false</hasName>
                                                                        <name>
                                                                           <ptk:l/>
                                                                        </name>
                                                                        <value>
                                                                           <ptk:l location="قالب:Coord:1:41">
                                                                              <ptk:t location="قالب:Coord:1:41">inline</ptk:t>
                                                                           </ptk:l>
                                                                        </value>
                                                                     </TemplateArgument>
                                                                  </defaultValue>
                                                                  <garbage/>
                                                               </TemplateParameter>
                                                               <ptk:t location="قالب:Coord:1:50">
</ptk:t>
                                                            </ptk:l>
                                                         </name>
                                                      </IllegalNameException>
                                                      <ResolveTransclusionLog>
                                                         <success>true</success>
                                                         <target>coord</target>
                                                         <canonical>قالب:Coord</canonical>
                                                         <timeNeeded>0</timeNeeded>
                                                         <content>
                                                            <ptk:l>
                                                               <CompilerLog>
                                                                  <title>قالب:Coord</title>
                                                                  <revision>191889</revision>
                                                                  <content>
                                                                     <ptk:l>
                                                                        <ValidatorLog>
                                                                           <timeNeeded>0</timeNeeded>
                                                                           <content>
                                                                              <ptk:l/>
                                                                           </content>
                                                                        </ValidatorLog>
                                                                        <PreprocessorLog>
                                                                           <forInclusion>true</forInclusion>
                                                                           <timeNeeded>0</timeNeeded>
                                                                           <content>
                                                                              <ptk:l/>
                                                                           </content>
                                                                        </PreprocessorLog>
                                                                        <PpResolverLog>
                                                                           <timeNeeded>0</timeNeeded>
                                                                           <content>
                                                                              <ptk:l>
                                                                                 <IllegalNameException>
                                                                                    <message>Cannot resolve target of transclusion to a simple name.</message>
                                                                                    <name>
                                                                                       <ptk:l location="قالب:Coord:2:6">
                                                                                          <ptk:t location="قالب:Coord:2:6">Coord/input/</ptk:t>
                                                                                          <Template location="قالب:Coord:2:20">
                                                                                             <ptk:a name="RTD">
                                                                                                <RtData>c3EAfgAAdXEAfgADAAAAA3VxAH4ABQAAAAFxAH4AB3B1cQB+AAUAAAABcQB+AAk=</RtData>
                                                                                             </ptk:a>
                                                                                             <name>
                                                                                                <ptk:l location="قالب:Coord:2:20">
                                                                                                   <ptk:t location="قالب:Coord:2:20">#ifeq:</ptk:t>
                                                                                                   <TemplateParameter location="قالب:Coord:2:29">
                                                                                                      <ptk:a name="RTD">
                                                                                                         <RtData>c3EAfgAAdXEAfgADAAAABHVxAH4ABQAAAAFxAH4ADXBwdXEAfgAFAAAAAXEAfgAP</RtData>
                                                                                                      </ptk:a>
                                                                                                      <name>
                                                                                                         <ptk:l location="قالب:Coord:2:29">
                                                                                                            <ptk:t location="قالب:Coord:2:29">1</ptk:t>
                                                                                                         </ptk:l>
                                                                                                      </name>
                                                                                                      <defaultValue>
                                                                                                         <TemplateArgument location="قالب:Coord:2:31">
                                                                                                            <ptk:a name="RTD">
                                                                                                               <RtData>c3EAfgAAdXEAfgADAAAAA3VxAH4ABQAAAAF0AAF8cHA=</RtData>
                                                                                                            </ptk:a>
                                                                                                            <hasName>false</hasName>
                                                                                                            <name>
                                                                                                               <ptk:l/>
                                                                                                            </name>
                                                                                                            <value>
                                                                                                               <ptk:l location="قالب:Coord:2:31"/>
                                                                                                            </value>
                                                                                                         </TemplateArgument>
                                                                                                      </defaultValue>
                                                                                                      <garbage/>
                                                                                                   </TemplateParameter>
                                                                                                </ptk:l>
                                                                                             </name>
                                                                                             <args>
                                                                                                <ptk:l location="قالب:Coord:2:34">
                                                                                                   <TemplateArgument location="قالب:Coord:2:35">
                                                                                                      <ptk:a name="RTD">
                                                                                                         <RtData>c3EAfgAAdXEAfgADAAAAA3VxAH4ABQAAAAF0AAF8cHA=</RtData>
                                                                                                      </ptk:a>
                                                                                                      <hasName>false</hasName>
                                                                                                      <name>
                                                                                                         <ptk:l/>
                                                                                                      </name>
                                                                                                      <value>
                                                                                                         <ptk:l location="قالب:Coord:2:35"/>
                                                                                                      </value>
                                                                                                   </TemplateArgument>
                                                                                                   <TemplateArgument location="قالب:Coord:2:36">
                                                                                                      <ptk:a name="RTD">
                                                                                                         <RtData>c3EAfgAAdXEAfgADAAAAA3VxAH4ABQAAAAF0AAF8cHA=</RtData>
                                                                                                      </ptk:a>
                                                                                                      <hasName>false</hasName>
                                                                                                      <name>
                                                                                                         <ptk:l/>
                                                                                                      </name>
                                                                                                      <value>
                                                                                                         <ptk:l location="قالب:Coord:2:36">
                                                                                                            <ptk:t location="قالب:Coord:2:36">nolat</ptk:t>
                                                                                                         </ptk:l>
                                                                                                      </value>
                                                                                                   </TemplateArgument>
                                                                                                   <TemplateArgument location="قالب:Coord:2:42">
                                                                                                      <ptk:a name="RTD">
                                                                                                         <RtData>c3EAfgAAdXEAfgADAAAAA3VxAH4ABQAAAAF0AAF8cHA=</RtData>
                                                                                                      </ptk:a>
                                                                                                      <hasName>false</hasName>
                                                                                                      <name>
                                                                                                         <ptk:l/>
                                                                                                      </name>
                                                                                                      <value>
                                                                                                         <ptk:l location="قالب:Coord:2:42">
                                                                                                            <Template location="قالب:Coord:2:44">
                                                                                                               <ptk:a name="RTD">
                                                                                                                  <RtData>c3EAfgAAdXEAfgADAAAAA3VxAH4ABQAAAAFxAH4AB3B1cQB+AAUAAAABcQB+AAk=</RtData>
                                                                                                               </ptk:a>
                                                                                                               <name>
                                                                                                                  <ptk:l location="قالب:Coord:2:44">
                                                                                                                     <ptk:t location="قالب:Coord:2:44">#ifeq:</ptk:t>
                                                                                                                     <TemplateParameter location="قالب:Coord:2:53">
                                                                                                                        <ptk:a name="RTD">
                                                                                                                           <RtData>c3EAfgAAdXEAfgADAAAABHVxAH4ABQAAAAFxAH4ADXBwdXEAfgAFAAAAAXEAfgAP</RtData>
                                                                                                                        </ptk:a>
                                                                                                                        <name>
                                                                                                                           <ptk:l location="قالب:Coord:2:53">
                                                                                                                              <ptk:t location="قالب:Coord:2:53">4</ptk:t>
                                                                                                                           </ptk:l>
                                                                                                                        </name>
                                                                                                                        <defaultValue>
                                                                                                                           <TemplateArgument location="قالب:Coord:2:55">
                                                                                                                              <ptk:a name="RTD">
                                                                                                                                 <RtData>c3EAfgAAdXEAfgADAAAAA3VxAH4ABQAAAAF0AAF8cHA=</RtData>
                                                                                                                              </ptk:a>
                                                                                                                              <hasName>false</hasName>
                                                                                                                              <name>
                                                                                                                                 <ptk:l/>
                                                                                                                              </name>
                                                                                                                              <value>
                                                                                                                                 <ptk:l location="قالب:Coord:2:55"/>
                                                                                                                              </value>
                                                                                                                           </TemplateArgument>
                                                                                                                        </defaultValue>
                                                                                                                        <garbage/>
                                                                                                                     </TemplateParameter>
                                                                                                                     <TemplateParameter location="قالب:Coord:2:61">
                                                                                                                        <ptk:a name="RTD">
                                                                                                                           <RtData>c3EAfgAAdXEAfgADAAAABHVxAH4ABQAAAAFxAH4ADXBwdXEAfgAFAAAAAXEAfgAP</RtData>
                                                                                                                        </ptk:a>
                                                                                                                        <name>
                                                                                                                           <ptk:l location="قالب:Coord:2:61">
                                                                                                                              <ptk:t location="قالب:Coord:2:61">5</ptk:t>
                                                                                                                           </ptk:l>
                                                                                                                        </name>
                                                                                                                        <defaultValue>
                                                                                                                           <TemplateArgument location="قالب:Coord:2:63">
                                                                                                                              <ptk:a name="RTD">
                                                                                                                                 <RtData>c3EAfgAAdXEAfgADAAAAA3VxAH4ABQAAAAF0AAF8cHA=</RtData>
                                                                                                                              </ptk:a>
                                                                                                                              <hasName>false</hasName>
                                                                                                                              <name>
                                                                                                                                 <ptk:l/>
                                                                                                                              </name>
                                                                                                                              <value>
                                                                                                                                 <ptk:l location="قالب:Coord:2:63"/>
                                                                                                                              </value>
                                                                                                                           </TemplateArgument>
                                                                                                                        </defaultValue>
                                                                                                                        <garbage/>
                                                                                                                     </TemplateParameter>
                                                                                                                     <TemplateParameter location="قالب:Coord:2:69">
                                                                                                                        <ptk:a name="RTD">
                                                                                                                           <RtData>c3EAfgAAdXEAfgADAAAABHVxAH4ABQAAAAFxAH4ADXBwdXEAfgAFAAAAAXEAfgAP</RtData>
                                                                                                                        </ptk:a>
                                                                                                                        <name>
                                                                                                                           <ptk:l location="قالب:Coord:2:69">
                                                                                                                              <ptk:t location="قالب:Coord:2:69">6</ptk:t>
                                                                                                                           </ptk:l>
                                                                                                                        </name>
                                                                                                                        <defaultValue>
                                                                                                                           <TemplateArgument location="قالب:Coord:2:71">
                                                                                                                              <ptk:a name="RTD">
                                                                                                                                 <RtData>c3EAfgAAdXEAfgADAAAAA3VxAH4ABQAAAAF0AAF8cHA=</RtData>
                                                                                                                              </ptk:a>
                                                                                                                              <hasName>false</hasName>
                                                                                                                              <name>
                                                                                                                                 <ptk:l/>
                                                                                                                              </name>
                                                                                                                              <value>
                                                                                                                                 <ptk:l location="قالب:Coord:2:71"/>
                                                                                                                              </value>
                                                                                                                           </TemplateArgument>
                                                                                                                        </defaultValue>
                                                                                                                        <garbage/>
                                                                                                                     </TemplateParameter>
                                                                                                                  </ptk:l>
                                                                                                               </name>
                                                                                                               <args>
                                                                                                                  <ptk:l location="قالب:Coord:2:74">
                                                                                                                     <TemplateArgument location="قالب:Coord:2:75">
                                                                                                                        <ptk:a name="RTD">
                                                                                                                           <RtData>c3EAfgAAdXEAfgADAAAAA3VxAH4ABQAAAAF0AAF8cHA=</RtData>
                                                                                                                        </ptk:a>
                                                                                                                        <hasName>false</hasName>
                                                                                                                        <name>
                                                                                                                           <ptk:l/>
                                                                                                                        </name>
                                                                                                                        <value>
                                                                                                                           <ptk:l location="قالب:Coord:2:75"/>
                                                                                                                        </value>
                                                                                                                     </TemplateArgument>
                                                                                                                     <TemplateArgument location="قالب:Coord:2:76">
                                                                                                                        <ptk:a name="RTD">
                                                                                                                           <RtData>c3EAfgAAdXEAfgADAAAAA3VxAH4ABQAAAAF0AAF8cHA=</RtData>
                                                                                                                        </ptk:a>
                                                                                                                        <hasName>false</hasName>
                                                                                                                        <name>
                                                                                                                           <ptk:l/>
                                                                                                                        </name>
                                                                                                                        <value>
                                                                                                                           <ptk:l location="قالب:Coord:2:76">
                                                                                                                              <ptk:t location="قالب:Coord:2:76">dec</ptk:t>
                                                                                                                           </ptk:l>
                                                                                                                        </value>
                                                                                                                     </TemplateArgument>
                                                                                                                     <TemplateArgument location="قالب:Coord:2:80">
                                                                                                                        <ptk:a name="RTD">
                                                                                                                           <RtData>c3EAfgAAdXEAfgADAAAAA3VxAH4ABQAAAAF0AAF8cHA=</RtData>
                                                                                                                        </ptk:a>
                                                                                                                        <hasName>false</hasName>
                                                                                                                        <name>
                                                                                                                           <ptk:l/>
                                                                                                                        </name>
                                                                                                                        <value>
                                                                                                                           <ptk:l location="قالب:Coord:2:80">
                                                                                                                              <Template location="قالب:Coord:2:82">
                                                                                                                                 <ptk:a name="RTD">
                                                                                                                                    <RtData>c3EAfgAAdXEAfgADAAAAA3VxAH4ABQAAAAFxAH4AB3B1cQB+AAUAAAABcQB+AAk=</RtData>
                                                                                                                                 </ptk:a>
                                                                                                                                 <name>
                                                                                                                                    <ptk:l location="قالب:Coord:2:82">
                                                                                                                                       <ptk:t location="قالب:Coord:2:82">#if:</ptk:t>
                                                                                                                                       <Template location="قالب:Coord:2:88">
                                                                                                                                          <ptk:a name="RTD">
                                                                                                                                             <RtData>c3EAfgAAdXEAfgADAAAAA3VxAH4ABQAAAAFxAH4AB3B1cQB+AAUAAAABcQB+AAk=</RtData>
                                                                                                                                          </ptk:a>
                                                                                                                                          <name>
                                                                                                                                             <ptk:l location="قالب:Coord:2:88">
                                                                                                                                                <ptk:t location="قالب:Coord:2:88">#switch:</ptk:t>
                                                                                                                                                <TemplateParameter location="قالب:Coord:2:99">
                                                                                                                                                   <ptk:a name="RTD">
                                                                                                                                                      <RtData>c3EAfgAAdXEAfgADAAAABHVxAH4ABQAAAAFxAH4ADXBwdXEAfgAFAAAAAXEAfgAP</RtData>
                                                                                                                                                   </ptk:a>
                                                                                                                                                   <name>
                                                                                                                                                      <ptk:l location="قالب:Coord:2:99">
                                                                                                                                                         <ptk:t location="قالب:Coord:2:99">4</ptk:t>
                                                                                                                                                      </ptk:l>
                                                                                                                                                   </name>
                                                                                                                                                   <defaultValue/>
                                                                                                                                                   <garbage/>
                                                                                                                                                </TemplateParameter>
                                                                                                                                                <TemplateParameter location="قالب:Coord:2:106">
                                                                                                                                                   <ptk:a name="RTD">
                                                                                                                                                      <RtData>c3EAfgAAdXEAfgADAAAABHVxAH4ABQAAAAFxAH4ADXBwdXEAfgAFAAAAAXEAfgAP</RtData>
                                                                                                                                                   </ptk:a>
                                                                                                                                                   <name>
                                                                                                                                                      <ptk:l location="قالب:Coord:2:106">
                                                                                                                                                         <ptk:t location="قالب:Coord:2:106">8</ptk:t>
                                                                                                                                                      </ptk:l>
                                                                                                                                                   </name>
                                                                                                                                                   <defaultValue/>
                                                                                                                                                   <garbage/>
                                                                                                                                                </TemplateParameter>
                                                                                                                                             </ptk:l>
                                                                                                                                          </name>
                                                                                                                                          <args>
                                                                                                                                             <ptk:l location="قالب:Coord:2:110">
                                                                                                                                                <TemplateArgument location="قالب:Coord:2:111">
                                                                                                                                                   <ptk:a name="RTD">
                                                                                                                                                      <RtData>c3EAfgAAdXEAfgADAAAAA3VxAH4ABQAAAAF0AAF8cHA=</RtData>
                                                                                                                                                   </ptk:a>
                                                                                                                                                   <hasName>false</hasName>
                                                                                                                                                   <name>
                                                                                                                                                      <ptk:l/>
                                                                                                                                                   </name>
                                                                                                                                                   <value>
                                                                                                                                                      <ptk:l location="قالب:Coord:2:111">
                                                                                                                                                         <ptk:t location="قالب:Coord:2:111">NE</ptk:t>
                                                                                                                                                      </ptk:l>
                                                                                                                                                   </value>
                                                                                                                                                </TemplateArgument>
                                                                                                                                                <TemplateArgument location="قالب:Coord:2:114">
                                                                                                                                                   <ptk:a name="RTD">
                                                                                                                                                      <RtData>c3EAfgAAdXEAfgADAAAAA3VxAH4ABQAAAAF0AAF8cHA=</RtData>
                                                                                                                                                   </ptk:a>
                                                                                                                                                   <hasName>false</hasName>
                                                                                                                                                   <name>
                                                                                                                                                      <ptk:l/>
                                                                                                                                                   </name>
                                                                                                                                                   <value>
                                                                                                                                                      <ptk:l location="قالب:Coord:2:114">
                                                                                                                                                         <ptk:t location="قالب:Coord:2:114">NW</ptk:t>
                                                                                                                                                      </ptk:l>
                                                                                                                                                   </value>
                                                                                                                                                </TemplateArgument>
                                                                                                                                                <TemplateArgument location="قالب:Coord:2:117">
                                                                                                                                                   <ptk:a name="RTD">
                                                                                                                                                      <RtData>c3EAfgAAdXEAfgADAAAAA3VxAH4ABQAAAAF0AAF8cHA=</RtData>
                                                                                                                                                   </ptk:a>
                                                                                                                                                   <hasName>false</hasName>
                                                                                                                                                   <name>
                                                                                                                                                      <ptk:l/>
                                                                                                                                                   </name>
                                                                                                                                                   <value>
                                                                                                                                                      <ptk:l location="قالب:Coord:2:117">
                                                                                                                                                         <ptk:t location="قالب:Coord:2:117">SE</ptk:t>
                                                                                                                                                      </ptk:l>
                                                                                                                                                   </value>
                                                                                                                                                </TemplateArgument>
                                                                                                                                                <TemplateArgument location="قالب:Coord:2:120">
                                                                                                                                                   <ptk:a name="RTD">
                                                                                                                                                      <RtData>c3EAfgAAdXEAfgADAAAAA3VxAH4ABQAAAAF0AAF8dXEAfgAFAAAAAXQAAT1w</RtData>
                                                                                                                                                   </ptk:a>
                                                                                                                                                   <hasName>true</hasName>
                                                                                                                                                   <name>
                                                                                                                                                      <ptk:l location="قالب:Coord:2:120">
                                                                                                                                                         <ptk:t location="قالب:Coord:2:120">SW</ptk:t>
                                                                                                                                                      </ptk:l>
                                                                                                                                                   </name>
                                                                                                                                                   <value>
                                                                                                                                                      <ptk:l location="قالب:Coord:2:123">
                                                                                                                                                         <ptk:t location="قالب:Coord:2:123">y</ptk:t>
                                                                                                                                                      </ptk:l>
                                                                                                                                                   </value>
                                                                                                                                                </TemplateArgument>
                                                                                                                                             </ptk:l>
                                                                                                                                          </args>
                                                                                                                                       </Template>
                                                                                                                                    </ptk:l>
                                                                                                                                 </name>
                                                                                                                                 <args>
                                                                                                                                    <ptk:l location="قالب:Coord:2:126">
                                                                                                                                       <TemplateArgument location="قالب:Coord:2:127">
                                                                                                                                          <ptk:a name="RTD">
                                                                                                                                             <RtData>c3EAfgAAdXEAfgADAAAAA3VxAH4ABQAAAAF0AAF8cHA=</RtData>
                                                                                                                                          </ptk:a>
                                                                                                                                          <hasName>false</hasName>
                                                                                                                                          <name>
                                                                                                                                             <ptk:l/>
                                                                                                                                          </name>
                                                                                                                                          <value>
                                                                                                                                             <ptk:l location="قالب:Coord:2:127">
                                                                                                                                                <ptk:t location="قالب:Coord:2:127">dms</ptk:t>
                                                                                                                                             </ptk:l>
                                                                                                                                          </value>
                                                                                                                                       </TemplateArgument>
                                                                                                                                       <TemplateArgument location="قالب:Coord:2:131">
                                                                                                                                          <ptk:a name="RTD">
                                                                                                                                             <RtData>c3EAfgAAdXEAfgADAAAAA3VxAH4ABQAAAAF0AAF8cHA=</RtData>
                                                                                                                                          </ptk:a>
                                                                                                                                          <hasName>false</hasName>
                                                                                                                                          <name>
                                                                                                                                             <ptk:l/>
                                                                                                                                          </name>
                                                                                                                                          <value>
                                                                                                                                             <ptk:l location="قالب:Coord:2:131">
                                                                                                                                                <Template location="قالب:Coord:2:133">
                                                                                                                                                   <ptk:a name="RTD">
                                                                                                                                                      <RtData>c3EAfgAAdXEAfgADAAAAA3VxAH4ABQAAAAFxAH4AB3B1cQB+AAUAAAABcQB+AAk=</RtData>
                                                                                                                                                   </ptk:a>
                                                                                                                                                   <name>
                                                                                                                                                      <ptk:l location="قالب:Coord:2:133">
                                                                                                                                                         <ptk:t location="قالب:Coord:2:133">#if:</ptk:t>
                                                                                                                                                         <Template location="قالب:Coord:2:139">
                                                                                                                                                            <ptk:a name="RTD">
                                                                                                                                                               <RtData>c3EAfgAAdXEAfgADAAAAA3VxAH4ABQAAAAFxAH4AB3B1cQB+AAUAAAABcQB+AAk=</RtData>
                                                                                                                                                            </ptk:a>
                                                                                                                                                            <name>
                                                                                                                                                               <ptk:l location="قالب:Coord:2:139">
                                                                                                                                                                  <ptk:t location="قالب:Coord:2:139">#switch:</ptk:t>
                                                                                                                                                                  <TemplateParameter location="قالب:Coord:2:150">
                                                                                                                                                                     <ptk:a name="RTD">
                                                                                                                                                                        <RtData>c3EAfgAAdXEAfgADAAAABHVxAH4ABQAAAAFxAH4ADXBwdXEAfgAFAAAAAXEAfgAP</RtData>
                                                                                                                                                                     </ptk:a>
                                                                                                                                                                     <name>
                                                                                                                                                                        <ptk:l location="قالب:Coord:2:150">
                                                                                                                                                                           <ptk:t location="قالب:Coord:2:150">3</ptk:t>
                                                                                                                                                                        </ptk:l>
                                                                                                                                                                     </name>
                                                                                                                                                                     <defaultValue/>
                                                                                                                                                                     <garbage/>
                                                                                                                                                                  </TemplateParameter>
                                                                                                                                                                  <TemplateParameter location="قالب:Coord:2:157">
                                                                                                                                                                     <ptk:a name="RTD">
                                                                                                                                                                        <RtData>c3EAfgAAdXEAfgADAAAABHVxAH4ABQAAAAFxAH4ADXBwdXEAfgAFAAAAAXEAfgAP</RtData>
                                                                                                                                                                     </ptk:a>
                                                                                                                                                                     <name>
                                                                                                                                                                        <ptk:l location="قالب:Coord:2:157">
                                                                                                                                                                           <ptk:t location="قالب:Coord:2:157">6</ptk:t>
                                                                                                                                                                        </ptk:l>
                                                                                                                                                                     </name>
                                                                                                                                                                     <defaultValue/>
                                                                                                                                                                     <garbage/>
                                                                                                                                                                  </TemplateParameter>
                                                                                                                                                               </ptk:l>
                                                                                                                                                            </name>
                                                                                                                                                            <args>
                                                                                                                                                               <ptk:l location="قالب:Coord:2:161">
                                                                                                                                                                  <TemplateArgument location="قالب:Coord:2:162">
                                                                                                                                                                     <ptk:a name="RTD">
                                                                                                                                                                        <RtData>c3EAfgAAdXEAfgADAAAAA3VxAH4ABQAAAAF0AAF8cHA=</RtData>
                                                                                                                                                                     </ptk:a>
                                                                                                                                                                     <hasName>false</hasName>
                                                                                                                                                                     <name>
                                                                                                                                                                        <ptk:l/>
                                                                                                                                                                     </name>
                                                                                                                                                                     <value>
                                                                                                                                                                        <ptk:l location="قالب:Coord:2:162">
                                                                                                                                                                           <ptk:t location="قالب:Coord:2:162">NE</ptk:t>
                                                                                                                                                                        </ptk:l>
                                                                                                                                                                     </value>
                                                                                                                                                                  </TemplateArgument>
                                                                                                                                                                  <TemplateArgument location="قالب:Coord:2:165">
                                                                                                                                                                     <ptk:a name="RTD">
                                                                                                                                                                        <RtData>c3EAfgAAdXEAfgADAAAAA3VxAH4ABQAAAAF0AAF8cHA=</RtData>
                                                                                                                                                                     </ptk:a>
                                                                                                                                                                     <hasName>false</hasName>
                                                                                                                                                                     <name>
                                                                                                                                                                        <ptk:l/>
                                                                                                                                                                     </name>
                                                                                                                                                                     <value>
                                                                                                                                                                        <ptk:l location="قالب:Coord:2:165">
                                                                                                                                                                           <ptk:t location="قالب:Coord:2:165">NW</ptk:t>
                                                                                                                                                                        </ptk:l>
                                                                                                                                                                     </value>
                                                                                                                                                                  </TemplateArgument>
                                                                                                                                                                  <TemplateArgument location="قالب:Coord:2:168">
                                                                                                                                                                     <ptk:a name="RTD">
                                                                                                                                                                        <RtData>c3EAfgAAdXEAfgADAAAAA3VxAH4ABQAAAAF0AAF8cHA=</RtData>
                                                                                                                                                                     </ptk:a>
                                                                                                                                                                     <hasName>false</hasName>
                                                                                                                                                                     <name>
                                                                                                                                                                        <ptk:l/>
                                                                                                                                                                     </name>
                                                                                                                                                                     <value>
                                                                                                                                                                        <ptk:l location="قالب:Coord:2:168">
                                                                                                                                                                           <ptk:t location="قالب:Coord:2:168">SE</ptk:t>
                                                                                                                                                                        </ptk:l>
                                                                                                                                                                     </value>
                                                                                                                                                                  </TemplateArgument>
                                                                                                                                                                  <TemplateArgument location="قالب:Coord:2:171">
                                                                                                                                                                     <ptk:a name="RTD">
                                                                                                                                                                        <RtData>c3EAfgAAdXEAfgADAAAAA3VxAH4ABQAAAAF0AAF8dXEAfgAFAAAAAXQAAT1w</RtData>
                                                                                                                                                                     </ptk:a>
                                                                                                                                                                     <hasName>true</hasName>
                                                                                                                                                                     <name>
                                                                                                                                                                        <ptk:l location="قالب:Coord:2:171">
                                                                                                                                                                           <ptk:t location="قالب:Coord:2:171">SW</ptk:t>
                                                                                                                                                                        </ptk:l>
                                                                                                                                                                     </name>
                                                                                                                                                                     <value>
                                                                                                                                                                        <ptk:l location="قالب:Coord:2:174">
                                                                                                                                                                           <ptk:t location="قالب:Coord:2:174">y</ptk:t>
                                                                                                                                                                        </ptk:l>
                                                                                                                                                                     </value>
                                                                                                                                                                  </TemplateArgument>
                                                                                                                                                               </ptk:l>
                                                                                                                                                            </args>
                                                                                                                                                         </Template>
                                                                                                                                                      </ptk:l>
                                                                                                                                                   </name>
                                                                                                                                                   <args>
                                                                                                                                                      <ptk:l location="قالب:Coord:2:177">
                                                                                                                                                         <TemplateArgument location="قالب:Coord:2:178">
                                                                                                                                                            <ptk:a name="RTD">
                                                                                                                                                               <RtData>c3EAfgAAdXEAfgADAAAAA3VxAH4ABQAAAAF0AAF8cHA=</RtData>
                                                                                                                                                            </ptk:a>
                                                                                                                                                            <hasName>false</hasName>
                                                                                                                                                            <name>
                                                                                                                                                               <ptk:l/>
                                                                                                                                                            </name>
                                                                                                                                                            <value>
                                                                                                                                                               <ptk:l location="قالب:Coord:2:178">
                                                                                                                                                                  <ptk:t location="قالب:Coord:2:178">dm</ptk:t>
                                                                                                                                                               </ptk:l>
                                                                                                                                                            </value>
                                                                                                                                                         </TemplateArgument>
                                                                                                                                                         <TemplateArgument location="قالب:Coord:2:181">
                                                                                                                                                            <ptk:a name="RTD">
                                                                                                                                                               <RtData>c3EAfgAAdXEAfgADAAAAA3VxAH4ABQAAAAF0AAF8cHA=</RtData>
                                                                                                                                                            </ptk:a>
                                                                                                                                                            <hasName>false</hasName>
                                                                                                                                                            <name>
                                                                                                                                                               <ptk:l/>
                                                                                                                                                            </name>
                                                                                                                                                            <value>
                                                                                                                                                               <ptk:l location="قالب:Coord:2:181">
                                                                                                                                                                  <Template location="قالب:Coord:2:183">
                                                                                                                                                                     <ptk:a name="RTD">
                                                                                                                                                                        <RtData>c3EAfgAAdXEAfgADAAAAA3VxAH4ABQAAAAFxAH4AB3B1cQB+AAUAAAABcQB+AAk=</RtData>
                                                                                                                                                                     </ptk:a>
                                                                                                                                                                     <name>
                                                                                                                                                                        <ptk:l location="قالب:Coord:2:183">
                                                                                                                                                                           <ptk:t location="قالب:Coord:2:183">#if:</ptk:t>
                                                                                                                                                                           <Template location="قالب:Coord:2:189">
                                                                                                                                                                              <ptk:a name="RTD">
                                                                                                                                                                                 <RtData>c3EAfgAAdXEAfgADAAAAA3VxAH4ABQAAAAFxAH4AB3B1cQB+AAUAAAABcQB+AAk=</RtData>
                                                                                                                                                                              </ptk:a>
                                                                                                                                                                              <name>
                                                                                                                                                                                 <ptk:l location="قالب:Coord:2:189">
                                                                                                                                                                                    <ptk:t location="قالب:Coord:2:189">#switch:</ptk:t>
                                                                                                                                                                                    <TemplateParameter location="قالب:Coord:2:200">
                                                                                                                                                                                       <ptk:a name="RTD">
                                                                                                                                                                                          <RtData>c3EAfgAAdXEAfgADAAAABHVxAH4ABQAAAAFxAH4ADXBwdXEAfgAFAAAAAXEAfgAP</RtData>
                                                                                                                                                                                       </ptk:a>
                                                                                                                                                                                       <name>
                                                                                                                                                                                          <ptk:l location="قالب:Coord:2:200">
                                                                                                                                                                                             <ptk:t location="قالب:Coord:2:200">2</ptk:t>
                                                                                                                                                                                          </ptk:l>
                                                                                                                                                                                       </name>
                                                                                                                                                                                       <defaultValue/>
                                                                                                                                                                                       <garbage/>
                                                                                                                                                                                    </TemplateParameter>
                                                                                                                                                                                    <TemplateParameter location="قالب:Coord:2:207">
                                                                                                                                                                                       <ptk:a name="RTD">
                                                                                                                                                                                          <RtData>c3EAfgAAdXEAfgADAAAABHVxAH4ABQAAAAFxAH4ADXBwdXEAfgAFAAAAAXEAfgAP</RtData>
                                                                                                                                                                                       </ptk:a>
                                                                                                                                                                                       <name>
                                                                                                                                                                                          <ptk:l location="قالب:Coord:2:207">
                                                                                                                                                                                             <ptk:t location="قالب:Coord:2:207">4</ptk:t>
                                                                                                                                                                                          </ptk:l>
                                                                                                                                                                                       </name>
                                                                                                                                                                                       <defaultValue/>
                                                                                                                                                                                       <garbage/>
                                                                                                                                                                                    </TemplateParameter>
                                                                                                                                                                                 </ptk:l>
                                                                                                                                                                              </name>
                                                                                                                                                                              <args>
                                                                                                                                                                                 <ptk:l location="قالب:Coord:2:211">
                                                                                                                                                                                    <TemplateArgument location="قالب:Coord:2:212">
                                                                                                                                                                                       <ptk:a name="RTD">
                                                                                                                                                                                          <RtData>c3EAfgAAdXEAfgADAAAAA3VxAH4ABQAAAAF0AAF8cHA=</RtData>
                                                                                                                                                                                       </ptk:a>
                                                                                                                                                                                       <hasName>false</hasName>
                                                                                                                                                                                       <name>
                                                                                                                                                                                          <ptk:l/>
                                                                                                                                                                                       </name>
                                                                                                                                                                                       <value>
                                                                                                                                                                                          <ptk:l location="قالب:Coord:2:212">
                                                                                                                                                                                             <ptk:t location="قالب:Coord:2:212">NE</ptk:t>
                                                                                                                                                                                          </ptk:l>
                                                                                                                                                                                       </value>
                                                                                                                                                                                    </TemplateArgument>
                                                                                                                                                                                    <TemplateArgument location="قالب:Coord:2:215">
                                                                                                                                                                                       <ptk:a name="RTD">
                                                                                                                                                                                          <RtData>c3EAfgAAdXEAfgADAAAAA3VxAH4ABQAAAAF0AAF8cHA=</RtData>
                                                                                                                                                                                       </ptk:a>
                                                                                                                                                                                       <hasName>false</hasName>
                                                                                                                                                                                       <name>
                                                                                                                                                                                          <ptk:l/>
                                                                                                                                                                                       </name>
                                                                                                                                                                                       <value>
                                                                                                                                                                                          <ptk:l location="قالب:Coord:2:215">
                                                                                                                                                                                             <ptk:t location="قالب:Coord:2:215">NW</ptk:t>
                                                                                                                                                                                          </ptk:l>
                                                                                                                                                                                       </value>
                                                                                                                                                                                    </TemplateArgument>
                                                                                                                                                                                    <TemplateArgument location="قالب:Coord:2:218">
                                                                                                                                                                                       <ptk:a name="RTD">
                                                                                                                                                                                          <RtData>c3EAfgAAdXEAfgADAAAAA3VxAH4ABQAAAAF0AAF8cHA=</RtData>
                                                                                                                                                                                       </ptk:a>
                                                                                                                                                                                       <hasName>false</hasName>
                                                                                                                                                                                       <name>
                                                                                                                                                                                          <ptk:l/>
                                                                                                                                                                                       </name>
                                                                                                                                                                                       <value>
                                                                                                                                                                                          <ptk:l location="قالب:Coord:2:218">
                                                                                                                                                                                             <ptk:t location="قالب:Coord:2:218">SE</ptk:t>
                                                                                                                                                                                          </ptk:l>
                                                                                                                                                                                       </value>
                                                                                                                                                                                    </TemplateArgument>
                                                                                                                                                                                    <TemplateArgument location="قالب:Coord:2:221">
                                                                                                                                                                                       <ptk:a name="RTD">
                                                                                                                                                                                          <RtData>c3EAfgAAdXEAfgADAAAAA3VxAH4ABQAAAAF0AAF8dXEAfgAFAAAAAXQAAT1w</RtData>
                                                                                                                                                                                       </ptk:a>
                                                                                                                                                                                       <hasName>true</hasName>
                                                                                                                                                                                       <name>
                                                                                                                                                                                          <ptk:l location="قالب:Coord:2:221">
                                                                                                                                                                                             <ptk:t location="قالب:Coord:2:221">SW</ptk:t>
                                                                                                                                                                                          </ptk:l>
                                                                                                                                                                                       </name>
                                                                                                                                                                                       <value>
                                                                                                                                                                                          <ptk:l location="قالب:Coord:2:224">
                                                                                                                                                                                             <ptk:t location="قالب:Coord:2:224">y</ptk:t>
                                                                                                                                                                                          </ptk:l>
                                                                                                                                                                                       </value>
                                                                                                                                                                                    </TemplateArgument>
                                                                                                                                                                                 </ptk:l>
                                                                                                                                                                              </args>
                                                                                                                                                                           </Template>
                                                                                                                                                                        </ptk:l>
                                                                                                                                                                     </name>
                                                                                                                                                                     <args>
                                                                                                                                                                        <ptk:l location="قالب:Coord:2:227">
                                                                                                                                                                           <TemplateArgument location="قالب:Coord:2:228">
                                                                                                                                                                              <ptk:a name="RTD">
                                                                                                                                                                                 <RtData>c3EAfgAAdXEAfgADAAAAA3VxAH4ABQAAAAF0AAF8cHA=</RtData>
                                                                                                                                                                              </ptk:a>
                                                                                                                                                                              <hasName>false</hasName>
                                                                                                                                                                              <name>
                                                                                                                                                                                 <ptk:l/>
                                                                                                                                                                              </name>
                                                                                                                                                                              <value>
                                                                                                                                                                                 <ptk:l location="قالب:Coord:2:228">
                                                                                                                                                                                    <ptk:t location="قالب:Coord:2:228">d</ptk:t>
                                                                                                                                                                                 </ptk:l>
                                                                                                                                                                              </value>
                                                                                                                                                                           </TemplateArgument>
                                                                                                                                                                           <TemplateArgument location="قالب:Coord:2:230">
                                                                                                                                                                              <ptk:a name="RTD">
                                                                                                                                                                                 <RtData>c3EAfgAAdXEAfgADAAAAA3VxAH4ABQAAAAF0AAF8cHA=</RtData>
                                                                                                                                                                              </ptk:a>
                                                                                                                                                                              <hasName>false</hasName>
                                                                                                                                                                              <name>
                                                                                                                                                                                 <ptk:l/>
                                                                                                                                                                              </name>
                                                                                                                                                                              <value>
                                                                                                                                                                                 <ptk:l location="قالب:Coord:2:230">
                                                                                                                                                                                    <ptk:t location="قالب:Coord:2:230">ERROR</ptk:t>
                                                                                                                                                                                 </ptk:l>
                                                                                                                                                                              </value>
                                                                                                                                                                           </TemplateArgument>
                                                                                                                                                                        </ptk:l>
                                                                                                                                                                     </args>
                                                                                                                                                                  </Template>
                                                                                                                                                               </ptk:l>
                                                                                                                                                            </value>
                                                                                                                                                         </TemplateArgument>
                                                                                                                                                      </ptk:l>
                                                                                                                                                   </args>
                                                                                                                                                </Template>
                                                                                                                                             </ptk:l>
                                                                                                                                          </value>
                                                                                                                                       </TemplateArgument>
                                                                                                                                    </ptk:l>
                                                                                                                                 </args>
                                                                                                                              </Template>
                                                                                                                           </ptk:l>
                                                                                                                        </value>
                                                                                                                     </TemplateArgument>
                                                                                                                  </ptk:l>
                                                                                                               </args>
                                                                                                            </Template>
                                                                                                         </ptk:l>
                                                                                                      </value>
                                                                                                   </TemplateArgument>
                                                                                                </ptk:l>
                                                                                             </args>
                                                                                          </Template>
                                                                                          <ptk:t location="قالب:Coord:2:245">
</ptk:t>
                                                                                       </ptk:l>
                                                                                    </name>
                                                                                 </IllegalNameException>
                                                                                 <IllegalNameException>
                                                                                    <message>Cannot resolve target of transclusion to a simple name.</message>
                                                                                    <name>
                                                                                       <ptk:l location="قالب:Coord:1:16">
                                                                                          <ptk:t location="قالب:Coord:1:16">Coord/display/</ptk:t>
                                                                                          <TemplateParameter location="قالب:Coord:1:33">
                                                                                             <ptk:a name="RTD">
                                                                                                <RtData>c3EAfgAAdXEAfgADAAAABHVxAH4ABQAAAAFxAH4ADXBwdXEAfgAFAAAAAXEAfgAP</RtData>
                                                                                             </ptk:a>
                                                                                             <name>
                                                                                                <ptk:l location="قالب:Coord:1:33">
                                                                                                   <ptk:t location="قالب:Coord:1:33">display</ptk:t>
                                                                                                </ptk:l>
                                                                                             </name>
                                                                                             <defaultValue>
                                                                                                <TemplateArgument location="قالب:Coord:1:41">
                                                                                                   <ptk:a name="RTD">
                                                                                                      <RtData>c3EAfgAAdXEAfgADAAAAA3VxAH4ABQAAAAF0AAF8cHA=</RtData>
                                                                                                   </ptk:a>
                                                                                                   <hasName>false</hasName>
                                                                                                   <name>
                                                                                                      <ptk:l/>
                                                                                                   </name>
                                                                                                   <value>
                                                                                                      <ptk:l location="قالب:Coord:1:41">
                                                                                                         <ptk:t location="قالب:Coord:1:41">inline</ptk:t>
                                                                                                      </ptk:l>
                                                                                                   </value>
                                                                                                </TemplateArgument>
                                                                                             </defaultValue>
                                                                                             <garbage/>
                                                                                          </TemplateParameter>
                                                                                          <ptk:t location="قالب:Coord:1:50">
</ptk:t>
                                                                                       </ptk:l>
                                                                                    </name>
                                                                                 </IllegalNameException>
                                                                                 <ResolveTransclusionLog>
                                                                                    <success>false</success>
                                                                                    <target>Coord/input/error2</target>
                                                                                    <canonical>قالب:Coord/input/error2</canonical>
                                                                                    <timeNeeded>0</timeNeeded>
                                                                                    <content>
                                                                                       <ptk:l/>
                                                                                    </content>
                                                                                 </ResolveTransclusionLog>
                                                                                 <ResolveTransclusionLog>
                                                                                    <success>true</success>
                                                                                    <target>#ifeq</target>
                                                                                    <canonical null="true"/>
                                                                                    <timeNeeded>0</timeNeeded>
                                                                                    <content>
                                                                                       <ptk:l/>
                                                                                    </content>
                                                                                 </ResolveTransclusionLog>
                                                                                 <ResolveTransclusionLog>
                                                                                    <success>false</success>
                                                                                    <target>Coord/input/error2</target>
                                                                                    <canonical>قالب:Coord/input/error2</canonical>
                                                                                    <timeNeeded>0</timeNeeded>
                                                                                    <content>
                                                                                       <ptk:l/>
                                                                                    </content>
                                                                                 </ResolveTransclusionLog>
                                                                                 <ResolveTransclusionLog>
                                                                                    <success>true</success>
                                                                                    <target>#ifeq</target>
                                                                                    <canonical null="true"/>
                                                                                    <timeNeeded>0</timeNeeded>
                                                                                    <content>
                                                                                       <ptk:l/>
                                                                                    </content>
                                                                                 </ResolveTransclusionLog>
                                                                                 <ResolveTransclusionLog>
                                                                                    <success>false</success>
                                                                                    <target>Coord/input/error2</target>
                                                                                    <canonical>قالب:Coord/input/error2</canonical>
                                                                                    <timeNeeded>0</timeNeeded>
                                                                                    <content>
                                                                                       <ptk:l/>
                                                                                    </content>
                                                                                 </ResolveTransclusionLog>
                                                                                 <ResolveTransclusionLog>
                                                                                    <success>true</success>
                                                                                    <target>#ifeq</target>
                                                                                    <canonical null="true"/>
                                                                                    <timeNeeded>0</timeNeeded>
                                                                                    <content>
                                                                                       <ptk:l/>
                                                                                    </content>
                                                                                 </ResolveTransclusionLog>
                                                                                 <ResolveTransclusionLog>
                                                                                    <success>false</success>
                                                                                    <target>Coord/input/error2</target>
                                                                                    <canonical>قالب:Coord/input/error2</canonical>
                                                                                    <timeNeeded>0</timeNeeded>
                                                                                    <content>
                                                                                       <ptk:l/>
                                                                                    </content>
                                                                                 </ResolveTransclusionLog>
                                                                                 <ResolveTransclusionLog>
                                                                                    <success>true</success>
                                                                                    <target>#ifeq</target>
                                                                                    <canonical null="true"/>
                                                                                    <timeNeeded>0</timeNeeded>
                                                                                    <content>
                                                                                       <ptk:l/>
                                                                                    </content>
                                                                                 </ResolveTransclusionLog>
                                                                                 <ResolveTransclusionLog>
                                                                                    <success>false</success>
                                                                                    <target>Coord/input/error2</target>
                                                                                    <canonical>قالب:Coord/input/error2</canonical>
                                                                                    <timeNeeded>0</timeNeeded>
                                                                                    <content>
                                                                                       <ptk:l/>
                                                                                    </content>
                                                                                 </ResolveTransclusionLog>
                                                                                 <ResolveTransclusionLog>
                                                                                    <success>true</success>
                                                                                    <target>#ifeq</target>
                                                                                    <canonical null="true"/>
                                                                                    <timeNeeded>0</timeNeeded>
                                                                                    <content>
                                                                                       <ptk:l/>
                                                                                    </content>
                                                                                 </ResolveTransclusionLog>
                                                                                 <ResolveTransclusionLog>
                                                                                    <success>false</success>
                                                                                    <target>Coord/input/error2</target>
                                                                                    <canonical>قالب:Coord/input/error2</canonical>
                                                                                    <timeNeeded>0</timeNeeded>
                                                                                    <content>
                                                                                       <ptk:l/>
                                                                                    </content>
                                                                                 </ResolveTransclusionLog>
                                                                                 <ResolveTransclusionLog>
                                                                                    <success>true</success>
                                                                                    <target>#ifeq</target>
                                                                                    <canonical null="true"/>
                                                                                    <timeNeeded>0</timeNeeded>
                                                                                    <content>
                                                                                       <ptk:l/>
                                                                                    </content>
                                                                                 </ResolveTransclusionLog>
                                                                              </ptk:l>
                                                                           </content>
                                                                        </PpResolverLog>
                                                                     </ptk:l>
                                                                  </content>
                                                               </CompilerLog>
                                                            </ptk:l>
                                                         </content>
                                                      </ResolveTransclusionLog>
                                                      <ResolveTransclusionLog>
                                                         <success>true</success>
                                                         <target>#if</target>
                                                         <canonical null="true"/>
                                                         <timeNeeded>0</timeNeeded>
                                                         <content>
                                                            <ptk:l/>
                                                         </content>
                                                      </ResolveTransclusionLog>
                                                      <IllegalNameException>
                                                         <message>Cannot resolve target of transclusion to a simple name.</message>
                                                         <name>
                                                            <ptk:l location="قالب:Coord:2:6">
                                                               <ptk:t location="قالب:Coord:2:6">Coord/input/</ptk:t>
                                                               <Template location="قالب:Coord:2:20">
                                                                  <ptk:a name="RTD">
                                                                     <RtData>cQB+AM4=</RtData>
                                                                  </ptk:a>
                                                                  <name>
                                                                     <ptk:l location="قالب:Coord:2:20">
                                                                        <ptk:t location="قالب:Coord:2:20">#ifeq:</ptk:t>
                                                                        <TemplateParameter location="قالب:Coord:2:29">
                                                                           <ptk:a name="RTD">
                                                                              <RtData>cQB+ANI=</RtData>
                                                                           </ptk:a>
                                                                           <name>
                                                                              <ptk:l location="قالب:Coord:2:29">
                                                                                 <ptk:t location="قالب:Coord:2:29">1</ptk:t>
                                                                              </ptk:l>
                                                                           </name>
                                                                           <defaultValue>
                                                                              <TemplateArgument location="قالب:Coord:2:31">
                                                                                 <ptk:a name="RTD">
                                                                                    <RtData>cQB+ANY=</RtData>
                                                                                 </ptk:a>
                                                                                 <hasName>false</hasName>
                                                                                 <name>
                                                                                    <ptk:l/>
                                                                                 </name>
                                                                                 <value>
                                                                                    <ptk:l location="قالب:Coord:2:31"/>
                                                                                 </value>
                                                                              </TemplateArgument>
                                                                           </defaultValue>
                                                                           <garbage/>
                                                                        </TemplateParameter>
                                                                     </ptk:l>
                                                                  </name>
                                                                  <args>
                                                                     <ptk:l location="قالب:Coord:2:34">
                                                                        <TemplateArgument location="قالب:Coord:2:35">
                                                                           <ptk:a name="RTD">
                                                                              <RtData>cQB+ANo=</RtData>
                                                                           </ptk:a>
                                                                           <hasName>false</hasName>
                                                                           <name>
                                                                              <ptk:l/>
                                                                           </name>
                                                                           <value>
                                                                              <ptk:l location="قالب:Coord:2:35"/>
                                                                           </value>
                                                                        </TemplateArgument>
                                                                        <TemplateArgument location="قالب:Coord:2:36">
                                                                           <ptk:a name="RTD">
                                                                              <RtData>cQB+AN4=</RtData>
                                                                           </ptk:a>
                                                                           <hasName>false</hasName>
                                                                           <name>
                                                                              <ptk:l/>
                                                                           </name>
                                                                           <value>
                                                                              <ptk:l location="قالب:Coord:2:36">
                                                                                 <ptk:t location="قالب:Coord:2:36">nolat</ptk:t>
                                                                              </ptk:l>
                                                                           </value>
                                                                        </TemplateArgument>
                                                                        <TemplateArgument location="قالب:Coord:2:42">
                                                                           <ptk:a name="RTD">
                                                                              <RtData>cQB+AOI=</RtData>
                                                                           </ptk:a>
                                                                           <hasName>false</hasName>
                                                                           <name>
                                                                              <ptk:l/>
                                                                           </name>
                                                                           <value>
                                                                              <ptk:l location="قالب:Coord:2:42">
                                                                                 <Template location="قالب:Coord:2:44">
                                                                                    <ptk:a name="RTD">
                                                                                       <RtData>cQB+AOY=</RtData>
                                                                                    </ptk:a>
                                                                                    <name>
                                                                                       <ptk:l location="قالب:Coord:2:44">
                                                                                          <ptk:t location="قالب:Coord:2:44">#ifeq:</ptk:t>
                                                                                          <TemplateParameter location="قالب:Coord:2:53">
                                                                                             <ptk:a name="RTD">
                                                                                                <RtData>cQB+AOo=</RtData>
                                                                                             </ptk:a>
                                                                                             <name>
                                                                                                <ptk:l location="قالب:Coord:2:53">
                                                                                                   <ptk:t location="قالب:Coord:2:53">4</ptk:t>
                                                                                                </ptk:l>
                                                                                             </name>
                                                                                             <defaultValue>
                                                                                                <TemplateArgument location="قالب:Coord:2:55">
                                                                                                   <ptk:a name="RTD">
                                                                                                      <RtData>cQB+AO4=</RtData>
                                                                                                   </ptk:a>
                                                                                                   <hasName>false</hasName>
                                                                                                   <name>
                                                                                                      <ptk:l/>
                                                                                                   </name>
                                                                                                   <value>
                                                                                                      <ptk:l location="قالب:Coord:2:55"/>
                                                                                                   </value>
                                                                                                </TemplateArgument>
                                                                                             </defaultValue>
                                                                                             <garbage/>
                                                                                          </TemplateParameter>
                                                                                          <TemplateParameter location="قالب:Coord:2:61">
                                                                                             <ptk:a name="RTD">
                                                                                                <RtData>cQB+API=</RtData>
                                                                                             </ptk:a>
                                                                                             <name>
                                                                                                <ptk:l location="قالب:Coord:2:61">
                                                                                                   <ptk:t location="قالب:Coord:2:61">5</ptk:t>
                                                                                                </ptk:l>
                                                                                             </name>
                                                                                             <defaultValue>
                                                                                                <TemplateArgument location="قالب:Coord:2:63">
                                                                                                   <ptk:a name="RTD">
                                                                                                      <RtData>cQB+APY=</RtData>
                                                                                                   </ptk:a>
                                                                                                   <hasName>false</hasName>
                                                                                                   <name>
                                                                                                      <ptk:l/>
                                                                                                   </name>
                                                                                                   <value>
                                                                                                      <ptk:l location="قالب:Coord:2:63"/>
                                                                                                   </value>
                                                                                                </TemplateArgument>
                                                                                             </defaultValue>
                                                                                             <garbage/>
                                                                                          </TemplateParameter>
                                                                                          <TemplateParameter location="قالب:Coord:2:69">
                                                                                             <ptk:a name="RTD">
                                                                                                <RtData>cQB+APo=</RtData>
                                                                                             </ptk:a>
                                                                                             <name>
                                                                                                <ptk:l location="قالب:Coord:2:69">
                                                                                                   <ptk:t location="قالب:Coord:2:69">6</ptk:t>
                                                                                                </ptk:l>
                                                                                             </name>
                                                                                             <defaultValue>
                                                                                                <TemplateArgument location="قالب:Coord:2:71">
                                                                                                   <ptk:a name="RTD">
                                                                                                      <RtData>cQB+AP4=</RtData>
                                                                                                   </ptk:a>
                                                                                                   <hasName>false</hasName>
                                                                                                   <name>
                                                                                                      <ptk:l/>
                                                                                                   </name>
                                                                                                   <value>
                                                                                                      <ptk:l location="قالب:Coord:2:71"/>
                                                                                                   </value>
                                                                                                </TemplateArgument>
                                                                                             </defaultValue>
                                                                                             <garbage/>
                                                                                          </TemplateParameter>
                                                                                       </ptk:l>
                                                                                    </name>
                                                                                    <args>
                                                                                       <ptk:l location="قالب:Coord:2:74">
                                                                                          <TemplateArgument location="قالب:Coord:2:75">
                                                                                             <ptk:a name="RTD">
                                                                                                <RtData>cQB+AQI=</RtData>
                                                                                             </ptk:a>
                                                                                             <hasName>false</hasName>
                                                                                             <name>
                                                                                                <ptk:l/>
                                                                                             </name>
                                                                                             <value>
                                                                                                <ptk:l location="قالب:Coord:2:75"/>
                                                                                             </value>
                                                                                          </TemplateArgument>
                                                                                          <TemplateArgument location="قالب:Coord:2:76">
                                                                                             <ptk:a name="RTD">
                                                                                                <RtData>cQB+AQY=</RtData>
                                                                                             </ptk:a>
                                                                                             <hasName>false</hasName>
                                                                                             <name>
                                                                                                <ptk:l/>
                                                                                             </name>
                                                                                             <value>
                                                                                                <ptk:l location="قالب:Coord:2:76">
                                                                                                   <ptk:t location="قالب:Coord:2:76">dec</ptk:t>
                                                                                                </ptk:l>
                                                                                             </value>
                                                                                          </TemplateArgument>
                                                                                          <TemplateArgument location="قالب:Coord:2:80">
                                                                                             <ptk:a name="RTD">
                                                                                                <RtData>cQB+AQo=</RtData>
                                                                                             </ptk:a>
                                                                                             <hasName>false</hasName>
                                                                                             <name>
                                                                                                <ptk:l/>
                                                                                             </name>
                                                                                             <value>
                                                                                                <ptk:l location="قالب:Coord:2:80">
                                                                                                   <Template location="قالب:Coord:2:82">
                                                                                                      <ptk:a name="RTD">
                                                                                                         <RtData>cQB+AQ4=</RtData>
                                                                                                      </ptk:a>
                                                                                                      <name>
                                                                                                         <ptk:l location="قالب:Coord:2:82">
                                                                                                            <ptk:t location="قالب:Coord:2:82">#if:</ptk:t>
                                                                                                            <Template location="قالب:Coord:2:88">
                                                                                                               <ptk:a name="RTD">
                                                                                                                  <RtData>cQB+ARI=</RtData>
                                                                                                               </ptk:a>
                                                                                                               <name>
                                                                                                                  <ptk:l location="قالب:Coord:2:88">
                                                                                                                     <ptk:t location="قالب:Coord:2:88">#switch:</ptk:t>
                                                                                                                     <TemplateParameter location="قالب:Coord:2:99">
                                                                                                                        <ptk:a name="RTD">
                                                                                                                           <RtData>cQB+ARY=</RtData>
                                                                                                                        </ptk:a>
                                                                                                                        <name>
                                                                                                                           <ptk:l location="قالب:Coord:2:99">
                                                                                                                              <ptk:t location="قالب:Coord:2:99">4</ptk:t>
                                                                                                                           </ptk:l>
                                                                                                                        </name>
                                                                                                                        <defaultValue/>
                                                                                                                        <garbage/>
                                                                                                                     </TemplateParameter>
                                                                                                                     <TemplateParameter location="قالب:Coord:2:106">
                                                                                                                        <ptk:a name="RTD">
                                                                                                                           <RtData>cQB+ARo=</RtData>
                                                                                                                        </ptk:a>
                                                                                                                        <name>
                                                                                                                           <ptk:l location="قالب:Coord:2:106">
                                                                                                                              <ptk:t location="قالب:Coord:2:106">8</ptk:t>
                                                                                                                           </ptk:l>
                                                                                                                        </name>
                                                                                                                        <defaultValue/>
                                                                                                                        <garbage/>
                                                                                                                     </TemplateParameter>
                                                                                                                  </ptk:l>
                                                                                                               </name>
                                                                                                               <args>
                                                                                                                  <ptk:l location="قالب:Coord:2:110">
                                                                                                                     <TemplateArgument location="قالب:Coord:2:111">
                                                                                                                        <ptk:a name="RTD">
                                                                                                                           <RtData>cQB+AR4=</RtData>
                                                                                                                        </ptk:a>
                                                                                                                        <hasName>false</hasName>
                                                                                                                        <name>
                                                                                                                           <ptk:l/>
                                                                                                                        </name>
                                                                                                                        <value>
                                                                                                                           <ptk:l location="قالب:Coord:2:111">
                                                                                                                              <ptk:t location="قالب:Coord:2:111">NE</ptk:t>
                                                                                                                           </ptk:l>
                                                                                                                        </value>
                                                                                                                     </TemplateArgument>
                                                                                                                     <TemplateArgument location="قالب:Coord:2:114">
                                                                                                                        <ptk:a name="RTD">
                                                                                                                           <RtData>cQB+ASI=</RtData>
                                                                                                                        </ptk:a>
                                                                                                                        <hasName>false</hasName>
                                                                                                                        <name>
                                                                                                                           <ptk:l/>
                                                                                                                        </name>
                                                                                                                        <value>
                                                                                                                           <ptk:l location="قالب:Coord:2:114">
                                                                                                                              <ptk:t location="قالب:Coord:2:114">NW</ptk:t>
                                                                                                                           </ptk:l>
                                                                                                                        </value>
                                                                                                                     </TemplateArgument>
                                                                                                                     <TemplateArgument location="قالب:Coord:2:117">
                                                                                                                        <ptk:a name="RTD">
                                                                                                                           <RtData>cQB+ASY=</RtData>
                                                                                                                        </ptk:a>
                                                                                                                        <hasName>false</hasName>
                                                                                                                        <name>
                                                                                                                           <ptk:l/>
                                                                                                                        </name>
                                                                                                                        <value>
                                                                                                                           <ptk:l location="قالب:Coord:2:117">
                                                                                                                              <ptk:t location="قالب:Coord:2:117">SE</ptk:t>
                                                                                                                           </ptk:l>
                                                                                                                        </value>
                                                                                                                     </TemplateArgument>
                                                                                                                     <TemplateArgument location="قالب:Coord:2:120">
                                                                                                                        <ptk:a name="RTD">
                                                                                                                           <RtData>cQB+ASo=</RtData>
                                                                                                                        </ptk:a>
                                                                                                                        <hasName>true</hasName>
                                                                                                                        <name>
                                                                                                                           <ptk:l location="قالب:Coord:2:120">
                                                                                                                              <ptk:t location="قالب:Coord:2:120">SW</ptk:t>
                                                                                                                           </ptk:l>
                                                                                                                        </name>
                                                                                                                        <value>
                                                                                                                           <ptk:l location="قالب:Coord:2:123">
                                                                                                                              <ptk:t location="قالب:Coord:2:123">y</ptk:t>
                                                                                                                           </ptk:l>
                                                                                                                        </value>
                                                                                                                     </TemplateArgument>
                                                                                                                  </ptk:l>
                                                                                                               </args>
                                                                                                            </Template>
                                                                                                         </ptk:l>
                                                                                                      </name>
                                                                                                      <args>
                                                                                                         <ptk:l location="قالب:Coord:2:126">
                                                                                                            <TemplateArgument location="قالب:Coord:2:127">
                                                                                                               <ptk:a name="RTD">
                                                                                                                  <RtData>cQB+ATA=</RtData>
                                                                                                               </ptk:a>
                                                                                                               <hasName>false</hasName>
                                                                                                               <name>
                                                                                                                  <ptk:l/>
                                                                                                               </name>
                                                                                                               <value>
                                                                                                                  <ptk:l location="قالب:Coord:2:127">
                                                                                                                     <ptk:t location="قالب:Coord:2:127">dms</ptk:t>
                                                                                                                  </ptk:l>
                                                                                                               </value>
                                                                                                            </TemplateArgument>
                                                                                                            <TemplateArgument location="قالب:Coord:2:131">
                                                                                                               <ptk:a name="RTD">
                                                                                                                  <RtData>cQB+ATQ=</RtData>
                                                                                                               </ptk:a>
                                                                                                               <hasName>false</hasName>
                                                                                                               <name>
                                                                                                                  <ptk:l/>
                                                                                                               </name>
                                                                                                               <value>
                                                                                                                  <ptk:l location="قالب:Coord:2:131">
                                                                                                                     <Template location="قالب:Coord:2:133">
                                                                                                                        <ptk:a name="RTD">
                                                                                                                           <RtData>cQB+ATg=</RtData>
                                                                                                                        </ptk:a>
                                                                                                                        <name>
                                                                                                                           <ptk:l location="قالب:Coord:2:133">
                                                                                                                              <ptk:t location="قالب:Coord:2:133">#if:</ptk:t>
                                                                                                                              <Template location="قالب:Coord:2:139">
                                                                                                                                 <ptk:a name="RTD">
                                                                                                                                    <RtData>cQB+ATw=</RtData>
                                                                                                                                 </ptk:a>
                                                                                                                                 <name>
                                                                                                                                    <ptk:l location="قالب:Coord:2:139">
                                                                                                                                       <ptk:t location="قالب:Coord:2:139">#switch:</ptk:t>
                                                                                                                                       <TemplateParameter location="قالب:Coord:2:150">
                                                                                                                                          <ptk:a name="RTD">
                                                                                                                                             <RtData>cQB+AUA=</RtData>
                                                                                                                                          </ptk:a>
                                                                                                                                          <name>
                                                                                                                                             <ptk:l location="قالب:Coord:2:150">
                                                                                                                                                <ptk:t location="قالب:Coord:2:150">3</ptk:t>
                                                                                                                                             </ptk:l>
                                                                                                                                          </name>
                                                                                                                                          <defaultValue/>
                                                                                                                                          <garbage/>
                                                                                                                                       </TemplateParameter>
                                                                                                                                       <TemplateParameter location="قالب:Coord:2:157">
                                                                                                                                          <ptk:a name="RTD">
                                                                                                                                             <RtData>cQB+AUQ=</RtData>
                                                                                                                                          </ptk:a>
                                                                                                                                          <name>
                                                                                                                                             <ptk:l location="قالب:Coord:2:157">
                                                                                                                                                <ptk:t location="قالب:Coord:2:157">6</ptk:t>
                                                                                                                                             </ptk:l>
                                                                                                                                          </name>
                                                                                                                                          <defaultValue/>
                                                                                                                                          <garbage/>
                                                                                                                                       </TemplateParameter>
                                                                                                                                    </ptk:l>
                                                                                                                                 </name>
                                                                                                                                 <args>
                                                                                                                                    <ptk:l location="قالب:Coord:2:161">
                                                                                                                                       <TemplateArgument location="قالب:Coord:2:162">
                                                                                                                                          <ptk:a name="RTD">
                                                                                                                                             <RtData>cQB+AUg=</RtData>
                                                                                                                                          </ptk:a>
                                                                                                                                          <hasName>false</hasName>
                                                                                                                                          <name>
                                                                                                                                             <ptk:l/>
                                                                                                                                          </name>
                                                                                                                                          <value>
                                                                                                                                             <ptk:l location="قالب:Coord:2:162">
                                                                                                                                                <ptk:t location="قالب:Coord:2:162">NE</ptk:t>
                                                                                                                                             </ptk:l>
                                                                                                                                          </value>
                                                                                                                                       </TemplateArgument>
                                                                                                                                       <TemplateArgument location="قالب:Coord:2:165">
                                                                                                                                          <ptk:a name="RTD">
                                                                                                                                             <RtData>cQB+AUw=</RtData>
                                                                                                                                          </ptk:a>
                                                                                                                                          <hasName>false</hasName>
                                                                                                                                          <name>
                                                                                                                                             <ptk:l/>
                                                                                                                                          </name>
                                                                                                                                          <value>
                                                                                                                                             <ptk:l location="قالب:Coord:2:165">
                                                                                                                                                <ptk:t location="قالب:Coord:2:165">NW</ptk:t>
                                                                                                                                             </ptk:l>
                                                                                                                                          </value>
                                                                                                                                       </TemplateArgument>
                                                                                                                                       <TemplateArgument location="قالب:Coord:2:168">
                                                                                                                                          <ptk:a name="RTD">
                                                                                                                                             <RtData>cQB+AVA=</RtData>
                                                                                                                                          </ptk:a>
                                                                                                                                          <hasName>false</hasName>
                                                                                                                                          <name>
                                                                                                                                             <ptk:l/>
                                                                                                                                          </name>
                                                                                                                                          <value>
                                                                                                                                             <ptk:l location="قالب:Coord:2:168">
                                                                                                                                                <ptk:t location="قالب:Coord:2:168">SE</ptk:t>
                                                                                                                                             </ptk:l>
                                                                                                                                          </value>
                                                                                                                                       </TemplateArgument>
                                                                                                                                       <TemplateArgument location="قالب:Coord:2:171">
                                                                                                                                          <ptk:a name="RTD">
                                                                                                                                             <RtData>cQB+AVQ=</RtData>
                                                                                                                                          </ptk:a>
                                                                                                                                          <hasName>true</hasName>
                                                                                                                                          <name>
                                                                                                                                             <ptk:l location="قالب:Coord:2:171">
                                                                                                                                                <ptk:t location="قالب:Coord:2:171">SW</ptk:t>
                                                                                                                                             </ptk:l>
                                                                                                                                          </name>
                                                                                                                                          <value>
                                                                                                                                             <ptk:l location="قالب:Coord:2:174">
                                                                                                                                                <ptk:t location="قالب:Coord:2:174">y</ptk:t>
                                                                                                                                             </ptk:l>
                                                                                                                                          </value>
                                                                                                                                       </TemplateArgument>
                                                                                                                                    </ptk:l>
                                                                                                                                 </args>
                                                                                                                              </Template>
                                                                                                                           </ptk:l>
                                                                                                                        </name>
                                                                                                                        <args>
                                                                                                                           <ptk:l location="قالب:Coord:2:177">
                                                                                                                              <TemplateArgument location="قالب:Coord:2:178">
                                                                                                                                 <ptk:a name="RTD">
                                                                                                                                    <RtData>cQB+AVo=</RtData>
                                                                                                                                 </ptk:a>
                                                                                                                                 <hasName>false</hasName>
                                                                                                                                 <name>
                                                                                                                                    <ptk:l/>
                                                                                                                                 </name>
                                                                                                                                 <value>
                                                                                                                                    <ptk:l location="قالب:Coord:2:178">
                                                                                                                                       <ptk:t location="قالب:Coord:2:178">dm</ptk:t>
                                                                                                                                    </ptk:l>
                                                                                                                                 </value>
                                                                                                                              </TemplateArgument>
                                                                                                                              <TemplateArgument location="قالب:Coord:2:181">
                                                                                                                                 <ptk:a name="RTD">
                                                                                                                                    <RtData>cQB+AV4=</RtData>
                                                                                                                                 </ptk:a>
                                                                                                                                 <hasName>false</hasName>
                                                                                                                                 <name>
                                                                                                                                    <ptk:l/>
                                                                                                                                 </name>
                                                                                                                                 <value>
                                                                                                                                    <ptk:l location="قالب:Coord:2:181">
                                                                                                                                       <Template location="قالب:Coord:2:183">
                                                                                                                                          <ptk:a name="RTD">
                                                                                                                                             <RtData>cQB+AWI=</RtData>
                                                                                                                                          </ptk:a>
                                                                                                                                          <name>
                                                                                                                                             <ptk:l location="قالب:Coord:2:183">
                                                                                                                                                <ptk:t location="قالب:Coord:2:183">#if:</ptk:t>
                                                                                                                                                <Template location="قالب:Coord:2:189">
                                                                                                                                                   <ptk:a name="RTD">
                                                                                                                                                      <RtData>cQB+AWY=</RtData>
                                                                                                                                                   </ptk:a>
                                                                                                                                                   <name>
                                                                                                                                                      <ptk:l location="قالب:Coord:2:189">
                                                                                                                                                         <ptk:t location="قالب:Coord:2:189">#switch:</ptk:t>
                                                                                                                                                         <TemplateParameter location="قالب:Coord:2:200">
                                                                                                                                                            <ptk:a name="RTD">
                                                                                                                                                               <RtData>cQB+AWo=</RtData>
                                                                                                                                                            </ptk:a>
                                                                                                                                                            <name>
                                                                                                                                                               <ptk:l location="قالب:Coord:2:200">
                                                                                                                                                                  <ptk:t location="قالب:Coord:2:200">2</ptk:t>
                                                                                                                                                               </ptk:l>
                                                                                                                                                            </name>
                                                                                                                                                            <defaultValue/>
                                                                                                                                                            <garbage/>
                                                                                                                                                         </TemplateParameter>
                                                                                                                                                         <TemplateParameter location="قالب:Coord:2:207">
                                                                                                                                                            <ptk:a name="RTD">
                                                                                                                                                               <RtData>cQB+AW4=</RtData>
                                                                                                                                                            </ptk:a>
                                                                                                                                                            <name>
                                                                                                                                                               <ptk:l location="قالب:Coord:2:207">
                                                                                                                                                                  <ptk:t location="قالب:Coord:2:207">4</ptk:t>
                                                                                                                                                               </ptk:l>
                                                                                                                                                            </name>
                                                                                                                                                            <defaultValue/>
                                                                                                                                                            <garbage/>
                                                                                                                                                         </TemplateParameter>
                                                                                                                                                      </ptk:l>
                                                                                                                                                   </name>
                                                                                                                                                   <args>
                                                                                                                                                      <ptk:l location="قالب:Coord:2:211">
                                                                                                                                                         <TemplateArgument location="قالب:Coord:2:212">
                                                                                                                                                            <ptk:a name="RTD">
                                                                                                                                                               <RtData>cQB+AXI=</RtData>
                                                                                                                                                            </ptk:a>
                                                                                                                                                            <hasName>false</hasName>
                                                                                                                                                            <name>
                                                                                                                                                               <ptk:l/>
                                                                                                                                                            </name>
                                                                                                                                                            <value>
                                                                                                                                                               <ptk:l location="قالب:Coord:2:212">
                                                                                                                                                                  <ptk:t location="قالب:Coord:2:212">NE</ptk:t>
                                                                                                                                                               </ptk:l>
                                                                                                                                                            </value>
                                                                                                                                                         </TemplateArgument>
                                                                                                                                                         <TemplateArgument location="قالب:Coord:2:215">
                                                                                                                                                            <ptk:a name="RTD">
                                                                                                                                                               <RtData>cQB+AXY=</RtData>
                                                                                                                                                            </ptk:a>
                                                                                                                                                            <hasName>false</hasName>
                                                                                                                                                            <name>
                                                                                                                                                               <ptk:l/>
                                                                                                                                                            </name>
                                                                                                                                                            <value>
                                                                                                                                                               <ptk:l location="قالب:Coord:2:215">
                                                                                                                                                                  <ptk:t location="قالب:Coord:2:215">NW</ptk:t>
                                                                                                                                                               </ptk:l>
                                                                                                                                                            </value>
                                                                                                                                                         </TemplateArgument>
                                                                                                                                                         <TemplateArgument location="قالب:Coord:2:218">
                                                                                                                                                            <ptk:a name="RTD">
                                                                                                                                                               <RtData>cQB+AXo=</RtData>
                                                                                                                                                            </ptk:a>
                                                                                                                                                            <hasName>false</hasName>
                                                                                                                                                            <name>
                                                                                                                                                               <ptk:l/>
                                                                                                                                                            </name>
                                                                                                                                                            <value>
                                                                                                                                                               <ptk:l location="قالب:Coord:2:218">
                                                                                                                                                                  <ptk:t location="قالب:Coord:2:218">SE</ptk:t>
                                                                                                                                                               </ptk:l>
                                                                                                                                                            </value>
                                                                                                                                                         </TemplateArgument>
                                                                                                                                                         <TemplateArgument location="قالب:Coord:2:221">
                                                                                                                                                            <ptk:a name="RTD">
                                                                                                                                                               <RtData>cQB+AX4=</RtData>
                                                                                                                                                            </ptk:a>
                                                                                                                                                            <hasName>true</hasName>
                                                                                                                                                            <name>
                                                                                                                                                               <ptk:l location="قالب:Coord:2:221">
                                                                                                                                                                  <ptk:t location="قالب:Coord:2:221">SW</ptk:t>
                                                                                                                                                               </ptk:l>
                                                                                                                                                            </name>
                                                                                                                                                            <value>
                                                                                                                                                               <ptk:l location="قالب:Coord:2:224">
                                                                                                                                                                  <ptk:t location="قالب:Coord:2:224">y</ptk:t>
                                                                                                                                                               </ptk:l>
                                                                                                                                                            </value>
                                                                                                                                                         </TemplateArgument>
                                                                                                                                                      </ptk:l>
                                                                                                                                                   </args>
                                                                                                                                                </Template>
                                                                                                                                             </ptk:l>
                                                                                                                                          </name>
                                                                                                                                          <args>
                                                                                                                                             <ptk:l location="قالب:Coord:2:227">
                                                                                                                                                <TemplateArgument location="قالب:Coord:2:228">
                                                                                                                                                   <ptk:a name="RTD">
                                                                                                                                                      <RtData>cQB+AYQ=</RtData>
                                                                                                                                                   </ptk:a>
                                                                                                                                                   <hasName>false</hasName>
                                                                                                                                                   <name>
                                                                                                                                                      <ptk:l/>
                                                                                                                                                   </name>
                                                                                                                                                   <value>
                                                                                                                                                      <ptk:l location="قالب:Coord:2:228">
                                                                                                                                                         <ptk:t location="قالب:Coord:2:228">d</ptk:t>
                                                                                                                                                      </ptk:l>
                                                                                                                                                   </value>
                                                                                                                                                </TemplateArgument>
                                                                                                                                                <TemplateArgument location="قالب:Coord:2:230">
                                                                                                                                                   <ptk:a name="RTD">
                                                                                                                                                      <RtData>cQB+AYg=</RtData>
                                                                                                                                                   </ptk:a>
                                                                                                                                                   <hasName>false</hasName>
                                                                                                                                                   <name>
                                                                                                                                                      <ptk:l/>
                                                                                                                                                   </name>
                                                                                                                                                   <value>
                                                                                                                                                      <ptk:l location="قالب:Coord:2:230">
                                                                                                                                                         <ptk:t location="قالب:Coord:2:230">ERROR</ptk:t>
                                                                                                                                                      </ptk:l>
                                                                                                                                                   </value>
                                                                                                                                                </TemplateArgument>
                                                                                                                                             </ptk:l>
                                                                                                                                          </args>
                                                                                                                                       </Template>
                                                                                                                                    </ptk:l>
                                                                                                                                 </value>
                                                                                                                              </TemplateArgument>
                                                                                                                           </ptk:l>
                                                                                                                        </args>
                                                                                                                     </Template>
                                                                                                                  </ptk:l>
                                                                                                               </value>
                                                                                                            </TemplateArgument>
                                                                                                         </ptk:l>
                                                                                                      </args>
                                                                                                   </Template>
                                                                                                </ptk:l>
                                                                                             </value>
                                                                                          </TemplateArgument>
                                                                                       </ptk:l>
                                                                                    </args>
                                                                                 </Template>
                                                                              </ptk:l>
                                                                           </value>
                                                                        </TemplateArgument>
                                                                     </ptk:l>
                                                                  </args>
                                                               </Template>
                                                               <ptk:t location="قالب:Coord:2:245">
</ptk:t>
                                                            </ptk:l>
                                                         </name>
                                                      </IllegalNameException>
                                                      <IllegalNameException>
                                                         <message>Cannot resolve target of transclusion to a simple name.</message>
                                                         <name>
                                                            <ptk:l location="قالب:Coord:1:16">
                                                               <ptk:t location="قالب:Coord:1:16">Coord/display/</ptk:t>
                                                               <TemplateParameter location="قالب:Coord:1:33">
                                                                  <ptk:a name="RTD">
                                                                     <RtData>cQB+AYw=</RtData>
                                                                  </ptk:a>
                                                                  <name>
                                                                     <ptk:l location="قالب:Coord:1:33">
                                                                        <ptk:t location="قالب:Coord:1:33">display</ptk:t>
                                                                     </ptk:l>
                                                                  </name>
                                                                  <defaultValue>
                                                                     <TemplateArgument location="قالب:Coord:1:41">
                                                                        <ptk:a name="RTD">
                                                                           <RtData>cQB+AZA=</RtData>
                                                                        </ptk:a>
                                                                        <hasName>false</hasName>
                                                                        <name>
                                                                           <ptk:l/>
                                                                        </name>
                                                                        <value>
                                                                           <ptk:l location="قالب:Coord:1:41">
                                                                              <ptk:t location="قالب:Coord:1:41">inline</ptk:t>
                                                                           </ptk:l>
                                                                        </value>
                                                                     </TemplateArgument>
                                                                  </defaultValue>
                                                                  <garbage/>
                                                               </TemplateParameter>
                                                               <ptk:t location="قالب:Coord:1:50">
</ptk:t>
                                                            </ptk:l>
                                                         </name>
                                                      </IllegalNameException>
                                                      <ResolveTransclusionLog>
                                                         <success>true</success>
                                                         <target>#ifexist</target>
                                                         <canonical null="true"/>
                                                         <timeNeeded>0</timeNeeded>
                                                         <content>
                                                            <ptk:l/>
                                                         </content>
                                                      </ResolveTransclusionLog>
                                                      <ResolveTransclusionLog>
                                                         <success>true</success>
                                                         <target>#if</target>
                                                         <canonical null="true"/>
                                                         <timeNeeded>0</timeNeeded>
                                                         <content>
                                                            <ptk:l/>
                                                         </content>
                                                      </ResolveTransclusionLog>
                                                      <ResolveTransclusionLog>
                                                         <success>true</success>
                                                         <target>#ifexist</target>
                                                         <canonical null="true"/>
                                                         <timeNeeded>0</timeNeeded>
                                                         <content>
                                                            <ptk:l/>
                                                         </content>
                                                      </ResolveTransclusionLog>
                                                      <ResolveTransclusionLog>
                                                         <success>true</success>
                                                         <target>#if</target>
                                                         <canonical null="true"/>
                                                         <timeNeeded>0</timeNeeded>
                                                         <content>
                                                            <ptk:l/>
                                                         </content>
                                                      </ResolveTransclusionLog>
                                                      <ResolveTransclusionLog>
                                                         <success>true</success>
                                                         <target>#ifeq</target>
                                                         <canonical null="true"/>
                                                         <timeNeeded>0</timeNeeded>
                                                         <content>
                                                            <ptk:l/>
                                                         </content>
                                                      </ResolveTransclusionLog>
                                                      <ResolveTransclusionLog>
                                                         <success>true</success>
                                                         <target>#switch</target>
                                                         <canonical null="true"/>
                                                         <timeNeeded>0</timeNeeded>
                                                         <content>
                                                            <ptk:l/>
                                                         </content>
                                                      </ResolveTransclusionLog>
                                                      <ResolveTransclusionLog>
                                                         <success>true</success>
                                                         <target>#ifeq</target>
                                                         <canonical null="true"/>
                                                         <timeNeeded>0</timeNeeded>
                                                         <content>
                                                            <ptk:l/>
                                                         </content>
                                                      </ResolveTransclusionLog>
                                                      <IllegalNameException>
                                                         <message>Cannot resolve target of transclusion to a simple name.</message>
                                                         <name>
                                                            <ptk:l location="قالب:Coord:2:6">
                                                               <ptk:t location="قالب:Coord:2:6">Coord/input/</ptk:t>
                                                               <Template location="قالب:Coord:2:20">
                                                                  <ptk:a name="RTD">
                                                                     <RtData>cQB+AM4=</RtData>
                                                                  </ptk:a>
                                                                  <name>
                                                                     <ptk:l location="قالب:Coord:2:20">
                                                                        <ptk:t location="قالب:Coord:2:20">#ifeq:</ptk:t>
                                                                        <TemplateParameter location="قالب:Coord:2:29">
                                                                           <ptk:a name="RTD">
                                                                              <RtData>cQB+ANI=</RtData>
                                                                           </ptk:a>
                                                                           <name>
                                                                              <ptk:l location="قالب:Coord:2:29">
                                                                                 <ptk:t location="قالب:Coord:2:29">1</ptk:t>
                                                                              </ptk:l>
                                                                           </name>
                                                                           <defaultValue>
                                                                              <TemplateArgument location="قالب:Coord:2:31">
                                                                                 <ptk:a name="RTD">
                                                                                    <RtData>cQB+ANY=</RtData>
                                                                                 </ptk:a>
                                                                                 <hasName>false</hasName>
                                                                                 <name>
                                                                                    <ptk:l/>
                                                                                 </name>
                                                                                 <value>
                                                                                    <ptk:l location="قالب:Coord:2:31"/>
                                                                                 </value>
                                                                              </TemplateArgument>
                                                                           </defaultValue>
                                                                           <garbage/>
                                                                        </TemplateParameter>
                                                                     </ptk:l>
                                                                  </name>
                                                                  <args>
                                                                     <ptk:l location="قالب:Coord:2:34">
                                                                        <TemplateArgument location="قالب:Coord:2:35">
                                                                           <ptk:a name="RTD">
                                                                              <RtData>cQB+ANo=</RtData>
                                                                           </ptk:a>
                                                                           <hasName>false</hasName>
                                                                           <name>
                                                                              <ptk:l/>
                                                                           </name>
                                                                           <value>
                                                                              <ptk:l location="قالب:Coord:2:35"/>
                                                                           </value>
                                                                        </TemplateArgument>
                                                                        <TemplateArgument location="قالب:Coord:2:36">
                                                                           <ptk:a name="RTD">
                                                                              <RtData>cQB+AN4=</RtData>
                                                                           </ptk:a>
                                                                           <hasName>false</hasName>
                                                                           <name>
                                                                              <ptk:l/>
                                                                           </name>
                                                                           <value>
                                                                              <ptk:l location="قالب:Coord:2:36">
                                                                                 <ptk:t location="قالب:Coord:2:36">nolat</ptk:t>
                                                                              </ptk:l>
                                                                           </value>
                                                                        </TemplateArgument>
                                                                        <TemplateArgument location="قالب:Coord:2:42">
                                                                           <ptk:a name="RTD">
                                                                              <RtData>cQB+AOI=</RtData>
                                                                           </ptk:a>
                                                                           <hasName>false</hasName>
                                                                           <name>
                                                                              <ptk:l/>
                                                                           </name>
                                                                           <value>
                                                                              <ptk:l location="قالب:Coord:2:42">
                                                                                 <Template location="قالب:Coord:2:44">
                                                                                    <ptk:a name="RTD">
                                                                                       <RtData>cQB+AOY=</RtData>
                                                                                    </ptk:a>
                                                                                    <name>
                                                                                       <ptk:l location="قالب:Coord:2:44">
                                                                                          <ptk:t location="قالب:Coord:2:44">#ifeq:</ptk:t>
                                                                                          <TemplateParameter location="قالب:Coord:2:53">
                                                                                             <ptk:a name="RTD">
                                                                                                <RtData>cQB+AOo=</RtData>
                                                                                             </ptk:a>
                                                                                             <name>
                                                                                                <ptk:l location="قالب:Coord:2:53">
                                                                                                   <ptk:t location="قالب:Coord:2:53">4</ptk:t>
                                                                                                </ptk:l>
                                                                                             </name>
                                                                                             <defaultValue>
                                                                                                <TemplateArgument location="قالب:Coord:2:55">
                                                                                                   <ptk:a name="RTD">
                                                                                                      <RtData>cQB+AO4=</RtData>
                                                                                                   </ptk:a>
                                                                                                   <hasName>false</hasName>
                                                                                                   <name>
                                                                                                      <ptk:l/>
                                                                                                   </name>
                                                                                                   <value>
                                                                                                      <ptk:l location="قالب:Coord:2:55"/>
                                                                                                   </value>
                                                                                                </TemplateArgument>
                                                                                             </defaultValue>
                                                                                             <garbage/>
                                                                                          </TemplateParameter>
                                                                                          <TemplateParameter location="قالب:Coord:2:61">
                                                                                             <ptk:a name="RTD">
                                                                                                <RtData>cQB+API=</RtData>
                                                                                             </ptk:a>
                                                                                             <name>
                                                                                                <ptk:l location="قالب:Coord:2:61">
                                                                                                   <ptk:t location="قالب:Coord:2:61">5</ptk:t>
                                                                                                </ptk:l>
                                                                                             </name>
                                                                                             <defaultValue>
                                                                                                <TemplateArgument location="قالب:Coord:2:63">
                                                                                                   <ptk:a name="RTD">
                                                                                                      <RtData>cQB+APY=</RtData>
                                                                                                   </ptk:a>
                                                                                                   <hasName>false</hasName>
                                                                                                   <name>
                                                                                                      <ptk:l/>
                                                                                                   </name>
                                                                                                   <value>
                                                                                                      <ptk:l location="قالب:Coord:2:63"/>
                                                                                                   </value>
                                                                                                </TemplateArgument>
                                                                                             </defaultValue>
                                                                                             <garbage/>
                                                                                          </TemplateParameter>
                                                                                          <TemplateParameter location="قالب:Coord:2:69">
                                                                                             <ptk:a name="RTD">
                                                                                                <RtData>cQB+APo=</RtData>
                                                                                             </ptk:a>
                                                                                             <name>
                                                                                                <ptk:l location="قالب:Coord:2:69">
                                                                                                   <ptk:t location="قالب:Coord:2:69">6</ptk:t>
                                                                                                </ptk:l>
                                                                                             </name>
                                                                                             <defaultValue>
                                                                                                <TemplateArgument location="قالب:Coord:2:71">
                                                                                                   <ptk:a name="RTD">
                                                                                                      <RtData>cQB+AP4=</RtData>
                                                                                                   </ptk:a>
                                                                                                   <hasName>false</hasName>
                                                                                                   <name>
                                                                                                      <ptk:l/>
                                                                                                   </name>
                                                                                                   <value>
                                                                                                      <ptk:l location="قالب:Coord:2:71"/>
                                                                                                   </value>
                                                                                                </TemplateArgument>
                                                                                             </defaultValue>
                                                                                             <garbage/>
                                                                                          </TemplateParameter>
                                                                                       </ptk:l>
                                                                                    </name>
                                                                                    <args>
                                                                                       <ptk:l location="قالب:Coord:2:74">
                                                                                          <TemplateArgument location="قالب:Coord:2:75">
                                                                                             <ptk:a name="RTD">
                                                                                                <RtData>cQB+AQI=</RtData>
                                                                                             </ptk:a>
                                                                                             <hasName>false</hasName>
                                                                                             <name>
                                                                                                <ptk:l/>
                                                                                             </name>
                                                                                             <value>
                                                                                                <ptk:l location="قالب:Coord:2:75"/>
                                                                                             </value>
                                                                                          </TemplateArgument>
                                                                                          <TemplateArgument location="قالب:Coord:2:76">
                                                                                             <ptk:a name="RTD">
                                                                                                <RtData>cQB+AQY=</RtData>
                                                                                             </ptk:a>
                                                                                             <hasName>false</hasName>
                                                                                             <name>
                                                                                                <ptk:l/>
                                                                                             </name>
                                                                                             <value>
                                                                                                <ptk:l location="قالب:Coord:2:76">
                                                                                                   <ptk:t location="قالب:Coord:2:76">dec</ptk:t>
                                                                                                </ptk:l>
                                                                                             </value>
                                                                                          </TemplateArgument>
                                                                                          <TemplateArgument location="قالب:Coord:2:80">
                                                                                             <ptk:a name="RTD">
                                                                                                <RtData>cQB+AQo=</RtData>
                                                                                             </ptk:a>
                                                                                             <hasName>false</hasName>
                                                                                             <name>
                                                                                                <ptk:l/>
                                                                                             </name>
                                                                                             <value>
                                                                                                <ptk:l location="قالب:Coord:2:80">
                                                                                                   <Template location="قالب:Coord:2:82">
                                                                                                      <ptk:a name="RTD">
                                                                                                         <RtData>cQB+AQ4=</RtData>
                                                                                                      </ptk:a>
                                                                                                      <name>
                                                                                                         <ptk:l location="قالب:Coord:2:82">
                                                                                                            <ptk:t location="قالب:Coord:2:82">#if:</ptk:t>
                                                                                                            <Template location="قالب:Coord:2:88">
                                                                                                               <ptk:a name="RTD">
                                                                                                                  <RtData>cQB+ARI=</RtData>
                                                                                                               </ptk:a>
                                                                                                               <name>
                                                                                                                  <ptk:l location="قالب:Coord:2:88">
                                                                                                                     <ptk:t location="قالب:Coord:2:88">#switch:</ptk:t>
                                                                                                                     <TemplateParameter location="قالب:Coord:2:99">
                                                                                                                        <ptk:a name="RTD">
                                                                                                                           <RtData>cQB+ARY=</RtData>
                                                                                                                        </ptk:a>
                                                                                                                        <name>
                                                                                                                           <ptk:l location="قالب:Coord:2:99">
                                                                                                                              <ptk:t location="قالب:Coord:2:99">4</ptk:t>
                                                                                                                           </ptk:l>
                                                                                                                        </name>
                                                                                                                        <defaultValue/>
                                                                                                                        <garbage/>
                                                                                                                     </TemplateParameter>
                                                                                                                     <TemplateParameter location="قالب:Coord:2:106">
                                                                                                                        <ptk:a name="RTD">
                                                                                                                           <RtData>cQB+ARo=</RtData>
                                                                                                                        </ptk:a>
                                                                                                                        <name>
                                                                                                                           <ptk:l location="قالب:Coord:2:106">
                                                                                                                              <ptk:t location="قالب:Coord:2:106">8</ptk:t>
                                                                                                                           </ptk:l>
                                                                                                                        </name>
                                                                                                                        <defaultValue/>
                                                                                                                        <garbage/>
                                                                                                                     </TemplateParameter>
                                                                                                                  </ptk:l>
                                                                                                               </name>
                                                                                                               <args>
                                                                                                                  <ptk:l location="قالب:Coord:2:110">
                                                                                                                     <TemplateArgument location="قالب:Coord:2:111">
                                                                                                                        <ptk:a name="RTD">
                                                                                                                           <RtData>cQB+AR4=</RtData>
                                                                                                                        </ptk:a>
                                                                                                                        <hasName>false</hasName>
                                                                                                                        <name>
                                                                                                                           <ptk:l/>
                                                                                                                        </name>
                                                                                                                        <value>
                                                                                                                           <ptk:l location="قالب:Coord:2:111">
                                                                                                                              <ptk:t location="قالب:Coord:2:111">NE</ptk:t>
                                                                                                                           </ptk:l>
                                                                                                                        </value>
                                                                                                                     </TemplateArgument>
                                                                                                                     <TemplateArgument location="قالب:Coord:2:114">
                                                                                                                        <ptk:a name="RTD">
                                                                                                                           <RtData>cQB+ASI=</RtData>
                                                                                                                        </ptk:a>
                                                                                                                        <hasName>false</hasName>
                                                                                                                        <name>
                                                                                                                           <ptk:l/>
                                                                                                                        </name>
                                                                                                                        <value>
                                                                                                                           <ptk:l location="قالب:Coord:2:114">
                                                                                                                              <ptk:t location="قالب:Coord:2:114">NW</ptk:t>
                                                                                                                           </ptk:l>
                                                                                                                        </value>
                                                                                                                     </TemplateArgument>
                                                                                                                     <TemplateArgument location="قالب:Coord:2:117">
                                                                                                                        <ptk:a name="RTD">
                                                                                                                           <RtData>cQB+ASY=</RtData>
                                                                                                                        </ptk:a>
                                                                                                                        <hasName>false</hasName>
                                                                                                                        <name>
                                                                                                                           <ptk:l/>
                                                                                                                        </name>
                                                                                                                        <value>
                                                                                                                           <ptk:l location="قالب:Coord:2:117">
                                                                                                                              <ptk:t location="قالب:Coord:2:117">SE</ptk:t>
                                                                                                                           </ptk:l>
                                                                                                                        </value>
                                                                                                                     </TemplateArgument>
                                                                                                                     <TemplateArgument location="قالب:Coord:2:120">
                                                                                                                        <ptk:a name="RTD">
                                                                                                                           <RtData>cQB+ASo=</RtData>
                                                                                                                        </ptk:a>
                                                                                                                        <hasName>true</hasName>
                                                                                                                        <name>
                                                                                                                           <ptk:l location="قالب:Coord:2:120">
                                                                                                                              <ptk:t location="قالب:Coord:2:120">SW</ptk:t>
                                                                                                                           </ptk:l>
                                                                                                                        </name>
                                                                                                                        <value>
                                                                                                                           <ptk:l location="قالب:Coord:2:123">
                                                                                                                              <ptk:t location="قالب:Coord:2:123">y</ptk:t>
                                                                                                                           </ptk:l>
                                                                                                                        </value>
                                                                                                                     </TemplateArgument>
                                                                                                                  </ptk:l>
                                                                                                               </args>
                                                                                                            </Template>
                                                                                                         </ptk:l>
                                                                                                      </name>
                                                                                                      <args>
                                                                                                         <ptk:l location="قالب:Coord:2:126">
                                                                                                            <TemplateArgument location="قالب:Coord:2:127">
                                                                                                               <ptk:a name="RTD">
                                                                                                                  <RtData>cQB+ATA=</RtData>
                                                                                                               </ptk:a>
                                                                                                               <hasName>false</hasName>
                                                                                                               <name>
                                                                                                                  <ptk:l/>
                                                                                                               </name>
                                                                                                               <value>
                                                                                                                  <ptk:l location="قالب:Coord:2:127">
                                                                                                                     <ptk:t location="قالب:Coord:2:127">dms</ptk:t>
                                                                                                                  </ptk:l>
                                                                                                               </value>
                                                                                                            </TemplateArgument>
                                                                                                            <TemplateArgument location="قالب:Coord:2:131">
                                                                                                               <ptk:a name="RTD">
                                                                                                                  <RtData>cQB+ATQ=</RtData>
                                                                                                               </ptk:a>
                                                                                                               <hasName>false</hasName>
                                                                                                               <name>
                                                                                                                  <ptk:l/>
                                                                                                               </name>
                                                                                                               <value>
                                                                                                                  <ptk:l location="قالب:Coord:2:131">
                                                                                                                     <Template location="قالب:Coord:2:133">
                                                                                                                        <ptk:a name="RTD">
                                                                                                                           <RtData>cQB+ATg=</RtData>
                                                                                                                        </ptk:a>
                                                                                                                        <name>
                                                                                                                           <ptk:l location="قالب:Coord:2:133">
                                                                                                                              <ptk:t location="قالب:Coord:2:133">#if:</ptk:t>
                                                                                                                              <Template location="قالب:Coord:2:139">
                                                                                                                                 <ptk:a name="RTD">
                                                                                                                                    <RtData>cQB+ATw=</RtData>
                                                                                                                                 </ptk:a>
                                                                                                                                 <name>
                                                                                                                                    <ptk:l location="قالب:Coord:2:139">
                                                                                                                                       <ptk:t location="قالب:Coord:2:139">#switch:</ptk:t>
                                                                                                                                       <TemplateParameter location="قالب:Coord:2:150">
                                                                                                                                          <ptk:a name="RTD">
                                                                                                                                             <RtData>cQB+AUA=</RtData>
                                                                                                                                          </ptk:a>
                                                                                                                                          <name>
                                                                                                                                             <ptk:l location="قالب:Coord:2:150">
                                                                                                                                                <ptk:t location="قالب:Coord:2:150">3</ptk:t>
                                                                                                                                             </ptk:l>
                                                                                                                                          </name>
                                                                                                                                          <defaultValue/>
                                                                                                                                          <garbage/>
                                                                                                                                       </TemplateParameter>
                                                                                                                                       <TemplateParameter location="قالب:Coord:2:157">
                                                                                                                                          <ptk:a name="RTD">
                                                                                                                                             <RtData>cQB+AUQ=</RtData>
                                                                                                                                          </ptk:a>
                                                                                                                                          <name>
                                                                                                                                             <ptk:l location="قالب:Coord:2:157">
                                                                                                                                                <ptk:t location="قالب:Coord:2:157">6</ptk:t>
                                                                                                                                             </ptk:l>
                                                                                                                                          </name>
                                                                                                                                          <defaultValue/>
                                                                                                                                          <garbage/>
                                                                                                                                       </TemplateParameter>
                                                                                                                                    </ptk:l>
                                                                                                                                 </name>
                                                                                                                                 <args>
                                                                                                                                    <ptk:l location="قالب:Coord:2:161">
                                                                                                                                       <TemplateArgument location="قالب:Coord:2:162">
                                                                                                                                          <ptk:a name="RTD">
                                                                                                                                             <RtData>cQB+AUg=</RtData>
                                                                                                                                          </ptk:a>
                                                                                                                                          <hasName>false</hasName>
                                                                                                                                          <name>
                                                                                                                                             <ptk:l/>
                                                                                                                                          </name>
                                                                                                                                          <value>
                                                                                                                                             <ptk:l location="قالب:Coord:2:162">
                                                                                                                                                <ptk:t location="قالب:Coord:2:162">NE</ptk:t>
                                                                                                                                             </ptk:l>
                                                                                                                                          </value>
                                                                                                                                       </TemplateArgument>
                                                                                                                                       <TemplateArgument location="قالب:Coord:2:165">
                                                                                                                                          <ptk:a name="RTD">
                                                                                                                                             <RtData>cQB+AUw=</RtData>
                                                                                                                                          </ptk:a>
                                                                                                                                          <hasName>false</hasName>
                                                                                                                                          <name>
                                                                                                                                             <ptk:l/>
                                                                                                                                          </name>
                                                                                                                                          <value>
                                                                                                                                             <ptk:l location="قالب:Coord:2:165">
                                                                                                                                                <ptk:t location="قالب:Coord:2:165">NW</ptk:t>
                                                                                                                                             </ptk:l>
                                                                                                                                          </value>
                                                                                                                                       </TemplateArgument>
                                                                                                                                       <TemplateArgument location="قالب:Coord:2:168">
                                                                                                                                          <ptk:a name="RTD">
                                                                                                                                             <RtData>cQB+AVA=</RtData>
                                                                                                                                          </ptk:a>
                                                                                                                                          <hasName>false</hasName>
                                                                                                                                          <name>
                                                                                                                                             <ptk:l/>
                                                                                                                                          </name>
                                                                                                                                          <value>
                                                                                                                                             <ptk:l location="قالب:Coord:2:168">
                                                                                                                                                <ptk:t location="قالب:Coord:2:168">SE</ptk:t>
                                                                                                                                             </ptk:l>
                                                                                                                                          </value>
                                                                                                                                       </TemplateArgument>
                                                                                                                                       <TemplateArgument location="قالب:Coord:2:171">
                                                                                                                                          <ptk:a name="RTD">
                                                                                                                                             <RtData>cQB+AVQ=</RtData>
                                                                                                                                          </ptk:a>
                                                                                                                                          <hasName>true</hasName>
                                                                                                                                          <name>
                                                                                                                                             <ptk:l location="قالب:Coord:2:171">
                                                                                                                                                <ptk:t location="قالب:Coord:2:171">SW</ptk:t>
                                                                                                                                             </ptk:l>
                                                                                                                                          </name>
                                                                                                                                          <value>
                                                                                                                                             <ptk:l location="قالب:Coord:2:174">
                                                                                                                                                <ptk:t location="قالب:Coord:2:174">y</ptk:t>
                                                                                                                                             </ptk:l>
                                                                                                                                          </value>
                                                                                                                                       </TemplateArgument>
                                                                                                                                    </ptk:l>
                                                                                                                                 </args>
                                                                                                                              </Template>
                                                                                                                           </ptk:l>
                                                                                                                        </name>
                                                                                                                        <args>
                                                                                                                           <ptk:l location="قالب:Coord:2:177">
                                                                                                                              <TemplateArgument location="قالب:Coord:2:178">
                                                                                                                                 <ptk:a name="RTD">
                                                                                                                                    <RtData>cQB+AVo=</RtData>
                                                                                                                                 </ptk:a>
                                                                                                                                 <hasName>false</hasName>
                                                                                                                                 <name>
                                                                                                                                    <ptk:l/>
                                                                                                                                 </name>
                                                                                                                                 <value>
                                                                                                                                    <ptk:l location="قالب:Coord:2:178">
                                                                                                                                       <ptk:t location="قالب:Coord:2:178">dm</ptk:t>
                                                                                                                                    </ptk:l>
                                                                                                                                 </value>
                                                                                                                              </TemplateArgument>
                                                                                                                              <TemplateArgument location="قالب:Coord:2:181">
                                                                                                                                 <ptk:a name="RTD">
                                                                                                                                    <RtData>cQB+AV4=</RtData>
                                                                                                                                 </ptk:a>
                                                                                                                                 <hasName>false</hasName>
                                                                                                                                 <name>
                                                                                                                                    <ptk:l/>
                                                                                                                                 </name>
                                                                                                                                 <value>
                                                                                                                                    <ptk:l location="قالب:Coord:2:181">
                                                                                                                                       <Template location="قالب:Coord:2:183">
                                                                                                                                          <ptk:a name="RTD">
                                                                                                                                             <RtData>cQB+AWI=</RtData>
                                                                                                                                          </ptk:a>
                                                                                                                                          <name>
                                                                                                                                             <ptk:l location="قالب:Coord:2:183">
                                                                                                                                                <ptk:t location="قالب:Coord:2:183">#if:</ptk:t>
                                                                                                                                                <Template location="قالب:Coord:2:189">
                                                                                                                                                   <ptk:a name="RTD">
                                                                                                                                                      <RtData>cQB+AWY=</RtData>
                                                                                                                                                   </ptk:a>
                                                                                                                                                   <name>
                                                                                                                                                      <ptk:l location="قالب:Coord:2:189">
                                                                                                                                                         <ptk:t location="قالب:Coord:2:189">#switch:</ptk:t>
                                                                                                                                                         <TemplateParameter location="قالب:Coord:2:200">
                                                                                                                                                            <ptk:a name="RTD">
                                                                                                                                                               <RtData>cQB+AWo=</RtData>
                                                                                                                                                            </ptk:a>
                                                                                                                                                            <name>
                                                                                                                                                               <ptk:l location="قالب:Coord:2:200">
                                                                                                                                                                  <ptk:t location="قالب:Coord:2:200">2</ptk:t>
                                                                                                                                                               </ptk:l>
                                                                                                                                                            </name>
                                                                                                                                                            <defaultValue/>
                                                                                                                                                            <garbage/>
                                                                                                                                                         </TemplateParameter>
                                                                                                                                                         <TemplateParameter location="قالب:Coord:2:207">
                                                                                                                                                            <ptk:a name="RTD">
                                                                                                                                                               <RtData>cQB+AW4=</RtData>
                                                                                                                                                            </ptk:a>
                                                                                                                                                            <name>
                                                                                                                                                               <ptk:l location="قالب:Coord:2:207">
                                                                                                                                                                  <ptk:t location="قالب:Coord:2:207">4</ptk:t>
                                                                                                                                                               </ptk:l>
                                                                                                                                                            </name>
                                                                                                                                                            <defaultValue/>
                                                                                                                                                            <garbage/>
                                                                                                                                                         </TemplateParameter>
                                                                                                                                                      </ptk:l>
                                                                                                                                                   </name>
                                                                                                                                                   <args>
                                                                                                                                                      <ptk:l location="قالب:Coord:2:211">
                                                                                                                                                         <TemplateArgument location="قالب:Coord:2:212">
                                                                                                                                                            <ptk:a name="RTD">
                                                                                                                                                               <RtData>cQB+AXI=</RtData>
                                                                                                                                                            </ptk:a>
                                                                                                                                                            <hasName>false</hasName>
                                                                                                                                                            <name>
                                                                                                                                                               <ptk:l/>
                                                                                                                                                            </name>
                                                                                                                                                            <value>
                                                                                                                                                               <ptk:l location="قالب:Coord:2:212">
                                                                                                                                                                  <ptk:t location="قالب:Coord:2:212">NE</ptk:t>
                                                                                                                                                               </ptk:l>
                                                                                                                                                            </value>
                                                                                                                                                         </TemplateArgument>
                                                                                                                                                         <TemplateArgument location="قالب:Coord:2:215">
                                                                                                                                                            <ptk:a name="RTD">
                                                                                                                                                               <RtData>cQB+AXY=</RtData>
                                                                                                                                                            </ptk:a>
                                                                                                                                                            <hasName>false</hasName>
                                                                                                                                                            <name>
                                                                                                                                                               <ptk:l/>
                                                                                                                                                            </name>
                                                                                                                                                            <value>
                                                                                                                                                               <ptk:l location="قالب:Coord:2:215">
                                                                                                                                                                  <ptk:t location="قالب:Coord:2:215">NW</ptk:t>
                                                                                                                                                               </ptk:l>
                                                                                                                                                            </value>
                                                                                                                                                         </TemplateArgument>
                                                                                                                                                         <TemplateArgument location="قالب:Coord:2:218">
                                                                                                                                                            <ptk:a name="RTD">
                                                                                                                                                               <RtData>cQB+AXo=</RtData>
                                                                                                                                                            </ptk:a>
                                                                                                                                                            <hasName>false</hasName>
                                                                                                                                                            <name>
                                                                                                                                                               <ptk:l/>
                                                                                                                                                            </name>
                                                                                                                                                            <value>
                                                                                                                                                               <ptk:l location="قالب:Coord:2:218">
                                                                                                                                                                  <ptk:t location="قالب:Coord:2:218">SE</ptk:t>
                                                                                                                                                               </ptk:l>
                                                                                                                                                            </value>
                                                                                                                                                         </TemplateArgument>
                                                                                                                                                         <TemplateArgument location="قالب:Coord:2:221">
                                                                                                                                                            <ptk:a name="RTD">
                                                                                                                                                               <RtData>cQB+AX4=</RtData>
                                                                                                                                                            </ptk:a>
                                                                                                                                                            <hasName>true</hasName>
                                                                                                                                                            <name>
                                                                                                                                                               <ptk:l location="قالب:Coord:2:221">
                                                                                                                                                                  <ptk:t location="قالب:Coord:2:221">SW</ptk:t>
                                                                                                                                                               </ptk:l>
                                                                                                                                                            </name>
                                                                                                                                                            <value>
                                                                                                                                                               <ptk:l location="قالب:Coord:2:224">
                                                                                                                                                                  <ptk:t location="قالب:Coord:2:224">y</ptk:t>
                                                                                                                                                               </ptk:l>
                                                                                                                                                            </value>
                                                                                                                                                         </TemplateArgument>
                                                                                                                                                      </ptk:l>
                                                                                                                                                   </args>
                                                                                                                                                </Template>
                                                                                                                                             </ptk:l>
                                                                                                                                          </name>
                                                                                                                                          <args>
                                                                                                                                             <ptk:l location="قالب:Coord:2:227">
                                                                                                                                                <TemplateArgument location="قالب:Coord:2:228">
                                                                                                                                                   <ptk:a name="RTD">
                                                                                                                                                      <RtData>cQB+AYQ=</RtData>
                                                                                                                                                   </ptk:a>
                                                                                                                                                   <hasName>false</hasName>
                                                                                                                                                   <name>
                                                                                                                                                      <ptk:l/>
                                                                                                                                                   </name>
                                                                                                                                                   <value>
                                                                                                                                                      <ptk:l location="قالب:Coord:2:228">
                                                                                                                                                         <ptk:t location="قالب:Coord:2:228">d</ptk:t>
                                                                                                                                                      </ptk:l>
                                                                                                                                                   </value>
                                                                                                                                                </TemplateArgument>
                                                                                                                                                <TemplateArgument location="قالب:Coord:2:230">
                                                                                                                                                   <ptk:a name="RTD">
                                                                                                                                                      <RtData>cQB+AYg=</RtData>
                                                                                                                                                   </ptk:a>
                                                                                                                                                   <hasName>false</hasName>
                                                                                                                                                   <name>
                                                                                                                                                      <ptk:l/>
                                                                                                                                                   </name>
                                                                                                                                                   <value>
                                                                                                                                                      <ptk:l location="قالب:Coord:2:230">
                                                                                                                                                         <ptk:t location="قالب:Coord:2:230">ERROR</ptk:t>
                                                                                                                                                      </ptk:l>
                                                                                                                                                   </value>
                                                                                                                                                </TemplateArgument>
                                                                                                                                             </ptk:l>
                                                                                                                                          </args>
                                                                                                                                       </Template>
                                                                                                                                    </ptk:l>
                                                                                                                                 </value>
                                                                                                                              </TemplateArgument>
                                                                                                                           </ptk:l>
                                                                                                                        </args>
                                                                                                                     </Template>
                                                                                                                  </ptk:l>
                                                                                                               </value>
                                                                                                            </TemplateArgument>
                                                                                                         </ptk:l>
                                                                                                      </args>
                                                                                                   </Template>
                                                                                                </ptk:l>
                                                                                             </value>
                                                                                          </TemplateArgument>
                                                                                       </ptk:l>
                                                                                    </args>
                                                                                 </Template>
                                                                              </ptk:l>
                                                                           </value>
                                                                        </TemplateArgument>
                                                                     </ptk:l>
                                                                  </args>
                                                               </Template>
                                                               <ptk:t location="قالب:Coord:2:245">
</ptk:t>
                                                            </ptk:l>
                                                         </name>
                                                      </IllegalNameException>
                                                      <IllegalNameException>
                                                         <message>Cannot resolve target of transclusion to a simple name.</message>
                                                         <name>
                                                            <ptk:l location="قالب:Coord:1:16">
                                                               <ptk:t location="قالب:Coord:1:16">Coord/display/</ptk:t>
                                                               <TemplateParameter location="قالب:Coord:1:33">
                                                                  <ptk:a name="RTD">
                                                                     <RtData>cQB+AYw=</RtData>
                                                                  </ptk:a>
                                                                  <name>
                                                                     <ptk:l location="قالب:Coord:1:33">
                                                                        <ptk:t location="قالب:Coord:1:33">display</ptk:t>
                                                                     </ptk:l>
                                                                  </name>
                                                                  <defaultValue>
                                                                     <TemplateArgument location="قالب:Coord:1:41">
                                                                        <ptk:a name="RTD">
                                                                           <RtData>cQB+AZA=</RtData>
                                                                        </ptk:a>
                                                                        <hasName>false</hasName>
                                                                        <name>
                                                                           <ptk:l/>
                                                                        </name>
                                                                        <value>
                                                                           <ptk:l location="قالب:Coord:1:41">
                                                                              <ptk:t location="قالب:Coord:1:41">inline</ptk:t>
                                                                           </ptk:l>
                                                                        </value>
                                                                     </TemplateArgument>
                                                                  </defaultValue>
                                                                  <garbage/>
                                                               </TemplateParameter>
                                                               <ptk:t location="قالب:Coord:1:50">
</ptk:t>
                                                            </ptk:l>
                                                         </name>
                                                      </IllegalNameException>
                                                      <ResolveTransclusionLog>
                                                         <success>true</success>
                                                         <target>#ifexist</target>
                                                         <canonical null="true"/>
                                                         <timeNeeded>0</timeNeeded>
                                                         <content>
                                                            <ptk:l/>
                                                         </content>
                                                      </ResolveTransclusionLog>
                                                      <ResolveTransclusionLog>
                                                         <success>true</success>
                                                         <target>#if</target>
                                                         <canonical null="true"/>
                                                         <timeNeeded>0</timeNeeded>
                                                         <content>
                                                            <ptk:l/>
                                                         </content>
                                                      </ResolveTransclusionLog>
                                                      <ResolveTransclusionLog>
                                                         <success>true</success>
                                                         <target>#ifexist</target>
                                                         <canonical null="true"/>
                                                         <timeNeeded>0</timeNeeded>
                                                         <content>
                                                            <ptk:l/>
                                                         </content>
                                                      </ResolveTransclusionLog>
                                                      <ResolveTransclusionLog>
                                                         <success>true</success>
                                                         <target>#if</target>
                                                         <canonical null="true"/>
                                                         <timeNeeded>0</timeNeeded>
                                                         <content>
                                                            <ptk:l/>
                                                         </content>
                                                      </ResolveTransclusionLog>
                                                      <ResolveTransclusionLog>
                                                         <success>true</success>
                                                         <target>#if</target>
                                                         <canonical null="true"/>
                                                         <timeNeeded>0</timeNeeded>
                                                         <content>
                                                            <ptk:l/>
                                                         </content>
                                                      </ResolveTransclusionLog>
                                                      <IllegalNameException>
                                                         <message>Cannot resolve target of transclusion to a simple name.</message>
                                                         <name>
                                                            <ptk:l location="قالب:Coord:2:6">
                                                               <ptk:t location="قالب:Coord:2:6">Coord/input/</ptk:t>
                                                               <Template location="قالب:Coord:2:20">
                                                                  <ptk:a name="RTD">
                                                                     <RtData>cQB+AM4=</RtData>
                                                                  </ptk:a>
                                                                  <name>
                                                                     <ptk:l location="قالب:Coord:2:20">
                                                                        <ptk:t location="قالب:Coord:2:20">#ifeq:</ptk:t>
                                                                        <TemplateParameter location="قالب:Coord:2:29">
                                                                           <ptk:a name="RTD">
                                                                              <RtData>cQB+ANI=</RtData>
                                                                           </ptk:a>
                                                                           <name>
                                                                              <ptk:l location="قالب:Coord:2:29">
                                                                                 <ptk:t location="قالب:Coord:2:29">1</ptk:t>
                                                                              </ptk:l>
                                                                           </name>
                                                                           <defaultValue>
                                                                              <TemplateArgument location="قالب:Coord:2:31">
                                                                                 <ptk:a name="RTD">
                                                                                    <RtData>cQB+ANY=</RtData>
                                                                                 </ptk:a>
                                                                                 <hasName>false</hasName>
                                                                                 <name>
                                                                                    <ptk:l/>
                                                                                 </name>
                                                                                 <value>
                                                                                    <ptk:l location="قالب:Coord:2:31"/>
                                                                                 </value>
                                                                              </TemplateArgument>
                                                                           </defaultValue>
                                                                           <garbage/>
                                                                        </TemplateParameter>
                                                                     </ptk:l>
                                                                  </name>
                                                                  <args>
                                                                     <ptk:l location="قالب:Coord:2:34">
                                                                        <TemplateArgument location="قالب:Coord:2:35">
                                                                           <ptk:a name="RTD">
                                                                              <RtData>cQB+ANo=</RtData>
                                                                           </ptk:a>
                                                                           <hasName>false</hasName>
                                                                           <name>
                                                                              <ptk:l/>
                                                                           </name>
                                                                           <value>
                                                                              <ptk:l location="قالب:Coord:2:35"/>
                                                                           </value>
                                                                        </TemplateArgument>
                                                                        <TemplateArgument location="قالب:Coord:2:36">
                                                                           <ptk:a name="RTD">
                                                                              <RtData>cQB+AN4=</RtData>
                                                                           </ptk:a>
                                                                           <hasName>false</hasName>
                                                                           <name>
                                                                              <ptk:l/>
                                                                           </name>
                                                                           <value>
                                                                              <ptk:l location="قالب:Coord:2:36">
                                                                                 <ptk:t location="قالب:Coord:2:36">nolat</ptk:t>
                                                                              </ptk:l>
                                                                           </value>
                                                                        </TemplateArgument>
                                                                        <TemplateArgument location="قالب:Coord:2:42">
                                                                           <ptk:a name="RTD">
                                                                              <RtData>cQB+AOI=</RtData>
                                                                           </ptk:a>
                                                                           <hasName>false</hasName>
                                                                           <name>
                                                                              <ptk:l/>
                                                                           </name>
                                                                           <value>
                                                                              <ptk:l location="قالب:Coord:2:42">
                                                                                 <Template location="قالب:Coord:2:44">
                                                                                    <ptk:a name="RTD">
                                                                                       <RtData>cQB+AOY=</RtData>
                                                                                    </ptk:a>
                                                                                    <name>
                                                                                       <ptk:l location="قالب:Coord:2:44">
                                                                                          <ptk:t location="قالب:Coord:2:44">#ifeq:</ptk:t>
                                                                                          <TemplateParameter location="قالب:Coord:2:53">
                                                                                             <ptk:a name="RTD">
                                                                                                <RtData>cQB+AOo=</RtData>
                                                                                             </ptk:a>
                                                                                             <name>
                                                                                                <ptk:l location="قالب:Coord:2:53">
                                                                                                   <ptk:t location="قالب:Coord:2:53">4</ptk:t>
                                                                                                </ptk:l>
                                                                                             </name>
                                                                                             <defaultValue>
                                                                                                <TemplateArgument location="قالب:Coord:2:55">
                                                                                                   <ptk:a name="RTD">
                                                                                                      <RtData>cQB+AO4=</RtData>
                                                                                                   </ptk:a>
                                                                                                   <hasName>false</hasName>
                                                                                                   <name>
                                                                                                      <ptk:l/>
                                                                                                   </name>
                                                                                                   <value>
                                                                                                      <ptk:l location="قالب:Coord:2:55"/>
                                                                                                   </value>
                                                                                                </TemplateArgument>
                                                                                             </defaultValue>
                                                                                             <garbage/>
                                                                                          </TemplateParameter>
                                                                                          <TemplateParameter location="قالب:Coord:2:61">
                                                                                             <ptk:a name="RTD">
                                                                                                <RtData>cQB+API=</RtData>
                                                                                             </ptk:a>
                                                                                             <name>
                                                                                                <ptk:l location="قالب:Coord:2:61">
                                                                                                   <ptk:t location="قالب:Coord:2:61">5</ptk:t>
                                                                                                </ptk:l>
                                                                                             </name>
                                                                                             <defaultValue>
                                                                                                <TemplateArgument location="قالب:Coord:2:63">
                                                                                                   <ptk:a name="RTD">
                                                                                                      <RtData>cQB+APY=</RtData>
                                                                                                   </ptk:a>
                                                                                                   <hasName>false</hasName>
                                                                                                   <name>
                                                                                                      <ptk:l/>
                                                                                                   </name>
                                                                                                   <value>
                                                                                                      <ptk:l location="قالب:Coord:2:63"/>
                                                                                                   </value>
                                                                                                </TemplateArgument>
                                                                                             </defaultValue>
                                                                                             <garbage/>
                                                                                          </TemplateParameter>
                                                                                          <TemplateParameter location="قالب:Coord:2:69">
                                                                                             <ptk:a name="RTD">
                                                                                                <RtData>cQB+APo=</RtData>
                                                                                             </ptk:a>
                                                                                             <name>
                                                                                                <ptk:l location="قالب:Coord:2:69">
                                                                                                   <ptk:t location="قالب:Coord:2:69">6</ptk:t>
                                                                                                </ptk:l>
                                                                                             </name>
                                                                                             <defaultValue>
                                                                                                <TemplateArgument location="قالب:Coord:2:71">
                                                                                                   <ptk:a name="RTD">
                                                                                                      <RtData>cQB+AP4=</RtData>
                                                                                                   </ptk:a>
                                                                                                   <hasName>false</hasName>
                                                                                                   <name>
                                                                                                      <ptk:l/>
                                                                                                   </name>
                                                                                                   <value>
                                                                                                      <ptk:l location="قالب:Coord:2:71"/>
                                                                                                   </value>
                                                                                                </TemplateArgument>
                                                                                             </defaultValue>
                                                                                             <garbage/>
                                                                                          </TemplateParameter>
                                                                                       </ptk:l>
                                                                                    </name>
                                                                                    <args>
                                                                                       <ptk:l location="قالب:Coord:2:74">
                                                                                          <TemplateArgument location="قالب:Coord:2:75">
                                                                                             <ptk:a name="RTD">
                                                                                                <RtData>cQB+AQI=</RtData>
                                                                                             </ptk:a>
                                                                                             <hasName>false</hasName>
                                                                                             <name>
                                                                                                <ptk:l/>
                                                                                             </name>
                                                                                             <value>
                                                                                                <ptk:l location="قالب:Coord:2:75"/>
                                                                                             </value>
                                                                                          </TemplateArgument>
                                                                                          <TemplateArgument location="قالب:Coord:2:76">
                                                                                             <ptk:a name="RTD">
                                                                                                <RtData>cQB+AQY=</RtData>
                                                                                             </ptk:a>
                                                                                             <hasName>false</hasName>
                                                                                             <name>
                                                                                                <ptk:l/>
                                                                                             </name>
                                                                                             <value>
                                                                                                <ptk:l location="قالب:Coord:2:76">
                                                                                                   <ptk:t location="قالب:Coord:2:76">dec</ptk:t>
                                                                                                </ptk:l>
                                                                                             </value>
                                                                                          </TemplateArgument>
                                                                                          <TemplateArgument location="قالب:Coord:2:80">
                                                                                             <ptk:a name="RTD">
                                                                                                <RtData>cQB+AQo=</RtData>
                                                                                             </ptk:a>
                                                                                             <hasName>false</hasName>
                                                                                             <name>
                                                                                                <ptk:l/>
                                                                                             </name>
                                                                                             <value>
                                                                                                <ptk:l location="قالب:Coord:2:80">
                                                                                                   <Template location="قالب:Coord:2:82">
                                                                                                      <ptk:a name="RTD">
                                                                                                         <RtData>cQB+AQ4=</RtData>
                                                                                                      </ptk:a>
                                                                                                      <name>
                                                                                                         <ptk:l location="قالب:Coord:2:82">
                                                                                                            <ptk:t location="قالب:Coord:2:82">#if:</ptk:t>
                                                                                                            <Template location="قالب:Coord:2:88">
                                                                                                               <ptk:a name="RTD">
                                                                                                                  <RtData>cQB+ARI=</RtData>
                                                                                                               </ptk:a>
                                                                                                               <name>
                                                                                                                  <ptk:l location="قالب:Coord:2:88">
                                                                                                                     <ptk:t location="قالب:Coord:2:88">#switch:</ptk:t>
                                                                                                                     <TemplateParameter location="قالب:Coord:2:99">
                                                                                                                        <ptk:a name="RTD">
                                                                                                                           <RtData>cQB+ARY=</RtData>
                                                                                                                        </ptk:a>
                                                                                                                        <name>
                                                                                                                           <ptk:l location="قالب:Coord:2:99">
                                                                                                                              <ptk:t location="قالب:Coord:2:99">4</ptk:t>
                                                                                                                           </ptk:l>
                                                                                                                        </name>
                                                                                                                        <defaultValue/>
                                                                                                                        <garbage/>
                                                                                                                     </TemplateParameter>
                                                                                                                     <TemplateParameter location="قالب:Coord:2:106">
                                                                                                                        <ptk:a name="RTD">
                                                                                                                           <RtData>cQB+ARo=</RtData>
                                                                                                                        </ptk:a>
                                                                                                                        <name>
                                                                                                                           <ptk:l location="قالب:Coord:2:106">
                                                                                                                              <ptk:t location="قالب:Coord:2:106">8</ptk:t>
                                                                                                                           </ptk:l>
                                                                                                                        </name>
                                                                                                                        <defaultValue/>
                                                                                                                        <garbage/>
                                                                                                                     </TemplateParameter>
                                                                                                                  </ptk:l>
                                                                                                               </name>
                                                                                                               <args>
                                                                                                                  <ptk:l location="قالب:Coord:2:110">
                                                                                                                     <TemplateArgument location="قالب:Coord:2:111">
                                                                                                                        <ptk:a name="RTD">
                                                                                                                           <RtData>cQB+AR4=</RtData>
                                                                                                                        </ptk:a>
                                                                                                                        <hasName>false</hasName>
                                                                                                                        <name>
                                                                                                                           <ptk:l/>
                                                                                                                        </name>
                                                                                                                        <value>
                                                                                                                           <ptk:l location="قالب:Coord:2:111">
                                                                                                                              <ptk:t location="قالب:Coord:2:111">NE</ptk:t>
                                                                                                                           </ptk:l>
                                                                                                                        </value>
                                                                                                                     </TemplateArgument>
                                                                                                                     <TemplateArgument location="قالب:Coord:2:114">
                                                                                                                        <ptk:a name="RTD">
                                                                                                                           <RtData>cQB+ASI=</RtData>
                                                                                                                        </ptk:a>
                                                                                                                        <hasName>false</hasName>
                                                                                                                        <name>
                                                                                                                           <ptk:l/>
                                                                                                                        </name>
                                                                                                                        <value>
                                                                                                                           <ptk:l location="قالب:Coord:2:114">
                                                                                                                              <ptk:t location="قالب:Coord:2:114">NW</ptk:t>
                                                                                                                           </ptk:l>
                                                                                                                        </value>
                                                                                                                     </TemplateArgument>
                                                                                                                     <TemplateArgument location="قالب:Coord:2:117">
                                                                                                                        <ptk:a name="RTD">
                                                                                                                           <RtData>cQB+ASY=</RtData>
                                                                                                                        </ptk:a>
                                                                                                                        <hasName>false</hasName>
                                                                                                                        <name>
                                                                                                                           <ptk:l/>
                                                                                                                        </name>
                                                                                                                        <value>
                                                                                                                           <ptk:l location="قالب:Coord:2:117">
                                                                                                                              <ptk:t location="قالب:Coord:2:117">SE</ptk:t>
                                                                                                                           </ptk:l>
                                                                                                                        </value>
                                                                                                                     </TemplateArgument>
                                                                                                                     <TemplateArgument location="قالب:Coord:2:120">
                                                                                                                        <ptk:a name="RTD">
                                                                                                                           <RtData>cQB+ASo=</RtData>
                                                                                                                        </ptk:a>
                                                                                                                        <hasName>true</hasName>
                                                                                                                        <name>
                                                                                                                           <ptk:l location="قالب:Coord:2:120">
                                                                                                                              <ptk:t location="قالب:Coord:2:120">SW</ptk:t>
                                                                                                                           </ptk:l>
                                                                                                                        </name>
                                                                                                                        <value>
                                                                                                                           <ptk:l location="قالب:Coord:2:123">
                                                                                                                              <ptk:t location="قالب:Coord:2:123">y</ptk:t>
                                                                                                                           </ptk:l>
                                                                                                                        </value>
                                                                                                                     </TemplateArgument>
                                                                                                                  </ptk:l>
                                                                                                               </args>
                                                                                                            </Template>
                                                                                                         </ptk:l>
                                                                                                      </name>
                                                                                                      <args>
                                                                                                         <ptk:l location="قالب:Coord:2:126">
                                                                                                            <TemplateArgument location="قالب:Coord:2:127">
                                                                                                               <ptk:a name="RTD">
                                                                                                                  <RtData>cQB+ATA=</RtData>
                                                                                                               </ptk:a>
                                                                                                               <hasName>false</hasName>
                                                                                                               <name>
                                                                                                                  <ptk:l/>
                                                                                                               </name>
                                                                                                               <value>
                                                                                                                  <ptk:l location="قالب:Coord:2:127">
                                                                                                                     <ptk:t location="قالب:Coord:2:127">dms</ptk:t>
                                                                                                                  </ptk:l>
                                                                                                               </value>
                                                                                                            </TemplateArgument>
                                                                                                            <TemplateArgument location="قالب:Coord:2:131">
                                                                                                               <ptk:a name="RTD">
                                                                                                                  <RtData>cQB+ATQ=</RtData>
                                                                                                               </ptk:a>
                                                                                                               <hasName>false</hasName>
                                                                                                               <name>
                                                                                                                  <ptk:l/>
                                                                                                               </name>
                                                                                                               <value>
                                                                                                                  <ptk:l location="قالب:Coord:2:131">
                                                                                                                     <Template location="قالب:Coord:2:133">
                                                                                                                        <ptk:a name="RTD">
                                                                                                                           <RtData>cQB+ATg=</RtData>
                                                                                                                        </ptk:a>
                                                                                                                        <name>
                                                                                                                           <ptk:l location="قالب:Coord:2:133">
                                                                                                                              <ptk:t location="قالب:Coord:2:133">#if:</ptk:t>
                                                                                                                              <Template location="قالب:Coord:2:139">
                                                                                                                                 <ptk:a name="RTD">
                                                                                                                                    <RtData>cQB+ATw=</RtData>
                                                                                                                                 </ptk:a>
                                                                                                                                 <name>
                                                                                                                                    <ptk:l location="قالب:Coord:2:139">
                                                                                                                                       <ptk:t location="قالب:Coord:2:139">#switch:</ptk:t>
                                                                                                                                       <TemplateParameter location="قالب:Coord:2:150">
                                                                                                                                          <ptk:a name="RTD">
                                                                                                                                             <RtData>cQB+AUA=</RtData>
                                                                                                                                          </ptk:a>
                                                                                                                                          <name>
                                                                                                                                             <ptk:l location="قالب:Coord:2:150">
                                                                                                                                                <ptk:t location="قالب:Coord:2:150">3</ptk:t>
                                                                                                                                             </ptk:l>
                                                                                                                                          </name>
                                                                                                                                          <defaultValue/>
                                                                                                                                          <garbage/>
                                                                                                                                       </TemplateParameter>
                                                                                                                                       <TemplateParameter location="قالب:Coord:2:157">
                                                                                                                                          <ptk:a name="RTD">
                                                                                                                                             <RtData>cQB+AUQ=</RtData>
                                                                                                                                          </ptk:a>
                                                                                                                                          <name>
                                                                                                                                             <ptk:l location="قالب:Coord:2:157">
                                                                                                                                                <ptk:t location="قالب:Coord:2:157">6</ptk:t>
                                                                                                                                             </ptk:l>
                                                                                                                                          </name>
                                                                                                                                          <defaultValue/>
                                                                                                                                          <garbage/>
                                                                                                                                       </TemplateParameter>
                                                                                                                                    </ptk:l>
                                                                                                                                 </name>
                                                                                                                                 <args>
                                                                                                                                    <ptk:l location="قالب:Coord:2:161">
                                                                                                                                       <TemplateArgument location="قالب:Coord:2:162">
                                                                                                                                          <ptk:a name="RTD">
                                                                                                                                             <RtData>cQB+AUg=</RtData>
                                                                                                                                          </ptk:a>
                                                                                                                                          <hasName>false</hasName>
                                                                                                                                          <name>
                                                                                                                                             <ptk:l/>
                                                                                                                                          </name>
                                                                                                                                          <value>
                                                                                                                                             <ptk:l location="قالب:Coord:2:162">
                                                                                                                                                <ptk:t location="قالب:Coord:2:162">NE</ptk:t>
                                                                                                                                             </ptk:l>
                                                                                                                                          </value>
                                                                                                                                       </TemplateArgument>
                                                                                                                                       <TemplateArgument location="قالب:Coord:2:165">
                                                                                                                                          <ptk:a name="RTD">
                                                                                                                                             <RtData>cQB+AUw=</RtData>
                                                                                                                                          </ptk:a>
                                                                                                                                          <hasName>false</hasName>
                                                                                                                                          <name>
                                                                                                                                             <ptk:l/>
                                                                                                                                          </name>
                                                                                                                                          <value>
                                                                                                                                             <ptk:l location="قالب:Coord:2:165">
                                                                                                                                                <ptk:t location="قالب:Coord:2:165">NW</ptk:t>
                                                                                                                                             </ptk:l>
                                                                                                                                          </value>
                                                                                                                                       </TemplateArgument>
                                                                                                                                       <TemplateArgument location="قالب:Coord:2:168">
                                                                                                                                          <ptk:a name="RTD">
                                                                                                                                             <RtData>cQB+AVA=</RtData>
                                                                                                                                          </ptk:a>
                                                                                                                                          <hasName>false</hasName>
                                                                                                                                          <name>
                                                                                                                                             <ptk:l/>
                                                                                                                                          </name>
                                                                                                                                          <value>
                                                                                                                                             <ptk:l location="قالب:Coord:2:168">
                                                                                                                                                <ptk:t location="قالب:Coord:2:168">SE</ptk:t>
                                                                                                                                             </ptk:l>
                                                                                                                                          </value>
                                                                                                                                       </TemplateArgument>
                                                                                                                                       <TemplateArgument location="قالب:Coord:2:171">
                                                                                                                                          <ptk:a name="RTD">
                                                                                                                                             <RtData>cQB+AVQ=</RtData>
                                                                                                                                          </ptk:a>
                                                                                                                                          <hasName>true</hasName>
                                                                                                                                          <name>
                                                                                                                                             <ptk:l location="قالب:Coord:2:171">
                                                                                                                                                <ptk:t location="قالب:Coord:2:171">SW</ptk:t>
                                                                                                                                             </ptk:l>
                                                                                                                                          </name>
                                                                                                                                          <value>
                                                                                                                                             <ptk:l location="قالب:Coord:2:174">
                                                                                                                                                <ptk:t location="قالب:Coord:2:174">y</ptk:t>
                                                                                                                                             </ptk:l>
                                                                                                                                          </value>
                                                                                                                                       </TemplateArgument>
                                                                                                                                    </ptk:l>
                                                                                                                                 </args>
                                                                                                                              </Template>
                                                                                                                           </ptk:l>
                                                                                                                        </name>
                                                                                                                        <args>
                                                                                                                           <ptk:l location="قالب:Coord:2:177">
                                                                                                                              <TemplateArgument location="قالب:Coord:2:178">
                                                                                                                                 <ptk:a name="RTD">
                                                                                                                                    <RtData>cQB+AVo=</RtData>
                                                                                                                                 </ptk:a>
                                                                                                                                 <hasName>false</hasName>
                                                                                                                                 <name>
                                                                                                                                    <ptk:l/>
                                                                                                                                 </name>
                                                                                                                                 <value>
                                                                                                                                    <ptk:l location="قالب:Coord:2:178">
                                                                                                                                       <ptk:t location="قالب:Coord:2:178">dm</ptk:t>
                                                                                                                                    </ptk:l>
                                                                                                                                 </value>
                                                                                                                              </TemplateArgument>
                                                                                                                              <TemplateArgument location="قالب:Coord:2:181">
                                                                                                                                 <ptk:a name="RTD">
                                                                                                                                    <RtData>cQB+AV4=</RtData>
                                                                                                                                 </ptk:a>
                                                                                                                                 <hasName>false</hasName>
                                                                                                                                 <name>
                                                                                                                                    <ptk:l/>
                                                                                                                                 </name>
                                                                                                                                 <value>
                                                                                                                                    <ptk:l location="قالب:Coord:2:181">
                                                                                                                                       <Template location="قالب:Coord:2:183">
                                                                                                                                          <ptk:a name="RTD">
                                                                                                                                             <RtData>cQB+AWI=</RtData>
                                                                                                                                          </ptk:a>
                                                                                                                                          <name>
                                                                                                                                             <ptk:l location="قالب:Coord:2:183">
                                                                                                                                                <ptk:t location="قالب:Coord:2:183">#if:</ptk:t>
                                                                                                                                                <Template location="قالب:Coord:2:189">
                                                                                                                                                   <ptk:a name="RTD">
                                                                                                                                                      <RtData>cQB+AWY=</RtData>
                                                                                                                                                   </ptk:a>
                                                                                                                                                   <name>
                                                                                                                                                      <ptk:l location="قالب:Coord:2:189">
                                                                                                                                                         <ptk:t location="قالب:Coord:2:189">#switch:</ptk:t>
                                                                                                                                                         <TemplateParameter location="قالب:Coord:2:200">
                                                                                                                                                            <ptk:a name="RTD">
                                                                                                                                                               <RtData>cQB+AWo=</RtData>
                                                                                                                                                            </ptk:a>
                                                                                                                                                            <name>
                                                                                                                                                               <ptk:l location="قالب:Coord:2:200">
                                                                                                                                                                  <ptk:t location="قالب:Coord:2:200">2</ptk:t>
                                                                                                                                                               </ptk:l>
                                                                                                                                                            </name>
                                                                                                                                                            <defaultValue/>
                                                                                                                                                            <garbage/>
                                                                                                                                                         </TemplateParameter>
                                                                                                                                                         <TemplateParameter location="قالب:Coord:2:207">
                                                                                                                                                            <ptk:a name="RTD">
                                                                                                                                                               <RtData>cQB+AW4=</RtData>
                                                                                                                                                            </ptk:a>
                                                                                                                                                            <name>
                                                                                                                                                               <ptk:l location="قالب:Coord:2:207">
                                                                                                                                                                  <ptk:t location="قالب:Coord:2:207">4</ptk:t>
                                                                                                                                                               </ptk:l>
                                                                                                                                                            </name>
                                                                                                                                                            <defaultValue/>
                                                                                                                                                            <garbage/>
                                                                                                                                                         </TemplateParameter>
                                                                                                                                                      </ptk:l>
                                                                                                                                                   </name>
                                                                                                                                                   <args>
                                                                                                                                                      <ptk:l location="قالب:Coord:2:211">
                                                                                                                                                         <TemplateArgument location="قالب:Coord:2:212">
                                                                                                                                                            <ptk:a name="RTD">
                                                                                                                                                               <RtData>cQB+AXI=</RtData>
                                                                                                                                                            </ptk:a>
                                                                                                                                                            <hasName>false</hasName>
                                                                                                                                                            <name>
                                                                                                                                                               <ptk:l/>
                                                                                                                                                            </name>
                                                                                                                                                            <value>
                                                                                                                                                               <ptk:l location="قالب:Coord:2:212">
                                                                                                                                                                  <ptk:t location="قالب:Coord:2:212">NE</ptk:t>
                                                                                                                                                               </ptk:l>
                                                                                                                                                            </value>
                                                                                                                                                         </TemplateArgument>
                                                                                                                                                         <TemplateArgument location="قالب:Coord:2:215">
                                                                                                                                                            <ptk:a name="RTD">
                                                                                                                                                               <RtData>cQB+AXY=</RtData>
                                                                                                                                                            </ptk:a>
                                                                                                                                                            <hasName>false</hasName>
                                                                                                                                                            <name>
                                                                                                                                                               <ptk:l/>
                                                                                                                                                            </name>
                                                                                                                                                            <value>
                                                                                                                                                               <ptk:l location="قالب:Coord:2:215">
                                                                                                                                                                  <ptk:t location="قالب:Coord:2:215">NW</ptk:t>
                                                                                                                                                               </ptk:l>
                                                                                                                                                            </value>
                                                                                                                                                         </TemplateArgument>
                                                                                                                                                         <TemplateArgument location="قالب:Coord:2:218">
                                                                                                                                                            <ptk:a name="RTD">
                                                                                                                                                               <RtData>cQB+AXo=</RtData>
                                                                                                                                                            </ptk:a>
                                                                                                                                                            <hasName>false</hasName>
                                                                                                                                                            <name>
                                                                                                                                                               <ptk:l/>
                                                                                                                                                            </name>
                                                                                                                                                            <value>
                                                                                                                                                               <ptk:l location="قالب:Coord:2:218">
                                                                                                                                                                  <ptk:t location="قالب:Coord:2:218">SE</ptk:t>
                                                                                                                                                               </ptk:l>
                                                                                                                                                            </value>
                                                                                                                                                         </TemplateArgument>
                                                                                                                                                         <TemplateArgument location="قالب:Coord:2:221">
                                                                                                                                                            <ptk:a name="RTD">
                                                                                                                                                               <RtData>cQB+AX4=</RtData>
                                                                                                                                                            </ptk:a>
                                                                                                                                                            <hasName>true</hasName>
                                                                                                                                                            <name>
                                                                                                                                                               <ptk:l location="قالب:Coord:2:221">
                                                                                                                                                                  <ptk:t location="قالب:Coord:2:221">SW</ptk:t>
                                                                                                                                                               </ptk:l>
                                                                                                                                                            </name>
                                                                                                                                                            <value>
                                                                                                                                                               <ptk:l location="قالب:Coord:2:224">
                                                                                                                                                                  <ptk:t location="قالب:Coord:2:224">y</ptk:t>
                                                                                                                                                               </ptk:l>
                                                                                                                                                            </value>
                                                                                                                                                         </TemplateArgument>
                                                                                                                                                      </ptk:l>
                                                                                                                                                   </args>
                                                                                                                                                </Template>
                                                                                                                                             </ptk:l>
                                                                                                                                          </name>
                                                                                                                                          <args>
                                                                                                                                             <ptk:l location="قالب:Coord:2:227">
                                                                                                                                                <TemplateArgument location="قالب:Coord:2:228">
                                                                                                                                                   <ptk:a name="RTD">
                                                                                                                                                      <RtData>cQB+AYQ=</RtData>
                                                                                                                                                   </ptk:a>
                                                                                                                                                   <hasName>false</hasName>
                                                                                                                                                   <name>
                                                                                                                                                      <ptk:l/>
                                                                                                                                                   </name>
                                                                                                                                                   <value>
                                                                                                                                                      <ptk:l location="قالب:Coord:2:228">
                                                                                                                                                         <ptk:t location="قالب:Coord:2:228">d</ptk:t>
                                                                                                                                                      </ptk:l>
                                                                                                                                                   </value>
                                                                                                                                                </TemplateArgument>
                                                                                                                                                <TemplateArgument location="قالب:Coord:2:230">
                                                                                                                                                   <ptk:a name="RTD">
                                                                                                                                                      <RtData>cQB+AYg=</RtData>
                                                                                                                                                   </ptk:a>
                                                                                                                                                   <hasName>false</hasName>
                                                                                                                                                   <name>
                                                                                                                                                      <ptk:l/>
                                                                                                                                                   </name>
                                                                                                                                                   <value>
                                                                                                                                                      <ptk:l location="قالب:Coord:2:230">
                                                                                                                                                         <ptk:t location="قالب:Coord:2:230">ERROR</ptk:t>
                                                                                                                                                      </ptk:l>
                                                                                                                                                   </value>
                                                                                                                                                </TemplateArgument>
                                                                                                                                             </ptk:l>
                                                                                                                                          </args>
                                                                                                                                       </Template>
                                                                                                                                    </ptk:l>
                                                                                                                                 </value>
                                                                                                                              </TemplateArgument>
                                                                                                                           </ptk:l>
                                                                                                                        </args>
                                                                                                                     </Template>
                                                                                                                  </ptk:l>
                                                                                                               </value>
                                                                                                            </TemplateArgument>
                                                                                                         </ptk:l>
                                                                                                      </args>
                                                                                                   </Template>
                                                                                                </ptk:l>
                                                                                             </value>
                                                                                          </TemplateArgument>
                                                                                       </ptk:l>
                                                                                    </args>
                                                                                 </Template>
                                                                              </ptk:l>
                                                                           </value>
                                                                        </TemplateArgument>
                                                                     </ptk:l>
                                                                  </args>
                                                               </Template>
                                                               <ptk:t location="قالب:Coord:2:245">
</ptk:t>
                                                            </ptk:l>
                                                         </name>
                                                      </IllegalNameException>
                                                      <IllegalNameException>
                                                         <message>Cannot resolve target of transclusion to a simple name.</message>
                                                         <name>
                                                            <ptk:l location="قالب:Coord:1:16">
                                                               <ptk:t location="قالب:Coord:1:16">Coord/display/</ptk:t>
                                                               <TemplateParameter location="قالب:Coord:1:33">
                                                                  <ptk:a name="RTD">
                                                                     <RtData>cQB+AYw=</RtData>
                                                                  </ptk:a>
                                                                  <name>
                                                                     <ptk:l location="قالب:Coord:1:33">
                                                                        <ptk:t location="قالب:Coord:1:33">display</ptk:t>
                                                                     </ptk:l>
                                                                  </name>
                                                                  <defaultValue>
                                                                     <TemplateArgument location="قالب:Coord:1:41">
                                                                        <ptk:a name="RTD">
                                                                           <RtData>cQB+AZA=</RtData>
                                                                        </ptk:a>
                                                                        <hasName>false</hasName>
                                                                        <name>
                                                                           <ptk:l/>
                                                                        </name>
                                                                        <value>
                                                                           <ptk:l location="قالب:Coord:1:41">
                                                                              <ptk:t location="قالب:Coord:1:41">inline</ptk:t>
                                                                           </ptk:l>
                                                                        </value>
                                                                     </TemplateArgument>
                                                                  </defaultValue>
                                                                  <garbage/>
                                                               </TemplateParameter>
                                                               <ptk:t location="قالب:Coord:1:50">
</ptk:t>
                                                            </ptk:l>
                                                         </name>
                                                      </IllegalNameException>
                                                      <ResolveTransclusionLog>
                                                         <success>true</success>
                                                         <target>#if</target>
                                                         <canonical null="true"/>
                                                         <timeNeeded>0</timeNeeded>
                                                         <content>
                                                            <ptk:l/>
                                                         </content>
                                                      </ResolveTransclusionLog>
                                                      <IllegalNameException>
                                                         <message>Cannot resolve target of transclusion to a simple name.</message>
                                                         <name>
                                                            <ptk:l location="قالب:Coord:2:6">
                                                               <ptk:t location="قالب:Coord:2:6">Coord/input/</ptk:t>
                                                               <Template location="قالب:Coord:2:20">
                                                                  <ptk:a name="RTD">
                                                                     <RtData>cQB+AM4=</RtData>
                                                                  </ptk:a>
                                                                  <name>
                                                                     <ptk:l location="قالب:Coord:2:20">
                                                                        <ptk:t location="قالب:Coord:2:20">#ifeq:</ptk:t>
                                                                        <TemplateParameter location="قالب:Coord:2:29">
                                                                           <ptk:a name="RTD">
                                                                              <RtData>cQB+ANI=</RtData>
                                                                           </ptk:a>
                                                                           <name>
                                                                              <ptk:l location="قالب:Coord:2:29">
                                                                                 <ptk:t location="قالب:Coord:2:29">1</ptk:t>
                                                                              </ptk:l>
                                                                           </name>
                                                                           <defaultValue>
                                                                              <TemplateArgument location="قالب:Coord:2:31">
                                                                                 <ptk:a name="RTD">
                                                                                    <RtData>cQB+ANY=</RtData>
                                                                                 </ptk:a>
                                                                                 <hasName>false</hasName>
                                                                                 <name>
                                                                                    <ptk:l/>
                                                                                 </name>
                                                                                 <value>
                                                                                    <ptk:l location="قالب:Coord:2:31"/>
                                                                                 </value>
                                                                              </TemplateArgument>
                                                                           </defaultValue>
                                                                           <garbage/>
                                                                        </TemplateParameter>
                                                                     </ptk:l>
                                                                  </name>
                                                                  <args>
                                                                     <ptk:l location="قالب:Coord:2:34">
                                                                        <TemplateArgument location="قالب:Coord:2:35">
                                                                           <ptk:a name="RTD">
                                                                              <RtData>cQB+ANo=</RtData>
                                                                           </ptk:a>
                                                                           <hasName>false</hasName>
                                                                           <name>
                                                                              <ptk:l/>
                                                                           </name>
                                                                           <value>
                                                                              <ptk:l location="قالب:Coord:2:35"/>
                                                                           </value>
                                                                        </TemplateArgument>
                                                                        <TemplateArgument location="قالب:Coord:2:36">
                                                                           <ptk:a name="RTD">
                                                                              <RtData>cQB+AN4=</RtData>
                                                                           </ptk:a>
                                                                           <hasName>false</hasName>
                                                                           <name>
                                                                              <ptk:l/>
                                                                           </name>
                                                                           <value>
                                                                              <ptk:l location="قالب:Coord:2:36">
                                                                                 <ptk:t location="قالب:Coord:2:36">nolat</ptk:t>
                                                                              </ptk:l>
                                                                           </value>
                                                                        </TemplateArgument>
                                                                        <TemplateArgument location="قالب:Coord:2:42">
                                                                           <ptk:a name="RTD">
                                                                              <RtData>cQB+AOI=</RtData>
                                                                           </ptk:a>
                                                                           <hasName>false</hasName>
                                                                           <name>
                                                                              <ptk:l/>
                                                                           </name>
                                                                           <value>
                                                                              <ptk:l location="قالب:Coord:2:42">
                                                                                 <Template location="قالب:Coord:2:44">
                                                                                    <ptk:a name="RTD">
                                                                                       <RtData>cQB+AOY=</RtData>
                                                                                    </ptk:a>
                                                                                    <name>
                                                                                       <ptk:l location="قالب:Coord:2:44">
                                                                                          <ptk:t location="قالب:Coord:2:44">#ifeq:</ptk:t>
                                                                                          <TemplateParameter location="قالب:Coord:2:53">
                                                                                             <ptk:a name="RTD">
                                                                                                <RtData>cQB+AOo=</RtData>
                                                                                             </ptk:a>
                                                                                             <name>
                                                                                                <ptk:l location="قالب:Coord:2:53">
                                                                                                   <ptk:t location="قالب:Coord:2:53">4</ptk:t>
                                                                                                </ptk:l>
                                                                                             </name>
                                                                                             <defaultValue>
                                                                                                <TemplateArgument location="قالب:Coord:2:55">
                                                                                                   <ptk:a name="RTD">
                                                                                                      <RtData>cQB+AO4=</RtData>
                                                                                                   </ptk:a>
                                                                                                   <hasName>false</hasName>
                                                                                                   <name>
                                                                                                      <ptk:l/>
                                                                                                   </name>
                                                                                                   <value>
                                                                                                      <ptk:l location="قالب:Coord:2:55"/>
                                                                                                   </value>
                                                                                                </TemplateArgument>
                                                                                             </defaultValue>
                                                                                             <garbage/>
                                                                                          </TemplateParameter>
                                                                                          <TemplateParameter location="قالب:Coord:2:61">
                                                                                             <ptk:a name="RTD">
                                                                                                <RtData>cQB+API=</RtData>
                                                                                             </ptk:a>
                                                                                             <name>
                                                                                                <ptk:l location="قالب:Coord:2:61">
                                                                                                   <ptk:t location="قالب:Coord:2:61">5</ptk:t>
                                                                                                </ptk:l>
                                                                                             </name>
                                                                                             <defaultValue>
                                                                                                <TemplateArgument location="قالب:Coord:2:63">
                                                                                                   <ptk:a name="RTD">
                                                                                                      <RtData>cQB+APY=</RtData>
                                                                                                   </ptk:a>
                                                                                                   <hasName>false</hasName>
                                                                                                   <name>
                                                                                                      <ptk:l/>
                                                                                                   </name>
                                                                                                   <value>
                                                                                                      <ptk:l location="قالب:Coord:2:63"/>
                                                                                                   </value>
                                                                                                </TemplateArgument>
                                                                                             </defaultValue>
                                                                                             <garbage/>
                                                                                          </TemplateParameter>
                                                                                          <TemplateParameter location="قالب:Coord:2:69">
                                                                                             <ptk:a name="RTD">
                                                                                                <RtData>cQB+APo=</RtData>
                                                                                             </ptk:a>
                                                                                             <name>
                                                                                                <ptk:l location="قالب:Coord:2:69">
                                                                                                   <ptk:t location="قالب:Coord:2:69">6</ptk:t>
                                                                                                </ptk:l>
                                                                                             </name>
                                                                                             <defaultValue>
                                                                                                <TemplateArgument location="قالب:Coord:2:71">
                                                                                                   <ptk:a name="RTD">
                                                                                                      <RtData>cQB+AP4=</RtData>
                                                                                                   </ptk:a>
                                                                                                   <hasName>false</hasName>
                                                                                                   <name>
                                                                                                      <ptk:l/>
                                                                                                   </name>
                                                                                                   <value>
                                                                                                      <ptk:l location="قالب:Coord:2:71"/>
                                                                                                   </value>
                                                                                                </TemplateArgument>
                                                                                             </defaultValue>
                                                                                             <garbage/>
                                                                                          </TemplateParameter>
                                                                                       </ptk:l>
                                                                                    </name>
                                                                                    <args>
                                                                                       <ptk:l location="قالب:Coord:2:74">
                                                                                          <TemplateArgument location="قالب:Coord:2:75">
                                                                                             <ptk:a name="RTD">
                                                                                                <RtData>cQB+AQI=</RtData>
                                                                                             </ptk:a>
                                                                                             <hasName>false</hasName>
                                                                                             <name>
                                                                                                <ptk:l/>
                                                                                             </name>
                                                                                             <value>
                                                                                                <ptk:l location="قالب:Coord:2:75"/>
                                                                                             </value>
                                                                                          </TemplateArgument>
                                                                                          <TemplateArgument location="قالب:Coord:2:76">
                                                                                             <ptk:a name="RTD">
                                                                                                <RtData>cQB+AQY=</RtData>
                                                                                             </ptk:a>
                                                                                             <hasName>false</hasName>
                                                                                             <name>
                                                                                                <ptk:l/>
                                                                                             </name>
                                                                                             <value>
                                                                                                <ptk:l location="قالب:Coord:2:76">
                                                                                                   <ptk:t location="قالب:Coord:2:76">dec</ptk:t>
                                                                                                </ptk:l>
                                                                                             </value>
                                                                                          </TemplateArgument>
                                                                                          <TemplateArgument location="قالب:Coord:2:80">
                                                                                             <ptk:a name="RTD">
                                                                                                <RtData>cQB+AQo=</RtData>
                                                                                             </ptk:a>
                                                                                             <hasName>false</hasName>
                                                                                             <name>
                                                                                                <ptk:l/>
                                                                                             </name>
                                                                                             <value>
                                                                                                <ptk:l location="قالب:Coord:2:80">
                                                                                                   <Template location="قالب:Coord:2:82">
                                                                                                      <ptk:a name="RTD">
                                                                                                         <RtData>cQB+AQ4=</RtData>
                                                                                                      </ptk:a>
                                                                                                      <name>
                                                                                                         <ptk:l location="قالب:Coord:2:82">
                                                                                                            <ptk:t location="قالب:Coord:2:82">#if:</ptk:t>
                                                                                                            <Template location="قالب:Coord:2:88">
                                                                                                               <ptk:a name="RTD">
                                                                                                                  <RtData>cQB+ARI=</RtData>
                                                                                                               </ptk:a>
                                                                                                               <name>
                                                                                                                  <ptk:l location="قالب:Coord:2:88">
                                                                                                                     <ptk:t location="قالب:Coord:2:88">#switch:</ptk:t>
                                                                                                                     <TemplateParameter location="قالب:Coord:2:99">
                                                                                                                        <ptk:a name="RTD">
                                                                                                                           <RtData>cQB+ARY=</RtData>
                                                                                                                        </ptk:a>
                                                                                                                        <name>
                                                                                                                           <ptk:l location="قالب:Coord:2:99">
                                                                                                                              <ptk:t location="قالب:Coord:2:99">4</ptk:t>
                                                                                                                           </ptk:l>
                                                                                                                        </name>
                                                                                                                        <defaultValue/>
                                                                                                                        <garbage/>
                                                                                                                     </TemplateParameter>
                                                                                                                     <TemplateParameter location="قالب:Coord:2:106">
                                                                                                                        <ptk:a name="RTD">
                                                                                                                           <RtData>cQB+ARo=</RtData>
                                                                                                                        </ptk:a>
                                                                                                                        <name>
                                                                                                                           <ptk:l location="قالب:Coord:2:106">
                                                                                                                              <ptk:t location="قالب:Coord:2:106">8</ptk:t>
                                                                                                                           </ptk:l>
                                                                                                                        </name>
                                                                                                                        <defaultValue/>
                                                                                                                        <garbage/>
                                                                                                                     </TemplateParameter>
                                                                                                                  </ptk:l>
                                                                                                               </name>
                                                                                                               <args>
                                                                                                                  <ptk:l location="قالب:Coord:2:110">
                                                                                                                     <TemplateArgument location="قالب:Coord:2:111">
                                                                                                                        <ptk:a name="RTD">
                                                                                                                           <RtData>cQB+AR4=</RtData>
                                                                                                                        </ptk:a>
                                                                                                                        <hasName>false</hasName>
                                                                                                                        <name>
                                                                                                                           <ptk:l/>
                                                                                                                        </name>
                                                                                                                        <value>
                                                                                                                           <ptk:l location="قالب:Coord:2:111">
                                                                                                                              <ptk:t location="قالب:Coord:2:111">NE</ptk:t>
                                                                                                                           </ptk:l>
                                                                                                                        </value>
                                                                                                                     </TemplateArgument>
                                                                                                                     <TemplateArgument location="قالب:Coord:2:114">
                                                                                                                        <ptk:a name="RTD">
                                                                                                                           <RtData>cQB+ASI=</RtData>
                                                                                                                        </ptk:a>
                                                                                                                        <hasName>false</hasName>
                                                                                                                        <name>
                                                                                                                           <ptk:l/>
                                                                                                                        </name>
                                                                                                                        <value>
                                                                                                                           <ptk:l location="قالب:Coord:2:114">
                                                                                                                              <ptk:t location="قالب:Coord:2:114">NW</ptk:t>
                                                                                                                           </ptk:l>
                                                                                                                        </value>
                                                                                                                     </TemplateArgument>
                                                                                                                     <TemplateArgument location="قالب:Coord:2:117">
                                                                                                                        <ptk:a name="RTD">
                                                                                                                           <RtData>cQB+ASY=</RtData>
                                                                                                                        </ptk:a>
                                                                                                                        <hasName>false</hasName>
                                                                                                                        <name>
                                                                                                                           <ptk:l/>
                                                                                                                        </name>
                                                                                                                        <value>
                                                                                                                           <ptk:l location="قالب:Coord:2:117">
                                                                                                                              <ptk:t location="قالب:Coord:2:117">SE</ptk:t>
                                                                                                                           </ptk:l>
                                                                                                                        </value>
                                                                                                                     </TemplateArgument>
                                                                                                                     <TemplateArgument location="قالب:Coord:2:120">
                                                                                                                        <ptk:a name="RTD">
                                                                                                                           <RtData>cQB+ASo=</RtData>
                                                                                                                        </ptk:a>
                                                                                                                        <hasName>true</hasName>
                                                                                                                        <name>
                                                                                                                           <ptk:l location="قالب:Coord:2:120">
                                                                                                                              <ptk:t location="قالب:Coord:2:120">SW</ptk:t>
                                                                                                                           </ptk:l>
                                                                                                                        </name>
                                                                                                                        <value>
                                                                                                                           <ptk:l location="قالب:Coord:2:123">
                                                                                                                              <ptk:t location="قالب:Coord:2:123">y</ptk:t>
                                                                                                                           </ptk:l>
                                                                                                                        </value>
                                                                                                                     </TemplateArgument>
                                                                                                                  </ptk:l>
                                                                                                               </args>
                                                                                                            </Template>
                                                                                                         </ptk:l>
                                                                                                      </name>
                                                                                                      <args>
                                                                                                         <ptk:l location="قالب:Coord:2:126">
                                                                                                            <TemplateArgument location="قالب:Coord:2:127">
                                                                                                               <ptk:a name="RTD">
                                                                                                                  <RtData>cQB+ATA=</RtData>
                                                                                                               </ptk:a>
                                                                                                               <hasName>false</hasName>
                                                                                                               <name>
                                                                                                                  <ptk:l/>
                                                                                                               </name>
                                                                                                               <value>
                                                                                                                  <ptk:l location="قالب:Coord:2:127">
                                                                                                                     <ptk:t location="قالب:Coord:2:127">dms</ptk:t>
                                                                                                                  </ptk:l>
                                                                                                               </value>
                                                                                                            </TemplateArgument>
                                                                                                            <TemplateArgument location="قالب:Coord:2:131">
                                                                                                               <ptk:a name="RTD">
                                                                                                                  <RtData>cQB+ATQ=</RtData>
                                                                                                               </ptk:a>
                                                                                                               <hasName>false</hasName>
                                                                                                               <name>
                                                                                                                  <ptk:l/>
                                                                                                               </name>
                                                                                                               <value>
                                                                                                                  <ptk:l location="قالب:Coord:2:131">
                                                                                                                     <Template location="قالب:Coord:2:133">
                                                                                                                        <ptk:a name="RTD">
                                                                                                                           <RtData>cQB+ATg=</RtData>
                                                                                                                        </ptk:a>
                                                                                                                        <name>
                                                                                                                           <ptk:l location="قالب:Coord:2:133">
                                                                                                                              <ptk:t location="قالب:Coord:2:133">#if:</ptk:t>
                                                                                                                              <Template location="قالب:Coord:2:139">
                                                                                                                                 <ptk:a name="RTD">
                                                                                                                                    <RtData>cQB+ATw=</RtData>
                                                                                                                                 </ptk:a>
                                                                                                                                 <name>
                                                                                                                                    <ptk:l location="قالب:Coord:2:139">
                                                                                                                                       <ptk:t location="قالب:Coord:2:139">#switch:</ptk:t>
                                                                                                                                       <TemplateParameter location="قالب:Coord:2:150">
                                                                                                                                          <ptk:a name="RTD">
                                                                                                                                             <RtData>cQB+AUA=</RtData>
                                                                                                                                          </ptk:a>
                                                                                                                                          <name>
                                                                                                                                             <ptk:l location="قالب:Coord:2:150">
                                                                                                                                                <ptk:t location="قالب:Coord:2:150">3</ptk:t>
                                                                                                                                             </ptk:l>
                                                                                                                                          </name>
                                                                                                                                          <defaultValue/>
                                                                                                                                          <garbage/>
                                                                                                                                       </TemplateParameter>
                                                                                                                                       <TemplateParameter location="قالب:Coord:2:157">
                                                                                                                                          <ptk:a name="RTD">
                                                                                                                                             <RtData>cQB+AUQ=</RtData>
                                                                                                                                          </ptk:a>
                                                                                                                                          <name>
                                                                                                                                             <ptk:l location="قالب:Coord:2:157">
                                                                                                                                                <ptk:t location="قالب:Coord:2:157">6</ptk:t>
                                                                                                                                             </ptk:l>
                                                                                                                                          </name>
                                                                                                                                          <defaultValue/>
                                                                                                                                          <garbage/>
                                                                                                                                       </TemplateParameter>
                                                                                                                                    </ptk:l>
                                                                                                                                 </name>
                                                                                                                                 <args>
                                                                                                                                    <ptk:l location="قالب:Coord:2:161">
                                                                                                                                       <TemplateArgument location="قالب:Coord:2:162">
                                                                                                                                          <ptk:a name="RTD">
                                                                                                                                             <RtData>cQB+AUg=</RtData>
                                                                                                                                          </ptk:a>
                                                                                                                                          <hasName>false</hasName>
                                                                                                                                          <name>
                                                                                                                                             <ptk:l/>
                                                                                                                                          </name>
                                                                                                                                          <value>
                                                                                                                                             <ptk:l location="قالب:Coord:2:162">
                                                                                                                                                <ptk:t location="قالب:Coord:2:162">NE</ptk:t>
                                                                                                                                             </ptk:l>
                                                                                                                                          </value>
                                                                                                                                       </TemplateArgument>
                                                                                                                                       <TemplateArgument location="قالب:Coord:2:165">
                                                                                                                                          <ptk:a name="RTD">
                                                                                                                                             <RtData>cQB+AUw=</RtData>
                                                                                                                                          </ptk:a>
                                                                                                                                          <hasName>false</hasName>
                                                                                                                                          <name>
                                                                                                                                             <ptk:l/>
                                                                                                                                          </name>
                                                                                                                                          <value>
                                                                                                                                             <ptk:l location="قالب:Coord:2:165">
                                                                                                                                                <ptk:t location="قالب:Coord:2:165">NW</ptk:t>
                                                                                                                                             </ptk:l>
                                                                                                                                          </value>
                                                                                                                                       </TemplateArgument>
                                                                                                                                       <TemplateArgument location="قالب:Coord:2:168">
                                                                                                                                          <ptk:a name="RTD">
                                                                                                                                             <RtData>cQB+AVA=</RtData>
                                                                                                                                          </ptk:a>
                                                                                                                                          <hasName>false</hasName>
                                                                                                                                          <name>
                                                                                                                                             <ptk:l/>
                                                                                                                                          </name>
                                                                                                                                          <value>
                                                                                                                                             <ptk:l location="قالب:Coord:2:168">
                                                                                                                                                <ptk:t location="قالب:Coord:2:168">SE</ptk:t>
                                                                                                                                             </ptk:l>
                                                                                                                                          </value>
                                                                                                                                       </TemplateArgument>
                                                                                                                                       <TemplateArgument location="قالب:Coord:2:171">
                                                                                                                                          <ptk:a name="RTD">
                                                                                                                                             <RtData>cQB+AVQ=</RtData>
                                                                                                                                          </ptk:a>
                                                                                                                                          <hasName>true</hasName>
                                                                                                                                          <name>
                                                                                                                                             <ptk:l location="قالب:Coord:2:171">
                                                                                                                                                <ptk:t location="قالب:Coord:2:171">SW</ptk:t>
                                                                                                                                             </ptk:l>
                                                                                                                                          </name>
                                                                                                                                          <value>
                                                                                                                                             <ptk:l location="قالب:Coord:2:174">
                                                                                                                                                <ptk:t location="قالب:Coord:2:174">y</ptk:t>
                                                                                                                                             </ptk:l>
                                                                                                                                          </value>
                                                                                                                                       </TemplateArgument>
                                                                                                                                    </ptk:l>
                                                                                                                                 </args>
                                                                                                                              </Template>
                                                                                                                           </ptk:l>
                                                                                                                        </name>
                                                                                                                        <args>
                                                                                                                           <ptk:l location="قالب:Coord:2:177">
                                                                                                                              <TemplateArgument location="قالب:Coord:2:178">
                                                                                                                                 <ptk:a name="RTD">
                                                                                                                                    <RtData>cQB+AVo=</RtData>
                                                                                                                                 </ptk:a>
                                                                                                                                 <hasName>false</hasName>
                                                                                                                                 <name>
                                                                                                                                    <ptk:l/>
                                                                                                                                 </name>
                                                                                                                                 <value>
                                                                                                                                    <ptk:l location="قالب:Coord:2:178">
                                                                                                                                       <ptk:t location="قالب:Coord:2:178">dm</ptk:t>
                                                                                                                                    </ptk:l>
                                                                                                                                 </value>
                                                                                                                              </TemplateArgument>
                                                                                                                              <TemplateArgument location="قالب:Coord:2:181">
                                                                                                                                 <ptk:a name="RTD">
                                                                                                                                    <RtData>cQB+AV4=</RtData>
                                                                                                                                 </ptk:a>
                                                                                                                                 <hasName>false</hasName>
                                                                                                                                 <name>
                                                                                                                                    <ptk:l/>
                                                                                                                                 </name>
                                                                                                                                 <value>
                                                                                                                                    <ptk:l location="قالب:Coord:2:181">
                                                                                                                                       <Template location="قالب:Coord:2:183">
                                                                                                                                          <ptk:a name="RTD">
                                                                                                                                             <RtData>cQB+AWI=</RtData>
                                                                                                                                          </ptk:a>
                                                                                                                                          <name>
                                                                                                                                             <ptk:l location="قالب:Coord:2:183">
                                                                                                                                                <ptk:t location="قالب:Coord:2:183">#if:</ptk:t>
                                                                                                                                                <Template location="قالب:Coord:2:189">
                                                                                                                                                   <ptk:a name="RTD">
                                                                                                                                                      <RtData>cQB+AWY=</RtData>
                                                                                                                                                   </ptk:a>
                                                                                                                                                   <name>
                                                                                                                                                      <ptk:l location="قالب:Coord:2:189">
                                                                                                                                                         <ptk:t location="قالب:Coord:2:189">#switch:</ptk:t>
                                                                                                                                                         <TemplateParameter location="قالب:Coord:2:200">
                                                                                                                                                            <ptk:a name="RTD">
                                                                                                                                                               <RtData>cQB+AWo=</RtData>
                                                                                                                                                            </ptk:a>
                                                                                                                                                            <name>
                                                                                                                                                               <ptk:l location="قالب:Coord:2:200">
                                                                                                                                                                  <ptk:t location="قالب:Coord:2:200">2</ptk:t>
                                                                                                                                                               </ptk:l>
                                                                                                                                                            </name>
                                                                                                                                                            <defaultValue/>
                                                                                                                                                            <garbage/>
                                                                                                                                                         </TemplateParameter>
                                                                                                                                                         <TemplateParameter location="قالب:Coord:2:207">
                                                                                                                                                            <ptk:a name="RTD">
                                                                                                                                                               <RtData>cQB+AW4=</RtData>
                                                                                                                                                            </ptk:a>
                                                                                                                                                            <name>
                                                                                                                                                               <ptk:l location="قالب:Coord:2:207">
                                                                                                                                                                  <ptk:t location="قالب:Coord:2:207">4</ptk:t>
                                                                                                                                                               </ptk:l>
                                                                                                                                                            </name>
                                                                                                                                                            <defaultValue/>
                                                                                                                                                            <garbage/>
                                                                                                                                                         </TemplateParameter>
                                                                                                                                                      </ptk:l>
                                                                                                                                                   </name>
                                                                                                                                                   <args>
                                                                                                                                                      <ptk:l location="قالب:Coord:2:211">
                                                                                                                                                         <TemplateArgument location="قالب:Coord:2:212">
                                                                                                                                                            <ptk:a name="RTD">
                                                                                                                                                               <RtData>cQB+AXI=</RtData>
                                                                                                                                                            </ptk:a>
                                                                                                                                                            <hasName>false</hasName>
                                                                                                                                                            <name>
                                                                                                                                                               <ptk:l/>
                                                                                                                                                            </name>
                                                                                                                                                            <value>
                                                                                                                                                               <ptk:l location="قالب:Coord:2:212">
                                                                                                                                                                  <ptk:t location="قالب:Coord:2:212">NE</ptk:t>
                                                                                                                                                               </ptk:l>
                                                                                                                                                            </value>
                                                                                                                                                         </TemplateArgument>
                                                                                                                                                         <TemplateArgument location="قالب:Coord:2:215">
                                                                                                                                                            <ptk:a name="RTD">
                                                                                                                                                               <RtData>cQB+AXY=</RtData>
                                                                                                                                                            </ptk:a>
                                                                                                                                                            <hasName>false</hasName>
                                                                                                                                                            <name>
                                                                                                                                                               <ptk:l/>
                                                                                                                                                            </name>
                                                                                                                                                            <value>
                                                                                                                                                               <ptk:l location="قالب:Coord:2:215">
                                                                                                                                                                  <ptk:t location="قالب:Coord:2:215">NW</ptk:t>
                                                                                                                                                               </ptk:l>
                                                                                                                                                            </value>
                                                                                                                                                         </TemplateArgument>
                                                                                                                                                         <TemplateArgument location="قالب:Coord:2:218">
                                                                                                                                                            <ptk:a name="RTD">
                                                                                                                                                               <RtData>cQB+AXo=</RtData>
                                                                                                                                                            </ptk:a>
                                                                                                                                                            <hasName>false</hasName>
                                                                                                                                                            <name>
                                                                                                                                                               <ptk:l/>
                                                                                                                                                            </name>
                                                                                                                                                            <value>
                                                                                                                                                               <ptk:l location="قالب:Coord:2:218">
                                                                                                                                                                  <ptk:t location="قالب:Coord:2:218">SE</ptk:t>
                                                                                                                                                               </ptk:l>
                                                                                                                                                            </value>
                                                                                                                                                         </TemplateArgument>
                                                                                                                                                         <TemplateArgument location="قالب:Coord:2:221">
                                                                                                                                                            <ptk:a name="RTD">
                                                                                                                                                               <RtData>cQB+AX4=</RtData>
                                                                                                                                                            </ptk:a>
                                                                                                                                                            <hasName>true</hasName>
                                                                                                                                                            <name>
                                                                                                                                                               <ptk:l location="قالب:Coord:2:221">
                                                                                                                                                                  <ptk:t location="قالب:Coord:2:221">SW</ptk:t>
                                                                                                                                                               </ptk:l>
                                                                                                                                                            </name>
                                                                                                                                                            <value>
                                                                                                                                                               <ptk:l location="قالب:Coord:2:224">
                                                                                                                                                                  <ptk:t location="قالب:Coord:2:224">y</ptk:t>
                                                                                                                                                               </ptk:l>
                                                                                                                                                            </value>
                                                                                                                                                         </TemplateArgument>
                                                                                                                                                      </ptk:l>
                                                                                                                                                   </args>
                                                                                                                                                </Template>
                                                                                                                                             </ptk:l>
                                                                                                                                          </name>
                                                                                                                                          <args>
                                                                                                                                             <ptk:l location="قالب:Coord:2:227">
                                                                                                                                                <TemplateArgument location="قالب:Coord:2:228">
                                                                                                                                                   <ptk:a name="RTD">
                                                                                                                                                      <RtData>cQB+AYQ=</RtData>
                                                                                                                                                   </ptk:a>
                                                                                                                                                   <hasName>false</hasName>
                                                                                                                                                   <name>
                                                                                                                                                      <ptk:l/>
                                                                                                                                                   </name>
                                                                                                                                                   <value>
                                                                                                                                                      <ptk:l location="قالب:Coord:2:228">
                                                                                                                                                         <ptk:t location="قالب:Coord:2:228">d</ptk:t>
                                                                                                                                                      </ptk:l>
                                                                                                                                                   </value>
                                                                                                                                                </TemplateArgument>
                                                                                                                                                <TemplateArgument location="قالب:Coord:2:230">
                                                                                                                                                   <ptk:a name="RTD">
                                                                                                                                                      <RtData>cQB+AYg=</RtData>
                                                                                                                                                   </ptk:a>
                                                                                                                                                   <hasName>false</hasName>
                                                                                                                                                   <name>
                                                                                                                                                      <ptk:l/>
                                                                                                                                                   </name>
                                                                                                                                                   <value>
                                                                                                                                                      <ptk:l location="قالب:Coord:2:230">
                                                                                                                                                         <ptk:t location="قالب:Coord:2:230">ERROR</ptk:t>
                                                                                                                                                      </ptk:l>
                                                                                                                                                   </value>
                                                                                                                                                </TemplateArgument>
                                                                                                                                             </ptk:l>
                                                                                                                                          </args>
                                                                                                                                       </Template>
                                                                                                                                    </ptk:l>
                                                                                                                                 </value>
                                                                                                                              </TemplateArgument>
                                                                                                                           </ptk:l>
                                                                                                                        </args>
                                                                                                                     </Template>
                                                                                                                  </ptk:l>
                                                                                                               </value>
                                                                                                            </TemplateArgument>
                                                                                                         </ptk:l>
                                                                                                      </args>
                                                                                                   </Template>
                                                                                                </ptk:l>
                                                                                             </value>
                                                                                          </TemplateArgument>
                                                                                       </ptk:l>
                                                                                    </args>
                                                                                 </Template>
                                                                              </ptk:l>
                                                                           </value>
                                                                        </TemplateArgument>
                                                                     </ptk:l>
                                                                  </args>
                                                               </Template>
                                                               <ptk:t location="قالب:Coord:2:245">
</ptk:t>
                                                            </ptk:l>
                                                         </name>
                                                      </IllegalNameException>
                                                      <IllegalNameException>
                                                         <message>Cannot resolve target of transclusion to a simple name.</message>
                                                         <name>
                                                            <ptk:l location="قالب:Coord:1:16">
                                                               <ptk:t location="قالب:Coord:1:16">Coord/display/</ptk:t>
                                                               <TemplateParameter location="قالب:Coord:1:33">
                                                                  <ptk:a name="RTD">
                                                                     <RtData>cQB+AYw=</RtData>
                                                                  </ptk:a>
                                                                  <name>
                                                                     <ptk:l location="قالب:Coord:1:33">
                                                                        <ptk:t location="قالب:Coord:1:33">display</ptk:t>
                                                                     </ptk:l>
                                                                  </name>
                                                                  <defaultValue>
                                                                     <TemplateArgument location="قالب:Coord:1:41">
                                                                        <ptk:a name="RTD">
                                                                           <RtData>cQB+AZA=</RtData>
                                                                        </ptk:a>
                                                                        <hasName>false</hasName>
                                                                        <name>
                                                                           <ptk:l/>
                                                                        </name>
                                                                        <value>
                                                                           <ptk:l location="قالب:Coord:1:41">
                                                                              <ptk:t location="قالب:Coord:1:41">inline</ptk:t>
                                                                           </ptk:l>
                                                                        </value>
                                                                     </TemplateArgument>
                                                                  </defaultValue>
                                                                  <garbage/>
                                                               </TemplateParameter>
                                                               <ptk:t location="قالب:Coord:1:50">
</ptk:t>
                                                            </ptk:l>
                                                         </name>
                                                      </IllegalNameException>
                                                      <ResolveTransclusionLog>
                                                         <success>true</success>
                                                         <target>#if</target>
                                                         <canonical null="true"/>
                                                         <timeNeeded>0</timeNeeded>
                                                         <content>
                                                            <ptk:l/>
                                                         </content>
                                                      </ResolveTransclusionLog>
                                                      <ResolveTransclusionLog>
                                                         <success>true</success>
                                                         <target>#if</target>
                                                         <canonical null="true"/>
                                                         <timeNeeded>0</timeNeeded>
                                                         <content>
                                                            <ptk:l/>
                                                         </content>
                                                      </ResolveTransclusionLog>
                                                      <ResolveTransclusionLog>
                                                         <success>true</success>
                                                         <target>#if</target>
                                                         <canonical null="true"/>
                                                         <timeNeeded>0</timeNeeded>
                                                         <content>
                                                            <ptk:l/>
                                                         </content>
                                                      </ResolveTransclusionLog>
                                                      <ResolveTransclusionLog>
                                                         <success>true</success>
                                                         <target>#if</target>
                                                         <canonical null="true"/>
                                                         <timeNeeded>0</timeNeeded>
                                                         <content>
                                                            <ptk:l/>
                                                         </content>
                                                      </ResolveTransclusionLog>
                                                      <ResolveTransclusionLog>
                                                         <success>true</success>
                                                         <target>#if</target>
                                                         <canonical null="true"/>
                                                         <timeNeeded>0</timeNeeded>
                                                         <content>
                                                            <ptk:l/>
                                                         </content>
                                                      </ResolveTransclusionLog>
                                                      <ResolveTransclusionLog>
                                                         <success>true</success>
                                                         <target>#ifexist</target>
                                                         <canonical null="true"/>
                                                         <timeNeeded>0</timeNeeded>
                                                         <content>
                                                            <ptk:l/>
                                                         </content>
                                                      </ResolveTransclusionLog>
                                                      <ResolveTransclusionLog>
                                                         <success>true</success>
                                                         <target>#if</target>
                                                         <canonical null="true"/>
                                                         <timeNeeded>0</timeNeeded>
                                                         <content>
                                                            <ptk:l/>
                                                         </content>
                                                      </ResolveTransclusionLog>
                                                      <ResolveTransclusionLog>
                                                         <success>true</success>
                                                         <target>#ifexist</target>
                                                         <canonical null="true"/>
                                                         <timeNeeded>0</timeNeeded>
                                                         <content>
                                                            <ptk:l/>
                                                         </content>
                                                      </ResolveTransclusionLog>
                                                      <ResolveTransclusionLog>
                                                         <success>true</success>
                                                         <target>#if</target>
                                                         <canonical null="true"/>
                                                         <timeNeeded>0</timeNeeded>
                                                         <content>
                                                            <ptk:l/>
                                                         </content>
                                                      </ResolveTransclusionLog>
                                                      <ResolveTransclusionLog>
                                                         <success>true</success>
                                                         <target>#if</target>
                                                         <canonical null="true"/>
                                                         <timeNeeded>0</timeNeeded>
                                                         <content>
                                                            <ptk:l/>
                                                         </content>
                                                      </ResolveTransclusionLog>
                                                      <ResolveTransclusionLog>
                                                         <success>true</success>
                                                         <target>#if</target>
                                                         <canonical null="true"/>
                                                         <timeNeeded>0</timeNeeded>
                                                         <content>
                                                            <ptk:l/>
                                                         </content>
                                                      </ResolveTransclusionLog>
                                                      <ResolveTransclusionLog>
                                                         <success>true</success>
                                                         <target>#if</target>
                                                         <canonical null="true"/>
                                                         <timeNeeded>0</timeNeeded>
                                                         <content>
                                                            <ptk:l/>
                                                         </content>
                                                      </ResolveTransclusionLog>
                                                      <ResolveTransclusionLog>
                                                         <success>true</success>
                                                         <target>#if</target>
                                                         <canonical null="true"/>
                                                         <timeNeeded>0</timeNeeded>
                                                         <content>
                                                            <ptk:l/>
                                                         </content>
                                                      </ResolveTransclusionLog>
                                                      <ResolveTransclusionLog>
                                                         <success>true</success>
                                                         <target>#if</target>
                                                         <canonical null="true"/>
                                                         <timeNeeded>0</timeNeeded>
                                                         <content>
                                                            <ptk:l/>
                                                         </content>
                                                      </ResolveTransclusionLog>
                                                      <ResolveTransclusionLog>
                                                         <success>true</success>
                                                         <target>#if</target>
                                                         <canonical null="true"/>
                                                         <timeNeeded>0</timeNeeded>
                                                         <content>
                                                            <ptk:l/>
                                                         </content>
                                                      </ResolveTransclusionLog>
                                                      <ResolveTransclusionLog>
                                                         <success>true</success>
                                                         <target>#if</target>
                                                         <canonical null="true"/>
                                                         <timeNeeded>0</timeNeeded>
                                                         <content>
                                                            <ptk:l/>
                                                         </content>
                                                      </ResolveTransclusionLog>
                                                      <ResolveTransclusionLog>
                                                         <success>true</success>
                                                         <target>#if</target>
                                                         <canonical null="true"/>
                                                         <timeNeeded>0</timeNeeded>
                                                         <content>
                                                            <ptk:l/>
                                                         </content>
                                                      </ResolveTransclusionLog>
                                                      <ResolveTransclusionLog>
                                                         <success>true</success>
                                                         <target>#if</target>
                                                         <canonical null="true"/>
                                                         <timeNeeded>0</timeNeeded>
                                                         <content>
                                                            <ptk:l/>
                                                         </content>
                                                      </ResolveTransclusionLog>
                                                      <ResolveTransclusionLog>
                                                         <success>true</success>
                                                         <target>#if</target>
                                                         <canonical null="true"/>
                                                         <timeNeeded>0</timeNeeded>
                                                         <content>
                                                            <ptk:l/>
                                                         </content>
                                                      </ResolveTransclusionLog>
                                                      <ResolveTransclusionLog>
                                                         <success>true</success>
                                                         <target>#if</target>
                                                         <canonical null="true"/>
                                                         <timeNeeded>0</timeNeeded>
                                                         <content>
                                                            <ptk:l/>
                                                         </content>
                                                      </ResolveTransclusionLog>
                                                      <ResolveTransclusionLog>
                                                         <success>true</success>
                                                         <target>#if</target>
                                                         <canonical null="true"/>
                                                         <timeNeeded>0</timeNeeded>
                                                         <content>
                                                            <ptk:l/>
                                                         </content>
                                                      </ResolveTransclusionLog>
                                                      <ResolveTransclusionLog>
                                                         <success>true</success>
                                                         <target>#if</target>
                                                         <canonical null="true"/>
                                                         <timeNeeded>0</timeNeeded>
                                                         <content>
                                                            <ptk:l/>
                                                         </content>
                                                      </ResolveTransclusionLog>
                                                      <ResolveTransclusionLog>
                                                         <success>true</success>
                                                         <target>#if</target>
                                                         <canonical null="true"/>
                                                         <timeNeeded>0</timeNeeded>
                                                         <content>
                                                            <ptk:l/>
                                                         </content>
                                                      </ResolveTransclusionLog>
                                                      <ResolveTransclusionLog>
                                                         <success>true</success>
                                                         <target>#if</target>
                                                         <canonical null="true"/>
                                                         <timeNeeded>0</timeNeeded>
                                                         <content>
                                                            <ptk:l/>
                                                         </content>
                                                      </ResolveTransclusionLog>
                                                      <ResolveTransclusionLog>
                                                         <success>true</success>
                                                         <target>#if</target>
                                                         <canonical null="true"/>
                                                         <timeNeeded>0</timeNeeded>
                                                         <content>
                                                            <ptk:l/>
                                                         </content>
                                                      </ResolveTransclusionLog>
                                                      <ResolveTransclusionLog>
                                                         <success>true</success>
                                                         <target>#if</target>
                                                         <canonical null="true"/>
                                                         <timeNeeded>0</timeNeeded>
                                                         <content>
                                                            <ptk:l/>
                                                         </content>
                                                      </ResolveTransclusionLog>
                                                      <ResolveTransclusionLog>
                                                         <success>true</success>
                                                         <target>#if</target>
                                                         <canonical null="true"/>
                                                         <timeNeeded>0</timeNeeded>
                                                         <content>
                                                            <ptk:l/>
                                                         </content>
                                                      </ResolveTransclusionLog>
                                                      <ResolveTransclusionLog>
                                                         <success>true</success>
                                                         <target>#if</target>
                                                         <canonical null="true"/>
                                                         <timeNeeded>0</timeNeeded>
                                                         <content>
                                                            <ptk:l/>
                                                         </content>
                                                      </ResolveTransclusionLog>
                                                      <ResolveTransclusionLog>
                                                         <success>true</success>
                                                         <target>#if</target>
                                                         <canonical null="true"/>
                                                         <timeNeeded>0</timeNeeded>
                                                         <content>
                                                            <ptk:l/>
                                                         </content>
                                                      </ResolveTransclusionLog>
                                                      <ResolveTransclusionLog>
                                                         <success>true</success>
                                                         <target>#if</target>
                                                         <canonical null="true"/>
                                                         <timeNeeded>0</timeNeeded>
                                                         <content>
                                                            <ptk:l/>
                                                         </content>
                                                      </ResolveTransclusionLog>
                                                      <ResolveTransclusionLog>
                                                         <success>true</success>
                                                         <target>#if</target>
                                                         <canonical null="true"/>
                                                         <timeNeeded>0</timeNeeded>
                                                         <content>
                                                            <ptk:l/>
                                                         </content>
                                                      </ResolveTransclusionLog>
                                                      <ResolveTransclusionLog>
                                                         <success>true</success>
                                                         <target>#if</target>
                                                         <canonical null="true"/>
                                                         <timeNeeded>0</timeNeeded>
                                                         <content>
                                                            <ptk:l/>
                                                         </content>
                                                      </ResolveTransclusionLog>
                                                      <ResolveTransclusionLog>
                                                         <success>true</success>
                                                         <target>#if</target>
                                                         <canonical null="true"/>
                                                         <timeNeeded>0</timeNeeded>
                                                         <content>
                                                            <ptk:l/>
                                                         </content>
                                                      </ResolveTransclusionLog>
                                                      <ResolveTransclusionLog>
                                                         <success>true</success>
                                                         <target>#if</target>
                                                         <canonical null="true"/>
                                                         <timeNeeded>0</timeNeeded>
                                                         <content>
                                                            <ptk:l/>
                                                         </content>
                                                      </ResolveTransclusionLog>
                                                      <ResolveTransclusionLog>
                                                         <success>true</success>
                                                         <target>#if</target>
                                                         <canonical null="true"/>
                                                         <timeNeeded>0</timeNeeded>
                                                         <content>
                                                            <ptk:l/>
                                                         </content>
                                                      </ResolveTransclusionLog>
                                                      <ResolveTransclusionLog>
                                                         <success>true</success>
                                                         <target>#if</target>
                                                         <canonical null="true"/>
                                                         <timeNeeded>0</timeNeeded>
                                                         <content>
                                                            <ptk:l/>
                                                         </content>
                                                      </ResolveTransclusionLog>
                                                      <ResolveTransclusionLog>
                                                         <success>true</success>
                                                         <target>#if</target>
                                                         <canonical null="true"/>
                                                         <timeNeeded>0</timeNeeded>
                                                         <content>
                                                            <ptk:l/>
                                                         </content>
                                                      </ResolveTransclusionLog>
                                                      <ResolveTransclusionLog>
                                                         <success>true</success>
                                                         <target>#if</target>
                                                         <canonical null="true"/>
                                                         <timeNeeded>0</timeNeeded>
                                                         <content>
                                                            <ptk:l/>
                                                         </content>
                                                      </ResolveTransclusionLog>
                                                      <ResolveTransclusionLog>
                                                         <success>true</success>
                                                         <target>#if</target>
                                                         <canonical null="true"/>
                                                         <timeNeeded>0</timeNeeded>
                                                         <content>
                                                            <ptk:l/>
                                                         </content>
                                                      </ResolveTransclusionLog>
                                                      <ResolveTransclusionLog>
                                                         <success>true</success>
                                                         <target>#if</target>
                                                         <canonical null="true"/>
                                                         <timeNeeded>0</timeNeeded>
                                                         <content>
                                                            <ptk:l/>
                                                         </content>
                                                      </ResolveTransclusionLog>
                                                      <ResolveTransclusionLog>
                                                         <success>true</success>
                                                         <target>#if</target>
                                                         <canonical null="true"/>
                                                         <timeNeeded>0</timeNeeded>
                                                         <content>
                                                            <ptk:l/>
                                                         </content>
                                                      </ResolveTransclusionLog>
                                                      <ResolveTransclusionLog>
                                                         <success>true</success>
                                                         <target>#if</target>
                                                         <canonical null="true"/>
                                                         <timeNeeded>0</timeNeeded>
                                                         <content>
                                                            <ptk:l/>
                                                         </content>
                                                      </ResolveTransclusionLog>
                                                      <ResolveTransclusionLog>
                                                         <success>true</success>
                                                         <target>#if</target>
                                                         <canonical null="true"/>
                                                         <timeNeeded>0</timeNeeded>
                                                         <content>
                                                            <ptk:l/>
                                                         </content>
                                                      </ResolveTransclusionLog>
                                                      <ResolveTransclusionLog>
                                                         <success>true</success>
                                                         <target>#if</target>
                                                         <canonical null="true"/>
                                                         <timeNeeded>0</timeNeeded>
                                                         <content>
                                                            <ptk:l/>
                                                         </content>
                                                      </ResolveTransclusionLog>
                                                      <ResolveTransclusionLog>
                                                         <success>true</success>
                                                         <target>#if</target>
                                                         <canonical null="true"/>
                                                         <timeNeeded>0</timeNeeded>
                                                         <content>
                                                            <ptk:l/>
                                                         </content>
                                                      </ResolveTransclusionLog>
                                                      <ResolveTransclusionLog>
                                                         <success>true</success>
                                                         <target>#if</target>
                                                         <canonical null="true"/>
                                                         <timeNeeded>0</timeNeeded>
                                                         <content>
                                                            <ptk:l/>
                                                         </content>
                                                      </ResolveTransclusionLog>
                                                      <ResolveTransclusionLog>
                                                         <success>true</success>
                                                         <target>#if</target>
                                                         <canonical null="true"/>
                                                         <timeNeeded>0</timeNeeded>
                                                         <content>
                                                            <ptk:l/>
                                                         </content>
                                                      </ResolveTransclusionLog>
                                                      <ResolveTransclusionLog>
                                                         <success>true</success>
                                                         <target>#if</target>
                                                         <canonical null="true"/>
                                                         <timeNeeded>0</timeNeeded>
                                                         <content>
                                                            <ptk:l/>
                                                         </content>
                                                      </ResolveTransclusionLog>
                                                      <ResolveTransclusionLog>
                                                         <success>true</success>
                                                         <target>#if</target>
                                                         <canonical null="true"/>
                                                         <timeNeeded>0</timeNeeded>
                                                         <content>
                                                            <ptk:l/>
                                                         </content>
                                                      </ResolveTransclusionLog>
                                                      <ResolveTransclusionLog>
                                                         <success>true</success>
                                                         <target>#if</target>
                                                         <canonical null="true"/>
                                                         <timeNeeded>0</timeNeeded>
                                                         <content>
                                                            <ptk:l/>
                                                         </content>
                                                      </ResolveTransclusionLog>
                                                      <ResolveTransclusionLog>
                                                         <success>true</success>
                                                         <target>formatnum</target>
                                                         <canonical null="true"/>
                                                         <timeNeeded>0</timeNeeded>
                                                         <content>
                                                            <ptk:l/>
                                                         </content>
                                                      </ResolveTransclusionLog>
                                                      <ResolveTransclusionLog>
                                                         <success>true</success>
                                                         <target>#if</target>
                                                         <canonical null="true"/>
                                                         <timeNeeded>0</timeNeeded>
                                                         <content>
                                                            <ptk:l/>
                                                         </content>
                                                      </ResolveTransclusionLog>
                                                      <ResolveTransclusionLog>
                                                         <success>true</success>
                                                         <target>#if</target>
                                                         <canonical null="true"/>
                                                         <timeNeeded>0</timeNeeded>
                                                         <content>
                                                            <ptk:l/>
                                                         </content>
                                                      </ResolveTransclusionLog>
                                                      <ResolveTransclusionLog>
                                                         <success>true</success>
                                                         <target>formatnum</target>
                                                         <canonical null="true"/>
                                                         <timeNeeded>0</timeNeeded>
                                                         <content>
                                                            <ptk:l/>
                                                         </content>
                                                      </ResolveTransclusionLog>
                                                      <ResolveTransclusionLog>
                                                         <success>true</success>
                                                         <target>formatnum</target>
                                                         <canonical null="true"/>
                                                         <timeNeeded>16</timeNeeded>
                                                         <content>
                                                            <ptk:l/>
                                                         </content>
                                                      </ResolveTransclusionLog>
                                                      <ResolveTransclusionLog>
                                                         <success>true</success>
                                                         <target>#expr</target>
                                                         <canonical null="true"/>
                                                         <timeNeeded>16</timeNeeded>
                                                         <content>
                                                            <ptk:l/>
                                                         </content>
                                                      </ResolveTransclusionLog>
                                                      <ResolveTransclusionLog>
                                                         <success>true</success>
                                                         <target>#if</target>
                                                         <canonical null="true"/>
                                                         <timeNeeded>0</timeNeeded>
                                                         <content>
                                                            <ptk:l/>
                                                         </content>
                                                      </ResolveTransclusionLog>
                                                      <ResolveTransclusionLog>
                                                         <success>true</success>
                                                         <target>formatnum</target>
                                                         <canonical null="true"/>
                                                         <timeNeeded>0</timeNeeded>
                                                         <content>
                                                            <ptk:l/>
                                                         </content>
                                                      </ResolveTransclusionLog>
                                                      <ResolveTransclusionLog>
                                                         <success>true</success>
                                                         <target>#expr</target>
                                                         <canonical null="true"/>
                                                         <timeNeeded>0</timeNeeded>
                                                         <content>
                                                            <ptk:l/>
                                                         </content>
                                                      </ResolveTransclusionLog>
                                                      <ResolveTransclusionLog>
                                                         <success>true</success>
                                                         <target>#if</target>
                                                         <canonical null="true"/>
                                                         <timeNeeded>0</timeNeeded>
                                                         <content>
                                                            <ptk:l/>
                                                         </content>
                                                      </ResolveTransclusionLog>
                                                      <ResolveTransclusionLog>
                                                         <success>true</success>
                                                         <target>formatnum</target>
                                                         <canonical null="true"/>
                                                         <timeNeeded>0</timeNeeded>
                                                         <content>
                                                            <ptk:l/>
                                                         </content>
                                                      </ResolveTransclusionLog>
                                                      <ResolveTransclusionLog>
                                                         <success>true</success>
                                                         <target>formatnum</target>
                                                         <canonical null="true"/>
                                                         <timeNeeded>0</timeNeeded>
                                                         <content>
                                                            <ptk:l/>
                                                         </content>
                                                      </ResolveTransclusionLog>
                                                      <ResolveTransclusionLog>
                                                         <success>true</success>
                                                         <target>#expr</target>
                                                         <canonical null="true"/>
                                                         <timeNeeded>0</timeNeeded>
                                                         <content>
                                                            <ptk:l/>
                                                         </content>
                                                      </ResolveTransclusionLog>
                                                      <ResolveTransclusionLog>
                                                         <success>true</success>
                                                         <target>#if</target>
                                                         <canonical null="true"/>
                                                         <timeNeeded>0</timeNeeded>
                                                         <content>
                                                            <ptk:l/>
                                                         </content>
                                                      </ResolveTransclusionLog>
                                                      <ResolveTransclusionLog>
                                                         <success>true</success>
                                                         <target>#if</target>
                                                         <canonical null="true"/>
                                                         <timeNeeded>0</timeNeeded>
                                                         <content>
                                                            <ptk:l/>
                                                         </content>
                                                      </ResolveTransclusionLog>
                                                      <ResolveTransclusionLog>
                                                         <success>true</success>
                                                         <target>#if</target>
                                                         <canonical null="true"/>
                                                         <timeNeeded>0</timeNeeded>
                                                         <content>
                                                            <ptk:l/>
                                                         </content>
                                                      </ResolveTransclusionLog>
                                                      <ResolveTransclusionLog>
                                                         <success>true</success>
                                                         <target>formatnum</target>
                                                         <canonical null="true"/>
                                                         <timeNeeded>0</timeNeeded>
                                                         <content>
                                                            <ptk:l/>
                                                         </content>
                                                      </ResolveTransclusionLog>
                                                      <ResolveTransclusionLog>
                                                         <success>true</success>
                                                         <target>formatnum</target>
                                                         <canonical null="true"/>
                                                         <timeNeeded>0</timeNeeded>
                                                         <content>
                                                            <ptk:l/>
                                                         </content>
                                                      </ResolveTransclusionLog>
                                                      <ResolveTransclusionLog>
                                                         <success>true</success>
                                                         <target>formatnum</target>
                                                         <canonical null="true"/>
                                                         <timeNeeded>0</timeNeeded>
                                                         <content>
                                                            <ptk:l/>
                                                         </content>
                                                      </ResolveTransclusionLog>
                                                      <ResolveTransclusionLog>
                                                         <success>true</success>
                                                         <target>#expr</target>
                                                         <canonical null="true"/>
                                                         <timeNeeded>0</timeNeeded>
                                                         <content>
                                                            <ptk:l/>
                                                         </content>
                                                      </ResolveTransclusionLog>
                                                      <ResolveTransclusionLog>
                                                         <success>true</success>
                                                         <target>#if</target>
                                                         <canonical null="true"/>
                                                         <timeNeeded>0</timeNeeded>
                                                         <content>
                                                            <ptk:l/>
                                                         </content>
                                                      </ResolveTransclusionLog>
                                                      <ResolveTransclusionLog>
                                                         <success>true</success>
                                                         <target>formatnum</target>
                                                         <canonical null="true"/>
                                                         <timeNeeded>0</timeNeeded>
                                                         <content>
                                                            <ptk:l/>
                                                         </content>
                                                      </ResolveTransclusionLog>
                                                      <ResolveTransclusionLog>
                                                         <success>true</success>
                                                         <target>#expr</target>
                                                         <canonical null="true"/>
                                                         <timeNeeded>0</timeNeeded>
                                                         <content>
                                                            <ptk:l/>
                                                         </content>
                                                      </ResolveTransclusionLog>
                                                      <ResolveTransclusionLog>
                                                         <success>true</success>
                                                         <target>#if</target>
                                                         <canonical null="true"/>
                                                         <timeNeeded>0</timeNeeded>
                                                         <content>
                                                            <ptk:l/>
                                                         </content>
                                                      </ResolveTransclusionLog>
                                                      <ResolveTransclusionLog>
                                                         <success>true</success>
                                                         <target>formatnum</target>
                                                         <canonical null="true"/>
                                                         <timeNeeded>0</timeNeeded>
                                                         <content>
                                                            <ptk:l/>
                                                         </content>
                                                      </ResolveTransclusionLog>
                                                      <ResolveTransclusionLog>
                                                         <success>true</success>
                                                         <target>formatnum</target>
                                                         <canonical null="true"/>
                                                         <timeNeeded>0</timeNeeded>
                                                         <content>
                                                            <ptk:l/>
                                                         </content>
                                                      </ResolveTransclusionLog>
                                                      <ResolveTransclusionLog>
                                                         <success>true</success>
                                                         <target>formatnum</target>
                                                         <canonical null="true"/>
                                                         <timeNeeded>0</timeNeeded>
                                                         <content>
                                                            <ptk:l/>
                                                         </content>
                                                      </ResolveTransclusionLog>
                                                      <ResolveTransclusionLog>
                                                         <success>true</success>
                                                         <target>#expr</target>
                                                         <canonical null="true"/>
                                                         <timeNeeded>0</timeNeeded>
                                                         <content>
                                                            <ptk:l/>
                                                         </content>
                                                      </ResolveTransclusionLog>
                                                      <ResolveTransclusionLog>
                                                         <success>true</success>
                                                         <target>#if</target>
                                                         <canonical null="true"/>
                                                         <timeNeeded>0</timeNeeded>
                                                         <content>
                                                            <ptk:l/>
                                                         </content>
                                                      </ResolveTransclusionLog>
                                                      <ResolveTransclusionLog>
                                                         <success>true</success>
                                                         <target>formatnum</target>
                                                         <canonical null="true"/>
                                                         <timeNeeded>0</timeNeeded>
                                                         <content>
                                                            <ptk:l/>
                                                         </content>
                                                      </ResolveTransclusionLog>
                                                      <ResolveTransclusionLog>
                                                         <success>true</success>
                                                         <target>#expr</target>
                                                         <canonical null="true"/>
                                                         <timeNeeded>0</timeNeeded>
                                                         <content>
                                                            <ptk:l/>
                                                         </content>
                                                      </ResolveTransclusionLog>
                                                      <ResolveTransclusionLog>
                                                         <success>true</success>
                                                         <target>#if</target>
                                                         <canonical null="true"/>
                                                         <timeNeeded>0</timeNeeded>
                                                         <content>
                                                            <ptk:l/>
                                                         </content>
                                                      </ResolveTransclusionLog>
                                                      <ResolveTransclusionLog>
                                                         <success>true</success>
                                                         <target>#if</target>
                                                         <canonical null="true"/>
                                                         <timeNeeded>0</timeNeeded>
                                                         <content>
                                                            <ptk:l/>
                                                         </content>
                                                      </ResolveTransclusionLog>
                                                      <ResolveTransclusionLog>
                                                         <success>true</success>
                                                         <target>#if</target>
                                                         <canonical null="true"/>
                                                         <timeNeeded>0</timeNeeded>
                                                         <content>
                                                            <ptk:l/>
                                                         </content>
                                                      </ResolveTransclusionLog>
                                                      <ResolveTransclusionLog>
                                                         <success>true</success>
                                                         <target>#if</target>
                                                         <canonical null="true"/>
                                                         <timeNeeded>0</timeNeeded>
                                                         <content>
                                                            <ptk:l/>
                                                         </content>
                                                      </ResolveTransclusionLog>
                                                      <ResolveTransclusionLog>
                                                         <success>true</success>
                                                         <target>#if</target>
                                                         <canonical null="true"/>
                                                         <timeNeeded>0</timeNeeded>
                                                         <content>
                                                            <ptk:l/>
                                                         </content>
                                                      </ResolveTransclusionLog>
                                                      <ResolveTransclusionLog>
                                                         <success>true</success>
                                                         <target>#if</target>
                                                         <canonical null="true"/>
                                                         <timeNeeded>0</timeNeeded>
                                                         <content>
                                                            <ptk:l/>
                                                         </content>
                                                      </ResolveTransclusionLog>
                                                      <ResolveTransclusionLog>
                                                         <success>true</success>
                                                         <target>#if</target>
                                                         <canonical null="true"/>
                                                         <timeNeeded>0</timeNeeded>
                                                         <content>
                                                            <ptk:l/>
                                                         </content>
                                                      </ResolveTransclusionLog>
                                                      <ResolveTransclusionLog>
                                                         <success>true</success>
                                                         <target>#if</target>
                                                         <canonical null="true"/>
                                                         <timeNeeded>0</timeNeeded>
                                                         <content>
                                                            <ptk:l/>
                                                         </content>
                                                      </ResolveTransclusionLog>
                                                      <ResolveTransclusionLog>
                                                         <success>true</success>
                                                         <target>#if</target>
                                                         <canonical null="true"/>
                                                         <timeNeeded>0</timeNeeded>
                                                         <content>
                                                            <ptk:l/>
                                                         </content>
                                                      </ResolveTransclusionLog>
                                                      <ResolveTransclusionLog>
                                                         <success>true</success>
                                                         <target>#if</target>
                                                         <canonical null="true"/>
                                                         <timeNeeded>0</timeNeeded>
                                                         <content>
                                                            <ptk:l/>
                                                         </content>
                                                      </ResolveTransclusionLog>
                                                      <ResolveTransclusionLog>
                                                         <success>true</success>
                                                         <target>formatnum</target>
                                                         <canonical null="true"/>
                                                         <timeNeeded>0</timeNeeded>
                                                         <content>
                                                            <ptk:l/>
                                                         </content>
                                                      </ResolveTransclusionLog>
                                                      <ResolveTransclusionLog>
                                                         <success>true</success>
                                                         <target>formatnum</target>
                                                         <canonical null="true"/>
                                                         <timeNeeded>0</timeNeeded>
                                                         <content>
                                                            <ptk:l/>
                                                         </content>
                                                      </ResolveTransclusionLog>
                                                      <ResolveTransclusionLog>
                                                         <success>true</success>
                                                         <target>#expr</target>
                                                         <canonical null="true"/>
                                                         <timeNeeded>0</timeNeeded>
                                                         <content>
                                                            <ptk:l/>
                                                         </content>
                                                      </ResolveTransclusionLog>
                                                      <ResolveTransclusionLog>
                                                         <success>true</success>
                                                         <target>#if</target>
                                                         <canonical null="true"/>
                                                         <timeNeeded>0</timeNeeded>
                                                         <content>
                                                            <ptk:l/>
                                                         </content>
                                                      </ResolveTransclusionLog>
                                                      <ResolveTransclusionLog>
                                                         <success>true</success>
                                                         <target>formatnum</target>
                                                         <canonical null="true"/>
                                                         <timeNeeded>0</timeNeeded>
                                                         <content>
                                                            <ptk:l/>
                                                         </content>
                                                      </ResolveTransclusionLog>
                                                      <ResolveTransclusionLog>
                                                         <success>true</success>
                                                         <target>#expr</target>
                                                         <canonical null="true"/>
                                                         <timeNeeded>0</timeNeeded>
                                                         <content>
                                                            <ptk:l/>
                                                         </content>
                                                      </ResolveTransclusionLog>
                                                      <ResolveTransclusionLog>
                                                         <success>true</success>
                                                         <target>#if</target>
                                                         <canonical null="true"/>
                                                         <timeNeeded>0</timeNeeded>
                                                         <content>
                                                            <ptk:l/>
                                                         </content>
                                                      </ResolveTransclusionLog>
                                                      <ResolveTransclusionLog>
                                                         <success>true</success>
                                                         <target>#if</target>
                                                         <canonical null="true"/>
                                                         <timeNeeded>0</timeNeeded>
                                                         <content>
                                                            <ptk:l/>
                                                         </content>
                                                      </ResolveTransclusionLog>
                                                      <ResolveTransclusionLog>
                                                         <success>true</success>
                                                         <target>#if</target>
                                                         <canonical null="true"/>
                                                         <timeNeeded>0</timeNeeded>
                                                         <content>
                                                            <ptk:l/>
                                                         </content>
                                                      </ResolveTransclusionLog>
                                                      <ResolveTransclusionLog>
                                                         <success>true</success>
                                                         <target>#if</target>
                                                         <canonical null="true"/>
                                                         <timeNeeded>0</timeNeeded>
                                                         <content>
                                                            <ptk:l/>
                                                         </content>
                                                      </ResolveTransclusionLog>
                                                      <ResolveTransclusionLog>
                                                         <success>true</success>
                                                         <target>#if</target>
                                                         <canonical null="true"/>
                                                         <timeNeeded>0</timeNeeded>
                                                         <content>
                                                            <ptk:l/>
                                                         </content>
                                                      </ResolveTransclusionLog>
                                                      <ResolveTransclusionLog>
                                                         <success>true</success>
                                                         <target>#if</target>
                                                         <canonical null="true"/>
                                                         <timeNeeded>0</timeNeeded>
                                                         <content>
                                                            <ptk:l/>
                                                         </content>
                                                      </ResolveTransclusionLog>
                                                      <ResolveTransclusionLog>
                                                         <success>true</success>
                                                         <target>#if</target>
                                                         <canonical null="true"/>
                                                         <timeNeeded>0</timeNeeded>
                                                         <content>
                                                            <ptk:l/>
                                                         </content>
                                                      </ResolveTransclusionLog>
                                                      <ResolveTransclusionLog>
                                                         <success>true</success>
                                                         <target>#if</target>
                                                         <canonical null="true"/>
                                                         <timeNeeded>0</timeNeeded>
                                                         <content>
                                                            <ptk:l/>
                                                         </content>
                                                      </ResolveTransclusionLog>
                                                      <ResolveTransclusionLog>
                                                         <success>true</success>
                                                         <target>#if</target>
                                                         <canonical null="true"/>
                                                         <timeNeeded>0</timeNeeded>
                                                         <content>
                                                            <ptk:l/>
                                                         </content>
                                                      </ResolveTransclusionLog>
                                                      <ResolveTransclusionLog>
                                                         <success>true</success>
                                                         <target>#if</target>
                                                         <canonical null="true"/>
                                                         <timeNeeded>0</timeNeeded>
                                                         <content>
                                                            <ptk:l/>
                                                         </content>
                                                      </ResolveTransclusionLog>
                                                      <ResolveTransclusionLog>
                                                         <success>true</success>
                                                         <target>#if</target>
                                                         <canonical null="true"/>
                                                         <timeNeeded>0</timeNeeded>
                                                         <content>
                                                            <ptk:l/>
                                                         </content>
                                                      </ResolveTransclusionLog>
                                                      <ResolveTransclusionLog>
                                                         <success>true</success>
                                                         <target>#if</target>
                                                         <canonical null="true"/>
                                                         <timeNeeded>0</timeNeeded>
                                                         <content>
                                                            <ptk:l/>
                                                         </content>
                                                      </ResolveTransclusionLog>
                                                      <ResolveTransclusionLog>
                                                         <success>true</success>
                                                         <target>#if</target>
                                                         <canonical null="true"/>
                                                         <timeNeeded>0</timeNeeded>
                                                         <content>
                                                            <ptk:l/>
                                                         </content>
                                                      </ResolveTransclusionLog>
                                                      <ResolveTransclusionLog>
                                                         <success>true</success>
                                                         <target>#if</target>
                                                         <canonical null="true"/>
                                                         <timeNeeded>0</timeNeeded>
                                                         <content>
                                                            <ptk:l/>
                                                         </content>
                                                      </ResolveTransclusionLog>
                                                      <ResolveTransclusionLog>
                                                         <success>true</success>
                                                         <target>#if</target>
                                                         <canonical null="true"/>
                                                         <timeNeeded>0</timeNeeded>
                                                         <content>
                                                            <ptk:l/>
                                                         </content>
                                                      </ResolveTransclusionLog>
                                                      <ResolveTransclusionLog>
                                                         <success>true</success>
                                                         <target>#if</target>
                                                         <canonical null="true"/>
                                                         <timeNeeded>0</timeNeeded>
                                                         <content>
                                                            <ptk:l/>
                                                         </content>
                                                      </ResolveTransclusionLog>
                                                      <ResolveTransclusionLog>
                                                         <success>true</success>
                                                         <target>#if</target>
                                                         <canonical null="true"/>
                                                         <timeNeeded>0</timeNeeded>
                                                         <content>
                                                            <ptk:l/>
                                                         </content>
                                                      </ResolveTransclusionLog>
                                                      <ResolveTransclusionLog>
                                                         <success>true</success>
                                                         <target>#if</target>
                                                         <canonical null="true"/>
                                                         <timeNeeded>0</timeNeeded>
                                                         <content>
                                                            <ptk:l/>
                                                         </content>
                                                      </ResolveTransclusionLog>
                                                      <ResolveTransclusionLog>
                                                         <success>true</success>
                                                         <target>#if</target>
                                                         <canonical null="true"/>
                                                         <timeNeeded>0</timeNeeded>
                                                         <content>
                                                            <ptk:l/>
                                                         </content>
                                                      </ResolveTransclusionLog>
                                                      <ResolveTransclusionLog>
                                                         <success>true</success>
                                                         <target>#if</target>
                                                         <canonical null="true"/>
                                                         <timeNeeded>0</timeNeeded>
                                                         <content>
                                                            <ptk:l/>
                                                         </content>
                                                      </ResolveTransclusionLog>
                                                      <ResolveTransclusionLog>
                                                         <success>true</success>
                                                         <target>nowrap</target>
                                                         <canonical>قالب:Nowrap</canonical>
                                                         <timeNeeded>0</timeNeeded>
                                                         <content>
                                                            <ptk:l>
                                                               <CompilerLog>
                                                                  <title>قالب:Nowrap</title>
                                                                  <revision>364931</revision>
                                                                  <content>
                                                                     <ptk:l>
                                                                        <ValidatorLog>
                                                                           <timeNeeded>0</timeNeeded>
                                                                           <content>
                                                                              <ptk:l/>
                                                                           </content>
                                                                        </ValidatorLog>
                                                                        <PreprocessorLog>
                                                                           <forInclusion>true</forInclusion>
                                                                           <timeNeeded>0</timeNeeded>
                                                                           <content>
                                                                              <ptk:l/>
                                                                           </content>
                                                                        </PreprocessorLog>
                                                                        <PpResolverLog>
                                                                           <timeNeeded>0</timeNeeded>
                                                                           <content>
                                                                              <ptk:l/>
                                                                           </content>
                                                                        </PpResolverLog>
                                                                     </ptk:l>
                                                                  </content>
                                                               </CompilerLog>
                                                            </ptk:l>
                                                         </content>
                                                      </ResolveTransclusionLog>
                                                      <ResolveTransclusionLog>
                                                         <success>true</success>
                                                         <target>#if</target>
                                                         <canonical null="true"/>
                                                         <timeNeeded>0</timeNeeded>
                                                         <content>
                                                            <ptk:l/>
                                                         </content>
                                                      </ResolveTransclusionLog>
                                                      <ResolveTransclusionLog>
                                                         <success>true</success>
                                                         <target>#if</target>
                                                         <canonical null="true"/>
                                                         <timeNeeded>0</timeNeeded>
                                                         <content>
                                                            <ptk:l/>
                                                         </content>
                                                      </ResolveTransclusionLog>
                                                      <ResolveTransclusionLog>
                                                         <success>true</success>
                                                         <target>#if</target>
                                                         <canonical null="true"/>
                                                         <timeNeeded>0</timeNeeded>
                                                         <content>
                                                            <ptk:l/>
                                                         </content>
                                                      </ResolveTransclusionLog>
                                                      <ResolveTransclusionLog>
                                                         <success>true</success>
                                                         <target>#if</target>
                                                         <canonical null="true"/>
                                                         <timeNeeded>0</timeNeeded>
                                                         <content>
                                                            <ptk:l/>
                                                         </content>
                                                      </ResolveTransclusionLog>
                                                      <ResolveTransclusionLog>
                                                         <success>true</success>
                                                         <target>#if</target>
                                                         <canonical null="true"/>
                                                         <timeNeeded>0</timeNeeded>
                                                         <content>
                                                            <ptk:l/>
                                                         </content>
                                                      </ResolveTransclusionLog>
                                                      <ResolveTransclusionLog>
                                                         <success>true</success>
                                                         <target>#if</target>
                                                         <canonical null="true"/>
                                                         <timeNeeded>0</timeNeeded>
                                                         <content>
                                                            <ptk:l/>
                                                         </content>
                                                      </ResolveTransclusionLog>
                                                      <ResolveTransclusionLog>
                                                         <success>true</success>
                                                         <target>#if</target>
                                                         <canonical null="true"/>
                                                         <timeNeeded>0</timeNeeded>
                                                         <content>
                                                            <ptk:l/>
                                                         </content>
                                                      </ResolveTransclusionLog>
                                                      <ResolveTransclusionLog>
                                                         <success>true</success>
                                                         <target>#if</target>
                                                         <canonical null="true"/>
                                                         <timeNeeded>0</timeNeeded>
                                                         <content>
                                                            <ptk:l/>
                                                         </content>
                                                      </ResolveTransclusionLog>
                                                      <ResolveTransclusionLog>
                                                         <success>true</success>
                                                         <target>#if</target>
                                                         <canonical null="true"/>
                                                         <timeNeeded>0</timeNeeded>
                                                         <content>
                                                            <ptk:l/>
                                                         </content>
                                                      </ResolveTransclusionLog>
                                                      <ResolveTransclusionLog>
                                                         <success>true</success>
                                                         <target>#if</target>
                                                         <canonical null="true"/>
                                                         <timeNeeded>0</timeNeeded>
                                                         <content>
                                                            <ptk:l/>
                                                         </content>
                                                      </ResolveTransclusionLog>
                                                      <ResolveTransclusionLog>
                                                         <success>true</success>
                                                         <target>#if</target>
                                                         <canonical null="true"/>
                                                         <timeNeeded>0</timeNeeded>
                                                         <content>
                                                            <ptk:l/>
                                                         </content>
                                                      </ResolveTransclusionLog>
                                                      <ResolveTransclusionLog>
                                                         <success>true</success>
                                                         <target>#if</target>
                                                         <canonical null="true"/>
                                                         <timeNeeded>0</timeNeeded>
                                                         <content>
                                                            <ptk:l/>
                                                         </content>
                                                      </ResolveTransclusionLog>
                                                      <ResolveTransclusionLog>
                                                         <success>true</success>
                                                         <target>#if</target>
                                                         <canonical null="true"/>
                                                         <timeNeeded>0</timeNeeded>
                                                         <content>
                                                            <ptk:l/>
                                                         </content>
                                                      </ResolveTransclusionLog>
                                                      <ResolveTransclusionLog>
                                                         <success>true</success>
                                                         <target>lower</target>
                                                         <canonical>قالب:Lower</canonical>
                                                         <timeNeeded>0</timeNeeded>
                                                         <content>
                                                            <ptk:l>
                                                               <CompilerLog>
                                                                  <title>قالب:Lower</title>
                                                                  <revision>388553</revision>
                                                                  <content>
                                                                     <ptk:l>
                                                                        <ValidatorLog>
                                                                           <timeNeeded>0</timeNeeded>
                                                                           <content>
                                                                              <ptk:l/>
                                                                           </content>
                                                                        </ValidatorLog>
                                                                        <PreprocessorLog>
                                                                           <forInclusion>true</forInclusion>
                                                                           <timeNeeded>0</timeNeeded>
                                                                           <content>
                                                                              <ptk:l/>
                                                                           </content>
                                                                        </PreprocessorLog>
                                                                        <PpResolverLog>
                                                                           <timeNeeded>0</timeNeeded>
                                                                           <content>
                                                                              <ptk:l>
                                                                                 <ResolveTransclusionLog>
                                                                                    <success>true</success>
                                                                                    <target>#if</target>
                                                                                    <canonical null="true"/>
                                                                                    <timeNeeded>0</timeNeeded>
                                                                                    <content>
                                                                                       <ptk:l/>
                                                                                    </content>
                                                                                 </ResolveTransclusionLog>
                                                                              </ptk:l>
                                                                           </content>
                                                                        </PpResolverLog>
                                                                     </ptk:l>
                                                                  </content>
                                                               </CompilerLog>
                                                            </ptk:l>
                                                         </content>
                                                      </ResolveTransclusionLog>
                                                      <ResolveTransclusionLog>
                                                         <success>true</success>
                                                         <target>#if</target>
                                                         <canonical null="true"/>
                                                         <timeNeeded>0</timeNeeded>
                                                         <content>
                                                            <ptk:l/>
                                                         </content>
                                                      </ResolveTransclusionLog>
                                                      <ResolveTransclusionLog>
                                                         <success>true</success>
                                                         <target>#if</target>
                                                         <canonical null="true"/>
                                                         <timeNeeded>0</timeNeeded>
                                                         <content>
                                                            <ptk:l/>
                                                         </content>
                                                      </ResolveTransclusionLog>
                                                      <ResolveTransclusionLog>
                                                         <success>true</success>
                                                         <target>lower</target>
                                                         <canonical>قالب:Lower</canonical>
                                                         <timeNeeded>0</timeNeeded>
                                                         <content>
                                                            <ptk:l>
                                                               <CompilerLog>
                                                                  <title>قالب:Lower</title>
                                                                  <revision>388553</revision>
                                                                  <content>
                                                                     <ptk:l>
                                                                        <ValidatorLog>
                                                                           <timeNeeded>0</timeNeeded>
                                                                           <content>
                                                                              <ptk:l/>
                                                                           </content>
                                                                        </ValidatorLog>
                                                                        <PreprocessorLog>
                                                                           <forInclusion>true</forInclusion>
                                                                           <timeNeeded>0</timeNeeded>
                                                                           <content>
                                                                              <ptk:l/>
                                                                           </content>
                                                                        </PreprocessorLog>
                                                                        <PpResolverLog>
                                                                           <timeNeeded>0</timeNeeded>
                                                                           <content>
                                                                              <ptk:l>
                                                                                 <ResolveTransclusionLog>
                                                                                    <success>true</success>
                                                                                    <target>#if</target>
                                                                                    <canonical null="true"/>
                                                                                    <timeNeeded>0</timeNeeded>
                                                                                    <content>
                                                                                       <ptk:l/>
                                                                                    </content>
                                                                                 </ResolveTransclusionLog>
                                                                              </ptk:l>
                                                                           </content>
                                                                        </PpResolverLog>
                                                                     </ptk:l>
                                                                  </content>
                                                               </CompilerLog>
                                                            </ptk:l>
                                                         </content>
                                                      </ResolveTransclusionLog>
                                                      <ResolveTransclusionLog>
                                                         <success>true</success>
                                                         <target>#if</target>
                                                         <canonical null="true"/>
                                                         <timeNeeded>0</timeNeeded>
                                                         <content>
                                                            <ptk:l/>
                                                         </content>
                                                      </ResolveTransclusionLog>
                                                      <ResolveTransclusionLog>
                                                         <success>true</success>
                                                         <target>#if</target>
                                                         <canonical null="true"/>
                                                         <timeNeeded>0</timeNeeded>
                                                         <content>
                                                            <ptk:l/>
                                                         </content>
                                                      </ResolveTransclusionLog>
                                                      <ResolveTransclusionLog>
                                                         <success>true</success>
                                                         <target>lower</target>
                                                         <canonical>قالب:Lower</canonical>
                                                         <timeNeeded>0</timeNeeded>
                                                         <content>
                                                            <ptk:l>
                                                               <CompilerLog>
                                                                  <title>قالب:Lower</title>
                                                                  <revision>388553</revision>
                                                                  <content>
                                                                     <ptk:l>
                                                                        <ValidatorLog>
                                                                           <timeNeeded>0</timeNeeded>
                                                                           <content>
                                                                              <ptk:l/>
                                                                           </content>
                                                                        </ValidatorLog>
                                                                        <PreprocessorLog>
                                                                           <forInclusion>true</forInclusion>
                                                                           <timeNeeded>0</timeNeeded>
                                                                           <content>
                                                                              <ptk:l/>
                                                                           </content>
                                                                        </PreprocessorLog>
                                                                        <PpResolverLog>
                                                                           <timeNeeded>0</timeNeeded>
                                                                           <content>
                                                                              <ptk:l>
                                                                                 <ResolveTransclusionLog>
                                                                                    <success>true</success>
                                                                                    <target>#if</target>
                                                                                    <canonical null="true"/>
                                                                                    <timeNeeded>0</timeNeeded>
                                                                                    <content>
                                                                                       <ptk:l/>
                                                                                    </content>
                                                                                 </ResolveTransclusionLog>
                                                                              </ptk:l>
                                                                           </content>
                                                                        </PpResolverLog>
                                                                     </ptk:l>
                                                                  </content>
                                                               </CompilerLog>
                                                            </ptk:l>
                                                         </content>
                                                      </ResolveTransclusionLog>
                                                      <ResolveTransclusionLog>
                                                         <success>true</success>
                                                         <target>#if</target>
                                                         <canonical null="true"/>
                                                         <timeNeeded>0</timeNeeded>
                                                         <content>
                                                            <ptk:l/>
                                                         </content>
                                                      </ResolveTransclusionLog>
                                                      <ResolveTransclusionLog>
                                                         <success>true</success>
                                                         <target>#if</target>
                                                         <canonical null="true"/>
                                                         <timeNeeded>0</timeNeeded>
                                                         <content>
                                                            <ptk:l/>
                                                         </content>
                                                      </ResolveTransclusionLog>
                                                      <ResolveTransclusionLog>
                                                         <success>true</success>
                                                         <target>lower</target>
                                                         <canonical>قالب:Lower</canonical>
                                                         <timeNeeded>0</timeNeeded>
                                                         <content>
                                                            <ptk:l>
                                                               <CompilerLog>
                                                                  <title>قالب:Lower</title>
                                                                  <revision>388553</revision>
                                                                  <content>
                                                                     <ptk:l>
                                                                        <ValidatorLog>
                                                                           <timeNeeded>0</timeNeeded>
                                                                           <content>
                                                                              <ptk:l/>
                                                                           </content>
                                                                        </ValidatorLog>
                                                                        <PreprocessorLog>
                                                                           <forInclusion>true</forInclusion>
                                                                           <timeNeeded>0</timeNeeded>
                                                                           <content>
                                                                              <ptk:l/>
                                                                           </content>
                                                                        </PreprocessorLog>
                                                                        <PpResolverLog>
                                                                           <timeNeeded>0</timeNeeded>
                                                                           <content>
                                                                              <ptk:l>
                                                                                 <ResolveTransclusionLog>
                                                                                    <success>true</success>
                                                                                    <target>#if</target>
                                                                                    <canonical null="true"/>
                                                                                    <timeNeeded>0</timeNeeded>
                                                                                    <content>
                                                                                       <ptk:l/>
                                                                                    </content>
                                                                                 </ResolveTransclusionLog>
                                                                              </ptk:l>
                                                                           </content>
                                                                        </PpResolverLog>
                                                                     </ptk:l>
                                                                  </content>
                                                               </CompilerLog>
                                                            </ptk:l>
                                                         </content>
                                                      </ResolveTransclusionLog>
                                                      <ResolveTransclusionLog>
                                                         <success>true</success>
                                                         <target>#if</target>
                                                         <canonical null="true"/>
                                                         <timeNeeded>0</timeNeeded>
                                                         <content>
                                                            <ptk:l/>
                                                         </content>
                                                      </ResolveTransclusionLog>
                                                      <ResolveTransclusionLog>
                                                         <success>true</success>
                                                         <target>#if</target>
                                                         <canonical null="true"/>
                                                         <timeNeeded>0</timeNeeded>
                                                         <content>
                                                            <ptk:l/>
                                                         </content>
                                                      </ResolveTransclusionLog>
                                                      <ResolveTransclusionLog>
                                                         <success>true</success>
                                                         <target>lower</target>
                                                         <canonical>قالب:Lower</canonical>
                                                         <timeNeeded>0</timeNeeded>
                                                         <content>
                                                            <ptk:l>
                                                               <CompilerLog>
                                                                  <title>قالب:Lower</title>
                                                                  <revision>388553</revision>
                                                                  <content>
                                                                     <ptk:l>
                                                                        <ValidatorLog>
                                                                           <timeNeeded>0</timeNeeded>
                                                                           <content>
                                                                              <ptk:l/>
                                                                           </content>
                                                                        </ValidatorLog>
                                                                        <PreprocessorLog>
                                                                           <forInclusion>true</forInclusion>
                                                                           <timeNeeded>0</timeNeeded>
                                                                           <content>
                                                                              <ptk:l/>
                                                                           </content>
                                                                        </PreprocessorLog>
                                                                        <PpResolverLog>
                                                                           <timeNeeded>0</timeNeeded>
                                                                           <content>
                                                                              <ptk:l>
                                                                                 <ResolveTransclusionLog>
                                                                                    <success>true</success>
                                                                                    <target>#if</target>
                                                                                    <canonical null="true"/>
                                                                                    <timeNeeded>0</timeNeeded>
                                                                                    <content>
                                                                                       <ptk:l/>
                                                                                    </content>
                                                                                 </ResolveTransclusionLog>
                                                                              </ptk:l>
                                                                           </content>
                                                                        </PpResolverLog>
                                                                     </ptk:l>
                                                                  </content>
                                                               </CompilerLog>
                                                            </ptk:l>
                                                         </content>
                                                      </ResolveTransclusionLog>
                                                      <ResolveTransclusionLog>
                                                         <success>true</success>
                                                         <target>#if</target>
                                                         <canonical null="true"/>
                                                         <timeNeeded>0</timeNeeded>
                                                         <content>
                                                            <ptk:l/>
                                                         </content>
                                                      </ResolveTransclusionLog>
                                                      <ResolveTransclusionLog>
                                                         <success>true</success>
                                                         <target>#if</target>
                                                         <canonical null="true"/>
                                                         <timeNeeded>0</timeNeeded>
                                                         <content>
                                                            <ptk:l/>
                                                         </content>
                                                      </ResolveTransclusionLog>
                                                      <ResolveTransclusionLog>
                                                         <success>true</success>
                                                         <target>lower</target>
                                                         <canonical>قالب:Lower</canonical>
                                                         <timeNeeded>0</timeNeeded>
                                                         <content>
                                                            <ptk:l>
                                                               <CompilerLog>
                                                                  <title>قالب:Lower</title>
                                                                  <revision>388553</revision>
                                                                  <content>
                                                                     <ptk:l>
                                                                        <ValidatorLog>
                                                                           <timeNeeded>0</timeNeeded>
                                                                           <content>
                                                                              <ptk:l/>
                                                                           </content>
                                                                        </ValidatorLog>
                                                                        <PreprocessorLog>
                                                                           <forInclusion>true</forInclusion>
                                                                           <timeNeeded>0</timeNeeded>
                                                                           <content>
                                                                              <ptk:l/>
                                                                           </content>
                                                                        </PreprocessorLog>
                                                                        <PpResolverLog>
                                                                           <timeNeeded>0</timeNeeded>
                                                                           <content>
                                                                              <ptk:l>
                                                                                 <ResolveTransclusionLog>
                                                                                    <success>true</success>
                                                                                    <target>#if</target>
                                                                                    <canonical null="true"/>
                                                                                    <timeNeeded>0</timeNeeded>
                                                                                    <content>
                                                                                       <ptk:l/>
                                                                                    </content>
                                                                                 </ResolveTransclusionLog>
                                                                              </ptk:l>
                                                                           </content>
                                                                        </PpResolverLog>
                                                                     </ptk:l>
                                                                  </content>
                                                               </CompilerLog>
                                                            </ptk:l>
                                                         </content>
                                                      </ResolveTransclusionLog>
                                                      <ResolveTransclusionLog>
                                                         <success>true</success>
                                                         <target>#if</target>
                                                         <canonical null="true"/>
                                                         <timeNeeded>0</timeNeeded>
                                                         <content>
                                                            <ptk:l/>
                                                         </content>
                                                      </ResolveTransclusionLog>
                                                      <ResolveTransclusionLog>
                                                         <success>true</success>
                                                         <target>lower</target>
                                                         <canonical>قالب:Lower</canonical>
                                                         <timeNeeded>0</timeNeeded>
                                                         <content>
                                                            <ptk:l>
                                                               <CompilerLog>
                                                                  <title>قالب:Lower</title>
                                                                  <revision>388553</revision>
                                                                  <content>
                                                                     <ptk:l>
                                                                        <ValidatorLog>
                                                                           <timeNeeded>0</timeNeeded>
                                                                           <content>
                                                                              <ptk:l/>
                                                                           </content>
                                                                        </ValidatorLog>
                                                                        <PreprocessorLog>
                                                                           <forInclusion>true</forInclusion>
                                                                           <timeNeeded>0</timeNeeded>
                                                                           <content>
                                                                              <ptk:l/>
                                                                           </content>
                                                                        </PreprocessorLog>
                                                                        <PpResolverLog>
                                                                           <timeNeeded>0</timeNeeded>
                                                                           <content>
                                                                              <ptk:l>
                                                                                 <ResolveTransclusionLog>
                                                                                    <success>true</success>
                                                                                    <target>#if</target>
                                                                                    <canonical null="true"/>
                                                                                    <timeNeeded>0</timeNeeded>
                                                                                    <content>
                                                                                       <ptk:l/>
                                                                                    </content>
                                                                                 </ResolveTransclusionLog>
                                                                              </ptk:l>
                                                                           </content>
                                                                        </PpResolverLog>
                                                                     </ptk:l>
                                                                  </content>
                                                               </CompilerLog>
                                                            </ptk:l>
                                                         </content>
                                                      </ResolveTransclusionLog>
                                                      <ResolveTransclusionLog>
                                                         <success>true</success>
                                                         <target>#if</target>
                                                         <canonical null="true"/>
                                                         <timeNeeded>0</timeNeeded>
                                                         <content>
                                                            <ptk:l/>
                                                         </content>
                                                      </ResolveTransclusionLog>
                                                   </ptk:l>
                                                </content>
                                             </PpResolverLog>
                                          </ptk:l>
                                       </content>
                                    </CompilerLog>
                                 </ptk:l>
                              </content>
                           </ResolveTransclusionLog>
                           <ResolveTransclusionLog>
                              <success>false</success>
                              <target>ref</target>
                              <canonical null="true"/>
                              <timeNeeded>0</timeNeeded>
                              <content>
                                 <ptk:l/>
                              </content>
                           </ResolveTransclusionLog>
                           <ResolveTransclusionLog>
                              <success>false</success>
                              <target>ref</target>
                              <canonical null="true"/>
                              <timeNeeded>0</timeNeeded>
                              <content>
                                 <ptk:l/>
                              </content>
                           </ResolveTransclusionLog>
                           <ResolveTransclusionLog>
                              <success>false</success>
                              <target>ref</target>
                              <canonical null="true"/>
                              <timeNeeded>0</timeNeeded>
                              <content>
                                 <ptk:l/>
                              </content>
                           </ResolveTransclusionLog>
                           <ResolveTransclusionLog>
                              <success>true</success>
                              <target>legend</target>
                              <canonical>قالب:Legend</canonical>
                              <timeNeeded>0</timeNeeded>
                              <content>
                                 <ptk:l>
                                    <CompilerLog>
                                       <title>قالب:Legend</title>
                                       <revision>89127</revision>
                                       <content>
                                          <ptk:l>
                                             <ValidatorLog>
                                                <timeNeeded>0</timeNeeded>
                                                <content>
                                                   <ptk:l/>
                                                </content>
                                             </ValidatorLog>
                                             <PreprocessorLog>
                                                <forInclusion>true</forInclusion>
                                                <timeNeeded>0</timeNeeded>
                                                <content>
                                                   <ptk:l/>
                                                </content>
                                             </PreprocessorLog>
                                             <PpResolverLog>
                                                <timeNeeded>0</timeNeeded>
                                                <content>
                                                   <ptk:l/>
                                                </content>
                                             </PpResolverLog>
                                          </ptk:l>
                                       </content>
                                    </CompilerLog>
                                 </ptk:l>
                              </content>
                           </ResolveTransclusionLog>
                           <ResolveTransclusionLog>
                              <success>true</success>
                              <target>legend</target>
                              <canonical>قالب:Legend</canonical>
                              <timeNeeded>0</timeNeeded>
                              <content>
                                 <ptk:l>
                                    <CompilerLog>
                                       <title>قالب:Legend</title>
                                       <revision>89127</revision>
                                       <content>
                                          <ptk:l>
                                             <ValidatorLog>
                                                <timeNeeded>0</timeNeeded>
                                                <content>
                                                   <ptk:l/>
                                                </content>
                                             </ValidatorLog>
                                             <PreprocessorLog>
                                                <forInclusion>true</forInclusion>
                                                <timeNeeded>0</timeNeeded>
                                                <content>
                                                   <ptk:l/>
                                                </content>
                                             </PreprocessorLog>
                                             <PpResolverLog>
                                                <timeNeeded>0</timeNeeded>
                                                <content>
                                                   <ptk:l/>
                                                </content>
                                             </PpResolverLog>
                                          </ptk:l>
                                       </content>
                                    </CompilerLog>
                                 </ptk:l>
                              </content>
                           </ResolveTransclusionLog>
                           <ResolveTransclusionLog>
                              <success>true</success>
                              <target>legend</target>
                              <canonical>قالب:Legend</canonical>
                              <timeNeeded>0</timeNeeded>
                              <content>
                                 <ptk:l>
                                    <CompilerLog>
                                       <title>قالب:Legend</title>
                                       <revision>89127</revision>
                                       <content>
                                          <ptk:l>
                                             <ValidatorLog>
                                                <timeNeeded>0</timeNeeded>
                                                <content>
                                                   <ptk:l/>
                                                </content>
                                             </ValidatorLog>
                                             <PreprocessorLog>
                                                <forInclusion>true</forInclusion>
                                                <timeNeeded>0</timeNeeded>
                                                <content>
                                                   <ptk:l/>
                                                </content>
                                             </PreprocessorLog>
                                             <PpResolverLog>
                                                <timeNeeded>0</timeNeeded>
                                                <content>
                                                   <ptk:l/>
                                                </content>
                                             </PpResolverLog>
                                          </ptk:l>
                                       </content>
                                    </CompilerLog>
                                 </ptk:l>
                              </content>
                           </ResolveTransclusionLog>
                           <ResolveTransclusionLog>
                              <success>true</success>
                              <target>legend</target>
                              <canonical>قالب:Legend</canonical>
                              <timeNeeded>0</timeNeeded>
                              <content>
                                 <ptk:l>
                                    <CompilerLog>
                                       <title>قالب:Legend</title>
                                       <revision>89127</revision>
                                       <content>
                                          <ptk:l>
                                             <ValidatorLog>
                                                <timeNeeded>0</timeNeeded>
                                                <content>
                                                   <ptk:l/>
                                                </content>
                                             </ValidatorLog>
                                             <PreprocessorLog>
                                                <forInclusion>true</forInclusion>
                                                <timeNeeded>0</timeNeeded>
                                                <content>
                                                   <ptk:l/>
                                                </content>
                                             </PreprocessorLog>
                                             <PpResolverLog>
                                                <timeNeeded>0</timeNeeded>
                                                <content>
                                                   <ptk:l/>
                                                </content>
                                             </PpResolverLog>
                                          </ptk:l>
                                       </content>
                                    </CompilerLog>
                                 </ptk:l>
                              </content>
                           </ResolveTransclusionLog>
                           <ResolveTransclusionLog>
                              <success>true</success>
                              <target>legend</target>
                              <canonical>قالب:Legend</canonical>
                              <timeNeeded>0</timeNeeded>
                              <content>
                                 <ptk:l>
                                    <CompilerLog>
                                       <title>قالب:Legend</title>
                                       <revision>89127</revision>
                                       <content>
                                          <ptk:l>
                                             <ValidatorLog>
                                                <timeNeeded>0</timeNeeded>
                                                <content>
                                                   <ptk:l/>
                                                </content>
                                             </ValidatorLog>
                                             <PreprocessorLog>
                                                <forInclusion>true</forInclusion>
                                                <timeNeeded>0</timeNeeded>
                                                <content>
                                                   <ptk:l/>
                                                </content>
                                             </PreprocessorLog>
                                             <PpResolverLog>
                                                <timeNeeded>0</timeNeeded>
                                                <content>
                                                   <ptk:l/>
                                                </content>
                                             </PpResolverLog>
                                          </ptk:l>
                                       </content>
                                    </CompilerLog>
                                 </ptk:l>
                              </content>
                           </ResolveTransclusionLog>
                           <ResolveTransclusionLog>
                              <success>true</success>
                              <target>legend</target>
                              <canonical>قالب:Legend</canonical>
                              <timeNeeded>0</timeNeeded>
                              <content>
                                 <ptk:l>
                                    <CompilerLog>
                                       <title>قالب:Legend</title>
                                       <revision>89127</revision>
                                       <content>
                                          <ptk:l>
                                             <ValidatorLog>
                                                <timeNeeded>0</timeNeeded>
                                                <content>
                                                   <ptk:l/>
                                                </content>
                                             </ValidatorLog>
                                             <PreprocessorLog>
                                                <forInclusion>true</forInclusion>
                                                <timeNeeded>0</timeNeeded>
                                                <content>
                                                   <ptk:l/>
                                                </content>
                                             </PreprocessorLog>
                                             <PpResolverLog>
                                                <timeNeeded>0</timeNeeded>
                                                <content>
                                                   <ptk:l/>
                                                </content>
                                             </PpResolverLog>
                                          </ptk:l>
                                       </content>
                                    </CompilerLog>
                                 </ptk:l>
                              </content>
                           </ResolveTransclusionLog>
                           <ResolveTransclusionLog>
                              <success>false</success>
                              <target>ref</target>
                              <canonical null="true"/>
                              <timeNeeded>0</timeNeeded>
                              <content>
                                 <ptk:l/>
                              </content>
                           </ResolveTransclusionLog>
                           <ResolveTransclusionLog>
                              <success>false</success>
                              <target>ref</target>
                              <canonical null="true"/>
                              <timeNeeded>0</timeNeeded>
                              <content>
                                 <ptk:l/>
                              </content>
                           </ResolveTransclusionLog>
                           <ResolveTransclusionLog>
                              <success>true</success>
                              <target>افريقيا</target>
                              <canonical>قالب:افريقيا</canonical>
                              <timeNeeded>20137</timeNeeded>
                              <content>
                                 <ptk:l>
                                    <CompilerLog>
                                       <title>قالب:افريقيا</title>
                                       <revision>333927</revision>
                                       <content>
                                          <ptk:l>
                                             <ValidatorLog>
                                                <timeNeeded>0</timeNeeded>
                                                <content>
                                                   <ptk:l/>
                                                </content>
                                             </ValidatorLog>
                                             <PreprocessorLog>
                                                <forInclusion>true</forInclusion>
                                                <timeNeeded>0</timeNeeded>
                                                <content>
                                                   <ptk:l/>
                                                </content>
                                             </PreprocessorLog>
                                             <PpResolverLog>
                                                <timeNeeded>20137</timeNeeded>
                                                <content>
                                                   <ptk:l>
                                                      <ResolveTransclusionLog>
                                                         <success>true</success>
                                                         <target>#ifexist</target>
                                                         <canonical null="true"/>
                                                         <timeNeeded>0</timeNeeded>
                                                         <content>
                                                            <ptk:l/>
                                                         </content>
                                                      </ResolveTransclusionLog>
                                                      <ResolveTransclusionLog>
                                                         <success>true</success>
                                                         <target>#if</target>
                                                         <canonical null="true"/>
                                                         <timeNeeded>0</timeNeeded>
                                                         <content>
                                                            <ptk:l/>
                                                         </content>
                                                      </ResolveTransclusionLog>
                                                      <ResolveTransclusionLog>
                                                         <success>true</success>
                                                         <target>#ifexist</target>
                                                         <canonical null="true"/>
                                                         <timeNeeded>0</timeNeeded>
                                                         <content>
                                                            <ptk:l/>
                                                         </content>
                                                      </ResolveTransclusionLog>
                                                      <ResolveTransclusionLog>
                                                         <success>true</success>
                                                         <target>nowrap begin</target>
                                                         <canonical>قالب:Nowrap begin</canonical>
                                                         <timeNeeded>0</timeNeeded>
                                                         <content>
                                                            <ptk:l>
                                                               <CompilerLog>
                                                                  <title>قالب:Nowrap begin</title>
                                                                  <revision>237925</revision>
                                                                  <content>
                                                                     <ptk:l>
                                                                        <ValidatorLog>
                                                                           <timeNeeded>0</timeNeeded>
                                                                           <content>
                                                                              <ptk:l/>
                                                                           </content>
                                                                        </ValidatorLog>
                                                                        <PreprocessorLog>
                                                                           <forInclusion>true</forInclusion>
                                                                           <timeNeeded>0</timeNeeded>
                                                                           <content>
                                                                              <ptk:l/>
                                                                           </content>
                                                                        </PreprocessorLog>
                                                                        <PpResolverLog>
                                                                           <timeNeeded>0</timeNeeded>
                                                                           <content>
                                                                              <ptk:l/>
                                                                           </content>
                                                                        </PpResolverLog>
                                                                     </ptk:l>
                                                                  </content>
                                                               </CompilerLog>
                                                            </ptk:l>
                                                         </content>
                                                      </ResolveTransclusionLog>
                                                      <ResolveTransclusionLog>
                                                         <success>true</success>
                                                         <target>i2c</target>
                                                         <canonical>قالب:I2c</canonical>
                                                         <timeNeeded>0</timeNeeded>
                                                         <content>
                                                            <ptk:l>
                                                               <CompilerLog>
                                                                  <title>قالب:I2c</title>
                                                                  <revision>356406</revision>
                                                                  <content>
                                                                     <ptk:l>
                                                                        <ValidatorLog>
                                                                           <timeNeeded>0</timeNeeded>
                                                                           <content>
                                                                              <ptk:l/>
                                                                           </content>
                                                                        </ValidatorLog>
                                                                        <PreprocessorLog>
                                                                           <forInclusion>true</forInclusion>
                                                                           <timeNeeded>0</timeNeeded>
                                                                           <content>
                                                                              <ptk:l/>
                                                                           </content>
                                                                        </PreprocessorLog>
                                                                        <PpResolverLog>
                                                                           <timeNeeded>0</timeNeeded>
                                                                           <content>
                                                                              <ptk:l>
                                                                                 <IllegalNameException>
                                                                                    <message>Cannot resolve target of transclusion to a simple name.</message>
                                                                                    <name>
                                                                                       <ptk:l location="قالب:I2c:1:28">
                                                                                          <TemplateParameter location="قالب:I2c:1:19">
                                                                                             <ptk:a name="RTD">
                                                                                                <RtData>c3EAfgAAdXEAfgADAAAABHVxAH4ABQAAAAFxAH4ADXBwdXEAfgAFAAAAAXEAfgAP</RtData>
                                                                                             </ptk:a>
                                                                                             <name>
                                                                                                <ptk:l location="قالب:I2c:1:19">
                                                                                                   <ptk:t location="قالب:I2c:1:19">subst</ptk:t>
                                                                                                </ptk:l>
                                                                                             </name>
                                                                                             <defaultValue>
                                                                                                <TemplateArgument location="قالب:I2c:1:25">
                                                                                                   <ptk:a name="RTD">
                                                                                                      <RtData>c3EAfgAAdXEAfgADAAAAA3VxAH4ABQAAAAF0AAF8cHA=</RtData>
                                                                                                   </ptk:a>
                                                                                                   <hasName>false</hasName>
                                                                                                   <name>
                                                                                                      <ptk:l/>
                                                                                                   </name>
                                                                                                   <value>
                                                                                                      <ptk:l location="قالب:I2c:1:25"/>
                                                                                                   </value>
                                                                                                </TemplateArgument>
                                                                                             </defaultValue>
                                                                                             <garbage/>
                                                                                          </TemplateParameter>
                                                                                          <ptk:t location="قالب:I2c:1:28">#switch: </ptk:t>
                                                                                          <TemplateParameter location="قالب:I2c:1:40">
                                                                                             <ptk:a name="RTD">
                                                                                                <RtData>c3EAfgAAdXEAfgADAAAABHVxAH4ABQAAAAFxAH4ADXBwdXEAfgAFAAAAAXEAfgAP</RtData>
                                                                                             </ptk:a>
                                                                                             <name>
                                                                                                <ptk:l location="قالب:I2c:1:40">
                                                                                                   <ptk:t location="قالب:I2c:1:40">1</ptk:t>
                                                                                                </ptk:l>
                                                                                             </name>
                                                                                             <defaultValue/>
                                                                                             <garbage/>
                                                                                          </TemplateParameter>
                                                                                          <ptk:t location="قالب:I2c:1:44"> 
</ptk:t>
                                                                                       </ptk:l>
                                                                                    </name>
                                                                                 </IllegalNameException>
                                                                              </ptk:l>
                                                                           </content>
                                                                        </PpResolverLog>
                                                                     </ptk:l>
                                                                  </content>
                                                               </CompilerLog>
                                                            </ptk:l>
                                                         </content>
                                                      </ResolveTransclusionLog>
                                                      <ResolveTransclusionLog>
                                                         <success>true</success>
                                                         <target>i2c</target>
                                                         <canonical>قالب:I2c</canonical>
                                                         <timeNeeded>16</timeNeeded>
                                                         <content>
                                                            <ptk:l>
                                                               <CompilerLog>
                                                                  <title>قالب:I2c</title>
                                                                  <revision>356406</revision>
                                                                  <content>
                                                                     <ptk:l>
                                                                        <ValidatorLog>
                                                                           <timeNeeded>16</timeNeeded>
                                                                           <content>
                                                                              <ptk:l/>
                                                                           </content>
                                                                        </ValidatorLog>
                                                                        <PreprocessorLog>
                                                                           <forInclusion>true</forInclusion>
                                                                           <timeNeeded>0</timeNeeded>
                                                                           <content>
                                                                              <ptk:l/>
                                                                           </content>
                                                                        </PreprocessorLog>
                                                                        <PpResolverLog>
                                                                           <timeNeeded>0</timeNeeded>
                                                                           <content>
                                                                              <ptk:l>
                                                                                 <IllegalNameException>
                                                                                    <message>Cannot resolve target of transclusion to a simple name.</message>
                                                                                    <name>
                                                                                       <ptk:l location="قالب:I2c:1:28">
                                                                                          <TemplateParameter location="قالب:I2c:1:19">
                                                                                             <ptk:a name="RTD">
                                                                                                <RtData>c3EAfgAAdXEAfgADAAAABHVxAH4ABQAAAAFxAH4ADXBwdXEAfgAFAAAAAXEAfgAP</RtData>
                                                                                             </ptk:a>
                                                                                             <name>
                                                                                                <ptk:l location="قالب:I2c:1:19">
                                                                                                   <ptk:t location="قالب:I2c:1:19">subst</ptk:t>
                                                                                                </ptk:l>
                                                                                             </name>
                                                                                             <defaultValue>
                                                                                                <TemplateArgument location="قالب:I2c:1:25">
                                                                                                   <ptk:a name="RTD">
                                                                                                      <RtData>c3EAfgAAdXEAfgADAAAAA3VxAH4ABQAAAAF0AAF8cHA=</RtData>
                                                                                                   </ptk:a>
                                                                                                   <hasName>false</hasName>
                                                                                                   <name>
                                                                                                      <ptk:l/>
                                                                                                   </name>
                                                                                                   <value>
                                                                                                      <ptk:l location="قالب:I2c:1:25"/>
                                                                                                   </value>
                                                                                                </TemplateArgument>
                                                                                             </defaultValue>
                                                                                             <garbage/>
                                                                                          </TemplateParameter>
                                                                                          <ptk:t location="قالب:I2c:1:28">#switch: </ptk:t>
                                                                                          <TemplateParameter location="قالب:I2c:1:40">
                                                                                             <ptk:a name="RTD">
                                                                                                <RtData>c3EAfgAAdXEAfgADAAAABHVxAH4ABQAAAAFxAH4ADXBwdXEAfgAFAAAAAXEAfgAP</RtData>
                                                                                             </ptk:a>
                                                                                             <name>
                                                                                                <ptk:l location="قالب:I2c:1:40">
                                                                                                   <ptk:t location="قالب:I2c:1:40">1</ptk:t>
                                                                                                </ptk:l>
                                                                                             </name>
                                                                                             <defaultValue/>
                                                                                             <garbage/>
                                                                                          </TemplateParameter>
                                                                                          <ptk:t location="قالب:I2c:1:44"> 
</ptk:t>
                                                                                       </ptk:l>
                                                                                    </name>
                                                                                 </IllegalNameException>
                                                                              </ptk:l>
                                                                           </content>
                                                                        </PpResolverLog>
                                                                     </ptk:l>
                                                                  </content>
                                                               </CompilerLog>
                                                            </ptk:l>
                                                         </content>
                                                      </ResolveTransclusionLog>
                                                      <ResolveTransclusionLog>
                                                         <success>true</success>
                                                         <target>•w</target>
                                                         <canonical>قالب:•w</canonical>
                                                         <timeNeeded>0</timeNeeded>
                                                         <content>
                                                            <ptk:l>
                                                               <CompilerLog>
                                                                  <title>قالب:•w</title>
                                                                  <revision>152410</revision>
                                                                  <content>
                                                                     <ptk:l>
                                                                        <ValidatorLog>
                                                                           <timeNeeded>0</timeNeeded>
                                                                           <content>
                                                                              <ptk:l/>
                                                                           </content>
                                                                        </ValidatorLog>
                                                                        <PreprocessorLog>
                                                                           <forInclusion>true</forInclusion>
                                                                           <timeNeeded>0</timeNeeded>
                                                                           <content>
                                                                              <ptk:l/>
                                                                           </content>
                                                                        </PreprocessorLog>
                                                                        <PpResolverLog>
                                                                           <timeNeeded>0</timeNeeded>
                                                                           <content>
                                                                              <ptk:l/>
                                                                           </content>
                                                                        </PpResolverLog>
                                                                     </ptk:l>
                                                                  </content>
                                                               </CompilerLog>
                                                            </ptk:l>
                                                         </content>
                                                      </ResolveTransclusionLog>
                                                      <ResolveTransclusionLog>
                                                         <success>true</success>
                                                         <target>i2c</target>
                                                         <canonical>قالب:I2c</canonical>
                                                         <timeNeeded>0</timeNeeded>
                                                         <content>
                                                            <ptk:l>
                                                               <CompilerLog>
                                                                  <title>قالب:I2c</title>
                                                                  <revision>356406</revision>
                                                                  <content>
                                                                     <ptk:l>
                                                                        <ValidatorLog>
                                                                           <timeNeeded>0</timeNeeded>
                                                                           <content>
                                                                              <ptk:l/>
                                                                           </content>
                                                                        </ValidatorLog>
                                                                        <PreprocessorLog>
                                                                           <forInclusion>true</forInclusion>
                                                                           <timeNeeded>0</timeNeeded>
                                                                           <content>
                                                                              <ptk:l/>
                                                                           </content>
                                                                        </PreprocessorLog>
                                                                        <PpResolverLog>
                                                                           <timeNeeded>0</timeNeeded>
                                                                           <content>
                                                                              <ptk:l>
                                                                                 <IllegalNameException>
                                                                                    <message>Cannot resolve target of transclusion to a simple name.</message>
                                                                                    <name>
                                                                                       <ptk:l location="قالب:I2c:1:28">
                                                                                          <TemplateParameter location="قالب:I2c:1:19">
                                                                                             <ptk:a name="RTD">
                                                                                                <RtData>c3EAfgAAdXEAfgADAAAABHVxAH4ABQAAAAFxAH4ADXBwdXEAfgAFAAAAAXEAfgAP</RtData>
                                                                                             </ptk:a>
                                                                                             <name>
                                                                                                <ptk:l location="قالب:I2c:1:19">
                                                                                                   <ptk:t location="قالب:I2c:1:19">subst</ptk:t>
                                                                                                </ptk:l>
                                                                                             </name>
                                                                                             <defaultValue>
                                                                                                <TemplateArgument location="قالب:I2c:1:25">
                                                                                                   <ptk:a name="RTD">
                                                                                                      <RtData>c3EAfgAAdXEAfgADAAAAA3VxAH4ABQAAAAF0AAF8cHA=</RtData>
                                                                                                   </ptk:a>
                                                                                                   <hasName>false</hasName>
                                                                                                   <name>
                                                                                                      <ptk:l/>
                                                                                                   </name>
                                                                                                   <value>
                                                                                                      <ptk:l location="قالب:I2c:1:25"/>
                                                                                                   </value>
                                                                                                </TemplateArgument>
                                                                                             </defaultValue>
                                                                                             <garbage/>
                                                                                          </TemplateParameter>
                                                                                          <ptk:t location="قالب:I2c:1:28">#switch: </ptk:t>
                                                                                          <TemplateParameter location="قالب:I2c:1:40">
                                                                                             <ptk:a name="RTD">
                                                                                                <RtData>c3EAfgAAdXEAfgADAAAABHVxAH4ABQAAAAFxAH4ADXBwdXEAfgAFAAAAAXEAfgAP</RtData>
                                                                                             </ptk:a>
                                                                                             <name>
                                                                                                <ptk:l location="قالب:I2c:1:40">
                                                                                                   <ptk:t location="قالب:I2c:1:40">1</ptk:t>
                                                                                                </ptk:l>
                                                                                             </name>
                                                                                             <defaultValue/>
                                                                                             <garbage/>
                                                                                          </TemplateParameter>
                                                                                          <ptk:t location="قالب:I2c:1:44"> 
</ptk:t>
                                                                                       </ptk:l>
                                                                                    </name>
                                                                                 </IllegalNameException>
                                                                              </ptk:l>
                                                                           </content>
                                                                        </PpResolverLog>
                                                                     </ptk:l>
                                                                  </content>
                                                               </CompilerLog>
                                                            </ptk:l>
                                                         </content>
                                                      </ResolveTransclusionLog>
                                                      <ResolveTransclusionLog>
                                                         <success>true</success>
                                                         <target>i2c</target>
                                                         <canonical>قالب:I2c</canonical>
                                                         <timeNeeded>0</timeNeeded>
                                                         <content>
                                                            <ptk:l>
                                                               <CompilerLog>
                                                                  <title>قالب:I2c</title>
                                                                  <revision>356406</revision>
                                                                  <content>
                                                                     <ptk:l>
                                                                        <ValidatorLog>
                                                                           <timeNeeded>0</timeNeeded>
                                                                           <content>
                                                                              <ptk:l/>
                                                                           </content>
                                                                        </ValidatorLog>
                                                                        <PreprocessorLog>
                                                                           <forInclusion>true</forInclusion>
                                                                           <timeNeeded>0</timeNeeded>
                                                                           <content>
                                                                              <ptk:l/>
                                                                           </content>
                                                                        </PreprocessorLog>
                                                                        <PpResolverLog>
                                                                           <timeNeeded>0</timeNeeded>
                                                                           <content>
                                                                              <ptk:l>
                                                                                 <IllegalNameException>
                                                                                    <message>Cannot resolve target of transclusion to a simple name.</message>
                                                                                    <name>
                                                                                       <ptk:l location="قالب:I2c:1:28">
                                                                                          <TemplateParameter location="قالب:I2c:1:19">
                                                                                             <ptk:a name="RTD">
                                                                                                <RtData>c3EAfgAAdXEAfgADAAAABHVxAH4ABQAAAAFxAH4ADXBwdXEAfgAFAAAAAXEAfgAP</RtData>
                                                                                             </ptk:a>
                                                                                             <name>
                                                                                                <ptk:l location="قالب:I2c:1:19">
                                                                                                   <ptk:t location="قالب:I2c:1:19">subst</ptk:t>
                                                                                                </ptk:l>
                                                                                             </name>
                                                                                             <defaultValue>
                                                                                                <TemplateArgument location="قالب:I2c:1:25">
                                                                                                   <ptk:a name="RTD">
                                                                                                      <RtData>c3EAfgAAdXEAfgADAAAAA3VxAH4ABQAAAAF0AAF8cHA=</RtData>
                                                                                                   </ptk:a>
                                                                                                   <hasName>false</hasName>
                                                                                                   <name>
                                                                                                      <ptk:l/>
                                                                                                   </name>
                                                                                                   <value>
                                                                                                      <ptk:l location="قالب:I2c:1:25"/>
                                                                                                   </value>
                                                                                                </TemplateArgument>
                                                                                             </defaultValue>
                                                                                             <garbage/>
                                                                                          </TemplateParameter>
                                                                                          <ptk:t location="قالب:I2c:1:28">#switch: </ptk:t>
                                                                                          <TemplateParameter location="قالب:I2c:1:40">
                                                                                             <ptk:a name="RTD">
                                                                                                <RtData>c3EAfgAAdXEAfgADAAAABHVxAH4ABQAAAAFxAH4ADXBwdXEAfgAFAAAAAXEAfgAP</RtData>
                                                                                             </ptk:a>
                                                                                             <name>
                                                                                                <ptk:l location="قالب:I2c:1:40">
                                                                                                   <ptk:t location="قالب:I2c:1:40">1</ptk:t>
                                                                                                </ptk:l>
                                                                                             </name>
                                                                                             <defaultValue/>
                                                                                             <garbage/>
                                                                                          </TemplateParameter>
                                                                                          <ptk:t location="قالب:I2c:1:44"> 
</ptk:t>
                                                                                       </ptk:l>
                                                                                    </name>
                                                                                 </IllegalNameException>
                                                                              </ptk:l>
                                                                           </content>
                                                                        </PpResolverLog>
                                                                     </ptk:l>
                                                                  </content>
                                                               </CompilerLog>
                                                            </ptk:l>
                                                         </content>
                                                      </ResolveTransclusionLog>
                                                      <ResolveTransclusionLog>
                                                         <success>true</success>
                                                         <target>•w</target>
                                                         <canonical>قالب:•w</canonical>
                                                         <timeNeeded>0</timeNeeded>
                                                         <content>
                                                            <ptk:l>
                                                               <CompilerLog>
                                                                  <title>قالب:•w</title>
                                                                  <revision>152410</revision>
                                                                  <content>
                                                                     <ptk:l>
                                                                        <ValidatorLog>
                                                                           <timeNeeded>0</timeNeeded>
                                                                           <content>
                                                                              <ptk:l/>
                                                                           </content>
                                                                        </ValidatorLog>
                                                                        <PreprocessorLog>
                                                                           <forInclusion>true</forInclusion>
                                                                           <timeNeeded>0</timeNeeded>
                                                                           <content>
                                                                              <ptk:l/>
                                                                           </content>
                                                                        </PreprocessorLog>
                                                                        <PpResolverLog>
                                                                           <timeNeeded>0</timeNeeded>
                                                                           <content>
                                                                              <ptk:l/>
                                                                           </content>
                                                                        </PpResolverLog>
                                                                     </ptk:l>
                                                                  </content>
                                                               </CompilerLog>
                                                            </ptk:l>
                                                         </content>
                                                      </ResolveTransclusionLog>
                                                      <ResolveTransclusionLog>
                                                         <success>true</success>
                                                         <target>i2c</target>
                                                         <canonical>قالب:I2c</canonical>
                                                         <timeNeeded>0</timeNeeded>
                                                         <content>
                                                            <ptk:l>
                                                               <CompilerLog>
                                                                  <title>قالب:I2c</title>
                                                                  <revision>356406</revision>
                                                                  <content>
                                                                     <ptk:l>
                                                                        <ValidatorLog>
                                                                           <timeNeeded>0</timeNeeded>
                                                                           <content>
                                                                              <ptk:l/>
                                                                           </content>
                                                                        </ValidatorLog>
                                                                        <PreprocessorLog>
                                                                           <forInclusion>true</forInclusion>
                                                                           <timeNeeded>0</timeNeeded>
                                                                           <content>
                                                                              <ptk:l/>
                                                                           </content>
                                                                        </PreprocessorLog>
                                                                        <PpResolverLog>
                                                                           <timeNeeded>0</timeNeeded>
                                                                           <content>
                                                                              <ptk:l>
                                                                                 <IllegalNameException>
                                                                                    <message>Cannot resolve target of transclusion to a simple name.</message>
                                                                                    <name>
                                                                                       <ptk:l location="قالب:I2c:1:28">
                                                                                          <TemplateParameter location="قالب:I2c:1:19">
                                                                                             <ptk:a name="RTD">
                                                                                                <RtData>c3EAfgAAdXEAfgADAAAABHVxAH4ABQAAAAFxAH4ADXBwdXEAfgAFAAAAAXEAfgAP</RtData>
                                                                                             </ptk:a>
                                                                                             <name>
                                                                                                <ptk:l location="قالب:I2c:1:19">
                                                                                                   <ptk:t location="قالب:I2c:1:19">subst</ptk:t>
                                                                                                </ptk:l>
                                                                                             </name>
                                                                                             <defaultValue>
                                                                                                <TemplateArgument location="قالب:I2c:1:25">
                                                                                                   <ptk:a name="RTD">
                                                                                                      <RtData>c3EAfgAAdXEAfgADAAAAA3VxAH4ABQAAAAF0AAF8cHA=</RtData>
                                                                                                   </ptk:a>
                                                                                                   <hasName>false</hasName>
                                                                                                   <name>
                                                                                                      <ptk:l/>
                                                                                                   </name>
                                                                                                   <value>
                                                                                                      <ptk:l location="قالب:I2c:1:25"/>
                                                                                                   </value>
                                                                                                </TemplateArgument>
                                                                                             </defaultValue>
                                                                                             <garbage/>
                                                                                          </TemplateParameter>
                                                                                          <ptk:t location="قالب:I2c:1:28">#switch: </ptk:t>
                                                                                          <TemplateParameter location="قالب:I2c:1:40">
                                                                                             <ptk:a name="RTD">
                                                                                                <RtData>c3EAfgAAdXEAfgADAAAABHVxAH4ABQAAAAFxAH4ADXBwdXEAfgAFAAAAAXEAfgAP</RtData>
                                                                                             </ptk:a>
                                                                                             <name>
                                                                                                <ptk:l location="قالب:I2c:1:40">
                                                                                                   <ptk:t location="قالب:I2c:1:40">1</ptk:t>
                                                                                                </ptk:l>
                                                                                             </name>
                                                                                             <defaultValue/>
                                                                                             <garbage/>
                                                                                          </TemplateParameter>
                                                                                          <ptk:t location="قالب:I2c:1:44"> 
</ptk:t>
                                                                                       </ptk:l>
                                                                                    </name>
                                                                                 </IllegalNameException>
                                                                              </ptk:l>
                                                                           </content>
                                                                        </PpResolverLog>
                                                                     </ptk:l>
                                                                  </content>
                                                               </CompilerLog>
                                                            </ptk:l>
                                                         </content>
                                                      </ResolveTransclusionLog>
                                                      <ResolveTransclusionLog>
                                                         <success>true</success>
                                                         <target>i2c</target>
                                                         <canonical>قالب:I2c</canonical>
                                                         <timeNeeded>0</timeNeeded>
                                                         <content>
                                                            <ptk:l>
                                                               <CompilerLog>
                                                                  <title>قالب:I2c</title>
                                                                  <revision>356406</revision>
                                                                  <content>
                                                                     <ptk:l>
                                                                        <ValidatorLog>
                                                                           <timeNeeded>0</timeNeeded>
                                                                           <content>
                                                                              <ptk:l/>
                                                                           </content>
                                                                        </ValidatorLog>
                                                                        <PreprocessorLog>
                                                                           <forInclusion>true</forInclusion>
                                                                           <timeNeeded>0</timeNeeded>
                                                                           <content>
                                                                              <ptk:l/>
                                                                           </content>
                                                                        </PreprocessorLog>
                                                                        <PpResolverLog>
                                                                           <timeNeeded>0</timeNeeded>
                                                                           <content>
                                                                              <ptk:l>
                                                                                 <IllegalNameException>
                                                                                    <message>Cannot resolve target of transclusion to a simple name.</message>
                                                                                    <name>
                                                                                       <ptk:l location="قالب:I2c:1:28">
                                                                                          <TemplateParameter location="قالب:I2c:1:19">
                                                                                             <ptk:a name="RTD">
                                                                                                <RtData>c3EAfgAAdXEAfgADAAAABHVxAH4ABQAAAAFxAH4ADXBwdXEAfgAFAAAAAXEAfgAP</RtData>
                                                                                             </ptk:a>
                                                                                             <name>
                                                                                                <ptk:l location="قالب:I2c:1:19">
                                                                                                   <ptk:t location="قالب:I2c:1:19">subst</ptk:t>
                                                                                                </ptk:l>
                                                                                             </name>
                                                                                             <defaultValue>
                                                                                                <TemplateArgument location="قالب:I2c:1:25">
                                                                                                   <ptk:a name="RTD">
                                                                                                      <RtData>c3EAfgAAdXEAfgADAAAAA3VxAH4ABQAAAAF0AAF8cHA=</RtData>
                                                                                                   </ptk:a>
                                                                                                   <hasName>false</hasName>
                                                                                                   <name>
                                                                                                      <ptk:l/>
                                                                                                   </name>
                                                                                                   <value>
                                                                                                      <ptk:l location="قالب:I2c:1:25"/>
                                                                                                   </value>
                                                                                                </TemplateArgument>
                                                                                             </defaultValue>
                                                                                             <garbage/>
                                                                                          </TemplateParameter>
                                                                                          <ptk:t location="قالب:I2c:1:28">#switch: </ptk:t>
                                                                                          <TemplateParameter location="قالب:I2c:1:40">
                                                                                             <ptk:a name="RTD">
                                                                                                <RtData>c3EAfgAAdXEAfgADAAAABHVxAH4ABQAAAAFxAH4ADXBwdXEAfgAFAAAAAXEAfgAP</RtData>
                                                                                             </ptk:a>
                                                                                             <name>
                                                                                                <ptk:l location="قالب:I2c:1:40">
                                                                                                   <ptk:t location="قالب:I2c:1:40">1</ptk:t>
                                                                                                </ptk:l>
                                                                                             </name>
                                                                                             <defaultValue/>
                                                                                             <garbage/>
                                                                                          </TemplateParameter>
                                                                                          <ptk:t location="قالب:I2c:1:44"> 
</ptk:t>
                                                                                       </ptk:l>
                                                                                    </name>
                                                                                 </IllegalNameException>
                                                                              </ptk:l>
                                                                           </content>
                                                                        </PpResolverLog>
                                                                     </ptk:l>
                                                                  </content>
                                                               </CompilerLog>
                                                            </ptk:l>
                                                         </content>
                                                      </ResolveTransclusionLog>
                                                      <ResolveTransclusionLog>
                                                         <success>true</success>
                                                         <target>•w</target>
                                                         <canonical>قالب:•w</canonical>
                                                         <timeNeeded>0</timeNeeded>
                                                         <content>
                                                            <ptk:l>
                                                               <CompilerLog>
                                                                  <title>قالب:•w</title>
                                                                  <revision>152410</revision>
                                                                  <content>
                                                                     <ptk:l>
                                                                        <ValidatorLog>
                                                                           <timeNeeded>0</timeNeeded>
                                                                           <content>
                                                                              <ptk:l/>
                                                                           </content>
                                                                        </ValidatorLog>
                                                                        <PreprocessorLog>
                                                                           <forInclusion>true</forInclusion>
                                                                           <timeNeeded>0</timeNeeded>
                                                                           <content>
                                                                              <ptk:l/>
                                                                           </content>
                                                                        </PreprocessorLog>
                                                                        <PpResolverLog>
                                                                           <timeNeeded>0</timeNeeded>
                                                                           <content>
                                                                              <ptk:l/>
                                                                           </content>
                                                                        </PpResolverLog>
                                                                     </ptk:l>
                                                                  </content>
                                                               </CompilerLog>
                                                            </ptk:l>
                                                         </content>
                                                      </ResolveTransclusionLog>
                                                      <ResolveTransclusionLog>
                                                         <success>true</success>
                                                         <target>i2c</target>
                                                         <canonical>قالب:I2c</canonical>
                                                         <timeNeeded>0</timeNeeded>
                                                         <content>
                                                            <ptk:l>
                                                               <CompilerLog>
                                                                  <title>قالب:I2c</title>
                                                                  <revision>356406</revision>
                                                                  <content>
                                                                     <ptk:l>
                                                                        <ValidatorLog>
                                                                           <timeNeeded>0</timeNeeded>
                                                                           <content>
                                                                              <ptk:l/>
                                                                           </content>
                                                                        </ValidatorLog>
                                                                        <PreprocessorLog>
                                                                           <forInclusion>true</forInclusion>
                                                                           <timeNeeded>0</timeNeeded>
                                                                           <content>
                                                                              <ptk:l/>
                                                                           </content>
                                                                        </PreprocessorLog>
                                                                        <PpResolverLog>
                                                                           <timeNeeded>0</timeNeeded>
                                                                           <content>
                                                                              <ptk:l>
                                                                                 <IllegalNameException>
                                                                                    <message>Cannot resolve target of transclusion to a simple name.</message>
                                                                                    <name>
                                                                                       <ptk:l location="قالب:I2c:1:28">
                                                                                          <TemplateParameter location="قالب:I2c:1:19">
                                                                                             <ptk:a name="RTD">
                                                                                                <RtData>c3EAfgAAdXEAfgADAAAABHVxAH4ABQAAAAFxAH4ADXBwdXEAfgAFAAAAAXEAfgAP</RtData>
                                                                                             </ptk:a>
                                                                                             <name>
                                                                                                <ptk:l location="قالب:I2c:1:19">
                                                                                                   <ptk:t location="قالب:I2c:1:19">subst</ptk:t>
                                                                                                </ptk:l>
                                                                                             </name>
                                                                                             <defaultValue>
                                                                                                <TemplateArgument location="قالب:I2c:1:25">
                                                                                                   <ptk:a name="RTD">
                                                                                                      <RtData>c3EAfgAAdXEAfgADAAAAA3VxAH4ABQAAAAF0AAF8cHA=</RtData>
                                                                                                   </ptk:a>
                                                                                                   <hasName>false</hasName>
                                                                                                   <name>
                                                                                                      <ptk:l/>
                                                                                                   </name>
                                                                                                   <value>
                                                                                                      <ptk:l location="قالب:I2c:1:25"/>
                                                                                                   </value>
                                                                                                </TemplateArgument>
                                                                                             </defaultValue>
                                                                                             <garbage/>
                                                                                          </TemplateParameter>
                                                                                          <ptk:t location="قالب:I2c:1:28">#switch: </ptk:t>
                                                                                          <TemplateParameter location="قالب:I2c:1:40">
                                                                                             <ptk:a name="RTD">
                                                                                                <RtData>c3EAfgAAdXEAfgADAAAABHVxAH4ABQAAAAFxAH4ADXBwdXEAfgAFAAAAAXEAfgAP</RtData>
                                                                                             </ptk:a>
                                                                                             <name>
                                                                                                <ptk:l location="قالب:I2c:1:40">
                                                                                                   <ptk:t location="قالب:I2c:1:40">1</ptk:t>
                                                                                                </ptk:l>
                                                                                             </name>
                                                                                             <defaultValue/>
                                                                                             <garbage/>
                                                                                          </TemplateParameter>
                                                                                          <ptk:t location="قالب:I2c:1:44"> 
</ptk:t>
                                                                                       </ptk:l>
                                                                                    </name>
                                                                                 </IllegalNameException>
                                                                              </ptk:l>
                                                                           </content>
                                                                        </PpResolverLog>
                                                                     </ptk:l>
                                                                  </content>
                                                               </CompilerLog>
                                                            </ptk:l>
                                                         </content>
                                                      </ResolveTransclusionLog>
                                                      <ResolveTransclusionLog>
                                                         <success>true</success>
                                                         <target>i2c</target>
                                                         <canonical>قالب:I2c</canonical>
                                                         <timeNeeded>0</timeNeeded>
                                                         <content>
                                                            <ptk:l>
                                                               <CompilerLog>
                                                                  <title>قالب:I2c</title>
                                                                  <revision>356406</revision>
                                                                  <content>
                                                                     <ptk:l>
                                                                        <ValidatorLog>
                                                                           <timeNeeded>0</timeNeeded>
                                                                           <content>
                                                                              <ptk:l/>
                                                                           </content>
                                                                        </ValidatorLog>
                                                                        <PreprocessorLog>
                                                                           <forInclusion>true</forInclusion>
                                                                           <timeNeeded>0</timeNeeded>
                                                                           <content>
                                                                              <ptk:l/>
                                                                           </content>
                                                                        </PreprocessorLog>
                                                                        <PpResolverLog>
                                                                           <timeNeeded>0</timeNeeded>
                                                                           <content>
                                                                              <ptk:l>
                                                                                 <IllegalNameException>
                                                                                    <message>Cannot resolve target of transclusion to a simple name.</message>
                                                                                    <name>
                                                                                       <ptk:l location="قالب:I2c:1:28">
                                                                                          <TemplateParameter location="قالب:I2c:1:19">
                                                                                             <ptk:a name="RTD">
                                                                                                <RtData>c3EAfgAAdXEAfgADAAAABHVxAH4ABQAAAAFxAH4ADXBwdXEAfgAFAAAAAXEAfgAP</RtData>
                                                                                             </ptk:a>
                                                                                             <name>
                                                                                                <ptk:l location="قالب:I2c:1:19">
                                                                                                   <ptk:t location="قالب:I2c:1:19">subst</ptk:t>
                                                                                                </ptk:l>
                                                                                             </name>
                                                                                             <defaultValue>
                                                                                                <TemplateArgument location="قالب:I2c:1:25">
                                                                                                   <ptk:a name="RTD">
                                                                                                      <RtData>c3EAfgAAdXEAfgADAAAAA3VxAH4ABQAAAAF0AAF8cHA=</RtData>
                                                                                                   </ptk:a>
                                                                                                   <hasName>false</hasName>
                                                                                                   <name>
                                                                                                      <ptk:l/>
                                                                                                   </name>
                                                                                                   <value>
                                                                                                      <ptk:l location="قالب:I2c:1:25"/>
                                                                                                   </value>
                                                                                                </TemplateArgument>
                                                                                             </defaultValue>
                                                                                             <garbage/>
                                                                                          </TemplateParameter>
                                                                                          <ptk:t location="قالب:I2c:1:28">#switch: </ptk:t>
                                                                                          <TemplateParameter location="قالب:I2c:1:40">
                                                                                             <ptk:a name="RTD">
                                                                                                <RtData>c3EAfgAAdXEAfgADAAAABHVxAH4ABQAAAAFxAH4ADXBwdXEAfgAFAAAAAXEAfgAP</RtData>
                                                                                             </ptk:a>
                                                                                             <name>
                                                                                                <ptk:l location="قالب:I2c:1:40">
                                                                                                   <ptk:t location="قالب:I2c:1:40">1</ptk:t>
                                                                                                </ptk:l>
                                                                                             </name>
                                                                                             <defaultValue/>
                                                                                             <garbage/>
                                                                                          </TemplateParameter>
                                                                                          <ptk:t location="قالب:I2c:1:44"> 
</ptk:t>
                                                                                       </ptk:l>
                                                                                    </name>
                                                                                 </IllegalNameException>
                                                                              </ptk:l>
                                                                           </content>
                                                                        </PpResolverLog>
                                                                     </ptk:l>
                                                                  </content>
                                                               </CompilerLog>
                                                            </ptk:l>
                                                         </content>
                                                      </ResolveTransclusionLog>
                                                      <ResolveTransclusionLog>
                                                         <success>true</success>
                                                         <target>•w</target>
                                                         <canonical>قالب:•w</canonical>
                                                         <timeNeeded>0</timeNeeded>
                                                         <content>
                                                            <ptk:l>
                                                               <CompilerLog>
                                                                  <title>قالب:•w</title>
                                                                  <revision>152410</revision>
                                                                  <content>
                                                                     <ptk:l>
                                                                        <ValidatorLog>
                                                                           <timeNeeded>0</timeNeeded>
                                                                           <content>
                                                                              <ptk:l/>
                                                                           </content>
                                                                        </ValidatorLog>
                                                                        <PreprocessorLog>
                                                                           <forInclusion>true</forInclusion>
                                                                           <timeNeeded>0</timeNeeded>
                                                                           <content>
                                                                              <ptk:l/>
                                                                           </content>
                                                                        </PreprocessorLog>
                                                                        <PpResolverLog>
                                                                           <timeNeeded>0</timeNeeded>
                                                                           <content>
                                                                              <ptk:l/>
                                                                           </content>
                                                                        </PpResolverLog>
                                                                     </ptk:l>
                                                                  </content>
                                                               </CompilerLog>
                                                            </ptk:l>
                                                         </content>
                                                      </ResolveTransclusionLog>
                                                      <ResolveTransclusionLog>
                                                         <success>true</success>
                                                         <target>i2c</target>
                                                         <canonical>قالب:I2c</canonical>
                                                         <timeNeeded>0</timeNeeded>
                                                         <content>
                                                            <ptk:l>
                                                               <CompilerLog>
                                                                  <title>قالب:I2c</title>
                                                                  <revision>356406</revision>
                                                                  <content>
                                                                     <ptk:l>
                                                                        <ValidatorLog>
                                                                           <timeNeeded>0</timeNeeded>
                                                                           <content>
                                                                              <ptk:l/>
                                                                           </content>
                                                                        </ValidatorLog>
                                                                        <PreprocessorLog>
                                                                           <forInclusion>true</forInclusion>
                                                                           <timeNeeded>0</timeNeeded>
                                                                           <content>
                                                                              <ptk:l/>
                                                                           </content>
                                                                        </PreprocessorLog>
                                                                        <PpResolverLog>
                                                                           <timeNeeded>0</timeNeeded>
                                                                           <content>
                                                                              <ptk:l>
                                                                                 <IllegalNameException>
                                                                                    <message>Cannot resolve target of transclusion to a simple name.</message>
                                                                                    <name>
                                                                                       <ptk:l location="قالب:I2c:1:28">
                                                                                          <TemplateParameter location="قالب:I2c:1:19">
                                                                                             <ptk:a name="RTD">
                                                                                                <RtData>c3EAfgAAdXEAfgADAAAABHVxAH4ABQAAAAFxAH4ADXBwdXEAfgAFAAAAAXEAfgAP</RtData>
                                                                                             </ptk:a>
                                                                                             <name>
                                                                                                <ptk:l location="قالب:I2c:1:19">
                                                                                                   <ptk:t location="قالب:I2c:1:19">subst</ptk:t>
                                                                                                </ptk:l>
                                                                                             </name>
                                                                                             <defaultValue>
                                                                                                <TemplateArgument location="قالب:I2c:1:25">
                                                                                                   <ptk:a name="RTD">
                                                                                                      <RtData>c3EAfgAAdXEAfgADAAAAA3VxAH4ABQAAAAF0AAF8cHA=</RtData>
                                                                                                   </ptk:a>
                                                                                                   <hasName>false</hasName>
                                                                                                   <name>
                                                                                                      <ptk:l/>
                                                                                                   </name>
                                                                                                   <value>
                                                                                                      <ptk:l location="قالب:I2c:1:25"/>
                                                                                                   </value>
                                                                                                </TemplateArgument>
                                                                                             </defaultValue>
                                                                                             <garbage/>
                                                                                          </TemplateParameter>
                                                                                          <ptk:t location="قالب:I2c:1:28">#switch: </ptk:t>
                                                                                          <TemplateParameter location="قالب:I2c:1:40">
                                                                                             <ptk:a name="RTD">
                                                                                                <RtData>c3EAfgAAdXEAfgADAAAABHVxAH4ABQAAAAFxAH4ADXBwdXEAfgAFAAAAAXEAfgAP</RtData>
                                                                                             </ptk:a>
                                                                                             <name>
                                                                                                <ptk:l location="قالب:I2c:1:40">
                                                                                                   <ptk:t location="قالب:I2c:1:40">1</ptk:t>
                                                                                                </ptk:l>
                                                                                             </name>
                                                                                             <defaultValue/>
                                                                                             <garbage/>
                                                                                          </TemplateParameter>
                                                                                          <ptk:t location="قالب:I2c:1:44"> 
</ptk:t>
                                                                                       </ptk:l>
                                                                                    </name>
                                                                                 </IllegalNameException>
                                                                              </ptk:l>
                                                                           </content>
                                                                        </PpResolverLog>
                                                                     </ptk:l>
                                                                  </content>
                                                               </CompilerLog>
                                                            </ptk:l>
                                                         </content>
                                                      </ResolveTransclusionLog>
                                                      <ResolveTransclusionLog>
                                                         <success>true</success>
                                                         <target>i2c</target>
                                                         <canonical>قالب:I2c</canonical>
                                                         <timeNeeded>0</timeNeeded>
                                                         <content>
                                                            <ptk:l>
                                                               <CompilerLog>
                                                                  <title>قالب:I2c</title>
                                                                  <revision>356406</revision>
                                                                  <content>
                                                                     <ptk:l>
                                                                        <ValidatorLog>
                                                                           <timeNeeded>0</timeNeeded>
                                                                           <content>
                                                                              <ptk:l/>
                                                                           </content>
                                                                        </ValidatorLog>
                                                                        <PreprocessorLog>
                                                                           <forInclusion>true</forInclusion>
                                                                           <timeNeeded>0</timeNeeded>
                                                                           <content>
                                                                              <ptk:l/>
                                                                           </content>
                                                                        </PreprocessorLog>
                                                                        <PpResolverLog>
                                                                           <timeNeeded>0</timeNeeded>
                                                                           <content>
                                                                              <ptk:l>
                                                                                 <IllegalNameException>
                                                                                    <message>Cannot resolve target of transclusion to a simple name.</message>
                                                                                    <name>
                                                                                       <ptk:l location="قالب:I2c:1:28">
                                                                                          <TemplateParameter location="قالب:I2c:1:19">
                                                                                             <ptk:a name="RTD">
                                                                                                <RtData>c3EAfgAAdXEAfgADAAAABHVxAH4ABQAAAAFxAH4ADXBwdXEAfgAFAAAAAXEAfgAP</RtData>
                                                                                             </ptk:a>
                                                                                             <name>
                                                                                                <ptk:l location="قالب:I2c:1:19">
                                                                                                   <ptk:t location="قالب:I2c:1:19">subst</ptk:t>
                                                                                                </ptk:l>
                                                                                             </name>
                                                                                             <defaultValue>
                                                                                                <TemplateArgument location="قالب:I2c:1:25">
                                                                                                   <ptk:a name="RTD">
                                                                                                      <RtData>c3EAfgAAdXEAfgADAAAAA3VxAH4ABQAAAAF0AAF8cHA=</RtData>
                                                                                                   </ptk:a>
                                                                                                   <hasName>false</hasName>
                                                                                                   <name>
                                                                                                      <ptk:l/>
                                                                                                   </name>
                                                                                                   <value>
                                                                                                      <ptk:l location="قالب:I2c:1:25"/>
                                                                                                   </value>
                                                                                                </TemplateArgument>
                                                                                             </defaultValue>
                                                                                             <garbage/>
                                                                                          </TemplateParameter>
                                                                                          <ptk:t location="قالب:I2c:1:28">#switch: </ptk:t>
                                                                                          <TemplateParameter location="قالب:I2c:1:40">
                                                                                             <ptk:a name="RTD">
                                                                                                <RtData>c3EAfgAAdXEAfgADAAAABHVxAH4ABQAAAAFxAH4ADXBwdXEAfgAFAAAAAXEAfgAP</RtData>
                                                                                             </ptk:a>
                                                                                             <name>
                                                                                                <ptk:l location="قالب:I2c:1:40">
                                                                                                   <ptk:t location="قالب:I2c:1:40">1</ptk:t>
                                                                                                </ptk:l>
                                                                                             </name>
                                                                                             <defaultValue/>
                                                                                             <garbage/>
                                                                                          </TemplateParameter>
                                                                                          <ptk:t location="قالب:I2c:1:44"> 
</ptk:t>
                                                                                       </ptk:l>
                                                                                    </name>
                                                                                 </IllegalNameException>
                                                                              </ptk:l>
                                                                           </content>
                                                                        </PpResolverLog>
                                                                     </ptk:l>
                                                                  </content>
                                                               </CompilerLog>
                                                            </ptk:l>
                                                         </content>
                                                      </ResolveTransclusionLog>
                                                      <ResolveTransclusionLog>
                                                         <success>true</success>
                                                         <target>•w</target>
                                                         <canonical>قالب:•w</canonical>
                                                         <timeNeeded>0</timeNeeded>
                                                         <content>
                                                            <ptk:l>
                                                               <CompilerLog>
                                                                  <title>قالب:•w</title>
                                                                  <revision>152410</revision>
                                                                  <content>
                                                                     <ptk:l>
                                                                        <ValidatorLog>
                                                                           <timeNeeded>0</timeNeeded>
                                                                           <content>
                                                                              <ptk:l/>
                                                                           </content>
                                                                        </ValidatorLog>
                                                                        <PreprocessorLog>
                                                                           <forInclusion>true</forInclusion>
                                                                           <timeNeeded>0</timeNeeded>
                                                                           <content>
                                                                              <ptk:l/>
                                                                           </content>
                                                                        </PreprocessorLog>
                                                                        <PpResolverLog>
                                                                           <timeNeeded>0</timeNeeded>
                                                                           <content>
                                                                              <ptk:l/>
                                                                           </content>
                                                                        </PpResolverLog>
                                                                     </ptk:l>
                                                                  </content>
                                                               </CompilerLog>
                                                            </ptk:l>
                                                         </content>
                                                      </ResolveTransclusionLog>
                                                      <ResolveTransclusionLog>
                                                         <success>true</success>
                                                         <target>i2c</target>
                                                         <canonical>قالب:I2c</canonical>
                                                         <timeNeeded>0</timeNeeded>
                                                         <content>
                                                            <ptk:l>
                                                               <CompilerLog>
                                                                  <title>قالب:I2c</title>
                                                                  <revision>356406</revision>
                                                                  <content>
                                                                     <ptk:l>
                                                                        <ValidatorLog>
                                                                           <timeNeeded>0</timeNeeded>
                                                                           <content>
                                                                              <ptk:l/>
                                                                           </content>
                                                                        </ValidatorLog>
                                                                        <PreprocessorLog>
                                                                           <forInclusion>true</forInclusion>
                                                                           <timeNeeded>0</timeNeeded>
                                                                           <content>
                                                                              <ptk:l/>
                                                                           </content>
                                                                        </PreprocessorLog>
                                                                        <PpResolverLog>
                                                                           <timeNeeded>0</timeNeeded>
                                                                           <content>
                                                                              <ptk:l>
                                                                                 <IllegalNameException>
                                                                                    <message>Cannot resolve target of transclusion to a simple name.</message>
                                                                                    <name>
                                                                                       <ptk:l location="قالب:I2c:1:28">
                                                                                          <TemplateParameter location="قالب:I2c:1:19">
                                                                                             <ptk:a name="RTD">
                                                                                                <RtData>c3EAfgAAdXEAfgADAAAABHVxAH4ABQAAAAFxAH4ADXBwdXEAfgAFAAAAAXEAfgAP</RtData>
                                                                                             </ptk:a>
                                                                                             <name>
                                                                                                <ptk:l location="قالب:I2c:1:19">
                                                                                                   <ptk:t location="قالب:I2c:1:19">subst</ptk:t>
                                                                                                </ptk:l>
                                                                                             </name>
                                                                                             <defaultValue>
                                                                                                <TemplateArgument location="قالب:I2c:1:25">
                                                                                                   <ptk:a name="RTD">
                                                                                                      <RtData>c3EAfgAAdXEAfgADAAAAA3VxAH4ABQAAAAF0AAF8cHA=</RtData>
                                                                                                   </ptk:a>
                                                                                                   <hasName>false</hasName>
                                                                                                   <name>
                                                                                                      <ptk:l/>
                                                                                                   </name>
                                                                                                   <value>
                                                                                                      <ptk:l location="قالب:I2c:1:25"/>
                                                                                                   </value>
                                                                                                </TemplateArgument>
                                                                                             </defaultValue>
                                                                                             <garbage/>
                                                                                          </TemplateParameter>
                                                                                          <ptk:t location="قالب:I2c:1:28">#switch: </ptk:t>
                                                                                          <TemplateParameter location="قالب:I2c:1:40">
                                                                                             <ptk:a name="RTD">
                                                                                                <RtData>c3EAfgAAdXEAfgADAAAABHVxAH4ABQAAAAFxAH4ADXBwdXEAfgAFAAAAAXEAfgAP</RtData>
                                                                                             </ptk:a>
                                                                                             <name>
                                                                                                <ptk:l location="قالب:I2c:1:40">
                                                                                                   <ptk:t location="قالب:I2c:1:40">1</ptk:t>
                                                                                                </ptk:l>
                                                                                             </name>
                                                                                             <defaultValue/>
                                                                                             <garbage/>
                                                                                          </TemplateParameter>
                                                                                          <ptk:t location="قالب:I2c:1:44"> 
</ptk:t>
                                                                                       </ptk:l>
                                                                                    </name>
                                                                                 </IllegalNameException>
                                                                              </ptk:l>
                                                                           </content>
                                                                        </PpResolverLog>
                                                                     </ptk:l>
                                                                  </content>
                                                               </CompilerLog>
                                                            </ptk:l>
                                                         </content>
                                                      </ResolveTransclusionLog>
                                                      <ResolveTransclusionLog>
                                                         <success>true</success>
                                                         <target>i2c</target>
                                                         <canonical>قالب:I2c</canonical>
                                                         <timeNeeded>0</timeNeeded>
                                                         <content>
                                                            <ptk:l>
                                                               <CompilerLog>
                                                                  <title>قالب:I2c</title>
                                                                  <revision>356406</revision>
                                                                  <content>
                                                                     <ptk:l>
                                                                        <ValidatorLog>
                                                                           <timeNeeded>0</timeNeeded>
                                                                           <content>
                                                                              <ptk:l/>
                                                                           </content>
                                                                        </ValidatorLog>
                                                                        <PreprocessorLog>
                                                                           <forInclusion>true</forInclusion>
                                                                           <timeNeeded>0</timeNeeded>
                                                                           <content>
                                                                              <ptk:l/>
                                                                           </content>
                                                                        </PreprocessorLog>
                                                                        <PpResolverLog>
                                                                           <timeNeeded>0</timeNeeded>
                                                                           <content>
                                                                              <ptk:l>
                                                                                 <IllegalNameException>
                                                                                    <message>Cannot resolve target of transclusion to a simple name.</message>
                                                                                    <name>
                                                                                       <ptk:l location="قالب:I2c:1:28">
                                                                                          <TemplateParameter location="قالب:I2c:1:19">
                                                                                             <ptk:a name="RTD">
                                                                                                <RtData>c3EAfgAAdXEAfgADAAAABHVxAH4ABQAAAAFxAH4ADXBwdXEAfgAFAAAAAXEAfgAP</RtData>
                                                                                             </ptk:a>
                                                                                             <name>
                                                                                                <ptk:l location="قالب:I2c:1:19">
                                                                                                   <ptk:t location="قالب:I2c:1:19">subst</ptk:t>
                                                                                                </ptk:l>
                                                                                             </name>
                                                                                             <defaultValue>
                                                                                                <TemplateArgument location="قالب:I2c:1:25">
                                                                                                   <ptk:a name="RTD">
                                                                                                      <RtData>c3EAfgAAdXEAfgADAAAAA3VxAH4ABQAAAAF0AAF8cHA=</RtData>
                                                                                                   </ptk:a>
                                                                                                   <hasName>false</hasName>
                                                                                                   <name>
                                                                                                      <ptk:l/>
                                                                                                   </name>
                                                                                                   <value>
                                                                                                      <ptk:l location="قالب:I2c:1:25"/>
                                                                                                   </value>
                                                                                                </TemplateArgument>
                                                                                             </defaultValue>
                                                                                             <garbage/>
                                                                                          </TemplateParameter>
                                                                                          <ptk:t location="قالب:I2c:1:28">#switch: </ptk:t>
                                                                                          <TemplateParameter location="قالب:I2c:1:40">
                                                                                             <ptk:a name="RTD">
                                                                                                <RtData>c3EAfgAAdXEAfgADAAAABHVxAH4ABQAAAAFxAH4ADXBwdXEAfgAFAAAAAXEAfgAP</RtData>
                                                                                             </ptk:a>
                                                                                             <name>
                                                                                                <ptk:l location="قالب:I2c:1:40">
                                                                                                   <ptk:t location="قالب:I2c:1:40">1</ptk:t>
                                                                                                </ptk:l>
                                                                                             </name>
                                                                                             <defaultValue/>
                                                                                             <garbage/>
                                                                                          </TemplateParameter>
                                                                                          <ptk:t location="قالب:I2c:1:44"> 
</ptk:t>
                                                                                       </ptk:l>
                                                                                    </name>
                                                                                 </IllegalNameException>
                                                                              </ptk:l>
                                                                           </content>
                                                                        </PpResolverLog>
                                                                     </ptk:l>
                                                                  </content>
                                                               </CompilerLog>
                                                            </ptk:l>
                                                         </content>
                                                      </ResolveTransclusionLog>
                                                      <ResolveTransclusionLog>
                                                         <success>true</success>
                                                         <target>•w</target>
                                                         <canonical>قالب:•w</canonical>
                                                         <timeNeeded>0</timeNeeded>
                                                         <content>
                                                            <ptk:l>
                                                               <CompilerLog>
                                                                  <title>قالب:•w</title>
                                                                  <revision>152410</revision>
                                                                  <content>
                                                                     <ptk:l>
                                                                        <ValidatorLog>
                                                                           <timeNeeded>0</timeNeeded>
                                                                           <content>
                                                                              <ptk:l/>
                                                                           </content>
                                                                        </ValidatorLog>
                                                                        <PreprocessorLog>
                                                                           <forInclusion>true</forInclusion>
                                                                           <timeNeeded>0</timeNeeded>
                                                                           <content>
                                                                              <ptk:l/>
                                                                           </content>
                                                                        </PreprocessorLog>
                                                                        <PpResolverLog>
                                                                           <timeNeeded>0</timeNeeded>
                                                                           <content>
                                                                              <ptk:l/>
                                                                           </content>
                                                                        </PpResolverLog>
                                                                     </ptk:l>
                                                                  </content>
                                                               </CompilerLog>
                                                            </ptk:l>
                                                         </content>
                                                      </ResolveTransclusionLog>
                                                      <ResolveTransclusionLog>
                                                         <success>true</success>
                                                         <target>i2c</target>
                                                         <canonical>قالب:I2c</canonical>
                                                         <timeNeeded>0</timeNeeded>
                                                         <content>
                                                            <ptk:l>
                                                               <CompilerLog>
                                                                  <title>قالب:I2c</title>
                                                                  <revision>356406</revision>
                                                                  <content>
                                                                     <ptk:l>
                                                                        <ValidatorLog>
                                                                           <timeNeeded>0</timeNeeded>
                                                                           <content>
                                                                              <ptk:l/>
                                                                           </content>
                                                                        </ValidatorLog>
                                                                        <PreprocessorLog>
                                                                           <forInclusion>true</forInclusion>
                                                                           <timeNeeded>0</timeNeeded>
                                                                           <content>
                                                                              <ptk:l/>
                                                                           </content>
                                                                        </PreprocessorLog>
                                                                        <PpResolverLog>
                                                                           <timeNeeded>0</timeNeeded>
                                                                           <content>
                                                                              <ptk:l>
                                                                                 <IllegalNameException>
                                                                                    <message>Cannot resolve target of transclusion to a simple name.</message>
                                                                                    <name>
                                                                                       <ptk:l location="قالب:I2c:1:28">
                                                                                          <TemplateParameter location="قالب:I2c:1:19">
                                                                                             <ptk:a name="RTD">
                                                                                                <RtData>c3EAfgAAdXEAfgADAAAABHVxAH4ABQAAAAFxAH4ADXBwdXEAfgAFAAAAAXEAfgAP</RtData>
                                                                                             </ptk:a>
                                                                                             <name>
                                                                                                <ptk:l location="قالب:I2c:1:19">
                                                                                                   <ptk:t location="قالب:I2c:1:19">subst</ptk:t>
                                                                                                </ptk:l>
                                                                                             </name>
                                                                                             <defaultValue>
                                                                                                <TemplateArgument location="قالب:I2c:1:25">
                                                                                                   <ptk:a name="RTD">
                                                                                                      <RtData>c3EAfgAAdXEAfgADAAAAA3VxAH4ABQAAAAF0AAF8cHA=</RtData>
                                                                                                   </ptk:a>
                                                                                                   <hasName>false</hasName>
                                                                                                   <name>
                                                                                                      <ptk:l/>
                                                                                                   </name>
                                                                                                   <value>
                                                                                                      <ptk:l location="قالب:I2c:1:25"/>
                                                                                                   </value>
                                                                                                </TemplateArgument>
                                                                                             </defaultValue>
                                                                                             <garbage/>
                                                                                          </TemplateParameter>
                                                                                          <ptk:t location="قالب:I2c:1:28">#switch: </ptk:t>
                                                                                          <TemplateParameter location="قالب:I2c:1:40">
                                                                                             <ptk:a name="RTD">
                                                                                                <RtData>c3EAfgAAdXEAfgADAAAABHVxAH4ABQAAAAFxAH4ADXBwdXEAfgAFAAAAAXEAfgAP</RtData>
                                                                                             </ptk:a>
                                                                                             <name>
                                                                                                <ptk:l location="قالب:I2c:1:40">
                                                                                                   <ptk:t location="قالب:I2c:1:40">1</ptk:t>
                                                                                                </ptk:l>
                                                                                             </name>
                                                                                             <defaultValue/>
                                                                                             <garbage/>
                                                                                          </TemplateParameter>
                                                                                          <ptk:t location="قالب:I2c:1:44"> 
</ptk:t>
                                                                                       </ptk:l>
                                                                                    </name>
                                                                                 </IllegalNameException>
                                                                              </ptk:l>
                                                                           </content>
                                                                        </PpResolverLog>
                                                                     </ptk:l>
                                                                  </content>
                                                               </CompilerLog>
                                                            </ptk:l>
                                                         </content>
                                                      </ResolveTransclusionLog>
                                                      <ResolveTransclusionLog>
                                                         <success>true</success>
                                                         <target>i2c</target>
                                                         <canonical>قالب:I2c</canonical>
                                                         <timeNeeded>0</timeNeeded>
                                                         <content>
                                                            <ptk:l>
                                                               <CompilerLog>
                                                                  <title>قالب:I2c</title>
                                                                  <revision>356406</revision>
                                                                  <content>
                                                                     <ptk:l>
                                                                        <ValidatorLog>
                                                                           <timeNeeded>0</timeNeeded>
                                                                           <content>
                                                                              <ptk:l/>
                                                                           </content>
                                                                        </ValidatorLog>
                                                                        <PreprocessorLog>
                                                                           <forInclusion>true</forInclusion>
                                                                           <timeNeeded>0</timeNeeded>
                                                                           <content>
                                                                              <ptk:l/>
                                                                           </content>
                                                                        </PreprocessorLog>
                                                                        <PpResolverLog>
                                                                           <timeNeeded>0</timeNeeded>
                                                                           <content>
                                                                              <ptk:l>
                                                                                 <IllegalNameException>
                                                                                    <message>Cannot resolve target of transclusion to a simple name.</message>
                                                                                    <name>
                                                                                       <ptk:l location="قالب:I2c:1:28">
                                                                                          <TemplateParameter location="قالب:I2c:1:19">
                                                                                             <ptk:a name="RTD">
                                                                                                <RtData>c3EAfgAAdXEAfgADAAAABHVxAH4ABQAAAAFxAH4ADXBwdXEAfgAFAAAAAXEAfgAP</RtData>
                                                                                             </ptk:a>
                                                                                             <name>
                                                                                                <ptk:l location="قالب:I2c:1:19">
                                                                                                   <ptk:t location="قالب:I2c:1:19">subst</ptk:t>
                                                                                                </ptk:l>
                                                                                             </name>
                                                                                             <defaultValue>
                                                                                                <TemplateArgument location="قالب:I2c:1:25">
                                                                                                   <ptk:a name="RTD">
                                                                                                      <RtData>c3EAfgAAdXEAfgADAAAAA3VxAH4ABQAAAAF0AAF8cHA=</RtData>
                                                                                                   </ptk:a>
                                                                                                   <hasName>false</hasName>
                                                                                                   <name>
                                                                                                      <ptk:l/>
                                                                                                   </name>
                                                                                                   <value>
                                                                                                      <ptk:l location="قالب:I2c:1:25"/>
                                                                                                   </value>
                                                                                                </TemplateArgument>
                                                                                             </defaultValue>
                                                                                             <garbage/>
                                                                                          </TemplateParameter>
                                                                                          <ptk:t location="قالب:I2c:1:28">#switch: </ptk:t>
                                                                                          <TemplateParameter location="قالب:I2c:1:40">
                                                                                             <ptk:a name="RTD">
                                                                                                <RtData>c3EAfgAAdXEAfgADAAAABHVxAH4ABQAAAAFxAH4ADXBwdXEAfgAFAAAAAXEAfgAP</RtData>
                                                                                             </ptk:a>
                                                                                             <name>
                                                                                                <ptk:l location="قالب:I2c:1:40">
                                                                                                   <ptk:t location="قالب:I2c:1:40">1</ptk:t>
                                                                                                </ptk:l>
                                                                                             </name>
                                                                                             <defaultValue/>
                                                                                             <garbage/>
                                                                                          </TemplateParameter>
                                                                                          <ptk:t location="قالب:I2c:1:44"> 
</ptk:t>
                                                                                       </ptk:l>
                                                                                    </name>
                                                                                 </IllegalNameException>
                                                                              </ptk:l>
                                                                           </content>
                                                                        </PpResolverLog>
                                                                     </ptk:l>
                                                                  </content>
                                                               </CompilerLog>
                                                            </ptk:l>
                                                         </content>
                                                      </ResolveTransclusionLog>
                                                      <ResolveTransclusionLog>
                                                         <success>true</success>
                                                         <target>•w</target>
                                                         <canonical>قالب:•w</canonical>
                                                         <timeNeeded>0</timeNeeded>
                                                         <content>
                                                            <ptk:l>
                                                               <CompilerLog>
                                                                  <title>قالب:•w</title>
                                                                  <revision>152410</revision>
                                                                  <content>
                                                                     <ptk:l>
                                                                        <ValidatorLog>
                                                                           <timeNeeded>0</timeNeeded>
                                                                           <content>
                                                                              <ptk:l/>
                                                                           </content>
                                                                        </ValidatorLog>
                                                                        <PreprocessorLog>
                                                                           <forInclusion>true</forInclusion>
                                                                           <timeNeeded>0</timeNeeded>
                                                                           <content>
                                                                              <ptk:l/>
                                                                           </content>
                                                                        </PreprocessorLog>
                                                                        <PpResolverLog>
                                                                           <timeNeeded>0</timeNeeded>
                                                                           <content>
                                                                              <ptk:l/>
                                                                           </content>
                                                                        </PpResolverLog>
                                                                     </ptk:l>
                                                                  </content>
                                                               </CompilerLog>
                                                            </ptk:l>
                                                         </content>
                                                      </ResolveTransclusionLog>
                                                      <ResolveTransclusionLog>
                                                         <success>true</success>
                                                         <target>i2c</target>
                                                         <canonical>قالب:I2c</canonical>
                                                         <timeNeeded>15</timeNeeded>
                                                         <content>
                                                            <ptk:l>
                                                               <CompilerLog>
                                                                  <title>قالب:I2c</title>
                                                                  <revision>356406</revision>
                                                                  <content>
                                                                     <ptk:l>
                                                                        <ValidatorLog>
                                                                           <timeNeeded>0</timeNeeded>
                                                                           <content>
                                                                              <ptk:l/>
                                                                           </content>
                                                                        </ValidatorLog>
                                                                        <PreprocessorLog>
                                                                           <forInclusion>true</forInclusion>
                                                                           <timeNeeded>15</timeNeeded>
                                                                           <content>
                                                                              <ptk:l/>
                                                                           </content>
                                                                        </PreprocessorLog>
                                                                        <PpResolverLog>
                                                                           <timeNeeded>0</timeNeeded>
                                                                           <content>
                                                                              <ptk:l>
                                                                                 <IllegalNameException>
                                                                                    <message>Cannot resolve target of transclusion to a simple name.</message>
                                                                                    <name>
                                                                                       <ptk:l location="قالب:I2c:1:28">
                                                                                          <TemplateParameter location="قالب:I2c:1:19">
                                                                                             <ptk:a name="RTD">
                                                                                                <RtData>c3EAfgAAdXEAfgADAAAABHVxAH4ABQAAAAFxAH4ADXBwdXEAfgAFAAAAAXEAfgAP</RtData>
                                                                                             </ptk:a>
                                                                                             <name>
                                                                                                <ptk:l location="قالب:I2c:1:19">
                                                                                                   <ptk:t location="قالب:I2c:1:19">subst</ptk:t>
                                                                                                </ptk:l>
                                                                                             </name>
                                                                                             <defaultValue>
                                                                                                <TemplateArgument location="قالب:I2c:1:25">
                                                                                                   <ptk:a name="RTD">
                                                                                                      <RtData>c3EAfgAAdXEAfgADAAAAA3VxAH4ABQAAAAF0AAF8cHA=</RtData>
                                                                                                   </ptk:a>
                                                                                                   <hasName>false</hasName>
                                                                                                   <name>
                                                                                                      <ptk:l/>
                                                                                                   </name>
                                                                                                   <value>
                                                                                                      <ptk:l location="قالب:I2c:1:25"/>
                                                                                                   </value>
                                                                                                </TemplateArgument>
                                                                                             </defaultValue>
                                                                                             <garbage/>
                                                                                          </TemplateParameter>
                                                                                          <ptk:t location="قالب:I2c:1:28">#switch: </ptk:t>
                                                                                          <TemplateParameter location="قالب:I2c:1:40">
                                                                                             <ptk:a name="RTD">
                                                                                                <RtData>c3EAfgAAdXEAfgADAAAABHVxAH4ABQAAAAFxAH4ADXBwdXEAfgAFAAAAAXEAfgAP</RtData>
                                                                                             </ptk:a>
                                                                                             <name>
                                                                                                <ptk:l location="قالب:I2c:1:40">
                                                                                                   <ptk:t location="قالب:I2c:1:40">1</ptk:t>
                                                                                                </ptk:l>
                                                                                             </name>
                                                                                             <defaultValue/>
                                                                                             <garbage/>
                                                                                          </TemplateParameter>
                                                                                          <ptk:t location="قالب:I2c:1:44"> 
</ptk:t>
                                                                                       </ptk:l>
                                                                                    </name>
                                                                                 </IllegalNameException>
                                                                              </ptk:l>
                                                                           </content>
                                                                        </PpResolverLog>
                                                                     </ptk:l>
                                                                  </content>
                                                               </CompilerLog>
                                                            </ptk:l>
                                                         </content>
                                                      </ResolveTransclusionLog>
                                                      <ResolveTransclusionLog>
                                                         <success>true</success>
                                                         <target>i2c</target>
                                                         <canonical>قالب:I2c</canonical>
                                                         <timeNeeded>0</timeNeeded>
                                                         <content>
                                                            <ptk:l>
                                                               <CompilerLog>
                                                                  <title>قالب:I2c</title>
                                                                  <revision>356406</revision>
                                                                  <content>
                                                                     <ptk:l>
                                                                        <ValidatorLog>
                                                                           <timeNeeded>0</timeNeeded>
                                                                           <content>
                                                                              <ptk:l/>
                                                                           </content>
                                                                        </ValidatorLog>
                                                                        <PreprocessorLog>
                                                                           <forInclusion>true</forInclusion>
                                                                           <timeNeeded>0</timeNeeded>
                                                                           <content>
                                                                              <ptk:l/>
                                                                           </content>
                                                                        </PreprocessorLog>
                                                                        <PpResolverLog>
                                                                           <timeNeeded>0</timeNeeded>
                                                                           <content>
                                                                              <ptk:l>
                                                                                 <IllegalNameException>
                                                                                    <message>Cannot resolve target of transclusion to a simple name.</message>
                                                                                    <name>
                                                                                       <ptk:l location="قالب:I2c:1:28">
                                                                                          <TemplateParameter location="قالب:I2c:1:19">
                                                                                             <ptk:a name="RTD">
                                                                                                <RtData>c3EAfgAAdXEAfgADAAAABHVxAH4ABQAAAAFxAH4ADXBwdXEAfgAFAAAAAXEAfgAP</RtData>
                                                                                             </ptk:a>
                                                                                             <name>
                                                                                                <ptk:l location="قالب:I2c:1:19">
                                                                                                   <ptk:t location="قالب:I2c:1:19">subst</ptk:t>
                                                                                                </ptk:l>
                                                                                             </name>
                                                                                             <defaultValue>
                                                                                                <TemplateArgument location="قالب:I2c:1:25">
                                                                                                   <ptk:a name="RTD">
                                                                                                      <RtData>c3EAfgAAdXEAfgADAAAAA3VxAH4ABQAAAAF0AAF8cHA=</RtData>
                                                                                                   </ptk:a>
                                                                                                   <hasName>false</hasName>
                                                                                                   <name>
                                                                                                      <ptk:l/>
                                                                                                   </name>
                                                                                                   <value>
                                                                                                      <ptk:l location="قالب:I2c:1:25"/>
                                                                                                   </value>
                                                                                                </TemplateArgument>
                                                                                             </defaultValue>
                                                                                             <garbage/>
                                                                                          </TemplateParameter>
                                                                                          <ptk:t location="قالب:I2c:1:28">#switch: </ptk:t>
                                                                                          <TemplateParameter location="قالب:I2c:1:40">
                                                                                             <ptk:a name="RTD">
                                                                                                <RtData>c3EAfgAAdXEAfgADAAAABHVxAH4ABQAAAAFxAH4ADXBwdXEAfgAFAAAAAXEAfgAP</RtData>
                                                                                             </ptk:a>
                                                                                             <name>
                                                                                                <ptk:l location="قالب:I2c:1:40">
                                                                                                   <ptk:t location="قالب:I2c:1:40">1</ptk:t>
                                                                                                </ptk:l>
                                                                                             </name>
                                                                                             <defaultValue/>
                                                                                             <garbage/>
                                                                                          </TemplateParameter>
                                                                                          <ptk:t location="قالب:I2c:1:44"> 
</ptk:t>
                                                                                       </ptk:l>
                                                                                    </name>
                                                                                 </IllegalNameException>
                                                                              </ptk:l>
                                                                           </content>
                                                                        </PpResolverLog>
                                                                     </ptk:l>
                                                                  </content>
                                                               </CompilerLog>
                                                            </ptk:l>
                                                         </content>
                                                      </ResolveTransclusionLog>
                                                      <ResolveTransclusionLog>
                                                         <success>true</success>
                                                         <target>•w</target>
                                                         <canonical>قالب:•w</canonical>
                                                         <timeNeeded>0</timeNeeded>
                                                         <content>
                                                            <ptk:l>
                                                               <CompilerLog>
                                                                  <title>قالب:•w</title>
                                                                  <revision>152410</revision>
                                                                  <content>
                                                                     <ptk:l>
                                                                        <ValidatorLog>
                                                                           <timeNeeded>0</timeNeeded>
                                                                           <content>
                                                                              <ptk:l/>
                                                                           </content>
                                                                        </ValidatorLog>
                                                                        <PreprocessorLog>
                                                                           <forInclusion>true</forInclusion>
                                                                           <timeNeeded>0</timeNeeded>
                                                                           <content>
                                                                              <ptk:l/>
                                                                           </content>
                                                                        </PreprocessorLog>
                                                                        <PpResolverLog>
                                                                           <timeNeeded>0</timeNeeded>
                                                                           <content>
                                                                              <ptk:l/>
                                                                           </content>
                                                                        </PpResolverLog>
                                                                     </ptk:l>
                                                                  </content>
                                                               </CompilerLog>
                                                            </ptk:l>
                                                         </content>
                                                      </ResolveTransclusionLog>
                                                      <ResolveTransclusionLog>
                                                         <success>true</success>
                                                         <target>i2c</target>
                                                         <canonical>قالب:I2c</canonical>
                                                         <timeNeeded>0</timeNeeded>
                                                         <content>
                                                            <ptk:l>
                                                               <CompilerLog>
                                                                  <title>قالب:I2c</title>
                                                                  <revision>356406</revision>
                                                                  <content>
                                                                     <ptk:l>
                                                                        <ValidatorLog>
                                                                           <timeNeeded>0</timeNeeded>
                                                                           <content>
                                                                              <ptk:l/>
                                                                           </content>
                                                                        </ValidatorLog>
                                                                        <PreprocessorLog>
                                                                           <forInclusion>true</forInclusion>
                                                                           <timeNeeded>0</timeNeeded>
                                                                           <content>
                                                                              <ptk:l/>
                                                                           </content>
                                                                        </PreprocessorLog>
                                                                        <PpResolverLog>
                                                                           <timeNeeded>0</timeNeeded>
                                                                           <content>
                                                                              <ptk:l>
                                                                                 <IllegalNameException>
                                                                                    <message>Cannot resolve target of transclusion to a simple name.</message>
                                                                                    <name>
                                                                                       <ptk:l location="قالب:I2c:1:28">
                                                                                          <TemplateParameter location="قالب:I2c:1:19">
                                                                                             <ptk:a name="RTD">
                                                                                                <RtData>c3EAfgAAdXEAfgADAAAABHVxAH4ABQAAAAFxAH4ADXBwdXEAfgAFAAAAAXEAfgAP</RtData>
                                                                                             </ptk:a>
                                                                                             <name>
                                                                                                <ptk:l location="قالب:I2c:1:19">
                                                                                                   <ptk:t location="قالب:I2c:1:19">subst</ptk:t>
                                                                                                </ptk:l>
                                                                                             </name>
                                                                                             <defaultValue>
                                                                                                <TemplateArgument location="قالب:I2c:1:25">
                                                                                                   <ptk:a name="RTD">
                                                                                                      <RtData>c3EAfgAAdXEAfgADAAAAA3VxAH4ABQAAAAF0AAF8cHA=</RtData>
                                                                                                   </ptk:a>
                                                                                                   <hasName>false</hasName>
                                                                                                   <name>
                                                                                                      <ptk:l/>
                                                                                                   </name>
                                                                                                   <value>
                                                                                                      <ptk:l location="قالب:I2c:1:25"/>
                                                                                                   </value>
                                                                                                </TemplateArgument>
                                                                                             </defaultValue>
                                                                                             <garbage/>
                                                                                          </TemplateParameter>
                                                                                          <ptk:t location="قالب:I2c:1:28">#switch: </ptk:t>
                                                                                          <TemplateParameter location="قالب:I2c:1:40">
                                                                                             <ptk:a name="RTD">
                                                                                                <RtData>c3EAfgAAdXEAfgADAAAABHVxAH4ABQAAAAFxAH4ADXBwdXEAfgAFAAAAAXEAfgAP</RtData>
                                                                                             </ptk:a>
                                                                                             <name>
                                                                                                <ptk:l location="قالب:I2c:1:40">
                                                                                                   <ptk:t location="قالب:I2c:1:40">1</ptk:t>
                                                                                                </ptk:l>
                                                                                             </name>
                                                                                             <defaultValue/>
                                                                                             <garbage/>
                                                                                          </TemplateParameter>
                                                                                          <ptk:t location="قالب:I2c:1:44"> 
</ptk:t>
                                                                                       </ptk:l>
                                                                                    </name>
                                                                                 </IllegalNameException>
                                                                              </ptk:l>
                                                                           </content>
                                                                        </PpResolverLog>
                                                                     </ptk:l>
                                                                  </content>
                                                               </CompilerLog>
                                                            </ptk:l>
                                                         </content>
                                                      </ResolveTransclusionLog>
                                                      <ResolveTransclusionLog>
                                                         <success>true</success>
                                                         <target>i2c</target>
                                                         <canonical>قالب:I2c</canonical>
                                                         <timeNeeded>0</timeNeeded>
                                                         <content>
                                                            <ptk:l>
                                                               <CompilerLog>
                                                                  <title>قالب:I2c</title>
                                                                  <revision>356406</revision>
                                                                  <content>
                                                                     <ptk:l>
                                                                        <ValidatorLog>
                                                                           <timeNeeded>0</timeNeeded>
                                                                           <content>
                                                                              <ptk:l/>
                                                                           </content>
                                                                        </ValidatorLog>
                                                                        <PreprocessorLog>
                                                                           <forInclusion>true</forInclusion>
                                                                           <timeNeeded>0</timeNeeded>
                                                                           <content>
                                                                              <ptk:l/>
                                                                           </content>
                                                                        </PreprocessorLog>
                                                                        <PpResolverLog>
                                                                           <timeNeeded>0</timeNeeded>
                                                                           <content>
                                                                              <ptk:l>
                                                                                 <IllegalNameException>
                                                                                    <message>Cannot resolve target of transclusion to a simple name.</message>
                                                                                    <name>
                                                                                       <ptk:l location="قالب:I2c:1:28">
                                                                                          <TemplateParameter location="قالب:I2c:1:19">
                                                                                             <ptk:a name="RTD">
                                                                                                <RtData>c3EAfgAAdXEAfgADAAAABHVxAH4ABQAAAAFxAH4ADXBwdXEAfgAFAAAAAXEAfgAP</RtData>
                                                                                             </ptk:a>
                                                                                             <name>
                                                                                                <ptk:l location="قالب:I2c:1:19">
                                                                                                   <ptk:t location="قالب:I2c:1:19">subst</ptk:t>
                                                                                                </ptk:l>
                                                                                             </name>
                                                                                             <defaultValue>
                                                                                                <TemplateArgument location="قالب:I2c:1:25">
                                                                                                   <ptk:a name="RTD">
                                                                                                      <RtData>c3EAfgAAdXEAfgADAAAAA3VxAH4ABQAAAAF0AAF8cHA=</RtData>
                                                                                                   </ptk:a>
                                                                                                   <hasName>false</hasName>
                                                                                                   <name>
                                                                                                      <ptk:l/>
                                                                                                   </name>
                                                                                                   <value>
                                                                                                      <ptk:l location="قالب:I2c:1:25"/>
                                                                                                   </value>
                                                                                                </TemplateArgument>
                                                                                             </defaultValue>
                                                                                             <garbage/>
                                                                                          </TemplateParameter>
                                                                                          <ptk:t location="قالب:I2c:1:28">#switch: </ptk:t>
                                                                                          <TemplateParameter location="قالب:I2c:1:40">
                                                                                             <ptk:a name="RTD">
                                                                                                <RtData>c3EAfgAAdXEAfgADAAAABHVxAH4ABQAAAAFxAH4ADXBwdXEAfgAFAAAAAXEAfgAP</RtData>
                                                                                             </ptk:a>
                                                                                             <name>
                                                                                                <ptk:l location="قالب:I2c:1:40">
                                                                                                   <ptk:t location="قالب:I2c:1:40">1</ptk:t>
                                                                                                </ptk:l>
                                                                                             </name>
                                                                                             <defaultValue/>
                                                                                             <garbage/>
                                                                                          </TemplateParameter>
                                                                                          <ptk:t location="قالب:I2c:1:44"> 
</ptk:t>
                                                                                       </ptk:l>
                                                                                    </name>
                                                                                 </IllegalNameException>
                                                                              </ptk:l>
                                                                           </content>
                                                                        </PpResolverLog>
                                                                     </ptk:l>
                                                                  </content>
                                                               </CompilerLog>
                                                            </ptk:l>
                                                         </content>
                                                      </ResolveTransclusionLog>
                                                      <ResolveTransclusionLog>
                                                         <success>true</success>
                                                         <target>•w</target>
                                                         <canonical>قالب:•w</canonical>
                                                         <timeNeeded>0</timeNeeded>
                                                         <content>
                                                            <ptk:l>
                                                               <CompilerLog>
                                                                  <title>قالب:•w</title>
                                                                  <revision>152410</revision>
                                                                  <content>
                                                                     <ptk:l>
                                                                        <ValidatorLog>
                                                                           <timeNeeded>0</timeNeeded>
                                                                           <content>
                                                                              <ptk:l/>
                                                                           </content>
                                                                        </ValidatorLog>
                                                                        <PreprocessorLog>
                                                                           <forInclusion>true</forInclusion>
                                                                           <timeNeeded>0</timeNeeded>
                                                                           <content>
                                                                              <ptk:l/>
                                                                           </content>
                                                                        </PreprocessorLog>
                                                                        <PpResolverLog>
                                                                           <timeNeeded>0</timeNeeded>
                                                                           <content>
                                                                              <ptk:l/>
                                                                           </content>
                                                                        </PpResolverLog>
                                                                     </ptk:l>
                                                                  </content>
                                                               </CompilerLog>
                                                            </ptk:l>
                                                         </content>
                                                      </ResolveTransclusionLog>
                                                      <ResolveTransclusionLog>
                                                         <success>true</success>
                                                         <target>i2c</target>
                                                         <canonical>قالب:I2c</canonical>
                                                         <timeNeeded>0</timeNeeded>
                                                         <content>
                                                            <ptk:l>
                                                               <CompilerLog>
                                                                  <title>قالب:I2c</title>
                                                                  <revision>356406</revision>
                                                                  <content>
                                                                     <ptk:l>
                                                                        <ValidatorLog>
                                                                           <timeNeeded>0</timeNeeded>
                                                                           <content>
                                                                              <ptk:l/>
                                                                           </content>
                                                                        </ValidatorLog>
                                                                        <PreprocessorLog>
                                                                           <forInclusion>true</forInclusion>
                                                                           <timeNeeded>0</timeNeeded>
                                                                           <content>
                                                                              <ptk:l/>
                                                                           </content>
                                                                        </PreprocessorLog>
                                                                        <PpResolverLog>
                                                                           <timeNeeded>0</timeNeeded>
                                                                           <content>
                                                                              <ptk:l>
                                                                                 <IllegalNameException>
                                                                                    <message>Cannot resolve target of transclusion to a simple name.</message>
                                                                                    <name>
                                                                                       <ptk:l location="قالب:I2c:1:28">
                                                                                          <TemplateParameter location="قالب:I2c:1:19">
                                                                                             <ptk:a name="RTD">
                                                                                                <RtData>c3EAfgAAdXEAfgADAAAABHVxAH4ABQAAAAFxAH4ADXBwdXEAfgAFAAAAAXEAfgAP</RtData>
                                                                                             </ptk:a>
                                                                                             <name>
                                                                                                <ptk:l location="قالب:I2c:1:19">
                                                                                                   <ptk:t location="قالب:I2c:1:19">subst</ptk:t>
                                                                                                </ptk:l>
                                                                                             </name>
                                                                                             <defaultValue>
                                                                                                <TemplateArgument location="قالب:I2c:1:25">
                                                                                                   <ptk:a name="RTD">
                                                                                                      <RtData>c3EAfgAAdXEAfgADAAAAA3VxAH4ABQAAAAF0AAF8cHA=</RtData>
                                                                                                   </ptk:a>
                                                                                                   <hasName>false</hasName>
                                                                                                   <name>
                                                                                                      <ptk:l/>
                                                                                                   </name>
                                                                                                   <value>
                                                                                                      <ptk:l location="قالب:I2c:1:25"/>
                                                                                                   </value>
                                                                                                </TemplateArgument>
                                                                                             </defaultValue>
                                                                                             <garbage/>
                                                                                          </TemplateParameter>
                                                                                          <ptk:t location="قالب:I2c:1:28">#switch: </ptk:t>
                                                                                          <TemplateParameter location="قالب:I2c:1:40">
                                                                                             <ptk:a name="RTD">
                                                                                                <RtData>c3EAfgAAdXEAfgADAAAABHVxAH4ABQAAAAFxAH4ADXBwdXEAfgAFAAAAAXEAfgAP</RtData>
                                                                                             </ptk:a>
                                                                                             <name>
                                                                                                <ptk:l location="قالب:I2c:1:40">
                                                                                                   <ptk:t location="قالب:I2c:1:40">1</ptk:t>
                                                                                                </ptk:l>
                                                                                             </name>
                                                                                             <defaultValue/>
                                                                                             <garbage/>
                                                                                          </TemplateParameter>
                                                                                          <ptk:t location="قالب:I2c:1:44"> 
</ptk:t>
                                                                                       </ptk:l>
                                                                                    </name>
                                                                                 </IllegalNameException>
                                                                              </ptk:l>
                                                                           </content>
                                                                        </PpResolverLog>
                                                                     </ptk:l>
                                                                  </content>
                                                               </CompilerLog>
                                                            </ptk:l>
                                                         </content>
                                                      </ResolveTransclusionLog>
                                                      <ResolveTransclusionLog>
                                                         <success>true</success>
                                                         <target>i2c</target>
                                                         <canonical>قالب:I2c</canonical>
                                                         <timeNeeded>0</timeNeeded>
                                                         <content>
                                                            <ptk:l>
                                                               <CompilerLog>
                                                                  <title>قالب:I2c</title>
                                                                  <revision>356406</revision>
                                                                  <content>
                                                                     <ptk:l>
                                                                        <ValidatorLog>
                                                                           <timeNeeded>0</timeNeeded>
                                                                           <content>
                                                                              <ptk:l/>
                                                                           </content>
                                                                        </ValidatorLog>
                                                                        <PreprocessorLog>
                                                                           <forInclusion>true</forInclusion>
                                                                           <timeNeeded>0</timeNeeded>
                                                                           <content>
                                                                              <ptk:l/>
                                                                           </content>
                                                                        </PreprocessorLog>
                                                                        <PpResolverLog>
                                                                           <timeNeeded>0</timeNeeded>
                                                                           <content>
                                                                              <ptk:l>
                                                                                 <IllegalNameException>
                                                                                    <message>Cannot resolve target of transclusion to a simple name.</message>
                                                                                    <name>
                                                                                       <ptk:l location="قالب:I2c:1:28">
                                                                                          <TemplateParameter location="قالب:I2c:1:19">
                                                                                             <ptk:a name="RTD">
                                                                                                <RtData>c3EAfgAAdXEAfgADAAAABHVxAH4ABQAAAAFxAH4ADXBwdXEAfgAFAAAAAXEAfgAP</RtData>
                                                                                             </ptk:a>
                                                                                             <name>
                                                                                                <ptk:l location="قالب:I2c:1:19">
                                                                                                   <ptk:t location="قالب:I2c:1:19">subst</ptk:t>
                                                                                                </ptk:l>
                                                                                             </name>
                                                                                             <defaultValue>
                                                                                                <TemplateArgument location="قالب:I2c:1:25">
                                                                                                   <ptk:a name="RTD">
                                                                                                      <RtData>c3EAfgAAdXEAfgADAAAAA3VxAH4ABQAAAAF0AAF8cHA=</RtData>
                                                                                                   </ptk:a>
                                                                                                   <hasName>false</hasName>
                                                                                                   <name>
                                                                                                      <ptk:l/>
                                                                                                   </name>
                                                                                                   <value>
                                                                                                      <ptk:l location="قالب:I2c:1:25"/>
                                                                                                   </value>
                                                                                                </TemplateArgument>
                                                                                             </defaultValue>
                                                                                             <garbage/>
                                                                                          </TemplateParameter>
                                                                                          <ptk:t location="قالب:I2c:1:28">#switch: </ptk:t>
                                                                                          <TemplateParameter location="قالب:I2c:1:40">
                                                                                             <ptk:a name="RTD">
                                                                                                <RtData>c3EAfgAAdXEAfgADAAAABHVxAH4ABQAAAAFxAH4ADXBwdXEAfgAFAAAAAXEAfgAP</RtData>
                                                                                             </ptk:a>
                                                                                             <name>
                                                                                                <ptk:l location="قالب:I2c:1:40">
                                                                                                   <ptk:t location="قالب:I2c:1:40">1</ptk:t>
                                                                                                </ptk:l>
                                                                                             </name>
                                                                                             <defaultValue/>
                                                                                             <garbage/>
                                                                                          </TemplateParameter>
                                                                                          <ptk:t location="قالب:I2c:1:44"> 
</ptk:t>
                                                                                       </ptk:l>
                                                                                    </name>
                                                                                 </IllegalNameException>
                                                                              </ptk:l>
                                                                           </content>
                                                                        </PpResolverLog>
                                                                     </ptk:l>
                                                                  </content>
                                                               </CompilerLog>
                                                            </ptk:l>
                                                         </content>
                                                      </ResolveTransclusionLog>
                                                      <ResolveTransclusionLog>
                                                         <success>true</success>
                                                         <target>•w</target>
                                                         <canonical>قالب:•w</canonical>
                                                         <timeNeeded>0</timeNeeded>
                                                         <content>
                                                            <ptk:l>
                                                               <CompilerLog>
                                                                  <title>قالب:•w</title>
                                                                  <revision>152410</revision>
                                                                  <content>
                                                                     <ptk:l>
                                                                        <ValidatorLog>
                                                                           <timeNeeded>0</timeNeeded>
                                                                           <content>
                                                                              <ptk:l/>
                                                                           </content>
                                                                        </ValidatorLog>
                                                                        <PreprocessorLog>
                                                                           <forInclusion>true</forInclusion>
                                                                           <timeNeeded>0</timeNeeded>
                                                                           <content>
                                                                              <ptk:l/>
                                                                           </content>
                                                                        </PreprocessorLog>
                                                                        <PpResolverLog>
                                                                           <timeNeeded>0</timeNeeded>
                                                                           <content>
                                                                              <ptk:l/>
                                                                           </content>
                                                                        </PpResolverLog>
                                                                     </ptk:l>
                                                                  </content>
                                                               </CompilerLog>
                                                            </ptk:l>
                                                         </content>
                                                      </ResolveTransclusionLog>
                                                      <ResolveTransclusionLog>
                                                         <success>true</success>
                                                         <target>i2c</target>
                                                         <canonical>قالب:I2c</canonical>
                                                         <timeNeeded>0</timeNeeded>
                                                         <content>
                                                            <ptk:l>
                                                               <CompilerLog>
                                                                  <title>قالب:I2c</title>
                                                                  <revision>356406</revision>
                                                                  <content>
                                                                     <ptk:l>
                                                                        <ValidatorLog>
                                                                           <timeNeeded>0</timeNeeded>
                                                                           <content>
                                                                              <ptk:l/>
                                                                           </content>
                                                                        </ValidatorLog>
                                                                        <PreprocessorLog>
                                                                           <forInclusion>true</forInclusion>
                                                                           <timeNeeded>0</timeNeeded>
                                                                           <content>
                                                                              <ptk:l/>
                                                                           </content>
                                                                        </PreprocessorLog>
                                                                        <PpResolverLog>
                                                                           <timeNeeded>0</timeNeeded>
                                                                           <content>
                                                                              <ptk:l>
                                                                                 <IllegalNameException>
                                                                                    <message>Cannot resolve target of transclusion to a simple name.</message>
                                                                                    <name>
                                                                                       <ptk:l location="قالب:I2c:1:28">
                                                                                          <TemplateParameter location="قالب:I2c:1:19">
                                                                                             <ptk:a name="RTD">
                                                                                                <RtData>c3EAfgAAdXEAfgADAAAABHVxAH4ABQAAAAFxAH4ADXBwdXEAfgAFAAAAAXEAfgAP</RtData>
                                                                                             </ptk:a>
                                                                                             <name>
                                                                                                <ptk:l location="قالب:I2c:1:19">
                                                                                                   <ptk:t location="قالب:I2c:1:19">subst</ptk:t>
                                                                                                </ptk:l>
                                                                                             </name>
                                                                                             <defaultValue>
                                                                                                <TemplateArgument location="قالب:I2c:1:25">
                                                                                                   <ptk:a name="RTD">
                                                                                                      <RtData>c3EAfgAAdXEAfgADAAAAA3VxAH4ABQAAAAF0AAF8cHA=</RtData>
                                                                                                   </ptk:a>
                                                                                                   <hasName>false</hasName>
                                                                                                   <name>
                                                                                                      <ptk:l/>
                                                                                                   </name>
                                                                                                   <value>
                                                                                                      <ptk:l location="قالب:I2c:1:25"/>
                                                                                                   </value>
                                                                                                </TemplateArgument>
                                                                                             </defaultValue>
                                                                                             <garbage/>
                                                                                          </TemplateParameter>
                                                                                          <ptk:t location="قالب:I2c:1:28">#switch: </ptk:t>
                                                                                          <TemplateParameter location="قالب:I2c:1:40">
                                                                                             <ptk:a name="RTD">
                                                                                                <RtData>c3EAfgAAdXEAfgADAAAABHVxAH4ABQAAAAFxAH4ADXBwdXEAfgAFAAAAAXEAfgAP</RtData>
                                                                                             </ptk:a>
                                                                                             <name>
                                                                                                <ptk:l location="قالب:I2c:1:40">
                                                                                                   <ptk:t location="قالب:I2c:1:40">1</ptk:t>
                                                                                                </ptk:l>
                                                                                             </name>
                                                                                             <defaultValue/>
                                                                                             <garbage/>
                                                                                          </TemplateParameter>
                                                                                          <ptk:t location="قالب:I2c:1:44"> 
</ptk:t>
                                                                                       </ptk:l>
                                                                                    </name>
                                                                                 </IllegalNameException>
                                                                              </ptk:l>
                                                                           </content>
                                                                        </PpResolverLog>
                                                                     </ptk:l>
                                                                  </content>
                                                               </CompilerLog>
                                                            </ptk:l>
                                                         </content>
                                                      </ResolveTransclusionLog>
                                                      <ResolveTransclusionLog>
                                                         <success>true</success>
                                                         <target>i2c</target>
                                                         <canonical>قالب:I2c</canonical>
                                                         <timeNeeded>0</timeNeeded>
                                                         <content>
                                                            <ptk:l>
                                                               <CompilerLog>
                                                                  <title>قالب:I2c</title>
                                                                  <revision>356406</revision>
                                                                  <content>
                                                                     <ptk:l>
                                                                        <ValidatorLog>
                                                                           <timeNeeded>0</timeNeeded>
                                                                           <content>
                                                                              <ptk:l/>
                                                                           </content>
                                                                        </ValidatorLog>
                                                                        <PreprocessorLog>
                                                                           <forInclusion>true</forInclusion>
                                                                           <timeNeeded>0</timeNeeded>
                                                                           <content>
                                                                              <ptk:l/>
                                                                           </content>
                                                                        </PreprocessorLog>
                                                                        <PpResolverLog>
                                                                           <timeNeeded>0</timeNeeded>
                                                                           <content>
                                                                              <ptk:l>
                                                                                 <IllegalNameException>
                                                                                    <message>Cannot resolve target of transclusion to a simple name.</message>
                                                                                    <name>
                                                                                       <ptk:l location="قالب:I2c:1:28">
                                                                                          <TemplateParameter location="قالب:I2c:1:19">
                                                                                             <ptk:a name="RTD">
                                                                                                <RtData>c3EAfgAAdXEAfgADAAAABHVxAH4ABQAAAAFxAH4ADXBwdXEAfgAFAAAAAXEAfgAP</RtData>
                                                                                             </ptk:a>
                                                                                             <name>
                                                                                                <ptk:l location="قالب:I2c:1:19">
                                                                                                   <ptk:t location="قالب:I2c:1:19">subst</ptk:t>
                                                                                                </ptk:l>
                                                                                             </name>
                                                                                             <defaultValue>
                                                                                                <TemplateArgument location="قالب:I2c:1:25">
                                                                                                   <ptk:a name="RTD">
                                                                                                      <RtData>c3EAfgAAdXEAfgADAAAAA3VxAH4ABQAAAAF0AAF8cHA=</RtData>
                                                                                                   </ptk:a>
                                                                                                   <hasName>false</hasName>
                                                                                                   <name>
                                                                                                      <ptk:l/>
                                                                                                   </name>
                                                                                                   <value>
                                                                                                      <ptk:l location="قالب:I2c:1:25"/>
                                                                                                   </value>
                                                                                                </TemplateArgument>
                                                                                             </defaultValue>
                                                                                             <garbage/>
                                                                                          </TemplateParameter>
                                                                                          <ptk:t location="قالب:I2c:1:28">#switch: </ptk:t>
                                                                                          <TemplateParameter location="قالب:I2c:1:40">
                                                                                             <ptk:a name="RTD">
                                                                                                <RtData>c3EAfgAAdXEAfgADAAAABHVxAH4ABQAAAAFxAH4ADXBwdXEAfgAFAAAAAXEAfgAP</RtData>
                                                                                             </ptk:a>
                                                                                             <name>
                                                                                                <ptk:l location="قالب:I2c:1:40">
                                                                                                   <ptk:t location="قالب:I2c:1:40">1</ptk:t>
                                                                                                </ptk:l>
                                                                                             </name>
                                                                                             <defaultValue/>
                                                                                             <garbage/>
                                                                                          </TemplateParameter>
                                                                                          <ptk:t location="قالب:I2c:1:44"> 
</ptk:t>
                                                                                       </ptk:l>
                                                                                    </name>
                                                                                 </IllegalNameException>
                                                                              </ptk:l>
                                                                           </content>
                                                                        </PpResolverLog>
                                                                     </ptk:l>
                                                                  </content>
                                                               </CompilerLog>
                                                            </ptk:l>
                                                         </content>
                                                      </ResolveTransclusionLog>
                                                      <ResolveTransclusionLog>
                                                         <success>true</success>
                                                         <target>•w</target>
                                                         <canonical>قالب:•w</canonical>
                                                         <timeNeeded>0</timeNeeded>
                                                         <content>
                                                            <ptk:l>
                                                               <CompilerLog>
                                                                  <title>قالب:•w</title>
                                                                  <revision>152410</revision>
                                                                  <content>
                                                                     <ptk:l>
                                                                        <ValidatorLog>
                                                                           <timeNeeded>0</timeNeeded>
                                                                           <content>
                                                                              <ptk:l/>
                                                                           </content>
                                                                        </ValidatorLog>
                                                                        <PreprocessorLog>
                                                                           <forInclusion>true</forInclusion>
                                                                           <timeNeeded>0</timeNeeded>
                                                                           <content>
                                                                              <ptk:l/>
                                                                           </content>
                                                                        </PreprocessorLog>
                                                                        <PpResolverLog>
                                                                           <timeNeeded>0</timeNeeded>
                                                                           <content>
                                                                              <ptk:l/>
                                                                           </content>
                                                                        </PpResolverLog>
                                                                     </ptk:l>
                                                                  </content>
                                                               </CompilerLog>
                                                            </ptk:l>
                                                         </content>
                                                      </ResolveTransclusionLog>
                                                      <ResolveTransclusionLog>
                                                         <success>true</success>
                                                         <target>i2c</target>
                                                         <canonical>قالب:I2c</canonical>
                                                         <timeNeeded>0</timeNeeded>
                                                         <content>
                                                            <ptk:l>
                                                               <CompilerLog>
                                                                  <title>قالب:I2c</title>
                                                                  <revision>356406</revision>
                                                                  <content>
                                                                     <ptk:l>
                                                                        <ValidatorLog>
                                                                           <timeNeeded>0</timeNeeded>
                                                                           <content>
                                                                              <ptk:l/>
                                                                           </content>
                                                                        </ValidatorLog>
                                                                        <PreprocessorLog>
                                                                           <forInclusion>true</forInclusion>
                                                                           <timeNeeded>0</timeNeeded>
                                                                           <content>
                                                                              <ptk:l/>
                                                                           </content>
                                                                        </PreprocessorLog>
                                                                        <PpResolverLog>
                                                                           <timeNeeded>0</timeNeeded>
                                                                           <content>
                                                                              <ptk:l>
                                                                                 <IllegalNameException>
                                                                                    <message>Cannot resolve target of transclusion to a simple name.</message>
                                                                                    <name>
                                                                                       <ptk:l location="قالب:I2c:1:28">
                                                                                          <TemplateParameter location="قالب:I2c:1:19">
                                                                                             <ptk:a name="RTD">
                                                                                                <RtData>c3EAfgAAdXEAfgADAAAABHVxAH4ABQAAAAFxAH4ADXBwdXEAfgAFAAAAAXEAfgAP</RtData>
                                                                                             </ptk:a>
                                                                                             <name>
                                                                                                <ptk:l location="قالب:I2c:1:19">
                                                                                                   <ptk:t location="قالب:I2c:1:19">subst</ptk:t>
                                                                                                </ptk:l>
                                                                                             </name>
                                                                                             <defaultValue>
                                                                                                <TemplateArgument location="قالب:I2c:1:25">
                                                                                                   <ptk:a name="RTD">
                                                                                                      <RtData>c3EAfgAAdXEAfgADAAAAA3VxAH4ABQAAAAF0AAF8cHA=</RtData>
                                                                                                   </ptk:a>
                                                                                                   <hasName>false</hasName>
                                                                                                   <name>
                                                                                                      <ptk:l/>
                                                                                                   </name>
                                                                                                   <value>
                                                                                                      <ptk:l location="قالب:I2c:1:25"/>
                                                                                                   </value>
                                                                                                </TemplateArgument>
                                                                                             </defaultValue>
                                                                                             <garbage/>
                                                                                          </TemplateParameter>
                                                                                          <ptk:t location="قالب:I2c:1:28">#switch: </ptk:t>
                                                                                          <TemplateParameter location="قالب:I2c:1:40">
                                                                                             <ptk:a name="RTD">
                                                                                                <RtData>c3EAfgAAdXEAfgADAAAABHVxAH4ABQAAAAFxAH4ADXBwdXEAfgAFAAAAAXEAfgAP</RtData>
                                                                                             </ptk:a>
                                                                                             <name>
                                                                                                <ptk:l location="قالب:I2c:1:40">
                                                                                                   <ptk:t location="قالب:I2c:1:40">1</ptk:t>
                                                                                                </ptk:l>
                                                                                             </name>
                                                                                             <defaultValue/>
                                                                                             <garbage/>
                                                                                          </TemplateParameter>
                                                                                          <ptk:t location="قالب:I2c:1:44"> 
</ptk:t>
                                                                                       </ptk:l>
                                                                                    </name>
                                                                                 </IllegalNameException>
                                                                              </ptk:l>
                                                                           </content>
                                                                        </PpResolverLog>
                                                                     </ptk:l>
                                                                  </content>
                                                               </CompilerLog>
                                                            </ptk:l>
                                                         </content>
                                                      </ResolveTransclusionLog>
                                                      <ResolveTransclusionLog>
                                                         <success>true</success>
                                                         <target>i2c</target>
                                                         <canonical>قالب:I2c</canonical>
                                                         <timeNeeded>0</timeNeeded>
                                                         <content>
                                                            <ptk:l>
                                                               <CompilerLog>
                                                                  <title>قالب:I2c</title>
                                                                  <revision>356406</revision>
                                                                  <content>
                                                                     <ptk:l>
                                                                        <ValidatorLog>
                                                                           <timeNeeded>0</timeNeeded>
                                                                           <content>
                                                                              <ptk:l/>
                                                                           </content>
                                                                        </ValidatorLog>
                                                                        <PreprocessorLog>
                                                                           <forInclusion>true</forInclusion>
                                                                           <timeNeeded>0</timeNeeded>
                                                                           <content>
                                                                              <ptk:l/>
                                                                           </content>
                                                                        </PreprocessorLog>
                                                                        <PpResolverLog>
                                                                           <timeNeeded>0</timeNeeded>
                                                                           <content>
                                                                              <ptk:l>
                                                                                 <IllegalNameException>
                                                                                    <message>Cannot resolve target of transclusion to a simple name.</message>
                                                                                    <name>
                                                                                       <ptk:l location="قالب:I2c:1:28">
                                                                                          <TemplateParameter location="قالب:I2c:1:19">
                                                                                             <ptk:a name="RTD">
                                                                                                <RtData>c3EAfgAAdXEAfgADAAAABHVxAH4ABQAAAAFxAH4ADXBwdXEAfgAFAAAAAXEAfgAP</RtData>
                                                                                             </ptk:a>
                                                                                             <name>
                                                                                                <ptk:l location="قالب:I2c:1:19">
                                                                                                   <ptk:t location="قالب:I2c:1:19">subst</ptk:t>
                                                                                                </ptk:l>
                                                                                             </name>
                                                                                             <defaultValue>
                                                                                                <TemplateArgument location="قالب:I2c:1:25">
                                                                                                   <ptk:a name="RTD">
                                                                                                      <RtData>c3EAfgAAdXEAfgADAAAAA3VxAH4ABQAAAAF0AAF8cHA=</RtData>
                                                                                                   </ptk:a>
                                                                                                   <hasName>false</hasName>
                                                                                                   <name>
                                                                                                      <ptk:l/>
                                                                                                   </name>
                                                                                                   <value>
                                                                                                      <ptk:l location="قالب:I2c:1:25"/>
                                                                                                   </value>
                                                                                                </TemplateArgument>
                                                                                             </defaultValue>
                                                                                             <garbage/>
                                                                                          </TemplateParameter>
                                                                                          <ptk:t location="قالب:I2c:1:28">#switch: </ptk:t>
                                                                                          <TemplateParameter location="قالب:I2c:1:40">
                                                                                             <ptk:a name="RTD">
                                                                                                <RtData>c3EAfgAAdXEAfgADAAAABHVxAH4ABQAAAAFxAH4ADXBwdXEAfgAFAAAAAXEAfgAP</RtData>
                                                                                             </ptk:a>
                                                                                             <name>
                                                                                                <ptk:l location="قالب:I2c:1:40">
                                                                                                   <ptk:t location="قالب:I2c:1:40">1</ptk:t>
                                                                                                </ptk:l>
                                                                                             </name>
                                                                                             <defaultValue/>
                                                                                             <garbage/>
                                                                                          </TemplateParameter>
                                                                                          <ptk:t location="قالب:I2c:1:44"> 
</ptk:t>
                                                                                       </ptk:l>
                                                                                    </name>
                                                                                 </IllegalNameException>
                                                                              </ptk:l>
                                                                           </content>
                                                                        </PpResolverLog>
                                                                     </ptk:l>
                                                                  </content>
                                                               </CompilerLog>
                                                            </ptk:l>
                                                         </content>
                                                      </ResolveTransclusionLog>
                                                      <ResolveTransclusionLog>
                                                         <success>true</success>
                                                         <target>•w</target>
                                                         <canonical>قالب:•w</canonical>
                                                         <timeNeeded>0</timeNeeded>
                                                         <content>
                                                            <ptk:l>
                                                               <CompilerLog>
                                                                  <title>قالب:•w</title>
                                                                  <revision>152410</revision>
                                                                  <content>
                                                                     <ptk:l>
                                                                        <ValidatorLog>
                                                                           <timeNeeded>0</timeNeeded>
                                                                           <content>
                                                                              <ptk:l/>
                                                                           </content>
                                                                        </ValidatorLog>
                                                                        <PreprocessorLog>
                                                                           <forInclusion>true</forInclusion>
                                                                           <timeNeeded>0</timeNeeded>
                                                                           <content>
                                                                              <ptk:l/>
                                                                           </content>
                                                                        </PreprocessorLog>
                                                                        <PpResolverLog>
                                                                           <timeNeeded>0</timeNeeded>
                                                                           <content>
                                                                              <ptk:l/>
                                                                           </content>
                                                                        </PpResolverLog>
                                                                     </ptk:l>
                                                                  </content>
                                                               </CompilerLog>
                                                            </ptk:l>
                                                         </content>
                                                      </ResolveTransclusionLog>
                                                      <ResolveTransclusionLog>
                                                         <success>true</success>
                                                         <target>i2c</target>
                                                         <canonical>قالب:I2c</canonical>
                                                         <timeNeeded>0</timeNeeded>
                                                         <content>
                                                            <ptk:l>
                                                               <CompilerLog>
                                                                  <title>قالب:I2c</title>
                                                                  <revision>356406</revision>
                                                                  <content>
                                                                     <ptk:l>
                                                                        <ValidatorLog>
                                                                           <timeNeeded>0</timeNeeded>
                                                                           <content>
                                                                              <ptk:l/>
                                                                           </content>
                                                                        </ValidatorLog>
                                                                        <PreprocessorLog>
                                                                           <forInclusion>true</forInclusion>
                                                                           <timeNeeded>0</timeNeeded>
                                                                           <content>
                                                                              <ptk:l/>
                                                                           </content>
                                                                        </PreprocessorLog>
                                                                        <PpResolverLog>
                                                                           <timeNeeded>0</timeNeeded>
                                                                           <content>
                                                                              <ptk:l>
                                                                                 <IllegalNameException>
                                                                                    <message>Cannot resolve target of transclusion to a simple name.</message>
                                                                                    <name>
                                                                                       <ptk:l location="قالب:I2c:1:28">
                                                                                          <TemplateParameter location="قالب:I2c:1:19">
                                                                                             <ptk:a name="RTD">
                                                                                                <RtData>c3EAfgAAdXEAfgADAAAABHVxAH4ABQAAAAFxAH4ADXBwdXEAfgAFAAAAAXEAfgAP</RtData>
                                                                                             </ptk:a>
                                                                                             <name>
                                                                                                <ptk:l location="قالب:I2c:1:19">
                                                                                                   <ptk:t location="قالب:I2c:1:19">subst</ptk:t>
                                                                                                </ptk:l>
                                                                                             </name>
                                                                                             <defaultValue>
                                                                                                <TemplateArgument location="قالب:I2c:1:25">
                                                                                                   <ptk:a name="RTD">
                                                                                                      <RtData>c3EAfgAAdXEAfgADAAAAA3VxAH4ABQAAAAF0AAF8cHA=</RtData>
                                                                                                   </ptk:a>
                                                                                                   <hasName>false</hasName>
                                                                                                   <name>
                                                                                                      <ptk:l/>
                                                                                                   </name>
                                                                                                   <value>
                                                                                                      <ptk:l location="قالب:I2c:1:25"/>
                                                                                                   </value>
                                                                                                </TemplateArgument>
                                                                                             </defaultValue>
                                                                                             <garbage/>
                                                                                          </TemplateParameter>
                                                                                          <ptk:t location="قالب:I2c:1:28">#switch: </ptk:t>
                                                                                          <TemplateParameter location="قالب:I2c:1:40">
                                                                                             <ptk:a name="RTD">
                                                                                                <RtData>c3EAfgAAdXEAfgADAAAABHVxAH4ABQAAAAFxAH4ADXBwdXEAfgAFAAAAAXEAfgAP</RtData>
                                                                                             </ptk:a>
                                                                                             <name>
                                                                                                <ptk:l location="قالب:I2c:1:40">
                                                                                                   <ptk:t location="قالب:I2c:1:40">1</ptk:t>
                                                                                                </ptk:l>
                                                                                             </name>
                                                                                             <defaultValue/>
                                                                                             <garbage/>
                                                                                          </TemplateParameter>
                                                                                          <ptk:t location="قالب:I2c:1:44"> 
</ptk:t>
                                                                                       </ptk:l>
                                                                                    </name>
                                                                                 </IllegalNameException>
                                                                              </ptk:l>
                                                                           </content>
                                                                        </PpResolverLog>
                                                                     </ptk:l>
                                                                  </content>
                                                               </CompilerLog>
                                                            </ptk:l>
                                                         </content>
                                                      </ResolveTransclusionLog>
                                                      <ResolveTransclusionLog>
                                                         <success>true</success>
                                                         <target>i2c</target>
                                                         <canonical>قالب:I2c</canonical>
                                                         <timeNeeded>0</timeNeeded>
                                                         <content>
                                                            <ptk:l>
                                                               <CompilerLog>
                                                                  <title>قالب:I2c</title>
                                                                  <revision>356406</revision>
                                                                  <content>
                                                                     <ptk:l>
                                                                        <ValidatorLog>
                                                                           <timeNeeded>0</timeNeeded>
                                                                           <content>
                                                                              <ptk:l/>
                                                                           </content>
                                                                        </ValidatorLog>
                                                                        <PreprocessorLog>
                                                                           <forInclusion>true</forInclusion>
                                                                           <timeNeeded>0</timeNeeded>
                                                                           <content>
                                                                              <ptk:l/>
                                                                           </content>
                                                                        </PreprocessorLog>
                                                                        <PpResolverLog>
                                                                           <timeNeeded>0</timeNeeded>
                                                                           <content>
                                                                              <ptk:l>
                                                                                 <IllegalNameException>
                                                                                    <message>Cannot resolve target of transclusion to a simple name.</message>
                                                                                    <name>
                                                                                       <ptk:l location="قالب:I2c:1:28">
                                                                                          <TemplateParameter location="قالب:I2c:1:19">
                                                                                             <ptk:a name="RTD">
                                                                                                <RtData>c3EAfgAAdXEAfgADAAAABHVxAH4ABQAAAAFxAH4ADXBwdXEAfgAFAAAAAXEAfgAP</RtData>
                                                                                             </ptk:a>
                                                                                             <name>
                                                                                                <ptk:l location="قالب:I2c:1:19">
                                                                                                   <ptk:t location="قالب:I2c:1:19">subst</ptk:t>
                                                                                                </ptk:l>
                                                                                             </name>
                                                                                             <defaultValue>
                                                                                                <TemplateArgument location="قالب:I2c:1:25">
                                                                                                   <ptk:a name="RTD">
                                                                                                      <RtData>c3EAfgAAdXEAfgADAAAAA3VxAH4ABQAAAAF0AAF8cHA=</RtData>
                                                                                                   </ptk:a>
                                                                                                   <hasName>false</hasName>
                                                                                                   <name>
                                                                                                      <ptk:l/>
                                                                                                   </name>
                                                                                                   <value>
                                                                                                      <ptk:l location="قالب:I2c:1:25"/>
                                                                                                   </value>
                                                                                                </TemplateArgument>
                                                                                             </defaultValue>
                                                                                             <garbage/>
                                                                                          </TemplateParameter>
                                                                                          <ptk:t location="قالب:I2c:1:28">#switch: </ptk:t>
                                                                                          <TemplateParameter location="قالب:I2c:1:40">
                                                                                             <ptk:a name="RTD">
                                                                                                <RtData>c3EAfgAAdXEAfgADAAAABHVxAH4ABQAAAAFxAH4ADXBwdXEAfgAFAAAAAXEAfgAP</RtData>
                                                                                             </ptk:a>
                                                                                             <name>
                                                                                                <ptk:l location="قالب:I2c:1:40">
                                                                                                   <ptk:t location="قالب:I2c:1:40">1</ptk:t>
                                                                                                </ptk:l>
                                                                                             </name>
                                                                                             <defaultValue/>
                                                                                             <garbage/>
                                                                                          </TemplateParameter>
                                                                                          <ptk:t location="قالب:I2c:1:44"> 
</ptk:t>
                                                                                       </ptk:l>
                                                                                    </name>
                                                                                 </IllegalNameException>
                                                                              </ptk:l>
                                                                           </content>
                                                                        </PpResolverLog>
                                                                     </ptk:l>
                                                                  </content>
                                                               </CompilerLog>
                                                            </ptk:l>
                                                         </content>
                                                      </ResolveTransclusionLog>
                                                      <ResolveTransclusionLog>
                                                         <success>true</success>
                                                         <target>•w</target>
                                                         <canonical>قالب:•w</canonical>
                                                         <timeNeeded>0</timeNeeded>
                                                         <content>
                                                            <ptk:l>
                                                               <CompilerLog>
                                                                  <title>قالب:•w</title>
                                                                  <revision>152410</revision>
                                                                  <content>
                                                                     <ptk:l>
                                                                        <ValidatorLog>
                                                                           <timeNeeded>0</timeNeeded>
                                                                           <content>
                                                                              <ptk:l/>
                                                                           </content>
                                                                        </ValidatorLog>
                                                                        <PreprocessorLog>
                                                                           <forInclusion>true</forInclusion>
                                                                           <timeNeeded>0</timeNeeded>
                                                                           <content>
                                                                              <ptk:l/>
                                                                           </content>
                                                                        </PreprocessorLog>
                                                                        <PpResolverLog>
                                                                           <timeNeeded>0</timeNeeded>
                                                                           <content>
                                                                              <ptk:l/>
                                                                           </content>
                                                                        </PpResolverLog>
                                                                     </ptk:l>
                                                                  </content>
                                                               </CompilerLog>
                                                            </ptk:l>
                                                         </content>
                                                      </ResolveTransclusionLog>
                                                      <ResolveTransclusionLog>
                                                         <success>true</success>
                                                         <target>i2c</target>
                                                         <canonical>قالب:I2c</canonical>
                                                         <timeNeeded>0</timeNeeded>
                                                         <content>
                                                            <ptk:l>
                                                               <CompilerLog>
                                                                  <title>قالب:I2c</title>
                                                                  <revision>356406</revision>
                                                                  <content>
                                                                     <ptk:l>
                                                                        <ValidatorLog>
                                                                           <timeNeeded>0</timeNeeded>
                                                                           <content>
                                                                              <ptk:l/>
                                                                           </content>
                                                                        </ValidatorLog>
                                                                        <PreprocessorLog>
                                                                           <forInclusion>true</forInclusion>
                                                                           <timeNeeded>0</timeNeeded>
                                                                           <content>
                                                                              <ptk:l/>
                                                                           </content>
                                                                        </PreprocessorLog>
                                                                        <PpResolverLog>
                                                                           <timeNeeded>0</timeNeeded>
                                                                           <content>
                                                                              <ptk:l>
                                                                                 <IllegalNameException>
                                                                                    <message>Cannot resolve target of transclusion to a simple name.</message>
                                                                                    <name>
                                                                                       <ptk:l location="قالب:I2c:1:28">
                                                                                          <TemplateParameter location="قالب:I2c:1:19">
                                                                                             <ptk:a name="RTD">
                                                                                                <RtData>c3EAfgAAdXEAfgADAAAABHVxAH4ABQAAAAFxAH4ADXBwdXEAfgAFAAAAAXEAfgAP</RtData>
                                                                                             </ptk:a>
                                                                                             <name>
                                                                                                <ptk:l location="قالب:I2c:1:19">
                                                                                                   <ptk:t location="قالب:I2c:1:19">subst</ptk:t>
                                                                                                </ptk:l>
                                                                                             </name>
                                                                                             <defaultValue>
                                                                                                <TemplateArgument location="قالب:I2c:1:25">
                                                                                                   <ptk:a name="RTD">
                                                                                                      <RtData>c3EAfgAAdXEAfgADAAAAA3VxAH4ABQAAAAF0AAF8cHA=</RtData>
                                                                                                   </ptk:a>
                                                                                                   <hasName>false</hasName>
                                                                                                   <name>
                                                                                                      <ptk:l/>
                                                                                                   </name>
                                                                                                   <value>
                                                                                                      <ptk:l location="قالب:I2c:1:25"/>
                                                                                                   </value>
                                                                                                </TemplateArgument>
                                                                                             </defaultValue>
                                                                                             <garbage/>
                                                                                          </TemplateParameter>
                                                                                          <ptk:t location="قالب:I2c:1:28">#switch: </ptk:t>
                                                                                          <TemplateParameter location="قالب:I2c:1:40">
                                                                                             <ptk:a name="RTD">
                                                                                                <RtData>c3EAfgAAdXEAfgADAAAABHVxAH4ABQAAAAFxAH4ADXBwdXEAfgAFAAAAAXEAfgAP</RtData>
                                                                                             </ptk:a>
                                                                                             <name>
                                                                                                <ptk:l location="قالب:I2c:1:40">
                                                                                                   <ptk:t location="قالب:I2c:1:40">1</ptk:t>
                                                                                                </ptk:l>
                                                                                             </name>
                                                                                             <defaultValue/>
                                                                                             <garbage/>
                                                                                          </TemplateParameter>
                                                                                          <ptk:t location="قالب:I2c:1:44"> 
</ptk:t>
                                                                                       </ptk:l>
                                                                                    </name>
                                                                                 </IllegalNameException>
                                                                              </ptk:l>
                                                                           </content>
                                                                        </PpResolverLog>
                                                                     </ptk:l>
                                                                  </content>
                                                               </CompilerLog>
                                                            </ptk:l>
                                                         </content>
                                                      </ResolveTransclusionLog>
                                                      <ResolveTransclusionLog>
                                                         <success>true</success>
                                                         <target>i2c</target>
                                                         <canonical>قالب:I2c</canonical>
                                                         <timeNeeded>0</timeNeeded>
                                                         <content>
                                                            <ptk:l>
                                                               <CompilerLog>
                                                                  <title>قالب:I2c</title>
                                                                  <revision>356406</revision>
                                                                  <content>
                                                                     <ptk:l>
                                                                        <ValidatorLog>
                                                                           <timeNeeded>0</timeNeeded>
                                                                           <content>
                                                                              <ptk:l/>
                                                                           </content>
                                                                        </ValidatorLog>
                                                                        <PreprocessorLog>
                                                                           <forInclusion>true</forInclusion>
                                                                           <timeNeeded>0</timeNeeded>
                                                                           <content>
                                                                              <ptk:l/>
                                                                           </content>
                                                                        </PreprocessorLog>
                                                                        <PpResolverLog>
                                                                           <timeNeeded>0</timeNeeded>
                                                                           <content>
                                                                              <ptk:l>
                                                                                 <IllegalNameException>
                                                                                    <message>Cannot resolve target of transclusion to a simple name.</message>
                                                                                    <name>
                                                                                       <ptk:l location="قالب:I2c:1:28">
                                                                                          <TemplateParameter location="قالب:I2c:1:19">
                                                                                             <ptk:a name="RTD">
                                                                                                <RtData>c3EAfgAAdXEAfgADAAAABHVxAH4ABQAAAAFxAH4ADXBwdXEAfgAFAAAAAXEAfgAP</RtData>
                                                                                             </ptk:a>
                                                                                             <name>
                                                                                                <ptk:l location="قالب:I2c:1:19">
                                                                                                   <ptk:t location="قالب:I2c:1:19">subst</ptk:t>
                                                                                                </ptk:l>
                                                                                             </name>
                                                                                             <defaultValue>
                                                                                                <TemplateArgument location="قالب:I2c:1:25">
                                                                                                   <ptk:a name="RTD">
                                                                                                      <RtData>c3EAfgAAdXEAfgADAAAAA3VxAH4ABQAAAAF0AAF8cHA=</RtData>
                                                                                                   </ptk:a>
                                                                                                   <hasName>false</hasName>
                                                                                                   <name>
                                                                                                      <ptk:l/>
                                                                                                   </name>
                                                                                                   <value>
                                                                                                      <ptk:l location="قالب:I2c:1:25"/>
                                                                                                   </value>
                                                                                                </TemplateArgument>
                                                                                             </defaultValue>
                                                                                             <garbage/>
                                                                                          </TemplateParameter>
                                                                                          <ptk:t location="قالب:I2c:1:28">#switch: </ptk:t>
                                                                                          <TemplateParameter location="قالب:I2c:1:40">
                                                                                             <ptk:a name="RTD">
                                                                                                <RtData>c3EAfgAAdXEAfgADAAAABHVxAH4ABQAAAAFxAH4ADXBwdXEAfgAFAAAAAXEAfgAP</RtData>
                                                                                             </ptk:a>
                                                                                             <name>
                                                                                                <ptk:l location="قالب:I2c:1:40">
                                                                                                   <ptk:t location="قالب:I2c:1:40">1</ptk:t>
                                                                                                </ptk:l>
                                                                                             </name>
                                                                                             <defaultValue/>
                                                                                             <garbage/>
                                                                                          </TemplateParameter>
                                                                                          <ptk:t location="قالب:I2c:1:44"> 
</ptk:t>
                                                                                       </ptk:l>
                                                                                    </name>
                                                                                 </IllegalNameException>
                                                                              </ptk:l>
                                                                           </content>
                                                                        </PpResolverLog>
                                                                     </ptk:l>
                                                                  </content>
                                                               </CompilerLog>
                                                            </ptk:l>
                                                         </content>
                                                      </ResolveTransclusionLog>
                                                      <ResolveTransclusionLog>
                                                         <success>true</success>
                                                         <target>•w</target>
                                                         <canonical>قالب:•w</canonical>
                                                         <timeNeeded>0</timeNeeded>
                                                         <content>
                                                            <ptk:l>
                                                               <CompilerLog>
                                                                  <title>قالب:•w</title>
                                                                  <revision>152410</revision>
                                                                  <content>
                                                                     <ptk:l>
                                                                        <ValidatorLog>
                                                                           <timeNeeded>0</timeNeeded>
                                                                           <content>
                                                                              <ptk:l/>
                                                                           </content>
                                                                        </ValidatorLog>
                                                                        <PreprocessorLog>
                                                                           <forInclusion>true</forInclusion>
                                                                           <timeNeeded>0</timeNeeded>
                                                                           <content>
                                                                              <ptk:l/>
                                                                           </content>
                                                                        </PreprocessorLog>
                                                                        <PpResolverLog>
                                                                           <timeNeeded>0</timeNeeded>
                                                                           <content>
                                                                              <ptk:l/>
                                                                           </content>
                                                                        </PpResolverLog>
                                                                     </ptk:l>
                                                                  </content>
                                                               </CompilerLog>
                                                            </ptk:l>
                                                         </content>
                                                      </ResolveTransclusionLog>
                                                      <ResolveTransclusionLog>
                                                         <success>true</success>
                                                         <target>i2c</target>
                                                         <canonical>قالب:I2c</canonical>
                                                         <timeNeeded>16</timeNeeded>
                                                         <content>
                                                            <ptk:l>
                                                               <CompilerLog>
                                                                  <title>قالب:I2c</title>
                                                                  <revision>356406</revision>
                                                                  <content>
                                                                     <ptk:l>
                                                                        <ValidatorLog>
                                                                           <timeNeeded>0</timeNeeded>
                                                                           <content>
                                                                              <ptk:l/>
                                                                           </content>
                                                                        </ValidatorLog>
                                                                        <PreprocessorLog>
                                                                           <forInclusion>true</forInclusion>
                                                                           <timeNeeded>0</timeNeeded>
                                                                           <content>
                                                                              <ptk:l/>
                                                                           </content>
                                                                        </PreprocessorLog>
                                                                        <PpResolverLog>
                                                                           <timeNeeded>0</timeNeeded>
                                                                           <content>
                                                                              <ptk:l>
                                                                                 <IllegalNameException>
                                                                                    <message>Cannot resolve target of transclusion to a simple name.</message>
                                                                                    <name>
                                                                                       <ptk:l location="قالب:I2c:1:28">
                                                                                          <TemplateParameter location="قالب:I2c:1:19">
                                                                                             <ptk:a name="RTD">
                                                                                                <RtData>c3EAfgAAdXEAfgADAAAABHVxAH4ABQAAAAFxAH4ADXBwdXEAfgAFAAAAAXEAfgAP</RtData>
                                                                                             </ptk:a>
                                                                                             <name>
                                                                                                <ptk:l location="قالب:I2c:1:19">
                                                                                                   <ptk:t location="قالب:I2c:1:19">subst</ptk:t>
                                                                                                </ptk:l>
                                                                                             </name>
                                                                                             <defaultValue>
                                                                                                <TemplateArgument location="قالب:I2c:1:25">
                                                                                                   <ptk:a name="RTD">
                                                                                                      <RtData>c3EAfgAAdXEAfgADAAAAA3VxAH4ABQAAAAF0AAF8cHA=</RtData>
                                                                                                   </ptk:a>
                                                                                                   <hasName>false</hasName>
                                                                                                   <name>
                                                                                                      <ptk:l/>
                                                                                                   </name>
                                                                                                   <value>
                                                                                                      <ptk:l location="قالب:I2c:1:25"/>
                                                                                                   </value>
                                                                                                </TemplateArgument>
                                                                                             </defaultValue>
                                                                                             <garbage/>
                                                                                          </TemplateParameter>
                                                                                          <ptk:t location="قالب:I2c:1:28">#switch: </ptk:t>
                                                                                          <TemplateParameter location="قالب:I2c:1:40">
                                                                                             <ptk:a name="RTD">
                                                                                                <RtData>c3EAfgAAdXEAfgADAAAABHVxAH4ABQAAAAFxAH4ADXBwdXEAfgAFAAAAAXEAfgAP</RtData>
                                                                                             </ptk:a>
                                                                                             <name>
                                                                                                <ptk:l location="قالب:I2c:1:40">
                                                                                                   <ptk:t location="قالب:I2c:1:40">1</ptk:t>
                                                                                                </ptk:l>
                                                                                             </name>
                                                                                             <defaultValue/>
                                                                                             <garbage/>
                                                                                          </TemplateParameter>
                                                                                          <ptk:t location="قالب:I2c:1:44"> 
</ptk:t>
                                                                                       </ptk:l>
                                                                                    </name>
                                                                                 </IllegalNameException>
                                                                              </ptk:l>
                                                                           </content>
                                                                        </PpResolverLog>
                                                                     </ptk:l>
                                                                  </content>
                                                               </CompilerLog>
                                                            </ptk:l>
                                                         </content>
                                                      </ResolveTransclusionLog>
                                                      <ResolveTransclusionLog>
                                                         <success>true</success>
                                                         <target>i2c</target>
                                                         <canonical>قالب:I2c</canonical>
                                                         <timeNeeded>0</timeNeeded>
                                                         <content>
                                                            <ptk:l>
                                                               <CompilerLog>
                                                                  <title>قالب:I2c</title>
                                                                  <revision>356406</revision>
                                                                  <content>
                                                                     <ptk:l>
                                                                        <ValidatorLog>
                                                                           <timeNeeded>0</timeNeeded>
                                                                           <content>
                                                                              <ptk:l/>
                                                                           </content>
                                                                        </ValidatorLog>
                                                                        <PreprocessorLog>
                                                                           <forInclusion>true</forInclusion>
                                                                           <timeNeeded>0</timeNeeded>
                                                                           <content>
                                                                              <ptk:l/>
                                                                           </content>
                                                                        </PreprocessorLog>
                                                                        <PpResolverLog>
                                                                           <timeNeeded>0</timeNeeded>
                                                                           <content>
                                                                              <ptk:l>
                                                                                 <IllegalNameException>
                                                                                    <message>Cannot resolve target of transclusion to a simple name.</message>
                                                                                    <name>
                                                                                       <ptk:l location="قالب:I2c:1:28">
                                                                                          <TemplateParameter location="قالب:I2c:1:19">
                                                                                             <ptk:a name="RTD">
                                                                                                <RtData>c3EAfgAAdXEAfgADAAAABHVxAH4ABQAAAAFxAH4ADXBwdXEAfgAFAAAAAXEAfgAP</RtData>
                                                                                             </ptk:a>
                                                                                             <name>
                                                                                                <ptk:l location="قالب:I2c:1:19">
                                                                                                   <ptk:t location="قالب:I2c:1:19">subst</ptk:t>
                                                                                                </ptk:l>
                                                                                             </name>
                                                                                             <defaultValue>
                                                                                                <TemplateArgument location="قالب:I2c:1:25">
                                                                                                   <ptk:a name="RTD">
                                                                                                      <RtData>c3EAfgAAdXEAfgADAAAAA3VxAH4ABQAAAAF0AAF8cHA=</RtData>
                                                                                                   </ptk:a>
                                                                                                   <hasName>false</hasName>
                                                                                                   <name>
                                                                                                      <ptk:l/>
                                                                                                   </name>
                                                                                                   <value>
                                                                                                      <ptk:l location="قالب:I2c:1:25"/>
                                                                                                   </value>
                                                                                                </TemplateArgument>
                                                                                             </defaultValue>
                                                                                             <garbage/>
                                                                                          </TemplateParameter>
                                                                                          <ptk:t location="قالب:I2c:1:28">#switch: </ptk:t>
                                                                                          <TemplateParameter location="قالب:I2c:1:40">
                                                                                             <ptk:a name="RTD">
                                                                                                <RtData>c3EAfgAAdXEAfgADAAAABHVxAH4ABQAAAAFxAH4ADXBwdXEAfgAFAAAAAXEAfgAP</RtData>
                                                                                             </ptk:a>
                                                                                             <name>
                                                                                                <ptk:l location="قالب:I2c:1:40">
                                                                                                   <ptk:t location="قالب:I2c:1:40">1</ptk:t>
                                                                                                </ptk:l>
                                                                                             </name>
                                                                                             <defaultValue/>
                                                                                             <garbage/>
                                                                                          </TemplateParameter>
                                                                                          <ptk:t location="قالب:I2c:1:44"> 
</ptk:t>
                                                                                       </ptk:l>
                                                                                    </name>
                                                                                 </IllegalNameException>
                                                                              </ptk:l>
                                                                           </content>
                                                                        </PpResolverLog>
                                                                     </ptk:l>
                                                                  </content>
                                                               </CompilerLog>
                                                            </ptk:l>
                                                         </content>
                                                      </ResolveTransclusionLog>
                                                      <ResolveTransclusionLog>
                                                         <success>true</success>
                                                         <target>•w</target>
                                                         <canonical>قالب:•w</canonical>
                                                         <timeNeeded>0</timeNeeded>
                                                         <content>
                                                            <ptk:l>
                                                               <CompilerLog>
                                                                  <title>قالب:•w</title>
                                                                  <revision>152410</revision>
                                                                  <content>
                                                                     <ptk:l>
                                                                        <ValidatorLog>
                                                                           <timeNeeded>0</timeNeeded>
                                                                           <content>
                                                                              <ptk:l/>
                                                                           </content>
                                                                        </ValidatorLog>
                                                                        <PreprocessorLog>
                                                                           <forInclusion>true</forInclusion>
                                                                           <timeNeeded>0</timeNeeded>
                                                                           <content>
                                                                              <ptk:l/>
                                                                           </content>
                                                                        </PreprocessorLog>
                                                                        <PpResolverLog>
                                                                           <timeNeeded>0</timeNeeded>
                                                                           <content>
                                                                              <ptk:l/>
                                                                           </content>
                                                                        </PpResolverLog>
                                                                     </ptk:l>
                                                                  </content>
                                                               </CompilerLog>
                                                            </ptk:l>
                                                         </content>
                                                      </ResolveTransclusionLog>
                                                      <ResolveTransclusionLog>
                                                         <success>true</success>
                                                         <target>i2c</target>
                                                         <canonical>قالب:I2c</canonical>
                                                         <timeNeeded>0</timeNeeded>
                                                         <content>
                                                            <ptk:l>
                                                               <CompilerLog>
                                                                  <title>قالب:I2c</title>
                                                                  <revision>356406</revision>
                                                                  <content>
                                                                     <ptk:l>
                                                                        <ValidatorLog>
                                                                           <timeNeeded>0</timeNeeded>
                                                                           <content>
                                                                              <ptk:l/>
                                                                           </content>
                                                                        </ValidatorLog>
                                                                        <PreprocessorLog>
                                                                           <forInclusion>true</forInclusion>
                                                                           <timeNeeded>0</timeNeeded>
                                                                           <content>
                                                                              <ptk:l/>
                                                                           </content>
                                                                        </PreprocessorLog>
                                                                        <PpResolverLog>
                                                                           <timeNeeded>0</timeNeeded>
                                                                           <content>
                                                                              <ptk:l>
                                                                                 <IllegalNameException>
                                                                                    <message>Cannot resolve target of transclusion to a simple name.</message>
                                                                                    <name>
                                                                                       <ptk:l location="قالب:I2c:1:28">
                                                                                          <TemplateParameter location="قالب:I2c:1:19">
                                                                                             <ptk:a name="RTD">
                                                                                                <RtData>c3EAfgAAdXEAfgADAAAABHVxAH4ABQAAAAFxAH4ADXBwdXEAfgAFAAAAAXEAfgAP</RtData>
                                                                                             </ptk:a>
                                                                                             <name>
                                                                                                <ptk:l location="قالب:I2c:1:19">
                                                                                                   <ptk:t location="قالب:I2c:1:19">subst</ptk:t>
                                                                                                </ptk:l>
                                                                                             </name>
                                                                                             <defaultValue>
                                                                                                <TemplateArgument location="قالب:I2c:1:25">
                                                                                                   <ptk:a name="RTD">
                                                                                                      <RtData>c3EAfgAAdXEAfgADAAAAA3VxAH4ABQAAAAF0AAF8cHA=</RtData>
                                                                                                   </ptk:a>
                                                                                                   <hasName>false</hasName>
                                                                                                   <name>
                                                                                                      <ptk:l/>
                                                                                                   </name>
                                                                                                   <value>
                                                                                                      <ptk:l location="قالب:I2c:1:25"/>
                                                                                                   </value>
                                                                                                </TemplateArgument>
                                                                                             </defaultValue>
                                                                                             <garbage/>
                                                                                          </TemplateParameter>
                                                                                          <ptk:t location="قالب:I2c:1:28">#switch: </ptk:t>
                                                                                          <TemplateParameter location="قالب:I2c:1:40">
                                                                                             <ptk:a name="RTD">
                                                                                                <RtData>c3EAfgAAdXEAfgADAAAABHVxAH4ABQAAAAFxAH4ADXBwdXEAfgAFAAAAAXEAfgAP</RtData>
                                                                                             </ptk:a>
                                                                                             <name>
                                                                                                <ptk:l location="قالب:I2c:1:40">
                                                                                                   <ptk:t location="قالب:I2c:1:40">1</ptk:t>
                                                                                                </ptk:l>
                                                                                             </name>
                                                                                             <defaultValue/>
                                                                                             <garbage/>
                                                                                          </TemplateParameter>
                                                                                          <ptk:t location="قالب:I2c:1:44"> 
</ptk:t>
                                                                                       </ptk:l>
                                                                                    </name>
                                                                                 </IllegalNameException>
                                                                              </ptk:l>
                                                                           </content>
                                                                        </PpResolverLog>
                                                                     </ptk:l>
                                                                  </content>
                                                               </CompilerLog>
                                                            </ptk:l>
                                                         </content>
                                                      </ResolveTransclusionLog>
                                                      <ResolveTransclusionLog>
                                                         <success>true</success>
                                                         <target>i2c</target>
                                                         <canonical>قالب:I2c</canonical>
                                                         <timeNeeded>0</timeNeeded>
                                                         <content>
                                                            <ptk:l>
                                                               <CompilerLog>
                                                                  <title>قالب:I2c</title>
                                                                  <revision>356406</revision>
                                                                  <content>
                                                                     <ptk:l>
                                                                        <ValidatorLog>
                                                                           <timeNeeded>0</timeNeeded>
                                                                           <content>
                                                                              <ptk:l/>
                                                                           </content>
                                                                        </ValidatorLog>
                                                                        <PreprocessorLog>
                                                                           <forInclusion>true</forInclusion>
                                                                           <timeNeeded>0</timeNeeded>
                                                                           <content>
                                                                              <ptk:l/>
                                                                           </content>
                                                                        </PreprocessorLog>
                                                                        <PpResolverLog>
                                                                           <timeNeeded>0</timeNeeded>
                                                                           <content>
                                                                              <ptk:l>
                                                                                 <IllegalNameException>
                                                                                    <message>Cannot resolve target of transclusion to a simple name.</message>
                                                                                    <name>
                                                                                       <ptk:l location="قالب:I2c:1:28">
                                                                                          <TemplateParameter location="قالب:I2c:1:19">
                                                                                             <ptk:a name="RTD">
                                                                                                <RtData>c3EAfgAAdXEAfgADAAAABHVxAH4ABQAAAAFxAH4ADXBwdXEAfgAFAAAAAXEAfgAP</RtData>
                                                                                             </ptk:a>
                                                                                             <name>
                                                                                                <ptk:l location="قالب:I2c:1:19">
                                                                                                   <ptk:t location="قالب:I2c:1:19">subst</ptk:t>
                                                                                                </ptk:l>
                                                                                             </name>
                                                                                             <defaultValue>
                                                                                                <TemplateArgument location="قالب:I2c:1:25">
                                                                                                   <ptk:a name="RTD">
                                                                                                      <RtData>c3EAfgAAdXEAfgADAAAAA3VxAH4ABQAAAAF0AAF8cHA=</RtData>
                                                                                                   </ptk:a>
                                                                                                   <hasName>false</hasName>
                                                                                                   <name>
                                                                                                      <ptk:l/>
                                                                                                   </name>
                                                                                                   <value>
                                                                                                      <ptk:l location="قالب:I2c:1:25"/>
                                                                                                   </value>
                                                                                                </TemplateArgument>
                                                                                             </defaultValue>
                                                                                             <garbage/>
                                                                                          </TemplateParameter>
                                                                                          <ptk:t location="قالب:I2c:1:28">#switch: </ptk:t>
                                                                                          <TemplateParameter location="قالب:I2c:1:40">
                                                                                             <ptk:a name="RTD">
                                                                                                <RtData>c3EAfgAAdXEAfgADAAAABHVxAH4ABQAAAAFxAH4ADXBwdXEAfgAFAAAAAXEAfgAP</RtData>
                                                                                             </ptk:a>
                                                                                             <name>
                                                                                                <ptk:l location="قالب:I2c:1:40">
                                                                                                   <ptk:t location="قالب:I2c:1:40">1</ptk:t>
                                                                                                </ptk:l>
                                                                                             </name>
                                                                                             <defaultValue/>
                                                                                             <garbage/>
                                                                                          </TemplateParameter>
                                                                                          <ptk:t location="قالب:I2c:1:44"> 
</ptk:t>
                                                                                       </ptk:l>
                                                                                    </name>
                                                                                 </IllegalNameException>
                                                                              </ptk:l>
                                                                           </content>
                                                                        </PpResolverLog>
                                                                     </ptk:l>
                                                                  </content>
                                                               </CompilerLog>
                                                            </ptk:l>
                                                         </content>
                                                      </ResolveTransclusionLog>
                                                      <ResolveTransclusionLog>
                                                         <success>true</success>
                                                         <target>smallsup</target>
                                                         <canonical>قالب:Smallsup</canonical>
                                                         <timeNeeded>0</timeNeeded>
                                                         <content>
                                                            <ptk:l>
                                                               <CompilerLog>
                                                                  <title>قالب:Smallsup</title>
                                                                  <revision>238092</revision>
                                                                  <content>
                                                                     <ptk:l>
                                                                        <ValidatorLog>
                                                                           <timeNeeded>0</timeNeeded>
                                                                           <content>
                                                                              <ptk:l/>
                                                                           </content>
                                                                        </ValidatorLog>
                                                                        <PreprocessorLog>
                                                                           <forInclusion>true</forInclusion>
                                                                           <timeNeeded>0</timeNeeded>
                                                                           <content>
                                                                              <ptk:l/>
                                                                           </content>
                                                                        </PreprocessorLog>
                                                                        <PpResolverLog>
                                                                           <timeNeeded>0</timeNeeded>
                                                                           <content>
                                                                              <ptk:l/>
                                                                           </content>
                                                                        </PpResolverLog>
                                                                     </ptk:l>
                                                                  </content>
                                                               </CompilerLog>
                                                            </ptk:l>
                                                         </content>
                                                      </ResolveTransclusionLog>
                                                      <ResolveTransclusionLog>
                                                         <success>true</success>
                                                         <target>•w</target>
                                                         <canonical>قالب:•w</canonical>
                                                         <timeNeeded>0</timeNeeded>
                                                         <content>
                                                            <ptk:l>
                                                               <CompilerLog>
                                                                  <title>قالب:•w</title>
                                                                  <revision>152410</revision>
                                                                  <content>
                                                                     <ptk:l>
                                                                        <ValidatorLog>
                                                                           <timeNeeded>0</timeNeeded>
                                                                           <content>
                                                                              <ptk:l/>
                                                                           </content>
                                                                        </ValidatorLog>
                                                                        <PreprocessorLog>
                                                                           <forInclusion>true</forInclusion>
                                                                           <timeNeeded>0</timeNeeded>
                                                                           <content>
                                                                              <ptk:l/>
                                                                           </content>
                                                                        </PreprocessorLog>
                                                                        <PpResolverLog>
                                                                           <timeNeeded>0</timeNeeded>
                                                                           <content>
                                                                              <ptk:l/>
                                                                           </content>
                                                                        </PpResolverLog>
                                                                     </ptk:l>
                                                                  </content>
                                                               </CompilerLog>
                                                            </ptk:l>
                                                         </content>
                                                      </ResolveTransclusionLog>
                                                      <ResolveTransclusionLog>
                                                         <success>true</success>
                                                         <target>i2c</target>
                                                         <canonical>قالب:I2c</canonical>
                                                         <timeNeeded>0</timeNeeded>
                                                         <content>
                                                            <ptk:l>
                                                               <CompilerLog>
                                                                  <title>قالب:I2c</title>
                                                                  <revision>356406</revision>
                                                                  <content>
                                                                     <ptk:l>
                                                                        <ValidatorLog>
                                                                           <timeNeeded>0</timeNeeded>
                                                                           <content>
                                                                              <ptk:l/>
                                                                           </content>
                                                                        </ValidatorLog>
                                                                        <PreprocessorLog>
                                                                           <forInclusion>true</forInclusion>
                                                                           <timeNeeded>0</timeNeeded>
                                                                           <content>
                                                                              <ptk:l/>
                                                                           </content>
                                                                        </PreprocessorLog>
                                                                        <PpResolverLog>
                                                                           <timeNeeded>0</timeNeeded>
                                                                           <content>
                                                                              <ptk:l>
                                                                                 <IllegalNameException>
                                                                                    <message>Cannot resolve target of transclusion to a simple name.</message>
                                                                                    <name>
                                                                                       <ptk:l location="قالب:I2c:1:28">
                                                                                          <TemplateParameter location="قالب:I2c:1:19">
                                                                                             <ptk:a name="RTD">
                                                                                                <RtData>c3EAfgAAdXEAfgADAAAABHVxAH4ABQAAAAFxAH4ADXBwdXEAfgAFAAAAAXEAfgAP</RtData>
                                                                                             </ptk:a>
                                                                                             <name>
                                                                                                <ptk:l location="قالب:I2c:1:19">
                                                                                                   <ptk:t location="قالب:I2c:1:19">subst</ptk:t>
                                                                                                </ptk:l>
                                                                                             </name>
                                                                                             <defaultValue>
                                                                                                <TemplateArgument location="قالب:I2c:1:25">
                                                                                                   <ptk:a name="RTD">
                                                                                                      <RtData>c3EAfgAAdXEAfgADAAAAA3VxAH4ABQAAAAF0AAF8cHA=</RtData>
                                                                                                   </ptk:a>
                                                                                                   <hasName>false</hasName>
                                                                                                   <name>
                                                                                                      <ptk:l/>
                                                                                                   </name>
                                                                                                   <value>
                                                                                                      <ptk:l location="قالب:I2c:1:25"/>
                                                                                                   </value>
                                                                                                </TemplateArgument>
                                                                                             </defaultValue>
                                                                                             <garbage/>
                                                                                          </TemplateParameter>
                                                                                          <ptk:t location="قالب:I2c:1:28">#switch: </ptk:t>
                                                                                          <TemplateParameter location="قالب:I2c:1:40">
                                                                                             <ptk:a name="RTD">
                                                                                                <RtData>c3EAfgAAdXEAfgADAAAABHVxAH4ABQAAAAFxAH4ADXBwdXEAfgAFAAAAAXEAfgAP</RtData>
                                                                                             </ptk:a>
                                                                                             <name>
                                                                                                <ptk:l location="قالب:I2c:1:40">
                                                                                                   <ptk:t location="قالب:I2c:1:40">1</ptk:t>
                                                                                                </ptk:l>
                                                                                             </name>
                                                                                             <defaultValue/>
                                                                                             <garbage/>
                                                                                          </TemplateParameter>
                                                                                          <ptk:t location="قالب:I2c:1:44"> 
</ptk:t>
                                                                                       </ptk:l>
                                                                                    </name>
                                                                                 </IllegalNameException>
                                                                              </ptk:l>
                                                                           </content>
                                                                        </PpResolverLog>
                                                                     </ptk:l>
                                                                  </content>
                                                               </CompilerLog>
                                                            </ptk:l>
                                                         </content>
                                                      </ResolveTransclusionLog>
                                                      <ResolveTransclusionLog>
                                                         <success>true</success>
                                                         <target>i2c</target>
                                                         <canonical>قالب:I2c</canonical>
                                                         <timeNeeded>0</timeNeeded>
                                                         <content>
                                                            <ptk:l>
                                                               <CompilerLog>
                                                                  <title>قالب:I2c</title>
                                                                  <revision>356406</revision>
                                                                  <content>
                                                                     <ptk:l>
                                                                        <ValidatorLog>
                                                                           <timeNeeded>0</timeNeeded>
                                                                           <content>
                                                                              <ptk:l/>
                                                                           </content>
                                                                        </ValidatorLog>
                                                                        <PreprocessorLog>
                                                                           <forInclusion>true</forInclusion>
                                                                           <timeNeeded>0</timeNeeded>
                                                                           <content>
                                                                              <ptk:l/>
                                                                           </content>
                                                                        </PreprocessorLog>
                                                                        <PpResolverLog>
                                                                           <timeNeeded>0</timeNeeded>
                                                                           <content>
                                                                              <ptk:l>
                                                                                 <IllegalNameException>
                                                                                    <message>Cannot resolve target of transclusion to a simple name.</message>
                                                                                    <name>
                                                                                       <ptk:l location="قالب:I2c:1:28">
                                                                                          <TemplateParameter location="قالب:I2c:1:19">
                                                                                             <ptk:a name="RTD">
                                                                                                <RtData>c3EAfgAAdXEAfgADAAAABHVxAH4ABQAAAAFxAH4ADXBwdXEAfgAFAAAAAXEAfgAP</RtData>
                                                                                             </ptk:a>
                                                                                             <name>
                                                                                                <ptk:l location="قالب:I2c:1:19">
                                                                                                   <ptk:t location="قالب:I2c:1:19">subst</ptk:t>
                                                                                                </ptk:l>
                                                                                             </name>
                                                                                             <defaultValue>
                                                                                                <TemplateArgument location="قالب:I2c:1:25">
                                                                                                   <ptk:a name="RTD">
                                                                                                      <RtData>c3EAfgAAdXEAfgADAAAAA3VxAH4ABQAAAAF0AAF8cHA=</RtData>
                                                                                                   </ptk:a>
                                                                                                   <hasName>false</hasName>
                                                                                                   <name>
                                                                                                      <ptk:l/>
                                                                                                   </name>
                                                                                                   <value>
                                                                                                      <ptk:l location="قالب:I2c:1:25"/>
                                                                                                   </value>
                                                                                                </TemplateArgument>
                                                                                             </defaultValue>
                                                                                             <garbage/>
                                                                                          </TemplateParameter>
                                                                                          <ptk:t location="قالب:I2c:1:28">#switch: </ptk:t>
                                                                                          <TemplateParameter location="قالب:I2c:1:40">
                                                                                             <ptk:a name="RTD">
                                                                                                <RtData>c3EAfgAAdXEAfgADAAAABHVxAH4ABQAAAAFxAH4ADXBwdXEAfgAFAAAAAXEAfgAP</RtData>
                                                                                             </ptk:a>
                                                                                             <name>
                                                                                                <ptk:l location="قالب:I2c:1:40">
                                                                                                   <ptk:t location="قالب:I2c:1:40">1</ptk:t>
                                                                                                </ptk:l>
                                                                                             </name>
                                                                                             <defaultValue/>
                                                                                             <garbage/>
                                                                                          </TemplateParameter>
                                                                                          <ptk:t location="قالب:I2c:1:44"> 
</ptk:t>
                                                                                       </ptk:l>
                                                                                    </name>
                                                                                 </IllegalNameException>
                                                                              </ptk:l>
                                                                           </content>
                                                                        </PpResolverLog>
                                                                     </ptk:l>
                                                                  </content>
                                                               </CompilerLog>
                                                            </ptk:l>
                                                         </content>
                                                      </ResolveTransclusionLog>
                                                      <ResolveTransclusionLog>
                                                         <success>true</success>
                                                         <target>•w</target>
                                                         <canonical>قالب:•w</canonical>
                                                         <timeNeeded>0</timeNeeded>
                                                         <content>
                                                            <ptk:l>
                                                               <CompilerLog>
                                                                  <title>قالب:•w</title>
                                                                  <revision>152410</revision>
                                                                  <content>
                                                                     <ptk:l>
                                                                        <ValidatorLog>
                                                                           <timeNeeded>0</timeNeeded>
                                                                           <content>
                                                                              <ptk:l/>
                                                                           </content>
                                                                        </ValidatorLog>
                                                                        <PreprocessorLog>
                                                                           <forInclusion>true</forInclusion>
                                                                           <timeNeeded>0</timeNeeded>
                                                                           <content>
                                                                              <ptk:l/>
                                                                           </content>
                                                                        </PreprocessorLog>
                                                                        <PpResolverLog>
                                                                           <timeNeeded>0</timeNeeded>
                                                                           <content>
                                                                              <ptk:l/>
                                                                           </content>
                                                                        </PpResolverLog>
                                                                     </ptk:l>
                                                                  </content>
                                                               </CompilerLog>
                                                            </ptk:l>
                                                         </content>
                                                      </ResolveTransclusionLog>
                                                      <ResolveTransclusionLog>
                                                         <success>true</success>
                                                         <target>i2c</target>
                                                         <canonical>قالب:I2c</canonical>
                                                         <timeNeeded>0</timeNeeded>
                                                         <content>
                                                            <ptk:l>
                                                               <CompilerLog>
                                                                  <title>قالب:I2c</title>
                                                                  <revision>356406</revision>
                                                                  <content>
                                                                     <ptk:l>
                                                                        <ValidatorLog>
                                                                           <timeNeeded>0</timeNeeded>
                                                                           <content>
                                                                              <ptk:l/>
                                                                           </content>
                                                                        </ValidatorLog>
                                                                        <PreprocessorLog>
                                                                           <forInclusion>true</forInclusion>
                                                                           <timeNeeded>0</timeNeeded>
                                                                           <content>
                                                                              <ptk:l/>
                                                                           </content>
                                                                        </PreprocessorLog>
                                                                        <PpResolverLog>
                                                                           <timeNeeded>0</timeNeeded>
                                                                           <content>
                                                                              <ptk:l>
                                                                                 <IllegalNameException>
                                                                                    <message>Cannot resolve target of transclusion to a simple name.</message>
                                                                                    <name>
                                                                                       <ptk:l location="قالب:I2c:1:28">
                                                                                          <TemplateParameter location="قالب:I2c:1:19">
                                                                                             <ptk:a name="RTD">
                                                                                                <RtData>c3EAfgAAdXEAfgADAAAABHVxAH4ABQAAAAFxAH4ADXBwdXEAfgAFAAAAAXEAfgAP</RtData>
                                                                                             </ptk:a>
                                                                                             <name>
                                                                                                <ptk:l location="قالب:I2c:1:19">
                                                                                                   <ptk:t location="قالب:I2c:1:19">subst</ptk:t>
                                                                                                </ptk:l>
                                                                                             </name>
                                                                                             <defaultValue>
                                                                                                <TemplateArgument location="قالب:I2c:1:25">
                                                                                                   <ptk:a name="RTD">
                                                                                                      <RtData>c3EAfgAAdXEAfgADAAAAA3VxAH4ABQAAAAF0AAF8cHA=</RtData>
                                                                                                   </ptk:a>
                                                                                                   <hasName>false</hasName>
                                                                                                   <name>
                                                                                                      <ptk:l/>
                                                                                                   </name>
                                                                                                   <value>
                                                                                                      <ptk:l location="قالب:I2c:1:25"/>
                                                                                                   </value>
                                                                                                </TemplateArgument>
                                                                                             </defaultValue>
                                                                                             <garbage/>
                                                                                          </TemplateParameter>
                                                                                          <ptk:t location="قالب:I2c:1:28">#switch: </ptk:t>
                                                                                          <TemplateParameter location="قالب:I2c:1:40">
                                                                                             <ptk:a name="RTD">
                                                                                                <RtData>c3EAfgAAdXEAfgADAAAABHVxAH4ABQAAAAFxAH4ADXBwdXEAfgAFAAAAAXEAfgAP</RtData>
                                                                                             </ptk:a>
                                                                                             <name>
                                                                                                <ptk:l location="قالب:I2c:1:40">
                                                                                                   <ptk:t location="قالب:I2c:1:40">1</ptk:t>
                                                                                                </ptk:l>
                                                                                             </name>
                                                                                             <defaultValue/>
                                                                                             <garbage/>
                                                                                          </TemplateParameter>
                                                                                          <ptk:t location="قالب:I2c:1:44"> 
</ptk:t>
                                                                                       </ptk:l>
                                                                                    </name>
                                                                                 </IllegalNameException>
                                                                              </ptk:l>
                                                                           </content>
                                                                        </PpResolverLog>
                                                                     </ptk:l>
                                                                  </content>
                                                               </CompilerLog>
                                                            </ptk:l>
                                                         </content>
                                                      </ResolveTransclusionLog>
                                                      <ResolveTransclusionLog>
                                                         <success>true</success>
                                                         <target>i2c</target>
                                                         <canonical>قالب:I2c</canonical>
                                                         <timeNeeded>0</timeNeeded>
                                                         <content>
                                                            <ptk:l>
                                                               <CompilerLog>
                                                                  <title>قالب:I2c</title>
                                                                  <revision>356406</revision>
                                                                  <content>
                                                                     <ptk:l>
                                                                        <ValidatorLog>
                                                                           <timeNeeded>0</timeNeeded>
                                                                           <content>
                                                                              <ptk:l/>
                                                                           </content>
                                                                        </ValidatorLog>
                                                                        <PreprocessorLog>
                                                                           <forInclusion>true</forInclusion>
                                                                           <timeNeeded>0</timeNeeded>
                                                                           <content>
                                                                              <ptk:l/>
                                                                           </content>
                                                                        </PreprocessorLog>
                                                                        <PpResolverLog>
                                                                           <timeNeeded>0</timeNeeded>
                                                                           <content>
                                                                              <ptk:l>
                                                                                 <IllegalNameException>
                                                                                    <message>Cannot resolve target of transclusion to a simple name.</message>
                                                                                    <name>
                                                                                       <ptk:l location="قالب:I2c:1:28">
                                                                                          <TemplateParameter location="قالب:I2c:1:19">
                                                                                             <ptk:a name="RTD">
                                                                                                <RtData>c3EAfgAAdXEAfgADAAAABHVxAH4ABQAAAAFxAH4ADXBwdXEAfgAFAAAAAXEAfgAP</RtData>
                                                                                             </ptk:a>
                                                                                             <name>
                                                                                                <ptk:l location="قالب:I2c:1:19">
                                                                                                   <ptk:t location="قالب:I2c:1:19">subst</ptk:t>
                                                                                                </ptk:l>
                                                                                             </name>
                                                                                             <defaultValue>
                                                                                                <TemplateArgument location="قالب:I2c:1:25">
                                                                                                   <ptk:a name="RTD">
                                                                                                      <RtData>c3EAfgAAdXEAfgADAAAAA3VxAH4ABQAAAAF0AAF8cHA=</RtData>
                                                                                                   </ptk:a>
                                                                                                   <hasName>false</hasName>
                                                                                                   <name>
                                                                                                      <ptk:l/>
                                                                                                   </name>
                                                                                                   <value>
                                                                                                      <ptk:l location="قالب:I2c:1:25"/>
                                                                                                   </value>
                                                                                                </TemplateArgument>
                                                                                             </defaultValue>
                                                                                             <garbage/>
                                                                                          </TemplateParameter>
                                                                                          <ptk:t location="قالب:I2c:1:28">#switch: </ptk:t>
                                                                                          <TemplateParameter location="قالب:I2c:1:40">
                                                                                             <ptk:a name="RTD">
                                                                                                <RtData>c3EAfgAAdXEAfgADAAAABHVxAH4ABQAAAAFxAH4ADXBwdXEAfgAFAAAAAXEAfgAP</RtData>
                                                                                             </ptk:a>
                                                                                             <name>
                                                                                                <ptk:l location="قالب:I2c:1:40">
                                                                                                   <ptk:t location="قالب:I2c:1:40">1</ptk:t>
                                                                                                </ptk:l>
                                                                                             </name>
                                                                                             <defaultValue/>
                                                                                             <garbage/>
                                                                                          </TemplateParameter>
                                                                                          <ptk:t location="قالب:I2c:1:44"> 
</ptk:t>
                                                                                       </ptk:l>
                                                                                    </name>
                                                                                 </IllegalNameException>
                                                                              </ptk:l>
                                                                           </content>
                                                                        </PpResolverLog>
                                                                     </ptk:l>
                                                                  </content>
                                                               </CompilerLog>
                                                            </ptk:l>
                                                         </content>
                                                      </ResolveTransclusionLog>
                                                      <ResolveTransclusionLog>
                                                         <success>true</success>
                                                         <target>•w</target>
                                                         <canonical>قالب:•w</canonical>
                                                         <timeNeeded>0</timeNeeded>
                                                         <content>
                                                            <ptk:l>
                                                               <CompilerLog>
                                                                  <title>قالب:•w</title>
                                                                  <revision>152410</revision>
                                                                  <content>
                                                                     <ptk:l>
                                                                        <ValidatorLog>
                                                                           <timeNeeded>0</timeNeeded>
                                                                           <content>
                                                                              <ptk:l/>
                                                                           </content>
                                                                        </ValidatorLog>
                                                                        <PreprocessorLog>
                                                                           <forInclusion>true</forInclusion>
                                                                           <timeNeeded>0</timeNeeded>
                                                                           <content>
                                                                              <ptk:l/>
                                                                           </content>
                                                                        </PreprocessorLog>
                                                                        <PpResolverLog>
                                                                           <timeNeeded>0</timeNeeded>
                                                                           <content>
                                                                              <ptk:l/>
                                                                           </content>
                                                                        </PpResolverLog>
                                                                     </ptk:l>
                                                                  </content>
                                                               </CompilerLog>
                                                            </ptk:l>
                                                         </content>
                                                      </ResolveTransclusionLog>
                                                      <ResolveTransclusionLog>
                                                         <success>true</success>
                                                         <target>i2c</target>
                                                         <canonical>قالب:I2c</canonical>
                                                         <timeNeeded>0</timeNeeded>
                                                         <content>
                                                            <ptk:l>
                                                               <CompilerLog>
                                                                  <title>قالب:I2c</title>
                                                                  <revision>356406</revision>
                                                                  <content>
                                                                     <ptk:l>
                                                                        <ValidatorLog>
                                                                           <timeNeeded>0</timeNeeded>
                                                                           <content>
                                                                              <ptk:l/>
                                                                           </content>
                                                                        </ValidatorLog>
                                                                        <PreprocessorLog>
                                                                           <forInclusion>true</forInclusion>
                                                                           <timeNeeded>0</timeNeeded>
                                                                           <content>
                                                                              <ptk:l/>
                                                                           </content>
                                                                        </PreprocessorLog>
                                                                        <PpResolverLog>
                                                                           <timeNeeded>0</timeNeeded>
                                                                           <content>
                                                                              <ptk:l>
                                                                                 <IllegalNameException>
                                                                                    <message>Cannot resolve target of transclusion to a simple name.</message>
                                                                                    <name>
                                                                                       <ptk:l location="قالب:I2c:1:28">
                                                                                          <TemplateParameter location="قالب:I2c:1:19">
                                                                                             <ptk:a name="RTD">
                                                                                                <RtData>c3EAfgAAdXEAfgADAAAABHVxAH4ABQAAAAFxAH4ADXBwdXEAfgAFAAAAAXEAfgAP</RtData>
                                                                                             </ptk:a>
                                                                                             <name>
                                                                                                <ptk:l location="قالب:I2c:1:19">
                                                                                                   <ptk:t location="قالب:I2c:1:19">subst</ptk:t>
                                                                                                </ptk:l>
                                                                                             </name>
                                                                                             <defaultValue>
                                                                                                <TemplateArgument location="قالب:I2c:1:25">
                                                                                                   <ptk:a name="RTD">
                                                                                                      <RtData>c3EAfgAAdXEAfgADAAAAA3VxAH4ABQAAAAF0AAF8cHA=</RtData>
                                                                                                   </ptk:a>
                                                                                                   <hasName>false</hasName>
                                                                                                   <name>
                                                                                                      <ptk:l/>
                                                                                                   </name>
                                                                                                   <value>
                                                                                                      <ptk:l location="قالب:I2c:1:25"/>
                                                                                                   </value>
                                                                                                </TemplateArgument>
                                                                                             </defaultValue>
                                                                                             <garbage/>
                                                                                          </TemplateParameter>
                                                                                          <ptk:t location="قالب:I2c:1:28">#switch: </ptk:t>
                                                                                          <TemplateParameter location="قالب:I2c:1:40">
                                                                                             <ptk:a name="RTD">
                                                                                                <RtData>c3EAfgAAdXEAfgADAAAABHVxAH4ABQAAAAFxAH4ADXBwdXEAfgAFAAAAAXEAfgAP</RtData>
                                                                                             </ptk:a>
                                                                                             <name>
                                                                                                <ptk:l location="قالب:I2c:1:40">
                                                                                                   <ptk:t location="قالب:I2c:1:40">1</ptk:t>
                                                                                                </ptk:l>
                                                                                             </name>
                                                                                             <defaultValue/>
                                                                                             <garbage/>
                                                                                          </TemplateParameter>
                                                                                          <ptk:t location="قالب:I2c:1:44"> 
</ptk:t>
                                                                                       </ptk:l>
                                                                                    </name>
                                                                                 </IllegalNameException>
                                                                              </ptk:l>
                                                                           </content>
                                                                        </PpResolverLog>
                                                                     </ptk:l>
                                                                  </content>
                                                               </CompilerLog>
                                                            </ptk:l>
                                                         </content>
                                                      </ResolveTransclusionLog>
                                                      <ResolveTransclusionLog>
                                                         <success>true</success>
                                                         <target>i2c</target>
                                                         <canonical>قالب:I2c</canonical>
                                                         <timeNeeded>0</timeNeeded>
                                                         <content>
                                                            <ptk:l>
                                                               <CompilerLog>
                                                                  <title>قالب:I2c</title>
                                                                  <revision>356406</revision>
                                                                  <content>
                                                                     <ptk:l>
                                                                        <ValidatorLog>
                                                                           <timeNeeded>0</timeNeeded>
                                                                           <content>
                                                                              <ptk:l/>
                                                                           </content>
                                                                        </ValidatorLog>
                                                                        <PreprocessorLog>
                                                                           <forInclusion>true</forInclusion>
                                                                           <timeNeeded>0</timeNeeded>
                                                                           <content>
                                                                              <ptk:l/>
                                                                           </content>
                                                                        </PreprocessorLog>
                                                                        <PpResolverLog>
                                                                           <timeNeeded>0</timeNeeded>
                                                                           <content>
                                                                              <ptk:l>
                                                                                 <IllegalNameException>
                                                                                    <message>Cannot resolve target of transclusion to a simple name.</message>
                                                                                    <name>
                                                                                       <ptk:l location="قالب:I2c:1:28">
                                                                                          <TemplateParameter location="قالب:I2c:1:19">
                                                                                             <ptk:a name="RTD">
                                                                                                <RtData>c3EAfgAAdXEAfgADAAAABHVxAH4ABQAAAAFxAH4ADXBwdXEAfgAFAAAAAXEAfgAP</RtData>
                                                                                             </ptk:a>
                                                                                             <name>
                                                                                                <ptk:l location="قالب:I2c:1:19">
                                                                                                   <ptk:t location="قالب:I2c:1:19">subst</ptk:t>
                                                                                                </ptk:l>
                                                                                             </name>
                                                                                             <defaultValue>
                                                                                                <TemplateArgument location="قالب:I2c:1:25">
                                                                                                   <ptk:a name="RTD">
                                                                                                      <RtData>c3EAfgAAdXEAfgADAAAAA3VxAH4ABQAAAAF0AAF8cHA=</RtData>
                                                                                                   </ptk:a>
                                                                                                   <hasName>false</hasName>
                                                                                                   <name>
                                                                                                      <ptk:l/>
                                                                                                   </name>
                                                                                                   <value>
                                                                                                      <ptk:l location="قالب:I2c:1:25"/>
                                                                                                   </value>
                                                                                                </TemplateArgument>
                                                                                             </defaultValue>
                                                                                             <garbage/>
                                                                                          </TemplateParameter>
                                                                                          <ptk:t location="قالب:I2c:1:28">#switch: </ptk:t>
                                                                                          <TemplateParameter location="قالب:I2c:1:40">
                                                                                             <ptk:a name="RTD">
                                                                                                <RtData>c3EAfgAAdXEAfgADAAAABHVxAH4ABQAAAAFxAH4ADXBwdXEAfgAFAAAAAXEAfgAP</RtData>
                                                                                             </ptk:a>
                                                                                             <name>
                                                                                                <ptk:l location="قالب:I2c:1:40">
                                                                                                   <ptk:t location="قالب:I2c:1:40">1</ptk:t>
                                                                                                </ptk:l>
                                                                                             </name>
                                                                                             <defaultValue/>
                                                                                             <garbage/>
                                                                                          </TemplateParameter>
                                                                                          <ptk:t location="قالب:I2c:1:44"> 
</ptk:t>
                                                                                       </ptk:l>
                                                                                    </name>
                                                                                 </IllegalNameException>
                                                                              </ptk:l>
                                                                           </content>
                                                                        </PpResolverLog>
                                                                     </ptk:l>
                                                                  </content>
                                                               </CompilerLog>
                                                            </ptk:l>
                                                         </content>
                                                      </ResolveTransclusionLog>
                                                      <ResolveTransclusionLog>
                                                         <success>true</success>
                                                         <target>•w</target>
                                                         <canonical>قالب:•w</canonical>
                                                         <timeNeeded>0</timeNeeded>
                                                         <content>
                                                            <ptk:l>
                                                               <CompilerLog>
                                                                  <title>قالب:•w</title>
                                                                  <revision>152410</revision>
                                                                  <content>
                                                                     <ptk:l>
                                                                        <ValidatorLog>
                                                                           <timeNeeded>0</timeNeeded>
                                                                           <content>
                                                                              <ptk:l/>
                                                                           </content>
                                                                        </ValidatorLog>
                                                                        <PreprocessorLog>
                                                                           <forInclusion>true</forInclusion>
                                                                           <timeNeeded>0</timeNeeded>
                                                                           <content>
                                                                              <ptk:l/>
                                                                           </content>
                                                                        </PreprocessorLog>
                                                                        <PpResolverLog>
                                                                           <timeNeeded>0</timeNeeded>
                                                                           <content>
                                                                              <ptk:l/>
                                                                           </content>
                                                                        </PpResolverLog>
                                                                     </ptk:l>
                                                                  </content>
                                                               </CompilerLog>
                                                            </ptk:l>
                                                         </content>
                                                      </ResolveTransclusionLog>
                                                      <ResolveTransclusionLog>
                                                         <success>true</success>
                                                         <target>i2c</target>
                                                         <canonical>قالب:I2c</canonical>
                                                         <timeNeeded>0</timeNeeded>
                                                         <content>
                                                            <ptk:l>
                                                               <CompilerLog>
                                                                  <title>قالب:I2c</title>
                                                                  <revision>356406</revision>
                                                                  <content>
                                                                     <ptk:l>
                                                                        <ValidatorLog>
                                                                           <timeNeeded>0</timeNeeded>
                                                                           <content>
                                                                              <ptk:l/>
                                                                           </content>
                                                                        </ValidatorLog>
                                                                        <PreprocessorLog>
                                                                           <forInclusion>true</forInclusion>
                                                                           <timeNeeded>0</timeNeeded>
                                                                           <content>
                                                                              <ptk:l/>
                                                                           </content>
                                                                        </PreprocessorLog>
                                                                        <PpResolverLog>
                                                                           <timeNeeded>0</timeNeeded>
                                                                           <content>
                                                                              <ptk:l>
                                                                                 <IllegalNameException>
                                                                                    <message>Cannot resolve target of transclusion to a simple name.</message>
                                                                                    <name>
                                                                                       <ptk:l location="قالب:I2c:1:28">
                                                                                          <TemplateParameter location="قالب:I2c:1:19">
                                                                                             <ptk:a name="RTD">
                                                                                                <RtData>c3EAfgAAdXEAfgADAAAABHVxAH4ABQAAAAFxAH4ADXBwdXEAfgAFAAAAAXEAfgAP</RtData>
                                                                                             </ptk:a>
                                                                                             <name>
                                                                                                <ptk:l location="قالب:I2c:1:19">
                                                                                                   <ptk:t location="قالب:I2c:1:19">subst</ptk:t>
                                                                                                </ptk:l>
                                                                                             </name>
                                                                                             <defaultValue>
                                                                                                <TemplateArgument location="قالب:I2c:1:25">
                                                                                                   <ptk:a name="RTD">
                                                                                                      <RtData>c3EAfgAAdXEAfgADAAAAA3VxAH4ABQAAAAF0AAF8cHA=</RtData>
                                                                                                   </ptk:a>
                                                                                                   <hasName>false</hasName>
                                                                                                   <name>
                                                                                                      <ptk:l/>
                                                                                                   </name>
                                                                                                   <value>
                                                                                                      <ptk:l location="قالب:I2c:1:25"/>
                                                                                                   </value>
                                                                                                </TemplateArgument>
                                                                                             </defaultValue>
                                                                                             <garbage/>
                                                                                          </TemplateParameter>
                                                                                          <ptk:t location="قالب:I2c:1:28">#switch: </ptk:t>
                                                                                          <TemplateParameter location="قالب:I2c:1:40">
                                                                                             <ptk:a name="RTD">
                                                                                                <RtData>c3EAfgAAdXEAfgADAAAABHVxAH4ABQAAAAFxAH4ADXBwdXEAfgAFAAAAAXEAfgAP</RtData>
                                                                                             </ptk:a>
                                                                                             <name>
                                                                                                <ptk:l location="قالب:I2c:1:40">
                                                                                                   <ptk:t location="قالب:I2c:1:40">1</ptk:t>
                                                                                                </ptk:l>
                                                                                             </name>
                                                                                             <defaultValue/>
                                                                                             <garbage/>
                                                                                          </TemplateParameter>
                                                                                          <ptk:t location="قالب:I2c:1:44"> 
</ptk:t>
                                                                                       </ptk:l>
                                                                                    </name>
                                                                                 </IllegalNameException>
                                                                              </ptk:l>
                                                                           </content>
                                                                        </PpResolverLog>
                                                                     </ptk:l>
                                                                  </content>
                                                               </CompilerLog>
                                                            </ptk:l>
                                                         </content>
                                                      </ResolveTransclusionLog>
                                                      <ResolveTransclusionLog>
                                                         <success>true</success>
                                                         <target>i2c</target>
                                                         <canonical>قالب:I2c</canonical>
                                                         <timeNeeded>0</timeNeeded>
                                                         <content>
                                                            <ptk:l>
                                                               <CompilerLog>
                                                                  <title>قالب:I2c</title>
                                                                  <revision>356406</revision>
                                                                  <content>
                                                                     <ptk:l>
                                                                        <ValidatorLog>
                                                                           <timeNeeded>0</timeNeeded>
                                                                           <content>
                                                                              <ptk:l/>
                                                                           </content>
                                                                        </ValidatorLog>
                                                                        <PreprocessorLog>
                                                                           <forInclusion>true</forInclusion>
                                                                           <timeNeeded>0</timeNeeded>
                                                                           <content>
                                                                              <ptk:l/>
                                                                           </content>
                                                                        </PreprocessorLog>
                                                                        <PpResolverLog>
                                                                           <timeNeeded>0</timeNeeded>
                                                                           <content>
                                                                              <ptk:l>
                                                                                 <IllegalNameException>
                                                                                    <message>Cannot resolve target of transclusion to a simple name.</message>
                                                                                    <name>
                                                                                       <ptk:l location="قالب:I2c:1:28">
                                                                                          <TemplateParameter location="قالب:I2c:1:19">
                                                                                             <ptk:a name="RTD">
                                                                                                <RtData>c3EAfgAAdXEAfgADAAAABHVxAH4ABQAAAAFxAH4ADXBwdXEAfgAFAAAAAXEAfgAP</RtData>
                                                                                             </ptk:a>
                                                                                             <name>
                                                                                                <ptk:l location="قالب:I2c:1:19">
                                                                                                   <ptk:t location="قالب:I2c:1:19">subst</ptk:t>
                                                                                                </ptk:l>
                                                                                             </name>
                                                                                             <defaultValue>
                                                                                                <TemplateArgument location="قالب:I2c:1:25">
                                                                                                   <ptk:a name="RTD">
                                                                                                      <RtData>c3EAfgAAdXEAfgADAAAAA3VxAH4ABQAAAAF0AAF8cHA=</RtData>
                                                                                                   </ptk:a>
                                                                                                   <hasName>false</hasName>
                                                                                                   <name>
                                                                                                      <ptk:l/>
                                                                                                   </name>
                                                                                                   <value>
                                                                                                      <ptk:l location="قالب:I2c:1:25"/>
                                                                                                   </value>
                                                                                                </TemplateArgument>
                                                                                             </defaultValue>
                                                                                             <garbage/>
                                                                                          </TemplateParameter>
                                                                                          <ptk:t location="قالب:I2c:1:28">#switch: </ptk:t>
                                                                                          <TemplateParameter location="قالب:I2c:1:40">
                                                                                             <ptk:a name="RTD">
                                                                                                <RtData>c3EAfgAAdXEAfgADAAAABHVxAH4ABQAAAAFxAH4ADXBwdXEAfgAFAAAAAXEAfgAP</RtData>
                                                                                             </ptk:a>
                                                                                             <name>
                                                                                                <ptk:l location="قالب:I2c:1:40">
                                                                                                   <ptk:t location="قالب:I2c:1:40">1</ptk:t>
                                                                                                </ptk:l>
                                                                                             </name>
                                                                                             <defaultValue/>
                                                                                             <garbage/>
                                                                                          </TemplateParameter>
                                                                                          <ptk:t location="قالب:I2c:1:44"> 
</ptk:t>
                                                                                       </ptk:l>
                                                                                    </name>
                                                                                 </IllegalNameException>
                                                                              </ptk:l>
                                                                           </content>
                                                                        </PpResolverLog>
                                                                     </ptk:l>
                                                                  </content>
                                                               </CompilerLog>
                                                            </ptk:l>
                                                         </content>
                                                      </ResolveTransclusionLog>
                                                      <ResolveTransclusionLog>
                                                         <success>true</success>
                                                         <target>•w</target>
                                                         <canonical>قالب:•w</canonical>
                                                         <timeNeeded>0</timeNeeded>
                                                         <content>
                                                            <ptk:l>
                                                               <CompilerLog>
                                                                  <title>قالب:•w</title>
                                                                  <revision>152410</revision>
                                                                  <content>
                                                                     <ptk:l>
                                                                        <ValidatorLog>
                                                                           <timeNeeded>0</timeNeeded>
                                                                           <content>
                                                                              <ptk:l/>
                                                                           </content>
                                                                        </ValidatorLog>
                                                                        <PreprocessorLog>
                                                                           <forInclusion>true</forInclusion>
                                                                           <timeNeeded>0</timeNeeded>
                                                                           <content>
                                                                              <ptk:l/>
                                                                           </content>
                                                                        </PreprocessorLog>
                                                                        <PpResolverLog>
                                                                           <timeNeeded>0</timeNeeded>
                                                                           <content>
                                                                              <ptk:l/>
                                                                           </content>
                                                                        </PpResolverLog>
                                                                     </ptk:l>
                                                                  </content>
                                                               </CompilerLog>
                                                            </ptk:l>
                                                         </content>
                                                      </ResolveTransclusionLog>
                                                      <ResolveTransclusionLog>
                                                         <success>true</success>
                                                         <target>i2c</target>
                                                         <canonical>قالب:I2c</canonical>
                                                         <timeNeeded>15</timeNeeded>
                                                         <content>
                                                            <ptk:l>
                                                               <CompilerLog>
                                                                  <title>قالب:I2c</title>
                                                                  <revision>356406</revision>
                                                                  <content>
                                                                     <ptk:l>
                                                                        <ValidatorLog>
                                                                           <timeNeeded>0</timeNeeded>
                                                                           <content>
                                                                              <ptk:l/>
                                                                           </content>
                                                                        </ValidatorLog>
                                                                        <PreprocessorLog>
                                                                           <forInclusion>true</forInclusion>
                                                                           <timeNeeded>0</timeNeeded>
                                                                           <content>
                                                                              <ptk:l/>
                                                                           </content>
                                                                        </PreprocessorLog>
                                                                        <PpResolverLog>
                                                                           <timeNeeded>15</timeNeeded>
                                                                           <content>
                                                                              <ptk:l>
                                                                                 <IllegalNameException>
                                                                                    <message>Cannot resolve target of transclusion to a simple name.</message>
                                                                                    <name>
                                                                                       <ptk:l location="قالب:I2c:1:28">
                                                                                          <TemplateParameter location="قالب:I2c:1:19">
                                                                                             <ptk:a name="RTD">
                                                                                                <RtData>c3EAfgAAdXEAfgADAAAABHVxAH4ABQAAAAFxAH4ADXBwdXEAfgAFAAAAAXEAfgAP</RtData>
                                                                                             </ptk:a>
                                                                                             <name>
                                                                                                <ptk:l location="قالب:I2c:1:19">
                                                                                                   <ptk:t location="قالب:I2c:1:19">subst</ptk:t>
                                                                                                </ptk:l>
                                                                                             </name>
                                                                                             <defaultValue>
                                                                                                <TemplateArgument location="قالب:I2c:1:25">
                                                                                                   <ptk:a name="RTD">
                                                                                                      <RtData>c3EAfgAAdXEAfgADAAAAA3VxAH4ABQAAAAF0AAF8cHA=</RtData>
                                                                                                   </ptk:a>
                                                                                                   <hasName>false</hasName>
                                                                                                   <name>
                                                                                                      <ptk:l/>
                                                                                                   </name>
                                                                                                   <value>
                                                                                                      <ptk:l location="قالب:I2c:1:25"/>
                                                                                                   </value>
                                                                                                </TemplateArgument>
                                                                                             </defaultValue>
                                                                                             <garbage/>
                                                                                          </TemplateParameter>
                                                                                          <ptk:t location="قالب:I2c:1:28">#switch: </ptk:t>
                                                                                          <TemplateParameter location="قالب:I2c:1:40">
                                                                                             <ptk:a name="RTD">
                                                                                                <RtData>c3EAfgAAdXEAfgADAAAABHVxAH4ABQAAAAFxAH4ADXBwdXEAfgAFAAAAAXEAfgAP</RtData>
                                                                                             </ptk:a>
                                                                                             <name>
                                                                                                <ptk:l location="قالب:I2c:1:40">
                                                                                                   <ptk:t location="قالب:I2c:1:40">1</ptk:t>
                                                                                                </ptk:l>
                                                                                             </name>
                                                                                             <defaultValue/>
                                                                                             <garbage/>
                                                                                          </TemplateParameter>
                                                                                          <ptk:t location="قالب:I2c:1:44"> 
</ptk:t>
                                                                                       </ptk:l>
                                                                                    </name>
                                                                                 </IllegalNameException>
                                                                              </ptk:l>
                                                                           </content>
                                                                        </PpResolverLog>
                                                                     </ptk:l>
                                                                  </content>
                                                               </CompilerLog>
                                                            </ptk:l>
                                                         </content>
                                                      </ResolveTransclusionLog>
                                                      <ResolveTransclusionLog>
                                                         <success>true</success>
                                                         <target>i2c</target>
                                                         <canonical>قالب:I2c</canonical>
                                                         <timeNeeded>0</timeNeeded>
                                                         <content>
                                                            <ptk:l>
                                                               <CompilerLog>
                                                                  <title>قالب:I2c</title>
                                                                  <revision>356406</revision>
                                                                  <content>
                                                                     <ptk:l>
                                                                        <ValidatorLog>
                                                                           <timeNeeded>0</timeNeeded>
                                                                           <content>
                                                                              <ptk:l/>
                                                                           </content>
                                                                        </ValidatorLog>
                                                                        <PreprocessorLog>
                                                                           <forInclusion>true</forInclusion>
                                                                           <timeNeeded>0</timeNeeded>
                                                                           <content>
                                                                              <ptk:l/>
                                                                           </content>
                                                                        </PreprocessorLog>
                                                                        <PpResolverLog>
                                                                           <timeNeeded>0</timeNeeded>
                                                                           <content>
                                                                              <ptk:l>
                                                                                 <IllegalNameException>
                                                                                    <message>Cannot resolve target of transclusion to a simple name.</message>
                                                                                    <name>
                                                                                       <ptk:l location="قالب:I2c:1:28">
                                                                                          <TemplateParameter location="قالب:I2c:1:19">
                                                                                             <ptk:a name="RTD">
                                                                                                <RtData>c3EAfgAAdXEAfgADAAAABHVxAH4ABQAAAAFxAH4ADXBwdXEAfgAFAAAAAXEAfgAP</RtData>
                                                                                             </ptk:a>
                                                                                             <name>
                                                                                                <ptk:l location="قالب:I2c:1:19">
                                                                                                   <ptk:t location="قالب:I2c:1:19">subst</ptk:t>
                                                                                                </ptk:l>
                                                                                             </name>
                                                                                             <defaultValue>
                                                                                                <TemplateArgument location="قالب:I2c:1:25">
                                                                                                   <ptk:a name="RTD">
                                                                                                      <RtData>c3EAfgAAdXEAfgADAAAAA3VxAH4ABQAAAAF0AAF8cHA=</RtData>
                                                                                                   </ptk:a>
                                                                                                   <hasName>false</hasName>
                                                                                                   <name>
                                                                                                      <ptk:l/>
                                                                                                   </name>
                                                                                                   <value>
                                                                                                      <ptk:l location="قالب:I2c:1:25"/>
                                                                                                   </value>
                                                                                                </TemplateArgument>
                                                                                             </defaultValue>
                                                                                             <garbage/>
                                                                                          </TemplateParameter>
                                                                                          <ptk:t location="قالب:I2c:1:28">#switch: </ptk:t>
                                                                                          <TemplateParameter location="قالب:I2c:1:40">
                                                                                             <ptk:a name="RTD">
                                                                                                <RtData>c3EAfgAAdXEAfgADAAAABHVxAH4ABQAAAAFxAH4ADXBwdXEAfgAFAAAAAXEAfgAP</RtData>
                                                                                             </ptk:a>
                                                                                             <name>
                                                                                                <ptk:l location="قالب:I2c:1:40">
                                                                                                   <ptk:t location="قالب:I2c:1:40">1</ptk:t>
                                                                                                </ptk:l>
                                                                                             </name>
                                                                                             <defaultValue/>
                                                                                             <garbage/>
                                                                                          </TemplateParameter>
                                                                                          <ptk:t location="قالب:I2c:1:44"> 
</ptk:t>
                                                                                       </ptk:l>
                                                                                    </name>
                                                                                 </IllegalNameException>
                                                                              </ptk:l>
                                                                           </content>
                                                                        </PpResolverLog>
                                                                     </ptk:l>
                                                                  </content>
                                                               </CompilerLog>
                                                            </ptk:l>
                                                         </content>
                                                      </ResolveTransclusionLog>
                                                      <ResolveTransclusionLog>
                                                         <success>true</success>
                                                         <target>•w</target>
                                                         <canonical>قالب:•w</canonical>
                                                         <timeNeeded>0</timeNeeded>
                                                         <content>
                                                            <ptk:l>
                                                               <CompilerLog>
                                                                  <title>قالب:•w</title>
                                                                  <revision>152410</revision>
                                                                  <content>
                                                                     <ptk:l>
                                                                        <ValidatorLog>
                                                                           <timeNeeded>0</timeNeeded>
                                                                           <content>
                                                                              <ptk:l/>
                                                                           </content>
                                                                        </ValidatorLog>
                                                                        <PreprocessorLog>
                                                                           <forInclusion>true</forInclusion>
                                                                           <timeNeeded>0</timeNeeded>
                                                                           <content>
                                                                              <ptk:l/>
                                                                           </content>
                                                                        </PreprocessorLog>
                                                                        <PpResolverLog>
                                                                           <timeNeeded>0</timeNeeded>
                                                                           <content>
                                                                              <ptk:l/>
                                                                           </content>
                                                                        </PpResolverLog>
                                                                     </ptk:l>
                                                                  </content>
                                                               </CompilerLog>
                                                            </ptk:l>
                                                         </content>
                                                      </ResolveTransclusionLog>
                                                      <ResolveTransclusionLog>
                                                         <success>true</success>
                                                         <target>i2c</target>
                                                         <canonical>قالب:I2c</canonical>
                                                         <timeNeeded>0</timeNeeded>
                                                         <content>
                                                            <ptk:l>
                                                               <CompilerLog>
                                                                  <title>قالب:I2c</title>
                                                                  <revision>356406</revision>
                                                                  <content>
                                                                     <ptk:l>
                                                                        <ValidatorLog>
                                                                           <timeNeeded>0</timeNeeded>
                                                                           <content>
                                                                              <ptk:l/>
                                                                           </content>
                                                                        </ValidatorLog>
                                                                        <PreprocessorLog>
                                                                           <forInclusion>true</forInclusion>
                                                                           <timeNeeded>0</timeNeeded>
                                                                           <content>
                                                                              <ptk:l/>
                                                                           </content>
                                                                        </PreprocessorLog>
                                                                        <PpResolverLog>
                                                                           <timeNeeded>0</timeNeeded>
                                                                           <content>
                                                                              <ptk:l>
                                                                                 <IllegalNameException>
                                                                                    <message>Cannot resolve target of transclusion to a simple name.</message>
                                                                                    <name>
                                                                                       <ptk:l location="قالب:I2c:1:28">
                                                                                          <TemplateParameter location="قالب:I2c:1:19">
                                                                                             <ptk:a name="RTD">
                                                                                                <RtData>c3EAfgAAdXEAfgADAAAABHVxAH4ABQAAAAFxAH4ADXBwdXEAfgAFAAAAAXEAfgAP</RtData>
                                                                                             </ptk:a>
                                                                                             <name>
                                                                                                <ptk:l location="قالب:I2c:1:19">
                                                                                                   <ptk:t location="قالب:I2c:1:19">subst</ptk:t>
                                                                                                </ptk:l>
                                                                                             </name>
                                                                                             <defaultValue>
                                                                                                <TemplateArgument location="قالب:I2c:1:25">
                                                                                                   <ptk:a name="RTD">
                                                                                                      <RtData>c3EAfgAAdXEAfgADAAAAA3VxAH4ABQAAAAF0AAF8cHA=</RtData>
                                                                                                   </ptk:a>
                                                                                                   <hasName>false</hasName>
                                                                                                   <name>
                                                                                                      <ptk:l/>
                                                                                                   </name>
                                                                                                   <value>
                                                                                                      <ptk:l location="قالب:I2c:1:25"/>
                                                                                                   </value>
                                                                                                </TemplateArgument>
                                                                                             </defaultValue>
                                                                                             <garbage/>
                                                                                          </TemplateParameter>
                                                                                          <ptk:t location="قالب:I2c:1:28">#switch: </ptk:t>
                                                                                          <TemplateParameter location="قالب:I2c:1:40">
                                                                                             <ptk:a name="RTD">
                                                                                                <RtData>c3EAfgAAdXEAfgADAAAABHVxAH4ABQAAAAFxAH4ADXBwdXEAfgAFAAAAAXEAfgAP</RtData>
                                                                                             </ptk:a>
                                                                                             <name>
                                                                                                <ptk:l location="قالب:I2c:1:40">
                                                                                                   <ptk:t location="قالب:I2c:1:40">1</ptk:t>
                                                                                                </ptk:l>
                                                                                             </name>
                                                                                             <defaultValue/>
                                                                                             <garbage/>
                                                                                          </TemplateParameter>
                                                                                          <ptk:t location="قالب:I2c:1:44"> 
</ptk:t>
                                                                                       </ptk:l>
                                                                                    </name>
                                                                                 </IllegalNameException>
                                                                              </ptk:l>
                                                                           </content>
                                                                        </PpResolverLog>
                                                                     </ptk:l>
                                                                  </content>
                                                               </CompilerLog>
                                                            </ptk:l>
                                                         </content>
                                                      </ResolveTransclusionLog>
                                                      <ResolveTransclusionLog>
                                                         <success>true</success>
                                                         <target>i2c</target>
                                                         <canonical>قالب:I2c</canonical>
                                                         <timeNeeded>0</timeNeeded>
                                                         <content>
                                                            <ptk:l>
                                                               <CompilerLog>
                                                                  <title>قالب:I2c</title>
                                                                  <revision>356406</revision>
                                                                  <content>
                                                                     <ptk:l>
                                                                        <ValidatorLog>
                                                                           <timeNeeded>0</timeNeeded>
                                                                           <content>
                                                                              <ptk:l/>
                                                                           </content>
                                                                        </ValidatorLog>
                                                                        <PreprocessorLog>
                                                                           <forInclusion>true</forInclusion>
                                                                           <timeNeeded>0</timeNeeded>
                                                                           <content>
                                                                              <ptk:l/>
                                                                           </content>
                                                                        </PreprocessorLog>
                                                                        <PpResolverLog>
                                                                           <timeNeeded>0</timeNeeded>
                                                                           <content>
                                                                              <ptk:l>
                                                                                 <IllegalNameException>
                                                                                    <message>Cannot resolve target of transclusion to a simple name.</message>
                                                                                    <name>
                                                                                       <ptk:l location="قالب:I2c:1:28">
                                                                                          <TemplateParameter location="قالب:I2c:1:19">
                                                                                             <ptk:a name="RTD">
                                                                                                <RtData>c3EAfgAAdXEAfgADAAAABHVxAH4ABQAAAAFxAH4ADXBwdXEAfgAFAAAAAXEAfgAP</RtData>
                                                                                             </ptk:a>
                                                                                             <name>
                                                                                                <ptk:l location="قالب:I2c:1:19">
                                                                                                   <ptk:t location="قالب:I2c:1:19">subst</ptk:t>
                                                                                                </ptk:l>
                                                                                             </name>
                                                                                             <defaultValue>
                                                                                                <TemplateArgument location="قالب:I2c:1:25">
                                                                                                   <ptk:a name="RTD">
                                                                                                      <RtData>c3EAfgAAdXEAfgADAAAAA3VxAH4ABQAAAAF0AAF8cHA=</RtData>
                                                                                                   </ptk:a>
                                                                                                   <hasName>false</hasName>
                                                                                                   <name>
                                                                                                      <ptk:l/>
                                                                                                   </name>
                                                                                                   <value>
                                                                                                      <ptk:l location="قالب:I2c:1:25"/>
                                                                                                   </value>
                                                                                                </TemplateArgument>
                                                                                             </defaultValue>
                                                                                             <garbage/>
                                                                                          </TemplateParameter>
                                                                                          <ptk:t location="قالب:I2c:1:28">#switch: </ptk:t>
                                                                                          <TemplateParameter location="قالب:I2c:1:40">
                                                                                             <ptk:a name="RTD">
                                                                                                <RtData>c3EAfgAAdXEAfgADAAAABHVxAH4ABQAAAAFxAH4ADXBwdXEAfgAFAAAAAXEAfgAP</RtData>
                                                                                             </ptk:a>
                                                                                             <name>
                                                                                                <ptk:l location="قالب:I2c:1:40">
                                                                                                   <ptk:t location="قالب:I2c:1:40">1</ptk:t>
                                                                                                </ptk:l>
                                                                                             </name>
                                                                                             <defaultValue/>
                                                                                             <garbage/>
                                                                                          </TemplateParameter>
                                                                                          <ptk:t location="قالب:I2c:1:44"> 
</ptk:t>
                                                                                       </ptk:l>
                                                                                    </name>
                                                                                 </IllegalNameException>
                                                                              </ptk:l>
                                                                           </content>
                                                                        </PpResolverLog>
                                                                     </ptk:l>
                                                                  </content>
                                                               </CompilerLog>
                                                            </ptk:l>
                                                         </content>
                                                      </ResolveTransclusionLog>
                                                      <ResolveTransclusionLog>
                                                         <success>true</success>
                                                         <target>•w</target>
                                                         <canonical>قالب:•w</canonical>
                                                         <timeNeeded>0</timeNeeded>
                                                         <content>
                                                            <ptk:l>
                                                               <CompilerLog>
                                                                  <title>قالب:•w</title>
                                                                  <revision>152410</revision>
                                                                  <content>
                                                                     <ptk:l>
                                                                        <ValidatorLog>
                                                                           <timeNeeded>0</timeNeeded>
                                                                           <content>
                                                                              <ptk:l/>
                                                                           </content>
                                                                        </ValidatorLog>
                                                                        <PreprocessorLog>
                                                                           <forInclusion>true</forInclusion>
                                                                           <timeNeeded>0</timeNeeded>
                                                                           <content>
                                                                              <ptk:l/>
                                                                           </content>
                                                                        </PreprocessorLog>
                                                                        <PpResolverLog>
                                                                           <timeNeeded>0</timeNeeded>
                                                                           <content>
                                                                              <ptk:l/>
                                                                           </content>
                                                                        </PpResolverLog>
                                                                     </ptk:l>
                                                                  </content>
                                                               </CompilerLog>
                                                            </ptk:l>
                                                         </content>
                                                      </ResolveTransclusionLog>
                                                      <ResolveTransclusionLog>
                                                         <success>true</success>
                                                         <target>i2c</target>
                                                         <canonical>قالب:I2c</canonical>
                                                         <timeNeeded>0</timeNeeded>
                                                         <content>
                                                            <ptk:l>
                                                               <CompilerLog>
                                                                  <title>قالب:I2c</title>
                                                                  <revision>356406</revision>
                                                                  <content>
                                                                     <ptk:l>
                                                                        <ValidatorLog>
                                                                           <timeNeeded>0</timeNeeded>
                                                                           <content>
                                                                              <ptk:l/>
                                                                           </content>
                                                                        </ValidatorLog>
                                                                        <PreprocessorLog>
                                                                           <forInclusion>true</forInclusion>
                                                                           <timeNeeded>0</timeNeeded>
                                                                           <content>
                                                                              <ptk:l/>
                                                                           </content>
                                                                        </PreprocessorLog>
                                                                        <PpResolverLog>
                                                                           <timeNeeded>0</timeNeeded>
                                                                           <content>
                                                                              <ptk:l>
                                                                                 <IllegalNameException>
                                                                                    <message>Cannot resolve target of transclusion to a simple name.</message>
                                                                                    <name>
                                                                                       <ptk:l location="قالب:I2c:1:28">
                                                                                          <TemplateParameter location="قالب:I2c:1:19">
                                                                                             <ptk:a name="RTD">
                                                                                                <RtData>c3EAfgAAdXEAfgADAAAABHVxAH4ABQAAAAFxAH4ADXBwdXEAfgAFAAAAAXEAfgAP</RtData>
                                                                                             </ptk:a>
                                                                                             <name>
                                                                                                <ptk:l location="قالب:I2c:1:19">
                                                                                                   <ptk:t location="قالب:I2c:1:19">subst</ptk:t>
                                                                                                </ptk:l>
                                                                                             </name>
                                                                                             <defaultValue>
                                                                                                <TemplateArgument location="قالب:I2c:1:25">
                                                                                                   <ptk:a name="RTD">
                                                                                                      <RtData>c3EAfgAAdXEAfgADAAAAA3VxAH4ABQAAAAF0AAF8cHA=</RtData>
                                                                                                   </ptk:a>
                                                                                                   <hasName>false</hasName>
                                                                                                   <name>
                                                                                                      <ptk:l/>
                                                                                                   </name>
                                                                                                   <value>
                                                                                                      <ptk:l location="قالب:I2c:1:25"/>
                                                                                                   </value>
                                                                                                </TemplateArgument>
                                                                                             </defaultValue>
                                                                                             <garbage/>
                                                                                          </TemplateParameter>
                                                                                          <ptk:t location="قالب:I2c:1:28">#switch: </ptk:t>
                                                                                          <TemplateParameter location="قالب:I2c:1:40">
                                                                                             <ptk:a name="RTD">
                                                                                                <RtData>c3EAfgAAdXEAfgADAAAABHVxAH4ABQAAAAFxAH4ADXBwdXEAfgAFAAAAAXEAfgAP</RtData>
                                                                                             </ptk:a>
                                                                                             <name>
                                                                                                <ptk:l location="قالب:I2c:1:40">
                                                                                                   <ptk:t location="قالب:I2c:1:40">1</ptk:t>
                                                                                                </ptk:l>
                                                                                             </name>
                                                                                             <defaultValue/>
                                                                                             <garbage/>
                                                                                          </TemplateParameter>
                                                                                          <ptk:t location="قالب:I2c:1:44"> 
</ptk:t>
                                                                                       </ptk:l>
                                                                                    </name>
                                                                                 </IllegalNameException>
                                                                              </ptk:l>
                                                                           </content>
                                                                        </PpResolverLog>
                                                                     </ptk:l>
                                                                  </content>
                                                               </CompilerLog>
                                                            </ptk:l>
                                                         </content>
                                                      </ResolveTransclusionLog>
                                                      <ResolveTransclusionLog>
                                                         <success>true</success>
                                                         <target>i2c</target>
                                                         <canonical>قالب:I2c</canonical>
                                                         <timeNeeded>0</timeNeeded>
                                                         <content>
                                                            <ptk:l>
                                                               <CompilerLog>
                                                                  <title>قالب:I2c</title>
                                                                  <revision>356406</revision>
                                                                  <content>
                                                                     <ptk:l>
                                                                        <ValidatorLog>
                                                                           <timeNeeded>0</timeNeeded>
                                                                           <content>
                                                                              <ptk:l/>
                                                                           </content>
                                                                        </ValidatorLog>
                                                                        <PreprocessorLog>
                                                                           <forInclusion>true</forInclusion>
                                                                           <timeNeeded>0</timeNeeded>
                                                                           <content>
                                                                              <ptk:l/>
                                                                           </content>
                                                                        </PreprocessorLog>
                                                                        <PpResolverLog>
                                                                           <timeNeeded>0</timeNeeded>
                                                                           <content>
                                                                              <ptk:l>
                                                                                 <IllegalNameException>
                                                                                    <message>Cannot resolve target of transclusion to a simple name.</message>
                                                                                    <name>
                                                                                       <ptk:l location="قالب:I2c:1:28">
                                                                                          <TemplateParameter location="قالب:I2c:1:19">
                                                                                             <ptk:a name="RTD">
                                                                                                <RtData>c3EAfgAAdXEAfgADAAAABHVxAH4ABQAAAAFxAH4ADXBwdXEAfgAFAAAAAXEAfgAP</RtData>
                                                                                             </ptk:a>
                                                                                             <name>
                                                                                                <ptk:l location="قالب:I2c:1:19">
                                                                                                   <ptk:t location="قالب:I2c:1:19">subst</ptk:t>
                                                                                                </ptk:l>
                                                                                             </name>
                                                                                             <defaultValue>
                                                                                                <TemplateArgument location="قالب:I2c:1:25">
                                                                                                   <ptk:a name="RTD">
                                                                                                      <RtData>c3EAfgAAdXEAfgADAAAAA3VxAH4ABQAAAAF0AAF8cHA=</RtData>
                                                                                                   </ptk:a>
                                                                                                   <hasName>false</hasName>
                                                                                                   <name>
                                                                                                      <ptk:l/>
                                                                                                   </name>
                                                                                                   <value>
                                                                                                      <ptk:l location="قالب:I2c:1:25"/>
                                                                                                   </value>
                                                                                                </TemplateArgument>
                                                                                             </defaultValue>
                                                                                             <garbage/>
                                                                                          </TemplateParameter>
                                                                                          <ptk:t location="قالب:I2c:1:28">#switch: </ptk:t>
                                                                                          <TemplateParameter location="قالب:I2c:1:40">
                                                                                             <ptk:a name="RTD">
                                                                                                <RtData>c3EAfgAAdXEAfgADAAAABHVxAH4ABQAAAAFxAH4ADXBwdXEAfgAFAAAAAXEAfgAP</RtData>
                                                                                             </ptk:a>
                                                                                             <name>
                                                                                                <ptk:l location="قالب:I2c:1:40">
                                                                                                   <ptk:t location="قالب:I2c:1:40">1</ptk:t>
                                                                                                </ptk:l>
                                                                                             </name>
                                                                                             <defaultValue/>
                                                                                             <garbage/>
                                                                                          </TemplateParameter>
                                                                                          <ptk:t location="قالب:I2c:1:44"> 
</ptk:t>
                                                                                       </ptk:l>
                                                                                    </name>
                                                                                 </IllegalNameException>
                                                                              </ptk:l>
                                                                           </content>
                                                                        </PpResolverLog>
                                                                     </ptk:l>
                                                                  </content>
                                                               </CompilerLog>
                                                            </ptk:l>
                                                         </content>
                                                      </ResolveTransclusionLog>
                                                      <ResolveTransclusionLog>
                                                         <success>true</success>
                                                         <target>•w</target>
                                                         <canonical>قالب:•w</canonical>
                                                         <timeNeeded>0</timeNeeded>
                                                         <content>
                                                            <ptk:l>
                                                               <CompilerLog>
                                                                  <title>قالب:•w</title>
                                                                  <revision>152410</revision>
                                                                  <content>
                                                                     <ptk:l>
                                                                        <ValidatorLog>
                                                                           <timeNeeded>0</timeNeeded>
                                                                           <content>
                                                                              <ptk:l/>
                                                                           </content>
                                                                        </ValidatorLog>
                                                                        <PreprocessorLog>
                                                                           <forInclusion>true</forInclusion>
                                                                           <timeNeeded>0</timeNeeded>
                                                                           <content>
                                                                              <ptk:l/>
                                                                           </content>
                                                                        </PreprocessorLog>
                                                                        <PpResolverLog>
                                                                           <timeNeeded>0</timeNeeded>
                                                                           <content>
                                                                              <ptk:l/>
                                                                           </content>
                                                                        </PpResolverLog>
                                                                     </ptk:l>
                                                                  </content>
                                                               </CompilerLog>
                                                            </ptk:l>
                                                         </content>
                                                      </ResolveTransclusionLog>
                                                      <ResolveTransclusionLog>
                                                         <success>true</success>
                                                         <target>i2c</target>
                                                         <canonical>قالب:I2c</canonical>
                                                         <timeNeeded>0</timeNeeded>
                                                         <content>
                                                            <ptk:l>
                                                               <CompilerLog>
                                                                  <title>قالب:I2c</title>
                                                                  <revision>356406</revision>
                                                                  <content>
                                                                     <ptk:l>
                                                                        <ValidatorLog>
                                                                           <timeNeeded>0</timeNeeded>
                                                                           <content>
                                                                              <ptk:l/>
                                                                           </content>
                                                                        </ValidatorLog>
                                                                        <PreprocessorLog>
                                                                           <forInclusion>true</forInclusion>
                                                                           <timeNeeded>0</timeNeeded>
                                                                           <content>
                                                                              <ptk:l/>
                                                                           </content>
                                                                        </PreprocessorLog>
                                                                        <PpResolverLog>
                                                                           <timeNeeded>0</timeNeeded>
                                                                           <content>
                                                                              <ptk:l>
                                                                                 <IllegalNameException>
                                                                                    <message>Cannot resolve target of transclusion to a simple name.</message>
                                                                                    <name>
                                                                                       <ptk:l location="قالب:I2c:1:28">
                                                                                          <TemplateParameter location="قالب:I2c:1:19">
                                                                                             <ptk:a name="RTD">
                                                                                                <RtData>c3EAfgAAdXEAfgADAAAABHVxAH4ABQAAAAFxAH4ADXBwdXEAfgAFAAAAAXEAfgAP</RtData>
                                                                                             </ptk:a>
                                                                                             <name>
                                                                                                <ptk:l location="قالب:I2c:1:19">
                                                                                                   <ptk:t location="قالب:I2c:1:19">subst</ptk:t>
                                                                                                </ptk:l>
                                                                                             </name>
                                                                                             <defaultValue>
                                                                                                <TemplateArgument location="قالب:I2c:1:25">
                                                                                                   <ptk:a name="RTD">
                                                                                                      <RtData>c3EAfgAAdXEAfgADAAAAA3VxAH4ABQAAAAF0AAF8cHA=</RtData>
                                                                                                   </ptk:a>
                                                                                                   <hasName>false</hasName>
                                                                                                   <name>
                                                                                                      <ptk:l/>
                                                                                                   </name>
                                                                                                   <value>
                                                                                                      <ptk:l location="قالب:I2c:1:25"/>
                                                                                                   </value>
                                                                                                </TemplateArgument>
                                                                                             </defaultValue>
                                                                                             <garbage/>
                                                                                          </TemplateParameter>
                                                                                          <ptk:t location="قالب:I2c:1:28">#switch: </ptk:t>
                                                                                          <TemplateParameter location="قالب:I2c:1:40">
                                                                                             <ptk:a name="RTD">
                                                                                                <RtData>c3EAfgAAdXEAfgADAAAABHVxAH4ABQAAAAFxAH4ADXBwdXEAfgAFAAAAAXEAfgAP</RtData>
                                                                                             </ptk:a>
                                                                                             <name>
                                                                                                <ptk:l location="قالب:I2c:1:40">
                                                                                                   <ptk:t location="قالب:I2c:1:40">1</ptk:t>
                                                                                                </ptk:l>
                                                                                             </name>
                                                                                             <defaultValue/>
                                                                                             <garbage/>
                                                                                          </TemplateParameter>
                                                                                          <ptk:t location="قالب:I2c:1:44"> 
</ptk:t>
                                                                                       </ptk:l>
                                                                                    </name>
                                                                                 </IllegalNameException>
                                                                              </ptk:l>
                                                                           </content>
                                                                        </PpResolverLog>
                                                                     </ptk:l>
                                                                  </content>
                                                               </CompilerLog>
                                                            </ptk:l>
                                                         </content>
                                                      </ResolveTransclusionLog>
                                                      <ResolveTransclusionLog>
                                                         <success>true</success>
                                                         <target>i2c</target>
                                                         <canonical>قالب:I2c</canonical>
                                                         <timeNeeded>0</timeNeeded>
                                                         <content>
                                                            <ptk:l>
                                                               <CompilerLog>
                                                                  <title>قالب:I2c</title>
                                                                  <revision>356406</revision>
                                                                  <content>
                                                                     <ptk:l>
                                                                        <ValidatorLog>
                                                                           <timeNeeded>0</timeNeeded>
                                                                           <content>
                                                                              <ptk:l/>
                                                                           </content>
                                                                        </ValidatorLog>
                                                                        <PreprocessorLog>
                                                                           <forInclusion>true</forInclusion>
                                                                           <timeNeeded>0</timeNeeded>
                                                                           <content>
                                                                              <ptk:l/>
                                                                           </content>
                                                                        </PreprocessorLog>
                                                                        <PpResolverLog>
                                                                           <timeNeeded>0</timeNeeded>
                                                                           <content>
                                                                              <ptk:l>
                                                                                 <IllegalNameException>
                                                                                    <message>Cannot resolve target of transclusion to a simple name.</message>
                                                                                    <name>
                                                                                       <ptk:l location="قالب:I2c:1:28">
                                                                                          <TemplateParameter location="قالب:I2c:1:19">
                                                                                             <ptk:a name="RTD">
                                                                                                <RtData>c3EAfgAAdXEAfgADAAAABHVxAH4ABQAAAAFxAH4ADXBwdXEAfgAFAAAAAXEAfgAP</RtData>
                                                                                             </ptk:a>
                                                                                             <name>
                                                                                                <ptk:l location="قالب:I2c:1:19">
                                                                                                   <ptk:t location="قالب:I2c:1:19">subst</ptk:t>
                                                                                                </ptk:l>
                                                                                             </name>
                                                                                             <defaultValue>
                                                                                                <TemplateArgument location="قالب:I2c:1:25">
                                                                                                   <ptk:a name="RTD">
                                                                                                      <RtData>c3EAfgAAdXEAfgADAAAAA3VxAH4ABQAAAAF0AAF8cHA=</RtData>
                                                                                                   </ptk:a>
                                                                                                   <hasName>false</hasName>
                                                                                                   <name>
                                                                                                      <ptk:l/>
                                                                                                   </name>
                                                                                                   <value>
                                                                                                      <ptk:l location="قالب:I2c:1:25"/>
                                                                                                   </value>
                                                                                                </TemplateArgument>
                                                                                             </defaultValue>
                                                                                             <garbage/>
                                                                                          </TemplateParameter>
                                                                                          <ptk:t location="قالب:I2c:1:28">#switch: </ptk:t>
                                                                                          <TemplateParameter location="قالب:I2c:1:40">
                                                                                             <ptk:a name="RTD">
                                                                                                <RtData>c3EAfgAAdXEAfgADAAAABHVxAH4ABQAAAAFxAH4ADXBwdXEAfgAFAAAAAXEAfgAP</RtData>
                                                                                             </ptk:a>
                                                                                             <name>
                                                                                                <ptk:l location="قالب:I2c:1:40">
                                                                                                   <ptk:t location="قالب:I2c:1:40">1</ptk:t>
                                                                                                </ptk:l>
                                                                                             </name>
                                                                                             <defaultValue/>
                                                                                             <garbage/>
                                                                                          </TemplateParameter>
                                                                                          <ptk:t location="قالب:I2c:1:44"> 
</ptk:t>
                                                                                       </ptk:l>
                                                                                    </name>
                                                                                 </IllegalNameException>
                                                                              </ptk:l>
                                                                           </content>
                                                                        </PpResolverLog>
                                                                     </ptk:l>
                                                                  </content>
                                                               </CompilerLog>
                                                            </ptk:l>
                                                         </content>
                                                      </ResolveTransclusionLog>
                                                      <ResolveTransclusionLog>
                                                         <success>true</success>
                                                         <target>•w</target>
                                                         <canonical>قالب:•w</canonical>
                                                         <timeNeeded>0</timeNeeded>
                                                         <content>
                                                            <ptk:l>
                                                               <CompilerLog>
                                                                  <title>قالب:•w</title>
                                                                  <revision>152410</revision>
                                                                  <content>
                                                                     <ptk:l>
                                                                        <ValidatorLog>
                                                                           <timeNeeded>0</timeNeeded>
                                                                           <content>
                                                                              <ptk:l/>
                                                                           </content>
                                                                        </ValidatorLog>
                                                                        <PreprocessorLog>
                                                                           <forInclusion>true</forInclusion>
                                                                           <timeNeeded>0</timeNeeded>
                                                                           <content>
                                                                              <ptk:l/>
                                                                           </content>
                                                                        </PreprocessorLog>
                                                                        <PpResolverLog>
                                                                           <timeNeeded>0</timeNeeded>
                                                                           <content>
                                                                              <ptk:l/>
                                                                           </content>
                                                                        </PpResolverLog>
                                                                     </ptk:l>
                                                                  </content>
                                                               </CompilerLog>
                                                            </ptk:l>
                                                         </content>
                                                      </ResolveTransclusionLog>
                                                      <ResolveTransclusionLog>
                                                         <success>true</success>
                                                         <target>i2c</target>
                                                         <canonical>قالب:I2c</canonical>
                                                         <timeNeeded>0</timeNeeded>
                                                         <content>
                                                            <ptk:l>
                                                               <CompilerLog>
                                                                  <title>قالب:I2c</title>
                                                                  <revision>356406</revision>
                                                                  <content>
                                                                     <ptk:l>
                                                                        <ValidatorLog>
                                                                           <timeNeeded>0</timeNeeded>
                                                                           <content>
                                                                              <ptk:l/>
                                                                           </content>
                                                                        </ValidatorLog>
                                                                        <PreprocessorLog>
                                                                           <forInclusion>true</forInclusion>
                                                                           <timeNeeded>0</timeNeeded>
                                                                           <content>
                                                                              <ptk:l/>
                                                                           </content>
                                                                        </PreprocessorLog>
                                                                        <PpResolverLog>
                                                                           <timeNeeded>0</timeNeeded>
                                                                           <content>
                                                                              <ptk:l>
                                                                                 <IllegalNameException>
                                                                                    <message>Cannot resolve target of transclusion to a simple name.</message>
                                                                                    <name>
                                                                                       <ptk:l location="قالب:I2c:1:28">
                                                                                          <TemplateParameter location="قالب:I2c:1:19">
                                                                                             <ptk:a name="RTD">
                                                                                                <RtData>c3EAfgAAdXEAfgADAAAABHVxAH4ABQAAAAFxAH4ADXBwdXEAfgAFAAAAAXEAfgAP</RtData>
                                                                                             </ptk:a>
                                                                                             <name>
                                                                                                <ptk:l location="قالب:I2c:1:19">
                                                                                                   <ptk:t location="قالب:I2c:1:19">subst</ptk:t>
                                                                                                </ptk:l>
                                                                                             </name>
                                                                                             <defaultValue>
                                                                                                <TemplateArgument location="قالب:I2c:1:25">
                                                                                                   <ptk:a name="RTD">
                                                                                                      <RtData>c3EAfgAAdXEAfgADAAAAA3VxAH4ABQAAAAF0AAF8cHA=</RtData>
                                                                                                   </ptk:a>
                                                                                                   <hasName>false</hasName>
                                                                                                   <name>
                                                                                                      <ptk:l/>
                                                                                                   </name>
                                                                                                   <value>
                                                                                                      <ptk:l location="قالب:I2c:1:25"/>
                                                                                                   </value>
                                                                                                </TemplateArgument>
                                                                                             </defaultValue>
                                                                                             <garbage/>
                                                                                          </TemplateParameter>
                                                                                          <ptk:t location="قالب:I2c:1:28">#switch: </ptk:t>
                                                                                          <TemplateParameter location="قالب:I2c:1:40">
                                                                                             <ptk:a name="RTD">
                                                                                                <RtData>c3EAfgAAdXEAfgADAAAABHVxAH4ABQAAAAFxAH4ADXBwdXEAfgAFAAAAAXEAfgAP</RtData>
                                                                                             </ptk:a>
                                                                                             <name>
                                                                                                <ptk:l location="قالب:I2c:1:40">
                                                                                                   <ptk:t location="قالب:I2c:1:40">1</ptk:t>
                                                                                                </ptk:l>
                                                                                             </name>
                                                                                             <defaultValue/>
                                                                                             <garbage/>
                                                                                          </TemplateParameter>
                                                                                          <ptk:t location="قالب:I2c:1:44"> 
</ptk:t>
                                                                                       </ptk:l>
                                                                                    </name>
                                                                                 </IllegalNameException>
                                                                              </ptk:l>
                                                                           </content>
                                                                        </PpResolverLog>
                                                                     </ptk:l>
                                                                  </content>
                                                               </CompilerLog>
                                                            </ptk:l>
                                                         </content>
                                                      </ResolveTransclusionLog>
                                                      <ResolveTransclusionLog>
                                                         <success>true</success>
                                                         <target>i2c</target>
                                                         <canonical>قالب:I2c</canonical>
                                                         <timeNeeded>0</timeNeeded>
                                                         <content>
                                                            <ptk:l>
                                                               <CompilerLog>
                                                                  <title>قالب:I2c</title>
                                                                  <revision>356406</revision>
                                                                  <content>
                                                                     <ptk:l>
                                                                        <ValidatorLog>
                                                                           <timeNeeded>0</timeNeeded>
                                                                           <content>
                                                                              <ptk:l/>
                                                                           </content>
                                                                        </ValidatorLog>
                                                                        <PreprocessorLog>
                                                                           <forInclusion>true</forInclusion>
                                                                           <timeNeeded>0</timeNeeded>
                                                                           <content>
                                                                              <ptk:l/>
                                                                           </content>
                                                                        </PreprocessorLog>
                                                                        <PpResolverLog>
                                                                           <timeNeeded>0</timeNeeded>
                                                                           <content>
                                                                              <ptk:l>
                                                                                 <IllegalNameException>
                                                                                    <message>Cannot resolve target of transclusion to a simple name.</message>
                                                                                    <name>
                                                                                       <ptk:l location="قالب:I2c:1:28">
                                                                                          <TemplateParameter location="قالب:I2c:1:19">
                                                                                             <ptk:a name="RTD">
                                                                                                <RtData>c3EAfgAAdXEAfgADAAAABHVxAH4ABQAAAAFxAH4ADXBwdXEAfgAFAAAAAXEAfgAP</RtData>
                                                                                             </ptk:a>
                                                                                             <name>
                                                                                                <ptk:l location="قالب:I2c:1:19">
                                                                                                   <ptk:t location="قالب:I2c:1:19">subst</ptk:t>
                                                                                                </ptk:l>
                                                                                             </name>
                                                                                             <defaultValue>
                                                                                                <TemplateArgument location="قالب:I2c:1:25">
                                                                                                   <ptk:a name="RTD">
                                                                                                      <RtData>c3EAfgAAdXEAfgADAAAAA3VxAH4ABQAAAAF0AAF8cHA=</RtData>
                                                                                                   </ptk:a>
                                                                                                   <hasName>false</hasName>
                                                                                                   <name>
                                                                                                      <ptk:l/>
                                                                                                   </name>
                                                                                                   <value>
                                                                                                      <ptk:l location="قالب:I2c:1:25"/>
                                                                                                   </value>
                                                                                                </TemplateArgument>
                                                                                             </defaultValue>
                                                                                             <garbage/>
                                                                                          </TemplateParameter>
                                                                                          <ptk:t location="قالب:I2c:1:28">#switch: </ptk:t>
                                                                                          <TemplateParameter location="قالب:I2c:1:40">
                                                                                             <ptk:a name="RTD">
                                                                                                <RtData>c3EAfgAAdXEAfgADAAAABHVxAH4ABQAAAAFxAH4ADXBwdXEAfgAFAAAAAXEAfgAP</RtData>
                                                                                             </ptk:a>
                                                                                             <name>
                                                                                                <ptk:l location="قالب:I2c:1:40">
                                                                                                   <ptk:t location="قالب:I2c:1:40">1</ptk:t>
                                                                                                </ptk:l>
                                                                                             </name>
                                                                                             <defaultValue/>
                                                                                             <garbage/>
                                                                                          </TemplateParameter>
                                                                                          <ptk:t location="قالب:I2c:1:44"> 
</ptk:t>
                                                                                       </ptk:l>
                                                                                    </name>
                                                                                 </IllegalNameException>
                                                                              </ptk:l>
                                                                           </content>
                                                                        </PpResolverLog>
                                                                     </ptk:l>
                                                                  </content>
                                                               </CompilerLog>
                                                            </ptk:l>
                                                         </content>
                                                      </ResolveTransclusionLog>
                                                      <ResolveTransclusionLog>
                                                         <success>true</success>
                                                         <target>•w</target>
                                                         <canonical>قالب:•w</canonical>
                                                         <timeNeeded>0</timeNeeded>
                                                         <content>
                                                            <ptk:l>
                                                               <CompilerLog>
                                                                  <title>قالب:•w</title>
                                                                  <revision>152410</revision>
                                                                  <content>
                                                                     <ptk:l>
                                                                        <ValidatorLog>
                                                                           <timeNeeded>0</timeNeeded>
                                                                           <content>
                                                                              <ptk:l/>
                                                                           </content>
                                                                        </ValidatorLog>
                                                                        <PreprocessorLog>
                                                                           <forInclusion>true</forInclusion>
                                                                           <timeNeeded>0</timeNeeded>
                                                                           <content>
                                                                              <ptk:l/>
                                                                           </content>
                                                                        </PreprocessorLog>
                                                                        <PpResolverLog>
                                                                           <timeNeeded>0</timeNeeded>
                                                                           <content>
                                                                              <ptk:l/>
                                                                           </content>
                                                                        </PpResolverLog>
                                                                     </ptk:l>
                                                                  </content>
                                                               </CompilerLog>
                                                            </ptk:l>
                                                         </content>
                                                      </ResolveTransclusionLog>
                                                      <ResolveTransclusionLog>
                                                         <success>true</success>
                                                         <target>i2c</target>
                                                         <canonical>قالب:I2c</canonical>
                                                         <timeNeeded>0</timeNeeded>
                                                         <content>
                                                            <ptk:l>
                                                               <CompilerLog>
                                                                  <title>قالب:I2c</title>
                                                                  <revision>356406</revision>
                                                                  <content>
                                                                     <ptk:l>
                                                                        <ValidatorLog>
                                                                           <timeNeeded>0</timeNeeded>
                                                                           <content>
                                                                              <ptk:l/>
                                                                           </content>
                                                                        </ValidatorLog>
                                                                        <PreprocessorLog>
                                                                           <forInclusion>true</forInclusion>
                                                                           <timeNeeded>0</timeNeeded>
                                                                           <content>
                                                                              <ptk:l/>
                                                                           </content>
                                                                        </PreprocessorLog>
                                                                        <PpResolverLog>
                                                                           <timeNeeded>0</timeNeeded>
                                                                           <content>
                                                                              <ptk:l>
                                                                                 <IllegalNameException>
                                                                                    <message>Cannot resolve target of transclusion to a simple name.</message>
                                                                                    <name>
                                                                                       <ptk:l location="قالب:I2c:1:28">
                                                                                          <TemplateParameter location="قالب:I2c:1:19">
                                                                                             <ptk:a name="RTD">
                                                                                                <RtData>c3EAfgAAdXEAfgADAAAABHVxAH4ABQAAAAFxAH4ADXBwdXEAfgAFAAAAAXEAfgAP</RtData>
                                                                                             </ptk:a>
                                                                                             <name>
                                                                                                <ptk:l location="قالب:I2c:1:19">
                                                                                                   <ptk:t location="قالب:I2c:1:19">subst</ptk:t>
                                                                                                </ptk:l>
                                                                                             </name>
                                                                                             <defaultValue>
                                                                                                <TemplateArgument location="قالب:I2c:1:25">
                                                                                                   <ptk:a name="RTD">
                                                                                                      <RtData>c3EAfgAAdXEAfgADAAAAA3VxAH4ABQAAAAF0AAF8cHA=</RtData>
                                                                                                   </ptk:a>
                                                                                                   <hasName>false</hasName>
                                                                                                   <name>
                                                                                                      <ptk:l/>
                                                                                                   </name>
                                                                                                   <value>
                                                                                                      <ptk:l location="قالب:I2c:1:25"/>
                                                                                                   </value>
                                                                                                </TemplateArgument>
                                                                                             </defaultValue>
                                                                                             <garbage/>
                                                                                          </TemplateParameter>
                                                                                          <ptk:t location="قالب:I2c:1:28">#switch: </ptk:t>
                                                                                          <TemplateParameter location="قالب:I2c:1:40">
                                                                                             <ptk:a name="RTD">
                                                                                                <RtData>c3EAfgAAdXEAfgADAAAABHVxAH4ABQAAAAFxAH4ADXBwdXEAfgAFAAAAAXEAfgAP</RtData>
                                                                                             </ptk:a>
                                                                                             <name>
                                                                                                <ptk:l location="قالب:I2c:1:40">
                                                                                                   <ptk:t location="قالب:I2c:1:40">1</ptk:t>
                                                                                                </ptk:l>
                                                                                             </name>
                                                                                             <defaultValue/>
                                                                                             <garbage/>
                                                                                          </TemplateParameter>
                                                                                          <ptk:t location="قالب:I2c:1:44"> 
</ptk:t>
                                                                                       </ptk:l>
                                                                                    </name>
                                                                                 </IllegalNameException>
                                                                              </ptk:l>
                                                                           </content>
                                                                        </PpResolverLog>
                                                                     </ptk:l>
                                                                  </content>
                                                               </CompilerLog>
                                                            </ptk:l>
                                                         </content>
                                                      </ResolveTransclusionLog>
                                                      <ResolveTransclusionLog>
                                                         <success>true</success>
                                                         <target>i2c</target>
                                                         <canonical>قالب:I2c</canonical>
                                                         <timeNeeded>0</timeNeeded>
                                                         <content>
                                                            <ptk:l>
                                                               <CompilerLog>
                                                                  <title>قالب:I2c</title>
                                                                  <revision>356406</revision>
                                                                  <content>
                                                                     <ptk:l>
                                                                        <ValidatorLog>
                                                                           <timeNeeded>0</timeNeeded>
                                                                           <content>
                                                                              <ptk:l/>
                                                                           </content>
                                                                        </ValidatorLog>
                                                                        <PreprocessorLog>
                                                                           <forInclusion>true</forInclusion>
                                                                           <timeNeeded>0</timeNeeded>
                                                                           <content>
                                                                              <ptk:l/>
                                                                           </content>
                                                                        </PreprocessorLog>
                                                                        <PpResolverLog>
                                                                           <timeNeeded>0</timeNeeded>
                                                                           <content>
                                                                              <ptk:l>
                                                                                 <IllegalNameException>
                                                                                    <message>Cannot resolve target of transclusion to a simple name.</message>
                                                                                    <name>
                                                                                       <ptk:l location="قالب:I2c:1:28">
                                                                                          <TemplateParameter location="قالب:I2c:1:19">
                                                                                             <ptk:a name="RTD">
                                                                                                <RtData>c3EAfgAAdXEAfgADAAAABHVxAH4ABQAAAAFxAH4ADXBwdXEAfgAFAAAAAXEAfgAP</RtData>
                                                                                             </ptk:a>
                                                                                             <name>
                                                                                                <ptk:l location="قالب:I2c:1:19">
                                                                                                   <ptk:t location="قالب:I2c:1:19">subst</ptk:t>
                                                                                                </ptk:l>
                                                                                             </name>
                                                                                             <defaultValue>
                                                                                                <TemplateArgument location="قالب:I2c:1:25">
                                                                                                   <ptk:a name="RTD">
                                                                                                      <RtData>c3EAfgAAdXEAfgADAAAAA3VxAH4ABQAAAAF0AAF8cHA=</RtData>
                                                                                                   </ptk:a>
                                                                                                   <hasName>false</hasName>
                                                                                                   <name>
                                                                                                      <ptk:l/>
                                                                                                   </name>
                                                                                                   <value>
                                                                                                      <ptk:l location="قالب:I2c:1:25"/>
                                                                                                   </value>
                                                                                                </TemplateArgument>
                                                                                             </defaultValue>
                                                                                             <garbage/>
                                                                                          </TemplateParameter>
                                                                                          <ptk:t location="قالب:I2c:1:28">#switch: </ptk:t>
                                                                                          <TemplateParameter location="قالب:I2c:1:40">
                                                                                             <ptk:a name="RTD">
                                                                                                <RtData>c3EAfgAAdXEAfgADAAAABHVxAH4ABQAAAAFxAH4ADXBwdXEAfgAFAAAAAXEAfgAP</RtData>
                                                                                             </ptk:a>
                                                                                             <name>
                                                                                                <ptk:l location="قالب:I2c:1:40">
                                                                                                   <ptk:t location="قالب:I2c:1:40">1</ptk:t>
                                                                                                </ptk:l>
                                                                                             </name>
                                                                                             <defaultValue/>
                                                                                             <garbage/>
                                                                                          </TemplateParameter>
                                                                                          <ptk:t location="قالب:I2c:1:44"> 
</ptk:t>
                                                                                       </ptk:l>
                                                                                    </name>
                                                                                 </IllegalNameException>
                                                                              </ptk:l>
                                                                           </content>
                                                                        </PpResolverLog>
                                                                     </ptk:l>
                                                                  </content>
                                                               </CompilerLog>
                                                            </ptk:l>
                                                         </content>
                                                      </ResolveTransclusionLog>
                                                      <ResolveTransclusionLog>
                                                         <success>true</success>
                                                         <target>•w</target>
                                                         <canonical>قالب:•w</canonical>
                                                         <timeNeeded>0</timeNeeded>
                                                         <content>
                                                            <ptk:l>
                                                               <CompilerLog>
                                                                  <title>قالب:•w</title>
                                                                  <revision>152410</revision>
                                                                  <content>
                                                                     <ptk:l>
                                                                        <ValidatorLog>
                                                                           <timeNeeded>0</timeNeeded>
                                                                           <content>
                                                                              <ptk:l/>
                                                                           </content>
                                                                        </ValidatorLog>
                                                                        <PreprocessorLog>
                                                                           <forInclusion>true</forInclusion>
                                                                           <timeNeeded>0</timeNeeded>
                                                                           <content>
                                                                              <ptk:l/>
                                                                           </content>
                                                                        </PreprocessorLog>
                                                                        <PpResolverLog>
                                                                           <timeNeeded>0</timeNeeded>
                                                                           <content>
                                                                              <ptk:l/>
                                                                           </content>
                                                                        </PpResolverLog>
                                                                     </ptk:l>
                                                                  </content>
                                                               </CompilerLog>
                                                            </ptk:l>
                                                         </content>
                                                      </ResolveTransclusionLog>
                                                      <ResolveTransclusionLog>
                                                         <success>true</success>
                                                         <target>i2c</target>
                                                         <canonical>قالب:I2c</canonical>
                                                         <timeNeeded>0</timeNeeded>
                                                         <content>
                                                            <ptk:l>
                                                               <CompilerLog>
                                                                  <title>قالب:I2c</title>
                                                                  <revision>356406</revision>
                                                                  <content>
                                                                     <ptk:l>
                                                                        <ValidatorLog>
                                                                           <timeNeeded>0</timeNeeded>
                                                                           <content>
                                                                              <ptk:l/>
                                                                           </content>
                                                                        </ValidatorLog>
                                                                        <PreprocessorLog>
                                                                           <forInclusion>true</forInclusion>
                                                                           <timeNeeded>0</timeNeeded>
                                                                           <content>
                                                                              <ptk:l/>
                                                                           </content>
                                                                        </PreprocessorLog>
                                                                        <PpResolverLog>
                                                                           <timeNeeded>0</timeNeeded>
                                                                           <content>
                                                                              <ptk:l>
                                                                                 <IllegalNameException>
                                                                                    <message>Cannot resolve target of transclusion to a simple name.</message>
                                                                                    <name>
                                                                                       <ptk:l location="قالب:I2c:1:28">
                                                                                          <TemplateParameter location="قالب:I2c:1:19">
                                                                                             <ptk:a name="RTD">
                                                                                                <RtData>c3EAfgAAdXEAfgADAAAABHVxAH4ABQAAAAFxAH4ADXBwdXEAfgAFAAAAAXEAfgAP</RtData>
                                                                                             </ptk:a>
                                                                                             <name>
                                                                                                <ptk:l location="قالب:I2c:1:19">
                                                                                                   <ptk:t location="قالب:I2c:1:19">subst</ptk:t>
                                                                                                </ptk:l>
                                                                                             </name>
                                                                                             <defaultValue>
                                                                                                <TemplateArgument location="قالب:I2c:1:25">
                                                                                                   <ptk:a name="RTD">
                                                                                                      <RtData>c3EAfgAAdXEAfgADAAAAA3VxAH4ABQAAAAF0AAF8cHA=</RtData>
                                                                                                   </ptk:a>
                                                                                                   <hasName>false</hasName>
                                                                                                   <name>
                                                                                                      <ptk:l/>
                                                                                                   </name>
                                                                                                   <value>
                                                                                                      <ptk:l location="قالب:I2c:1:25"/>
                                                                                                   </value>
                                                                                                </TemplateArgument>
                                                                                             </defaultValue>
                                                                                             <garbage/>
                                                                                          </TemplateParameter>
                                                                                          <ptk:t location="قالب:I2c:1:28">#switch: </ptk:t>
                                                                                          <TemplateParameter location="قالب:I2c:1:40">
                                                                                             <ptk:a name="RTD">
                                                                                                <RtData>c3EAfgAAdXEAfgADAAAABHVxAH4ABQAAAAFxAH4ADXBwdXEAfgAFAAAAAXEAfgAP</RtData>
                                                                                             </ptk:a>
                                                                                             <name>
                                                                                                <ptk:l location="قالب:I2c:1:40">
                                                                                                   <ptk:t location="قالب:I2c:1:40">1</ptk:t>
                                                                                                </ptk:l>
                                                                                             </name>
                                                                                             <defaultValue/>
                                                                                             <garbage/>
                                                                                          </TemplateParameter>
                                                                                          <ptk:t location="قالب:I2c:1:44"> 
</ptk:t>
                                                                                       </ptk:l>
                                                                                    </name>
                                                                                 </IllegalNameException>
                                                                              </ptk:l>
                                                                           </content>
                                                                        </PpResolverLog>
                                                                     </ptk:l>
                                                                  </content>
                                                               </CompilerLog>
                                                            </ptk:l>
                                                         </content>
                                                      </ResolveTransclusionLog>
                                                      <ResolveTransclusionLog>
                                                         <success>true</success>
                                                         <target>i2c</target>
                                                         <canonical>قالب:I2c</canonical>
                                                         <timeNeeded>0</timeNeeded>
                                                         <content>
                                                            <ptk:l>
                                                               <CompilerLog>
                                                                  <title>قالب:I2c</title>
                                                                  <revision>356406</revision>
                                                                  <content>
                                                                     <ptk:l>
                                                                        <ValidatorLog>
                                                                           <timeNeeded>0</timeNeeded>
                                                                           <content>
                                                                              <ptk:l/>
                                                                           </content>
                                                                        </ValidatorLog>
                                                                        <PreprocessorLog>
                                                                           <forInclusion>true</forInclusion>
                                                                           <timeNeeded>0</timeNeeded>
                                                                           <content>
                                                                              <ptk:l/>
                                                                           </content>
                                                                        </PreprocessorLog>
                                                                        <PpResolverLog>
                                                                           <timeNeeded>0</timeNeeded>
                                                                           <content>
                                                                              <ptk:l>
                                                                                 <IllegalNameException>
                                                                                    <message>Cannot resolve target of transclusion to a simple name.</message>
                                                                                    <name>
                                                                                       <ptk:l location="قالب:I2c:1:28">
                                                                                          <TemplateParameter location="قالب:I2c:1:19">
                                                                                             <ptk:a name="RTD">
                                                                                                <RtData>c3EAfgAAdXEAfgADAAAABHVxAH4ABQAAAAFxAH4ADXBwdXEAfgAFAAAAAXEAfgAP</RtData>
                                                                                             </ptk:a>
                                                                                             <name>
                                                                                                <ptk:l location="قالب:I2c:1:19">
                                                                                                   <ptk:t location="قالب:I2c:1:19">subst</ptk:t>
                                                                                                </ptk:l>
                                                                                             </name>
                                                                                             <defaultValue>
                                                                                                <TemplateArgument location="قالب:I2c:1:25">
                                                                                                   <ptk:a name="RTD">
                                                                                                      <RtData>c3EAfgAAdXEAfgADAAAAA3VxAH4ABQAAAAF0AAF8cHA=</RtData>
                                                                                                   </ptk:a>
                                                                                                   <hasName>false</hasName>
                                                                                                   <name>
                                                                                                      <ptk:l/>
                                                                                                   </name>
                                                                                                   <value>
                                                                                                      <ptk:l location="قالب:I2c:1:25"/>
                                                                                                   </value>
                                                                                                </TemplateArgument>
                                                                                             </defaultValue>
                                                                                             <garbage/>
                                                                                          </TemplateParameter>
                                                                                          <ptk:t location="قالب:I2c:1:28">#switch: </ptk:t>
                                                                                          <TemplateParameter location="قالب:I2c:1:40">
                                                                                             <ptk:a name="RTD">
                                                                                                <RtData>c3EAfgAAdXEAfgADAAAABHVxAH4ABQAAAAFxAH4ADXBwdXEAfgAFAAAAAXEAfgAP</RtData>
                                                                                             </ptk:a>
                                                                                             <name>
                                                                                                <ptk:l location="قالب:I2c:1:40">
                                                                                                   <ptk:t location="قالب:I2c:1:40">1</ptk:t>
                                                                                                </ptk:l>
                                                                                             </name>
                                                                                             <defaultValue/>
                                                                                             <garbage/>
                                                                                          </TemplateParameter>
                                                                                          <ptk:t location="قالب:I2c:1:44"> 
</ptk:t>
                                                                                       </ptk:l>
                                                                                    </name>
                                                                                 </IllegalNameException>
                                                                              </ptk:l>
                                                                           </content>
                                                                        </PpResolverLog>
                                                                     </ptk:l>
                                                                  </content>
                                                               </CompilerLog>
                                                            </ptk:l>
                                                         </content>
                                                      </ResolveTransclusionLog>
                                                      <ResolveTransclusionLog>
                                                         <success>true</success>
                                                         <target>•w</target>
                                                         <canonical>قالب:•w</canonical>
                                                         <timeNeeded>0</timeNeeded>
                                                         <content>
                                                            <ptk:l>
                                                               <CompilerLog>
                                                                  <title>قالب:•w</title>
                                                                  <revision>152410</revision>
                                                                  <content>
                                                                     <ptk:l>
                                                                        <ValidatorLog>
                                                                           <timeNeeded>0</timeNeeded>
                                                                           <content>
                                                                              <ptk:l/>
                                                                           </content>
                                                                        </ValidatorLog>
                                                                        <PreprocessorLog>
                                                                           <forInclusion>true</forInclusion>
                                                                           <timeNeeded>0</timeNeeded>
                                                                           <content>
                                                                              <ptk:l/>
                                                                           </content>
                                                                        </PreprocessorLog>
                                                                        <PpResolverLog>
                                                                           <timeNeeded>0</timeNeeded>
                                                                           <content>
                                                                              <ptk:l/>
                                                                           </content>
                                                                        </PpResolverLog>
                                                                     </ptk:l>
                                                                  </content>
                                                               </CompilerLog>
                                                            </ptk:l>
                                                         </content>
                                                      </ResolveTransclusionLog>
                                                      <ResolveTransclusionLog>
                                                         <success>true</success>
                                                         <target>i2c</target>
                                                         <canonical>قالب:I2c</canonical>
                                                         <timeNeeded>16</timeNeeded>
                                                         <content>
                                                            <ptk:l>
                                                               <CompilerLog>
                                                                  <title>قالب:I2c</title>
                                                                  <revision>356406</revision>
                                                                  <content>
                                                                     <ptk:l>
                                                                        <ValidatorLog>
                                                                           <timeNeeded>16</timeNeeded>
                                                                           <content>
                                                                              <ptk:l/>
                                                                           </content>
                                                                        </ValidatorLog>
                                                                        <PreprocessorLog>
                                                                           <forInclusion>true</forInclusion>
                                                                           <timeNeeded>0</timeNeeded>
                                                                           <content>
                                                                              <ptk:l/>
                                                                           </content>
                                                                        </PreprocessorLog>
                                                                        <PpResolverLog>
                                                                           <timeNeeded>0</timeNeeded>
                                                                           <content>
                                                                              <ptk:l>
                                                                                 <IllegalNameException>
                                                                                    <message>Cannot resolve target of transclusion to a simple name.</message>
                                                                                    <name>
                                                                                       <ptk:l location="قالب:I2c:1:28">
                                                                                          <TemplateParameter location="قالب:I2c:1:19">
                                                                                             <ptk:a name="RTD">
                                                                                                <RtData>c3EAfgAAdXEAfgADAAAABHVxAH4ABQAAAAFxAH4ADXBwdXEAfgAFAAAAAXEAfgAP</RtData>
                                                                                             </ptk:a>
                                                                                             <name>
                                                                                                <ptk:l location="قالب:I2c:1:19">
                                                                                                   <ptk:t location="قالب:I2c:1:19">subst</ptk:t>
                                                                                                </ptk:l>
                                                                                             </name>
                                                                                             <defaultValue>
                                                                                                <TemplateArgument location="قالب:I2c:1:25">
                                                                                                   <ptk:a name="RTD">
                                                                                                      <RtData>c3EAfgAAdXEAfgADAAAAA3VxAH4ABQAAAAF0AAF8cHA=</RtData>
                                                                                                   </ptk:a>
                                                                                                   <hasName>false</hasName>
                                                                                                   <name>
                                                                                                      <ptk:l/>
                                                                                                   </name>
                                                                                                   <value>
                                                                                                      <ptk:l location="قالب:I2c:1:25"/>
                                                                                                   </value>
                                                                                                </TemplateArgument>
                                                                                             </defaultValue>
                                                                                             <garbage/>
                                                                                          </TemplateParameter>
                                                                                          <ptk:t location="قالب:I2c:1:28">#switch: </ptk:t>
                                                                                          <TemplateParameter location="قالب:I2c:1:40">
                                                                                             <ptk:a name="RTD">
                                                                                                <RtData>c3EAfgAAdXEAfgADAAAABHVxAH4ABQAAAAFxAH4ADXBwdXEAfgAFAAAAAXEAfgAP</RtData>
                                                                                             </ptk:a>
                                                                                             <name>
                                                                                                <ptk:l location="قالب:I2c:1:40">
                                                                                                   <ptk:t location="قالب:I2c:1:40">1</ptk:t>
                                                                                                </ptk:l>
                                                                                             </name>
                                                                                             <defaultValue/>
                                                                                             <garbage/>
                                                                                          </TemplateParameter>
                                                                                          <ptk:t location="قالب:I2c:1:44"> 
</ptk:t>
                                                                                       </ptk:l>
                                                                                    </name>
                                                                                 </IllegalNameException>
                                                                              </ptk:l>
                                                                           </content>
                                                                        </PpResolverLog>
                                                                     </ptk:l>
                                                                  </content>
                                                               </CompilerLog>
                                                            </ptk:l>
                                                         </content>
                                                      </ResolveTransclusionLog>
                                                      <ResolveTransclusionLog>
                                                         <success>true</success>
                                                         <target>i2c</target>
                                                         <canonical>قالب:I2c</canonical>
                                                         <timeNeeded>0</timeNeeded>
                                                         <content>
                                                            <ptk:l>
                                                               <CompilerLog>
                                                                  <title>قالب:I2c</title>
                                                                  <revision>356406</revision>
                                                                  <content>
                                                                     <ptk:l>
                                                                        <ValidatorLog>
                                                                           <timeNeeded>0</timeNeeded>
                                                                           <content>
                                                                              <ptk:l/>
                                                                           </content>
                                                                        </ValidatorLog>
                                                                        <PreprocessorLog>
                                                                           <forInclusion>true</forInclusion>
                                                                           <timeNeeded>0</timeNeeded>
                                                                           <content>
                                                                              <ptk:l/>
                                                                           </content>
                                                                        </PreprocessorLog>
                                                                        <PpResolverLog>
                                                                           <timeNeeded>0</timeNeeded>
                                                                           <content>
                                                                              <ptk:l>
                                                                                 <IllegalNameException>
                                                                                    <message>Cannot resolve target of transclusion to a simple name.</message>
                                                                                    <name>
                                                                                       <ptk:l location="قالب:I2c:1:28">
                                                                                          <TemplateParameter location="قالب:I2c:1:19">
                                                                                             <ptk:a name="RTD">
                                                                                                <RtData>c3EAfgAAdXEAfgADAAAABHVxAH4ABQAAAAFxAH4ADXBwdXEAfgAFAAAAAXEAfgAP</RtData>
                                                                                             </ptk:a>
                                                                                             <name>
                                                                                                <ptk:l location="قالب:I2c:1:19">
                                                                                                   <ptk:t location="قالب:I2c:1:19">subst</ptk:t>
                                                                                                </ptk:l>
                                                                                             </name>
                                                                                             <defaultValue>
                                                                                                <TemplateArgument location="قالب:I2c:1:25">
                                                                                                   <ptk:a name="RTD">
                                                                                                      <RtData>c3EAfgAAdXEAfgADAAAAA3VxAH4ABQAAAAF0AAF8cHA=</RtData>
                                                                                                   </ptk:a>
                                                                                                   <hasName>false</hasName>
                                                                                                   <name>
                                                                                                      <ptk:l/>
                                                                                                   </name>
                                                                                                   <value>
                                                                                                      <ptk:l location="قالب:I2c:1:25"/>
                                                                                                   </value>
                                                                                                </TemplateArgument>
                                                                                             </defaultValue>
                                                                                             <garbage/>
                                                                                          </TemplateParameter>
                                                                                          <ptk:t location="قالب:I2c:1:28">#switch: </ptk:t>
                                                                                          <TemplateParameter location="قالب:I2c:1:40">
                                                                                             <ptk:a name="RTD">
                                                                                                <RtData>c3EAfgAAdXEAfgADAAAABHVxAH4ABQAAAAFxAH4ADXBwdXEAfgAFAAAAAXEAfgAP</RtData>
                                                                                             </ptk:a>
                                                                                             <name>
                                                                                                <ptk:l location="قالب:I2c:1:40">
                                                                                                   <ptk:t location="قالب:I2c:1:40">1</ptk:t>
                                                                                                </ptk:l>
                                                                                             </name>
                                                                                             <defaultValue/>
                                                                                             <garbage/>
                                                                                          </TemplateParameter>
                                                                                          <ptk:t location="قالب:I2c:1:44"> 
</ptk:t>
                                                                                       </ptk:l>
                                                                                    </name>
                                                                                 </IllegalNameException>
                                                                              </ptk:l>
                                                                           </content>
                                                                        </PpResolverLog>
                                                                     </ptk:l>
                                                                  </content>
                                                               </CompilerLog>
                                                            </ptk:l>
                                                         </content>
                                                      </ResolveTransclusionLog>
                                                      <ResolveTransclusionLog>
                                                         <success>true</success>
                                                         <target>•w</target>
                                                         <canonical>قالب:•w</canonical>
                                                         <timeNeeded>0</timeNeeded>
                                                         <content>
                                                            <ptk:l>
                                                               <CompilerLog>
                                                                  <title>قالب:•w</title>
                                                                  <revision>152410</revision>
                                                                  <content>
                                                                     <ptk:l>
                                                                        <ValidatorLog>
                                                                           <timeNeeded>0</timeNeeded>
                                                                           <content>
                                                                              <ptk:l/>
                                                                           </content>
                                                                        </ValidatorLog>
                                                                        <PreprocessorLog>
                                                                           <forInclusion>true</forInclusion>
                                                                           <timeNeeded>0</timeNeeded>
                                                                           <content>
                                                                              <ptk:l/>
                                                                           </content>
                                                                        </PreprocessorLog>
                                                                        <PpResolverLog>
                                                                           <timeNeeded>0</timeNeeded>
                                                                           <content>
                                                                              <ptk:l/>
                                                                           </content>
                                                                        </PpResolverLog>
                                                                     </ptk:l>
                                                                  </content>
                                                               </CompilerLog>
                                                            </ptk:l>
                                                         </content>
                                                      </ResolveTransclusionLog>
                                                      <ResolveTransclusionLog>
                                                         <success>true</success>
                                                         <target>i2c</target>
                                                         <canonical>قالب:I2c</canonical>
                                                         <timeNeeded>0</timeNeeded>
                                                         <content>
                                                            <ptk:l>
                                                               <CompilerLog>
                                                                  <title>قالب:I2c</title>
                                                                  <revision>356406</revision>
                                                                  <content>
                                                                     <ptk:l>
                                                                        <ValidatorLog>
                                                                           <timeNeeded>0</timeNeeded>
                                                                           <content>
                                                                              <ptk:l/>
                                                                           </content>
                                                                        </ValidatorLog>
                                                                        <PreprocessorLog>
                                                                           <forInclusion>true</forInclusion>
                                                                           <timeNeeded>0</timeNeeded>
                                                                           <content>
                                                                              <ptk:l/>
                                                                           </content>
                                                                        </PreprocessorLog>
                                                                        <PpResolverLog>
                                                                           <timeNeeded>0</timeNeeded>
                                                                           <content>
                                                                              <ptk:l>
                                                                                 <IllegalNameException>
                                                                                    <message>Cannot resolve target of transclusion to a simple name.</message>
                                                                                    <name>
                                                                                       <ptk:l location="قالب:I2c:1:28">
                                                                                          <TemplateParameter location="قالب:I2c:1:19">
                                                                                             <ptk:a name="RTD">
                                                                                                <RtData>c3EAfgAAdXEAfgADAAAABHVxAH4ABQAAAAFxAH4ADXBwdXEAfgAFAAAAAXEAfgAP</RtData>
                                                                                             </ptk:a>
                                                                                             <name>
                                                                                                <ptk:l location="قالب:I2c:1:19">
                                                                                                   <ptk:t location="قالب:I2c:1:19">subst</ptk:t>
                                                                                                </ptk:l>
                                                                                             </name>
                                                                                             <defaultValue>
                                                                                                <TemplateArgument location="قالب:I2c:1:25">
                                                                                                   <ptk:a name="RTD">
                                                                                                      <RtData>c3EAfgAAdXEAfgADAAAAA3VxAH4ABQAAAAF0AAF8cHA=</RtData>
                                                                                                   </ptk:a>
                                                                                                   <hasName>false</hasName>
                                                                                                   <name>
                                                                                                      <ptk:l/>
                                                                                                   </name>
                                                                                                   <value>
                                                                                                      <ptk:l location="قالب:I2c:1:25"/>
                                                                                                   </value>
                                                                                                </TemplateArgument>
                                                                                             </defaultValue>
                                                                                             <garbage/>
                                                                                          </TemplateParameter>
                                                                                          <ptk:t location="قالب:I2c:1:28">#switch: </ptk:t>
                                                                                          <TemplateParameter location="قالب:I2c:1:40">
                                                                                             <ptk:a name="RTD">
                                                                                                <RtData>c3EAfgAAdXEAfgADAAAABHVxAH4ABQAAAAFxAH4ADXBwdXEAfgAFAAAAAXEAfgAP</RtData>
                                                                                             </ptk:a>
                                                                                             <name>
                                                                                                <ptk:l location="قالب:I2c:1:40">
                                                                                                   <ptk:t location="قالب:I2c:1:40">1</ptk:t>
                                                                                                </ptk:l>
                                                                                             </name>
                                                                                             <defaultValue/>
                                                                                             <garbage/>
                                                                                          </TemplateParameter>
                                                                                          <ptk:t location="قالب:I2c:1:44"> 
</ptk:t>
                                                                                       </ptk:l>
                                                                                    </name>
                                                                                 </IllegalNameException>
                                                                              </ptk:l>
                                                                           </content>
                                                                        </PpResolverLog>
                                                                     </ptk:l>
                                                                  </content>
                                                               </CompilerLog>
                                                            </ptk:l>
                                                         </content>
                                                      </ResolveTransclusionLog>
                                                      <ResolveTransclusionLog>
                                                         <success>true</success>
                                                         <target>i2c</target>
                                                         <canonical>قالب:I2c</canonical>
                                                         <timeNeeded>0</timeNeeded>
                                                         <content>
                                                            <ptk:l>
                                                               <CompilerLog>
                                                                  <title>قالب:I2c</title>
                                                                  <revision>356406</revision>
                                                                  <content>
                                                                     <ptk:l>
                                                                        <ValidatorLog>
                                                                           <timeNeeded>0</timeNeeded>
                                                                           <content>
                                                                              <ptk:l/>
                                                                           </content>
                                                                        </ValidatorLog>
                                                                        <PreprocessorLog>
                                                                           <forInclusion>true</forInclusion>
                                                                           <timeNeeded>0</timeNeeded>
                                                                           <content>
                                                                              <ptk:l/>
                                                                           </content>
                                                                        </PreprocessorLog>
                                                                        <PpResolverLog>
                                                                           <timeNeeded>0</timeNeeded>
                                                                           <content>
                                                                              <ptk:l>
                                                                                 <IllegalNameException>
                                                                                    <message>Cannot resolve target of transclusion to a simple name.</message>
                                                                                    <name>
                                                                                       <ptk:l location="قالب:I2c:1:28">
                                                                                          <TemplateParameter location="قالب:I2c:1:19">
                                                                                             <ptk:a name="RTD">
                                                                                                <RtData>c3EAfgAAdXEAfgADAAAABHVxAH4ABQAAAAFxAH4ADXBwdXEAfgAFAAAAAXEAfgAP</RtData>
                                                                                             </ptk:a>
                                                                                             <name>
                                                                                                <ptk:l location="قالب:I2c:1:19">
                                                                                                   <ptk:t location="قالب:I2c:1:19">subst</ptk:t>
                                                                                                </ptk:l>
                                                                                             </name>
                                                                                             <defaultValue>
                                                                                                <TemplateArgument location="قالب:I2c:1:25">
                                                                                                   <ptk:a name="RTD">
                                                                                                      <RtData>c3EAfgAAdXEAfgADAAAAA3VxAH4ABQAAAAF0AAF8cHA=</RtData>
                                                                                                   </ptk:a>
                                                                                                   <hasName>false</hasName>
                                                                                                   <name>
                                                                                                      <ptk:l/>
                                                                                                   </name>
                                                                                                   <value>
                                                                                                      <ptk:l location="قالب:I2c:1:25"/>
                                                                                                   </value>
                                                                                                </TemplateArgument>
                                                                                             </defaultValue>
                                                                                             <garbage/>
                                                                                          </TemplateParameter>
                                                                                          <ptk:t location="قالب:I2c:1:28">#switch: </ptk:t>
                                                                                          <TemplateParameter location="قالب:I2c:1:40">
                                                                                             <ptk:a name="RTD">
                                                                                                <RtData>c3EAfgAAdXEAfgADAAAABHVxAH4ABQAAAAFxAH4ADXBwdXEAfgAFAAAAAXEAfgAP</RtData>
                                                                                             </ptk:a>
                                                                                             <name>
                                                                                                <ptk:l location="قالب:I2c:1:40">
                                                                                                   <ptk:t location="قالب:I2c:1:40">1</ptk:t>
                                                                                                </ptk:l>
                                                                                             </name>
                                                                                             <defaultValue/>
                                                                                             <garbage/>
                                                                                          </TemplateParameter>
                                                                                          <ptk:t location="قالب:I2c:1:44"> 
</ptk:t>
                                                                                       </ptk:l>
                                                                                    </name>
                                                                                 </IllegalNameException>
                                                                              </ptk:l>
                                                                           </content>
                                                                        </PpResolverLog>
                                                                     </ptk:l>
                                                                  </content>
                                                               </CompilerLog>
                                                            </ptk:l>
                                                         </content>
                                                      </ResolveTransclusionLog>
                                                      <ResolveTransclusionLog>
                                                         <success>true</success>
                                                         <target>•w</target>
                                                         <canonical>قالب:•w</canonical>
                                                         <timeNeeded>0</timeNeeded>
                                                         <content>
                                                            <ptk:l>
                                                               <CompilerLog>
                                                                  <title>قالب:•w</title>
                                                                  <revision>152410</revision>
                                                                  <content>
                                                                     <ptk:l>
                                                                        <ValidatorLog>
                                                                           <timeNeeded>0</timeNeeded>
                                                                           <content>
                                                                              <ptk:l/>
                                                                           </content>
                                                                        </ValidatorLog>
                                                                        <PreprocessorLog>
                                                                           <forInclusion>true</forInclusion>
                                                                           <timeNeeded>0</timeNeeded>
                                                                           <content>
                                                                              <ptk:l/>
                                                                           </content>
                                                                        </PreprocessorLog>
                                                                        <PpResolverLog>
                                                                           <timeNeeded>0</timeNeeded>
                                                                           <content>
                                                                              <ptk:l/>
                                                                           </content>
                                                                        </PpResolverLog>
                                                                     </ptk:l>
                                                                  </content>
                                                               </CompilerLog>
                                                            </ptk:l>
                                                         </content>
                                                      </ResolveTransclusionLog>
                                                      <ResolveTransclusionLog>
                                                         <success>true</success>
                                                         <target>i2c</target>
                                                         <canonical>قالب:I2c</canonical>
                                                         <timeNeeded>0</timeNeeded>
                                                         <content>
                                                            <ptk:l>
                                                               <CompilerLog>
                                                                  <title>قالب:I2c</title>
                                                                  <revision>356406</revision>
                                                                  <content>
                                                                     <ptk:l>
                                                                        <ValidatorLog>
                                                                           <timeNeeded>0</timeNeeded>
                                                                           <content>
                                                                              <ptk:l/>
                                                                           </content>
                                                                        </ValidatorLog>
                                                                        <PreprocessorLog>
                                                                           <forInclusion>true</forInclusion>
                                                                           <timeNeeded>0</timeNeeded>
                                                                           <content>
                                                                              <ptk:l/>
                                                                           </content>
                                                                        </PreprocessorLog>
                                                                        <PpResolverLog>
                                                                           <timeNeeded>0</timeNeeded>
                                                                           <content>
                                                                              <ptk:l>
                                                                                 <IllegalNameException>
                                                                                    <message>Cannot resolve target of transclusion to a simple name.</message>
                                                                                    <name>
                                                                                       <ptk:l location="قالب:I2c:1:28">
                                                                                          <TemplateParameter location="قالب:I2c:1:19">
                                                                                             <ptk:a name="RTD">
                                                                                                <RtData>c3EAfgAAdXEAfgADAAAABHVxAH4ABQAAAAFxAH4ADXBwdXEAfgAFAAAAAXEAfgAP</RtData>
                                                                                             </ptk:a>
                                                                                             <name>
                                                                                                <ptk:l location="قالب:I2c:1:19">
                                                                                                   <ptk:t location="قالب:I2c:1:19">subst</ptk:t>
                                                                                                </ptk:l>
                                                                                             </name>
                                                                                             <defaultValue>
                                                                                                <TemplateArgument location="قالب:I2c:1:25">
                                                                                                   <ptk:a name="RTD">
                                                                                                      <RtData>c3EAfgAAdXEAfgADAAAAA3VxAH4ABQAAAAF0AAF8cHA=</RtData>
                                                                                                   </ptk:a>
                                                                                                   <hasName>false</hasName>
                                                                                                   <name>
                                                                                                      <ptk:l/>
                                                                                                   </name>
                                                                                                   <value>
                                                                                                      <ptk:l location="قالب:I2c:1:25"/>
                                                                                                   </value>
                                                                                                </TemplateArgument>
                                                                                             </defaultValue>
                                                                                             <garbage/>
                                                                                          </TemplateParameter>
                                                                                          <ptk:t location="قالب:I2c:1:28">#switch: </ptk:t>
                                                                                          <TemplateParameter location="قالب:I2c:1:40">
                                                                                             <ptk:a name="RTD">
                                                                                                <RtData>c3EAfgAAdXEAfgADAAAABHVxAH4ABQAAAAFxAH4ADXBwdXEAfgAFAAAAAXEAfgAP</RtData>
                                                                                             </ptk:a>
                                                                                             <name>
                                                                                                <ptk:l location="قالب:I2c:1:40">
                                                                                                   <ptk:t location="قالب:I2c:1:40">1</ptk:t>
                                                                                                </ptk:l>
                                                                                             </name>
                                                                                             <defaultValue/>
                                                                                             <garbage/>
                                                                                          </TemplateParameter>
                                                                                          <ptk:t location="قالب:I2c:1:44"> 
</ptk:t>
                                                                                       </ptk:l>
                                                                                    </name>
                                                                                 </IllegalNameException>
                                                                              </ptk:l>
                                                                           </content>
                                                                        </PpResolverLog>
                                                                     </ptk:l>
                                                                  </content>
                                                               </CompilerLog>
                                                            </ptk:l>
                                                         </content>
                                                      </ResolveTransclusionLog>
                                                      <ResolveTransclusionLog>
                                                         <success>true</success>
                                                         <target>i2c</target>
                                                         <canonical>قالب:I2c</canonical>
                                                         <timeNeeded>0</timeNeeded>
                                                         <content>
                                                            <ptk:l>
                                                               <CompilerLog>
                                                                  <title>قالب:I2c</title>
                                                                  <revision>356406</revision>
                                                                  <content>
                                                                     <ptk:l>
                                                                        <ValidatorLog>
                                                                           <timeNeeded>0</timeNeeded>
                                                                           <content>
                                                                              <ptk:l/>
                                                                           </content>
                                                                        </ValidatorLog>
                                                                        <PreprocessorLog>
                                                                           <forInclusion>true</forInclusion>
                                                                           <timeNeeded>0</timeNeeded>
                                                                           <content>
                                                                              <ptk:l/>
                                                                           </content>
                                                                        </PreprocessorLog>
                                                                        <PpResolverLog>
                                                                           <timeNeeded>0</timeNeeded>
                                                                           <content>
                                                                              <ptk:l>
                                                                                 <IllegalNameException>
                                                                                    <message>Cannot resolve target of transclusion to a simple name.</message>
                                                                                    <name>
                                                                                       <ptk:l location="قالب:I2c:1:28">
                                                                                          <TemplateParameter location="قالب:I2c:1:19">
                                                                                             <ptk:a name="RTD">
                                                                                                <RtData>c3EAfgAAdXEAfgADAAAABHVxAH4ABQAAAAFxAH4ADXBwdXEAfgAFAAAAAXEAfgAP</RtData>
                                                                                             </ptk:a>
                                                                                             <name>
                                                                                                <ptk:l location="قالب:I2c:1:19">
                                                                                                   <ptk:t location="قالب:I2c:1:19">subst</ptk:t>
                                                                                                </ptk:l>
                                                                                             </name>
                                                                                             <defaultValue>
                                                                                                <TemplateArgument location="قالب:I2c:1:25">
                                                                                                   <ptk:a name="RTD">
                                                                                                      <RtData>c3EAfgAAdXEAfgADAAAAA3VxAH4ABQAAAAF0AAF8cHA=</RtData>
                                                                                                   </ptk:a>
                                                                                                   <hasName>false</hasName>
                                                                                                   <name>
                                                                                                      <ptk:l/>
                                                                                                   </name>
                                                                                                   <value>
                                                                                                      <ptk:l location="قالب:I2c:1:25"/>
                                                                                                   </value>
                                                                                                </TemplateArgument>
                                                                                             </defaultValue>
                                                                                             <garbage/>
                                                                                          </TemplateParameter>
                                                                                          <ptk:t location="قالب:I2c:1:28">#switch: </ptk:t>
                                                                                          <TemplateParameter location="قالب:I2c:1:40">
                                                                                             <ptk:a name="RTD">
                                                                                                <RtData>c3EAfgAAdXEAfgADAAAABHVxAH4ABQAAAAFxAH4ADXBwdXEAfgAFAAAAAXEAfgAP</RtData>
                                                                                             </ptk:a>
                                                                                             <name>
                                                                                                <ptk:l location="قالب:I2c:1:40">
                                                                                                   <ptk:t location="قالب:I2c:1:40">1</ptk:t>
                                                                                                </ptk:l>
                                                                                             </name>
                                                                                             <defaultValue/>
                                                                                             <garbage/>
                                                                                          </TemplateParameter>
                                                                                          <ptk:t location="قالب:I2c:1:44"> 
</ptk:t>
                                                                                       </ptk:l>
                                                                                    </name>
                                                                                 </IllegalNameException>
                                                                              </ptk:l>
                                                                           </content>
                                                                        </PpResolverLog>
                                                                     </ptk:l>
                                                                  </content>
                                                               </CompilerLog>
                                                            </ptk:l>
                                                         </content>
                                                      </ResolveTransclusionLog>
                                                      <ResolveTransclusionLog>
                                                         <success>true</success>
                                                         <target>•w</target>
                                                         <canonical>قالب:•w</canonical>
                                                         <timeNeeded>0</timeNeeded>
                                                         <content>
                                                            <ptk:l>
                                                               <CompilerLog>
                                                                  <title>قالب:•w</title>
                                                                  <revision>152410</revision>
                                                                  <content>
                                                                     <ptk:l>
                                                                        <ValidatorLog>
                                                                           <timeNeeded>0</timeNeeded>
                                                                           <content>
                                                                              <ptk:l/>
                                                                           </content>
                                                                        </ValidatorLog>
                                                                        <PreprocessorLog>
                                                                           <forInclusion>true</forInclusion>
                                                                           <timeNeeded>0</timeNeeded>
                                                                           <content>
                                                                              <ptk:l/>
                                                                           </content>
                                                                        </PreprocessorLog>
                                                                        <PpResolverLog>
                                                                           <timeNeeded>0</timeNeeded>
                                                                           <content>
                                                                              <ptk:l/>
                                                                           </content>
                                                                        </PpResolverLog>
                                                                     </ptk:l>
                                                                  </content>
                                                               </CompilerLog>
                                                            </ptk:l>
                                                         </content>
                                                      </ResolveTransclusionLog>
                                                      <ResolveTransclusionLog>
                                                         <success>true</success>
                                                         <target>i2c</target>
                                                         <canonical>قالب:I2c</canonical>
                                                         <timeNeeded>0</timeNeeded>
                                                         <content>
                                                            <ptk:l>
                                                               <CompilerLog>
                                                                  <title>قالب:I2c</title>
                                                                  <revision>356406</revision>
                                                                  <content>
                                                                     <ptk:l>
                                                                        <ValidatorLog>
                                                                           <timeNeeded>0</timeNeeded>
                                                                           <content>
                                                                              <ptk:l/>
                                                                           </content>
                                                                        </ValidatorLog>
                                                                        <PreprocessorLog>
                                                                           <forInclusion>true</forInclusion>
                                                                           <timeNeeded>0</timeNeeded>
                                                                           <content>
                                                                              <ptk:l/>
                                                                           </content>
                                                                        </PreprocessorLog>
                                                                        <PpResolverLog>
                                                                           <timeNeeded>0</timeNeeded>
                                                                           <content>
                                                                              <ptk:l>
                                                                                 <IllegalNameException>
                                                                                    <message>Cannot resolve target of transclusion to a simple name.</message>
                                                                                    <name>
                                                                                       <ptk:l location="قالب:I2c:1:28">
                                                                                          <TemplateParameter location="قالب:I2c:1:19">
                                                                                             <ptk:a name="RTD">
                                                                                                <RtData>c3EAfgAAdXEAfgADAAAABHVxAH4ABQAAAAFxAH4ADXBwdXEAfgAFAAAAAXEAfgAP</RtData>
                                                                                             </ptk:a>
                                                                                             <name>
                                                                                                <ptk:l location="قالب:I2c:1:19">
                                                                                                   <ptk:t location="قالب:I2c:1:19">subst</ptk:t>
                                                                                                </ptk:l>
                                                                                             </name>
                                                                                             <defaultValue>
                                                                                                <TemplateArgument location="قالب:I2c:1:25">
                                                                                                   <ptk:a name="RTD">
                                                                                                      <RtData>c3EAfgAAdXEAfgADAAAAA3VxAH4ABQAAAAF0AAF8cHA=</RtData>
                                                                                                   </ptk:a>
                                                                                                   <hasName>false</hasName>
                                                                                                   <name>
                                                                                                      <ptk:l/>
                                                                                                   </name>
                                                                                                   <value>
                                                                                                      <ptk:l location="قالب:I2c:1:25"/>
                                                                                                   </value>
                                                                                                </TemplateArgument>
                                                                                             </defaultValue>
                                                                                             <garbage/>
                                                                                          </TemplateParameter>
                                                                                          <ptk:t location="قالب:I2c:1:28">#switch: </ptk:t>
                                                                                          <TemplateParameter location="قالب:I2c:1:40">
                                                                                             <ptk:a name="RTD">
                                                                                                <RtData>c3EAfgAAdXEAfgADAAAABHVxAH4ABQAAAAFxAH4ADXBwdXEAfgAFAAAAAXEAfgAP</RtData>
                                                                                             </ptk:a>
                                                                                             <name>
                                                                                                <ptk:l location="قالب:I2c:1:40">
                                                                                                   <ptk:t location="قالب:I2c:1:40">1</ptk:t>
                                                                                                </ptk:l>
                                                                                             </name>
                                                                                             <defaultValue/>
                                                                                             <garbage/>
                                                                                          </TemplateParameter>
                                                                                          <ptk:t location="قالب:I2c:1:44"> 
</ptk:t>
                                                                                       </ptk:l>
                                                                                    </name>
                                                                                 </IllegalNameException>
                                                                              </ptk:l>
                                                                           </content>
                                                                        </PpResolverLog>
                                                                     </ptk:l>
                                                                  </content>
                                                               </CompilerLog>
                                                            </ptk:l>
                                                         </content>
                                                      </ResolveTransclusionLog>
                                                      <ResolveTransclusionLog>
                                                         <success>true</success>
                                                         <target>i2c</target>
                                                         <canonical>قالب:I2c</canonical>
                                                         <timeNeeded>0</timeNeeded>
                                                         <content>
                                                            <ptk:l>
                                                               <CompilerLog>
                                                                  <title>قالب:I2c</title>
                                                                  <revision>356406</revision>
                                                                  <content>
                                                                     <ptk:l>
                                                                        <ValidatorLog>
                                                                           <timeNeeded>0</timeNeeded>
                                                                           <content>
                                                                              <ptk:l/>
                                                                           </content>
                                                                        </ValidatorLog>
                                                                        <PreprocessorLog>
                                                                           <forInclusion>true</forInclusion>
                                                                           <timeNeeded>0</timeNeeded>
                                                                           <content>
                                                                              <ptk:l/>
                                                                           </content>
                                                                        </PreprocessorLog>
                                                                        <PpResolverLog>
                                                                           <timeNeeded>0</timeNeeded>
                                                                           <content>
                                                                              <ptk:l>
                                                                                 <IllegalNameException>
                                                                                    <message>Cannot resolve target of transclusion to a simple name.</message>
                                                                                    <name>
                                                                                       <ptk:l location="قالب:I2c:1:28">
                                                                                          <TemplateParameter location="قالب:I2c:1:19">
                                                                                             <ptk:a name="RTD">
                                                                                                <RtData>c3EAfgAAdXEAfgADAAAABHVxAH4ABQAAAAFxAH4ADXBwdXEAfgAFAAAAAXEAfgAP</RtData>
                                                                                             </ptk:a>
                                                                                             <name>
                                                                                                <ptk:l location="قالب:I2c:1:19">
                                                                                                   <ptk:t location="قالب:I2c:1:19">subst</ptk:t>
                                                                                                </ptk:l>
                                                                                             </name>
                                                                                             <defaultValue>
                                                                                                <TemplateArgument location="قالب:I2c:1:25">
                                                                                                   <ptk:a name="RTD">
                                                                                                      <RtData>c3EAfgAAdXEAfgADAAAAA3VxAH4ABQAAAAF0AAF8cHA=</RtData>
                                                                                                   </ptk:a>
                                                                                                   <hasName>false</hasName>
                                                                                                   <name>
                                                                                                      <ptk:l/>
                                                                                                   </name>
                                                                                                   <value>
                                                                                                      <ptk:l location="قالب:I2c:1:25"/>
                                                                                                   </value>
                                                                                                </TemplateArgument>
                                                                                             </defaultValue>
                                                                                             <garbage/>
                                                                                          </TemplateParameter>
                                                                                          <ptk:t location="قالب:I2c:1:28">#switch: </ptk:t>
                                                                                          <TemplateParameter location="قالب:I2c:1:40">
                                                                                             <ptk:a name="RTD">
                                                                                                <RtData>c3EAfgAAdXEAfgADAAAABHVxAH4ABQAAAAFxAH4ADXBwdXEAfgAFAAAAAXEAfgAP</RtData>
                                                                                             </ptk:a>
                                                                                             <name>
                                                                                                <ptk:l location="قالب:I2c:1:40">
                                                                                                   <ptk:t location="قالب:I2c:1:40">1</ptk:t>
                                                                                                </ptk:l>
                                                                                             </name>
                                                                                             <defaultValue/>
                                                                                             <garbage/>
                                                                                          </TemplateParameter>
                                                                                          <ptk:t location="قالب:I2c:1:44"> 
</ptk:t>
                                                                                       </ptk:l>
                                                                                    </name>
                                                                                 </IllegalNameException>
                                                                              </ptk:l>
                                                                           </content>
                                                                        </PpResolverLog>
                                                                     </ptk:l>
                                                                  </content>
                                                               </CompilerLog>
                                                            </ptk:l>
                                                         </content>
                                                      </ResolveTransclusionLog>
                                                      <ResolveTransclusionLog>
                                                         <success>true</success>
                                                         <target>•w</target>
                                                         <canonical>قالب:•w</canonical>
                                                         <timeNeeded>0</timeNeeded>
                                                         <content>
                                                            <ptk:l>
                                                               <CompilerLog>
                                                                  <title>قالب:•w</title>
                                                                  <revision>152410</revision>
                                                                  <content>
                                                                     <ptk:l>
                                                                        <ValidatorLog>
                                                                           <timeNeeded>0</timeNeeded>
                                                                           <content>
                                                                              <ptk:l/>
                                                                           </content>
                                                                        </ValidatorLog>
                                                                        <PreprocessorLog>
                                                                           <forInclusion>true</forInclusion>
                                                                           <timeNeeded>0</timeNeeded>
                                                                           <content>
                                                                              <ptk:l/>
                                                                           </content>
                                                                        </PreprocessorLog>
                                                                        <PpResolverLog>
                                                                           <timeNeeded>0</timeNeeded>
                                                                           <content>
                                                                              <ptk:l/>
                                                                           </content>
                                                                        </PpResolverLog>
                                                                     </ptk:l>
                                                                  </content>
                                                               </CompilerLog>
                                                            </ptk:l>
                                                         </content>
                                                      </ResolveTransclusionLog>
                                                      <ResolveTransclusionLog>
                                                         <success>true</success>
                                                         <target>i2c</target>
                                                         <canonical>قالب:I2c</canonical>
                                                         <timeNeeded>0</timeNeeded>
                                                         <content>
                                                            <ptk:l>
                                                               <CompilerLog>
                                                                  <title>قالب:I2c</title>
                                                                  <revision>356406</revision>
                                                                  <content>
                                                                     <ptk:l>
                                                                        <ValidatorLog>
                                                                           <timeNeeded>0</timeNeeded>
                                                                           <content>
                                                                              <ptk:l/>
                                                                           </content>
                                                                        </ValidatorLog>
                                                                        <PreprocessorLog>
                                                                           <forInclusion>true</forInclusion>
                                                                           <timeNeeded>0</timeNeeded>
                                                                           <content>
                                                                              <ptk:l/>
                                                                           </content>
                                                                        </PreprocessorLog>
                                                                        <PpResolverLog>
                                                                           <timeNeeded>0</timeNeeded>
                                                                           <content>
                                                                              <ptk:l>
                                                                                 <IllegalNameException>
                                                                                    <message>Cannot resolve target of transclusion to a simple name.</message>
                                                                                    <name>
                                                                                       <ptk:l location="قالب:I2c:1:28">
                                                                                          <TemplateParameter location="قالب:I2c:1:19">
                                                                                             <ptk:a name="RTD">
                                                                                                <RtData>c3EAfgAAdXEAfgADAAAABHVxAH4ABQAAAAFxAH4ADXBwdXEAfgAFAAAAAXEAfgAP</RtData>
                                                                                             </ptk:a>
                                                                                             <name>
                                                                                                <ptk:l location="قالب:I2c:1:19">
                                                                                                   <ptk:t location="قالب:I2c:1:19">subst</ptk:t>
                                                                                                </ptk:l>
                                                                                             </name>
                                                                                             <defaultValue>
                                                                                                <TemplateArgument location="قالب:I2c:1:25">
                                                                                                   <ptk:a name="RTD">
                                                                                                      <RtData>c3EAfgAAdXEAfgADAAAAA3VxAH4ABQAAAAF0AAF8cHA=</RtData>
                                                                                                   </ptk:a>
                                                                                                   <hasName>false</hasName>
                                                                                                   <name>
                                                                                                      <ptk:l/>
                                                                                                   </name>
                                                                                                   <value>
                                                                                                      <ptk:l location="قالب:I2c:1:25"/>
                                                                                                   </value>
                                                                                                </TemplateArgument>
                                                                                             </defaultValue>
                                                                                             <garbage/>
                                                                                          </TemplateParameter>
                                                                                          <ptk:t location="قالب:I2c:1:28">#switch: </ptk:t>
                                                                                          <TemplateParameter location="قالب:I2c:1:40">
                                                                                             <ptk:a name="RTD">
                                                                                                <RtData>c3EAfgAAdXEAfgADAAAABHVxAH4ABQAAAAFxAH4ADXBwdXEAfgAFAAAAAXEAfgAP</RtData>
                                                                                             </ptk:a>
                                                                                             <name>
                                                                                                <ptk:l location="قالب:I2c:1:40">
                                                                                                   <ptk:t location="قالب:I2c:1:40">1</ptk:t>
                                                                                                </ptk:l>
                                                                                             </name>
                                                                                             <defaultValue/>
                                                                                             <garbage/>
                                                                                          </TemplateParameter>
                                                                                          <ptk:t location="قالب:I2c:1:44"> 
</ptk:t>
                                                                                       </ptk:l>
                                                                                    </name>
                                                                                 </IllegalNameException>
                                                                              </ptk:l>
                                                                           </content>
                                                                        </PpResolverLog>
                                                                     </ptk:l>
                                                                  </content>
                                                               </CompilerLog>
                                                            </ptk:l>
                                                         </content>
                                                      </ResolveTransclusionLog>
                                                      <ResolveTransclusionLog>
                                                         <success>true</success>
                                                         <target>i2c</target>
                                                         <canonical>قالب:I2c</canonical>
                                                         <timeNeeded>0</timeNeeded>
                                                         <content>
                                                            <ptk:l>
                                                               <CompilerLog>
                                                                  <title>قالب:I2c</title>
                                                                  <revision>356406</revision>
                                                                  <content>
                                                                     <ptk:l>
                                                                        <ValidatorLog>
                                                                           <timeNeeded>0</timeNeeded>
                                                                           <content>
                                                                              <ptk:l/>
                                                                           </content>
                                                                        </ValidatorLog>
                                                                        <PreprocessorLog>
                                                                           <forInclusion>true</forInclusion>
                                                                           <timeNeeded>0</timeNeeded>
                                                                           <content>
                                                                              <ptk:l/>
                                                                           </content>
                                                                        </PreprocessorLog>
                                                                        <PpResolverLog>
                                                                           <timeNeeded>0</timeNeeded>
                                                                           <content>
                                                                              <ptk:l>
                                                                                 <IllegalNameException>
                                                                                    <message>Cannot resolve target of transclusion to a simple name.</message>
                                                                                    <name>
                                                                                       <ptk:l location="قالب:I2c:1:28">
                                                                                          <TemplateParameter location="قالب:I2c:1:19">
                                                                                             <ptk:a name="RTD">
                                                                                                <RtData>c3EAfgAAdXEAfgADAAAABHVxAH4ABQAAAAFxAH4ADXBwdXEAfgAFAAAAAXEAfgAP</RtData>
                                                                                             </ptk:a>
                                                                                             <name>
                                                                                                <ptk:l location="قالب:I2c:1:19">
                                                                                                   <ptk:t location="قالب:I2c:1:19">subst</ptk:t>
                                                                                                </ptk:l>
                                                                                             </name>
                                                                                             <defaultValue>
                                                                                                <TemplateArgument location="قالب:I2c:1:25">
                                                                                                   <ptk:a name="RTD">
                                                                                                      <RtData>c3EAfgAAdXEAfgADAAAAA3VxAH4ABQAAAAF0AAF8cHA=</RtData>
                                                                                                   </ptk:a>
                                                                                                   <hasName>false</hasName>
                                                                                                   <name>
                                                                                                      <ptk:l/>
                                                                                                   </name>
                                                                                                   <value>
                                                                                                      <ptk:l location="قالب:I2c:1:25"/>
                                                                                                   </value>
                                                                                                </TemplateArgument>
                                                                                             </defaultValue>
                                                                                             <garbage/>
                                                                                          </TemplateParameter>
                                                                                          <ptk:t location="قالب:I2c:1:28">#switch: </ptk:t>
                                                                                          <TemplateParameter location="قالب:I2c:1:40">
                                                                                             <ptk:a name="RTD">
                                                                                                <RtData>c3EAfgAAdXEAfgADAAAABHVxAH4ABQAAAAFxAH4ADXBwdXEAfgAFAAAAAXEAfgAP</RtData>
                                                                                             </ptk:a>
                                                                                             <name>
                                                                                                <ptk:l location="قالب:I2c:1:40">
                                                                                                   <ptk:t location="قالب:I2c:1:40">1</ptk:t>
                                                                                                </ptk:l>
                                                                                             </name>
                                                                                             <defaultValue/>
                                                                                             <garbage/>
                                                                                          </TemplateParameter>
                                                                                          <ptk:t location="قالب:I2c:1:44"> 
</ptk:t>
                                                                                       </ptk:l>
                                                                                    </name>
                                                                                 </IllegalNameException>
                                                                              </ptk:l>
                                                                           </content>
                                                                        </PpResolverLog>
                                                                     </ptk:l>
                                                                  </content>
                                                               </CompilerLog>
                                                            </ptk:l>
                                                         </content>
                                                      </ResolveTransclusionLog>
                                                      <ResolveTransclusionLog>
                                                         <success>true</success>
                                                         <target>•w</target>
                                                         <canonical>قالب:•w</canonical>
                                                         <timeNeeded>0</timeNeeded>
                                                         <content>
                                                            <ptk:l>
                                                               <CompilerLog>
                                                                  <title>قالب:•w</title>
                                                                  <revision>152410</revision>
                                                                  <content>
                                                                     <ptk:l>
                                                                        <ValidatorLog>
                                                                           <timeNeeded>0</timeNeeded>
                                                                           <content>
                                                                              <ptk:l/>
                                                                           </content>
                                                                        </ValidatorLog>
                                                                        <PreprocessorLog>
                                                                           <forInclusion>true</forInclusion>
                                                                           <timeNeeded>0</timeNeeded>
                                                                           <content>
                                                                              <ptk:l/>
                                                                           </content>
                                                                        </PreprocessorLog>
                                                                        <PpResolverLog>
                                                                           <timeNeeded>0</timeNeeded>
                                                                           <content>
                                                                              <ptk:l/>
                                                                           </content>
                                                                        </PpResolverLog>
                                                                     </ptk:l>
                                                                  </content>
                                                               </CompilerLog>
                                                            </ptk:l>
                                                         </content>
                                                      </ResolveTransclusionLog>
                                                      <ResolveTransclusionLog>
                                                         <success>true</success>
                                                         <target>i2c</target>
                                                         <canonical>قالب:I2c</canonical>
                                                         <timeNeeded>0</timeNeeded>
                                                         <content>
                                                            <ptk:l>
                                                               <CompilerLog>
                                                                  <title>قالب:I2c</title>
                                                                  <revision>356406</revision>
                                                                  <content>
                                                                     <ptk:l>
                                                                        <ValidatorLog>
                                                                           <timeNeeded>0</timeNeeded>
                                                                           <content>
                                                                              <ptk:l/>
                                                                           </content>
                                                                        </ValidatorLog>
                                                                        <PreprocessorLog>
                                                                           <forInclusion>true</forInclusion>
                                                                           <timeNeeded>0</timeNeeded>
                                                                           <content>
                                                                              <ptk:l/>
                                                                           </content>
                                                                        </PreprocessorLog>
                                                                        <PpResolverLog>
                                                                           <timeNeeded>0</timeNeeded>
                                                                           <content>
                                                                              <ptk:l>
                                                                                 <IllegalNameException>
                                                                                    <message>Cannot resolve target of transclusion to a simple name.</message>
                                                                                    <name>
                                                                                       <ptk:l location="قالب:I2c:1:28">
                                                                                          <TemplateParameter location="قالب:I2c:1:19">
                                                                                             <ptk:a name="RTD">
                                                                                                <RtData>c3EAfgAAdXEAfgADAAAABHVxAH4ABQAAAAFxAH4ADXBwdXEAfgAFAAAAAXEAfgAP</RtData>
                                                                                             </ptk:a>
                                                                                             <name>
                                                                                                <ptk:l location="قالب:I2c:1:19">
                                                                                                   <ptk:t location="قالب:I2c:1:19">subst</ptk:t>
                                                                                                </ptk:l>
                                                                                             </name>
                                                                                             <defaultValue>
                                                                                                <TemplateArgument location="قالب:I2c:1:25">
                                                                                                   <ptk:a name="RTD">
                                                                                                      <RtData>c3EAfgAAdXEAfgADAAAAA3VxAH4ABQAAAAF0AAF8cHA=</RtData>
                                                                                                   </ptk:a>
                                                                                                   <hasName>false</hasName>
                                                                                                   <name>
                                                                                                      <ptk:l/>
                                                                                                   </name>
                                                                                                   <value>
                                                                                                      <ptk:l location="قالب:I2c:1:25"/>
                                                                                                   </value>
                                                                                                </TemplateArgument>
                                                                                             </defaultValue>
                                                                                             <garbage/>
                                                                                          </TemplateParameter>
                                                                                          <ptk:t location="قالب:I2c:1:28">#switch: </ptk:t>
                                                                                          <TemplateParameter location="قالب:I2c:1:40">
                                                                                             <ptk:a name="RTD">
                                                                                                <RtData>c3EAfgAAdXEAfgADAAAABHVxAH4ABQAAAAFxAH4ADXBwdXEAfgAFAAAAAXEAfgAP</RtData>
                                                                                             </ptk:a>
                                                                                             <name>
                                                                                                <ptk:l location="قالب:I2c:1:40">
                                                                                                   <ptk:t location="قالب:I2c:1:40">1</ptk:t>
                                                                                                </ptk:l>
                                                                                             </name>
                                                                                             <defaultValue/>
                                                                                             <garbage/>
                                                                                          </TemplateParameter>
                                                                                          <ptk:t location="قالب:I2c:1:44"> 
</ptk:t>
                                                                                       </ptk:l>
                                                                                    </name>
                                                                                 </IllegalNameException>
                                                                              </ptk:l>
                                                                           </content>
                                                                        </PpResolverLog>
                                                                     </ptk:l>
                                                                  </content>
                                                               </CompilerLog>
                                                            </ptk:l>
                                                         </content>
                                                      </ResolveTransclusionLog>
                                                      <ResolveTransclusionLog>
                                                         <success>true</success>
                                                         <target>i2c</target>
                                                         <canonical>قالب:I2c</canonical>
                                                         <timeNeeded>0</timeNeeded>
                                                         <content>
                                                            <ptk:l>
                                                               <CompilerLog>
                                                                  <title>قالب:I2c</title>
                                                                  <revision>356406</revision>
                                                                  <content>
                                                                     <ptk:l>
                                                                        <ValidatorLog>
                                                                           <timeNeeded>0</timeNeeded>
                                                                           <content>
                                                                              <ptk:l/>
                                                                           </content>
                                                                        </ValidatorLog>
                                                                        <PreprocessorLog>
                                                                           <forInclusion>true</forInclusion>
                                                                           <timeNeeded>0</timeNeeded>
                                                                           <content>
                                                                              <ptk:l/>
                                                                           </content>
                                                                        </PreprocessorLog>
                                                                        <PpResolverLog>
                                                                           <timeNeeded>0</timeNeeded>
                                                                           <content>
                                                                              <ptk:l>
                                                                                 <IllegalNameException>
                                                                                    <message>Cannot resolve target of transclusion to a simple name.</message>
                                                                                    <name>
                                                                                       <ptk:l location="قالب:I2c:1:28">
                                                                                          <TemplateParameter location="قالب:I2c:1:19">
                                                                                             <ptk:a name="RTD">
                                                                                                <RtData>c3EAfgAAdXEAfgADAAAABHVxAH4ABQAAAAFxAH4ADXBwdXEAfgAFAAAAAXEAfgAP</RtData>
                                                                                             </ptk:a>
                                                                                             <name>
                                                                                                <ptk:l location="قالب:I2c:1:19">
                                                                                                   <ptk:t location="قالب:I2c:1:19">subst</ptk:t>
                                                                                                </ptk:l>
                                                                                             </name>
                                                                                             <defaultValue>
                                                                                                <TemplateArgument location="قالب:I2c:1:25">
                                                                                                   <ptk:a name="RTD">
                                                                                                      <RtData>c3EAfgAAdXEAfgADAAAAA3VxAH4ABQAAAAF0AAF8cHA=</RtData>
                                                                                                   </ptk:a>
                                                                                                   <hasName>false</hasName>
                                                                                                   <name>
                                                                                                      <ptk:l/>
                                                                                                   </name>
                                                                                                   <value>
                                                                                                      <ptk:l location="قالب:I2c:1:25"/>
                                                                                                   </value>
                                                                                                </TemplateArgument>
                                                                                             </defaultValue>
                                                                                             <garbage/>
                                                                                          </TemplateParameter>
                                                                                          <ptk:t location="قالب:I2c:1:28">#switch: </ptk:t>
                                                                                          <TemplateParameter location="قالب:I2c:1:40">
                                                                                             <ptk:a name="RTD">
                                                                                                <RtData>c3EAfgAAdXEAfgADAAAABHVxAH4ABQAAAAFxAH4ADXBwdXEAfgAFAAAAAXEAfgAP</RtData>
                                                                                             </ptk:a>
                                                                                             <name>
                                                                                                <ptk:l location="قالب:I2c:1:40">
                                                                                                   <ptk:t location="قالب:I2c:1:40">1</ptk:t>
                                                                                                </ptk:l>
                                                                                             </name>
                                                                                             <defaultValue/>
                                                                                             <garbage/>
                                                                                          </TemplateParameter>
                                                                                          <ptk:t location="قالب:I2c:1:44"> 
</ptk:t>
                                                                                       </ptk:l>
                                                                                    </name>
                                                                                 </IllegalNameException>
                                                                              </ptk:l>
                                                                           </content>
                                                                        </PpResolverLog>
                                                                     </ptk:l>
                                                                  </content>
                                                               </CompilerLog>
                                                            </ptk:l>
                                                         </content>
                                                      </ResolveTransclusionLog>
                                                      <ResolveTransclusionLog>
                                                         <success>true</success>
                                                         <target>•w</target>
                                                         <canonical>قالب:•w</canonical>
                                                         <timeNeeded>0</timeNeeded>
                                                         <content>
                                                            <ptk:l>
                                                               <CompilerLog>
                                                                  <title>قالب:•w</title>
                                                                  <revision>152410</revision>
                                                                  <content>
                                                                     <ptk:l>
                                                                        <ValidatorLog>
                                                                           <timeNeeded>0</timeNeeded>
                                                                           <content>
                                                                              <ptk:l/>
                                                                           </content>
                                                                        </ValidatorLog>
                                                                        <PreprocessorLog>
                                                                           <forInclusion>true</forInclusion>
                                                                           <timeNeeded>0</timeNeeded>
                                                                           <content>
                                                                              <ptk:l/>
                                                                           </content>
                                                                        </PreprocessorLog>
                                                                        <PpResolverLog>
                                                                           <timeNeeded>0</timeNeeded>
                                                                           <content>
                                                                              <ptk:l/>
                                                                           </content>
                                                                        </PpResolverLog>
                                                                     </ptk:l>
                                                                  </content>
                                                               </CompilerLog>
                                                            </ptk:l>
                                                         </content>
                                                      </ResolveTransclusionLog>
                                                      <ResolveTransclusionLog>
                                                         <success>true</success>
                                                         <target>i2c</target>
                                                         <canonical>قالب:I2c</canonical>
                                                         <timeNeeded>0</timeNeeded>
                                                         <content>
                                                            <ptk:l>
                                                               <CompilerLog>
                                                                  <title>قالب:I2c</title>
                                                                  <revision>356406</revision>
                                                                  <content>
                                                                     <ptk:l>
                                                                        <ValidatorLog>
                                                                           <timeNeeded>0</timeNeeded>
                                                                           <content>
                                                                              <ptk:l/>
                                                                           </content>
                                                                        </ValidatorLog>
                                                                        <PreprocessorLog>
                                                                           <forInclusion>true</forInclusion>
                                                                           <timeNeeded>0</timeNeeded>
                                                                           <content>
                                                                              <ptk:l/>
                                                                           </content>
                                                                        </PreprocessorLog>
                                                                        <PpResolverLog>
                                                                           <timeNeeded>0</timeNeeded>
                                                                           <content>
                                                                              <ptk:l>
                                                                                 <IllegalNameException>
                                                                                    <message>Cannot resolve target of transclusion to a simple name.</message>
                                                                                    <name>
                                                                                       <ptk:l location="قالب:I2c:1:28">
                                                                                          <TemplateParameter location="قالب:I2c:1:19">
                                                                                             <ptk:a name="RTD">
                                                                                                <RtData>c3EAfgAAdXEAfgADAAAABHVxAH4ABQAAAAFxAH4ADXBwdXEAfgAFAAAAAXEAfgAP</RtData>
                                                                                             </ptk:a>
                                                                                             <name>
                                                                                                <ptk:l location="قالب:I2c:1:19">
                                                                                                   <ptk:t location="قالب:I2c:1:19">subst</ptk:t>
                                                                                                </ptk:l>
                                                                                             </name>
                                                                                             <defaultValue>
                                                                                                <TemplateArgument location="قالب:I2c:1:25">
                                                                                                   <ptk:a name="RTD">
                                                                                                      <RtData>c3EAfgAAdXEAfgADAAAAA3VxAH4ABQAAAAF0AAF8cHA=</RtData>
                                                                                                   </ptk:a>
                                                                                                   <hasName>false</hasName>
                                                                                                   <name>
                                                                                                      <ptk:l/>
                                                                                                   </name>
                                                                                                   <value>
                                                                                                      <ptk:l location="قالب:I2c:1:25"/>
                                                                                                   </value>
                                                                                                </TemplateArgument>
                                                                                             </defaultValue>
                                                                                             <garbage/>
                                                                                          </TemplateParameter>
                                                                                          <ptk:t location="قالب:I2c:1:28">#switch: </ptk:t>
                                                                                          <TemplateParameter location="قالب:I2c:1:40">
                                                                                             <ptk:a name="RTD">
                                                                                                <RtData>c3EAfgAAdXEAfgADAAAABHVxAH4ABQAAAAFxAH4ADXBwdXEAfgAFAAAAAXEAfgAP</RtData>
                                                                                             </ptk:a>
                                                                                             <name>
                                                                                                <ptk:l location="قالب:I2c:1:40">
                                                                                                   <ptk:t location="قالب:I2c:1:40">1</ptk:t>
                                                                                                </ptk:l>
                                                                                             </name>
                                                                                             <defaultValue/>
                                                                                             <garbage/>
                                                                                          </TemplateParameter>
                                                                                          <ptk:t location="قالب:I2c:1:44"> 
</ptk:t>
                                                                                       </ptk:l>
                                                                                    </name>
                                                                                 </IllegalNameException>
                                                                              </ptk:l>
                                                                           </content>
                                                                        </PpResolverLog>
                                                                     </ptk:l>
                                                                  </content>
                                                               </CompilerLog>
                                                            </ptk:l>
                                                         </content>
                                                      </ResolveTransclusionLog>
                                                      <ResolveTransclusionLog>
                                                         <success>true</success>
                                                         <target>i2c</target>
                                                         <canonical>قالب:I2c</canonical>
                                                         <timeNeeded>16</timeNeeded>
                                                         <content>
                                                            <ptk:l>
                                                               <CompilerLog>
                                                                  <title>قالب:I2c</title>
                                                                  <revision>356406</revision>
                                                                  <content>
                                                                     <ptk:l>
                                                                        <ValidatorLog>
                                                                           <timeNeeded>16</timeNeeded>
                                                                           <content>
                                                                              <ptk:l/>
                                                                           </content>
                                                                        </ValidatorLog>
                                                                        <PreprocessorLog>
                                                                           <forInclusion>true</forInclusion>
                                                                           <timeNeeded>0</timeNeeded>
                                                                           <content>
                                                                              <ptk:l/>
                                                                           </content>
                                                                        </PreprocessorLog>
                                                                        <PpResolverLog>
                                                                           <timeNeeded>0</timeNeeded>
                                                                           <content>
                                                                              <ptk:l>
                                                                                 <IllegalNameException>
                                                                                    <message>Cannot resolve target of transclusion to a simple name.</message>
                                                                                    <name>
                                                                                       <ptk:l location="قالب:I2c:1:28">
                                                                                          <TemplateParameter location="قالب:I2c:1:19">
                                                                                             <ptk:a name="RTD">
                                                                                                <RtData>c3EAfgAAdXEAfgADAAAABHVxAH4ABQAAAAFxAH4ADXBwdXEAfgAFAAAAAXEAfgAP</RtData>
                                                                                             </ptk:a>
                                                                                             <name>
                                                                                                <ptk:l location="قالب:I2c:1:19">
                                                                                                   <ptk:t location="قالب:I2c:1:19">subst</ptk:t>
                                                                                                </ptk:l>
                                                                                             </name>
                                                                                             <defaultValue>
                                                                                                <TemplateArgument location="قالب:I2c:1:25">
                                                                                                   <ptk:a name="RTD">
                                                                                                      <RtData>c3EAfgAAdXEAfgADAAAAA3VxAH4ABQAAAAF0AAF8cHA=</RtData>
                                                                                                   </ptk:a>
                                                                                                   <hasName>false</hasName>
                                                                                                   <name>
                                                                                                      <ptk:l/>
                                                                                                   </name>
                                                                                                   <value>
                                                                                                      <ptk:l location="قالب:I2c:1:25"/>
                                                                                                   </value>
                                                                                                </TemplateArgument>
                                                                                             </defaultValue>
                                                                                             <garbage/>
                                                                                          </TemplateParameter>
                                                                                          <ptk:t location="قالب:I2c:1:28">#switch: </ptk:t>
                                                                                          <TemplateParameter location="قالب:I2c:1:40">
                                                                                             <ptk:a name="RTD">
                                                                                                <RtData>c3EAfgAAdXEAfgADAAAABHVxAH4ABQAAAAFxAH4ADXBwdXEAfgAFAAAAAXEAfgAP</RtData>
                                                                                             </ptk:a>
                                                                                             <name>
                                                                                                <ptk:l location="قالب:I2c:1:40">
                                                                                                   <ptk:t location="قالب:I2c:1:40">1</ptk:t>
                                                                                                </ptk:l>
                                                                                             </name>
                                                                                             <defaultValue/>
                                                                                             <garbage/>
                                                                                          </TemplateParameter>
                                                                                          <ptk:t location="قالب:I2c:1:44"> 
</ptk:t>
                                                                                       </ptk:l>
                                                                                    </name>
                                                                                 </IllegalNameException>
                                                                              </ptk:l>
                                                                           </content>
                                                                        </PpResolverLog>
                                                                     </ptk:l>
                                                                  </content>
                                                               </CompilerLog>
                                                            </ptk:l>
                                                         </content>
                                                      </ResolveTransclusionLog>
                                                      <ResolveTransclusionLog>
                                                         <success>true</success>
                                                         <target>•w</target>
                                                         <canonical>قالب:•w</canonical>
                                                         <timeNeeded>0</timeNeeded>
                                                         <content>
                                                            <ptk:l>
                                                               <CompilerLog>
                                                                  <title>قالب:•w</title>
                                                                  <revision>152410</revision>
                                                                  <content>
                                                                     <ptk:l>
                                                                        <ValidatorLog>
                                                                           <timeNeeded>0</timeNeeded>
                                                                           <content>
                                                                              <ptk:l/>
                                                                           </content>
                                                                        </ValidatorLog>
                                                                        <PreprocessorLog>
                                                                           <forInclusion>true</forInclusion>
                                                                           <timeNeeded>0</timeNeeded>
                                                                           <content>
                                                                              <ptk:l/>
                                                                           </content>
                                                                        </PreprocessorLog>
                                                                        <PpResolverLog>
                                                                           <timeNeeded>0</timeNeeded>
                                                                           <content>
                                                                              <ptk:l/>
                                                                           </content>
                                                                        </PpResolverLog>
                                                                     </ptk:l>
                                                                  </content>
                                                               </CompilerLog>
                                                            </ptk:l>
                                                         </content>
                                                      </ResolveTransclusionLog>
                                                      <ResolveTransclusionLog>
                                                         <success>true</success>
                                                         <target>i2c</target>
                                                         <canonical>قالب:I2c</canonical>
                                                         <timeNeeded>0</timeNeeded>
                                                         <content>
                                                            <ptk:l>
                                                               <CompilerLog>
                                                                  <title>قالب:I2c</title>
                                                                  <revision>356406</revision>
                                                                  <content>
                                                                     <ptk:l>
                                                                        <ValidatorLog>
                                                                           <timeNeeded>0</timeNeeded>
                                                                           <content>
                                                                              <ptk:l/>
                                                                           </content>
                                                                        </ValidatorLog>
                                                                        <PreprocessorLog>
                                                                           <forInclusion>true</forInclusion>
                                                                           <timeNeeded>0</timeNeeded>
                                                                           <content>
                                                                              <ptk:l/>
                                                                           </content>
                                                                        </PreprocessorLog>
                                                                        <PpResolverLog>
                                                                           <timeNeeded>0</timeNeeded>
                                                                           <content>
                                                                              <ptk:l>
                                                                                 <IllegalNameException>
                                                                                    <message>Cannot resolve target of transclusion to a simple name.</message>
                                                                                    <name>
                                                                                       <ptk:l location="قالب:I2c:1:28">
                                                                                          <TemplateParameter location="قالب:I2c:1:19">
                                                                                             <ptk:a name="RTD">
                                                                                                <RtData>c3EAfgAAdXEAfgADAAAABHVxAH4ABQAAAAFxAH4ADXBwdXEAfgAFAAAAAXEAfgAP</RtData>
                                                                                             </ptk:a>
                                                                                             <name>
                                                                                                <ptk:l location="قالب:I2c:1:19">
                                                                                                   <ptk:t location="قالب:I2c:1:19">subst</ptk:t>
                                                                                                </ptk:l>
                                                                                             </name>
                                                                                             <defaultValue>
                                                                                                <TemplateArgument location="قالب:I2c:1:25">
                                                                                                   <ptk:a name="RTD">
                                                                                                      <RtData>c3EAfgAAdXEAfgADAAAAA3VxAH4ABQAAAAF0AAF8cHA=</RtData>
                                                                                                   </ptk:a>
                                                                                                   <hasName>false</hasName>
                                                                                                   <name>
                                                                                                      <ptk:l/>
                                                                                                   </name>
                                                                                                   <value>
                                                                                                      <ptk:l location="قالب:I2c:1:25"/>
                                                                                                   </value>
                                                                                                </TemplateArgument>
                                                                                             </defaultValue>
                                                                                             <garbage/>
                                                                                          </TemplateParameter>
                                                                                          <ptk:t location="قالب:I2c:1:28">#switch: </ptk:t>
                                                                                          <TemplateParameter location="قالب:I2c:1:40">
                                                                                             <ptk:a name="RTD">
                                                                                                <RtData>c3EAfgAAdXEAfgADAAAABHVxAH4ABQAAAAFxAH4ADXBwdXEAfgAFAAAAAXEAfgAP</RtData>
                                                                                             </ptk:a>
                                                                                             <name>
                                                                                                <ptk:l location="قالب:I2c:1:40">
                                                                                                   <ptk:t location="قالب:I2c:1:40">1</ptk:t>
                                                                                                </ptk:l>
                                                                                             </name>
                                                                                             <defaultValue/>
                                                                                             <garbage/>
                                                                                          </TemplateParameter>
                                                                                          <ptk:t location="قالب:I2c:1:44"> 
</ptk:t>
                                                                                       </ptk:l>
                                                                                    </name>
                                                                                 </IllegalNameException>
                                                                              </ptk:l>
                                                                           </content>
                                                                        </PpResolverLog>
                                                                     </ptk:l>
                                                                  </content>
                                                               </CompilerLog>
                                                            </ptk:l>
                                                         </content>
                                                      </ResolveTransclusionLog>
                                                      <ResolveTransclusionLog>
                                                         <success>true</success>
                                                         <target>i2c</target>
                                                         <canonical>قالب:I2c</canonical>
                                                         <timeNeeded>0</timeNeeded>
                                                         <content>
                                                            <ptk:l>
                                                               <CompilerLog>
                                                                  <title>قالب:I2c</title>
                                                                  <revision>356406</revision>
                                                                  <content>
                                                                     <ptk:l>
                                                                        <ValidatorLog>
                                                                           <timeNeeded>0</timeNeeded>
                                                                           <content>
                                                                              <ptk:l/>
                                                                           </content>
                                                                        </ValidatorLog>
                                                                        <PreprocessorLog>
                                                                           <forInclusion>true</forInclusion>
                                                                           <timeNeeded>0</timeNeeded>
                                                                           <content>
                                                                              <ptk:l/>
                                                                           </content>
                                                                        </PreprocessorLog>
                                                                        <PpResolverLog>
                                                                           <timeNeeded>0</timeNeeded>
                                                                           <content>
                                                                              <ptk:l>
                                                                                 <IllegalNameException>
                                                                                    <message>Cannot resolve target of transclusion to a simple name.</message>
                                                                                    <name>
                                                                                       <ptk:l location="قالب:I2c:1:28">
                                                                                          <TemplateParameter location="قالب:I2c:1:19">
                                                                                             <ptk:a name="RTD">
                                                                                                <RtData>c3EAfgAAdXEAfgADAAAABHVxAH4ABQAAAAFxAH4ADXBwdXEAfgAFAAAAAXEAfgAP</RtData>
                                                                                             </ptk:a>
                                                                                             <name>
                                                                                                <ptk:l location="قالب:I2c:1:19">
                                                                                                   <ptk:t location="قالب:I2c:1:19">subst</ptk:t>
                                                                                                </ptk:l>
                                                                                             </name>
                                                                                             <defaultValue>
                                                                                                <TemplateArgument location="قالب:I2c:1:25">
                                                                                                   <ptk:a name="RTD">
                                                                                                      <RtData>c3EAfgAAdXEAfgADAAAAA3VxAH4ABQAAAAF0AAF8cHA=</RtData>
                                                                                                   </ptk:a>
                                                                                                   <hasName>false</hasName>
                                                                                                   <name>
                                                                                                      <ptk:l/>
                                                                                                   </name>
                                                                                                   <value>
                                                                                                      <ptk:l location="قالب:I2c:1:25"/>
                                                                                                   </value>
                                                                                                </TemplateArgument>
                                                                                             </defaultValue>
                                                                                             <garbage/>
                                                                                          </TemplateParameter>
                                                                                          <ptk:t location="قالب:I2c:1:28">#switch: </ptk:t>
                                                                                          <TemplateParameter location="قالب:I2c:1:40">
                                                                                             <ptk:a name="RTD">
                                                                                                <RtData>c3EAfgAAdXEAfgADAAAABHVxAH4ABQAAAAFxAH4ADXBwdXEAfgAFAAAAAXEAfgAP</RtData>
                                                                                             </ptk:a>
                                                                                             <name>
                                                                                                <ptk:l location="قالب:I2c:1:40">
                                                                                                   <ptk:t location="قالب:I2c:1:40">1</ptk:t>
                                                                                                </ptk:l>
                                                                                             </name>
                                                                                             <defaultValue/>
                                                                                             <garbage/>
                                                                                          </TemplateParameter>
                                                                                          <ptk:t location="قالب:I2c:1:44"> 
</ptk:t>
                                                                                       </ptk:l>
                                                                                    </name>
                                                                                 </IllegalNameException>
                                                                              </ptk:l>
                                                                           </content>
                                                                        </PpResolverLog>
                                                                     </ptk:l>
                                                                  </content>
                                                               </CompilerLog>
                                                            </ptk:l>
                                                         </content>
                                                      </ResolveTransclusionLog>
                                                      <ResolveTransclusionLog>
                                                         <success>true</success>
                                                         <target>•w</target>
                                                         <canonical>قالب:•w</canonical>
                                                         <timeNeeded>0</timeNeeded>
                                                         <content>
                                                            <ptk:l>
                                                               <CompilerLog>
                                                                  <title>قالب:•w</title>
                                                                  <revision>152410</revision>
                                                                  <content>
                                                                     <ptk:l>
                                                                        <ValidatorLog>
                                                                           <timeNeeded>0</timeNeeded>
                                                                           <content>
                                                                              <ptk:l/>
                                                                           </content>
                                                                        </ValidatorLog>
                                                                        <PreprocessorLog>
                                                                           <forInclusion>true</forInclusion>
                                                                           <timeNeeded>0</timeNeeded>
                                                                           <content>
                                                                              <ptk:l/>
                                                                           </content>
                                                                        </PreprocessorLog>
                                                                        <PpResolverLog>
                                                                           <timeNeeded>0</timeNeeded>
                                                                           <content>
                                                                              <ptk:l/>
                                                                           </content>
                                                                        </PpResolverLog>
                                                                     </ptk:l>
                                                                  </content>
                                                               </CompilerLog>
                                                            </ptk:l>
                                                         </content>
                                                      </ResolveTransclusionLog>
                                                      <ResolveTransclusionLog>
                                                         <success>true</success>
                                                         <target>i2c</target>
                                                         <canonical>قالب:I2c</canonical>
                                                         <timeNeeded>0</timeNeeded>
                                                         <content>
                                                            <ptk:l>
                                                               <CompilerLog>
                                                                  <title>قالب:I2c</title>
                                                                  <revision>356406</revision>
                                                                  <content>
                                                                     <ptk:l>
                                                                        <ValidatorLog>
                                                                           <timeNeeded>0</timeNeeded>
                                                                           <content>
                                                                              <ptk:l/>
                                                                           </content>
                                                                        </ValidatorLog>
                                                                        <PreprocessorLog>
                                                                           <forInclusion>true</forInclusion>
                                                                           <timeNeeded>0</timeNeeded>
                                                                           <content>
                                                                              <ptk:l/>
                                                                           </content>
                                                                        </PreprocessorLog>
                                                                        <PpResolverLog>
                                                                           <timeNeeded>0</timeNeeded>
                                                                           <content>
                                                                              <ptk:l>
                                                                                 <IllegalNameException>
                                                                                    <message>Cannot resolve target of transclusion to a simple name.</message>
                                                                                    <name>
                                                                                       <ptk:l location="قالب:I2c:1:28">
                                                                                          <TemplateParameter location="قالب:I2c:1:19">
                                                                                             <ptk:a name="RTD">
                                                                                                <RtData>c3EAfgAAdXEAfgADAAAABHVxAH4ABQAAAAFxAH4ADXBwdXEAfgAFAAAAAXEAfgAP</RtData>
                                                                                             </ptk:a>
                                                                                             <name>
                                                                                                <ptk:l location="قالب:I2c:1:19">
                                                                                                   <ptk:t location="قالب:I2c:1:19">subst</ptk:t>
                                                                                                </ptk:l>
                                                                                             </name>
                                                                                             <defaultValue>
                                                                                                <TemplateArgument location="قالب:I2c:1:25">
                                                                                                   <ptk:a name="RTD">
                                                                                                      <RtData>c3EAfgAAdXEAfgADAAAAA3VxAH4ABQAAAAF0AAF8cHA=</RtData>
                                                                                                   </ptk:a>
                                                                                                   <hasName>false</hasName>
                                                                                                   <name>
                                                                                                      <ptk:l/>
                                                                                                   </name>
                                                                                                   <value>
                                                                                                      <ptk:l location="قالب:I2c:1:25"/>
                                                                                                   </value>
                                                                                                </TemplateArgument>
                                                                                             </defaultValue>
                                                                                             <garbage/>
                                                                                          </TemplateParameter>
                                                                                          <ptk:t location="قالب:I2c:1:28">#switch: </ptk:t>
                                                                                          <TemplateParameter location="قالب:I2c:1:40">
                                                                                             <ptk:a name="RTD">
                                                                                                <RtData>c3EAfgAAdXEAfgADAAAABHVxAH4ABQAAAAFxAH4ADXBwdXEAfgAFAAAAAXEAfgAP</RtData>
                                                                                             </ptk:a>
                                                                                             <name>
                                                                                                <ptk:l location="قالب:I2c:1:40">
                                                                                                   <ptk:t location="قالب:I2c:1:40">1</ptk:t>
                                                                                                </ptk:l>
                                                                                             </name>
                                                                                             <defaultValue/>
                                                                                             <garbage/>
                                                                                          </TemplateParameter>
                                                                                          <ptk:t location="قالب:I2c:1:44"> 
</ptk:t>
                                                                                       </ptk:l>
                                                                                    </name>
                                                                                 </IllegalNameException>
                                                                              </ptk:l>
                                                                           </content>
                                                                        </PpResolverLog>
                                                                     </ptk:l>
                                                                  </content>
                                                               </CompilerLog>
                                                            </ptk:l>
                                                         </content>
                                                      </ResolveTransclusionLog>
                                                      <ResolveTransclusionLog>
                                                         <success>true</success>
                                                         <target>i2c</target>
                                                         <canonical>قالب:I2c</canonical>
                                                         <timeNeeded>0</timeNeeded>
                                                         <content>
                                                            <ptk:l>
                                                               <CompilerLog>
                                                                  <title>قالب:I2c</title>
                                                                  <revision>356406</revision>
                                                                  <content>
                                                                     <ptk:l>
                                                                        <ValidatorLog>
                                                                           <timeNeeded>0</timeNeeded>
                                                                           <content>
                                                                              <ptk:l/>
                                                                           </content>
                                                                        </ValidatorLog>
                                                                        <PreprocessorLog>
                                                                           <forInclusion>true</forInclusion>
                                                                           <timeNeeded>0</timeNeeded>
                                                                           <content>
                                                                              <ptk:l/>
                                                                           </content>
                                                                        </PreprocessorLog>
                                                                        <PpResolverLog>
                                                                           <timeNeeded>0</timeNeeded>
                                                                           <content>
                                                                              <ptk:l>
                                                                                 <IllegalNameException>
                                                                                    <message>Cannot resolve target of transclusion to a simple name.</message>
                                                                                    <name>
                                                                                       <ptk:l location="قالب:I2c:1:28">
                                                                                          <TemplateParameter location="قالب:I2c:1:19">
                                                                                             <ptk:a name="RTD">
                                                                                                <RtData>c3EAfgAAdXEAfgADAAAABHVxAH4ABQAAAAFxAH4ADXBwdXEAfgAFAAAAAXEAfgAP</RtData>
                                                                                             </ptk:a>
                                                                                             <name>
                                                                                                <ptk:l location="قالب:I2c:1:19">
                                                                                                   <ptk:t location="قالب:I2c:1:19">subst</ptk:t>
                                                                                                </ptk:l>
                                                                                             </name>
                                                                                             <defaultValue>
                                                                                                <TemplateArgument location="قالب:I2c:1:25">
                                                                                                   <ptk:a name="RTD">
                                                                                                      <RtData>c3EAfgAAdXEAfgADAAAAA3VxAH4ABQAAAAF0AAF8cHA=</RtData>
                                                                                                   </ptk:a>
                                                                                                   <hasName>false</hasName>
                                                                                                   <name>
                                                                                                      <ptk:l/>
                                                                                                   </name>
                                                                                                   <value>
                                                                                                      <ptk:l location="قالب:I2c:1:25"/>
                                                                                                   </value>
                                                                                                </TemplateArgument>
                                                                                             </defaultValue>
                                                                                             <garbage/>
                                                                                          </TemplateParameter>
                                                                                          <ptk:t location="قالب:I2c:1:28">#switch: </ptk:t>
                                                                                          <TemplateParameter location="قالب:I2c:1:40">
                                                                                             <ptk:a name="RTD">
                                                                                                <RtData>c3EAfgAAdXEAfgADAAAABHVxAH4ABQAAAAFxAH4ADXBwdXEAfgAFAAAAAXEAfgAP</RtData>
                                                                                             </ptk:a>
                                                                                             <name>
                                                                                                <ptk:l location="قالب:I2c:1:40">
                                                                                                   <ptk:t location="قالب:I2c:1:40">1</ptk:t>
                                                                                                </ptk:l>
                                                                                             </name>
                                                                                             <defaultValue/>
                                                                                             <garbage/>
                                                                                          </TemplateParameter>
                                                                                          <ptk:t location="قالب:I2c:1:44"> 
</ptk:t>
                                                                                       </ptk:l>
                                                                                    </name>
                                                                                 </IllegalNameException>
                                                                              </ptk:l>
                                                                           </content>
                                                                        </PpResolverLog>
                                                                     </ptk:l>
                                                                  </content>
                                                               </CompilerLog>
                                                            </ptk:l>
                                                         </content>
                                                      </ResolveTransclusionLog>
                                                      <ResolveTransclusionLog>
                                                         <success>true</success>
                                                         <target>•w</target>
                                                         <canonical>قالب:•w</canonical>
                                                         <timeNeeded>0</timeNeeded>
                                                         <content>
                                                            <ptk:l>
                                                               <CompilerLog>
                                                                  <title>قالب:•w</title>
                                                                  <revision>152410</revision>
                                                                  <content>
                                                                     <ptk:l>
                                                                        <ValidatorLog>
                                                                           <timeNeeded>0</timeNeeded>
                                                                           <content>
                                                                              <ptk:l/>
                                                                           </content>
                                                                        </ValidatorLog>
                                                                        <PreprocessorLog>
                                                                           <forInclusion>true</forInclusion>
                                                                           <timeNeeded>0</timeNeeded>
                                                                           <content>
                                                                              <ptk:l/>
                                                                           </content>
                                                                        </PreprocessorLog>
                                                                        <PpResolverLog>
                                                                           <timeNeeded>0</timeNeeded>
                                                                           <content>
                                                                              <ptk:l/>
                                                                           </content>
                                                                        </PpResolverLog>
                                                                     </ptk:l>
                                                                  </content>
                                                               </CompilerLog>
                                                            </ptk:l>
                                                         </content>
                                                      </ResolveTransclusionLog>
                                                      <ResolveTransclusionLog>
                                                         <success>true</success>
                                                         <target>i2c</target>
                                                         <canonical>قالب:I2c</canonical>
                                                         <timeNeeded>0</timeNeeded>
                                                         <content>
                                                            <ptk:l>
                                                               <CompilerLog>
                                                                  <title>قالب:I2c</title>
                                                                  <revision>356406</revision>
                                                                  <content>
                                                                     <ptk:l>
                                                                        <ValidatorLog>
                                                                           <timeNeeded>0</timeNeeded>
                                                                           <content>
                                                                              <ptk:l/>
                                                                           </content>
                                                                        </ValidatorLog>
                                                                        <PreprocessorLog>
                                                                           <forInclusion>true</forInclusion>
                                                                           <timeNeeded>0</timeNeeded>
                                                                           <content>
                                                                              <ptk:l/>
                                                                           </content>
                                                                        </PreprocessorLog>
                                                                        <PpResolverLog>
                                                                           <timeNeeded>0</timeNeeded>
                                                                           <content>
                                                                              <ptk:l>
                                                                                 <IllegalNameException>
                                                                                    <message>Cannot resolve target of transclusion to a simple name.</message>
                                                                                    <name>
                                                                                       <ptk:l location="قالب:I2c:1:28">
                                                                                          <TemplateParameter location="قالب:I2c:1:19">
                                                                                             <ptk:a name="RTD">
                                                                                                <RtData>c3EAfgAAdXEAfgADAAAABHVxAH4ABQAAAAFxAH4ADXBwdXEAfgAFAAAAAXEAfgAP</RtData>
                                                                                             </ptk:a>
                                                                                             <name>
                                                                                                <ptk:l location="قالب:I2c:1:19">
                                                                                                   <ptk:t location="قالب:I2c:1:19">subst</ptk:t>
                                                                                                </ptk:l>
                                                                                             </name>
                                                                                             <defaultValue>
                                                                                                <TemplateArgument location="قالب:I2c:1:25">
                                                                                                   <ptk:a name="RTD">
                                                                                                      <RtData>c3EAfgAAdXEAfgADAAAAA3VxAH4ABQAAAAF0AAF8cHA=</RtData>
                                                                                                   </ptk:a>
                                                                                                   <hasName>false</hasName>
                                                                                                   <name>
                                                                                                      <ptk:l/>
                                                                                                   </name>
                                                                                                   <value>
                                                                                                      <ptk:l location="قالب:I2c:1:25"/>
                                                                                                   </value>
                                                                                                </TemplateArgument>
                                                                                             </defaultValue>
                                                                                             <garbage/>
                                                                                          </TemplateParameter>
                                                                                          <ptk:t location="قالب:I2c:1:28">#switch: </ptk:t>
                                                                                          <TemplateParameter location="قالب:I2c:1:40">
                                                                                             <ptk:a name="RTD">
                                                                                                <RtData>c3EAfgAAdXEAfgADAAAABHVxAH4ABQAAAAFxAH4ADXBwdXEAfgAFAAAAAXEAfgAP</RtData>
                                                                                             </ptk:a>
                                                                                             <name>
                                                                                                <ptk:l location="قالب:I2c:1:40">
                                                                                                   <ptk:t location="قالب:I2c:1:40">1</ptk:t>
                                                                                                </ptk:l>
                                                                                             </name>
                                                                                             <defaultValue/>
                                                                                             <garbage/>
                                                                                          </TemplateParameter>
                                                                                          <ptk:t location="قالب:I2c:1:44"> 
</ptk:t>
                                                                                       </ptk:l>
                                                                                    </name>
                                                                                 </IllegalNameException>
                                                                              </ptk:l>
                                                                           </content>
                                                                        </PpResolverLog>
                                                                     </ptk:l>
                                                                  </content>
                                                               </CompilerLog>
                                                            </ptk:l>
                                                         </content>
                                                      </ResolveTransclusionLog>
                                                      <ResolveTransclusionLog>
                                                         <success>true</success>
                                                         <target>i2c</target>
                                                         <canonical>قالب:I2c</canonical>
                                                         <timeNeeded>0</timeNeeded>
                                                         <content>
                                                            <ptk:l>
                                                               <CompilerLog>
                                                                  <title>قالب:I2c</title>
                                                                  <revision>356406</revision>
                                                                  <content>
                                                                     <ptk:l>
                                                                        <ValidatorLog>
                                                                           <timeNeeded>0</timeNeeded>
                                                                           <content>
                                                                              <ptk:l/>
                                                                           </content>
                                                                        </ValidatorLog>
                                                                        <PreprocessorLog>
                                                                           <forInclusion>true</forInclusion>
                                                                           <timeNeeded>0</timeNeeded>
                                                                           <content>
                                                                              <ptk:l/>
                                                                           </content>
                                                                        </PreprocessorLog>
                                                                        <PpResolverLog>
                                                                           <timeNeeded>0</timeNeeded>
                                                                           <content>
                                                                              <ptk:l>
                                                                                 <IllegalNameException>
                                                                                    <message>Cannot resolve target of transclusion to a simple name.</message>
                                                                                    <name>
                                                                                       <ptk:l location="قالب:I2c:1:28">
                                                                                          <TemplateParameter location="قالب:I2c:1:19">
                                                                                             <ptk:a name="RTD">
                                                                                                <RtData>c3EAfgAAdXEAfgADAAAABHVxAH4ABQAAAAFxAH4ADXBwdXEAfgAFAAAAAXEAfgAP</RtData>
                                                                                             </ptk:a>
                                                                                             <name>
                                                                                                <ptk:l location="قالب:I2c:1:19">
                                                                                                   <ptk:t location="قالب:I2c:1:19">subst</ptk:t>
                                                                                                </ptk:l>
                                                                                             </name>
                                                                                             <defaultValue>
                                                                                                <TemplateArgument location="قالب:I2c:1:25">
                                                                                                   <ptk:a name="RTD">
                                                                                                      <RtData>c3EAfgAAdXEAfgADAAAAA3VxAH4ABQAAAAF0AAF8cHA=</RtData>
                                                                                                   </ptk:a>
                                                                                                   <hasName>false</hasName>
                                                                                                   <name>
                                                                                                      <ptk:l/>
                                                                                                   </name>
                                                                                                   <value>
                                                                                                      <ptk:l location="قالب:I2c:1:25"/>
                                                                                                   </value>
                                                                                                </TemplateArgument>
                                                                                             </defaultValue>
                                                                                             <garbage/>
                                                                                          </TemplateParameter>
                                                                                          <ptk:t location="قالب:I2c:1:28">#switch: </ptk:t>
                                                                                          <TemplateParameter location="قالب:I2c:1:40">
                                                                                             <ptk:a name="RTD">
                                                                                                <RtData>c3EAfgAAdXEAfgADAAAABHVxAH4ABQAAAAFxAH4ADXBwdXEAfgAFAAAAAXEAfgAP</RtData>
                                                                                             </ptk:a>
                                                                                             <name>
                                                                                                <ptk:l location="قالب:I2c:1:40">
                                                                                                   <ptk:t location="قالب:I2c:1:40">1</ptk:t>
                                                                                                </ptk:l>
                                                                                             </name>
                                                                                             <defaultValue/>
                                                                                             <garbage/>
                                                                                          </TemplateParameter>
                                                                                          <ptk:t location="قالب:I2c:1:44"> 
</ptk:t>
                                                                                       </ptk:l>
                                                                                    </name>
                                                                                 </IllegalNameException>
                                                                              </ptk:l>
                                                                           </content>
                                                                        </PpResolverLog>
                                                                     </ptk:l>
                                                                  </content>
                                                               </CompilerLog>
                                                            </ptk:l>
                                                         </content>
                                                      </ResolveTransclusionLog>
                                                      <ResolveTransclusionLog>
                                                         <success>true</success>
                                                         <target>•w</target>
                                                         <canonical>قالب:•w</canonical>
                                                         <timeNeeded>0</timeNeeded>
                                                         <content>
                                                            <ptk:l>
                                                               <CompilerLog>
                                                                  <title>قالب:•w</title>
                                                                  <revision>152410</revision>
                                                                  <content>
                                                                     <ptk:l>
                                                                        <ValidatorLog>
                                                                           <timeNeeded>0</timeNeeded>
                                                                           <content>
                                                                              <ptk:l/>
                                                                           </content>
                                                                        </ValidatorLog>
                                                                        <PreprocessorLog>
                                                                           <forInclusion>true</forInclusion>
                                                                           <timeNeeded>0</timeNeeded>
                                                                           <content>
                                                                              <ptk:l/>
                                                                           </content>
                                                                        </PreprocessorLog>
                                                                        <PpResolverLog>
                                                                           <timeNeeded>0</timeNeeded>
                                                                           <content>
                                                                              <ptk:l/>
                                                                           </content>
                                                                        </PpResolverLog>
                                                                     </ptk:l>
                                                                  </content>
                                                               </CompilerLog>
                                                            </ptk:l>
                                                         </content>
                                                      </ResolveTransclusionLog>
                                                      <ResolveTransclusionLog>
                                                         <success>true</success>
                                                         <target>i2c</target>
                                                         <canonical>قالب:I2c</canonical>
                                                         <timeNeeded>46</timeNeeded>
                                                         <content>
                                                            <ptk:l>
                                                               <CompilerLog>
                                                                  <title>قالب:I2c</title>
                                                                  <revision>356406</revision>
                                                                  <content>
                                                                     <ptk:l>
                                                                        <ValidatorLog>
                                                                           <timeNeeded>0</timeNeeded>
                                                                           <content>
                                                                              <ptk:l/>
                                                                           </content>
                                                                        </ValidatorLog>
                                                                        <PreprocessorLog>
                                                                           <forInclusion>true</forInclusion>
                                                                           <timeNeeded>0</timeNeeded>
                                                                           <content>
                                                                              <ptk:l/>
                                                                           </content>
                                                                        </PreprocessorLog>
                                                                        <PpResolverLog>
                                                                           <timeNeeded>46</timeNeeded>
                                                                           <content>
                                                                              <ptk:l>
                                                                                 <IllegalNameException>
                                                                                    <message>Cannot resolve target of transclusion to a simple name.</message>
                                                                                    <name>
                                                                                       <ptk:l location="قالب:I2c:1:28">
                                                                                          <TemplateParameter location="قالب:I2c:1:19">
                                                                                             <ptk:a name="RTD">
                                                                                                <RtData>c3EAfgAAdXEAfgADAAAABHVxAH4ABQAAAAFxAH4ADXBwdXEAfgAFAAAAAXEAfgAP</RtData>
                                                                                             </ptk:a>
                                                                                             <name>
                                                                                                <ptk:l location="قالب:I2c:1:19">
                                                                                                   <ptk:t location="قالب:I2c:1:19">subst</ptk:t>
                                                                                                </ptk:l>
                                                                                             </name>
                                                                                             <defaultValue>
                                                                                                <TemplateArgument location="قالب:I2c:1:25">
                                                                                                   <ptk:a name="RTD">
                                                                                                      <RtData>c3EAfgAAdXEAfgADAAAAA3VxAH4ABQAAAAF0AAF8cHA=</RtData>
                                                                                                   </ptk:a>
                                                                                                   <hasName>false</hasName>
                                                                                                   <name>
                                                                                                      <ptk:l/>
                                                                                                   </name>
                                                                                                   <value>
                                                                                                      <ptk:l location="قالب:I2c:1:25"/>
                                                                                                   </value>
                                                                                                </TemplateArgument>
                                                                                             </defaultValue>
                                                                                             <garbage/>
                                                                                          </TemplateParameter>
                                                                                          <ptk:t location="قالب:I2c:1:28">#switch: </ptk:t>
                                                                                          <TemplateParameter location="قالب:I2c:1:40">
                                                                                             <ptk:a name="RTD">
                                                                                                <RtData>c3EAfgAAdXEAfgADAAAABHVxAH4ABQAAAAFxAH4ADXBwdXEAfgAFAAAAAXEAfgAP</RtData>
                                                                                             </ptk:a>
                                                                                             <name>
                                                                                                <ptk:l location="قالب:I2c:1:40">
                                                                                                   <ptk:t location="قالب:I2c:1:40">1</ptk:t>
                                                                                                </ptk:l>
                                                                                             </name>
                                                                                             <defaultValue/>
                                                                                             <garbage/>
                                                                                          </TemplateParameter>
                                                                                          <ptk:t location="قالب:I2c:1:44"> 
</ptk:t>
                                                                                       </ptk:l>
                                                                                    </name>
                                                                                 </IllegalNameException>
                                                                              </ptk:l>
                                                                           </content>
                                                                        </PpResolverLog>
                                                                     </ptk:l>
                                                                  </content>
                                                               </CompilerLog>
                                                            </ptk:l>
                                                         </content>
                                                      </ResolveTransclusionLog>
                                                      <ResolveTransclusionLog>
                                                         <success>true</success>
                                                         <target>i2c</target>
                                                         <canonical>قالب:I2c</canonical>
                                                         <timeNeeded>0</timeNeeded>
                                                         <content>
                                                            <ptk:l>
                                                               <CompilerLog>
                                                                  <title>قالب:I2c</title>
                                                                  <revision>356406</revision>
                                                                  <content>
                                                                     <ptk:l>
                                                                        <ValidatorLog>
                                                                           <timeNeeded>0</timeNeeded>
                                                                           <content>
                                                                              <ptk:l/>
                                                                           </content>
                                                                        </ValidatorLog>
                                                                        <PreprocessorLog>
                                                                           <forInclusion>true</forInclusion>
                                                                           <timeNeeded>0</timeNeeded>
                                                                           <content>
                                                                              <ptk:l/>
                                                                           </content>
                                                                        </PreprocessorLog>
                                                                        <PpResolverLog>
                                                                           <timeNeeded>0</timeNeeded>
                                                                           <content>
                                                                              <ptk:l>
                                                                                 <IllegalNameException>
                                                                                    <message>Cannot resolve target of transclusion to a simple name.</message>
                                                                                    <name>
                                                                                       <ptk:l location="قالب:I2c:1:28">
                                                                                          <TemplateParameter location="قالب:I2c:1:19">
                                                                                             <ptk:a name="RTD">
                                                                                                <RtData>c3EAfgAAdXEAfgADAAAABHVxAH4ABQAAAAFxAH4ADXBwdXEAfgAFAAAAAXEAfgAP</RtData>
                                                                                             </ptk:a>
                                                                                             <name>
                                                                                                <ptk:l location="قالب:I2c:1:19">
                                                                                                   <ptk:t location="قالب:I2c:1:19">subst</ptk:t>
                                                                                                </ptk:l>
                                                                                             </name>
                                                                                             <defaultValue>
                                                                                                <TemplateArgument location="قالب:I2c:1:25">
                                                                                                   <ptk:a name="RTD">
                                                                                                      <RtData>c3EAfgAAdXEAfgADAAAAA3VxAH4ABQAAAAF0AAF8cHA=</RtData>
                                                                                                   </ptk:a>
                                                                                                   <hasName>false</hasName>
                                                                                                   <name>
                                                                                                      <ptk:l/>
                                                                                                   </name>
                                                                                                   <value>
                                                                                                      <ptk:l location="قالب:I2c:1:25"/>
                                                                                                   </value>
                                                                                                </TemplateArgument>
                                                                                             </defaultValue>
                                                                                             <garbage/>
                                                                                          </TemplateParameter>
                                                                                          <ptk:t location="قالب:I2c:1:28">#switch: </ptk:t>
                                                                                          <TemplateParameter location="قالب:I2c:1:40">
                                                                                             <ptk:a name="RTD">
                                                                                                <RtData>c3EAfgAAdXEAfgADAAAABHVxAH4ABQAAAAFxAH4ADXBwdXEAfgAFAAAAAXEAfgAP</RtData>
                                                                                             </ptk:a>
                                                                                             <name>
                                                                                                <ptk:l location="قالب:I2c:1:40">
                                                                                                   <ptk:t location="قالب:I2c:1:40">1</ptk:t>
                                                                                                </ptk:l>
                                                                                             </name>
                                                                                             <defaultValue/>
                                                                                             <garbage/>
                                                                                          </TemplateParameter>
                                                                                          <ptk:t location="قالب:I2c:1:44"> 
</ptk:t>
                                                                                       </ptk:l>
                                                                                    </name>
                                                                                 </IllegalNameException>
                                                                              </ptk:l>
                                                                           </content>
                                                                        </PpResolverLog>
                                                                     </ptk:l>
                                                                  </content>
                                                               </CompilerLog>
                                                            </ptk:l>
                                                         </content>
                                                      </ResolveTransclusionLog>
                                                      <ResolveTransclusionLog>
                                                         <success>true</success>
                                                         <target>•w</target>
                                                         <canonical>قالب:•w</canonical>
                                                         <timeNeeded>0</timeNeeded>
                                                         <content>
                                                            <ptk:l>
                                                               <CompilerLog>
                                                                  <title>قالب:•w</title>
                                                                  <revision>152410</revision>
                                                                  <content>
                                                                     <ptk:l>
                                                                        <ValidatorLog>
                                                                           <timeNeeded>0</timeNeeded>
                                                                           <content>
                                                                              <ptk:l/>
                                                                           </content>
                                                                        </ValidatorLog>
                                                                        <PreprocessorLog>
                                                                           <forInclusion>true</forInclusion>
                                                                           <timeNeeded>0</timeNeeded>
                                                                           <content>
                                                                              <ptk:l/>
                                                                           </content>
                                                                        </PreprocessorLog>
                                                                        <PpResolverLog>
                                                                           <timeNeeded>0</timeNeeded>
                                                                           <content>
                                                                              <ptk:l/>
                                                                           </content>
                                                                        </PpResolverLog>
                                                                     </ptk:l>
                                                                  </content>
                                                               </CompilerLog>
                                                            </ptk:l>
                                                         </content>
                                                      </ResolveTransclusionLog>
                                                      <ResolveTransclusionLog>
                                                         <success>true</success>
                                                         <target>i2c</target>
                                                         <canonical>قالب:I2c</canonical>
                                                         <timeNeeded>16</timeNeeded>
                                                         <content>
                                                            <ptk:l>
                                                               <CompilerLog>
                                                                  <title>قالب:I2c</title>
                                                                  <revision>356406</revision>
                                                                  <content>
                                                                     <ptk:l>
                                                                        <ValidatorLog>
                                                                           <timeNeeded>0</timeNeeded>
                                                                           <content>
                                                                              <ptk:l/>
                                                                           </content>
                                                                        </ValidatorLog>
                                                                        <PreprocessorLog>
                                                                           <forInclusion>true</forInclusion>
                                                                           <timeNeeded>0</timeNeeded>
                                                                           <content>
                                                                              <ptk:l/>
                                                                           </content>
                                                                        </PreprocessorLog>
                                                                        <PpResolverLog>
                                                                           <timeNeeded>16</timeNeeded>
                                                                           <content>
                                                                              <ptk:l>
                                                                                 <IllegalNameException>
                                                                                    <message>Cannot resolve target of transclusion to a simple name.</message>
                                                                                    <name>
                                                                                       <ptk:l location="قالب:I2c:1:28">
                                                                                          <TemplateParameter location="قالب:I2c:1:19">
                                                                                             <ptk:a name="RTD">
                                                                                                <RtData>c3EAfgAAdXEAfgADAAAABHVxAH4ABQAAAAFxAH4ADXBwdXEAfgAFAAAAAXEAfgAP</RtData>
                                                                                             </ptk:a>
                                                                                             <name>
                                                                                                <ptk:l location="قالب:I2c:1:19">
                                                                                                   <ptk:t location="قالب:I2c:1:19">subst</ptk:t>
                                                                                                </ptk:l>
                                                                                             </name>
                                                                                             <defaultValue>
                                                                                                <TemplateArgument location="قالب:I2c:1:25">
                                                                                                   <ptk:a name="RTD">
                                                                                                      <RtData>c3EAfgAAdXEAfgADAAAAA3VxAH4ABQAAAAF0AAF8cHA=</RtData>
                                                                                                   </ptk:a>
                                                                                                   <hasName>false</hasName>
                                                                                                   <name>
                                                                                                      <ptk:l/>
                                                                                                   </name>
                                                                                                   <value>
                                                                                                      <ptk:l location="قالب:I2c:1:25"/>
                                                                                                   </value>
                                                                                                </TemplateArgument>
                                                                                             </defaultValue>
                                                                                             <garbage/>
                                                                                          </TemplateParameter>
                                                                                          <ptk:t location="قالب:I2c:1:28">#switch: </ptk:t>
                                                                                          <TemplateParameter location="قالب:I2c:1:40">
                                                                                             <ptk:a name="RTD">
                                                                                                <RtData>c3EAfgAAdXEAfgADAAAABHVxAH4ABQAAAAFxAH4ADXBwdXEAfgAFAAAAAXEAfgAP</RtData>
                                                                                             </ptk:a>
                                                                                             <name>
                                                                                                <ptk:l location="قالب:I2c:1:40">
                                                                                                   <ptk:t location="قالب:I2c:1:40">1</ptk:t>
                                                                                                </ptk:l>
                                                                                             </name>
                                                                                             <defaultValue/>
                                                                                             <garbage/>
                                                                                          </TemplateParameter>
                                                                                          <ptk:t location="قالب:I2c:1:44"> 
</ptk:t>
                                                                                       </ptk:l>
                                                                                    </name>
                                                                                 </IllegalNameException>
                                                                              </ptk:l>
                                                                           </content>
                                                                        </PpResolverLog>
                                                                     </ptk:l>
                                                                  </content>
                                                               </CompilerLog>
                                                            </ptk:l>
                                                         </content>
                                                      </ResolveTransclusionLog>
                                                      <ResolveTransclusionLog>
                                                         <success>true</success>
                                                         <target>i2c</target>
                                                         <canonical>قالب:I2c</canonical>
                                                         <timeNeeded>0</timeNeeded>
                                                         <content>
                                                            <ptk:l>
                                                               <CompilerLog>
                                                                  <title>قالب:I2c</title>
                                                                  <revision>356406</revision>
                                                                  <content>
                                                                     <ptk:l>
                                                                        <ValidatorLog>
                                                                           <timeNeeded>0</timeNeeded>
                                                                           <content>
                                                                              <ptk:l/>
                                                                           </content>
                                                                        </ValidatorLog>
                                                                        <PreprocessorLog>
                                                                           <forInclusion>true</forInclusion>
                                                                           <timeNeeded>0</timeNeeded>
                                                                           <content>
                                                                              <ptk:l/>
                                                                           </content>
                                                                        </PreprocessorLog>
                                                                        <PpResolverLog>
                                                                           <timeNeeded>0</timeNeeded>
                                                                           <content>
                                                                              <ptk:l>
                                                                                 <IllegalNameException>
                                                                                    <message>Cannot resolve target of transclusion to a simple name.</message>
                                                                                    <name>
                                                                                       <ptk:l location="قالب:I2c:1:28">
                                                                                          <TemplateParameter location="قالب:I2c:1:19">
                                                                                             <ptk:a name="RTD">
                                                                                                <RtData>c3EAfgAAdXEAfgADAAAABHVxAH4ABQAAAAFxAH4ADXBwdXEAfgAFAAAAAXEAfgAP</RtData>
                                                                                             </ptk:a>
                                                                                             <name>
                                                                                                <ptk:l location="قالب:I2c:1:19">
                                                                                                   <ptk:t location="قالب:I2c:1:19">subst</ptk:t>
                                                                                                </ptk:l>
                                                                                             </name>
                                                                                             <defaultValue>
                                                                                                <TemplateArgument location="قالب:I2c:1:25">
                                                                                                   <ptk:a name="RTD">
                                                                                                      <RtData>c3EAfgAAdXEAfgADAAAAA3VxAH4ABQAAAAF0AAF8cHA=</RtData>
                                                                                                   </ptk:a>
                                                                                                   <hasName>false</hasName>
                                                                                                   <name>
                                                                                                      <ptk:l/>
                                                                                                   </name>
                                                                                                   <value>
                                                                                                      <ptk:l location="قالب:I2c:1:25"/>
                                                                                                   </value>
                                                                                                </TemplateArgument>
                                                                                             </defaultValue>
                                                                                             <garbage/>
                                                                                          </TemplateParameter>
                                                                                          <ptk:t location="قالب:I2c:1:28">#switch: </ptk:t>
                                                                                          <TemplateParameter location="قالب:I2c:1:40">
                                                                                             <ptk:a name="RTD">
                                                                                                <RtData>c3EAfgAAdXEAfgADAAAABHVxAH4ABQAAAAFxAH4ADXBwdXEAfgAFAAAAAXEAfgAP</RtData>
                                                                                             </ptk:a>
                                                                                             <name>
                                                                                                <ptk:l location="قالب:I2c:1:40">
                                                                                                   <ptk:t location="قالب:I2c:1:40">1</ptk:t>
                                                                                                </ptk:l>
                                                                                             </name>
                                                                                             <defaultValue/>
                                                                                             <garbage/>
                                                                                          </TemplateParameter>
                                                                                          <ptk:t location="قالب:I2c:1:44"> 
</ptk:t>
                                                                                       </ptk:l>
                                                                                    </name>
                                                                                 </IllegalNameException>
                                                                              </ptk:l>
                                                                           </content>
                                                                        </PpResolverLog>
                                                                     </ptk:l>
                                                                  </content>
                                                               </CompilerLog>
                                                            </ptk:l>
                                                         </content>
                                                      </ResolveTransclusionLog>
                                                      <ResolveTransclusionLog>
                                                         <success>true</success>
                                                         <target>•w</target>
                                                         <canonical>قالب:•w</canonical>
                                                         <timeNeeded>0</timeNeeded>
                                                         <content>
                                                            <ptk:l>
                                                               <CompilerLog>
                                                                  <title>قالب:•w</title>
                                                                  <revision>152410</revision>
                                                                  <content>
                                                                     <ptk:l>
                                                                        <ValidatorLog>
                                                                           <timeNeeded>0</timeNeeded>
                                                                           <content>
                                                                              <ptk:l/>
                                                                           </content>
                                                                        </ValidatorLog>
                                                                        <PreprocessorLog>
                                                                           <forInclusion>true</forInclusion>
                                                                           <timeNeeded>0</timeNeeded>
                                                                           <content>
                                                                              <ptk:l/>
                                                                           </content>
                                                                        </PreprocessorLog>
                                                                        <PpResolverLog>
                                                                           <timeNeeded>0</timeNeeded>
                                                                           <content>
                                                                              <ptk:l/>
                                                                           </content>
                                                                        </PpResolverLog>
                                                                     </ptk:l>
                                                                  </content>
                                                               </CompilerLog>
                                                            </ptk:l>
                                                         </content>
                                                      </ResolveTransclusionLog>
                                                      <ResolveTransclusionLog>
                                                         <success>true</success>
                                                         <target>i2c</target>
                                                         <canonical>قالب:I2c</canonical>
                                                         <timeNeeded>0</timeNeeded>
                                                         <content>
                                                            <ptk:l>
                                                               <CompilerLog>
                                                                  <title>قالب:I2c</title>
                                                                  <revision>356406</revision>
                                                                  <content>
                                                                     <ptk:l>
                                                                        <ValidatorLog>
                                                                           <timeNeeded>0</timeNeeded>
                                                                           <content>
                                                                              <ptk:l/>
                                                                           </content>
                                                                        </ValidatorLog>
                                                                        <PreprocessorLog>
                                                                           <forInclusion>true</forInclusion>
                                                                           <timeNeeded>0</timeNeeded>
                                                                           <content>
                                                                              <ptk:l/>
                                                                           </content>
                                                                        </PreprocessorLog>
                                                                        <PpResolverLog>
                                                                           <timeNeeded>0</timeNeeded>
                                                                           <content>
                                                                              <ptk:l>
                                                                                 <IllegalNameException>
                                                                                    <message>Cannot resolve target of transclusion to a simple name.</message>
                                                                                    <name>
                                                                                       <ptk:l location="قالب:I2c:1:28">
                                                                                          <TemplateParameter location="قالب:I2c:1:19">
                                                                                             <ptk:a name="RTD">
                                                                                                <RtData>c3EAfgAAdXEAfgADAAAABHVxAH4ABQAAAAFxAH4ADXBwdXEAfgAFAAAAAXEAfgAP</RtData>
                                                                                             </ptk:a>
                                                                                             <name>
                                                                                                <ptk:l location="قالب:I2c:1:19">
                                                                                                   <ptk:t location="قالب:I2c:1:19">subst</ptk:t>
                                                                                                </ptk:l>
                                                                                             </name>
                                                                                             <defaultValue>
                                                                                                <TemplateArgument location="قالب:I2c:1:25">
                                                                                                   <ptk:a name="RTD">
                                                                                                      <RtData>c3EAfgAAdXEAfgADAAAAA3VxAH4ABQAAAAF0AAF8cHA=</RtData>
                                                                                                   </ptk:a>
                                                                                                   <hasName>false</hasName>
                                                                                                   <name>
                                                                                                      <ptk:l/>
                                                                                                   </name>
                                                                                                   <value>
                                                                                                      <ptk:l location="قالب:I2c:1:25"/>
                                                                                                   </value>
                                                                                                </TemplateArgument>
                                                                                             </defaultValue>
                                                                                             <garbage/>
                                                                                          </TemplateParameter>
                                                                                          <ptk:t location="قالب:I2c:1:28">#switch: </ptk:t>
                                                                                          <TemplateParameter location="قالب:I2c:1:40">
                                                                                             <ptk:a name="RTD">
                                                                                                <RtData>c3EAfgAAdXEAfgADAAAABHVxAH4ABQAAAAFxAH4ADXBwdXEAfgAFAAAAAXEAfgAP</RtData>
                                                                                             </ptk:a>
                                                                                             <name>
                                                                                                <ptk:l location="قالب:I2c:1:40">
                                                                                                   <ptk:t location="قالب:I2c:1:40">1</ptk:t>
                                                                                                </ptk:l>
                                                                                             </name>
                                                                                             <defaultValue/>
                                                                                             <garbage/>
                                                                                          </TemplateParameter>
                                                                                          <ptk:t location="قالب:I2c:1:44"> 
</ptk:t>
                                                                                       </ptk:l>
                                                                                    </name>
                                                                                 </IllegalNameException>
                                                                              </ptk:l>
                                                                           </content>
                                                                        </PpResolverLog>
                                                                     </ptk:l>
                                                                  </content>
                                                               </CompilerLog>
                                                            </ptk:l>
                                                         </content>
                                                      </ResolveTransclusionLog>
                                                      <ResolveTransclusionLog>
                                                         <success>true</success>
                                                         <target>i2c</target>
                                                         <canonical>قالب:I2c</canonical>
                                                         <timeNeeded>0</timeNeeded>
                                                         <content>
                                                            <ptk:l>
                                                               <CompilerLog>
                                                                  <title>قالب:I2c</title>
                                                                  <revision>356406</revision>
                                                                  <content>
                                                                     <ptk:l>
                                                                        <ValidatorLog>
                                                                           <timeNeeded>0</timeNeeded>
                                                                           <content>
                                                                              <ptk:l/>
                                                                           </content>
                                                                        </ValidatorLog>
                                                                        <PreprocessorLog>
                                                                           <forInclusion>true</forInclusion>
                                                                           <timeNeeded>0</timeNeeded>
                                                                           <content>
                                                                              <ptk:l/>
                                                                           </content>
                                                                        </PreprocessorLog>
                                                                        <PpResolverLog>
                                                                           <timeNeeded>0</timeNeeded>
                                                                           <content>
                                                                              <ptk:l>
                                                                                 <IllegalNameException>
                                                                                    <message>Cannot resolve target of transclusion to a simple name.</message>
                                                                                    <name>
                                                                                       <ptk:l location="قالب:I2c:1:28">
                                                                                          <TemplateParameter location="قالب:I2c:1:19">
                                                                                             <ptk:a name="RTD">
                                                                                                <RtData>c3EAfgAAdXEAfgADAAAABHVxAH4ABQAAAAFxAH4ADXBwdXEAfgAFAAAAAXEAfgAP</RtData>
                                                                                             </ptk:a>
                                                                                             <name>
                                                                                                <ptk:l location="قالب:I2c:1:19">
                                                                                                   <ptk:t location="قالب:I2c:1:19">subst</ptk:t>
                                                                                                </ptk:l>
                                                                                             </name>
                                                                                             <defaultValue>
                                                                                                <TemplateArgument location="قالب:I2c:1:25">
                                                                                                   <ptk:a name="RTD">
                                                                                                      <RtData>c3EAfgAAdXEAfgADAAAAA3VxAH4ABQAAAAF0AAF8cHA=</RtData>
                                                                                                   </ptk:a>
                                                                                                   <hasName>false</hasName>
                                                                                                   <name>
                                                                                                      <ptk:l/>
                                                                                                   </name>
                                                                                                   <value>
                                                                                                      <ptk:l location="قالب:I2c:1:25"/>
                                                                                                   </value>
                                                                                                </TemplateArgument>
                                                                                             </defaultValue>
                                                                                             <garbage/>
                                                                                          </TemplateParameter>
                                                                                          <ptk:t location="قالب:I2c:1:28">#switch: </ptk:t>
                                                                                          <TemplateParameter location="قالب:I2c:1:40">
                                                                                             <ptk:a name="RTD">
                                                                                                <RtData>c3EAfgAAdXEAfgADAAAABHVxAH4ABQAAAAFxAH4ADXBwdXEAfgAFAAAAAXEAfgAP</RtData>
                                                                                             </ptk:a>
                                                                                             <name>
                                                                                                <ptk:l location="قالب:I2c:1:40">
                                                                                                   <ptk:t location="قالب:I2c:1:40">1</ptk:t>
                                                                                                </ptk:l>
                                                                                             </name>
                                                                                             <defaultValue/>
                                                                                             <garbage/>
                                                                                          </TemplateParameter>
                                                                                          <ptk:t location="قالب:I2c:1:44"> 
</ptk:t>
                                                                                       </ptk:l>
                                                                                    </name>
                                                                                 </IllegalNameException>
                                                                              </ptk:l>
                                                                           </content>
                                                                        </PpResolverLog>
                                                                     </ptk:l>
                                                                  </content>
                                                               </CompilerLog>
                                                            </ptk:l>
                                                         </content>
                                                      </ResolveTransclusionLog>
                                                      <ResolveTransclusionLog>
                                                         <success>true</success>
                                                         <target>•w</target>
                                                         <canonical>قالب:•w</canonical>
                                                         <timeNeeded>0</timeNeeded>
                                                         <content>
                                                            <ptk:l>
                                                               <CompilerLog>
                                                                  <title>قالب:•w</title>
                                                                  <revision>152410</revision>
                                                                  <content>
                                                                     <ptk:l>
                                                                        <ValidatorLog>
                                                                           <timeNeeded>0</timeNeeded>
                                                                           <content>
                                                                              <ptk:l/>
                                                                           </content>
                                                                        </ValidatorLog>
                                                                        <PreprocessorLog>
                                                                           <forInclusion>true</forInclusion>
                                                                           <timeNeeded>0</timeNeeded>
                                                                           <content>
                                                                              <ptk:l/>
                                                                           </content>
                                                                        </PreprocessorLog>
                                                                        <PpResolverLog>
                                                                           <timeNeeded>0</timeNeeded>
                                                                           <content>
                                                                              <ptk:l/>
                                                                           </content>
                                                                        </PpResolverLog>
                                                                     </ptk:l>
                                                                  </content>
                                                               </CompilerLog>
                                                            </ptk:l>
                                                         </content>
                                                      </ResolveTransclusionLog>
                                                      <ResolveTransclusionLog>
                                                         <success>true</success>
                                                         <target>i2c</target>
                                                         <canonical>قالب:I2c</canonical>
                                                         <timeNeeded>0</timeNeeded>
                                                         <content>
                                                            <ptk:l>
                                                               <CompilerLog>
                                                                  <title>قالب:I2c</title>
                                                                  <revision>356406</revision>
                                                                  <content>
                                                                     <ptk:l>
                                                                        <ValidatorLog>
                                                                           <timeNeeded>0</timeNeeded>
                                                                           <content>
                                                                              <ptk:l/>
                                                                           </content>
                                                                        </ValidatorLog>
                                                                        <PreprocessorLog>
                                                                           <forInclusion>true</forInclusion>
                                                                           <timeNeeded>0</timeNeeded>
                                                                           <content>
                                                                              <ptk:l/>
                                                                           </content>
                                                                        </PreprocessorLog>
                                                                        <PpResolverLog>
                                                                           <timeNeeded>0</timeNeeded>
                                                                           <content>
                                                                              <ptk:l>
                                                                                 <IllegalNameException>
                                                                                    <message>Cannot resolve target of transclusion to a simple name.</message>
                                                                                    <name>
                                                                                       <ptk:l location="قالب:I2c:1:28">
                                                                                          <TemplateParameter location="قالب:I2c:1:19">
                                                                                             <ptk:a name="RTD">
                                                                                                <RtData>c3EAfgAAdXEAfgADAAAABHVxAH4ABQAAAAFxAH4ADXBwdXEAfgAFAAAAAXEAfgAP</RtData>
                                                                                             </ptk:a>
                                                                                             <name>
                                                                                                <ptk:l location="قالب:I2c:1:19">
                                                                                                   <ptk:t location="قالب:I2c:1:19">subst</ptk:t>
                                                                                                </ptk:l>
                                                                                             </name>
                                                                                             <defaultValue>
                                                                                                <TemplateArgument location="قالب:I2c:1:25">
                                                                                                   <ptk:a name="RTD">
                                                                                                      <RtData>c3EAfgAAdXEAfgADAAAAA3VxAH4ABQAAAAF0AAF8cHA=</RtData>
                                                                                                   </ptk:a>
                                                                                                   <hasName>false</hasName>
                                                                                                   <name>
                                                                                                      <ptk:l/>
                                                                                                   </name>
                                                                                                   <value>
                                                                                                      <ptk:l location="قالب:I2c:1:25"/>
                                                                                                   </value>
                                                                                                </TemplateArgument>
                                                                                             </defaultValue>
                                                                                             <garbage/>
                                                                                          </TemplateParameter>
                                                                                          <ptk:t location="قالب:I2c:1:28">#switch: </ptk:t>
                                                                                          <TemplateParameter location="قالب:I2c:1:40">
                                                                                             <ptk:a name="RTD">
                                                                                                <RtData>c3EAfgAAdXEAfgADAAAABHVxAH4ABQAAAAFxAH4ADXBwdXEAfgAFAAAAAXEAfgAP</RtData>
                                                                                             </ptk:a>
                                                                                             <name>
                                                                                                <ptk:l location="قالب:I2c:1:40">
                                                                                                   <ptk:t location="قالب:I2c:1:40">1</ptk:t>
                                                                                                </ptk:l>
                                                                                             </name>
                                                                                             <defaultValue/>
                                                                                             <garbage/>
                                                                                          </TemplateParameter>
                                                                                          <ptk:t location="قالب:I2c:1:44"> 
</ptk:t>
                                                                                       </ptk:l>
                                                                                    </name>
                                                                                 </IllegalNameException>
                                                                              </ptk:l>
                                                                           </content>
                                                                        </PpResolverLog>
                                                                     </ptk:l>
                                                                  </content>
                                                               </CompilerLog>
                                                            </ptk:l>
                                                         </content>
                                                      </ResolveTransclusionLog>
                                                      <ResolveTransclusionLog>
                                                         <success>true</success>
                                                         <target>i2c</target>
                                                         <canonical>قالب:I2c</canonical>
                                                         <timeNeeded>0</timeNeeded>
                                                         <content>
                                                            <ptk:l>
                                                               <CompilerLog>
                                                                  <title>قالب:I2c</title>
                                                                  <revision>356406</revision>
                                                                  <content>
                                                                     <ptk:l>
                                                                        <ValidatorLog>
                                                                           <timeNeeded>0</timeNeeded>
                                                                           <content>
                                                                              <ptk:l/>
                                                                           </content>
                                                                        </ValidatorLog>
                                                                        <PreprocessorLog>
                                                                           <forInclusion>true</forInclusion>
                                                                           <timeNeeded>0</timeNeeded>
                                                                           <content>
                                                                              <ptk:l/>
                                                                           </content>
                                                                        </PreprocessorLog>
                                                                        <PpResolverLog>
                                                                           <timeNeeded>0</timeNeeded>
                                                                           <content>
                                                                              <ptk:l>
                                                                                 <IllegalNameException>
                                                                                    <message>Cannot resolve target of transclusion to a simple name.</message>
                                                                                    <name>
                                                                                       <ptk:l location="قالب:I2c:1:28">
                                                                                          <TemplateParameter location="قالب:I2c:1:19">
                                                                                             <ptk:a name="RTD">
                                                                                                <RtData>c3EAfgAAdXEAfgADAAAABHVxAH4ABQAAAAFxAH4ADXBwdXEAfgAFAAAAAXEAfgAP</RtData>
                                                                                             </ptk:a>
                                                                                             <name>
                                                                                                <ptk:l location="قالب:I2c:1:19">
                                                                                                   <ptk:t location="قالب:I2c:1:19">subst</ptk:t>
                                                                                                </ptk:l>
                                                                                             </name>
                                                                                             <defaultValue>
                                                                                                <TemplateArgument location="قالب:I2c:1:25">
                                                                                                   <ptk:a name="RTD">
                                                                                                      <RtData>c3EAfgAAdXEAfgADAAAAA3VxAH4ABQAAAAF0AAF8cHA=</RtData>
                                                                                                   </ptk:a>
                                                                                                   <hasName>false</hasName>
                                                                                                   <name>
                                                                                                      <ptk:l/>
                                                                                                   </name>
                                                                                                   <value>
                                                                                                      <ptk:l location="قالب:I2c:1:25"/>
                                                                                                   </value>
                                                                                                </TemplateArgument>
                                                                                             </defaultValue>
                                                                                             <garbage/>
                                                                                          </TemplateParameter>
                                                                                          <ptk:t location="قالب:I2c:1:28">#switch: </ptk:t>
                                                                                          <TemplateParameter location="قالب:I2c:1:40">
                                                                                             <ptk:a name="RTD">
                                                                                                <RtData>c3EAfgAAdXEAfgADAAAABHVxAH4ABQAAAAFxAH4ADXBwdXEAfgAFAAAAAXEAfgAP</RtData>
                                                                                             </ptk:a>
                                                                                             <name>
                                                                                                <ptk:l location="قالب:I2c:1:40">
                                                                                                   <ptk:t location="قالب:I2c:1:40">1</ptk:t>
                                                                                                </ptk:l>
                                                                                             </name>
                                                                                             <defaultValue/>
                                                                                             <garbage/>
                                                                                          </TemplateParameter>
                                                                                          <ptk:t location="قالب:I2c:1:44"> 
</ptk:t>
                                                                                       </ptk:l>
                                                                                    </name>
                                                                                 </IllegalNameException>
                                                                              </ptk:l>
                                                                           </content>
                                                                        </PpResolverLog>
                                                                     </ptk:l>
                                                                  </content>
                                                               </CompilerLog>
                                                            </ptk:l>
                                                         </content>
                                                      </ResolveTransclusionLog>
                                                      <ResolveTransclusionLog>
                                                         <success>true</success>
                                                         <target>•w</target>
                                                         <canonical>قالب:•w</canonical>
                                                         <timeNeeded>0</timeNeeded>
                                                         <content>
                                                            <ptk:l>
                                                               <CompilerLog>
                                                                  <title>قالب:•w</title>
                                                                  <revision>152410</revision>
                                                                  <content>
                                                                     <ptk:l>
                                                                        <ValidatorLog>
                                                                           <timeNeeded>0</timeNeeded>
                                                                           <content>
                                                                              <ptk:l/>
                                                                           </content>
                                                                        </ValidatorLog>
                                                                        <PreprocessorLog>
                                                                           <forInclusion>true</forInclusion>
                                                                           <timeNeeded>0</timeNeeded>
                                                                           <content>
                                                                              <ptk:l/>
                                                                           </content>
                                                                        </PreprocessorLog>
                                                                        <PpResolverLog>
                                                                           <timeNeeded>0</timeNeeded>
                                                                           <content>
                                                                              <ptk:l/>
                                                                           </content>
                                                                        </PpResolverLog>
                                                                     </ptk:l>
                                                                  </content>
                                                               </CompilerLog>
                                                            </ptk:l>
                                                         </content>
                                                      </ResolveTransclusionLog>
                                                      <ResolveTransclusionLog>
                                                         <success>true</success>
                                                         <target>i2c</target>
                                                         <canonical>قالب:I2c</canonical>
                                                         <timeNeeded>0</timeNeeded>
                                                         <content>
                                                            <ptk:l>
                                                               <CompilerLog>
                                                                  <title>قالب:I2c</title>
                                                                  <revision>356406</revision>
                                                                  <content>
                                                                     <ptk:l>
                                                                        <ValidatorLog>
                                                                           <timeNeeded>0</timeNeeded>
                                                                           <content>
                                                                              <ptk:l/>
                                                                           </content>
                                                                        </ValidatorLog>
                                                                        <PreprocessorLog>
                                                                           <forInclusion>true</forInclusion>
                                                                           <timeNeeded>0</timeNeeded>
                                                                           <content>
                                                                              <ptk:l/>
                                                                           </content>
                                                                        </PreprocessorLog>
                                                                        <PpResolverLog>
                                                                           <timeNeeded>0</timeNeeded>
                                                                           <content>
                                                                              <ptk:l>
                                                                                 <IllegalNameException>
                                                                                    <message>Cannot resolve target of transclusion to a simple name.</message>
                                                                                    <name>
                                                                                       <ptk:l location="قالب:I2c:1:28">
                                                                                          <TemplateParameter location="قالب:I2c:1:19">
                                                                                             <ptk:a name="RTD">
                                                                                                <RtData>c3EAfgAAdXEAfgADAAAABHVxAH4ABQAAAAFxAH4ADXBwdXEAfgAFAAAAAXEAfgAP</RtData>
                                                                                             </ptk:a>
                                                                                             <name>
                                                                                                <ptk:l location="قالب:I2c:1:19">
                                                                                                   <ptk:t location="قالب:I2c:1:19">subst</ptk:t>
                                                                                                </ptk:l>
                                                                                             </name>
                                                                                             <defaultValue>
                                                                                                <TemplateArgument location="قالب:I2c:1:25">
                                                                                                   <ptk:a name="RTD">
                                                                                                      <RtData>c3EAfgAAdXEAfgADAAAAA3VxAH4ABQAAAAF0AAF8cHA=</RtData>
                                                                                                   </ptk:a>
                                                                                                   <hasName>false</hasName>
                                                                                                   <name>
                                                                                                      <ptk:l/>
                                                                                                   </name>
                                                                                                   <value>
                                                                                                      <ptk:l location="قالب:I2c:1:25"/>
                                                                                                   </value>
                                                                                                </TemplateArgument>
                                                                                             </defaultValue>
                                                                                             <garbage/>
                                                                                          </TemplateParameter>
                                                                                          <ptk:t location="قالب:I2c:1:28">#switch: </ptk:t>
                                                                                          <TemplateParameter location="قالب:I2c:1:40">
                                                                                             <ptk:a name="RTD">
                                                                                                <RtData>c3EAfgAAdXEAfgADAAAABHVxAH4ABQAAAAFxAH4ADXBwdXEAfgAFAAAAAXEAfgAP</RtData>
                                                                                             </ptk:a>
                                                                                             <name>
                                                                                                <ptk:l location="قالب:I2c:1:40">
                                                                                                   <ptk:t location="قالب:I2c:1:40">1</ptk:t>
                                                                                                </ptk:l>
                                                                                             </name>
                                                                                             <defaultValue/>
                                                                                             <garbage/>
                                                                                          </TemplateParameter>
                                                                                          <ptk:t location="قالب:I2c:1:44"> 
</ptk:t>
                                                                                       </ptk:l>
                                                                                    </name>
                                                                                 </IllegalNameException>
                                                                              </ptk:l>
                                                                           </content>
                                                                        </PpResolverLog>
                                                                     </ptk:l>
                                                                  </content>
                                                               </CompilerLog>
                                                            </ptk:l>
                                                         </content>
                                                      </ResolveTransclusionLog>
                                                      <ResolveTransclusionLog>
                                                         <success>true</success>
                                                         <target>i2c</target>
                                                         <canonical>قالب:I2c</canonical>
                                                         <timeNeeded>0</timeNeeded>
                                                         <content>
                                                            <ptk:l>
                                                               <CompilerLog>
                                                                  <title>قالب:I2c</title>
                                                                  <revision>356406</revision>
                                                                  <content>
                                                                     <ptk:l>
                                                                        <ValidatorLog>
                                                                           <timeNeeded>0</timeNeeded>
                                                                           <content>
                                                                              <ptk:l/>
                                                                           </content>
                                                                        </ValidatorLog>
                                                                        <PreprocessorLog>
                                                                           <forInclusion>true</forInclusion>
                                                                           <timeNeeded>0</timeNeeded>
                                                                           <content>
                                                                              <ptk:l/>
                                                                           </content>
                                                                        </PreprocessorLog>
                                                                        <PpResolverLog>
                                                                           <timeNeeded>0</timeNeeded>
                                                                           <content>
                                                                              <ptk:l>
                                                                                 <IllegalNameException>
                                                                                    <message>Cannot resolve target of transclusion to a simple name.</message>
                                                                                    <name>
                                                                                       <ptk:l location="قالب:I2c:1:28">
                                                                                          <TemplateParameter location="قالب:I2c:1:19">
                                                                                             <ptk:a name="RTD">
                                                                                                <RtData>c3EAfgAAdXEAfgADAAAABHVxAH4ABQAAAAFxAH4ADXBwdXEAfgAFAAAAAXEAfgAP</RtData>
                                                                                             </ptk:a>
                                                                                             <name>
                                                                                                <ptk:l location="قالب:I2c:1:19">
                                                                                                   <ptk:t location="قالب:I2c:1:19">subst</ptk:t>
                                                                                                </ptk:l>
                                                                                             </name>
                                                                                             <defaultValue>
                                                                                                <TemplateArgument location="قالب:I2c:1:25">
                                                                                                   <ptk:a name="RTD">
                                                                                                      <RtData>c3EAfgAAdXEAfgADAAAAA3VxAH4ABQAAAAF0AAF8cHA=</RtData>
                                                                                                   </ptk:a>
                                                                                                   <hasName>false</hasName>
                                                                                                   <name>
                                                                                                      <ptk:l/>
                                                                                                   </name>
                                                                                                   <value>
                                                                                                      <ptk:l location="قالب:I2c:1:25"/>
                                                                                                   </value>
                                                                                                </TemplateArgument>
                                                                                             </defaultValue>
                                                                                             <garbage/>
                                                                                          </TemplateParameter>
                                                                                          <ptk:t location="قالب:I2c:1:28">#switch: </ptk:t>
                                                                                          <TemplateParameter location="قالب:I2c:1:40">
                                                                                             <ptk:a name="RTD">
                                                                                                <RtData>c3EAfgAAdXEAfgADAAAABHVxAH4ABQAAAAFxAH4ADXBwdXEAfgAFAAAAAXEAfgAP</RtData>
                                                                                             </ptk:a>
                                                                                             <name>
                                                                                                <ptk:l location="قالب:I2c:1:40">
                                                                                                   <ptk:t location="قالب:I2c:1:40">1</ptk:t>
                                                                                                </ptk:l>
                                                                                             </name>
                                                                                             <defaultValue/>
                                                                                             <garbage/>
                                                                                          </TemplateParameter>
                                                                                          <ptk:t location="قالب:I2c:1:44"> 
</ptk:t>
                                                                                       </ptk:l>
                                                                                    </name>
                                                                                 </IllegalNameException>
                                                                              </ptk:l>
                                                                           </content>
                                                                        </PpResolverLog>
                                                                     </ptk:l>
                                                                  </content>
                                                               </CompilerLog>
                                                            </ptk:l>
                                                         </content>
                                                      </ResolveTransclusionLog>
                                                      <ResolveTransclusionLog>
                                                         <success>true</success>
                                                         <target>•w</target>
                                                         <canonical>قالب:•w</canonical>
                                                         <timeNeeded>0</timeNeeded>
                                                         <content>
                                                            <ptk:l>
                                                               <CompilerLog>
                                                                  <title>قالب:•w</title>
                                                                  <revision>152410</revision>
                                                                  <content>
                                                                     <ptk:l>
                                                                        <ValidatorLog>
                                                                           <timeNeeded>0</timeNeeded>
                                                                           <content>
                                                                              <ptk:l/>
                                                                           </content>
                                                                        </ValidatorLog>
                                                                        <PreprocessorLog>
                                                                           <forInclusion>true</forInclusion>
                                                                           <timeNeeded>0</timeNeeded>
                                                                           <content>
                                                                              <ptk:l/>
                                                                           </content>
                                                                        </PreprocessorLog>
                                                                        <PpResolverLog>
                                                                           <timeNeeded>0</timeNeeded>
                                                                           <content>
                                                                              <ptk:l/>
                                                                           </content>
                                                                        </PpResolverLog>
                                                                     </ptk:l>
                                                                  </content>
                                                               </CompilerLog>
                                                            </ptk:l>
                                                         </content>
                                                      </ResolveTransclusionLog>
                                                      <ResolveTransclusionLog>
                                                         <success>true</success>
                                                         <target>i2c</target>
                                                         <canonical>قالب:I2c</canonical>
                                                         <timeNeeded>0</timeNeeded>
                                                         <content>
                                                            <ptk:l>
                                                               <CompilerLog>
                                                                  <title>قالب:I2c</title>
                                                                  <revision>356406</revision>
                                                                  <content>
                                                                     <ptk:l>
                                                                        <ValidatorLog>
                                                                           <timeNeeded>0</timeNeeded>
                                                                           <content>
                                                                              <ptk:l/>
                                                                           </content>
                                                                        </ValidatorLog>
                                                                        <PreprocessorLog>
                                                                           <forInclusion>true</forInclusion>
                                                                           <timeNeeded>0</timeNeeded>
                                                                           <content>
                                                                              <ptk:l/>
                                                                           </content>
                                                                        </PreprocessorLog>
                                                                        <PpResolverLog>
                                                                           <timeNeeded>0</timeNeeded>
                                                                           <content>
                                                                              <ptk:l>
                                                                                 <IllegalNameException>
                                                                                    <message>Cannot resolve target of transclusion to a simple name.</message>
                                                                                    <name>
                                                                                       <ptk:l location="قالب:I2c:1:28">
                                                                                          <TemplateParameter location="قالب:I2c:1:19">
                                                                                             <ptk:a name="RTD">
                                                                                                <RtData>c3EAfgAAdXEAfgADAAAABHVxAH4ABQAAAAFxAH4ADXBwdXEAfgAFAAAAAXEAfgAP</RtData>
                                                                                             </ptk:a>
                                                                                             <name>
                                                                                                <ptk:l location="قالب:I2c:1:19">
                                                                                                   <ptk:t location="قالب:I2c:1:19">subst</ptk:t>
                                                                                                </ptk:l>
                                                                                             </name>
                                                                                             <defaultValue>
                                                                                                <TemplateArgument location="قالب:I2c:1:25">
                                                                                                   <ptk:a name="RTD">
                                                                                                      <RtData>c3EAfgAAdXEAfgADAAAAA3VxAH4ABQAAAAF0AAF8cHA=</RtData>
                                                                                                   </ptk:a>
                                                                                                   <hasName>false</hasName>
                                                                                                   <name>
                                                                                                      <ptk:l/>
                                                                                                   </name>
                                                                                                   <value>
                                                                                                      <ptk:l location="قالب:I2c:1:25"/>
                                                                                                   </value>
                                                                                                </TemplateArgument>
                                                                                             </defaultValue>
                                                                                             <garbage/>
                                                                                          </TemplateParameter>
                                                                                          <ptk:t location="قالب:I2c:1:28">#switch: </ptk:t>
                                                                                          <TemplateParameter location="قالب:I2c:1:40">
                                                                                             <ptk:a name="RTD">
                                                                                                <RtData>c3EAfgAAdXEAfgADAAAABHVxAH4ABQAAAAFxAH4ADXBwdXEAfgAFAAAAAXEAfgAP</RtData>
                                                                                             </ptk:a>
                                                                                             <name>
                                                                                                <ptk:l location="قالب:I2c:1:40">
                                                                                                   <ptk:t location="قالب:I2c:1:40">1</ptk:t>
                                                                                                </ptk:l>
                                                                                             </name>
                                                                                             <defaultValue/>
                                                                                             <garbage/>
                                                                                          </TemplateParameter>
                                                                                          <ptk:t location="قالب:I2c:1:44"> 
</ptk:t>
                                                                                       </ptk:l>
                                                                                    </name>
                                                                                 </IllegalNameException>
                                                                              </ptk:l>
                                                                           </content>
                                                                        </PpResolverLog>
                                                                     </ptk:l>
                                                                  </content>
                                                               </CompilerLog>
                                                            </ptk:l>
                                                         </content>
                                                      </ResolveTransclusionLog>
                                                      <ResolveTransclusionLog>
                                                         <success>true</success>
                                                         <target>i2c</target>
                                                         <canonical>قالب:I2c</canonical>
                                                         <timeNeeded>0</timeNeeded>
                                                         <content>
                                                            <ptk:l>
                                                               <CompilerLog>
                                                                  <title>قالب:I2c</title>
                                                                  <revision>356406</revision>
                                                                  <content>
                                                                     <ptk:l>
                                                                        <ValidatorLog>
                                                                           <timeNeeded>0</timeNeeded>
                                                                           <content>
                                                                              <ptk:l/>
                                                                           </content>
                                                                        </ValidatorLog>
                                                                        <PreprocessorLog>
                                                                           <forInclusion>true</forInclusion>
                                                                           <timeNeeded>0</timeNeeded>
                                                                           <content>
                                                                              <ptk:l/>
                                                                           </content>
                                                                        </PreprocessorLog>
                                                                        <PpResolverLog>
                                                                           <timeNeeded>0</timeNeeded>
                                                                           <content>
                                                                              <ptk:l>
                                                                                 <IllegalNameException>
                                                                                    <message>Cannot resolve target of transclusion to a simple name.</message>
                                                                                    <name>
                                                                                       <ptk:l location="قالب:I2c:1:28">
                                                                                          <TemplateParameter location="قالب:I2c:1:19">
                                                                                             <ptk:a name="RTD">
                                                                                                <RtData>c3EAfgAAdXEAfgADAAAABHVxAH4ABQAAAAFxAH4ADXBwdXEAfgAFAAAAAXEAfgAP</RtData>
                                                                                             </ptk:a>
                                                                                             <name>
                                                                                                <ptk:l location="قالب:I2c:1:19">
                                                                                                   <ptk:t location="قالب:I2c:1:19">subst</ptk:t>
                                                                                                </ptk:l>
                                                                                             </name>
                                                                                             <defaultValue>
                                                                                                <TemplateArgument location="قالب:I2c:1:25">
                                                                                                   <ptk:a name="RTD">
                                                                                                      <RtData>c3EAfgAAdXEAfgADAAAAA3VxAH4ABQAAAAF0AAF8cHA=</RtData>
                                                                                                   </ptk:a>
                                                                                                   <hasName>false</hasName>
                                                                                                   <name>
                                                                                                      <ptk:l/>
                                                                                                   </name>
                                                                                                   <value>
                                                                                                      <ptk:l location="قالب:I2c:1:25"/>
                                                                                                   </value>
                                                                                                </TemplateArgument>
                                                                                             </defaultValue>
                                                                                             <garbage/>
                                                                                          </TemplateParameter>
                                                                                          <ptk:t location="قالب:I2c:1:28">#switch: </ptk:t>
                                                                                          <TemplateParameter location="قالب:I2c:1:40">
                                                                                             <ptk:a name="RTD">
                                                                                                <RtData>c3EAfgAAdXEAfgADAAAABHVxAH4ABQAAAAFxAH4ADXBwdXEAfgAFAAAAAXEAfgAP</RtData>
                                                                                             </ptk:a>
                                                                                             <name>
                                                                                                <ptk:l location="قالب:I2c:1:40">
                                                                                                   <ptk:t location="قالب:I2c:1:40">1</ptk:t>
                                                                                                </ptk:l>
                                                                                             </name>
                                                                                             <defaultValue/>
                                                                                             <garbage/>
                                                                                          </TemplateParameter>
                                                                                          <ptk:t location="قالب:I2c:1:44"> 
</ptk:t>
                                                                                       </ptk:l>
                                                                                    </name>
                                                                                 </IllegalNameException>
                                                                              </ptk:l>
                                                                           </content>
                                                                        </PpResolverLog>
                                                                     </ptk:l>
                                                                  </content>
                                                               </CompilerLog>
                                                            </ptk:l>
                                                         </content>
                                                      </ResolveTransclusionLog>
                                                      <ResolveTransclusionLog>
                                                         <success>true</success>
                                                         <target>•w</target>
                                                         <canonical>قالب:•w</canonical>
                                                         <timeNeeded>0</timeNeeded>
                                                         <content>
                                                            <ptk:l>
                                                               <CompilerLog>
                                                                  <title>قالب:•w</title>
                                                                  <revision>152410</revision>
                                                                  <content>
                                                                     <ptk:l>
                                                                        <ValidatorLog>
                                                                           <timeNeeded>0</timeNeeded>
                                                                           <content>
                                                                              <ptk:l/>
                                                                           </content>
                                                                        </ValidatorLog>
                                                                        <PreprocessorLog>
                                                                           <forInclusion>true</forInclusion>
                                                                           <timeNeeded>0</timeNeeded>
                                                                           <content>
                                                                              <ptk:l/>
                                                                           </content>
                                                                        </PreprocessorLog>
                                                                        <PpResolverLog>
                                                                           <timeNeeded>0</timeNeeded>
                                                                           <content>
                                                                              <ptk:l/>
                                                                           </content>
                                                                        </PpResolverLog>
                                                                     </ptk:l>
                                                                  </content>
                                                               </CompilerLog>
                                                            </ptk:l>
                                                         </content>
                                                      </ResolveTransclusionLog>
                                                      <ResolveTransclusionLog>
                                                         <success>true</success>
                                                         <target>i2c</target>
                                                         <canonical>قالب:I2c</canonical>
                                                         <timeNeeded>0</timeNeeded>
                                                         <content>
                                                            <ptk:l>
                                                               <CompilerLog>
                                                                  <title>قالب:I2c</title>
                                                                  <revision>356406</revision>
                                                                  <content>
                                                                     <ptk:l>
                                                                        <ValidatorLog>
                                                                           <timeNeeded>0</timeNeeded>
                                                                           <content>
                                                                              <ptk:l/>
                                                                           </content>
                                                                        </ValidatorLog>
                                                                        <PreprocessorLog>
                                                                           <forInclusion>true</forInclusion>
                                                                           <timeNeeded>0</timeNeeded>
                                                                           <content>
                                                                              <ptk:l/>
                                                                           </content>
                                                                        </PreprocessorLog>
                                                                        <PpResolverLog>
                                                                           <timeNeeded>0</timeNeeded>
                                                                           <content>
                                                                              <ptk:l>
                                                                                 <IllegalNameException>
                                                                                    <message>Cannot resolve target of transclusion to a simple name.</message>
                                                                                    <name>
                                                                                       <ptk:l location="قالب:I2c:1:28">
                                                                                          <TemplateParameter location="قالب:I2c:1:19">
                                                                                             <ptk:a name="RTD">
                                                                                                <RtData>c3EAfgAAdXEAfgADAAAABHVxAH4ABQAAAAFxAH4ADXBwdXEAfgAFAAAAAXEAfgAP</RtData>
                                                                                             </ptk:a>
                                                                                             <name>
                                                                                                <ptk:l location="قالب:I2c:1:19">
                                                                                                   <ptk:t location="قالب:I2c:1:19">subst</ptk:t>
                                                                                                </ptk:l>
                                                                                             </name>
                                                                                             <defaultValue>
                                                                                                <TemplateArgument location="قالب:I2c:1:25">
                                                                                                   <ptk:a name="RTD">
                                                                                                      <RtData>c3EAfgAAdXEAfgADAAAAA3VxAH4ABQAAAAF0AAF8cHA=</RtData>
                                                                                                   </ptk:a>
                                                                                                   <hasName>false</hasName>
                                                                                                   <name>
                                                                                                      <ptk:l/>
                                                                                                   </name>
                                                                                                   <value>
                                                                                                      <ptk:l location="قالب:I2c:1:25"/>
                                                                                                   </value>
                                                                                                </TemplateArgument>
                                                                                             </defaultValue>
                                                                                             <garbage/>
                                                                                          </TemplateParameter>
                                                                                          <ptk:t location="قالب:I2c:1:28">#switch: </ptk:t>
                                                                                          <TemplateParameter location="قالب:I2c:1:40">
                                                                                             <ptk:a name="RTD">
                                                                                                <RtData>c3EAfgAAdXEAfgADAAAABHVxAH4ABQAAAAFxAH4ADXBwdXEAfgAFAAAAAXEAfgAP</RtData>
                                                                                             </ptk:a>
                                                                                             <name>
                                                                                                <ptk:l location="قالب:I2c:1:40">
                                                                                                   <ptk:t location="قالب:I2c:1:40">1</ptk:t>
                                                                                                </ptk:l>
                                                                                             </name>
                                                                                             <defaultValue/>
                                                                                             <garbage/>
                                                                                          </TemplateParameter>
                                                                                          <ptk:t location="قالب:I2c:1:44"> 
</ptk:t>
                                                                                       </ptk:l>
                                                                                    </name>
                                                                                 </IllegalNameException>
                                                                              </ptk:l>
                                                                           </content>
                                                                        </PpResolverLog>
                                                                     </ptk:l>
                                                                  </content>
                                                               </CompilerLog>
                                                            </ptk:l>
                                                         </content>
                                                      </ResolveTransclusionLog>
                                                      <ResolveTransclusionLog>
                                                         <success>true</success>
                                                         <target>i2c</target>
                                                         <canonical>قالب:I2c</canonical>
                                                         <timeNeeded>0</timeNeeded>
                                                         <content>
                                                            <ptk:l>
                                                               <CompilerLog>
                                                                  <title>قالب:I2c</title>
                                                                  <revision>356406</revision>
                                                                  <content>
                                                                     <ptk:l>
                                                                        <ValidatorLog>
                                                                           <timeNeeded>0</timeNeeded>
                                                                           <content>
                                                                              <ptk:l/>
                                                                           </content>
                                                                        </ValidatorLog>
                                                                        <PreprocessorLog>
                                                                           <forInclusion>true</forInclusion>
                                                                           <timeNeeded>0</timeNeeded>
                                                                           <content>
                                                                              <ptk:l/>
                                                                           </content>
                                                                        </PreprocessorLog>
                                                                        <PpResolverLog>
                                                                           <timeNeeded>0</timeNeeded>
                                                                           <content>
                                                                              <ptk:l>
                                                                                 <IllegalNameException>
                                                                                    <message>Cannot resolve target of transclusion to a simple name.</message>
                                                                                    <name>
                                                                                       <ptk:l location="قالب:I2c:1:28">
                                                                                          <TemplateParameter location="قالب:I2c:1:19">
                                                                                             <ptk:a name="RTD">
                                                                                                <RtData>c3EAfgAAdXEAfgADAAAABHVxAH4ABQAAAAFxAH4ADXBwdXEAfgAFAAAAAXEAfgAP</RtData>
                                                                                             </ptk:a>
                                                                                             <name>
                                                                                                <ptk:l location="قالب:I2c:1:19">
                                                                                                   <ptk:t location="قالب:I2c:1:19">subst</ptk:t>
                                                                                                </ptk:l>
                                                                                             </name>
                                                                                             <defaultValue>
                                                                                                <TemplateArgument location="قالب:I2c:1:25">
                                                                                                   <ptk:a name="RTD">
                                                                                                      <RtData>c3EAfgAAdXEAfgADAAAAA3VxAH4ABQAAAAF0AAF8cHA=</RtData>
                                                                                                   </ptk:a>
                                                                                                   <hasName>false</hasName>
                                                                                                   <name>
                                                                                                      <ptk:l/>
                                                                                                   </name>
                                                                                                   <value>
                                                                                                      <ptk:l location="قالب:I2c:1:25"/>
                                                                                                   </value>
                                                                                                </TemplateArgument>
                                                                                             </defaultValue>
                                                                                             <garbage/>
                                                                                          </TemplateParameter>
                                                                                          <ptk:t location="قالب:I2c:1:28">#switch: </ptk:t>
                                                                                          <TemplateParameter location="قالب:I2c:1:40">
                                                                                             <ptk:a name="RTD">
                                                                                                <RtData>c3EAfgAAdXEAfgADAAAABHVxAH4ABQAAAAFxAH4ADXBwdXEAfgAFAAAAAXEAfgAP</RtData>
                                                                                             </ptk:a>
                                                                                             <name>
                                                                                                <ptk:l location="قالب:I2c:1:40">
                                                                                                   <ptk:t location="قالب:I2c:1:40">1</ptk:t>
                                                                                                </ptk:l>
                                                                                             </name>
                                                                                             <defaultValue/>
                                                                                             <garbage/>
                                                                                          </TemplateParameter>
                                                                                          <ptk:t location="قالب:I2c:1:44"> 
</ptk:t>
                                                                                       </ptk:l>
                                                                                    </name>
                                                                                 </IllegalNameException>
                                                                              </ptk:l>
                                                                           </content>
                                                                        </PpResolverLog>
                                                                     </ptk:l>
                                                                  </content>
                                                               </CompilerLog>
                                                            </ptk:l>
                                                         </content>
                                                      </ResolveTransclusionLog>
                                                      <ResolveTransclusionLog>
                                                         <success>true</success>
                                                         <target>•w</target>
                                                         <canonical>قالب:•w</canonical>
                                                         <timeNeeded>0</timeNeeded>
                                                         <content>
                                                            <ptk:l>
                                                               <CompilerLog>
                                                                  <title>قالب:•w</title>
                                                                  <revision>152410</revision>
                                                                  <content>
                                                                     <ptk:l>
                                                                        <ValidatorLog>
                                                                           <timeNeeded>0</timeNeeded>
                                                                           <content>
                                                                              <ptk:l/>
                                                                           </content>
                                                                        </ValidatorLog>
                                                                        <PreprocessorLog>
                                                                           <forInclusion>true</forInclusion>
                                                                           <timeNeeded>0</timeNeeded>
                                                                           <content>
                                                                              <ptk:l/>
                                                                           </content>
                                                                        </PreprocessorLog>
                                                                        <PpResolverLog>
                                                                           <timeNeeded>0</timeNeeded>
                                                                           <content>
                                                                              <ptk:l/>
                                                                           </content>
                                                                        </PpResolverLog>
                                                                     </ptk:l>
                                                                  </content>
                                                               </CompilerLog>
                                                            </ptk:l>
                                                         </content>
                                                      </ResolveTransclusionLog>
                                                      <ResolveTransclusionLog>
                                                         <success>true</success>
                                                         <target>i2c</target>
                                                         <canonical>قالب:I2c</canonical>
                                                         <timeNeeded>0</timeNeeded>
                                                         <content>
                                                            <ptk:l>
                                                               <CompilerLog>
                                                                  <title>قالب:I2c</title>
                                                                  <revision>356406</revision>
                                                                  <content>
                                                                     <ptk:l>
                                                                        <ValidatorLog>
                                                                           <timeNeeded>0</timeNeeded>
                                                                           <content>
                                                                              <ptk:l/>
                                                                           </content>
                                                                        </ValidatorLog>
                                                                        <PreprocessorLog>
                                                                           <forInclusion>true</forInclusion>
                                                                           <timeNeeded>0</timeNeeded>
                                                                           <content>
                                                                              <ptk:l/>
                                                                           </content>
                                                                        </PreprocessorLog>
                                                                        <PpResolverLog>
                                                                           <timeNeeded>0</timeNeeded>
                                                                           <content>
                                                                              <ptk:l>
                                                                                 <IllegalNameException>
                                                                                    <message>Cannot resolve target of transclusion to a simple name.</message>
                                                                                    <name>
                                                                                       <ptk:l location="قالب:I2c:1:28">
                                                                                          <TemplateParameter location="قالب:I2c:1:19">
                                                                                             <ptk:a name="RTD">
                                                                                                <RtData>c3EAfgAAdXEAfgADAAAABHVxAH4ABQAAAAFxAH4ADXBwdXEAfgAFAAAAAXEAfgAP</RtData>
                                                                                             </ptk:a>
                                                                                             <name>
                                                                                                <ptk:l location="قالب:I2c:1:19">
                                                                                                   <ptk:t location="قالب:I2c:1:19">subst</ptk:t>
                                                                                                </ptk:l>
                                                                                             </name>
                                                                                             <defaultValue>
                                                                                                <TemplateArgument location="قالب:I2c:1:25">
                                                                                                   <ptk:a name="RTD">
                                                                                                      <RtData>c3EAfgAAdXEAfgADAAAAA3VxAH4ABQAAAAF0AAF8cHA=</RtData>
                                                                                                   </ptk:a>
                                                                                                   <hasName>false</hasName>
                                                                                                   <name>
                                                                                                      <ptk:l/>
                                                                                                   </name>
                                                                                                   <value>
                                                                                                      <ptk:l location="قالب:I2c:1:25"/>
                                                                                                   </value>
                                                                                                </TemplateArgument>
                                                                                             </defaultValue>
                                                                                             <garbage/>
                                                                                          </TemplateParameter>
                                                                                          <ptk:t location="قالب:I2c:1:28">#switch: </ptk:t>
                                                                                          <TemplateParameter location="قالب:I2c:1:40">
                                                                                             <ptk:a name="RTD">
                                                                                                <RtData>c3EAfgAAdXEAfgADAAAABHVxAH4ABQAAAAFxAH4ADXBwdXEAfgAFAAAAAXEAfgAP</RtData>
                                                                                             </ptk:a>
                                                                                             <name>
                                                                                                <ptk:l location="قالب:I2c:1:40">
                                                                                                   <ptk:t location="قالب:I2c:1:40">1</ptk:t>
                                                                                                </ptk:l>
                                                                                             </name>
                                                                                             <defaultValue/>
                                                                                             <garbage/>
                                                                                          </TemplateParameter>
                                                                                          <ptk:t location="قالب:I2c:1:44"> 
</ptk:t>
                                                                                       </ptk:l>
                                                                                    </name>
                                                                                 </IllegalNameException>
                                                                              </ptk:l>
                                                                           </content>
                                                                        </PpResolverLog>
                                                                     </ptk:l>
                                                                  </content>
                                                               </CompilerLog>
                                                            </ptk:l>
                                                         </content>
                                                      </ResolveTransclusionLog>
                                                      <ResolveTransclusionLog>
                                                         <success>true</success>
                                                         <target>i2c</target>
                                                         <canonical>قالب:I2c</canonical>
                                                         <timeNeeded>16</timeNeeded>
                                                         <content>
                                                            <ptk:l>
                                                               <CompilerLog>
                                                                  <title>قالب:I2c</title>
                                                                  <revision>356406</revision>
                                                                  <content>
                                                                     <ptk:l>
                                                                        <ValidatorLog>
                                                                           <timeNeeded>0</timeNeeded>
                                                                           <content>
                                                                              <ptk:l/>
                                                                           </content>
                                                                        </ValidatorLog>
                                                                        <PreprocessorLog>
                                                                           <forInclusion>true</forInclusion>
                                                                           <timeNeeded>0</timeNeeded>
                                                                           <content>
                                                                              <ptk:l/>
                                                                           </content>
                                                                        </PreprocessorLog>
                                                                        <PpResolverLog>
                                                                           <timeNeeded>16</timeNeeded>
                                                                           <content>
                                                                              <ptk:l>
                                                                                 <IllegalNameException>
                                                                                    <message>Cannot resolve target of transclusion to a simple name.</message>
                                                                                    <name>
                                                                                       <ptk:l location="قالب:I2c:1:28">
                                                                                          <TemplateParameter location="قالب:I2c:1:19">
                                                                                             <ptk:a name="RTD">
                                                                                                <RtData>c3EAfgAAdXEAfgADAAAABHVxAH4ABQAAAAFxAH4ADXBwdXEAfgAFAAAAAXEAfgAP</RtData>
                                                                                             </ptk:a>
                                                                                             <name>
                                                                                                <ptk:l location="قالب:I2c:1:19">
                                                                                                   <ptk:t location="قالب:I2c:1:19">subst</ptk:t>
                                                                                                </ptk:l>
                                                                                             </name>
                                                                                             <defaultValue>
                                                                                                <TemplateArgument location="قالب:I2c:1:25">
                                                                                                   <ptk:a name="RTD">
                                                                                                      <RtData>c3EAfgAAdXEAfgADAAAAA3VxAH4ABQAAAAF0AAF8cHA=</RtData>
                                                                                                   </ptk:a>
                                                                                                   <hasName>false</hasName>
                                                                                                   <name>
                                                                                                      <ptk:l/>
                                                                                                   </name>
                                                                                                   <value>
                                                                                                      <ptk:l location="قالب:I2c:1:25"/>
                                                                                                   </value>
                                                                                                </TemplateArgument>
                                                                                             </defaultValue>
                                                                                             <garbage/>
                                                                                          </TemplateParameter>
                                                                                          <ptk:t location="قالب:I2c:1:28">#switch: </ptk:t>
                                                                                          <TemplateParameter location="قالب:I2c:1:40">
                                                                                             <ptk:a name="RTD">
                                                                                                <RtData>c3EAfgAAdXEAfgADAAAABHVxAH4ABQAAAAFxAH4ADXBwdXEAfgAFAAAAAXEAfgAP</RtData>
                                                                                             </ptk:a>
                                                                                             <name>
                                                                                                <ptk:l location="قالب:I2c:1:40">
                                                                                                   <ptk:t location="قالب:I2c:1:40">1</ptk:t>
                                                                                                </ptk:l>
                                                                                             </name>
                                                                                             <defaultValue/>
                                                                                             <garbage/>
                                                                                          </TemplateParameter>
                                                                                          <ptk:t location="قالب:I2c:1:44"> 
</ptk:t>
                                                                                       </ptk:l>
                                                                                    </name>
                                                                                 </IllegalNameException>
                                                                              </ptk:l>
                                                                           </content>
                                                                        </PpResolverLog>
                                                                     </ptk:l>
                                                                  </content>
                                                               </CompilerLog>
                                                            </ptk:l>
                                                         </content>
                                                      </ResolveTransclusionLog>
                                                      <ResolveTransclusionLog>
                                                         <success>true</success>
                                                         <target>•w</target>
                                                         <canonical>قالب:•w</canonical>
                                                         <timeNeeded>0</timeNeeded>
                                                         <content>
                                                            <ptk:l>
                                                               <CompilerLog>
                                                                  <title>قالب:•w</title>
                                                                  <revision>152410</revision>
                                                                  <content>
                                                                     <ptk:l>
                                                                        <ValidatorLog>
                                                                           <timeNeeded>0</timeNeeded>
                                                                           <content>
                                                                              <ptk:l/>
                                                                           </content>
                                                                        </ValidatorLog>
                                                                        <PreprocessorLog>
                                                                           <forInclusion>true</forInclusion>
                                                                           <timeNeeded>0</timeNeeded>
                                                                           <content>
                                                                              <ptk:l/>
                                                                           </content>
                                                                        </PreprocessorLog>
                                                                        <PpResolverLog>
                                                                           <timeNeeded>0</timeNeeded>
                                                                           <content>
                                                                              <ptk:l/>
                                                                           </content>
                                                                        </PpResolverLog>
                                                                     </ptk:l>
                                                                  </content>
                                                               </CompilerLog>
                                                            </ptk:l>
                                                         </content>
                                                      </ResolveTransclusionLog>
                                                      <ResolveTransclusionLog>
                                                         <success>true</success>
                                                         <target>•w</target>
                                                         <canonical>قالب:•w</canonical>
                                                         <timeNeeded>0</timeNeeded>
                                                         <content>
                                                            <ptk:l>
                                                               <CompilerLog>
                                                                  <title>قالب:•w</title>
                                                                  <revision>152410</revision>
                                                                  <content>
                                                                     <ptk:l>
                                                                        <ValidatorLog>
                                                                           <timeNeeded>0</timeNeeded>
                                                                           <content>
                                                                              <ptk:l/>
                                                                           </content>
                                                                        </ValidatorLog>
                                                                        <PreprocessorLog>
                                                                           <forInclusion>true</forInclusion>
                                                                           <timeNeeded>0</timeNeeded>
                                                                           <content>
                                                                              <ptk:l/>
                                                                           </content>
                                                                        </PreprocessorLog>
                                                                        <PpResolverLog>
                                                                           <timeNeeded>0</timeNeeded>
                                                                           <content>
                                                                              <ptk:l/>
                                                                           </content>
                                                                        </PpResolverLog>
                                                                     </ptk:l>
                                                                  </content>
                                                               </CompilerLog>
                                                            </ptk:l>
                                                         </content>
                                                      </ResolveTransclusionLog>
                                                      <ResolveTransclusionLog>
                                                         <success>true</success>
                                                         <target>i2c</target>
                                                         <canonical>قالب:I2c</canonical>
                                                         <timeNeeded>0</timeNeeded>
                                                         <content>
                                                            <ptk:l>
                                                               <CompilerLog>
                                                                  <title>قالب:I2c</title>
                                                                  <revision>356406</revision>
                                                                  <content>
                                                                     <ptk:l>
                                                                        <ValidatorLog>
                                                                           <timeNeeded>0</timeNeeded>
                                                                           <content>
                                                                              <ptk:l/>
                                                                           </content>
                                                                        </ValidatorLog>
                                                                        <PreprocessorLog>
                                                                           <forInclusion>true</forInclusion>
                                                                           <timeNeeded>0</timeNeeded>
                                                                           <content>
                                                                              <ptk:l/>
                                                                           </content>
                                                                        </PreprocessorLog>
                                                                        <PpResolverLog>
                                                                           <timeNeeded>0</timeNeeded>
                                                                           <content>
                                                                              <ptk:l>
                                                                                 <IllegalNameException>
                                                                                    <message>Cannot resolve target of transclusion to a simple name.</message>
                                                                                    <name>
                                                                                       <ptk:l location="قالب:I2c:1:28">
                                                                                          <TemplateParameter location="قالب:I2c:1:19">
                                                                                             <ptk:a name="RTD">
                                                                                                <RtData>c3EAfgAAdXEAfgADAAAABHVxAH4ABQAAAAFxAH4ADXBwdXEAfgAFAAAAAXEAfgAP</RtData>
                                                                                             </ptk:a>
                                                                                             <name>
                                                                                                <ptk:l location="قالب:I2c:1:19">
                                                                                                   <ptk:t location="قالب:I2c:1:19">subst</ptk:t>
                                                                                                </ptk:l>
                                                                                             </name>
                                                                                             <defaultValue>
                                                                                                <TemplateArgument location="قالب:I2c:1:25">
                                                                                                   <ptk:a name="RTD">
                                                                                                      <RtData>c3EAfgAAdXEAfgADAAAAA3VxAH4ABQAAAAF0AAF8cHA=</RtData>
                                                                                                   </ptk:a>
                                                                                                   <hasName>false</hasName>
                                                                                                   <name>
                                                                                                      <ptk:l/>
                                                                                                   </name>
                                                                                                   <value>
                                                                                                      <ptk:l location="قالب:I2c:1:25"/>
                                                                                                   </value>
                                                                                                </TemplateArgument>
                                                                                             </defaultValue>
                                                                                             <garbage/>
                                                                                          </TemplateParameter>
                                                                                          <ptk:t location="قالب:I2c:1:28">#switch: </ptk:t>
                                                                                          <TemplateParameter location="قالب:I2c:1:40">
                                                                                             <ptk:a name="RTD">
                                                                                                <RtData>c3EAfgAAdXEAfgADAAAABHVxAH4ABQAAAAFxAH4ADXBwdXEAfgAFAAAAAXEAfgAP</RtData>
                                                                                             </ptk:a>
                                                                                             <name>
                                                                                                <ptk:l location="قالب:I2c:1:40">
                                                                                                   <ptk:t location="قالب:I2c:1:40">1</ptk:t>
                                                                                                </ptk:l>
                                                                                             </name>
                                                                                             <defaultValue/>
                                                                                             <garbage/>
                                                                                          </TemplateParameter>
                                                                                          <ptk:t location="قالب:I2c:1:44"> 
</ptk:t>
                                                                                       </ptk:l>
                                                                                    </name>
                                                                                 </IllegalNameException>
                                                                              </ptk:l>
                                                                           </content>
                                                                        </PpResolverLog>
                                                                     </ptk:l>
                                                                  </content>
                                                               </CompilerLog>
                                                            </ptk:l>
                                                         </content>
                                                      </ResolveTransclusionLog>
                                                      <ResolveTransclusionLog>
                                                         <success>true</success>
                                                         <target>i2c</target>
                                                         <canonical>قالب:I2c</canonical>
                                                         <timeNeeded>0</timeNeeded>
                                                         <content>
                                                            <ptk:l>
                                                               <CompilerLog>
                                                                  <title>قالب:I2c</title>
                                                                  <revision>356406</revision>
                                                                  <content>
                                                                     <ptk:l>
                                                                        <ValidatorLog>
                                                                           <timeNeeded>0</timeNeeded>
                                                                           <content>
                                                                              <ptk:l/>
                                                                           </content>
                                                                        </ValidatorLog>
                                                                        <PreprocessorLog>
                                                                           <forInclusion>true</forInclusion>
                                                                           <timeNeeded>0</timeNeeded>
                                                                           <content>
                                                                              <ptk:l/>
                                                                           </content>
                                                                        </PreprocessorLog>
                                                                        <PpResolverLog>
                                                                           <timeNeeded>0</timeNeeded>
                                                                           <content>
                                                                              <ptk:l>
                                                                                 <IllegalNameException>
                                                                                    <message>Cannot resolve target of transclusion to a simple name.</message>
                                                                                    <name>
                                                                                       <ptk:l location="قالب:I2c:1:28">
                                                                                          <TemplateParameter location="قالب:I2c:1:19">
                                                                                             <ptk:a name="RTD">
                                                                                                <RtData>c3EAfgAAdXEAfgADAAAABHVxAH4ABQAAAAFxAH4ADXBwdXEAfgAFAAAAAXEAfgAP</RtData>
                                                                                             </ptk:a>
                                                                                             <name>
                                                                                                <ptk:l location="قالب:I2c:1:19">
                                                                                                   <ptk:t location="قالب:I2c:1:19">subst</ptk:t>
                                                                                                </ptk:l>
                                                                                             </name>
                                                                                             <defaultValue>
                                                                                                <TemplateArgument location="قالب:I2c:1:25">
                                                                                                   <ptk:a name="RTD">
                                                                                                      <RtData>c3EAfgAAdXEAfgADAAAAA3VxAH4ABQAAAAF0AAF8cHA=</RtData>
                                                                                                   </ptk:a>
                                                                                                   <hasName>false</hasName>
                                                                                                   <name>
                                                                                                      <ptk:l/>
                                                                                                   </name>
                                                                                                   <value>
                                                                                                      <ptk:l location="قالب:I2c:1:25"/>
                                                                                                   </value>
                                                                                                </TemplateArgument>
                                                                                             </defaultValue>
                                                                                             <garbage/>
                                                                                          </TemplateParameter>
                                                                                          <ptk:t location="قالب:I2c:1:28">#switch: </ptk:t>
                                                                                          <TemplateParameter location="قالب:I2c:1:40">
                                                                                             <ptk:a name="RTD">
                                                                                                <RtData>c3EAfgAAdXEAfgADAAAABHVxAH4ABQAAAAFxAH4ADXBwdXEAfgAFAAAAAXEAfgAP</RtData>
                                                                                             </ptk:a>
                                                                                             <name>
                                                                                                <ptk:l location="قالب:I2c:1:40">
                                                                                                   <ptk:t location="قالب:I2c:1:40">1</ptk:t>
                                                                                                </ptk:l>
                                                                                             </name>
                                                                                             <defaultValue/>
                                                                                             <garbage/>
                                                                                          </TemplateParameter>
                                                                                          <ptk:t location="قالب:I2c:1:44"> 
</ptk:t>
                                                                                       </ptk:l>
                                                                                    </name>
                                                                                 </IllegalNameException>
                                                                              </ptk:l>
                                                                           </content>
                                                                        </PpResolverLog>
                                                                     </ptk:l>
                                                                  </content>
                                                               </CompilerLog>
                                                            </ptk:l>
                                                         </content>
                                                      </ResolveTransclusionLog>
                                                      <ResolveTransclusionLog>
                                                         <success>true</success>
                                                         <target>•w</target>
                                                         <canonical>قالب:•w</canonical>
                                                         <timeNeeded>0</timeNeeded>
                                                         <content>
                                                            <ptk:l>
                                                               <CompilerLog>
                                                                  <title>قالب:•w</title>
                                                                  <revision>152410</revision>
                                                                  <content>
                                                                     <ptk:l>
                                                                        <ValidatorLog>
                                                                           <timeNeeded>0</timeNeeded>
                                                                           <content>
                                                                              <ptk:l/>
                                                                           </content>
                                                                        </ValidatorLog>
                                                                        <PreprocessorLog>
                                                                           <forInclusion>true</forInclusion>
                                                                           <timeNeeded>0</timeNeeded>
                                                                           <content>
                                                                              <ptk:l/>
                                                                           </content>
                                                                        </PreprocessorLog>
                                                                        <PpResolverLog>
                                                                           <timeNeeded>0</timeNeeded>
                                                                           <content>
                                                                              <ptk:l/>
                                                                           </content>
                                                                        </PpResolverLog>
                                                                     </ptk:l>
                                                                  </content>
                                                               </CompilerLog>
                                                            </ptk:l>
                                                         </content>
                                                      </ResolveTransclusionLog>
                                                      <ResolveTransclusionLog>
                                                         <success>true</success>
                                                         <target>i2c</target>
                                                         <canonical>قالب:I2c</canonical>
                                                         <timeNeeded>0</timeNeeded>
                                                         <content>
                                                            <ptk:l>
                                                               <CompilerLog>
                                                                  <title>قالب:I2c</title>
                                                                  <revision>356406</revision>
                                                                  <content>
                                                                     <ptk:l>
                                                                        <ValidatorLog>
                                                                           <timeNeeded>0</timeNeeded>
                                                                           <content>
                                                                              <ptk:l/>
                                                                           </content>
                                                                        </ValidatorLog>
                                                                        <PreprocessorLog>
                                                                           <forInclusion>true</forInclusion>
                                                                           <timeNeeded>0</timeNeeded>
                                                                           <content>
                                                                              <ptk:l/>
                                                                           </content>
                                                                        </PreprocessorLog>
                                                                        <PpResolverLog>
                                                                           <timeNeeded>0</timeNeeded>
                                                                           <content>
                                                                              <ptk:l>
                                                                                 <IllegalNameException>
                                                                                    <message>Cannot resolve target of transclusion to a simple name.</message>
                                                                                    <name>
                                                                                       <ptk:l location="قالب:I2c:1:28">
                                                                                          <TemplateParameter location="قالب:I2c:1:19">
                                                                                             <ptk:a name="RTD">
                                                                                                <RtData>c3EAfgAAdXEAfgADAAAABHVxAH4ABQAAAAFxAH4ADXBwdXEAfgAFAAAAAXEAfgAP</RtData>
                                                                                             </ptk:a>
                                                                                             <name>
                                                                                                <ptk:l location="قالب:I2c:1:19">
                                                                                                   <ptk:t location="قالب:I2c:1:19">subst</ptk:t>
                                                                                                </ptk:l>
                                                                                             </name>
                                                                                             <defaultValue>
                                                                                                <TemplateArgument location="قالب:I2c:1:25">
                                                                                                   <ptk:a name="RTD">
                                                                                                      <RtData>c3EAfgAAdXEAfgADAAAAA3VxAH4ABQAAAAF0AAF8cHA=</RtData>
                                                                                                   </ptk:a>
                                                                                                   <hasName>false</hasName>
                                                                                                   <name>
                                                                                                      <ptk:l/>
                                                                                                   </name>
                                                                                                   <value>
                                                                                                      <ptk:l location="قالب:I2c:1:25"/>
                                                                                                   </value>
                                                                                                </TemplateArgument>
                                                                                             </defaultValue>
                                                                                             <garbage/>
                                                                                          </TemplateParameter>
                                                                                          <ptk:t location="قالب:I2c:1:28">#switch: </ptk:t>
                                                                                          <TemplateParameter location="قالب:I2c:1:40">
                                                                                             <ptk:a name="RTD">
                                                                                                <RtData>c3EAfgAAdXEAfgADAAAABHVxAH4ABQAAAAFxAH4ADXBwdXEAfgAFAAAAAXEAfgAP</RtData>
                                                                                             </ptk:a>
                                                                                             <name>
                                                                                                <ptk:l location="قالب:I2c:1:40">
                                                                                                   <ptk:t location="قالب:I2c:1:40">1</ptk:t>
                                                                                                </ptk:l>
                                                                                             </name>
                                                                                             <defaultValue/>
                                                                                             <garbage/>
                                                                                          </TemplateParameter>
                                                                                          <ptk:t location="قالب:I2c:1:44"> 
</ptk:t>
                                                                                       </ptk:l>
                                                                                    </name>
                                                                                 </IllegalNameException>
                                                                              </ptk:l>
                                                                           </content>
                                                                        </PpResolverLog>
                                                                     </ptk:l>
                                                                  </content>
                                                               </CompilerLog>
                                                            </ptk:l>
                                                         </content>
                                                      </ResolveTransclusionLog>
                                                      <ResolveTransclusionLog>
                                                         <success>true</success>
                                                         <target>i2c</target>
                                                         <canonical>قالب:I2c</canonical>
                                                         <timeNeeded>0</timeNeeded>
                                                         <content>
                                                            <ptk:l>
                                                               <CompilerLog>
                                                                  <title>قالب:I2c</title>
                                                                  <revision>356406</revision>
                                                                  <content>
                                                                     <ptk:l>
                                                                        <ValidatorLog>
                                                                           <timeNeeded>0</timeNeeded>
                                                                           <content>
                                                                              <ptk:l/>
                                                                           </content>
                                                                        </ValidatorLog>
                                                                        <PreprocessorLog>
                                                                           <forInclusion>true</forInclusion>
                                                                           <timeNeeded>0</timeNeeded>
                                                                           <content>
                                                                              <ptk:l/>
                                                                           </content>
                                                                        </PreprocessorLog>
                                                                        <PpResolverLog>
                                                                           <timeNeeded>0</timeNeeded>
                                                                           <content>
                                                                              <ptk:l>
                                                                                 <IllegalNameException>
                                                                                    <message>Cannot resolve target of transclusion to a simple name.</message>
                                                                                    <name>
                                                                                       <ptk:l location="قالب:I2c:1:28">
                                                                                          <TemplateParameter location="قالب:I2c:1:19">
                                                                                             <ptk:a name="RTD">
                                                                                                <RtData>c3EAfgAAdXEAfgADAAAABHVxAH4ABQAAAAFxAH4ADXBwdXEAfgAFAAAAAXEAfgAP</RtData>
                                                                                             </ptk:a>
                                                                                             <name>
                                                                                                <ptk:l location="قالب:I2c:1:19">
                                                                                                   <ptk:t location="قالب:I2c:1:19">subst</ptk:t>
                                                                                                </ptk:l>
                                                                                             </name>
                                                                                             <defaultValue>
                                                                                                <TemplateArgument location="قالب:I2c:1:25">
                                                                                                   <ptk:a name="RTD">
                                                                                                      <RtData>c3EAfgAAdXEAfgADAAAAA3VxAH4ABQAAAAF0AAF8cHA=</RtData>
                                                                                                   </ptk:a>
                                                                                                   <hasName>false</hasName>
                                                                                                   <name>
                                                                                                      <ptk:l/>
                                                                                                   </name>
                                                                                                   <value>
                                                                                                      <ptk:l location="قالب:I2c:1:25"/>
                                                                                                   </value>
                                                                                                </TemplateArgument>
                                                                                             </defaultValue>
                                                                                             <garbage/>
                                                                                          </TemplateParameter>
                                                                                          <ptk:t location="قالب:I2c:1:28">#switch: </ptk:t>
                                                                                          <TemplateParameter location="قالب:I2c:1:40">
                                                                                             <ptk:a name="RTD">
                                                                                                <RtData>c3EAfgAAdXEAfgADAAAABHVxAH4ABQAAAAFxAH4ADXBwdXEAfgAFAAAAAXEAfgAP</RtData>
                                                                                             </ptk:a>
                                                                                             <name>
                                                                                                <ptk:l location="قالب:I2c:1:40">
                                                                                                   <ptk:t location="قالب:I2c:1:40">1</ptk:t>
                                                                                                </ptk:l>
                                                                                             </name>
                                                                                             <defaultValue/>
                                                                                             <garbage/>
                                                                                          </TemplateParameter>
                                                                                          <ptk:t location="قالب:I2c:1:44"> 
</ptk:t>
                                                                                       </ptk:l>
                                                                                    </name>
                                                                                 </IllegalNameException>
                                                                              </ptk:l>
                                                                           </content>
                                                                        </PpResolverLog>
                                                                     </ptk:l>
                                                                  </content>
                                                               </CompilerLog>
                                                            </ptk:l>
                                                         </content>
                                                      </ResolveTransclusionLog>
                                                      <ResolveTransclusionLog>
                                                         <success>true</success>
                                                         <target>•w</target>
                                                         <canonical>قالب:•w</canonical>
                                                         <timeNeeded>0</timeNeeded>
                                                         <content>
                                                            <ptk:l>
                                                               <CompilerLog>
                                                                  <title>قالب:•w</title>
                                                                  <revision>152410</revision>
                                                                  <content>
                                                                     <ptk:l>
                                                                        <ValidatorLog>
                                                                           <timeNeeded>0</timeNeeded>
                                                                           <content>
                                                                              <ptk:l/>
                                                                           </content>
                                                                        </ValidatorLog>
                                                                        <PreprocessorLog>
                                                                           <forInclusion>true</forInclusion>
                                                                           <timeNeeded>0</timeNeeded>
                                                                           <content>
                                                                              <ptk:l/>
                                                                           </content>
                                                                        </PreprocessorLog>
                                                                        <PpResolverLog>
                                                                           <timeNeeded>0</timeNeeded>
                                                                           <content>
                                                                              <ptk:l/>
                                                                           </content>
                                                                        </PpResolverLog>
                                                                     </ptk:l>
                                                                  </content>
                                                               </CompilerLog>
                                                            </ptk:l>
                                                         </content>
                                                      </ResolveTransclusionLog>
                                                      <ResolveTransclusionLog>
                                                         <success>true</success>
                                                         <target>i2c</target>
                                                         <canonical>قالب:I2c</canonical>
                                                         <timeNeeded>0</timeNeeded>
                                                         <content>
                                                            <ptk:l>
                                                               <CompilerLog>
                                                                  <title>قالب:I2c</title>
                                                                  <revision>356406</revision>
                                                                  <content>
                                                                     <ptk:l>
                                                                        <ValidatorLog>
                                                                           <timeNeeded>0</timeNeeded>
                                                                           <content>
                                                                              <ptk:l/>
                                                                           </content>
                                                                        </ValidatorLog>
                                                                        <PreprocessorLog>
                                                                           <forInclusion>true</forInclusion>
                                                                           <timeNeeded>0</timeNeeded>
                                                                           <content>
                                                                              <ptk:l/>
                                                                           </content>
                                                                        </PreprocessorLog>
                                                                        <PpResolverLog>
                                                                           <timeNeeded>0</timeNeeded>
                                                                           <content>
                                                                              <ptk:l>
                                                                                 <IllegalNameException>
                                                                                    <message>Cannot resolve target of transclusion to a simple name.</message>
                                                                                    <name>
                                                                                       <ptk:l location="قالب:I2c:1:28">
                                                                                          <TemplateParameter location="قالب:I2c:1:19">
                                                                                             <ptk:a name="RTD">
                                                                                                <RtData>c3EAfgAAdXEAfgADAAAABHVxAH4ABQAAAAFxAH4ADXBwdXEAfgAFAAAAAXEAfgAP</RtData>
                                                                                             </ptk:a>
                                                                                             <name>
                                                                                                <ptk:l location="قالب:I2c:1:19">
                                                                                                   <ptk:t location="قالب:I2c:1:19">subst</ptk:t>
                                                                                                </ptk:l>
                                                                                             </name>
                                                                                             <defaultValue>
                                                                                                <TemplateArgument location="قالب:I2c:1:25">
                                                                                                   <ptk:a name="RTD">
                                                                                                      <RtData>c3EAfgAAdXEAfgADAAAAA3VxAH4ABQAAAAF0AAF8cHA=</RtData>
                                                                                                   </ptk:a>
                                                                                                   <hasName>false</hasName>
                                                                                                   <name>
                                                                                                      <ptk:l/>
                                                                                                   </name>
                                                                                                   <value>
                                                                                                      <ptk:l location="قالب:I2c:1:25"/>
                                                                                                   </value>
                                                                                                </TemplateArgument>
                                                                                             </defaultValue>
                                                                                             <garbage/>
                                                                                          </TemplateParameter>
                                                                                          <ptk:t location="قالب:I2c:1:28">#switch: </ptk:t>
                                                                                          <TemplateParameter location="قالب:I2c:1:40">
                                                                                             <ptk:a name="RTD">
                                                                                                <RtData>c3EAfgAAdXEAfgADAAAABHVxAH4ABQAAAAFxAH4ADXBwdXEAfgAFAAAAAXEAfgAP</RtData>
                                                                                             </ptk:a>
                                                                                             <name>
                                                                                                <ptk:l location="قالب:I2c:1:40">
                                                                                                   <ptk:t location="قالب:I2c:1:40">1</ptk:t>
                                                                                                </ptk:l>
                                                                                             </name>
                                                                                             <defaultValue/>
                                                                                             <garbage/>
                                                                                          </TemplateParameter>
                                                                                          <ptk:t location="قالب:I2c:1:44"> 
</ptk:t>
                                                                                       </ptk:l>
                                                                                    </name>
                                                                                 </IllegalNameException>
                                                                              </ptk:l>
                                                                           </content>
                                                                        </PpResolverLog>
                                                                     </ptk:l>
                                                                  </content>
                                                               </CompilerLog>
                                                            </ptk:l>
                                                         </content>
                                                      </ResolveTransclusionLog>
                                                      <ResolveTransclusionLog>
                                                         <success>true</success>
                                                         <target>i2c</target>
                                                         <canonical>قالب:I2c</canonical>
                                                         <timeNeeded>0</timeNeeded>
                                                         <content>
                                                            <ptk:l>
                                                               <CompilerLog>
                                                                  <title>قالب:I2c</title>
                                                                  <revision>356406</revision>
                                                                  <content>
                                                                     <ptk:l>
                                                                        <ValidatorLog>
                                                                           <timeNeeded>0</timeNeeded>
                                                                           <content>
                                                                              <ptk:l/>
                                                                           </content>
                                                                        </ValidatorLog>
                                                                        <PreprocessorLog>
                                                                           <forInclusion>true</forInclusion>
                                                                           <timeNeeded>0</timeNeeded>
                                                                           <content>
                                                                              <ptk:l/>
                                                                           </content>
                                                                        </PreprocessorLog>
                                                                        <PpResolverLog>
                                                                           <timeNeeded>0</timeNeeded>
                                                                           <content>
                                                                              <ptk:l>
                                                                                 <IllegalNameException>
                                                                                    <message>Cannot resolve target of transclusion to a simple name.</message>
                                                                                    <name>
                                                                                       <ptk:l location="قالب:I2c:1:28">
                                                                                          <TemplateParameter location="قالب:I2c:1:19">
                                                                                             <ptk:a name="RTD">
                                                                                                <RtData>c3EAfgAAdXEAfgADAAAABHVxAH4ABQAAAAFxAH4ADXBwdXEAfgAFAAAAAXEAfgAP</RtData>
                                                                                             </ptk:a>
                                                                                             <name>
                                                                                                <ptk:l location="قالب:I2c:1:19">
                                                                                                   <ptk:t location="قالب:I2c:1:19">subst</ptk:t>
                                                                                                </ptk:l>
                                                                                             </name>
                                                                                             <defaultValue>
                                                                                                <TemplateArgument location="قالب:I2c:1:25">
                                                                                                   <ptk:a name="RTD">
                                                                                                      <RtData>c3EAfgAAdXEAfgADAAAAA3VxAH4ABQAAAAF0AAF8cHA=</RtData>
                                                                                                   </ptk:a>
                                                                                                   <hasName>false</hasName>
                                                                                                   <name>
                                                                                                      <ptk:l/>
                                                                                                   </name>
                                                                                                   <value>
                                                                                                      <ptk:l location="قالب:I2c:1:25"/>
                                                                                                   </value>
                                                                                                </TemplateArgument>
                                                                                             </defaultValue>
                                                                                             <garbage/>
                                                                                          </TemplateParameter>
                                                                                          <ptk:t location="قالب:I2c:1:28">#switch: </ptk:t>
                                                                                          <TemplateParameter location="قالب:I2c:1:40">
                                                                                             <ptk:a name="RTD">
                                                                                                <RtData>c3EAfgAAdXEAfgADAAAABHVxAH4ABQAAAAFxAH4ADXBwdXEAfgAFAAAAAXEAfgAP</RtData>
                                                                                             </ptk:a>
                                                                                             <name>
                                                                                                <ptk:l location="قالب:I2c:1:40">
                                                                                                   <ptk:t location="قالب:I2c:1:40">1</ptk:t>
                                                                                                </ptk:l>
                                                                                             </name>
                                                                                             <defaultValue/>
                                                                                             <garbage/>
                                                                                          </TemplateParameter>
                                                                                          <ptk:t location="قالب:I2c:1:44"> 
</ptk:t>
                                                                                       </ptk:l>
                                                                                    </name>
                                                                                 </IllegalNameException>
                                                                              </ptk:l>
                                                                           </content>
                                                                        </PpResolverLog>
                                                                     </ptk:l>
                                                                  </content>
                                                               </CompilerLog>
                                                            </ptk:l>
                                                         </content>
                                                      </ResolveTransclusionLog>
                                                      <ResolveTransclusionLog>
                                                         <success>true</success>
                                                         <target>•w</target>
                                                         <canonical>قالب:•w</canonical>
                                                         <timeNeeded>0</timeNeeded>
                                                         <content>
                                                            <ptk:l>
                                                               <CompilerLog>
                                                                  <title>قالب:•w</title>
                                                                  <revision>152410</revision>
                                                                  <content>
                                                                     <ptk:l>
                                                                        <ValidatorLog>
                                                                           <timeNeeded>0</timeNeeded>
                                                                           <content>
                                                                              <ptk:l/>
                                                                           </content>
                                                                        </ValidatorLog>
                                                                        <PreprocessorLog>
                                                                           <forInclusion>true</forInclusion>
                                                                           <timeNeeded>0</timeNeeded>
                                                                           <content>
                                                                              <ptk:l/>
                                                                           </content>
                                                                        </PreprocessorLog>
                                                                        <PpResolverLog>
                                                                           <timeNeeded>0</timeNeeded>
                                                                           <content>
                                                                              <ptk:l/>
                                                                           </content>
                                                                        </PpResolverLog>
                                                                     </ptk:l>
                                                                  </content>
                                                               </CompilerLog>
                                                            </ptk:l>
                                                         </content>
                                                      </ResolveTransclusionLog>
                                                      <ResolveTransclusionLog>
                                                         <success>true</success>
                                                         <target>i2c</target>
                                                         <canonical>قالب:I2c</canonical>
                                                         <timeNeeded>0</timeNeeded>
                                                         <content>
                                                            <ptk:l>
                                                               <CompilerLog>
                                                                  <title>قالب:I2c</title>
                                                                  <revision>356406</revision>
                                                                  <content>
                                                                     <ptk:l>
                                                                        <ValidatorLog>
                                                                           <timeNeeded>0</timeNeeded>
                                                                           <content>
                                                                              <ptk:l/>
                                                                           </content>
                                                                        </ValidatorLog>
                                                                        <PreprocessorLog>
                                                                           <forInclusion>true</forInclusion>
                                                                           <timeNeeded>0</timeNeeded>
                                                                           <content>
                                                                              <ptk:l/>
                                                                           </content>
                                                                        </PreprocessorLog>
                                                                        <PpResolverLog>
                                                                           <timeNeeded>0</timeNeeded>
                                                                           <content>
                                                                              <ptk:l>
                                                                                 <IllegalNameException>
                                                                                    <message>Cannot resolve target of transclusion to a simple name.</message>
                                                                                    <name>
                                                                                       <ptk:l location="قالب:I2c:1:28">
                                                                                          <TemplateParameter location="قالب:I2c:1:19">
                                                                                             <ptk:a name="RTD">
                                                                                                <RtData>c3EAfgAAdXEAfgADAAAABHVxAH4ABQAAAAFxAH4ADXBwdXEAfgAFAAAAAXEAfgAP</RtData>
                                                                                             </ptk:a>
                                                                                             <name>
                                                                                                <ptk:l location="قالب:I2c:1:19">
                                                                                                   <ptk:t location="قالب:I2c:1:19">subst</ptk:t>
                                                                                                </ptk:l>
                                                                                             </name>
                                                                                             <defaultValue>
                                                                                                <TemplateArgument location="قالب:I2c:1:25">
                                                                                                   <ptk:a name="RTD">
                                                                                                      <RtData>c3EAfgAAdXEAfgADAAAAA3VxAH4ABQAAAAF0AAF8cHA=</RtData>
                                                                                                   </ptk:a>
                                                                                                   <hasName>false</hasName>
                                                                                                   <name>
                                                                                                      <ptk:l/>
                                                                                                   </name>
                                                                                                   <value>
                                                                                                      <ptk:l location="قالب:I2c:1:25"/>
                                                                                                   </value>
                                                                                                </TemplateArgument>
                                                                                             </defaultValue>
                                                                                             <garbage/>
                                                                                          </TemplateParameter>
                                                                                          <ptk:t location="قالب:I2c:1:28">#switch: </ptk:t>
                                                                                          <TemplateParameter location="قالب:I2c:1:40">
                                                                                             <ptk:a name="RTD">
                                                                                                <RtData>c3EAfgAAdXEAfgADAAAABHVxAH4ABQAAAAFxAH4ADXBwdXEAfgAFAAAAAXEAfgAP</RtData>
                                                                                             </ptk:a>
                                                                                             <name>
                                                                                                <ptk:l location="قالب:I2c:1:40">
                                                                                                   <ptk:t location="قالب:I2c:1:40">1</ptk:t>
                                                                                                </ptk:l>
                                                                                             </name>
                                                                                             <defaultValue/>
                                                                                             <garbage/>
                                                                                          </TemplateParameter>
                                                                                          <ptk:t location="قالب:I2c:1:44"> 
</ptk:t>
                                                                                       </ptk:l>
                                                                                    </name>
                                                                                 </IllegalNameException>
                                                                              </ptk:l>
                                                                           </content>
                                                                        </PpResolverLog>
                                                                     </ptk:l>
                                                                  </content>
                                                               </CompilerLog>
                                                            </ptk:l>
                                                         </content>
                                                      </ResolveTransclusionLog>
                                                      <ResolveTransclusionLog>
                                                         <success>true</success>
                                                         <target>i2c</target>
                                                         <canonical>قالب:I2c</canonical>
                                                         <timeNeeded>0</timeNeeded>
                                                         <content>
                                                            <ptk:l>
                                                               <CompilerLog>
                                                                  <title>قالب:I2c</title>
                                                                  <revision>356406</revision>
                                                                  <content>
                                                                     <ptk:l>
                                                                        <ValidatorLog>
                                                                           <timeNeeded>0</timeNeeded>
                                                                           <content>
                                                                              <ptk:l/>
                                                                           </content>
                                                                        </ValidatorLog>
                                                                        <PreprocessorLog>
                                                                           <forInclusion>true</forInclusion>
                                                                           <timeNeeded>0</timeNeeded>
                                                                           <content>
                                                                              <ptk:l/>
                                                                           </content>
                                                                        </PreprocessorLog>
                                                                        <PpResolverLog>
                                                                           <timeNeeded>0</timeNeeded>
                                                                           <content>
                                                                              <ptk:l>
                                                                                 <IllegalNameException>
                                                                                    <message>Cannot resolve target of transclusion to a simple name.</message>
                                                                                    <name>
                                                                                       <ptk:l location="قالب:I2c:1:28">
                                                                                          <TemplateParameter location="قالب:I2c:1:19">
                                                                                             <ptk:a name="RTD">
                                                                                                <RtData>c3EAfgAAdXEAfgADAAAABHVxAH4ABQAAAAFxAH4ADXBwdXEAfgAFAAAAAXEAfgAP</RtData>
                                                                                             </ptk:a>
                                                                                             <name>
                                                                                                <ptk:l location="قالب:I2c:1:19">
                                                                                                   <ptk:t location="قالب:I2c:1:19">subst</ptk:t>
                                                                                                </ptk:l>
                                                                                             </name>
                                                                                             <defaultValue>
                                                                                                <TemplateArgument location="قالب:I2c:1:25">
                                                                                                   <ptk:a name="RTD">
                                                                                                      <RtData>c3EAfgAAdXEAfgADAAAAA3VxAH4ABQAAAAF0AAF8cHA=</RtData>
                                                                                                   </ptk:a>
                                                                                                   <hasName>false</hasName>
                                                                                                   <name>
                                                                                                      <ptk:l/>
                                                                                                   </name>
                                                                                                   <value>
                                                                                                      <ptk:l location="قالب:I2c:1:25"/>
                                                                                                   </value>
                                                                                                </TemplateArgument>
                                                                                             </defaultValue>
                                                                                             <garbage/>
                                                                                          </TemplateParameter>
                                                                                          <ptk:t location="قالب:I2c:1:28">#switch: </ptk:t>
                                                                                          <TemplateParameter location="قالب:I2c:1:40">
                                                                                             <ptk:a name="RTD">
                                                                                                <RtData>c3EAfgAAdXEAfgADAAAABHVxAH4ABQAAAAFxAH4ADXBwdXEAfgAFAAAAAXEAfgAP</RtData>
                                                                                             </ptk:a>
                                                                                             <name>
                                                                                                <ptk:l location="قالب:I2c:1:40">
                                                                                                   <ptk:t location="قالب:I2c:1:40">1</ptk:t>
                                                                                                </ptk:l>
                                                                                             </name>
                                                                                             <defaultValue/>
                                                                                             <garbage/>
                                                                                          </TemplateParameter>
                                                                                          <ptk:t location="قالب:I2c:1:44"> 
</ptk:t>
                                                                                       </ptk:l>
                                                                                    </name>
                                                                                 </IllegalNameException>
                                                                              </ptk:l>
                                                                           </content>
                                                                        </PpResolverLog>
                                                                     </ptk:l>
                                                                  </content>
                                                               </CompilerLog>
                                                            </ptk:l>
                                                         </content>
                                                      </ResolveTransclusionLog>
                                                      <ResolveTransclusionLog>
                                                         <success>true</success>
                                                         <target>•w</target>
                                                         <canonical>قالب:•w</canonical>
                                                         <timeNeeded>0</timeNeeded>
                                                         <content>
                                                            <ptk:l>
                                                               <CompilerLog>
                                                                  <title>قالب:•w</title>
                                                                  <revision>152410</revision>
                                                                  <content>
                                                                     <ptk:l>
                                                                        <ValidatorLog>
                                                                           <timeNeeded>0</timeNeeded>
                                                                           <content>
                                                                              <ptk:l/>
                                                                           </content>
                                                                        </ValidatorLog>
                                                                        <PreprocessorLog>
                                                                           <forInclusion>true</forInclusion>
                                                                           <timeNeeded>0</timeNeeded>
                                                                           <content>
                                                                              <ptk:l/>
                                                                           </content>
                                                                        </PreprocessorLog>
                                                                        <PpResolverLog>
                                                                           <timeNeeded>0</timeNeeded>
                                                                           <content>
                                                                              <ptk:l/>
                                                                           </content>
                                                                        </PpResolverLog>
                                                                     </ptk:l>
                                                                  </content>
                                                               </CompilerLog>
                                                            </ptk:l>
                                                         </content>
                                                      </ResolveTransclusionLog>
                                                      <ResolveTransclusionLog>
                                                         <success>true</success>
                                                         <target>i2c</target>
                                                         <canonical>قالب:I2c</canonical>
                                                         <timeNeeded>0</timeNeeded>
                                                         <content>
                                                            <ptk:l>
                                                               <CompilerLog>
                                                                  <title>قالب:I2c</title>
                                                                  <revision>356406</revision>
                                                                  <content>
                                                                     <ptk:l>
                                                                        <ValidatorLog>
                                                                           <timeNeeded>0</timeNeeded>
                                                                           <content>
                                                                              <ptk:l/>
                                                                           </content>
                                                                        </ValidatorLog>
                                                                        <PreprocessorLog>
                                                                           <forInclusion>true</forInclusion>
                                                                           <timeNeeded>0</timeNeeded>
                                                                           <content>
                                                                              <ptk:l/>
                                                                           </content>
                                                                        </PreprocessorLog>
                                                                        <PpResolverLog>
                                                                           <timeNeeded>0</timeNeeded>
                                                                           <content>
                                                                              <ptk:l>
                                                                                 <IllegalNameException>
                                                                                    <message>Cannot resolve target of transclusion to a simple name.</message>
                                                                                    <name>
                                                                                       <ptk:l location="قالب:I2c:1:28">
                                                                                          <TemplateParameter location="قالب:I2c:1:19">
                                                                                             <ptk:a name="RTD">
                                                                                                <RtData>c3EAfgAAdXEAfgADAAAABHVxAH4ABQAAAAFxAH4ADXBwdXEAfgAFAAAAAXEAfgAP</RtData>
                                                                                             </ptk:a>
                                                                                             <name>
                                                                                                <ptk:l location="قالب:I2c:1:19">
                                                                                                   <ptk:t location="قالب:I2c:1:19">subst</ptk:t>
                                                                                                </ptk:l>
                                                                                             </name>
                                                                                             <defaultValue>
                                                                                                <TemplateArgument location="قالب:I2c:1:25">
                                                                                                   <ptk:a name="RTD">
                                                                                                      <RtData>c3EAfgAAdXEAfgADAAAAA3VxAH4ABQAAAAF0AAF8cHA=</RtData>
                                                                                                   </ptk:a>
                                                                                                   <hasName>false</hasName>
                                                                                                   <name>
                                                                                                      <ptk:l/>
                                                                                                   </name>
                                                                                                   <value>
                                                                                                      <ptk:l location="قالب:I2c:1:25"/>
                                                                                                   </value>
                                                                                                </TemplateArgument>
                                                                                             </defaultValue>
                                                                                             <garbage/>
                                                                                          </TemplateParameter>
                                                                                          <ptk:t location="قالب:I2c:1:28">#switch: </ptk:t>
                                                                                          <TemplateParameter location="قالب:I2c:1:40">
                                                                                             <ptk:a name="RTD">
                                                                                                <RtData>c3EAfgAAdXEAfgADAAAABHVxAH4ABQAAAAFxAH4ADXBwdXEAfgAFAAAAAXEAfgAP</RtData>
                                                                                             </ptk:a>
                                                                                             <name>
                                                                                                <ptk:l location="قالب:I2c:1:40">
                                                                                                   <ptk:t location="قالب:I2c:1:40">1</ptk:t>
                                                                                                </ptk:l>
                                                                                             </name>
                                                                                             <defaultValue/>
                                                                                             <garbage/>
                                                                                          </TemplateParameter>
                                                                                          <ptk:t location="قالب:I2c:1:44"> 
</ptk:t>
                                                                                       </ptk:l>
                                                                                    </name>
                                                                                 </IllegalNameException>
                                                                              </ptk:l>
                                                                           </content>
                                                                        </PpResolverLog>
                                                                     </ptk:l>
                                                                  </content>
                                                               </CompilerLog>
                                                            </ptk:l>
                                                         </content>
                                                      </ResolveTransclusionLog>
                                                      <ResolveTransclusionLog>
                                                         <success>true</success>
                                                         <target>i2c</target>
                                                         <canonical>قالب:I2c</canonical>
                                                         <timeNeeded>0</timeNeeded>
                                                         <content>
                                                            <ptk:l>
                                                               <CompilerLog>
                                                                  <title>قالب:I2c</title>
                                                                  <revision>356406</revision>
                                                                  <content>
                                                                     <ptk:l>
                                                                        <ValidatorLog>
                                                                           <timeNeeded>0</timeNeeded>
                                                                           <content>
                                                                              <ptk:l/>
                                                                           </content>
                                                                        </ValidatorLog>
                                                                        <PreprocessorLog>
                                                                           <forInclusion>true</forInclusion>
                                                                           <timeNeeded>0</timeNeeded>
                                                                           <content>
                                                                              <ptk:l/>
                                                                           </content>
                                                                        </PreprocessorLog>
                                                                        <PpResolverLog>
                                                                           <timeNeeded>0</timeNeeded>
                                                                           <content>
                                                                              <ptk:l>
                                                                                 <IllegalNameException>
                                                                                    <message>Cannot resolve target of transclusion to a simple name.</message>
                                                                                    <name>
                                                                                       <ptk:l location="قالب:I2c:1:28">
                                                                                          <TemplateParameter location="قالب:I2c:1:19">
                                                                                             <ptk:a name="RTD">
                                                                                                <RtData>c3EAfgAAdXEAfgADAAAABHVxAH4ABQAAAAFxAH4ADXBwdXEAfgAFAAAAAXEAfgAP</RtData>
                                                                                             </ptk:a>
                                                                                             <name>
                                                                                                <ptk:l location="قالب:I2c:1:19">
                                                                                                   <ptk:t location="قالب:I2c:1:19">subst</ptk:t>
                                                                                                </ptk:l>
                                                                                             </name>
                                                                                             <defaultValue>
                                                                                                <TemplateArgument location="قالب:I2c:1:25">
                                                                                                   <ptk:a name="RTD">
                                                                                                      <RtData>c3EAfgAAdXEAfgADAAAAA3VxAH4ABQAAAAF0AAF8cHA=</RtData>
                                                                                                   </ptk:a>
                                                                                                   <hasName>false</hasName>
                                                                                                   <name>
                                                                                                      <ptk:l/>
                                                                                                   </name>
                                                                                                   <value>
                                                                                                      <ptk:l location="قالب:I2c:1:25"/>
                                                                                                   </value>
                                                                                                </TemplateArgument>
                                                                                             </defaultValue>
                                                                                             <garbage/>
                                                                                          </TemplateParameter>
                                                                                          <ptk:t location="قالب:I2c:1:28">#switch: </ptk:t>
                                                                                          <TemplateParameter location="قالب:I2c:1:40">
                                                                                             <ptk:a name="RTD">
                                                                                                <RtData>c3EAfgAAdXEAfgADAAAABHVxAH4ABQAAAAFxAH4ADXBwdXEAfgAFAAAAAXEAfgAP</RtData>
                                                                                             </ptk:a>
                                                                                             <name>
                                                                                                <ptk:l location="قالب:I2c:1:40">
                                                                                                   <ptk:t location="قالب:I2c:1:40">1</ptk:t>
                                                                                                </ptk:l>
                                                                                             </name>
                                                                                             <defaultValue/>
                                                                                             <garbage/>
                                                                                          </TemplateParameter>
                                                                                          <ptk:t location="قالب:I2c:1:44"> 
</ptk:t>
                                                                                       </ptk:l>
                                                                                    </name>
                                                                                 </IllegalNameException>
                                                                              </ptk:l>
                                                                           </content>
                                                                        </PpResolverLog>
                                                                     </ptk:l>
                                                                  </content>
                                                               </CompilerLog>
                                                            </ptk:l>
                                                         </content>
                                                      </ResolveTransclusionLog>
                                                      <ResolveTransclusionLog>
                                                         <success>true</success>
                                                         <target>•w</target>
                                                         <canonical>قالب:•w</canonical>
                                                         <timeNeeded>0</timeNeeded>
                                                         <content>
                                                            <ptk:l>
                                                               <CompilerLog>
                                                                  <title>قالب:•w</title>
                                                                  <revision>152410</revision>
                                                                  <content>
                                                                     <ptk:l>
                                                                        <ValidatorLog>
                                                                           <timeNeeded>0</timeNeeded>
                                                                           <content>
                                                                              <ptk:l/>
                                                                           </content>
                                                                        </ValidatorLog>
                                                                        <PreprocessorLog>
                                                                           <forInclusion>true</forInclusion>
                                                                           <timeNeeded>0</timeNeeded>
                                                                           <content>
                                                                              <ptk:l/>
                                                                           </content>
                                                                        </PreprocessorLog>
                                                                        <PpResolverLog>
                                                                           <timeNeeded>0</timeNeeded>
                                                                           <content>
                                                                              <ptk:l/>
                                                                           </content>
                                                                        </PpResolverLog>
                                                                     </ptk:l>
                                                                  </content>
                                                               </CompilerLog>
                                                            </ptk:l>
                                                         </content>
                                                      </ResolveTransclusionLog>
                                                      <ResolveTransclusionLog>
                                                         <success>true</success>
                                                         <target>i2c</target>
                                                         <canonical>قالب:I2c</canonical>
                                                         <timeNeeded>0</timeNeeded>
                                                         <content>
                                                            <ptk:l>
                                                               <CompilerLog>
                                                                  <title>قالب:I2c</title>
                                                                  <revision>356406</revision>
                                                                  <content>
                                                                     <ptk:l>
                                                                        <ValidatorLog>
                                                                           <timeNeeded>0</timeNeeded>
                                                                           <content>
                                                                              <ptk:l/>
                                                                           </content>
                                                                        </ValidatorLog>
                                                                        <PreprocessorLog>
                                                                           <forInclusion>true</forInclusion>
                                                                           <timeNeeded>0</timeNeeded>
                                                                           <content>
                                                                              <ptk:l/>
                                                                           </content>
                                                                        </PreprocessorLog>
                                                                        <PpResolverLog>
                                                                           <timeNeeded>0</timeNeeded>
                                                                           <content>
                                                                              <ptk:l>
                                                                                 <IllegalNameException>
                                                                                    <message>Cannot resolve target of transclusion to a simple name.</message>
                                                                                    <name>
                                                                                       <ptk:l location="قالب:I2c:1:28">
                                                                                          <TemplateParameter location="قالب:I2c:1:19">
                                                                                             <ptk:a name="RTD">
                                                                                                <RtData>c3EAfgAAdXEAfgADAAAABHVxAH4ABQAAAAFxAH4ADXBwdXEAfgAFAAAAAXEAfgAP</RtData>
                                                                                             </ptk:a>
                                                                                             <name>
                                                                                                <ptk:l location="قالب:I2c:1:19">
                                                                                                   <ptk:t location="قالب:I2c:1:19">subst</ptk:t>
                                                                                                </ptk:l>
                                                                                             </name>
                                                                                             <defaultValue>
                                                                                                <TemplateArgument location="قالب:I2c:1:25">
                                                                                                   <ptk:a name="RTD">
                                                                                                      <RtData>c3EAfgAAdXEAfgADAAAAA3VxAH4ABQAAAAF0AAF8cHA=</RtData>
                                                                                                   </ptk:a>
                                                                                                   <hasName>false</hasName>
                                                                                                   <name>
                                                                                                      <ptk:l/>
                                                                                                   </name>
                                                                                                   <value>
                                                                                                      <ptk:l location="قالب:I2c:1:25"/>
                                                                                                   </value>
                                                                                                </TemplateArgument>
                                                                                             </defaultValue>
                                                                                             <garbage/>
                                                                                          </TemplateParameter>
                                                                                          <ptk:t location="قالب:I2c:1:28">#switch: </ptk:t>
                                                                                          <TemplateParameter location="قالب:I2c:1:40">
                                                                                             <ptk:a name="RTD">
                                                                                                <RtData>c3EAfgAAdXEAfgADAAAABHVxAH4ABQAAAAFxAH4ADXBwdXEAfgAFAAAAAXEAfgAP</RtData>
                                                                                             </ptk:a>
                                                                                             <name>
                                                                                                <ptk:l location="قالب:I2c:1:40">
                                                                                                   <ptk:t location="قالب:I2c:1:40">1</ptk:t>
                                                                                                </ptk:l>
                                                                                             </name>
                                                                                             <defaultValue/>
                                                                                             <garbage/>
                                                                                          </TemplateParameter>
                                                                                          <ptk:t location="قالب:I2c:1:44"> 
</ptk:t>
                                                                                       </ptk:l>
                                                                                    </name>
                                                                                 </IllegalNameException>
                                                                              </ptk:l>
                                                                           </content>
                                                                        </PpResolverLog>
                                                                     </ptk:l>
                                                                  </content>
                                                               </CompilerLog>
                                                            </ptk:l>
                                                         </content>
                                                      </ResolveTransclusionLog>
                                                      <ResolveTransclusionLog>
                                                         <success>true</success>
                                                         <target>i2c</target>
                                                         <canonical>قالب:I2c</canonical>
                                                         <timeNeeded>0</timeNeeded>
                                                         <content>
                                                            <ptk:l>
                                                               <CompilerLog>
                                                                  <title>قالب:I2c</title>
                                                                  <revision>356406</revision>
                                                                  <content>
                                                                     <ptk:l>
                                                                        <ValidatorLog>
                                                                           <timeNeeded>0</timeNeeded>
                                                                           <content>
                                                                              <ptk:l/>
                                                                           </content>
                                                                        </ValidatorLog>
                                                                        <PreprocessorLog>
                                                                           <forInclusion>true</forInclusion>
                                                                           <timeNeeded>0</timeNeeded>
                                                                           <content>
                                                                              <ptk:l/>
                                                                           </content>
                                                                        </PreprocessorLog>
                                                                        <PpResolverLog>
                                                                           <timeNeeded>0</timeNeeded>
                                                                           <content>
                                                                              <ptk:l>
                                                                                 <IllegalNameException>
                                                                                    <message>Cannot resolve target of transclusion to a simple name.</message>
                                                                                    <name>
                                                                                       <ptk:l location="قالب:I2c:1:28">
                                                                                          <TemplateParameter location="قالب:I2c:1:19">
                                                                                             <ptk:a name="RTD">
                                                                                                <RtData>c3EAfgAAdXEAfgADAAAABHVxAH4ABQAAAAFxAH4ADXBwdXEAfgAFAAAAAXEAfgAP</RtData>
                                                                                             </ptk:a>
                                                                                             <name>
                                                                                                <ptk:l location="قالب:I2c:1:19">
                                                                                                   <ptk:t location="قالب:I2c:1:19">subst</ptk:t>
                                                                                                </ptk:l>
                                                                                             </name>
                                                                                             <defaultValue>
                                                                                                <TemplateArgument location="قالب:I2c:1:25">
                                                                                                   <ptk:a name="RTD">
                                                                                                      <RtData>c3EAfgAAdXEAfgADAAAAA3VxAH4ABQAAAAF0AAF8cHA=</RtData>
                                                                                                   </ptk:a>
                                                                                                   <hasName>false</hasName>
                                                                                                   <name>
                                                                                                      <ptk:l/>
                                                                                                   </name>
                                                                                                   <value>
                                                                                                      <ptk:l location="قالب:I2c:1:25"/>
                                                                                                   </value>
                                                                                                </TemplateArgument>
                                                                                             </defaultValue>
                                                                                             <garbage/>
                                                                                          </TemplateParameter>
                                                                                          <ptk:t location="قالب:I2c:1:28">#switch: </ptk:t>
                                                                                          <TemplateParameter location="قالب:I2c:1:40">
                                                                                             <ptk:a name="RTD">
                                                                                                <RtData>c3EAfgAAdXEAfgADAAAABHVxAH4ABQAAAAFxAH4ADXBwdXEAfgAFAAAAAXEAfgAP</RtData>
                                                                                             </ptk:a>
                                                                                             <name>
                                                                                                <ptk:l location="قالب:I2c:1:40">
                                                                                                   <ptk:t location="قالب:I2c:1:40">1</ptk:t>
                                                                                                </ptk:l>
                                                                                             </name>
                                                                                             <defaultValue/>
                                                                                             <garbage/>
                                                                                          </TemplateParameter>
                                                                                          <ptk:t location="قالب:I2c:1:44"> 
</ptk:t>
                                                                                       </ptk:l>
                                                                                    </name>
                                                                                 </IllegalNameException>
                                                                              </ptk:l>
                                                                           </content>
                                                                        </PpResolverLog>
                                                                     </ptk:l>
                                                                  </content>
                                                               </CompilerLog>
                                                            </ptk:l>
                                                         </content>
                                                      </ResolveTransclusionLog>
                                                      <ResolveTransclusionLog>
                                                         <success>true</success>
                                                         <target>•w</target>
                                                         <canonical>قالب:•w</canonical>
                                                         <timeNeeded>0</timeNeeded>
                                                         <content>
                                                            <ptk:l>
                                                               <CompilerLog>
                                                                  <title>قالب:•w</title>
                                                                  <revision>152410</revision>
                                                                  <content>
                                                                     <ptk:l>
                                                                        <ValidatorLog>
                                                                           <timeNeeded>0</timeNeeded>
                                                                           <content>
                                                                              <ptk:l/>
                                                                           </content>
                                                                        </ValidatorLog>
                                                                        <PreprocessorLog>
                                                                           <forInclusion>true</forInclusion>
                                                                           <timeNeeded>0</timeNeeded>
                                                                           <content>
                                                                              <ptk:l/>
                                                                           </content>
                                                                        </PreprocessorLog>
                                                                        <PpResolverLog>
                                                                           <timeNeeded>0</timeNeeded>
                                                                           <content>
                                                                              <ptk:l/>
                                                                           </content>
                                                                        </PpResolverLog>
                                                                     </ptk:l>
                                                                  </content>
                                                               </CompilerLog>
                                                            </ptk:l>
                                                         </content>
                                                      </ResolveTransclusionLog>
                                                      <ResolveTransclusionLog>
                                                         <success>true</success>
                                                         <target>i2c</target>
                                                         <canonical>قالب:I2c</canonical>
                                                         <timeNeeded>15</timeNeeded>
                                                         <content>
                                                            <ptk:l>
                                                               <CompilerLog>
                                                                  <title>قالب:I2c</title>
                                                                  <revision>356406</revision>
                                                                  <content>
                                                                     <ptk:l>
                                                                        <ValidatorLog>
                                                                           <timeNeeded>0</timeNeeded>
                                                                           <content>
                                                                              <ptk:l/>
                                                                           </content>
                                                                        </ValidatorLog>
                                                                        <PreprocessorLog>
                                                                           <forInclusion>true</forInclusion>
                                                                           <timeNeeded>15</timeNeeded>
                                                                           <content>
                                                                              <ptk:l/>
                                                                           </content>
                                                                        </PreprocessorLog>
                                                                        <PpResolverLog>
                                                                           <timeNeeded>0</timeNeeded>
                                                                           <content>
                                                                              <ptk:l>
                                                                                 <IllegalNameException>
                                                                                    <message>Cannot resolve target of transclusion to a simple name.</message>
                                                                                    <name>
                                                                                       <ptk:l location="قالب:I2c:1:28">
                                                                                          <TemplateParameter location="قالب:I2c:1:19">
                                                                                             <ptk:a name="RTD">
                                                                                                <RtData>c3EAfgAAdXEAfgADAAAABHVxAH4ABQAAAAFxAH4ADXBwdXEAfgAFAAAAAXEAfgAP</RtData>
                                                                                             </ptk:a>
                                                                                             <name>
                                                                                                <ptk:l location="قالب:I2c:1:19">
                                                                                                   <ptk:t location="قالب:I2c:1:19">subst</ptk:t>
                                                                                                </ptk:l>
                                                                                             </name>
                                                                                             <defaultValue>
                                                                                                <TemplateArgument location="قالب:I2c:1:25">
                                                                                                   <ptk:a name="RTD">
                                                                                                      <RtData>c3EAfgAAdXEAfgADAAAAA3VxAH4ABQAAAAF0AAF8cHA=</RtData>
                                                                                                   </ptk:a>
                                                                                                   <hasName>false</hasName>
                                                                                                   <name>
                                                                                                      <ptk:l/>
                                                                                                   </name>
                                                                                                   <value>
                                                                                                      <ptk:l location="قالب:I2c:1:25"/>
                                                                                                   </value>
                                                                                                </TemplateArgument>
                                                                                             </defaultValue>
                                                                                             <garbage/>
                                                                                          </TemplateParameter>
                                                                                          <ptk:t location="قالب:I2c:1:28">#switch: </ptk:t>
                                                                                          <TemplateParameter location="قالب:I2c:1:40">
                                                                                             <ptk:a name="RTD">
                                                                                                <RtData>c3EAfgAAdXEAfgADAAAABHVxAH4ABQAAAAFxAH4ADXBwdXEAfgAFAAAAAXEAfgAP</RtData>
                                                                                             </ptk:a>
                                                                                             <name>
                                                                                                <ptk:l location="قالب:I2c:1:40">
                                                                                                   <ptk:t location="قالب:I2c:1:40">1</ptk:t>
                                                                                                </ptk:l>
                                                                                             </name>
                                                                                             <defaultValue/>
                                                                                             <garbage/>
                                                                                          </TemplateParameter>
                                                                                          <ptk:t location="قالب:I2c:1:44"> 
</ptk:t>
                                                                                       </ptk:l>
                                                                                    </name>
                                                                                 </IllegalNameException>
                                                                              </ptk:l>
                                                                           </content>
                                                                        </PpResolverLog>
                                                                     </ptk:l>
                                                                  </content>
                                                               </CompilerLog>
                                                            </ptk:l>
                                                         </content>
                                                      </ResolveTransclusionLog>
                                                      <ResolveTransclusionLog>
                                                         <success>true</success>
                                                         <target>i2c</target>
                                                         <canonical>قالب:I2c</canonical>
                                                         <timeNeeded>0</timeNeeded>
                                                         <content>
                                                            <ptk:l>
                                                               <CompilerLog>
                                                                  <title>قالب:I2c</title>
                                                                  <revision>356406</revision>
                                                                  <content>
                                                                     <ptk:l>
                                                                        <ValidatorLog>
                                                                           <timeNeeded>0</timeNeeded>
                                                                           <content>
                                                                              <ptk:l/>
                                                                           </content>
                                                                        </ValidatorLog>
                                                                        <PreprocessorLog>
                                                                           <forInclusion>true</forInclusion>
                                                                           <timeNeeded>0</timeNeeded>
                                                                           <content>
                                                                              <ptk:l/>
                                                                           </content>
                                                                        </PreprocessorLog>
                                                                        <PpResolverLog>
                                                                           <timeNeeded>0</timeNeeded>
                                                                           <content>
                                                                              <ptk:l>
                                                                                 <IllegalNameException>
                                                                                    <message>Cannot resolve target of transclusion to a simple name.</message>
                                                                                    <name>
                                                                                       <ptk:l location="قالب:I2c:1:28">
                                                                                          <TemplateParameter location="قالب:I2c:1:19">
                                                                                             <ptk:a name="RTD">
                                                                                                <RtData>c3EAfgAAdXEAfgADAAAABHVxAH4ABQAAAAFxAH4ADXBwdXEAfgAFAAAAAXEAfgAP</RtData>
                                                                                             </ptk:a>
                                                                                             <name>
                                                                                                <ptk:l location="قالب:I2c:1:19">
                                                                                                   <ptk:t location="قالب:I2c:1:19">subst</ptk:t>
                                                                                                </ptk:l>
                                                                                             </name>
                                                                                             <defaultValue>
                                                                                                <TemplateArgument location="قالب:I2c:1:25">
                                                                                                   <ptk:a name="RTD">
                                                                                                      <RtData>c3EAfgAAdXEAfgADAAAAA3VxAH4ABQAAAAF0AAF8cHA=</RtData>
                                                                                                   </ptk:a>
                                                                                                   <hasName>false</hasName>
                                                                                                   <name>
                                                                                                      <ptk:l/>
                                                                                                   </name>
                                                                                                   <value>
                                                                                                      <ptk:l location="قالب:I2c:1:25"/>
                                                                                                   </value>
                                                                                                </TemplateArgument>
                                                                                             </defaultValue>
                                                                                             <garbage/>
                                                                                          </TemplateParameter>
                                                                                          <ptk:t location="قالب:I2c:1:28">#switch: </ptk:t>
                                                                                          <TemplateParameter location="قالب:I2c:1:40">
                                                                                             <ptk:a name="RTD">
                                                                                                <RtData>c3EAfgAAdXEAfgADAAAABHVxAH4ABQAAAAFxAH4ADXBwdXEAfgAFAAAAAXEAfgAP</RtData>
                                                                                             </ptk:a>
                                                                                             <name>
                                                                                                <ptk:l location="قالب:I2c:1:40">
                                                                                                   <ptk:t location="قالب:I2c:1:40">1</ptk:t>
                                                                                                </ptk:l>
                                                                                             </name>
                                                                                             <defaultValue/>
                                                                                             <garbage/>
                                                                                          </TemplateParameter>
                                                                                          <ptk:t location="قالب:I2c:1:44"> 
</ptk:t>
                                                                                       </ptk:l>
                                                                                    </name>
                                                                                 </IllegalNameException>
                                                                              </ptk:l>
                                                                           </content>
                                                                        </PpResolverLog>
                                                                     </ptk:l>
                                                                  </content>
                                                               </CompilerLog>
                                                            </ptk:l>
                                                         </content>
                                                      </ResolveTransclusionLog>
                                                      <ResolveTransclusionLog>
                                                         <success>true</success>
                                                         <target>•w</target>
                                                         <canonical>قالب:•w</canonical>
                                                         <timeNeeded>0</timeNeeded>
                                                         <content>
                                                            <ptk:l>
                                                               <CompilerLog>
                                                                  <title>قالب:•w</title>
                                                                  <revision>152410</revision>
                                                                  <content>
                                                                     <ptk:l>
                                                                        <ValidatorLog>
                                                                           <timeNeeded>0</timeNeeded>
                                                                           <content>
                                                                              <ptk:l/>
                                                                           </content>
                                                                        </ValidatorLog>
                                                                        <PreprocessorLog>
                                                                           <forInclusion>true</forInclusion>
                                                                           <timeNeeded>0</timeNeeded>
                                                                           <content>
                                                                              <ptk:l/>
                                                                           </content>
                                                                        </PreprocessorLog>
                                                                        <PpResolverLog>
                                                                           <timeNeeded>0</timeNeeded>
                                                                           <content>
                                                                              <ptk:l/>
                                                                           </content>
                                                                        </PpResolverLog>
                                                                     </ptk:l>
                                                                  </content>
                                                               </CompilerLog>
                                                            </ptk:l>
                                                         </content>
                                                      </ResolveTransclusionLog>
                                                      <ResolveTransclusionLog>
                                                         <success>true</success>
                                                         <target>i2c</target>
                                                         <canonical>قالب:I2c</canonical>
                                                         <timeNeeded>0</timeNeeded>
                                                         <content>
                                                            <ptk:l>
                                                               <CompilerLog>
                                                                  <title>قالب:I2c</title>
                                                                  <revision>356406</revision>
                                                                  <content>
                                                                     <ptk:l>
                                                                        <ValidatorLog>
                                                                           <timeNeeded>0</timeNeeded>
                                                                           <content>
                                                                              <ptk:l/>
                                                                           </content>
                                                                        </ValidatorLog>
                                                                        <PreprocessorLog>
                                                                           <forInclusion>true</forInclusion>
                                                                           <timeNeeded>0</timeNeeded>
                                                                           <content>
                                                                              <ptk:l/>
                                                                           </content>
                                                                        </PreprocessorLog>
                                                                        <PpResolverLog>
                                                                           <timeNeeded>0</timeNeeded>
                                                                           <content>
                                                                              <ptk:l>
                                                                                 <IllegalNameException>
                                                                                    <message>Cannot resolve target of transclusion to a simple name.</message>
                                                                                    <name>
                                                                                       <ptk:l location="قالب:I2c:1:28">
                                                                                          <TemplateParameter location="قالب:I2c:1:19">
                                                                                             <ptk:a name="RTD">
                                                                                                <RtData>c3EAfgAAdXEAfgADAAAABHVxAH4ABQAAAAFxAH4ADXBwdXEAfgAFAAAAAXEAfgAP</RtData>
                                                                                             </ptk:a>
                                                                                             <name>
                                                                                                <ptk:l location="قالب:I2c:1:19">
                                                                                                   <ptk:t location="قالب:I2c:1:19">subst</ptk:t>
                                                                                                </ptk:l>
                                                                                             </name>
                                                                                             <defaultValue>
                                                                                                <TemplateArgument location="قالب:I2c:1:25">
                                                                                                   <ptk:a name="RTD">
                                                                                                      <RtData>c3EAfgAAdXEAfgADAAAAA3VxAH4ABQAAAAF0AAF8cHA=</RtData>
                                                                                                   </ptk:a>
                                                                                                   <hasName>false</hasName>
                                                                                                   <name>
                                                                                                      <ptk:l/>
                                                                                                   </name>
                                                                                                   <value>
                                                                                                      <ptk:l location="قالب:I2c:1:25"/>
                                                                                                   </value>
                                                                                                </TemplateArgument>
                                                                                             </defaultValue>
                                                                                             <garbage/>
                                                                                          </TemplateParameter>
                                                                                          <ptk:t location="قالب:I2c:1:28">#switch: </ptk:t>
                                                                                          <TemplateParameter location="قالب:I2c:1:40">
                                                                                             <ptk:a name="RTD">
                                                                                                <RtData>c3EAfgAAdXEAfgADAAAABHVxAH4ABQAAAAFxAH4ADXBwdXEAfgAFAAAAAXEAfgAP</RtData>
                                                                                             </ptk:a>
                                                                                             <name>
                                                                                                <ptk:l location="قالب:I2c:1:40">
                                                                                                   <ptk:t location="قالب:I2c:1:40">1</ptk:t>
                                                                                                </ptk:l>
                                                                                             </name>
                                                                                             <defaultValue/>
                                                                                             <garbage/>
                                                                                          </TemplateParameter>
                                                                                          <ptk:t location="قالب:I2c:1:44"> 
</ptk:t>
                                                                                       </ptk:l>
                                                                                    </name>
                                                                                 </IllegalNameException>
                                                                              </ptk:l>
                                                                           </content>
                                                                        </PpResolverLog>
                                                                     </ptk:l>
                                                                  </content>
                                                               </CompilerLog>
                                                            </ptk:l>
                                                         </content>
                                                      </ResolveTransclusionLog>
                                                      <ResolveTransclusionLog>
                                                         <success>true</success>
                                                         <target>i2c</target>
                                                         <canonical>قالب:I2c</canonical>
                                                         <timeNeeded>0</timeNeeded>
                                                         <content>
                                                            <ptk:l>
                                                               <CompilerLog>
                                                                  <title>قالب:I2c</title>
                                                                  <revision>356406</revision>
                                                                  <content>
                                                                     <ptk:l>
                                                                        <ValidatorLog>
                                                                           <timeNeeded>0</timeNeeded>
                                                                           <content>
                                                                              <ptk:l/>
                                                                           </content>
                                                                        </ValidatorLog>
                                                                        <PreprocessorLog>
                                                                           <forInclusion>true</forInclusion>
                                                                           <timeNeeded>0</timeNeeded>
                                                                           <content>
                                                                              <ptk:l/>
                                                                           </content>
                                                                        </PreprocessorLog>
                                                                        <PpResolverLog>
                                                                           <timeNeeded>0</timeNeeded>
                                                                           <content>
                                                                              <ptk:l>
                                                                                 <IllegalNameException>
                                                                                    <message>Cannot resolve target of transclusion to a simple name.</message>
                                                                                    <name>
                                                                                       <ptk:l location="قالب:I2c:1:28">
                                                                                          <TemplateParameter location="قالب:I2c:1:19">
                                                                                             <ptk:a name="RTD">
                                                                                                <RtData>c3EAfgAAdXEAfgADAAAABHVxAH4ABQAAAAFxAH4ADXBwdXEAfgAFAAAAAXEAfgAP</RtData>
                                                                                             </ptk:a>
                                                                                             <name>
                                                                                                <ptk:l location="قالب:I2c:1:19">
                                                                                                   <ptk:t location="قالب:I2c:1:19">subst</ptk:t>
                                                                                                </ptk:l>
                                                                                             </name>
                                                                                             <defaultValue>
                                                                                                <TemplateArgument location="قالب:I2c:1:25">
                                                                                                   <ptk:a name="RTD">
                                                                                                      <RtData>c3EAfgAAdXEAfgADAAAAA3VxAH4ABQAAAAF0AAF8cHA=</RtData>
                                                                                                   </ptk:a>
                                                                                                   <hasName>false</hasName>
                                                                                                   <name>
                                                                                                      <ptk:l/>
                                                                                                   </name>
                                                                                                   <value>
                                                                                                      <ptk:l location="قالب:I2c:1:25"/>
                                                                                                   </value>
                                                                                                </TemplateArgument>
                                                                                             </defaultValue>
                                                                                             <garbage/>
                                                                                          </TemplateParameter>
                                                                                          <ptk:t location="قالب:I2c:1:28">#switch: </ptk:t>
                                                                                          <TemplateParameter location="قالب:I2c:1:40">
                                                                                             <ptk:a name="RTD">
                                                                                                <RtData>c3EAfgAAdXEAfgADAAAABHVxAH4ABQAAAAFxAH4ADXBwdXEAfgAFAAAAAXEAfgAP</RtData>
                                                                                             </ptk:a>
                                                                                             <name>
                                                                                                <ptk:l location="قالب:I2c:1:40">
                                                                                                   <ptk:t location="قالب:I2c:1:40">1</ptk:t>
                                                                                                </ptk:l>
                                                                                             </name>
                                                                                             <defaultValue/>
                                                                                             <garbage/>
                                                                                          </TemplateParameter>
                                                                                          <ptk:t location="قالب:I2c:1:44"> 
</ptk:t>
                                                                                       </ptk:l>
                                                                                    </name>
                                                                                 </IllegalNameException>
                                                                              </ptk:l>
                                                                           </content>
                                                                        </PpResolverLog>
                                                                     </ptk:l>
                                                                  </content>
                                                               </CompilerLog>
                                                            </ptk:l>
                                                         </content>
                                                      </ResolveTransclusionLog>
                                                      <ResolveTransclusionLog>
                                                         <success>true</success>
                                                         <target>•w</target>
                                                         <canonical>قالب:•w</canonical>
                                                         <timeNeeded>0</timeNeeded>
                                                         <content>
                                                            <ptk:l>
                                                               <CompilerLog>
                                                                  <title>قالب:•w</title>
                                                                  <revision>152410</revision>
                                                                  <content>
                                                                     <ptk:l>
                                                                        <ValidatorLog>
                                                                           <timeNeeded>0</timeNeeded>
                                                                           <content>
                                                                              <ptk:l/>
                                                                           </content>
                                                                        </ValidatorLog>
                                                                        <PreprocessorLog>
                                                                           <forInclusion>true</forInclusion>
                                                                           <timeNeeded>0</timeNeeded>
                                                                           <content>
                                                                              <ptk:l/>
                                                                           </content>
                                                                        </PreprocessorLog>
                                                                        <PpResolverLog>
                                                                           <timeNeeded>0</timeNeeded>
                                                                           <content>
                                                                              <ptk:l/>
                                                                           </content>
                                                                        </PpResolverLog>
                                                                     </ptk:l>
                                                                  </content>
                                                               </CompilerLog>
                                                            </ptk:l>
                                                         </content>
                                                      </ResolveTransclusionLog>
                                                      <ResolveTransclusionLog>
                                                         <success>true</success>
                                                         <target>nowrap end</target>
                                                         <canonical>قالب:Nowrap end</canonical>
                                                         <timeNeeded>0</timeNeeded>
                                                         <content>
                                                            <ptk:l>
                                                               <CompilerLog>
                                                                  <title>قالب:Nowrap end</title>
                                                                  <revision>237927</revision>
                                                                  <content>
                                                                     <ptk:l>
                                                                        <ValidatorLog>
                                                                           <timeNeeded>0</timeNeeded>
                                                                           <content>
                                                                              <ptk:l/>
                                                                           </content>
                                                                        </ValidatorLog>
                                                                        <PreprocessorLog>
                                                                           <forInclusion>true</forInclusion>
                                                                           <timeNeeded>0</timeNeeded>
                                                                           <content>
                                                                              <ptk:l/>
                                                                           </content>
                                                                        </PreprocessorLog>
                                                                        <PpResolverLog>
                                                                           <timeNeeded>0</timeNeeded>
                                                                           <content>
                                                                              <ptk:l/>
                                                                           </content>
                                                                        </PpResolverLog>
                                                                     </ptk:l>
                                                                  </content>
                                                               </CompilerLog>
                                                            </ptk:l>
                                                         </content>
                                                      </ResolveTransclusionLog>
                                                      <ResolveTransclusionLog>
                                                         <success>true</success>
                                                         <target>#if</target>
                                                         <canonical null="true"/>
                                                         <timeNeeded>0</timeNeeded>
                                                         <content>
                                                            <ptk:l/>
                                                         </content>
                                                      </ResolveTransclusionLog>
                                                      <ResolveTransclusionLog>
                                                         <success>true</success>
                                                         <target>nowrap begin</target>
                                                         <canonical>قالب:Nowrap begin</canonical>
                                                         <timeNeeded>0</timeNeeded>
                                                         <content>
                                                            <ptk:l>
                                                               <CompilerLog>
                                                                  <title>قالب:Nowrap begin</title>
                                                                  <revision>237925</revision>
                                                                  <content>
                                                                     <ptk:l>
                                                                        <ValidatorLog>
                                                                           <timeNeeded>0</timeNeeded>
                                                                           <content>
                                                                              <ptk:l/>
                                                                           </content>
                                                                        </ValidatorLog>
                                                                        <PreprocessorLog>
                                                                           <forInclusion>true</forInclusion>
                                                                           <timeNeeded>0</timeNeeded>
                                                                           <content>
                                                                              <ptk:l/>
                                                                           </content>
                                                                        </PreprocessorLog>
                                                                        <PpResolverLog>
                                                                           <timeNeeded>0</timeNeeded>
                                                                           <content>
                                                                              <ptk:l/>
                                                                           </content>
                                                                        </PpResolverLog>
                                                                     </ptk:l>
                                                                  </content>
                                                               </CompilerLog>
                                                            </ptk:l>
                                                         </content>
                                                      </ResolveTransclusionLog>
                                                      <ResolveTransclusionLog>
                                                         <success>true</success>
                                                         <target>#if</target>
                                                         <canonical null="true"/>
                                                         <timeNeeded>0</timeNeeded>
                                                         <content>
                                                            <ptk:l/>
                                                         </content>
                                                      </ResolveTransclusionLog>
                                                      <ResolveTransclusionLog>
                                                         <success>true</success>
                                                         <target>\w</target>
                                                         <canonical>قالب:\w</canonical>
                                                         <timeNeeded>0</timeNeeded>
                                                         <content>
                                                            <ptk:l>
                                                               <CompilerLog>
                                                                  <title>قالب:\w</title>
                                                                  <revision>152411</revision>
                                                                  <content>
                                                                     <ptk:l>
                                                                        <ValidatorLog>
                                                                           <timeNeeded>0</timeNeeded>
                                                                           <content>
                                                                              <ptk:l/>
                                                                           </content>
                                                                        </ValidatorLog>
                                                                        <PreprocessorLog>
                                                                           <forInclusion>true</forInclusion>
                                                                           <timeNeeded>0</timeNeeded>
                                                                           <content>
                                                                              <ptk:l/>
                                                                           </content>
                                                                        </PreprocessorLog>
                                                                        <PpResolverLog>
                                                                           <timeNeeded>0</timeNeeded>
                                                                           <content>
                                                                              <ptk:l/>
                                                                           </content>
                                                                        </PpResolverLog>
                                                                     </ptk:l>
                                                                  </content>
                                                               </CompilerLog>
                                                            </ptk:l>
                                                         </content>
                                                      </ResolveTransclusionLog>
                                                      <ResolveTransclusionLog>
                                                         <success>true</success>
                                                         <target>\w</target>
                                                         <canonical>قالب:\w</canonical>
                                                         <timeNeeded>0</timeNeeded>
                                                         <content>
                                                            <ptk:l>
                                                               <CompilerLog>
                                                                  <title>قالب:\w</title>
                                                                  <revision>152411</revision>
                                                                  <content>
                                                                     <ptk:l>
                                                                        <ValidatorLog>
                                                                           <timeNeeded>0</timeNeeded>
                                                                           <content>
                                                                              <ptk:l/>
                                                                           </content>
                                                                        </ValidatorLog>
                                                                        <PreprocessorLog>
                                                                           <forInclusion>true</forInclusion>
                                                                           <timeNeeded>0</timeNeeded>
                                                                           <content>
                                                                              <ptk:l/>
                                                                           </content>
                                                                        </PreprocessorLog>
                                                                        <PpResolverLog>
                                                                           <timeNeeded>0</timeNeeded>
                                                                           <content>
                                                                              <ptk:l/>
                                                                           </content>
                                                                        </PpResolverLog>
                                                                     </ptk:l>
                                                                  </content>
                                                               </CompilerLog>
                                                            </ptk:l>
                                                         </content>
                                                      </ResolveTransclusionLog>
                                                      <ResolveTransclusionLog>
                                                         <success>true</success>
                                                         <target>·w</target>
                                                         <canonical>قالب:·w</canonical>
                                                         <timeNeeded>4456</timeNeeded>
                                                         <content>
                                                            <ptk:l>
                                                               <CompilerLog>
                                                                  <title>قالب:·w</title>
                                                                  <revision>163327</revision>
                                                                  <content>
                                                                     <ptk:l>
                                                                        <ValidatorLog>
                                                                           <timeNeeded>0</timeNeeded>
                                                                           <content>
                                                                              <ptk:l/>
                                                                           </content>
                                                                        </ValidatorLog>
                                                                        <PreprocessorLog>
                                                                           <forInclusion>true</forInclusion>
                                                                           <timeNeeded>0</timeNeeded>
                                                                           <content>
                                                                              <ptk:l/>
                                                                           </content>
                                                                        </PreprocessorLog>
                                                                        <PpResolverLog>
                                                                           <timeNeeded>4456</timeNeeded>
                                                                           <content>
                                                                              <ptk:l>
                                                                                 <ResolveRedirectLog>
                                                                                    <success>false</success>
                                                                                    <target>Template:·wrap</target>
                                                                                    <canonical>Template:·wrap</canonical>
                                                                                    <timeNeeded>2699</timeNeeded>
                                                                                    <content>
                                                                                       <ptk:l/>
                                                                                    </content>
                                                                                 </ResolveRedirectLog>
                                                                                 <ResolveTransclusionLog>
                                                                                    <success>true</success>
                                                                                    <target>R from other template</target>
                                                                                    <canonical>قالب:R from other template</canonical>
                                                                                    <timeNeeded>1757</timeNeeded>
                                                                                    <content>
                                                                                       <ptk:l>
                                                                                          <CompilerLog>
                                                                                             <title>قالب:R from other template</title>
                                                                                             <revision>121439</revision>
                                                                                             <content>
                                                                                                <ptk:l>
                                                                                                   <ValidatorLog>
                                                                                                      <timeNeeded>0</timeNeeded>
                                                                                                      <content>
                                                                                                         <ptk:l/>
                                                                                                      </content>
                                                                                                   </ValidatorLog>
                                                                                                   <PreprocessorLog>
                                                                                                      <forInclusion>true</forInclusion>
                                                                                                      <timeNeeded>0</timeNeeded>
                                                                                                      <content>
                                                                                                         <ptk:l/>
                                                                                                      </content>
                                                                                                   </PreprocessorLog>
                                                                                                   <PpResolverLog>
                                                                                                      <timeNeeded>1757</timeNeeded>
                                                                                                      <content>
                                                                                                         <ptk:l>
                                                                                                            <ResolveTransclusionLog>
                                                                                                               <success>false</success>
                                                                                                               <target>nowiki</target>
                                                                                                               <canonical null="true"/>
                                                                                                               <timeNeeded>0</timeNeeded>
                                                                                                               <content>
                                                                                                                  <ptk:l/>
                                                                                                               </content>
                                                                                                            </ResolveTransclusionLog>
                                                                                                            <ResolveTransclusionLog>
                                                                                                               <success>true</success>
                                                                                                               <target>Tlx</target>
                                                                                                               <canonical>قالب:Tlx</canonical>
                                                                                                               <timeNeeded>712</timeNeeded>
                                                                                                               <content>
                                                                                                                  <ptk:l>
                                                                                                                     <CompilerLog>
                                                                                                                        <title>قالب:Tlx</title>
                                                                                                                        <revision>225549</revision>
                                                                                                                        <content>
                                                                                                                           <ptk:l>
                                                                                                                              <ValidatorLog>
                                                                                                                                 <timeNeeded>0</timeNeeded>
                                                                                                                                 <content>
                                                                                                                                    <ptk:l/>
                                                                                                                                 </content>
                                                                                                                              </ValidatorLog>
                                                                                                                              <PreprocessorLog>
                                                                                                                                 <forInclusion>true</forInclusion>
                                                                                                                                 <timeNeeded>16</timeNeeded>
                                                                                                                                 <content>
                                                                                                                                    <ptk:l/>
                                                                                                                                 </content>
                                                                                                                              </PreprocessorLog>
                                                                                                                              <PpResolverLog>
                                                                                                                                 <timeNeeded>696</timeNeeded>
                                                                                                                                 <content>
                                                                                                                                    <ptk:l>
                                                                                                                                       <ResolveTransclusionLog>
                                                                                                                                          <success>false</success>
                                                                                                                                          <target>nowiki</target>
                                                                                                                                          <canonical null="true"/>
                                                                                                                                          <timeNeeded>0</timeNeeded>
                                                                                                                                          <content>
                                                                                                                                             <ptk:l/>
                                                                                                                                          </content>
                                                                                                                                       </ResolveTransclusionLog>
                                                                                                                                       <ResolveTransclusionLog>
                                                                                                                                          <success>true</success>
                                                                                                                                          <target>#if</target>
                                                                                                                                          <canonical null="true"/>
                                                                                                                                          <timeNeeded>0</timeNeeded>
                                                                                                                                          <content>
                                                                                                                                             <ptk:l/>
                                                                                                                                          </content>
                                                                                                                                       </ResolveTransclusionLog>
                                                                                                                                       <ResolveTransclusionLog>
                                                                                                                                          <success>true</success>
                                                                                                                                          <target>ns</target>
                                                                                                                                          <canonical null="true"/>
                                                                                                                                          <timeNeeded>0</timeNeeded>
                                                                                                                                          <content>
                                                                                                                                             <ptk:l/>
                                                                                                                                          </content>
                                                                                                                                       </ResolveTransclusionLog>
                                                                                                                                       <ResolveTransclusionLog>
                                                                                                                                          <success>false</success>
                                                                                                                                          <target>ns:Template</target>
                                                                                                                                          <canonical>قالب:Ns:Template</canonical>
                                                                                                                                          <timeNeeded>696</timeNeeded>
                                                                                                                                          <content>
                                                                                                                                             <ptk:l/>
                                                                                                                                          </content>
                                                                                                                                       </ResolveTransclusionLog>
                                                                                                                                       <ResolveTransclusionLog>
                                                                                                                                          <success>true</success>
                                                                                                                                          <target>#if</target>
                                                                                                                                          <canonical null="true"/>
                                                                                                                                          <timeNeeded>0</timeNeeded>
                                                                                                                                          <content>
                                                                                                                                             <ptk:l/>
                                                                                                                                          </content>
                                                                                                                                       </ResolveTransclusionLog>
                                                                                                                                       <ResolveTransclusionLog>
                                                                                                                                          <success>true</success>
                                                                                                                                          <target>#if</target>
                                                                                                                                          <canonical null="true"/>
                                                                                                                                          <timeNeeded>0</timeNeeded>
                                                                                                                                          <content>
                                                                                                                                             <ptk:l/>
                                                                                                                                          </content>
                                                                                                                                       </ResolveTransclusionLog>
                                                                                                                                       <ResolveTransclusionLog>
                                                                                                                                          <success>true</success>
                                                                                                                                          <target>#if</target>
                                                                                                                                          <canonical null="true"/>
                                                                                                                                          <timeNeeded>0</timeNeeded>
                                                                                                                                          <content>
                                                                                                                                             <ptk:l/>
                                                                                                                                          </content>
                                                                                                                                       </ResolveTransclusionLog>
                                                                                                                                       <ResolveTransclusionLog>
                                                                                                                                          <success>true</success>
                                                                                                                                          <target>#if</target>
                                                                                                                                          <canonical null="true"/>
                                                                                                                                          <timeNeeded>0</timeNeeded>
                                                                                                                                          <content>
                                                                                                                                             <ptk:l/>
                                                                                                                                          </content>
                                                                                                                                       </ResolveTransclusionLog>
                                                                                                                                       <ResolveTransclusionLog>
                                                                                                                                          <success>true</success>
                                                                                                                                          <target>#if</target>
                                                                                                                                          <canonical null="true"/>
                                                                                                                                          <timeNeeded>0</timeNeeded>
                                                                                                                                          <content>
                                                                                                                                             <ptk:l/>
                                                                                                                                          </content>
                                                                                                                                       </ResolveTransclusionLog>
                                                                                                                                       <ResolveTransclusionLog>
                                                                                                                                          <success>true</success>
                                                                                                                                          <target>#if</target>
                                                                                                                                          <canonical null="true"/>
                                                                                                                                          <timeNeeded>0</timeNeeded>
                                                                                                                                          <content>
                                                                                                                                             <ptk:l/>
                                                                                                                                          </content>
                                                                                                                                       </ResolveTransclusionLog>
                                                                                                                                       <ResolveTransclusionLog>
                                                                                                                                          <success>true</success>
                                                                                                                                          <target>#if</target>
                                                                                                                                          <canonical null="true"/>
                                                                                                                                          <timeNeeded>0</timeNeeded>
                                                                                                                                          <content>
                                                                                                                                             <ptk:l/>
                                                                                                                                          </content>
                                                                                                                                       </ResolveTransclusionLog>
                                                                                                                                       <ResolveTransclusionLog>
                                                                                                                                          <success>true</success>
                                                                                                                                          <target>#if</target>
                                                                                                                                          <canonical null="true"/>
                                                                                                                                          <timeNeeded>0</timeNeeded>
                                                                                                                                          <content>
                                                                                                                                             <ptk:l/>
                                                                                                                                          </content>
                                                                                                                                       </ResolveTransclusionLog>
                                                                                                                                       <ResolveTransclusionLog>
                                                                                                                                          <success>true</success>
                                                                                                                                          <target>#if</target>
                                                                                                                                          <canonical null="true"/>
                                                                                                                                          <timeNeeded>0</timeNeeded>
                                                                                                                                          <content>
                                                                                                                                             <ptk:l/>
                                                                                                                                          </content>
                                                                                                                                       </ResolveTransclusionLog>
                                                                                                                                       <ResolveTransclusionLog>
                                                                                                                                          <success>true</success>
                                                                                                                                          <target>#if</target>
                                                                                                                                          <canonical null="true"/>
                                                                                                                                          <timeNeeded>0</timeNeeded>
                                                                                                                                          <content>
                                                                                                                                             <ptk:l/>
                                                                                                                                          </content>
                                                                                                                                       </ResolveTransclusionLog>
                                                                                                                                       <ResolveTransclusionLog>
                                                                                                                                          <success>true</success>
                                                                                                                                          <target>#if</target>
                                                                                                                                          <canonical null="true"/>
                                                                                                                                          <timeNeeded>0</timeNeeded>
                                                                                                                                          <content>
                                                                                                                                             <ptk:l/>
                                                                                                                                          </content>
                                                                                                                                       </ResolveTransclusionLog>
                                                                                                                                       <ResolveTransclusionLog>
                                                                                                                                          <success>false</success>
                                                                                                                                          <target>nowiki</target>
                                                                                                                                          <canonical null="true"/>
                                                                                                                                          <timeNeeded>0</timeNeeded>
                                                                                                                                          <content>
                                                                                                                                             <ptk:l/>
                                                                                                                                          </content>
                                                                                                                                       </ResolveTransclusionLog>
                                                                                                                                    </ptk:l>
                                                                                                                                 </content>
                                                                                                                              </PpResolverLog>
                                                                                                                           </ptk:l>
                                                                                                                        </content>
                                                                                                                     </CompilerLog>
                                                                                                                  </ptk:l>
                                                                                                               </content>
                                                                                                            </ResolveTransclusionLog>
                                                                                                            <ResolveTransclusionLog>
                                                                                                               <success>true</success>
                                                                                                               <target>fullurl</target>
                                                                                                               <canonical null="true"/>
                                                                                                               <timeNeeded>858</timeNeeded>
                                                                                                               <content>
                                                                                                                  <ptk:l/>
                                                                                                               </content>
                                                                                                            </ResolveTransclusionLog>
                                                                                                            <ResolveTransclusionLog>
                                                                                                               <success>true</success>
                                                                                                               <target>#ifeq</target>
                                                                                                               <canonical null="true"/>
                                                                                                               <timeNeeded>187</timeNeeded>
                                                                                                               <content>
                                                                                                                  <ptk:l/>
                                                                                                               </content>
                                                                                                            </ResolveTransclusionLog>
                                                                                                            <ResolveTransclusionLog>
                                                                                                               <success>true</success>
                                                                                                               <target>FULLPAGENAME</target>
                                                                                                               <canonical null="true"/>
                                                                                                               <timeNeeded>0</timeNeeded>
                                                                                                               <content>
                                                                                                                  <ptk:l/>
                                                                                                               </content>
                                                                                                            </ResolveTransclusionLog>
                                                                                                            <ResolveTransclusionLog>
                                                                                                               <success>true</success>
                                                                                                               <target>ns</target>
                                                                                                               <canonical null="true"/>
                                                                                                               <timeNeeded>0</timeNeeded>
                                                                                                               <content>
                                                                                                                  <ptk:l/>
                                                                                                               </content>
                                                                                                            </ResolveTransclusionLog>
                                                                                                            <ResolveTransclusionLog>
                                                                                                               <success>false</success>
                                                                                                               <target>ns:Template</target>
                                                                                                               <canonical>قالب:Ns:Template</canonical>
                                                                                                               <timeNeeded>187</timeNeeded>
                                                                                                               <content>
                                                                                                                  <ptk:l/>
                                                                                                               </content>
                                                                                                            </ResolveTransclusionLog>
                                                                                                            <ResolveTransclusionLog>
                                                                                                               <success>true</success>
                                                                                                               <target>PAGENAME</target>
                                                                                                               <canonical null="true"/>
                                                                                                               <timeNeeded>0</timeNeeded>
                                                                                                               <content>
                                                                                                                  <ptk:l/>
                                                                                                               </content>
                                                                                                            </ResolveTransclusionLog>
                                                                                                         </ptk:l>
                                                                                                      </content>
                                                                                                   </PpResolverLog>
                                                                                                </ptk:l>
                                                                                             </content>
                                                                                          </CompilerLog>
                                                                                       </ptk:l>
                                                                                    </content>
                                                                                 </ResolveTransclusionLog>
                                                                              </ptk:l>
                                                                           </content>
                                                                        </PpResolverLog>
                                                                     </ptk:l>
                                                                  </content>
                                                               </CompilerLog>
                                                            </ptk:l>
                                                         </content>
                                                      </ResolveTransclusionLog>
                                                      <ResolveTransclusionLog>
                                                         <success>true</success>
                                                         <target>·w</target>
                                                         <canonical>قالب:·w</canonical>
                                                         <timeNeeded>1063</timeNeeded>
                                                         <content>
                                                            <ptk:l>
                                                               <CompilerLog>
                                                                  <title>قالب:·w</title>
                                                                  <revision>163327</revision>
                                                                  <content>
                                                                     <ptk:l>
                                                                        <ValidatorLog>
                                                                           <timeNeeded>0</timeNeeded>
                                                                           <content>
                                                                              <ptk:l/>
                                                                           </content>
                                                                        </ValidatorLog>
                                                                        <PreprocessorLog>
                                                                           <forInclusion>true</forInclusion>
                                                                           <timeNeeded>0</timeNeeded>
                                                                           <content>
                                                                              <ptk:l/>
                                                                           </content>
                                                                        </PreprocessorLog>
                                                                        <PpResolverLog>
                                                                           <timeNeeded>1063</timeNeeded>
                                                                           <content>
                                                                              <ptk:l>
                                                                                 <ResolveRedirectLog>
                                                                                    <success>false</success>
                                                                                    <target>Template:·wrap</target>
                                                                                    <canonical>Template:·wrap</canonical>
                                                                                    <timeNeeded>391</timeNeeded>
                                                                                    <content>
                                                                                       <ptk:l/>
                                                                                    </content>
                                                                                 </ResolveRedirectLog>
                                                                                 <ResolveTransclusionLog>
                                                                                    <success>true</success>
                                                                                    <target>R from other template</target>
                                                                                    <canonical>قالب:R from other template</canonical>
                                                                                    <timeNeeded>672</timeNeeded>
                                                                                    <content>
                                                                                       <ptk:l>
                                                                                          <CompilerLog>
                                                                                             <title>قالب:R from other template</title>
                                                                                             <revision>121439</revision>
                                                                                             <content>
                                                                                                <ptk:l>
                                                                                                   <ValidatorLog>
                                                                                                      <timeNeeded>0</timeNeeded>
                                                                                                      <content>
                                                                                                         <ptk:l/>
                                                                                                      </content>
                                                                                                   </ValidatorLog>
                                                                                                   <PreprocessorLog>
                                                                                                      <forInclusion>true</forInclusion>
                                                                                                      <timeNeeded>0</timeNeeded>
                                                                                                      <content>
                                                                                                         <ptk:l/>
                                                                                                      </content>
                                                                                                   </PreprocessorLog>
                                                                                                   <PpResolverLog>
                                                                                                      <timeNeeded>672</timeNeeded>
                                                                                                      <content>
                                                                                                         <ptk:l>
                                                                                                            <ResolveTransclusionLog>
                                                                                                               <success>false</success>
                                                                                                               <target>nowiki</target>
                                                                                                               <canonical null="true"/>
                                                                                                               <timeNeeded>0</timeNeeded>
                                                                                                               <content>
                                                                                                                  <ptk:l/>
                                                                                                               </content>
                                                                                                            </ResolveTransclusionLog>
                                                                                                            <ResolveTransclusionLog>
                                                                                                               <success>true</success>
                                                                                                               <target>Tlx</target>
                                                                                                               <canonical>قالب:Tlx</canonical>
                                                                                                               <timeNeeded>219</timeNeeded>
                                                                                                               <content>
                                                                                                                  <ptk:l>
                                                                                                                     <CompilerLog>
                                                                                                                        <title>قالب:Tlx</title>
                                                                                                                        <revision>225549</revision>
                                                                                                                        <content>
                                                                                                                           <ptk:l>
                                                                                                                              <ValidatorLog>
                                                                                                                                 <timeNeeded>0</timeNeeded>
                                                                                                                                 <content>
                                                                                                                                    <ptk:l/>
                                                                                                                                 </content>
                                                                                                                              </ValidatorLog>
                                                                                                                              <PreprocessorLog>
                                                                                                                                 <forInclusion>true</forInclusion>
                                                                                                                                 <timeNeeded>0</timeNeeded>
                                                                                                                                 <content>
                                                                                                                                    <ptk:l/>
                                                                                                                                 </content>
                                                                                                                              </PreprocessorLog>
                                                                                                                              <PpResolverLog>
                                                                                                                                 <timeNeeded>219</timeNeeded>
                                                                                                                                 <content>
                                                                                                                                    <ptk:l>
                                                                                                                                       <ResolveTransclusionLog>
                                                                                                                                          <success>false</success>
                                                                                                                                          <target>nowiki</target>
                                                                                                                                          <canonical null="true"/>
                                                                                                                                          <timeNeeded>0</timeNeeded>
                                                                                                                                          <content>
                                                                                                                                             <ptk:l/>
                                                                                                                                          </content>
                                                                                                                                       </ResolveTransclusionLog>
                                                                                                                                       <ResolveTransclusionLog>
                                                                                                                                          <success>true</success>
                                                                                                                                          <target>#if</target>
                                                                                                                                          <canonical null="true"/>
                                                                                                                                          <timeNeeded>0</timeNeeded>
                                                                                                                                          <content>
                                                                                                                                             <ptk:l/>
                                                                                                                                          </content>
                                                                                                                                       </ResolveTransclusionLog>
                                                                                                                                       <ResolveTransclusionLog>
                                                                                                                                          <success>true</success>
                                                                                                                                          <target>ns</target>
                                                                                                                                          <canonical null="true"/>
                                                                                                                                          <timeNeeded>0</timeNeeded>
                                                                                                                                          <content>
                                                                                                                                             <ptk:l/>
                                                                                                                                          </content>
                                                                                                                                       </ResolveTransclusionLog>
                                                                                                                                       <ResolveTransclusionLog>
                                                                                                                                          <success>false</success>
                                                                                                                                          <target>ns:Template</target>
                                                                                                                                          <canonical>قالب:Ns:Template</canonical>
                                                                                                                                          <timeNeeded>219</timeNeeded>
                                                                                                                                          <content>
                                                                                                                                             <ptk:l/>
                                                                                                                                          </content>
                                                                                                                                       </ResolveTransclusionLog>
                                                                                                                                       <ResolveTransclusionLog>
                                                                                                                                          <success>true</success>
                                                                                                                                          <target>#if</target>
                                                                                                                                          <canonical null="true"/>
                                                                                                                                          <timeNeeded>0</timeNeeded>
                                                                                                                                          <content>
                                                                                                                                             <ptk:l/>
                                                                                                                                          </content>
                                                                                                                                       </ResolveTransclusionLog>
                                                                                                                                       <ResolveTransclusionLog>
                                                                                                                                          <success>true</success>
                                                                                                                                          <target>#if</target>
                                                                                                                                          <canonical null="true"/>
                                                                                                                                          <timeNeeded>0</timeNeeded>
                                                                                                                                          <content>
                                                                                                                                             <ptk:l/>
                                                                                                                                          </content>
                                                                                                                                       </ResolveTransclusionLog>
                                                                                                                                       <ResolveTransclusionLog>
                                                                                                                                          <success>true</success>
                                                                                                                                          <target>#if</target>
                                                                                                                                          <canonical null="true"/>
                                                                                                                                          <timeNeeded>0</timeNeeded>
                                                                                                                                          <content>
                                                                                                                                             <ptk:l/>
                                                                                                                                          </content>
                                                                                                                                       </ResolveTransclusionLog>
                                                                                                                                       <ResolveTransclusionLog>
                                                                                                                                          <success>true</success>
                                                                                                                                          <target>#if</target>
                                                                                                                                          <canonical null="true"/>
                                                                                                                                          <timeNeeded>0</timeNeeded>
                                                                                                                                          <content>
                                                                                                                                             <ptk:l/>
                                                                                                                                          </content>
                                                                                                                                       </ResolveTransclusionLog>
                                                                                                                                       <ResolveTransclusionLog>
                                                                                                                                          <success>true</success>
                                                                                                                                          <target>#if</target>
                                                                                                                                          <canonical null="true"/>
                                                                                                                                          <timeNeeded>0</timeNeeded>
                                                                                                                                          <content>
                                                                                                                                             <ptk:l/>
                                                                                                                                          </content>
                                                                                                                                       </ResolveTransclusionLog>
                                                                                                                                       <ResolveTransclusionLog>
                                                                                                                                          <success>true</success>
                                                                                                                                          <target>#if</target>
                                                                                                                                          <canonical null="true"/>
                                                                                                                                          <timeNeeded>0</timeNeeded>
                                                                                                                                          <content>
                                                                                                                                             <ptk:l/>
                                                                                                                                          </content>
                                                                                                                                       </ResolveTransclusionLog>
                                                                                                                                       <ResolveTransclusionLog>
                                                                                                                                          <success>true</success>
                                                                                                                                          <target>#if</target>
                                                                                                                                          <canonical null="true"/>
                                                                                                                                          <timeNeeded>0</timeNeeded>
                                                                                                                                          <content>
                                                                                                                                             <ptk:l/>
                                                                                                                                          </content>
                                                                                                                                       </ResolveTransclusionLog>
                                                                                                                                       <ResolveTransclusionLog>
                                                                                                                                          <success>true</success>
                                                                                                                                          <target>#if</target>
                                                                                                                                          <canonical null="true"/>
                                                                                                                                          <timeNeeded>0</timeNeeded>
                                                                                                                                          <content>
                                                                                                                                             <ptk:l/>
                                                                                                                                          </content>
                                                                                                                                       </ResolveTransclusionLog>
                                                                                                                                       <ResolveTransclusionLog>
                                                                                                                                          <success>true</success>
                                                                                                                                          <target>#if</target>
                                                                                                                                          <canonical null="true"/>
                                                                                                                                          <timeNeeded>0</timeNeeded>
                                                                                                                                          <content>
                                                                                                                                             <ptk:l/>
                                                                                                                                          </content>
                                                                                                                                       </ResolveTransclusionLog>
                                                                                                                                       <ResolveTransclusionLog>
                                                                                                                                          <success>true</success>
                                                                                                                                          <target>#if</target>
                                                                                                                                          <canonical null="true"/>
                                                                                                                                          <timeNeeded>0</timeNeeded>
                                                                                                                                          <content>
                                                                                                                                             <ptk:l/>
                                                                                                                                          </content>
                                                                                                                                       </ResolveTransclusionLog>
                                                                                                                                       <ResolveTransclusionLog>
                                                                                                                                          <success>true</success>
                                                                                                                                          <target>#if</target>
                                                                                                                                          <canonical null="true"/>
                                                                                                                                          <timeNeeded>0</timeNeeded>
                                                                                                                                          <content>
                                                                                                                                             <ptk:l/>
                                                                                                                                          </content>
                                                                                                                                       </ResolveTransclusionLog>
                                                                                                                                       <ResolveTransclusionLog>
                                                                                                                                          <success>false</success>
                                                                                                                                          <target>nowiki</target>
                                                                                                                                          <canonical null="true"/>
                                                                                                                                          <timeNeeded>0</timeNeeded>
                                                                                                                                          <content>
                                                                                                                                             <ptk:l/>
                                                                                                                                          </content>
                                                                                                                                       </ResolveTransclusionLog>
                                                                                                                                    </ptk:l>
                                                                                                                                 </content>
                                                                                                                              </PpResolverLog>
                                                                                                                           </ptk:l>
                                                                                                                        </content>
                                                                                                                     </CompilerLog>
                                                                                                                  </ptk:l>
                                                                                                               </content>
                                                                                                            </ResolveTransclusionLog>
                                                                                                            <ResolveTransclusionLog>
                                                                                                               <success>true</success>
                                                                                                               <target>fullurl</target>
                                                                                                               <canonical null="true"/>
                                                                                                               <timeNeeded>250</timeNeeded>
                                                                                                               <content>
                                                                                                                  <ptk:l/>
                                                                                                               </content>
                                                                                                            </ResolveTransclusionLog>
                                                                                                            <ResolveTransclusionLog>
                                                                                                               <success>true</success>
                                                                                                               <target>#ifeq</target>
                                                                                                               <canonical null="true"/>
                                                                                                               <timeNeeded>203</timeNeeded>
                                                                                                               <content>
                                                                                                                  <ptk:l/>
                                                                                                               </content>
                                                                                                            </ResolveTransclusionLog>
                                                                                                            <ResolveTransclusionLog>
                                                                                                               <success>true</success>
                                                                                                               <target>FULLPAGENAME</target>
                                                                                                               <canonical null="true"/>
                                                                                                               <timeNeeded>16</timeNeeded>
                                                                                                               <content>
                                                                                                                  <ptk:l/>
                                                                                                               </content>
                                                                                                            </ResolveTransclusionLog>
                                                                                                            <ResolveTransclusionLog>
                                                                                                               <success>true</success>
                                                                                                               <target>ns</target>
                                                                                                               <canonical null="true"/>
                                                                                                               <timeNeeded>0</timeNeeded>
                                                                                                               <content>
                                                                                                                  <ptk:l/>
                                                                                                               </content>
                                                                                                            </ResolveTransclusionLog>
                                                                                                            <ResolveTransclusionLog>
                                                                                                               <success>false</success>
                                                                                                               <target>ns:Template</target>
                                                                                                               <canonical>قالب:Ns:Template</canonical>
                                                                                                               <timeNeeded>187</timeNeeded>
                                                                                                               <content>
                                                                                                                  <ptk:l/>
                                                                                                               </content>
                                                                                                            </ResolveTransclusionLog>
                                                                                                            <ResolveTransclusionLog>
                                                                                                               <success>true</success>
                                                                                                               <target>PAGENAME</target>
                                                                                                               <canonical null="true"/>
                                                                                                               <timeNeeded>0</timeNeeded>
                                                                                                               <content>
                                                                                                                  <ptk:l/>
                                                                                                               </content>
                                                                                                            </ResolveTransclusionLog>
                                                                                                         </ptk:l>
                                                                                                      </content>
                                                                                                   </PpResolverLog>
                                                                                                </ptk:l>
                                                                                             </content>
                                                                                          </CompilerLog>
                                                                                       </ptk:l>
                                                                                    </content>
                                                                                 </ResolveTransclusionLog>
                                                                              </ptk:l>
                                                                           </content>
                                                                        </PpResolverLog>
                                                                     </ptk:l>
                                                                  </content>
                                                               </CompilerLog>
                                                            </ptk:l>
                                                         </content>
                                                      </ResolveTransclusionLog>
                                                      <ResolveTransclusionLog>
                                                         <success>true</success>
                                                         <target>\w</target>
                                                         <canonical>قالب:\w</canonical>
                                                         <timeNeeded>0</timeNeeded>
                                                         <content>
                                                            <ptk:l>
                                                               <CompilerLog>
                                                                  <title>قالب:\w</title>
                                                                  <revision>152411</revision>
                                                                  <content>
                                                                     <ptk:l>
                                                                        <ValidatorLog>
                                                                           <timeNeeded>0</timeNeeded>
                                                                           <content>
                                                                              <ptk:l/>
                                                                           </content>
                                                                        </ValidatorLog>
                                                                        <PreprocessorLog>
                                                                           <forInclusion>true</forInclusion>
                                                                           <timeNeeded>0</timeNeeded>
                                                                           <content>
                                                                              <ptk:l/>
                                                                           </content>
                                                                        </PreprocessorLog>
                                                                        <PpResolverLog>
                                                                           <timeNeeded>0</timeNeeded>
                                                                           <content>
                                                                              <ptk:l/>
                                                                           </content>
                                                                        </PpResolverLog>
                                                                     </ptk:l>
                                                                  </content>
                                                               </CompilerLog>
                                                            </ptk:l>
                                                         </content>
                                                      </ResolveTransclusionLog>
                                                      <ResolveTransclusionLog>
                                                         <success>true</success>
                                                         <target>·w</target>
                                                         <canonical>قالب:·w</canonical>
                                                         <timeNeeded>859</timeNeeded>
                                                         <content>
                                                            <ptk:l>
                                                               <CompilerLog>
                                                                  <title>قالب:·w</title>
                                                                  <revision>163327</revision>
                                                                  <content>
                                                                     <ptk:l>
                                                                        <ValidatorLog>
                                                                           <timeNeeded>0</timeNeeded>
                                                                           <content>
                                                                              <ptk:l/>
                                                                           </content>
                                                                        </ValidatorLog>
                                                                        <PreprocessorLog>
                                                                           <forInclusion>true</forInclusion>
                                                                           <timeNeeded>0</timeNeeded>
                                                                           <content>
                                                                              <ptk:l/>
                                                                           </content>
                                                                        </PreprocessorLog>
                                                                        <PpResolverLog>
                                                                           <timeNeeded>859</timeNeeded>
                                                                           <content>
                                                                              <ptk:l>
                                                                                 <ResolveRedirectLog>
                                                                                    <success>false</success>
                                                                                    <target>Template:·wrap</target>
                                                                                    <canonical>Template:·wrap</canonical>
                                                                                    <timeNeeded>218</timeNeeded>
                                                                                    <content>
                                                                                       <ptk:l/>
                                                                                    </content>
                                                                                 </ResolveRedirectLog>
                                                                                 <ResolveTransclusionLog>
                                                                                    <success>true</success>
                                                                                    <target>R from other template</target>
                                                                                    <canonical>قالب:R from other template</canonical>
                                                                                    <timeNeeded>641</timeNeeded>
                                                                                    <content>
                                                                                       <ptk:l>
                                                                                          <CompilerLog>
                                                                                             <title>قالب:R from other template</title>
                                                                                             <revision>121439</revision>
                                                                                             <content>
                                                                                                <ptk:l>
                                                                                                   <ValidatorLog>
                                                                                                      <timeNeeded>0</timeNeeded>
                                                                                                      <content>
                                                                                                         <ptk:l/>
                                                                                                      </content>
                                                                                                   </ValidatorLog>
                                                                                                   <PreprocessorLog>
                                                                                                      <forInclusion>true</forInclusion>
                                                                                                      <timeNeeded>0</timeNeeded>
                                                                                                      <content>
                                                                                                         <ptk:l/>
                                                                                                      </content>
                                                                                                   </PreprocessorLog>
                                                                                                   <PpResolverLog>
                                                                                                      <timeNeeded>641</timeNeeded>
                                                                                                      <content>
                                                                                                         <ptk:l>
                                                                                                            <ResolveTransclusionLog>
                                                                                                               <success>false</success>
                                                                                                               <target>nowiki</target>
                                                                                                               <canonical null="true"/>
                                                                                                               <timeNeeded>0</timeNeeded>
                                                                                                               <content>
                                                                                                                  <ptk:l/>
                                                                                                               </content>
                                                                                                            </ResolveTransclusionLog>
                                                                                                            <ResolveTransclusionLog>
                                                                                                               <success>true</success>
                                                                                                               <target>Tlx</target>
                                                                                                               <canonical>قالب:Tlx</canonical>
                                                                                                               <timeNeeded>234</timeNeeded>
                                                                                                               <content>
                                                                                                                  <ptk:l>
                                                                                                                     <CompilerLog>
                                                                                                                        <title>قالب:Tlx</title>
                                                                                                                        <revision>225549</revision>
                                                                                                                        <content>
                                                                                                                           <ptk:l>
                                                                                                                              <ValidatorLog>
                                                                                                                                 <timeNeeded>0</timeNeeded>
                                                                                                                                 <content>
                                                                                                                                    <ptk:l/>
                                                                                                                                 </content>
                                                                                                                              </ValidatorLog>
                                                                                                                              <PreprocessorLog>
                                                                                                                                 <forInclusion>true</forInclusion>
                                                                                                                                 <timeNeeded>0</timeNeeded>
                                                                                                                                 <content>
                                                                                                                                    <ptk:l/>
                                                                                                                                 </content>
                                                                                                                              </PreprocessorLog>
                                                                                                                              <PpResolverLog>
                                                                                                                                 <timeNeeded>234</timeNeeded>
                                                                                                                                 <content>
                                                                                                                                    <ptk:l>
                                                                                                                                       <ResolveTransclusionLog>
                                                                                                                                          <success>false</success>
                                                                                                                                          <target>nowiki</target>
                                                                                                                                          <canonical null="true"/>
                                                                                                                                          <timeNeeded>0</timeNeeded>
                                                                                                                                          <content>
                                                                                                                                             <ptk:l/>
                                                                                                                                          </content>
                                                                                                                                       </ResolveTransclusionLog>
                                                                                                                                       <ResolveTransclusionLog>
                                                                                                                                          <success>true</success>
                                                                                                                                          <target>#if</target>
                                                                                                                                          <canonical null="true"/>
                                                                                                                                          <timeNeeded>0</timeNeeded>
                                                                                                                                          <content>
                                                                                                                                             <ptk:l/>
                                                                                                                                          </content>
                                                                                                                                       </ResolveTransclusionLog>
                                                                                                                                       <ResolveTransclusionLog>
                                                                                                                                          <success>true</success>
                                                                                                                                          <target>ns</target>
                                                                                                                                          <canonical null="true"/>
                                                                                                                                          <timeNeeded>0</timeNeeded>
                                                                                                                                          <content>
                                                                                                                                             <ptk:l/>
                                                                                                                                          </content>
                                                                                                                                       </ResolveTransclusionLog>
                                                                                                                                       <ResolveTransclusionLog>
                                                                                                                                          <success>false</success>
                                                                                                                                          <target>ns:Template</target>
                                                                                                                                          <canonical>قالب:Ns:Template</canonical>
                                                                                                                                          <timeNeeded>234</timeNeeded>
                                                                                                                                          <content>
                                                                                                                                             <ptk:l/>
                                                                                                                                          </content>
                                                                                                                                       </ResolveTransclusionLog>
                                                                                                                                       <ResolveTransclusionLog>
                                                                                                                                          <success>true</success>
                                                                                                                                          <target>#if</target>
                                                                                                                                          <canonical null="true"/>
                                                                                                                                          <timeNeeded>0</timeNeeded>
                                                                                                                                          <content>
                                                                                                                                             <ptk:l/>
                                                                                                                                          </content>
                                                                                                                                       </ResolveTransclusionLog>
                                                                                                                                       <ResolveTransclusionLog>
                                                                                                                                          <success>true</success>
                                                                                                                                          <target>#if</target>
                                                                                                                                          <canonical null="true"/>
                                                                                                                                          <timeNeeded>0</timeNeeded>
                                                                                                                                          <content>
                                                                                                                                             <ptk:l/>
                                                                                                                                          </content>
                                                                                                                                       </ResolveTransclusionLog>
                                                                                                                                       <ResolveTransclusionLog>
                                                                                                                                          <success>true</success>
                                                                                                                                          <target>#if</target>
                                                                                                                                          <canonical null="true"/>
                                                                                                                                          <timeNeeded>0</timeNeeded>
                                                                                                                                          <content>
                                                                                                                                             <ptk:l/>
                                                                                                                                          </content>
                                                                                                                                       </ResolveTransclusionLog>
                                                                                                                                       <ResolveTransclusionLog>
                                                                                                                                          <success>true</success>
                                                                                                                                          <target>#if</target>
                                                                                                                                          <canonical null="true"/>
                                                                                                                                          <timeNeeded>0</timeNeeded>
                                                                                                                                          <content>
                                                                                                                                             <ptk:l/>
                                                                                                                                          </content>
                                                                                                                                       </ResolveTransclusionLog>
                                                                                                                                       <ResolveTransclusionLog>
                                                                                                                                          <success>true</success>
                                                                                                                                          <target>#if</target>
                                                                                                                                          <canonical null="true"/>
                                                                                                                                          <timeNeeded>0</timeNeeded>
                                                                                                                                          <content>
                                                                                                                                             <ptk:l/>
                                                                                                                                          </content>
                                                                                                                                       </ResolveTransclusionLog>
                                                                                                                                       <ResolveTransclusionLog>
                                                                                                                                          <success>true</success>
                                                                                                                                          <target>#if</target>
                                                                                                                                          <canonical null="true"/>
                                                                                                                                          <timeNeeded>0</timeNeeded>
                                                                                                                                          <content>
                                                                                                                                             <ptk:l/>
                                                                                                                                          </content>
                                                                                                                                       </ResolveTransclusionLog>
                                                                                                                                       <ResolveTransclusionLog>
                                                                                                                                          <success>true</success>
                                                                                                                                          <target>#if</target>
                                                                                                                                          <canonical null="true"/>
                                                                                                                                          <timeNeeded>0</timeNeeded>
                                                                                                                                          <content>
                                                                                                                                             <ptk:l/>
                                                                                                                                          </content>
                                                                                                                                       </ResolveTransclusionLog>
                                                                                                                                       <ResolveTransclusionLog>
                                                                                                                                          <success>true</success>
                                                                                                                                          <target>#if</target>
                                                                                                                                          <canonical null="true"/>
                                                                                                                                          <timeNeeded>0</timeNeeded>
                                                                                                                                          <content>
                                                                                                                                             <ptk:l/>
                                                                                                                                          </content>
                                                                                                                                       </ResolveTransclusionLog>
                                                                                                                                       <ResolveTransclusionLog>
                                                                                                                                          <success>true</success>
                                                                                                                                          <target>#if</target>
                                                                                                                                          <canonical null="true"/>
                                                                                                                                          <timeNeeded>0</timeNeeded>
                                                                                                                                          <content>
                                                                                                                                             <ptk:l/>
                                                                                                                                          </content>
                                                                                                                                       </ResolveTransclusionLog>
                                                                                                                                       <ResolveTransclusionLog>
                                                                                                                                          <success>true</success>
                                                                                                                                          <target>#if</target>
                                                                                                                                          <canonical null="true"/>
                                                                                                                                          <timeNeeded>0</timeNeeded>
                                                                                                                                          <content>
                                                                                                                                             <ptk:l/>
                                                                                                                                          </content>
                                                                                                                                       </ResolveTransclusionLog>
                                                                                                                                       <ResolveTransclusionLog>
                                                                                                                                          <success>true</success>
                                                                                                                                          <target>#if</target>
                                                                                                                                          <canonical null="true"/>
                                                                                                                                          <timeNeeded>0</timeNeeded>
                                                                                                                                          <content>
                                                                                                                                             <ptk:l/>
                                                                                                                                          </content>
                                                                                                                                       </ResolveTransclusionLog>
                                                                                                                                       <ResolveTransclusionLog>
                                                                                                                                          <success>false</success>
                                                                                                                                          <target>nowiki</target>
                                                                                                                                          <canonical null="true"/>
                                                                                                                                          <timeNeeded>0</timeNeeded>
                                                                                                                                          <content>
                                                                                                                                             <ptk:l/>
                                                                                                                                          </content>
                                                                                                                                       </ResolveTransclusionLog>
                                                                                                                                    </ptk:l>
                                                                                                                                 </content>
                                                                                                                              </PpResolverLog>
                                                                                                                           </ptk:l>
                                                                                                                        </content>
                                                                                                                     </CompilerLog>
                                                                                                                  </ptk:l>
                                                                                                               </content>
                                                                                                            </ResolveTransclusionLog>
                                                                                                            <ResolveTransclusionLog>
                                                                                                               <success>true</success>
                                                                                                               <target>fullurl</target>
                                                                                                               <canonical null="true"/>
                                                                                                               <timeNeeded>203</timeNeeded>
                                                                                                               <content>
                                                                                                                  <ptk:l/>
                                                                                                               </content>
                                                                                                            </ResolveTransclusionLog>
                                                                                                            <ResolveTransclusionLog>
                                                                                                               <success>true</success>
                                                                                                               <target>#ifeq</target>
                                                                                                               <canonical null="true"/>
                                                                                                               <timeNeeded>204</timeNeeded>
                                                                                                               <content>
                                                                                                                  <ptk:l/>
                                                                                                               </content>
                                                                                                            </ResolveTransclusionLog>
                                                                                                            <ResolveTransclusionLog>
                                                                                                               <success>true</success>
                                                                                                               <target>FULLPAGENAME</target>
                                                                                                               <canonical null="true"/>
                                                                                                               <timeNeeded>0</timeNeeded>
                                                                                                               <content>
                                                                                                                  <ptk:l/>
                                                                                                               </content>
                                                                                                            </ResolveTransclusionLog>
                                                                                                            <ResolveTransclusionLog>
                                                                                                               <success>true</success>
                                                                                                               <target>ns</target>
                                                                                                               <canonical null="true"/>
                                                                                                               <timeNeeded>0</timeNeeded>
                                                                                                               <content>
                                                                                                                  <ptk:l/>
                                                                                                               </content>
                                                                                                            </ResolveTransclusionLog>
                                                                                                            <ResolveTransclusionLog>
                                                                                                               <success>false</success>
                                                                                                               <target>ns:Template</target>
                                                                                                               <canonical>قالب:Ns:Template</canonical>
                                                                                                               <timeNeeded>204</timeNeeded>
                                                                                                               <content>
                                                                                                                  <ptk:l/>
                                                                                                               </content>
                                                                                                            </ResolveTransclusionLog>
                                                                                                            <ResolveTransclusionLog>
                                                                                                               <success>true</success>
                                                                                                               <target>PAGENAME</target>
                                                                                                               <canonical null="true"/>
                                                                                                               <timeNeeded>0</timeNeeded>
                                                                                                               <content>
                                                                                                                  <ptk:l/>
                                                                                                               </content>
                                                                                                            </ResolveTransclusionLog>
                                                                                                         </ptk:l>
                                                                                                      </content>
                                                                                                   </PpResolverLog>
                                                                                                </ptk:l>
                                                                                             </content>
                                                                                          </CompilerLog>
                                                                                       </ptk:l>
                                                                                    </content>
                                                                                 </ResolveTransclusionLog>
                                                                              </ptk:l>
                                                                           </content>
                                                                        </PpResolverLog>
                                                                     </ptk:l>
                                                                  </content>
                                                               </CompilerLog>
                                                            </ptk:l>
                                                         </content>
                                                      </ResolveTransclusionLog>
                                                      <ResolveTransclusionLog>
                                                         <success>true</success>
                                                         <target>·w</target>
                                                         <canonical>قالب:·w</canonical>
                                                         <timeNeeded>5725</timeNeeded>
                                                         <content>
                                                            <ptk:l>
                                                               <CompilerLog>
                                                                  <title>قالب:·w</title>
                                                                  <revision>163327</revision>
                                                                  <content>
                                                                     <ptk:l>
                                                                        <ValidatorLog>
                                                                           <timeNeeded>0</timeNeeded>
                                                                           <content>
                                                                              <ptk:l/>
                                                                           </content>
                                                                        </ValidatorLog>
                                                                        <PreprocessorLog>
                                                                           <forInclusion>true</forInclusion>
                                                                           <timeNeeded>0</timeNeeded>
                                                                           <content>
                                                                              <ptk:l/>
                                                                           </content>
                                                                        </PreprocessorLog>
                                                                        <PpResolverLog>
                                                                           <timeNeeded>5725</timeNeeded>
                                                                           <content>
                                                                              <ptk:l>
                                                                                 <ResolveRedirectLog>
                                                                                    <success>false</success>
                                                                                    <target>Template:·wrap</target>
                                                                                    <canonical>Template:·wrap</canonical>
                                                                                    <timeNeeded>234</timeNeeded>
                                                                                    <content>
                                                                                       <ptk:l/>
                                                                                    </content>
                                                                                 </ResolveRedirectLog>
                                                                                 <ResolveTransclusionLog>
                                                                                    <success>true</success>
                                                                                    <target>R from other template</target>
                                                                                    <canonical>قالب:R from other template</canonical>
                                                                                    <timeNeeded>5491</timeNeeded>
                                                                                    <content>
                                                                                       <ptk:l>
                                                                                          <CompilerLog>
                                                                                             <title>قالب:R from other template</title>
                                                                                             <revision>121439</revision>
                                                                                             <content>
                                                                                                <ptk:l>
                                                                                                   <ValidatorLog>
                                                                                                      <timeNeeded>0</timeNeeded>
                                                                                                      <content>
                                                                                                         <ptk:l/>
                                                                                                      </content>
                                                                                                   </ValidatorLog>
                                                                                                   <PreprocessorLog>
                                                                                                      <forInclusion>true</forInclusion>
                                                                                                      <timeNeeded>0</timeNeeded>
                                                                                                      <content>
                                                                                                         <ptk:l/>
                                                                                                      </content>
                                                                                                   </PreprocessorLog>
                                                                                                   <PpResolverLog>
                                                                                                      <timeNeeded>5491</timeNeeded>
                                                                                                      <content>
                                                                                                         <ptk:l>
                                                                                                            <ResolveTransclusionLog>
                                                                                                               <success>false</success>
                                                                                                               <target>nowiki</target>
                                                                                                               <canonical null="true"/>
                                                                                                               <timeNeeded>0</timeNeeded>
                                                                                                               <content>
                                                                                                                  <ptk:l/>
                                                                                                               </content>
                                                                                                            </ResolveTransclusionLog>
                                                                                                            <ResolveTransclusionLog>
                                                                                                               <success>true</success>
                                                                                                               <target>Tlx</target>
                                                                                                               <canonical>قالب:Tlx</canonical>
                                                                                                               <timeNeeded>296</timeNeeded>
                                                                                                               <content>
                                                                                                                  <ptk:l>
                                                                                                                     <CompilerLog>
                                                                                                                        <title>قالب:Tlx</title>
                                                                                                                        <revision>225549</revision>
                                                                                                                        <content>
                                                                                                                           <ptk:l>
                                                                                                                              <ValidatorLog>
                                                                                                                                 <timeNeeded>0</timeNeeded>
                                                                                                                                 <content>
                                                                                                                                    <ptk:l/>
                                                                                                                                 </content>
                                                                                                                              </ValidatorLog>
                                                                                                                              <PreprocessorLog>
                                                                                                                                 <forInclusion>true</forInclusion>
                                                                                                                                 <timeNeeded>0</timeNeeded>
                                                                                                                                 <content>
                                                                                                                                    <ptk:l/>
                                                                                                                                 </content>
                                                                                                                              </PreprocessorLog>
                                                                                                                              <PpResolverLog>
                                                                                                                                 <timeNeeded>296</timeNeeded>
                                                                                                                                 <content>
                                                                                                                                    <ptk:l>
                                                                                                                                       <ResolveTransclusionLog>
                                                                                                                                          <success>false</success>
                                                                                                                                          <target>nowiki</target>
                                                                                                                                          <canonical null="true"/>
                                                                                                                                          <timeNeeded>0</timeNeeded>
                                                                                                                                          <content>
                                                                                                                                             <ptk:l/>
                                                                                                                                          </content>
                                                                                                                                       </ResolveTransclusionLog>
                                                                                                                                       <ResolveTransclusionLog>
                                                                                                                                          <success>true</success>
                                                                                                                                          <target>#if</target>
                                                                                                                                          <canonical null="true"/>
                                                                                                                                          <timeNeeded>0</timeNeeded>
                                                                                                                                          <content>
                                                                                                                                             <ptk:l/>
                                                                                                                                          </content>
                                                                                                                                       </ResolveTransclusionLog>
                                                                                                                                       <ResolveTransclusionLog>
                                                                                                                                          <success>true</success>
                                                                                                                                          <target>ns</target>
                                                                                                                                          <canonical null="true"/>
                                                                                                                                          <timeNeeded>0</timeNeeded>
                                                                                                                                          <content>
                                                                                                                                             <ptk:l/>
                                                                                                                                          </content>
                                                                                                                                       </ResolveTransclusionLog>
                                                                                                                                       <ResolveTransclusionLog>
                                                                                                                                          <success>false</success>
                                                                                                                                          <target>ns:Template</target>
                                                                                                                                          <canonical>قالب:Ns:Template</canonical>
                                                                                                                                          <timeNeeded>296</timeNeeded>
                                                                                                                                          <content>
                                                                                                                                             <ptk:l/>
                                                                                                                                          </content>
                                                                                                                                       </ResolveTransclusionLog>
                                                                                                                                       <ResolveTransclusionLog>
                                                                                                                                          <success>true</success>
                                                                                                                                          <target>#if</target>
                                                                                                                                          <canonical null="true"/>
                                                                                                                                          <timeNeeded>0</timeNeeded>
                                                                                                                                          <content>
                                                                                                                                             <ptk:l/>
                                                                                                                                          </content>
                                                                                                                                       </ResolveTransclusionLog>
                                                                                                                                       <ResolveTransclusionLog>
                                                                                                                                          <success>true</success>
                                                                                                                                          <target>#if</target>
                                                                                                                                          <canonical null="true"/>
                                                                                                                                          <timeNeeded>0</timeNeeded>
                                                                                                                                          <content>
                                                                                                                                             <ptk:l/>
                                                                                                                                          </content>
                                                                                                                                       </ResolveTransclusionLog>
                                                                                                                                       <ResolveTransclusionLog>
                                                                                                                                          <success>true</success>
                                                                                                                                          <target>#if</target>
                                                                                                                                          <canonical null="true"/>
                                                                                                                                          <timeNeeded>0</timeNeeded>
                                                                                                                                          <content>
                                                                                                                                             <ptk:l/>
                                                                                                                                          </content>
                                                                                                                                       </ResolveTransclusionLog>
                                                                                                                                       <ResolveTransclusionLog>
                                                                                                                                          <success>true</success>
                                                                                                                                          <target>#if</target>
                                                                                                                                          <canonical null="true"/>
                                                                                                                                          <timeNeeded>0</timeNeeded>
                                                                                                                                          <content>
                                                                                                                                             <ptk:l/>
                                                                                                                                          </content>
                                                                                                                                       </ResolveTransclusionLog>
                                                                                                                                       <ResolveTransclusionLog>
                                                                                                                                          <success>true</success>
                                                                                                                                          <target>#if</target>
                                                                                                                                          <canonical null="true"/>
                                                                                                                                          <timeNeeded>0</timeNeeded>
                                                                                                                                          <content>
                                                                                                                                             <ptk:l/>
                                                                                                                                          </content>
                                                                                                                                       </ResolveTransclusionLog>
                                                                                                                                       <ResolveTransclusionLog>
                                                                                                                                          <success>true</success>
                                                                                                                                          <target>#if</target>
                                                                                                                                          <canonical null="true"/>
                                                                                                                                          <timeNeeded>0</timeNeeded>
                                                                                                                                          <content>
                                                                                                                                             <ptk:l/>
                                                                                                                                          </content>
                                                                                                                                       </ResolveTransclusionLog>
                                                                                                                                       <ResolveTransclusionLog>
                                                                                                                                          <success>true</success>
                                                                                                                                          <target>#if</target>
                                                                                                                                          <canonical null="true"/>
                                                                                                                                          <timeNeeded>0</timeNeeded>
                                                                                                                                          <content>
                                                                                                                                             <ptk:l/>
                                                                                                                                          </content>
                                                                                                                                       </ResolveTransclusionLog>
                                                                                                                                       <ResolveTransclusionLog>
                                                                                                                                          <success>true</success>
                                                                                                                                          <target>#if</target>
                                                                                                                                          <canonical null="true"/>
                                                                                                                                          <timeNeeded>0</timeNeeded>
                                                                                                                                          <content>
                                                                                                                                             <ptk:l/>
                                                                                                                                          </content>
                                                                                                                                       </ResolveTransclusionLog>
                                                                                                                                       <ResolveTransclusionLog>
                                                                                                                                          <success>true</success>
                                                                                                                                          <target>#if</target>
                                                                                                                                          <canonical null="true"/>
                                                                                                                                          <timeNeeded>0</timeNeeded>
                                                                                                                                          <content>
                                                                                                                                             <ptk:l/>
                                                                                                                                          </content>
                                                                                                                                       </ResolveTransclusionLog>
                                                                                                                                       <ResolveTransclusionLog>
                                                                                                                                          <success>true</success>
                                                                                                                                          <target>#if</target>
                                                                                                                                          <canonical null="true"/>
                                                                                                                                          <timeNeeded>0</timeNeeded>
                                                                                                                                          <content>
                                                                                                                                             <ptk:l/>
                                                                                                                                          </content>
                                                                                                                                       </ResolveTransclusionLog>
                                                                                                                                       <ResolveTransclusionLog>
                                                                                                                                          <success>true</success>
                                                                                                                                          <target>#if</target>
                                                                                                                                          <canonical null="true"/>
                                                                                                                                          <timeNeeded>0</timeNeeded>
                                                                                                                                          <content>
                                                                                                                                             <ptk:l/>
                                                                                                                                          </content>
                                                                                                                                       </ResolveTransclusionLog>
                                                                                                                                       <ResolveTransclusionLog>
                                                                                                                                          <success>false</success>
                                                                                                                                          <target>nowiki</target>
                                                                                                                                          <canonical null="true"/>
                                                                                                                                          <timeNeeded>0</timeNeeded>
                                                                                                                                          <content>
                                                                                                                                             <ptk:l/>
                                                                                                                                          </content>
                                                                                                                                       </ResolveTransclusionLog>
                                                                                                                                    </ptk:l>
                                                                                                                                 </content>
                                                                                                                              </PpResolverLog>
                                                                                                                           </ptk:l>
                                                                                                                        </content>
                                                                                                                     </CompilerLog>
                                                                                                                  </ptk:l>
                                                                                                               </content>
                                                                                                            </ResolveTransclusionLog>
                                                                                                            <ResolveTransclusionLog>
                                                                                                               <success>true</success>
                                                                                                               <target>fullurl</target>
                                                                                                               <canonical null="true"/>
                                                                                                               <timeNeeded>4712</timeNeeded>
                                                                                                               <content>
                                                                                                                  <ptk:l/>
                                                                                                               </content>
                                                                                                            </ResolveTransclusionLog>
                                                                                                            <ResolveTransclusionLog>
                                                                                                               <success>true</success>
                                                                                                               <target>#ifeq</target>
                                                                                                               <canonical null="true"/>
                                                                                                               <timeNeeded>483</timeNeeded>
                                                                                                               <content>
                                                                                                                  <ptk:l/>
                                                                                                               </content>
                                                                                                            </ResolveTransclusionLog>
                                                                                                            <ResolveTransclusionLog>
                                                                                                               <success>true</success>
                                                                                                               <target>FULLPAGENAME</target>
                                                                                                               <canonical null="true"/>
                                                                                                               <timeNeeded>0</timeNeeded>
                                                                                                               <content>
                                                                                                                  <ptk:l/>
                                                                                                               </content>
                                                                                                            </ResolveTransclusionLog>
                                                                                                            <ResolveTransclusionLog>
                                                                                                               <success>true</success>
                                                                                                               <target>ns</target>
                                                                                                               <canonical null="true"/>
                                                                                                               <timeNeeded>0</timeNeeded>
                                                                                                               <content>
                                                                                                                  <ptk:l/>
                                                                                                               </content>
                                                                                                            </ResolveTransclusionLog>
                                                                                                            <ResolveTransclusionLog>
                                                                                                               <success>false</success>
                                                                                                               <target>ns:Template</target>
                                                                                                               <canonical>قالب:Ns:Template</canonical>
                                                                                                               <timeNeeded>483</timeNeeded>
                                                                                                               <content>
                                                                                                                  <ptk:l/>
                                                                                                               </content>
                                                                                                            </ResolveTransclusionLog>
                                                                                                            <ResolveTransclusionLog>
                                                                                                               <success>true</success>
                                                                                                               <target>PAGENAME</target>
                                                                                                               <canonical null="true"/>
                                                                                                               <timeNeeded>0</timeNeeded>
                                                                                                               <content>
                                                                                                                  <ptk:l/>
                                                                                                               </content>
                                                                                                            </ResolveTransclusionLog>
                                                                                                         </ptk:l>
                                                                                                      </content>
                                                                                                   </PpResolverLog>
                                                                                                </ptk:l>
                                                                                             </content>
                                                                                          </CompilerLog>
                                                                                       </ptk:l>
                                                                                    </content>
                                                                                 </ResolveTransclusionLog>
                                                                              </ptk:l>
                                                                           </content>
                                                                        </PpResolverLog>
                                                                     </ptk:l>
                                                                  </content>
                                                               </CompilerLog>
                                                            </ptk:l>
                                                         </content>
                                                      </ResolveTransclusionLog>
                                                      <ResolveTransclusionLog>
                                                         <success>true</success>
                                                         <target>·w</target>
                                                         <canonical>قالب:·w</canonical>
                                                         <timeNeeded>1124</timeNeeded>
                                                         <content>
                                                            <ptk:l>
                                                               <CompilerLog>
                                                                  <title>قالب:·w</title>
                                                                  <revision>163327</revision>
                                                                  <content>
                                                                     <ptk:l>
                                                                        <ValidatorLog>
                                                                           <timeNeeded>0</timeNeeded>
                                                                           <content>
                                                                              <ptk:l/>
                                                                           </content>
                                                                        </ValidatorLog>
                                                                        <PreprocessorLog>
                                                                           <forInclusion>true</forInclusion>
                                                                           <timeNeeded>0</timeNeeded>
                                                                           <content>
                                                                              <ptk:l/>
                                                                           </content>
                                                                        </PreprocessorLog>
                                                                        <PpResolverLog>
                                                                           <timeNeeded>1124</timeNeeded>
                                                                           <content>
                                                                              <ptk:l>
                                                                                 <ResolveRedirectLog>
                                                                                    <success>false</success>
                                                                                    <target>Template:·wrap</target>
                                                                                    <canonical>Template:·wrap</canonical>
                                                                                    <timeNeeded>188</timeNeeded>
                                                                                    <content>
                                                                                       <ptk:l/>
                                                                                    </content>
                                                                                 </ResolveRedirectLog>
                                                                                 <ResolveTransclusionLog>
                                                                                    <success>true</success>
                                                                                    <target>R from other template</target>
                                                                                    <canonical>قالب:R from other template</canonical>
                                                                                    <timeNeeded>936</timeNeeded>
                                                                                    <content>
                                                                                       <ptk:l>
                                                                                          <CompilerLog>
                                                                                             <title>قالب:R from other template</title>
                                                                                             <revision>121439</revision>
                                                                                             <content>
                                                                                                <ptk:l>
                                                                                                   <ValidatorLog>
                                                                                                      <timeNeeded>0</timeNeeded>
                                                                                                      <content>
                                                                                                         <ptk:l/>
                                                                                                      </content>
                                                                                                   </ValidatorLog>
                                                                                                   <PreprocessorLog>
                                                                                                      <forInclusion>true</forInclusion>
                                                                                                      <timeNeeded>0</timeNeeded>
                                                                                                      <content>
                                                                                                         <ptk:l/>
                                                                                                      </content>
                                                                                                   </PreprocessorLog>
                                                                                                   <PpResolverLog>
                                                                                                      <timeNeeded>936</timeNeeded>
                                                                                                      <content>
                                                                                                         <ptk:l>
                                                                                                            <ResolveTransclusionLog>
                                                                                                               <success>false</success>
                                                                                                               <target>nowiki</target>
                                                                                                               <canonical null="true"/>
                                                                                                               <timeNeeded>0</timeNeeded>
                                                                                                               <content>
                                                                                                                  <ptk:l/>
                                                                                                               </content>
                                                                                                            </ResolveTransclusionLog>
                                                                                                            <ResolveTransclusionLog>
                                                                                                               <success>true</success>
                                                                                                               <target>Tlx</target>
                                                                                                               <canonical>قالب:Tlx</canonical>
                                                                                                               <timeNeeded>561</timeNeeded>
                                                                                                               <content>
                                                                                                                  <ptk:l>
                                                                                                                     <CompilerLog>
                                                                                                                        <title>قالب:Tlx</title>
                                                                                                                        <revision>225549</revision>
                                                                                                                        <content>
                                                                                                                           <ptk:l>
                                                                                                                              <ValidatorLog>
                                                                                                                                 <timeNeeded>0</timeNeeded>
                                                                                                                                 <content>
                                                                                                                                    <ptk:l/>
                                                                                                                                 </content>
                                                                                                                              </ValidatorLog>
                                                                                                                              <PreprocessorLog>
                                                                                                                                 <forInclusion>true</forInclusion>
                                                                                                                                 <timeNeeded>0</timeNeeded>
                                                                                                                                 <content>
                                                                                                                                    <ptk:l/>
                                                                                                                                 </content>
                                                                                                                              </PreprocessorLog>
                                                                                                                              <PpResolverLog>
                                                                                                                                 <timeNeeded>561</timeNeeded>
                                                                                                                                 <content>
                                                                                                                                    <ptk:l>
                                                                                                                                       <ResolveTransclusionLog>
                                                                                                                                          <success>false</success>
                                                                                                                                          <target>nowiki</target>
                                                                                                                                          <canonical null="true"/>
                                                                                                                                          <timeNeeded>0</timeNeeded>
                                                                                                                                          <content>
                                                                                                                                             <ptk:l/>
                                                                                                                                          </content>
                                                                                                                                       </ResolveTransclusionLog>
                                                                                                                                       <ResolveTransclusionLog>
                                                                                                                                          <success>true</success>
                                                                                                                                          <target>#if</target>
                                                                                                                                          <canonical null="true"/>
                                                                                                                                          <timeNeeded>0</timeNeeded>
                                                                                                                                          <content>
                                                                                                                                             <ptk:l/>
                                                                                                                                          </content>
                                                                                                                                       </ResolveTransclusionLog>
                                                                                                                                       <ResolveTransclusionLog>
                                                                                                                                          <success>true</success>
                                                                                                                                          <target>ns</target>
                                                                                                                                          <canonical null="true"/>
                                                                                                                                          <timeNeeded>0</timeNeeded>
                                                                                                                                          <content>
                                                                                                                                             <ptk:l/>
                                                                                                                                          </content>
                                                                                                                                       </ResolveTransclusionLog>
                                                                                                                                       <ResolveTransclusionLog>
                                                                                                                                          <success>false</success>
                                                                                                                                          <target>ns:Template</target>
                                                                                                                                          <canonical>قالب:Ns:Template</canonical>
                                                                                                                                          <timeNeeded>561</timeNeeded>
                                                                                                                                          <content>
                                                                                                                                             <ptk:l/>
                                                                                                                                          </content>
                                                                                                                                       </ResolveTransclusionLog>
                                                                                                                                       <ResolveTransclusionLog>
                                                                                                                                          <success>true</success>
                                                                                                                                          <target>#if</target>
                                                                                                                                          <canonical null="true"/>
                                                                                                                                          <timeNeeded>0</timeNeeded>
                                                                                                                                          <content>
                                                                                                                                             <ptk:l/>
                                                                                                                                          </content>
                                                                                                                                       </ResolveTransclusionLog>
                                                                                                                                       <ResolveTransclusionLog>
                                                                                                                                          <success>true</success>
                                                                                                                                          <target>#if</target>
                                                                                                                                          <canonical null="true"/>
                                                                                                                                          <timeNeeded>0</timeNeeded>
                                                                                                                                          <content>
                                                                                                                                             <ptk:l/>
                                                                                                                                          </content>
                                                                                                                                       </ResolveTransclusionLog>
                                                                                                                                       <ResolveTransclusionLog>
                                                                                                                                          <success>true</success>
                                                                                                                                          <target>#if</target>
                                                                                                                                          <canonical null="true"/>
                                                                                                                                          <timeNeeded>0</timeNeeded>
                                                                                                                                          <content>
                                                                                                                                             <ptk:l/>
                                                                                                                                          </content>
                                                                                                                                       </ResolveTransclusionLog>
                                                                                                                                       <ResolveTransclusionLog>
                                                                                                                                          <success>true</success>
                                                                                                                                          <target>#if</target>
                                                                                                                                          <canonical null="true"/>
                                                                                                                                          <timeNeeded>0</timeNeeded>
                                                                                                                                          <content>
                                                                                                                                             <ptk:l/>
                                                                                                                                          </content>
                                                                                                                                       </ResolveTransclusionLog>
                                                                                                                                       <ResolveTransclusionLog>
                                                                                                                                          <success>true</success>
                                                                                                                                          <target>#if</target>
                                                                                                                                          <canonical null="true"/>
                                                                                                                                          <timeNeeded>0</timeNeeded>
                                                                                                                                          <content>
                                                                                                                                             <ptk:l/>
                                                                                                                                          </content>
                                                                                                                                       </ResolveTransclusionLog>
                                                                                                                                       <ResolveTransclusionLog>
                                                                                                                                          <success>true</success>
                                                                                                                                          <target>#if</target>
                                                                                                                                          <canonical null="true"/>
                                                                                                                                          <timeNeeded>0</timeNeeded>
                                                                                                                                          <content>
                                                                                                                                             <ptk:l/>
                                                                                                                                          </content>
                                                                                                                                       </ResolveTransclusionLog>
                                                                                                                                       <ResolveTransclusionLog>
                                                                                                                                          <success>true</success>
                                                                                                                                          <target>#if</target>
                                                                                                                                          <canonical null="true"/>
                                                                                                                                          <timeNeeded>0</timeNeeded>
                                                                                                                                          <content>
                                                                                                                                             <ptk:l/>
                                                                                                                                          </content>
                                                                                                                                       </ResolveTransclusionLog>
                                                                                                                                       <ResolveTransclusionLog>
                                                                                                                                          <success>true</success>
                                                                                                                                          <target>#if</target>
                                                                                                                                          <canonical null="true"/>
                                                                                                                                          <timeNeeded>0</timeNeeded>
                                                                                                                                          <content>
                                                                                                                                             <ptk:l/>
                                                                                                                                          </content>
                                                                                                                                       </ResolveTransclusionLog>
                                                                                                                                       <ResolveTransclusionLog>
                                                                                                                                          <success>true</success>
                                                                                                                                          <target>#if</target>
                                                                                                                                          <canonical null="true"/>
                                                                                                                                          <timeNeeded>0</timeNeeded>
                                                                                                                                          <content>
                                                                                                                                             <ptk:l/>
                                                                                                                                          </content>
                                                                                                                                       </ResolveTransclusionLog>
                                                                                                                                       <ResolveTransclusionLog>
                                                                                                                                          <success>true</success>
                                                                                                                                          <target>#if</target>
                                                                                                                                          <canonical null="true"/>
                                                                                                                                          <timeNeeded>0</timeNeeded>
                                                                                                                                          <content>
                                                                                                                                             <ptk:l/>
                                                                                                                                          </content>
                                                                                                                                       </ResolveTransclusionLog>
                                                                                                                                       <ResolveTransclusionLog>
                                                                                                                                          <success>true</success>
                                                                                                                                          <target>#if</target>
                                                                                                                                          <canonical null="true"/>
                                                                                                                                          <timeNeeded>0</timeNeeded>
                                                                                                                                          <content>
                                                                                                                                             <ptk:l/>
                                                                                                                                          </content>
                                                                                                                                       </ResolveTransclusionLog>
                                                                                                                                       <ResolveTransclusionLog>
                                                                                                                                          <success>false</success>
                                                                                                                                          <target>nowiki</target>
                                                                                                                                          <canonical null="true"/>
                                                                                                                                          <timeNeeded>0</timeNeeded>
                                                                                                                                          <content>
                                                                                                                                             <ptk:l/>
                                                                                                                                          </content>
                                                                                                                                       </ResolveTransclusionLog>
                                                                                                                                    </ptk:l>
                                                                                                                                 </content>
                                                                                                                              </PpResolverLog>
                                                                                                                           </ptk:l>
                                                                                                                        </content>
                                                                                                                     </CompilerLog>
                                                                                                                  </ptk:l>
                                                                                                               </content>
                                                                                                            </ResolveTransclusionLog>
                                                                                                            <ResolveTransclusionLog>
                                                                                                               <success>true</success>
                                                                                                               <target>fullurl</target>
                                                                                                               <canonical null="true"/>
                                                                                                               <timeNeeded>203</timeNeeded>
                                                                                                               <content>
                                                                                                                  <ptk:l/>
                                                                                                               </content>
                                                                                                            </ResolveTransclusionLog>
                                                                                                            <ResolveTransclusionLog>
                                                                                                               <success>true</success>
                                                                                                               <target>#ifeq</target>
                                                                                                               <canonical null="true"/>
                                                                                                               <timeNeeded>172</timeNeeded>
                                                                                                               <content>
                                                                                                                  <ptk:l/>
                                                                                                               </content>
                                                                                                            </ResolveTransclusionLog>
                                                                                                            <ResolveTransclusionLog>
                                                                                                               <success>true</success>
                                                                                                               <target>FULLPAGENAME</target>
                                                                                                               <canonical null="true"/>
                                                                                                               <timeNeeded>0</timeNeeded>
                                                                                                               <content>
                                                                                                                  <ptk:l/>
                                                                                                               </content>
                                                                                                            </ResolveTransclusionLog>
                                                                                                            <ResolveTransclusionLog>
                                                                                                               <success>true</success>
                                                                                                               <target>ns</target>
                                                                                                               <canonical null="true"/>
                                                                                                               <timeNeeded>0</timeNeeded>
                                                                                                               <content>
                                                                                                                  <ptk:l/>
                                                                                                               </content>
                                                                                                            </ResolveTransclusionLog>
                                                                                                            <ResolveTransclusionLog>
                                                                                                               <success>false</success>
                                                                                                               <target>ns:Template</target>
                                                                                                               <canonical>قالب:Ns:Template</canonical>
                                                                                                               <timeNeeded>172</timeNeeded>
                                                                                                               <content>
                                                                                                                  <ptk:l/>
                                                                                                               </content>
                                                                                                            </ResolveTransclusionLog>
                                                                                                            <ResolveTransclusionLog>
                                                                                                               <success>true</success>
                                                                                                               <target>PAGENAME</target>
                                                                                                               <canonical null="true"/>
                                                                                                               <timeNeeded>0</timeNeeded>
                                                                                                               <content>
                                                                                                                  <ptk:l/>
                                                                                                               </content>
                                                                                                            </ResolveTransclusionLog>
                                                                                                         </ptk:l>
                                                                                                      </content>
                                                                                                   </PpResolverLog>
                                                                                                </ptk:l>
                                                                                             </content>
                                                                                          </CompilerLog>
                                                                                       </ptk:l>
                                                                                    </content>
                                                                                 </ResolveTransclusionLog>
                                                                              </ptk:l>
                                                                           </content>
                                                                        </PpResolverLog>
                                                                     </ptk:l>
                                                                  </content>
                                                               </CompilerLog>
                                                            </ptk:l>
                                                         </content>
                                                      </ResolveTransclusionLog>
                                                      <ResolveTransclusionLog>
                                                         <success>true</success>
                                                         <target>·w</target>
                                                         <canonical>قالب:·w</canonical>
                                                         <timeNeeded>889</timeNeeded>
                                                         <content>
                                                            <ptk:l>
                                                               <CompilerLog>
                                                                  <title>قالب:·w</title>
                                                                  <revision>163327</revision>
                                                                  <content>
                                                                     <ptk:l>
                                                                        <ValidatorLog>
                                                                           <timeNeeded>0</timeNeeded>
                                                                           <content>
                                                                              <ptk:l/>
                                                                           </content>
                                                                        </ValidatorLog>
                                                                        <PreprocessorLog>
                                                                           <forInclusion>true</forInclusion>
                                                                           <timeNeeded>0</timeNeeded>
                                                                           <content>
                                                                              <ptk:l/>
                                                                           </content>
                                                                        </PreprocessorLog>
                                                                        <PpResolverLog>
                                                                           <timeNeeded>889</timeNeeded>
                                                                           <content>
                                                                              <ptk:l>
                                                                                 <ResolveRedirectLog>
                                                                                    <success>false</success>
                                                                                    <target>Template:·wrap</target>
                                                                                    <canonical>Template:·wrap</canonical>
                                                                                    <timeNeeded>171</timeNeeded>
                                                                                    <content>
                                                                                       <ptk:l/>
                                                                                    </content>
                                                                                 </ResolveRedirectLog>
                                                                                 <ResolveTransclusionLog>
                                                                                    <success>true</success>
                                                                                    <target>R from other template</target>
                                                                                    <canonical>قالب:R from other template</canonical>
                                                                                    <timeNeeded>718</timeNeeded>
                                                                                    <content>
                                                                                       <ptk:l>
                                                                                          <CompilerLog>
                                                                                             <title>قالب:R from other template</title>
                                                                                             <revision>121439</revision>
                                                                                             <content>
                                                                                                <ptk:l>
                                                                                                   <ValidatorLog>
                                                                                                      <timeNeeded>0</timeNeeded>
                                                                                                      <content>
                                                                                                         <ptk:l/>
                                                                                                      </content>
                                                                                                   </ValidatorLog>
                                                                                                   <PreprocessorLog>
                                                                                                      <forInclusion>true</forInclusion>
                                                                                                      <timeNeeded>0</timeNeeded>
                                                                                                      <content>
                                                                                                         <ptk:l/>
                                                                                                      </content>
                                                                                                   </PreprocessorLog>
                                                                                                   <PpResolverLog>
                                                                                                      <timeNeeded>718</timeNeeded>
                                                                                                      <content>
                                                                                                         <ptk:l>
                                                                                                            <ResolveTransclusionLog>
                                                                                                               <success>false</success>
                                                                                                               <target>nowiki</target>
                                                                                                               <canonical null="true"/>
                                                                                                               <timeNeeded>0</timeNeeded>
                                                                                                               <content>
                                                                                                                  <ptk:l/>
                                                                                                               </content>
                                                                                                            </ResolveTransclusionLog>
                                                                                                            <ResolveTransclusionLog>
                                                                                                               <success>true</success>
                                                                                                               <target>Tlx</target>
                                                                                                               <canonical>قالب:Tlx</canonical>
                                                                                                               <timeNeeded>187</timeNeeded>
                                                                                                               <content>
                                                                                                                  <ptk:l>
                                                                                                                     <CompilerLog>
                                                                                                                        <title>قالب:Tlx</title>
                                                                                                                        <revision>225549</revision>
                                                                                                                        <content>
                                                                                                                           <ptk:l>
                                                                                                                              <ValidatorLog>
                                                                                                                                 <timeNeeded>0</timeNeeded>
                                                                                                                                 <content>
                                                                                                                                    <ptk:l/>
                                                                                                                                 </content>
                                                                                                                              </ValidatorLog>
                                                                                                                              <PreprocessorLog>
                                                                                                                                 <forInclusion>true</forInclusion>
                                                                                                                                 <timeNeeded>0</timeNeeded>
                                                                                                                                 <content>
                                                                                                                                    <ptk:l/>
                                                                                                                                 </content>
                                                                                                                              </PreprocessorLog>
                                                                                                                              <PpResolverLog>
                                                                                                                                 <timeNeeded>187</timeNeeded>
                                                                                                                                 <content>
                                                                                                                                    <ptk:l>
                                                                                                                                       <ResolveTransclusionLog>
                                                                                                                                          <success>false</success>
                                                                                                                                          <target>nowiki</target>
                                                                                                                                          <canonical null="true"/>
                                                                                                                                          <timeNeeded>0</timeNeeded>
                                                                                                                                          <content>
                                                                                                                                             <ptk:l/>
                                                                                                                                          </content>
                                                                                                                                       </ResolveTransclusionLog>
                                                                                                                                       <ResolveTransclusionLog>
                                                                                                                                          <success>true</success>
                                                                                                                                          <target>#if</target>
                                                                                                                                          <canonical null="true"/>
                                                                                                                                          <timeNeeded>0</timeNeeded>
                                                                                                                                          <content>
                                                                                                                                             <ptk:l/>
                                                                                                                                          </content>
                                                                                                                                       </ResolveTransclusionLog>
                                                                                                                                       <ResolveTransclusionLog>
                                                                                                                                          <success>true</success>
                                                                                                                                          <target>ns</target>
                                                                                                                                          <canonical null="true"/>
                                                                                                                                          <timeNeeded>0</timeNeeded>
                                                                                                                                          <content>
                                                                                                                                             <ptk:l/>
                                                                                                                                          </content>
                                                                                                                                       </ResolveTransclusionLog>
                                                                                                                                       <ResolveTransclusionLog>
                                                                                                                                          <success>false</success>
                                                                                                                                          <target>ns:Template</target>
                                                                                                                                          <canonical>قالب:Ns:Template</canonical>
                                                                                                                                          <timeNeeded>187</timeNeeded>
                                                                                                                                          <content>
                                                                                                                                             <ptk:l/>
                                                                                                                                          </content>
                                                                                                                                       </ResolveTransclusionLog>
                                                                                                                                       <ResolveTransclusionLog>
                                                                                                                                          <success>true</success>
                                                                                                                                          <target>#if</target>
                                                                                                                                          <canonical null="true"/>
                                                                                                                                          <timeNeeded>0</timeNeeded>
                                                                                                                                          <content>
                                                                                                                                             <ptk:l/>
                                                                                                                                          </content>
                                                                                                                                       </ResolveTransclusionLog>
                                                                                                                                       <ResolveTransclusionLog>
                                                                                                                                          <success>true</success>
                                                                                                                                          <target>#if</target>
                                                                                                                                          <canonical null="true"/>
                                                                                                                                          <timeNeeded>0</timeNeeded>
                                                                                                                                          <content>
                                                                                                                                             <ptk:l/>
                                                                                                                                          </content>
                                                                                                                                       </ResolveTransclusionLog>
                                                                                                                                       <ResolveTransclusionLog>
                                                                                                                                          <success>true</success>
                                                                                                                                          <target>#if</target>
                                                                                                                                          <canonical null="true"/>
                                                                                                                                          <timeNeeded>0</timeNeeded>
                                                                                                                                          <content>
                                                                                                                                             <ptk:l/>
                                                                                                                                          </content>
                                                                                                                                       </ResolveTransclusionLog>
                                                                                                                                       <ResolveTransclusionLog>
                                                                                                                                          <success>true</success>
                                                                                                                                          <target>#if</target>
                                                                                                                                          <canonical null="true"/>
                                                                                                                                          <timeNeeded>0</timeNeeded>
                                                                                                                                          <content>
                                                                                                                                             <ptk:l/>
                                                                                                                                          </content>
                                                                                                                                       </ResolveTransclusionLog>
                                                                                                                                       <ResolveTransclusionLog>
                                                                                                                                          <success>true</success>
                                                                                                                                          <target>#if</target>
                                                                                                                                          <canonical null="true"/>
                                                                                                                                          <timeNeeded>0</timeNeeded>
                                                                                                                                          <content>
                                                                                                                                             <ptk:l/>
                                                                                                                                          </content>
                                                                                                                                       </ResolveTransclusionLog>
                                                                                                                                       <ResolveTransclusionLog>
                                                                                                                                          <success>true</success>
                                                                                                                                          <target>#if</target>
                                                                                                                                          <canonical null="true"/>
                                                                                                                                          <timeNeeded>0</timeNeeded>
                                                                                                                                          <content>
                                                                                                                                             <ptk:l/>
                                                                                                                                          </content>
                                                                                                                                       </ResolveTransclusionLog>
                                                                                                                                       <ResolveTransclusionLog>
                                                                                                                                          <success>true</success>
                                                                                                                                          <target>#if</target>
                                                                                                                                          <canonical null="true"/>
                                                                                                                                          <timeNeeded>0</timeNeeded>
                                                                                                                                          <content>
                                                                                                                                             <ptk:l/>
                                                                                                                                          </content>
                                                                                                                                       </ResolveTransclusionLog>
                                                                                                                                       <ResolveTransclusionLog>
                                                                                                                                          <success>true</success>
                                                                                                                                          <target>#if</target>
                                                                                                                                          <canonical null="true"/>
                                                                                                                                          <timeNeeded>0</timeNeeded>
                                                                                                                                          <content>
                                                                                                                                             <ptk:l/>
                                                                                                                                          </content>
                                                                                                                                       </ResolveTransclusionLog>
                                                                                                                                       <ResolveTransclusionLog>
                                                                                                                                          <success>true</success>
                                                                                                                                          <target>#if</target>
                                                                                                                                          <canonical null="true"/>
                                                                                                                                          <timeNeeded>0</timeNeeded>
                                                                                                                                          <content>
                                                                                                                                             <ptk:l/>
                                                                                                                                          </content>
                                                                                                                                       </ResolveTransclusionLog>
                                                                                                                                       <ResolveTransclusionLog>
                                                                                                                                          <success>true</success>
                                                                                                                                          <target>#if</target>
                                                                                                                                          <canonical null="true"/>
                                                                                                                                          <timeNeeded>0</timeNeeded>
                                                                                                                                          <content>
                                                                                                                                             <ptk:l/>
                                                                                                                                          </content>
                                                                                                                                       </ResolveTransclusionLog>
                                                                                                                                       <ResolveTransclusionLog>
                                                                                                                                          <success>true</success>
                                                                                                                                          <target>#if</target>
                                                                                                                                          <canonical null="true"/>
                                                                                                                                          <timeNeeded>0</timeNeeded>
                                                                                                                                          <content>
                                                                                                                                             <ptk:l/>
                                                                                                                                          </content>
                                                                                                                                       </ResolveTransclusionLog>
                                                                                                                                       <ResolveTransclusionLog>
                                                                                                                                          <success>false</success>
                                                                                                                                          <target>nowiki</target>
                                                                                                                                          <canonical null="true"/>
                                                                                                                                          <timeNeeded>0</timeNeeded>
                                                                                                                                          <content>
                                                                                                                                             <ptk:l/>
                                                                                                                                          </content>
                                                                                                                                       </ResolveTransclusionLog>
                                                                                                                                    </ptk:l>
                                                                                                                                 </content>
                                                                                                                              </PpResolverLog>
                                                                                                                           </ptk:l>
                                                                                                                        </content>
                                                                                                                     </CompilerLog>
                                                                                                                  </ptk:l>
                                                                                                               </content>
                                                                                                            </ResolveTransclusionLog>
                                                                                                            <ResolveTransclusionLog>
                                                                                                               <success>true</success>
                                                                                                               <target>fullurl</target>
                                                                                                               <canonical null="true"/>
                                                                                                               <timeNeeded>297</timeNeeded>
                                                                                                               <content>
                                                                                                                  <ptk:l/>
                                                                                                               </content>
                                                                                                            </ResolveTransclusionLog>
                                                                                                            <ResolveTransclusionLog>
                                                                                                               <success>true</success>
                                                                                                               <target>#ifeq</target>
                                                                                                               <canonical null="true"/>
                                                                                                               <timeNeeded>234</timeNeeded>
                                                                                                               <content>
                                                                                                                  <ptk:l/>
                                                                                                               </content>
                                                                                                            </ResolveTransclusionLog>
                                                                                                            <ResolveTransclusionLog>
                                                                                                               <success>true</success>
                                                                                                               <target>FULLPAGENAME</target>
                                                                                                               <canonical null="true"/>
                                                                                                               <timeNeeded>0</timeNeeded>
                                                                                                               <content>
                                                                                                                  <ptk:l/>
                                                                                                               </content>
                                                                                                            </ResolveTransclusionLog>
                                                                                                            <ResolveTransclusionLog>
                                                                                                               <success>true</success>
                                                                                                               <target>ns</target>
                                                                                                               <canonical null="true"/>
                                                                                                               <timeNeeded>0</timeNeeded>
                                                                                                               <content>
                                                                                                                  <ptk:l/>
                                                                                                               </content>
                                                                                                            </ResolveTransclusionLog>
                                                                                                            <ResolveTransclusionLog>
                                                                                                               <success>false</success>
                                                                                                               <target>ns:Template</target>
                                                                                                               <canonical>قالب:Ns:Template</canonical>
                                                                                                               <timeNeeded>234</timeNeeded>
                                                                                                               <content>
                                                                                                                  <ptk:l/>
                                                                                                               </content>
                                                                                                            </ResolveTransclusionLog>
                                                                                                            <ResolveTransclusionLog>
                                                                                                               <success>true</success>
                                                                                                               <target>PAGENAME</target>
                                                                                                               <canonical null="true"/>
                                                                                                               <timeNeeded>0</timeNeeded>
                                                                                                               <content>
                                                                                                                  <ptk:l/>
                                                                                                               </content>
                                                                                                            </ResolveTransclusionLog>
                                                                                                         </ptk:l>
                                                                                                      </content>
                                                                                                   </PpResolverLog>
                                                                                                </ptk:l>
                                                                                             </content>
                                                                                          </CompilerLog>
                                                                                       </ptk:l>
                                                                                    </content>
                                                                                 </ResolveTransclusionLog>
                                                                              </ptk:l>
                                                                           </content>
                                                                        </PpResolverLog>
                                                                     </ptk:l>
                                                                  </content>
                                                               </CompilerLog>
                                                            </ptk:l>
                                                         </content>
                                                      </ResolveTransclusionLog>
                                                      <ResolveTransclusionLog>
                                                         <success>true</success>
                                                         <target>·w</target>
                                                         <canonical>قالب:·w</canonical>
                                                         <timeNeeded>858</timeNeeded>
                                                         <content>
                                                            <ptk:l>
                                                               <CompilerLog>
                                                                  <title>قالب:·w</title>
                                                                  <revision>163327</revision>
                                                                  <content>
                                                                     <ptk:l>
                                                                        <ValidatorLog>
                                                                           <timeNeeded>0</timeNeeded>
                                                                           <content>
                                                                              <ptk:l/>
                                                                           </content>
                                                                        </ValidatorLog>
                                                                        <PreprocessorLog>
                                                                           <forInclusion>true</forInclusion>
                                                                           <timeNeeded>0</timeNeeded>
                                                                           <content>
                                                                              <ptk:l/>
                                                                           </content>
                                                                        </PreprocessorLog>
                                                                        <PpResolverLog>
                                                                           <timeNeeded>858</timeNeeded>
                                                                           <content>
                                                                              <ptk:l>
                                                                                 <ResolveRedirectLog>
                                                                                    <success>false</success>
                                                                                    <target>Template:·wrap</target>
                                                                                    <canonical>Template:·wrap</canonical>
                                                                                    <timeNeeded>218</timeNeeded>
                                                                                    <content>
                                                                                       <ptk:l/>
                                                                                    </content>
                                                                                 </ResolveRedirectLog>
                                                                                 <ResolveTransclusionLog>
                                                                                    <success>true</success>
                                                                                    <target>R from other template</target>
                                                                                    <canonical>قالب:R from other template</canonical>
                                                                                    <timeNeeded>640</timeNeeded>
                                                                                    <content>
                                                                                       <ptk:l>
                                                                                          <CompilerLog>
                                                                                             <title>قالب:R from other template</title>
                                                                                             <revision>121439</revision>
                                                                                             <content>
                                                                                                <ptk:l>
                                                                                                   <ValidatorLog>
                                                                                                      <timeNeeded>0</timeNeeded>
                                                                                                      <content>
                                                                                                         <ptk:l/>
                                                                                                      </content>
                                                                                                   </ValidatorLog>
                                                                                                   <PreprocessorLog>
                                                                                                      <forInclusion>true</forInclusion>
                                                                                                      <timeNeeded>0</timeNeeded>
                                                                                                      <content>
                                                                                                         <ptk:l/>
                                                                                                      </content>
                                                                                                   </PreprocessorLog>
                                                                                                   <PpResolverLog>
                                                                                                      <timeNeeded>640</timeNeeded>
                                                                                                      <content>
                                                                                                         <ptk:l>
                                                                                                            <ResolveTransclusionLog>
                                                                                                               <success>false</success>
                                                                                                               <target>nowiki</target>
                                                                                                               <canonical null="true"/>
                                                                                                               <timeNeeded>0</timeNeeded>
                                                                                                               <content>
                                                                                                                  <ptk:l/>
                                                                                                               </content>
                                                                                                            </ResolveTransclusionLog>
                                                                                                            <ResolveTransclusionLog>
                                                                                                               <success>true</success>
                                                                                                               <target>Tlx</target>
                                                                                                               <canonical>قالب:Tlx</canonical>
                                                                                                               <timeNeeded>203</timeNeeded>
                                                                                                               <content>
                                                                                                                  <ptk:l>
                                                                                                                     <CompilerLog>
                                                                                                                        <title>قالب:Tlx</title>
                                                                                                                        <revision>225549</revision>
                                                                                                                        <content>
                                                                                                                           <ptk:l>
                                                                                                                              <ValidatorLog>
                                                                                                                                 <timeNeeded>0</timeNeeded>
                                                                                                                                 <content>
                                                                                                                                    <ptk:l/>
                                                                                                                                 </content>
                                                                                                                              </ValidatorLog>
                                                                                                                              <PreprocessorLog>
                                                                                                                                 <forInclusion>true</forInclusion>
                                                                                                                                 <timeNeeded>0</timeNeeded>
                                                                                                                                 <content>
                                                                                                                                    <ptk:l/>
                                                                                                                                 </content>
                                                                                                                              </PreprocessorLog>
                                                                                                                              <PpResolverLog>
                                                                                                                                 <timeNeeded>203</timeNeeded>
                                                                                                                                 <content>
                                                                                                                                    <ptk:l>
                                                                                                                                       <ResolveTransclusionLog>
                                                                                                                                          <success>false</success>
                                                                                                                                          <target>nowiki</target>
                                                                                                                                          <canonical null="true"/>
                                                                                                                                          <timeNeeded>0</timeNeeded>
                                                                                                                                          <content>
                                                                                                                                             <ptk:l/>
                                                                                                                                          </content>
                                                                                                                                       </ResolveTransclusionLog>
                                                                                                                                       <ResolveTransclusionLog>
                                                                                                                                          <success>true</success>
                                                                                                                                          <target>#if</target>
                                                                                                                                          <canonical null="true"/>
                                                                                                                                          <timeNeeded>0</timeNeeded>
                                                                                                                                          <content>
                                                                                                                                             <ptk:l/>
                                                                                                                                          </content>
                                                                                                                                       </ResolveTransclusionLog>
                                                                                                                                       <ResolveTransclusionLog>
                                                                                                                                          <success>true</success>
                                                                                                                                          <target>ns</target>
                                                                                                                                          <canonical null="true"/>
                                                                                                                                          <timeNeeded>0</timeNeeded>
                                                                                                                                          <content>
                                                                                                                                             <ptk:l/>
                                                                                                                                          </content>
                                                                                                                                       </ResolveTransclusionLog>
                                                                                                                                       <ResolveTransclusionLog>
                                                                                                                                          <success>false</success>
                                                                                                                                          <target>ns:Template</target>
                                                                                                                                          <canonical>قالب:Ns:Template</canonical>
                                                                                                                                          <timeNeeded>203</timeNeeded>
                                                                                                                                          <content>
                                                                                                                                             <ptk:l/>
                                                                                                                                          </content>
                                                                                                                                       </ResolveTransclusionLog>
                                                                                                                                       <ResolveTransclusionLog>
                                                                                                                                          <success>true</success>
                                                                                                                                          <target>#if</target>
                                                                                                                                          <canonical null="true"/>
                                                                                                                                          <timeNeeded>0</timeNeeded>
                                                                                                                                          <content>
                                                                                                                                             <ptk:l/>
                                                                                                                                          </content>
                                                                                                                                       </ResolveTransclusionLog>
                                                                                                                                       <ResolveTransclusionLog>
                                                                                                                                          <success>true</success>
                                                                                                                                          <target>#if</target>
                                                                                                                                          <canonical null="true"/>
                                                                                                                                          <timeNeeded>0</timeNeeded>
                                                                                                                                          <content>
                                                                                                                                             <ptk:l/>
                                                                                                                                          </content>
                                                                                                                                       </ResolveTransclusionLog>
                                                                                                                                       <ResolveTransclusionLog>
                                                                                                                                          <success>true</success>
                                                                                                                                          <target>#if</target>
                                                                                                                                          <canonical null="true"/>
                                                                                                                                          <timeNeeded>0</timeNeeded>
                                                                                                                                          <content>
                                                                                                                                             <ptk:l/>
                                                                                                                                          </content>
                                                                                                                                       </ResolveTransclusionLog>
                                                                                                                                       <ResolveTransclusionLog>
                                                                                                                                          <success>true</success>
                                                                                                                                          <target>#if</target>
                                                                                                                                          <canonical null="true"/>
                                                                                                                                          <timeNeeded>0</timeNeeded>
                                                                                                                                          <content>
                                                                                                                                             <ptk:l/>
                                                                                                                                          </content>
                                                                                                                                       </ResolveTransclusionLog>
                                                                                                                                       <ResolveTransclusionLog>
                                                                                                                                          <success>true</success>
                                                                                                                                          <target>#if</target>
                                                                                                                                          <canonical null="true"/>
                                                                                                                                          <timeNeeded>0</timeNeeded>
                                                                                                                                          <content>
                                                                                                                                             <ptk:l/>
                                                                                                                                          </content>
                                                                                                                                       </ResolveTransclusionLog>
                                                                                                                                       <ResolveTransclusionLog>
                                                                                                                                          <success>true</success>
                                                                                                                                          <target>#if</target>
                                                                                                                                          <canonical null="true"/>
                                                                                                                                          <timeNeeded>0</timeNeeded>
                                                                                                                                          <content>
                                                                                                                                             <ptk:l/>
                                                                                                                                          </content>
                                                                                                                                       </ResolveTransclusionLog>
                                                                                                                                       <ResolveTransclusionLog>
                                                                                                                                          <success>true</success>
                                                                                                                                          <target>#if</target>
                                                                                                                                          <canonical null="true"/>
                                                                                                                                          <timeNeeded>0</timeNeeded>
                                                                                                                                          <content>
                                                                                                                                             <ptk:l/>
                                                                                                                                          </content>
                                                                                                                                       </ResolveTransclusionLog>
                                                                                                                                       <ResolveTransclusionLog>
                                                                                                                                          <success>true</success>
                                                                                                                                          <target>#if</target>
                                                                                                                                          <canonical null="true"/>
                                                                                                                                          <timeNeeded>0</timeNeeded>
                                                                                                                                          <content>
                                                                                                                                             <ptk:l/>
                                                                                                                                          </content>
                                                                                                                                       </ResolveTransclusionLog>
                                                                                                                                       <ResolveTransclusionLog>
                                                                                                                                          <success>true</success>
                                                                                                                                          <target>#if</target>
                                                                                                                                          <canonical null="true"/>
                                                                                                                                          <timeNeeded>0</timeNeeded>
                                                                                                                                          <content>
                                                                                                                                             <ptk:l/>
                                                                                                                                          </content>
                                                                                                                                       </ResolveTransclusionLog>
                                                                                                                                       <ResolveTransclusionLog>
                                                                                                                                          <success>true</success>
                                                                                                                                          <target>#if</target>
                                                                                                                                          <canonical null="true"/>
                                                                                                                                          <timeNeeded>0</timeNeeded>
                                                                                                                                          <content>
                                                                                                                                             <ptk:l/>
                                                                                                                                          </content>
                                                                                                                                       </ResolveTransclusionLog>
                                                                                                                                       <ResolveTransclusionLog>
                                                                                                                                          <success>true</success>
                                                                                                                                          <target>#if</target>
                                                                                                                                          <canonical null="true"/>
                                                                                                                                          <timeNeeded>0</timeNeeded>
                                                                                                                                          <content>
                                                                                                                                             <ptk:l/>
                                                                                                                                          </content>
                                                                                                                                       </ResolveTransclusionLog>
                                                                                                                                       <ResolveTransclusionLog>
                                                                                                                                          <success>false</success>
                                                                                                                                          <target>nowiki</target>
                                                                                                                                          <canonical null="true"/>
                                                                                                                                          <timeNeeded>0</timeNeeded>
                                                                                                                                          <content>
                                                                                                                                             <ptk:l/>
                                                                                                                                          </content>
                                                                                                                                       </ResolveTransclusionLog>
                                                                                                                                    </ptk:l>
                                                                                                                                 </content>
                                                                                                                              </PpResolverLog>
                                                                                                                           </ptk:l>
                                                                                                                        </content>
                                                                                                                     </CompilerLog>
                                                                                                                  </ptk:l>
                                                                                                               </content>
                                                                                                            </ResolveTransclusionLog>
                                                                                                            <ResolveTransclusionLog>
                                                                                                               <success>true</success>
                                                                                                               <target>fullurl</target>
                                                                                                               <canonical null="true"/>
                                                                                                               <timeNeeded>218</timeNeeded>
                                                                                                               <content>
                                                                                                                  <ptk:l/>
                                                                                                               </content>
                                                                                                            </ResolveTransclusionLog>
                                                                                                            <ResolveTransclusionLog>
                                                                                                               <success>true</success>
                                                                                                               <target>#ifeq</target>
                                                                                                               <canonical null="true"/>
                                                                                                               <timeNeeded>219</timeNeeded>
                                                                                                               <content>
                                                                                                                  <ptk:l/>
                                                                                                               </content>
                                                                                                            </ResolveTransclusionLog>
                                                                                                            <ResolveTransclusionLog>
                                                                                                               <success>true</success>
                                                                                                               <target>FULLPAGENAME</target>
                                                                                                               <canonical null="true"/>
                                                                                                               <timeNeeded>0</timeNeeded>
                                                                                                               <content>
                                                                                                                  <ptk:l/>
                                                                                                               </content>
                                                                                                            </ResolveTransclusionLog>
                                                                                                            <ResolveTransclusionLog>
                                                                                                               <success>true</success>
                                                                                                               <target>ns</target>
                                                                                                               <canonical null="true"/>
                                                                                                               <timeNeeded>0</timeNeeded>
                                                                                                               <content>
                                                                                                                  <ptk:l/>
                                                                                                               </content>
                                                                                                            </ResolveTransclusionLog>
                                                                                                            <ResolveTransclusionLog>
                                                                                                               <success>false</success>
                                                                                                               <target>ns:Template</target>
                                                                                                               <canonical>قالب:Ns:Template</canonical>
                                                                                                               <timeNeeded>219</timeNeeded>
                                                                                                               <content>
                                                                                                                  <ptk:l/>
                                                                                                               </content>
                                                                                                            </ResolveTransclusionLog>
                                                                                                            <ResolveTransclusionLog>
                                                                                                               <success>true</success>
                                                                                                               <target>PAGENAME</target>
                                                                                                               <canonical null="true"/>
                                                                                                               <timeNeeded>0</timeNeeded>
                                                                                                               <content>
                                                                                                                  <ptk:l/>
                                                                                                               </content>
                                                                                                            </ResolveTransclusionLog>
                                                                                                         </ptk:l>
                                                                                                      </content>
                                                                                                   </PpResolverLog>
                                                                                                </ptk:l>
                                                                                             </content>
                                                                                          </CompilerLog>
                                                                                       </ptk:l>
                                                                                    </content>
                                                                                 </ResolveTransclusionLog>
                                                                              </ptk:l>
                                                                           </content>
                                                                        </PpResolverLog>
                                                                     </ptk:l>
                                                                  </content>
                                                               </CompilerLog>
                                                            </ptk:l>
                                                         </content>
                                                      </ResolveTransclusionLog>
                                                      <ResolveTransclusionLog>
                                                         <success>true</success>
                                                         <target>·w</target>
                                                         <canonical>قالب:·w</canonical>
                                                         <timeNeeded>1232</timeNeeded>
                                                         <content>
                                                            <ptk:l>
                                                               <CompilerLog>
                                                                  <title>قالب:·w</title>
                                                                  <revision>163327</revision>
                                                                  <content>
                                                                     <ptk:l>
                                                                        <ValidatorLog>
                                                                           <timeNeeded>0</timeNeeded>
                                                                           <content>
                                                                              <ptk:l/>
                                                                           </content>
                                                                        </ValidatorLog>
                                                                        <PreprocessorLog>
                                                                           <forInclusion>true</forInclusion>
                                                                           <timeNeeded>0</timeNeeded>
                                                                           <content>
                                                                              <ptk:l/>
                                                                           </content>
                                                                        </PreprocessorLog>
                                                                        <PpResolverLog>
                                                                           <timeNeeded>1232</timeNeeded>
                                                                           <content>
                                                                              <ptk:l>
                                                                                 <ResolveRedirectLog>
                                                                                    <success>false</success>
                                                                                    <target>Template:·wrap</target>
                                                                                    <canonical>Template:·wrap</canonical>
                                                                                    <timeNeeded>187</timeNeeded>
                                                                                    <content>
                                                                                       <ptk:l/>
                                                                                    </content>
                                                                                 </ResolveRedirectLog>
                                                                                 <ResolveTransclusionLog>
                                                                                    <success>true</success>
                                                                                    <target>R from other template</target>
                                                                                    <canonical>قالب:R from other template</canonical>
                                                                                    <timeNeeded>1045</timeNeeded>
                                                                                    <content>
                                                                                       <ptk:l>
                                                                                          <CompilerLog>
                                                                                             <title>قالب:R from other template</title>
                                                                                             <revision>121439</revision>
                                                                                             <content>
                                                                                                <ptk:l>
                                                                                                   <ValidatorLog>
                                                                                                      <timeNeeded>0</timeNeeded>
                                                                                                      <content>
                                                                                                         <ptk:l/>
                                                                                                      </content>
                                                                                                   </ValidatorLog>
                                                                                                   <PreprocessorLog>
                                                                                                      <forInclusion>true</forInclusion>
                                                                                                      <timeNeeded>0</timeNeeded>
                                                                                                      <content>
                                                                                                         <ptk:l/>
                                                                                                      </content>
                                                                                                   </PreprocessorLog>
                                                                                                   <PpResolverLog>
                                                                                                      <timeNeeded>1045</timeNeeded>
                                                                                                      <content>
                                                                                                         <ptk:l>
                                                                                                            <ResolveTransclusionLog>
                                                                                                               <success>false</success>
                                                                                                               <target>nowiki</target>
                                                                                                               <canonical null="true"/>
                                                                                                               <timeNeeded>0</timeNeeded>
                                                                                                               <content>
                                                                                                                  <ptk:l/>
                                                                                                               </content>
                                                                                                            </ResolveTransclusionLog>
                                                                                                            <ResolveTransclusionLog>
                                                                                                               <success>true</success>
                                                                                                               <target>Tlx</target>
                                                                                                               <canonical>قالب:Tlx</canonical>
                                                                                                               <timeNeeded>421</timeNeeded>
                                                                                                               <content>
                                                                                                                  <ptk:l>
                                                                                                                     <CompilerLog>
                                                                                                                        <title>قالب:Tlx</title>
                                                                                                                        <revision>225549</revision>
                                                                                                                        <content>
                                                                                                                           <ptk:l>
                                                                                                                              <ValidatorLog>
                                                                                                                                 <timeNeeded>0</timeNeeded>
                                                                                                                                 <content>
                                                                                                                                    <ptk:l/>
                                                                                                                                 </content>
                                                                                                                              </ValidatorLog>
                                                                                                                              <PreprocessorLog>
                                                                                                                                 <forInclusion>true</forInclusion>
                                                                                                                                 <timeNeeded>0</timeNeeded>
                                                                                                                                 <content>
                                                                                                                                    <ptk:l/>
                                                                                                                                 </content>
                                                                                                                              </PreprocessorLog>
                                                                                                                              <PpResolverLog>
                                                                                                                                 <timeNeeded>421</timeNeeded>
                                                                                                                                 <content>
                                                                                                                                    <ptk:l>
                                                                                                                                       <ResolveTransclusionLog>
                                                                                                                                          <success>false</success>
                                                                                                                                          <target>nowiki</target>
                                                                                                                                          <canonical null="true"/>
                                                                                                                                          <timeNeeded>0</timeNeeded>
                                                                                                                                          <content>
                                                                                                                                             <ptk:l/>
                                                                                                                                          </content>
                                                                                                                                       </ResolveTransclusionLog>
                                                                                                                                       <ResolveTransclusionLog>
                                                                                                                                          <success>true</success>
                                                                                                                                          <target>#if</target>
                                                                                                                                          <canonical null="true"/>
                                                                                                                                          <timeNeeded>0</timeNeeded>
                                                                                                                                          <content>
                                                                                                                                             <ptk:l/>
                                                                                                                                          </content>
                                                                                                                                       </ResolveTransclusionLog>
                                                                                                                                       <ResolveTransclusionLog>
                                                                                                                                          <success>true</success>
                                                                                                                                          <target>ns</target>
                                                                                                                                          <canonical null="true"/>
                                                                                                                                          <timeNeeded>0</timeNeeded>
                                                                                                                                          <content>
                                                                                                                                             <ptk:l/>
                                                                                                                                          </content>
                                                                                                                                       </ResolveTransclusionLog>
                                                                                                                                       <ResolveTransclusionLog>
                                                                                                                                          <success>false</success>
                                                                                                                                          <target>ns:Template</target>
                                                                                                                                          <canonical>قالب:Ns:Template</canonical>
                                                                                                                                          <timeNeeded>421</timeNeeded>
                                                                                                                                          <content>
                                                                                                                                             <ptk:l/>
                                                                                                                                          </content>
                                                                                                                                       </ResolveTransclusionLog>
                                                                                                                                       <ResolveTransclusionLog>
                                                                                                                                          <success>true</success>
                                                                                                                                          <target>#if</target>
                                                                                                                                          <canonical null="true"/>
                                                                                                                                          <timeNeeded>0</timeNeeded>
                                                                                                                                          <content>
                                                                                                                                             <ptk:l/>
                                                                                                                                          </content>
                                                                                                                                       </ResolveTransclusionLog>
                                                                                                                                       <ResolveTransclusionLog>
                                                                                                                                          <success>true</success>
                                                                                                                                          <target>#if</target>
                                                                                                                                          <canonical null="true"/>
                                                                                                                                          <timeNeeded>0</timeNeeded>
                                                                                                                                          <content>
                                                                                                                                             <ptk:l/>
                                                                                                                                          </content>
                                                                                                                                       </ResolveTransclusionLog>
                                                                                                                                       <ResolveTransclusionLog>
                                                                                                                                          <success>true</success>
                                                                                                                                          <target>#if</target>
                                                                                                                                          <canonical null="true"/>
                                                                                                                                          <timeNeeded>0</timeNeeded>
                                                                                                                                          <content>
                                                                                                                                             <ptk:l/>
                                                                                                                                          </content>
                                                                                                                                       </ResolveTransclusionLog>
                                                                                                                                       <ResolveTransclusionLog>
                                                                                                                                          <success>true</success>
                                                                                                                                          <target>#if</target>
                                                                                                                                          <canonical null="true"/>
                                                                                                                                          <timeNeeded>0</timeNeeded>
                                                                                                                                          <content>
                                                                                                                                             <ptk:l/>
                                                                                                                                          </content>
                                                                                                                                       </ResolveTransclusionLog>
                                                                                                                                       <ResolveTransclusionLog>
                                                                                                                                          <success>true</success>
                                                                                                                                          <target>#if</target>
                                                                                                                                          <canonical null="true"/>
                                                                                                                                          <timeNeeded>0</timeNeeded>
                                                                                                                                          <content>
                                                                                                                                             <ptk:l/>
                                                                                                                                          </content>
                                                                                                                                       </ResolveTransclusionLog>
                                                                                                                                       <ResolveTransclusionLog>
                                                                                                                                          <success>true</success>
                                                                                                                                          <target>#if</target>
                                                                                                                                          <canonical null="true"/>
                                                                                                                                          <timeNeeded>0</timeNeeded>
                                                                                                                                          <content>
                                                                                                                                             <ptk:l/>
                                                                                                                                          </content>
                                                                                                                                       </ResolveTransclusionLog>
                                                                                                                                       <ResolveTransclusionLog>
                                                                                                                                          <success>true</success>
                                                                                                                                          <target>#if</target>
                                                                                                                                          <canonical null="true"/>
                                                                                                                                          <timeNeeded>0</timeNeeded>
                                                                                                                                          <content>
                                                                                                                                             <ptk:l/>
                                                                                                                                          </content>
                                                                                                                                       </ResolveTransclusionLog>
                                                                                                                                       <ResolveTransclusionLog>
                                                                                                                                          <success>true</success>
                                                                                                                                          <target>#if</target>
                                                                                                                                          <canonical null="true"/>
                                                                                                                                          <timeNeeded>0</timeNeeded>
                                                                                                                                          <content>
                                                                                                                                             <ptk:l/>
                                                                                                                                          </content>
                                                                                                                                       </ResolveTransclusionLog>
                                                                                                                                       <ResolveTransclusionLog>
                                                                                                                                          <success>true</success>
                                                                                                                                          <target>#if</target>
                                                                                                                                          <canonical null="true"/>
                                                                                                                                          <timeNeeded>0</timeNeeded>
                                                                                                                                          <content>
                                                                                                                                             <ptk:l/>
                                                                                                                                          </content>
                                                                                                                                       </ResolveTransclusionLog>
                                                                                                                                       <ResolveTransclusionLog>
                                                                                                                                          <success>true</success>
                                                                                                                                          <target>#if</target>
                                                                                                                                          <canonical null="true"/>
                                                                                                                                          <timeNeeded>0</timeNeeded>
                                                                                                                                          <content>
                                                                                                                                             <ptk:l/>
                                                                                                                                          </content>
                                                                                                                                       </ResolveTransclusionLog>
                                                                                                                                       <ResolveTransclusionLog>
                                                                                                                                          <success>true</success>
                                                                                                                                          <target>#if</target>
                                                                                                                                          <canonical null="true"/>
                                                                                                                                          <timeNeeded>0</timeNeeded>
                                                                                                                                          <content>
                                                                                                                                             <ptk:l/>
                                                                                                                                          </content>
                                                                                                                                       </ResolveTransclusionLog>
                                                                                                                                       <ResolveTransclusionLog>
                                                                                                                                          <success>false</success>
                                                                                                                                          <target>nowiki</target>
                                                                                                                                          <canonical null="true"/>
                                                                                                                                          <timeNeeded>0</timeNeeded>
                                                                                                                                          <content>
                                                                                                                                             <ptk:l/>
                                                                                                                                          </content>
                                                                                                                                       </ResolveTransclusionLog>
                                                                                                                                    </ptk:l>
                                                                                                                                 </content>
                                                                                                                              </PpResolverLog>
                                                                                                                           </ptk:l>
                                                                                                                        </content>
                                                                                                                     </CompilerLog>
                                                                                                                  </ptk:l>
                                                                                                               </content>
                                                                                                            </ResolveTransclusionLog>
                                                                                                            <ResolveTransclusionLog>
                                                                                                               <success>true</success>
                                                                                                               <target>fullurl</target>
                                                                                                               <canonical null="true"/>
                                                                                                               <timeNeeded>437</timeNeeded>
                                                                                                               <content>
                                                                                                                  <ptk:l/>
                                                                                                               </content>
                                                                                                            </ResolveTransclusionLog>
                                                                                                            <ResolveTransclusionLog>
                                                                                                               <success>true</success>
                                                                                                               <target>#ifeq</target>
                                                                                                               <canonical null="true"/>
                                                                                                               <timeNeeded>187</timeNeeded>
                                                                                                               <content>
                                                                                                                  <ptk:l/>
                                                                                                               </content>
                                                                                                            </ResolveTransclusionLog>
                                                                                                            <ResolveTransclusionLog>
                                                                                                               <success>true</success>
                                                                                                               <target>FULLPAGENAME</target>
                                                                                                               <canonical null="true"/>
                                                                                                               <timeNeeded>0</timeNeeded>
                                                                                                               <content>
                                                                                                                  <ptk:l/>
                                                                                                               </content>
                                                                                                            </ResolveTransclusionLog>
                                                                                                            <ResolveTransclusionLog>
                                                                                                               <success>true</success>
                                                                                                               <target>ns</target>
                                                                                                               <canonical null="true"/>
                                                                                                               <timeNeeded>0</timeNeeded>
                                                                                                               <content>
                                                                                                                  <ptk:l/>
                                                                                                               </content>
                                                                                                            </ResolveTransclusionLog>
                                                                                                            <ResolveTransclusionLog>
                                                                                                               <success>false</success>
                                                                                                               <target>ns:Template</target>
                                                                                                               <canonical>قالب:Ns:Template</canonical>
                                                                                                               <timeNeeded>187</timeNeeded>
                                                                                                               <content>
                                                                                                                  <ptk:l/>
                                                                                                               </content>
                                                                                                            </ResolveTransclusionLog>
                                                                                                            <ResolveTransclusionLog>
                                                                                                               <success>true</success>
                                                                                                               <target>PAGENAME</target>
                                                                                                               <canonical null="true"/>
                                                                                                               <timeNeeded>0</timeNeeded>
                                                                                                               <content>
                                                                                                                  <ptk:l/>
                                                                                                               </content>
                                                                                                            </ResolveTransclusionLog>
                                                                                                         </ptk:l>
                                                                                                      </content>
                                                                                                   </PpResolverLog>
                                                                                                </ptk:l>
                                                                                             </content>
                                                                                          </CompilerLog>
                                                                                       </ptk:l>
                                                                                    </content>
                                                                                 </ResolveTransclusionLog>
                                                                              </ptk:l>
                                                                           </content>
                                                                        </PpResolverLog>
                                                                     </ptk:l>
                                                                  </content>
                                                               </CompilerLog>
                                                            </ptk:l>
                                                         </content>
                                                      </ResolveTransclusionLog>
                                                      <ResolveTransclusionLog>
                                                         <success>true</success>
                                                         <target>nowrap end</target>
                                                         <canonical>قالب:Nowrap end</canonical>
                                                         <timeNeeded>0</timeNeeded>
                                                         <content>
                                                            <ptk:l>
                                                               <CompilerLog>
                                                                  <title>قالب:Nowrap end</title>
                                                                  <revision>237927</revision>
                                                                  <content>
                                                                     <ptk:l>
                                                                        <ValidatorLog>
                                                                           <timeNeeded>0</timeNeeded>
                                                                           <content>
                                                                              <ptk:l/>
                                                                           </content>
                                                                        </ValidatorLog>
                                                                        <PreprocessorLog>
                                                                           <forInclusion>true</forInclusion>
                                                                           <timeNeeded>0</timeNeeded>
                                                                           <content>
                                                                              <ptk:l/>
                                                                           </content>
                                                                        </PreprocessorLog>
                                                                        <PpResolverLog>
                                                                           <timeNeeded>0</timeNeeded>
                                                                           <content>
                                                                              <ptk:l/>
                                                                           </content>
                                                                        </PpResolverLog>
                                                                     </ptk:l>
                                                                  </content>
                                                               </CompilerLog>
                                                            </ptk:l>
                                                         </content>
                                                      </ResolveTransclusionLog>
                                                      <ResolveTransclusionLog>
                                                         <success>true</success>
                                                         <target>#if</target>
                                                         <canonical null="true"/>
                                                         <timeNeeded>3651</timeNeeded>
                                                         <content>
                                                            <ptk:l/>
                                                         </content>
                                                      </ResolveTransclusionLog>
                                                      <ResolveRedirectLog>
                                                         <success>false</success>
                                                         <target>Template:·wrap</target>
                                                         <canonical>Template:·wrap</canonical>
                                                         <timeNeeded>187</timeNeeded>
                                                         <content>
                                                            <ptk:l/>
                                                         </content>
                                                      </ResolveRedirectLog>
                                                      <ResolveTransclusionLog>
                                                         <success>true</success>
                                                         <target>ns</target>
                                                         <canonical null="true"/>
                                                         <timeNeeded>0</timeNeeded>
                                                         <content>
                                                            <ptk:l/>
                                                         </content>
                                                      </ResolveTransclusionLog>
                                                      <ResolveTransclusionLog>
                                                         <success>false</success>
                                                         <target>ns:Template</target>
                                                         <canonical>قالب:Ns:Template</canonical>
                                                         <timeNeeded>188</timeNeeded>
                                                         <content>
                                                            <ptk:l/>
                                                         </content>
                                                      </ResolveTransclusionLog>
                                                      <ResolveTransclusionLog>
                                                         <success>true</success>
                                                         <target>PAGENAME</target>
                                                         <canonical null="true"/>
                                                         <timeNeeded>0</timeNeeded>
                                                         <content>
                                                            <ptk:l/>
                                                         </content>
                                                      </ResolveTransclusionLog>
                                                      <ResolveRedirectLog>
                                                         <success>false</success>
                                                         <target>Template:·wrap</target>
                                                         <canonical>Template:·wrap</canonical>
                                                         <timeNeeded>218</timeNeeded>
                                                         <content>
                                                            <ptk:l/>
                                                         </content>
                                                      </ResolveRedirectLog>
                                                      <ResolveTransclusionLog>
                                                         <success>true</success>
                                                         <target>ns</target>
                                                         <canonical null="true"/>
                                                         <timeNeeded>0</timeNeeded>
                                                         <content>
                                                            <ptk:l/>
                                                         </content>
                                                      </ResolveTransclusionLog>
                                                      <ResolveTransclusionLog>
                                                         <success>false</success>
                                                         <target>ns:Template</target>
                                                         <canonical>قالب:Ns:Template</canonical>
                                                         <timeNeeded>203</timeNeeded>
                                                         <content>
                                                            <ptk:l/>
                                                         </content>
                                                      </ResolveTransclusionLog>
                                                      <ResolveTransclusionLog>
                                                         <success>true</success>
                                                         <target>PAGENAME</target>
                                                         <canonical null="true"/>
                                                         <timeNeeded>0</timeNeeded>
                                                         <content>
                                                            <ptk:l/>
                                                         </content>
                                                      </ResolveTransclusionLog>
                                                      <ResolveRedirectLog>
                                                         <success>false</success>
                                                         <target>Template:·wrap</target>
                                                         <canonical>Template:·wrap</canonical>
                                                         <timeNeeded>203</timeNeeded>
                                                         <content>
                                                            <ptk:l/>
                                                         </content>
                                                      </ResolveRedirectLog>
                                                      <ResolveTransclusionLog>
                                                         <success>true</success>
                                                         <target>ns</target>
                                                         <canonical null="true"/>
                                                         <timeNeeded>0</timeNeeded>
                                                         <content>
                                                            <ptk:l/>
                                                         </content>
                                                      </ResolveTransclusionLog>
                                                      <ResolveTransclusionLog>
                                                         <success>false</success>
                                                         <target>ns:Template</target>
                                                         <canonical>قالب:Ns:Template</canonical>
                                                         <timeNeeded>218</timeNeeded>
                                                         <content>
                                                            <ptk:l/>
                                                         </content>
                                                      </ResolveTransclusionLog>
                                                      <ResolveTransclusionLog>
                                                         <success>true</success>
                                                         <target>PAGENAME</target>
                                                         <canonical null="true"/>
                                                         <timeNeeded>0</timeNeeded>
                                                         <content>
                                                            <ptk:l/>
                                                         </content>
                                                      </ResolveTransclusionLog>
                                                      <ResolveRedirectLog>
                                                         <success>false</success>
                                                         <target>Template:·wrap</target>
                                                         <canonical>Template:·wrap</canonical>
                                                         <timeNeeded>203</timeNeeded>
                                                         <content>
                                                            <ptk:l/>
                                                         </content>
                                                      </ResolveRedirectLog>
                                                      <ResolveTransclusionLog>
                                                         <success>true</success>
                                                         <target>ns</target>
                                                         <canonical null="true"/>
                                                         <timeNeeded>0</timeNeeded>
                                                         <content>
                                                            <ptk:l/>
                                                         </content>
                                                      </ResolveTransclusionLog>
                                                      <ResolveTransclusionLog>
                                                         <success>false</success>
                                                         <target>ns:Template</target>
                                                         <canonical>قالب:Ns:Template</canonical>
                                                         <timeNeeded>218</timeNeeded>
                                                         <content>
                                                            <ptk:l/>
                                                         </content>
                                                      </ResolveTransclusionLog>
                                                      <ResolveTransclusionLog>
                                                         <success>true</success>
                                                         <target>PAGENAME</target>
                                                         <canonical null="true"/>
                                                         <timeNeeded>0</timeNeeded>
                                                         <content>
                                                            <ptk:l/>
                                                         </content>
                                                      </ResolveTransclusionLog>
                                                      <ResolveRedirectLog>
                                                         <success>false</success>
                                                         <target>Template:·wrap</target>
                                                         <canonical>Template:·wrap</canonical>
                                                         <timeNeeded>281</timeNeeded>
                                                         <content>
                                                            <ptk:l/>
                                                         </content>
                                                      </ResolveRedirectLog>
                                                      <ResolveTransclusionLog>
                                                         <success>true</success>
                                                         <target>ns</target>
                                                         <canonical null="true"/>
                                                         <timeNeeded>0</timeNeeded>
                                                         <content>
                                                            <ptk:l/>
                                                         </content>
                                                      </ResolveTransclusionLog>
                                                      <ResolveTransclusionLog>
                                                         <success>false</success>
                                                         <target>ns:Template</target>
                                                         <canonical>قالب:Ns:Template</canonical>
                                                         <timeNeeded>390</timeNeeded>
                                                         <content>
                                                            <ptk:l/>
                                                         </content>
                                                      </ResolveTransclusionLog>
                                                      <ResolveTransclusionLog>
                                                         <success>true</success>
                                                         <target>PAGENAME</target>
                                                         <canonical null="true"/>
                                                         <timeNeeded>0</timeNeeded>
                                                         <content>
                                                            <ptk:l/>
                                                         </content>
                                                      </ResolveTransclusionLog>
                                                      <ResolveRedirectLog>
                                                         <success>false</success>
                                                         <target>Template:·wrap</target>
                                                         <canonical>Template:·wrap</canonical>
                                                         <timeNeeded>218</timeNeeded>
                                                         <content>
                                                            <ptk:l/>
                                                         </content>
                                                      </ResolveRedirectLog>
                                                      <ResolveTransclusionLog>
                                                         <success>true</success>
                                                         <target>ns</target>
                                                         <canonical null="true"/>
                                                         <timeNeeded>0</timeNeeded>
                                                         <content>
                                                            <ptk:l/>
                                                         </content>
                                                      </ResolveTransclusionLog>
                                                      <ResolveTransclusionLog>
                                                         <success>false</success>
                                                         <target>ns:Template</target>
                                                         <canonical>قالب:Ns:Template</canonical>
                                                         <timeNeeded>188</timeNeeded>
                                                         <content>
                                                            <ptk:l/>
                                                         </content>
                                                      </ResolveTransclusionLog>
                                                      <ResolveTransclusionLog>
                                                         <success>true</success>
                                                         <target>PAGENAME</target>
                                                         <canonical null="true"/>
                                                         <timeNeeded>0</timeNeeded>
                                                         <content>
                                                            <ptk:l/>
                                                         </content>
                                                      </ResolveTransclusionLog>
                                                      <ResolveRedirectLog>
                                                         <success>false</success>
                                                         <target>Template:·wrap</target>
                                                         <canonical>Template:·wrap</canonical>
                                                         <timeNeeded>202</timeNeeded>
                                                         <content>
                                                            <ptk:l/>
                                                         </content>
                                                      </ResolveRedirectLog>
                                                      <ResolveTransclusionLog>
                                                         <success>true</success>
                                                         <target>ns</target>
                                                         <canonical null="true"/>
                                                         <timeNeeded>0</timeNeeded>
                                                         <content>
                                                            <ptk:l/>
                                                         </content>
                                                      </ResolveTransclusionLog>
                                                      <ResolveTransclusionLog>
                                                         <success>false</success>
                                                         <target>ns:Template</target>
                                                         <canonical>قالب:Ns:Template</canonical>
                                                         <timeNeeded>219</timeNeeded>
                                                         <content>
                                                            <ptk:l/>
                                                         </content>
                                                      </ResolveTransclusionLog>
                                                      <ResolveTransclusionLog>
                                                         <success>true</success>
                                                         <target>PAGENAME</target>
                                                         <canonical null="true"/>
                                                         <timeNeeded>0</timeNeeded>
                                                         <content>
                                                            <ptk:l/>
                                                         </content>
                                                      </ResolveTransclusionLog>
                                                      <ResolveRedirectLog>
                                                         <success>false</success>
                                                         <target>Template:·wrap</target>
                                                         <canonical>Template:·wrap</canonical>
                                                         <timeNeeded>249</timeNeeded>
                                                         <content>
                                                            <ptk:l/>
                                                         </content>
                                                      </ResolveRedirectLog>
                                                      <ResolveTransclusionLog>
                                                         <success>true</success>
                                                         <target>ns</target>
                                                         <canonical null="true"/>
                                                         <timeNeeded>0</timeNeeded>
                                                         <content>
                                                            <ptk:l/>
                                                         </content>
                                                      </ResolveTransclusionLog>
                                                      <ResolveTransclusionLog>
                                                         <success>false</success>
                                                         <target>ns:Template</target>
                                                         <canonical>قالب:Ns:Template</canonical>
                                                         <timeNeeded>266</timeNeeded>
                                                         <content>
                                                            <ptk:l/>
                                                         </content>
                                                      </ResolveTransclusionLog>
                                                      <ResolveTransclusionLog>
                                                         <success>true</success>
                                                         <target>PAGENAME</target>
                                                         <canonical null="true"/>
                                                         <timeNeeded>0</timeNeeded>
                                                         <content>
                                                            <ptk:l/>
                                                         </content>
                                                      </ResolveTransclusionLog>
                                                      <ResolveTransclusionLog>
                                                         <success>true</success>
                                                         <target>smallsup</target>
                                                         <canonical>قالب:Smallsup</canonical>
                                                         <timeNeeded>0</timeNeeded>
                                                         <content>
                                                            <ptk:l>
                                                               <CompilerLog>
                                                                  <title>قالب:Smallsup</title>
                                                                  <revision>238092</revision>
                                                                  <content>
                                                                     <ptk:l>
                                                                        <ValidatorLog>
                                                                           <timeNeeded>0</timeNeeded>
                                                                           <content>
                                                                              <ptk:l/>
                                                                           </content>
                                                                        </ValidatorLog>
                                                                        <PreprocessorLog>
                                                                           <forInclusion>true</forInclusion>
                                                                           <timeNeeded>0</timeNeeded>
                                                                           <content>
                                                                              <ptk:l/>
                                                                           </content>
                                                                        </PreprocessorLog>
                                                                        <PpResolverLog>
                                                                           <timeNeeded>0</timeNeeded>
                                                                           <content>
                                                                              <ptk:l/>
                                                                           </content>
                                                                        </PpResolverLog>
                                                                     </ptk:l>
                                                                  </content>
                                                               </CompilerLog>
                                                            </ptk:l>
                                                         </content>
                                                      </ResolveTransclusionLog>
                                                      <ResolveTransclusionLog>
                                                         <success>true</success>
                                                         <target>nowrap</target>
                                                         <canonical>قالب:Nowrap</canonical>
                                                         <timeNeeded>0</timeNeeded>
                                                         <content>
                                                            <ptk:l>
                                                               <CompilerLog>
                                                                  <title>قالب:Nowrap</title>
                                                                  <revision>364931</revision>
                                                                  <content>
                                                                     <ptk:l>
                                                                        <ValidatorLog>
                                                                           <timeNeeded>0</timeNeeded>
                                                                           <content>
                                                                              <ptk:l/>
                                                                           </content>
                                                                        </ValidatorLog>
                                                                        <PreprocessorLog>
                                                                           <forInclusion>true</forInclusion>
                                                                           <timeNeeded>0</timeNeeded>
                                                                           <content>
                                                                              <ptk:l/>
                                                                           </content>
                                                                        </PreprocessorLog>
                                                                        <PpResolverLog>
                                                                           <timeNeeded>0</timeNeeded>
                                                                           <content>
                                                                              <ptk:l/>
                                                                           </content>
                                                                        </PpResolverLog>
                                                                     </ptk:l>
                                                                  </content>
                                                               </CompilerLog>
                                                            </ptk:l>
                                                         </content>
                                                      </ResolveTransclusionLog>
                                                      <ResolveTransclusionLog>
                                                         <success>true</success>
                                                         <target>Navbox
</target>
                                                         <canonical>قالب:Navbox</canonical>
                                                         <timeNeeded>15</timeNeeded>
                                                         <content>
                                                            <ptk:l>
                                                               <CompilerLog>
                                                                  <title>قالب:Navbox</title>
                                                                  <revision>402084</revision>
                                                                  <content>
                                                                     <ptk:l>
                                                                        <ValidatorLog>
                                                                           <timeNeeded>0</timeNeeded>
                                                                           <content>
                                                                              <ptk:l/>
                                                                           </content>
                                                                        </ValidatorLog>
                                                                        <PreprocessorLog>
                                                                           <forInclusion>true</forInclusion>
                                                                           <timeNeeded>0</timeNeeded>
                                                                           <content>
                                                                              <ptk:l/>
                                                                           </content>
                                                                        </PreprocessorLog>
                                                                        <PpResolverLog>
                                                                           <timeNeeded>15</timeNeeded>
                                                                           <content>
                                                                              <ptk:l>
                                                                                 <ResolveTransclusionLog>
                                                                                    <success>true</success>
                                                                                    <target>#switch</target>
                                                                                    <canonical null="true"/>
                                                                                    <timeNeeded>0</timeNeeded>
                                                                                    <content>
                                                                                       <ptk:l/>
                                                                                    </content>
                                                                                 </ResolveTransclusionLog>
                                                                                 <ResolveTransclusionLog>
                                                                                    <success>true</success>
                                                                                    <target>#if</target>
                                                                                    <canonical null="true"/>
                                                                                    <timeNeeded>15</timeNeeded>
                                                                                    <content>
                                                                                       <ptk:l/>
                                                                                    </content>
                                                                                 </ResolveTransclusionLog>
                                                                                 <ResolveTransclusionLog>
                                                                                    <success>true</success>
                                                                                    <target>#switch</target>
                                                                                    <canonical null="true"/>
                                                                                    <timeNeeded>0</timeNeeded>
                                                                                    <content>
                                                                                       <ptk:l/>
                                                                                    </content>
                                                                                 </ResolveTransclusionLog>
                                                                                 <ResolveTransclusionLog>
                                                                                    <success>true</success>
                                                                                    <target>#if</target>
                                                                                    <canonical null="true"/>
                                                                                    <timeNeeded>0</timeNeeded>
                                                                                    <content>
                                                                                       <ptk:l/>
                                                                                    </content>
                                                                                 </ResolveTransclusionLog>
                                                                                 <ResolveTransclusionLog>
                                                                                    <success>true</success>
                                                                                    <target>#switch</target>
                                                                                    <canonical null="true"/>
                                                                                    <timeNeeded>0</timeNeeded>
                                                                                    <content>
                                                                                       <ptk:l/>
                                                                                    </content>
                                                                                 </ResolveTransclusionLog>
                                                                                 <ResolveTransclusionLog>
                                                                                    <success>true</success>
                                                                                    <target>#if</target>
                                                                                    <canonical null="true"/>
                                                                                    <timeNeeded>0</timeNeeded>
                                                                                    <content>
                                                                                       <ptk:l/>
                                                                                    </content>
                                                                                 </ResolveTransclusionLog>
                                                                                 <ResolveTransclusionLog>
                                                                                    <success>true</success>
                                                                                    <target>#expr</target>
                                                                                    <canonical null="true"/>
                                                                                    <timeNeeded>0</timeNeeded>
                                                                                    <content>
                                                                                       <ptk:l/>
                                                                                    </content>
                                                                                 </ResolveTransclusionLog>
                                                                                 <ResolveTransclusionLog>
                                                                                    <success>true</success>
                                                                                    <target>#if</target>
                                                                                    <canonical null="true"/>
                                                                                    <timeNeeded>0</timeNeeded>
                                                                                    <content>
                                                                                       <ptk:l/>
                                                                                    </content>
                                                                                 </ResolveTransclusionLog>
                                                                                 <ResolveTransclusionLog>
                                                                                    <success>true</success>
                                                                                    <target>#if</target>
                                                                                    <canonical null="true"/>
                                                                                    <timeNeeded>0</timeNeeded>
                                                                                    <content>
                                                                                       <ptk:l/>
                                                                                    </content>
                                                                                 </ResolveTransclusionLog>
                                                                                 <ResolveTransclusionLog>
                                                                                    <success>true</success>
                                                                                    <target>#if</target>
                                                                                    <canonical null="true"/>
                                                                                    <timeNeeded>0</timeNeeded>
                                                                                    <content>
                                                                                       <ptk:l/>
                                                                                    </content>
                                                                                 </ResolveTransclusionLog>
                                                                                 <ResolveTransclusionLog>
                                                                                    <success>true</success>
                                                                                    <target>#ifeq</target>
                                                                                    <canonical null="true"/>
                                                                                    <timeNeeded>0</timeNeeded>
                                                                                    <content>
                                                                                       <ptk:l/>
                                                                                    </content>
                                                                                 </ResolveTransclusionLog>
                                                                                 <ResolveTransclusionLog>
                                                                                    <success>true</success>
                                                                                    <target>#ifeq</target>
                                                                                    <canonical null="true"/>
                                                                                    <timeNeeded>0</timeNeeded>
                                                                                    <content>
                                                                                       <ptk:l/>
                                                                                    </content>
                                                                                 </ResolveTransclusionLog>
                                                                                 <ResolveTransclusionLog>
                                                                                    <success>true</success>
                                                                                    <target>#ifeq</target>
                                                                                    <canonical null="true"/>
                                                                                    <timeNeeded>0</timeNeeded>
                                                                                    <content>
                                                                                       <ptk:l/>
                                                                                    </content>
                                                                                 </ResolveTransclusionLog>
                                                                                 <ResolveTransclusionLog>
                                                                                    <success>true</success>
                                                                                    <target>Navbar</target>
                                                                                    <canonical>قالب:Navbar</canonical>
                                                                                    <timeNeeded>0</timeNeeded>
                                                                                    <content>
                                                                                       <ptk:l>
                                                                                          <CompilerLog>
                                                                                             <title>قالب:Navbar</title>
                                                                                             <revision>402319</revision>
                                                                                             <content>
                                                                                                <ptk:l>
                                                                                                   <ValidatorLog>
                                                                                                      <timeNeeded>0</timeNeeded>
                                                                                                      <content>
                                                                                                         <ptk:l/>
                                                                                                      </content>
                                                                                                   </ValidatorLog>
                                                                                                   <PreprocessorLog>
                                                                                                      <forInclusion>true</forInclusion>
                                                                                                      <timeNeeded>0</timeNeeded>
                                                                                                      <content>
                                                                                                         <ptk:l/>
                                                                                                      </content>
                                                                                                   </PreprocessorLog>
                                                                                                   <PpResolverLog>
                                                                                                      <timeNeeded>0</timeNeeded>
                                                                                                      <content>
                                                                                                         <ptk:l>
                                                                                                            <ResolveTransclusionLog>
                                                                                                               <success>true</success>
                                                                                                               <target>#if</target>
                                                                                                               <canonical null="true"/>
                                                                                                               <timeNeeded>0</timeNeeded>
                                                                                                               <content>
                                                                                                                  <ptk:l/>
                                                                                                               </content>
                                                                                                            </ResolveTransclusionLog>
                                                                                                            <ResolveTransclusionLog>
                                                                                                               <success>true</success>
                                                                                                               <target>#if</target>
                                                                                                               <canonical null="true"/>
                                                                                                               <timeNeeded>0</timeNeeded>
                                                                                                               <content>
                                                                                                                  <ptk:l/>
                                                                                                               </content>
                                                                                                            </ResolveTransclusionLog>
                                                                                                            <ResolveTransclusionLog>
                                                                                                               <success>true</success>
                                                                                                               <target>#if</target>
                                                                                                               <canonical null="true"/>
                                                                                                               <timeNeeded>0</timeNeeded>
                                                                                                               <content>
                                                                                                                  <ptk:l/>
                                                                                                               </content>
                                                                                                            </ResolveTransclusionLog>
                                                                                                            <ResolveTransclusionLog>
                                                                                                               <success>true</success>
                                                                                                               <target>transclude</target>
                                                                                                               <canonical>قالب:Transclude</canonical>
                                                                                                               <timeNeeded>0</timeNeeded>
                                                                                                               <content>
                                                                                                                  <ptk:l>
                                                                                                                     <CompilerLog>
                                                                                                                        <title>قالب:Transclude</title>
                                                                                                                        <revision>402314</revision>
                                                                                                                        <content>
                                                                                                                           <ptk:l>
                                                                                                                              <ValidatorLog>
                                                                                                                                 <timeNeeded>0</timeNeeded>
                                                                                                                                 <content>
                                                                                                                                    <ptk:l/>
                                                                                                                                 </content>
                                                                                                                              </ValidatorLog>
                                                                                                                              <PreprocessorLog>
                                                                                                                                 <forInclusion>true</forInclusion>
                                                                                                                                 <timeNeeded>0</timeNeeded>
                                                                                                                                 <content>
                                                                                                                                    <ptk:l/>
                                                                                                                                 </content>
                                                                                                                              </PreprocessorLog>
                                                                                                                              <PpResolverLog>
                                                                                                                                 <timeNeeded>0</timeNeeded>
                                                                                                                                 <content>
                                                                                                                                    <ptk:l>
                                                                                                                                       <ResolveTransclusionLog>
                                                                                                                                          <success>true</success>
                                                                                                                                          <target>FULLPAGENAME</target>
                                                                                                                                          <canonical null="true"/>
                                                                                                                                          <timeNeeded>0</timeNeeded>
                                                                                                                                          <content>
                                                                                                                                             <ptk:l/>
                                                                                                                                          </content>
                                                                                                                                       </ResolveTransclusionLog>
                                                                                                                                       <ResolveTransclusionLog>
                                                                                                                                          <success>true</success>
                                                                                                                                          <target>ns</target>
                                                                                                                                          <canonical null="true"/>
                                                                                                                                          <timeNeeded>0</timeNeeded>
                                                                                                                                          <content>
                                                                                                                                             <ptk:l/>
                                                                                                                                          </content>
                                                                                                                                       </ResolveTransclusionLog>
                                                                                                                                       <ResolveTransclusionLog>
                                                                                                                                          <success>true</success>
                                                                                                                                          <target>NAMESPACE</target>
                                                                                                                                          <canonical null="true"/>
                                                                                                                                          <timeNeeded>0</timeNeeded>
                                                                                                                                          <content>
                                                                                                                                             <ptk:l/>
                                                                                                                                          </content>
                                                                                                                                       </ResolveTransclusionLog>
                                                                                                                                       <ResolveTransclusionLog>
                                                                                                                                          <success>true</success>
                                                                                                                                          <target>PAGENAME</target>
                                                                                                                                          <canonical null="true"/>
                                                                                                                                          <timeNeeded>0</timeNeeded>
                                                                                                                                          <content>
                                                                                                                                             <ptk:l/>
                                                                                                                                          </content>
                                                                                                                                       </ResolveTransclusionLog>
                                                                                                                                       <ResolveTransclusionLog>
                                                                                                                                          <success>true</success>
                                                                                                                                          <target>#ifeq</target>
                                                                                                                                          <canonical null="true"/>
                                                                                                                                          <timeNeeded>0</timeNeeded>
                                                                                                                                          <content>
                                                                                                                                             <ptk:l/>
                                                                                                                                          </content>
                                                                                                                                       </ResolveTransclusionLog>
                                                                                                                                       <ResolveTransclusionLog>
                                                                                                                                          <success>true</success>
                                                                                                                                          <target>NAMESPACE</target>
                                                                                                                                          <canonical null="true"/>
                                                                                                                                          <timeNeeded>0</timeNeeded>
                                                                                                                                          <content>
                                                                                                                                             <ptk:l/>
                                                                                                                                          </content>
                                                                                                                                       </ResolveTransclusionLog>
                                                                                                                                       <ResolveTransclusionLog>
                                                                                                                                          <success>true</success>
                                                                                                                                          <target>#switch</target>
                                                                                                                                          <canonical null="true"/>
                                                                                                                                          <timeNeeded>0</timeNeeded>
                                                                                                                                          <content>
                                                                                                                                             <ptk:l/>
                                                                                                                                          </content>
                                                                                                                                       </ResolveTransclusionLog>
                                                                                                                                       <ResolveTransclusionLog>
                                                                                                                                          <success>true</success>
                                                                                                                                          <target>NAMESPACE</target>
                                                                                                                                          <canonical null="true"/>
                                                                                                                                          <timeNeeded>0</timeNeeded>
                                                                                                                                          <content>
                                                                                                                                             <ptk:l/>
                                                                                                                                          </content>
                                                                                                                                       </ResolveTransclusionLog>
                                                                                                                                    </ptk:l>
                                                                                                                                 </content>
                                                                                                                              </PpResolverLog>
                                                                                                                           </ptk:l>
                                                                                                                        </content>
                                                                                                                     </CompilerLog>
                                                                                                                  </ptk:l>
                                                                                                               </content>
                                                                                                            </ResolveTransclusionLog>
                                                                                                            <ResolveTransclusionLog>
                                                                                                               <success>true</success>
                                                                                                               <target>#if</target>
                                                                                                               <canonical null="true"/>
                                                                                                               <timeNeeded>0</timeNeeded>
                                                                                                               <content>
                                                                                                                  <ptk:l/>
                                                                                                               </content>
                                                                                                            </ResolveTransclusionLog>
                                                                                                            <ResolveTransclusionLog>
                                                                                                               <success>true</success>
                                                                                                               <target>TALKPAGENAME</target>
                                                                                                               <canonical null="true"/>
                                                                                                               <timeNeeded>0</timeNeeded>
                                                                                                               <content>
                                                                                                                  <ptk:l/>
                                                                                                               </content>
                                                                                                            </ResolveTransclusionLog>
                                                                                                            <ResolveTransclusionLog>
                                                                                                               <success>true</success>
                                                                                                               <target>transclude</target>
                                                                                                               <canonical>قالب:Transclude</canonical>
                                                                                                               <timeNeeded>0</timeNeeded>
                                                                                                               <content>
                                                                                                                  <ptk:l>
                                                                                                                     <CompilerLog>
                                                                                                                        <title>قالب:Transclude</title>
                                                                                                                        <revision>402314</revision>
                                                                                                                        <content>
                                                                                                                           <ptk:l>
                                                                                                                              <ValidatorLog>
                                                                                                                                 <timeNeeded>0</timeNeeded>
                                                                                                                                 <content>
                                                                                                                                    <ptk:l/>
                                                                                                                                 </content>
                                                                                                                              </ValidatorLog>
                                                                                                                              <PreprocessorLog>
                                                                                                                                 <forInclusion>true</forInclusion>
                                                                                                                                 <timeNeeded>0</timeNeeded>
                                                                                                                                 <content>
                                                                                                                                    <ptk:l/>
                                                                                                                                 </content>
                                                                                                                              </PreprocessorLog>
                                                                                                                              <PpResolverLog>
                                                                                                                                 <timeNeeded>0</timeNeeded>
                                                                                                                                 <content>
                                                                                                                                    <ptk:l>
                                                                                                                                       <ResolveTransclusionLog>
                                                                                                                                          <success>true</success>
                                                                                                                                          <target>FULLPAGENAME</target>
                                                                                                                                          <canonical null="true"/>
                                                                                                                                          <timeNeeded>0</timeNeeded>
                                                                                                                                          <content>
                                                                                                                                             <ptk:l/>
                                                                                                                                          </content>
                                                                                                                                       </ResolveTransclusionLog>
                                                                                                                                       <ResolveTransclusionLog>
                                                                                                                                          <success>true</success>
                                                                                                                                          <target>ns</target>
                                                                                                                                          <canonical null="true"/>
                                                                                                                                          <timeNeeded>0</timeNeeded>
                                                                                                                                          <content>
                                                                                                                                             <ptk:l/>
                                                                                                                                          </content>
                                                                                                                                       </ResolveTransclusionLog>
                                                                                                                                       <ResolveTransclusionLog>
                                                                                                                                          <success>true</success>
                                                                                                                                          <target>NAMESPACE</target>
                                                                                                                                          <canonical null="true"/>
                                                                                                                                          <timeNeeded>0</timeNeeded>
                                                                                                                                          <content>
                                                                                                                                             <ptk:l/>
                                                                                                                                          </content>
                                                                                                                                       </ResolveTransclusionLog>
                                                                                                                                       <ResolveTransclusionLog>
                                                                                                                                          <success>true</success>
                                                                                                                                          <target>PAGENAME</target>
                                                                                                                                          <canonical null="true"/>
                                                                                                                                          <timeNeeded>0</timeNeeded>
                                                                                                                                          <content>
                                                                                                                                             <ptk:l/>
                                                                                                                                          </content>
                                                                                                                                       </ResolveTransclusionLog>
                                                                                                                                       <ResolveTransclusionLog>
                                                                                                                                          <success>true</success>
                                                                                                                                          <target>#ifeq</target>
                                                                                                                                          <canonical null="true"/>
                                                                                                                                          <timeNeeded>0</timeNeeded>
                                                                                                                                          <content>
                                                                                                                                             <ptk:l/>
                                                                                                                                          </content>
                                                                                                                                       </ResolveTransclusionLog>
                                                                                                                                       <ResolveTransclusionLog>
                                                                                                                                          <success>true</success>
                                                                                                                                          <target>NAMESPACE</target>
                                                                                                                                          <canonical null="true"/>
                                                                                                                                          <timeNeeded>0</timeNeeded>
                                                                                                                                          <content>
                                                                                                                                             <ptk:l/>
                                                                                                                                          </content>
                                                                                                                                       </ResolveTransclusionLog>
                                                                                                                                       <ResolveTransclusionLog>
                                                                                                                                          <success>true</success>
                                                                                                                                          <target>#switch</target>
                                                                                                                                          <canonical null="true"/>
                                                                                                                                          <timeNeeded>0</timeNeeded>
                                                                                                                                          <content>
                                                                                                                                             <ptk:l/>
                                                                                                                                          </content>
                                                                                                                                       </ResolveTransclusionLog>
                                                                                                                                       <ResolveTransclusionLog>
                                                                                                                                          <success>true</success>
                                                                                                                                          <target>NAMESPACE</target>
                                                                                                                                          <canonical null="true"/>
                                                                                                                                          <timeNeeded>0</timeNeeded>
                                                                                                                                          <content>
                                                                                                                                             <ptk:l/>
                                                                                                                                          </content>
                                                                                                                                       </ResolveTransclusionLog>
                                                                                                                                    </ptk:l>
                                                                                                                                 </content>
                                                                                                                              </PpResolverLog>
                                                                                                                           </ptk:l>
                                                                                                                        </content>
                                                                                                                     </CompilerLog>
                                                                                                                  </ptk:l>
                                                                                                               </content>
                                                                                                            </ResolveTransclusionLog>
                                                                                                            <ResolveTransclusionLog>
                                                                                                               <success>true</success>
                                                                                                               <target>#if</target>
                                                                                                               <canonical null="true"/>
                                                                                                               <timeNeeded>0</timeNeeded>
                                                                                                               <content>
                                                                                                                  <ptk:l/>
                                                                                                               </content>
                                                                                                            </ResolveTransclusionLog>
                                                                                                            <ResolveTransclusionLog>
                                                                                                               <success>true</success>
                                                                                                               <target>fullurl</target>
                                                                                                               <canonical null="true"/>
                                                                                                               <timeNeeded>0</timeNeeded>
                                                                                                               <content>
                                                                                                                  <ptk:l/>
                                                                                                               </content>
                                                                                                            </ResolveTransclusionLog>
                                                                                                            <ResolveTransclusionLog>
                                                                                                               <success>true</success>
                                                                                                               <target>transclude</target>
                                                                                                               <canonical>قالب:Transclude</canonical>
                                                                                                               <timeNeeded>0</timeNeeded>
                                                                                                               <content>
                                                                                                                  <ptk:l>
                                                                                                                     <CompilerLog>
                                                                                                                        <title>قالب:Transclude</title>
                                                                                                                        <revision>402314</revision>
                                                                                                                        <content>
                                                                                                                           <ptk:l>
                                                                                                                              <ValidatorLog>
                                                                                                                                 <timeNeeded>0</timeNeeded>
                                                                                                                                 <content>
                                                                                                                                    <ptk:l/>
                                                                                                                                 </content>
                                                                                                                              </ValidatorLog>
                                                                                                                              <PreprocessorLog>
                                                                                                                                 <forInclusion>true</forInclusion>
                                                                                                                                 <timeNeeded>0</timeNeeded>
                                                                                                                                 <content>
                                                                                                                                    <ptk:l/>
                                                                                                                                 </content>
                                                                                                                              </PreprocessorLog>
                                                                                                                              <PpResolverLog>
                                                                                                                                 <timeNeeded>0</timeNeeded>
                                                                                                                                 <content>
                                                                                                                                    <ptk:l>
                                                                                                                                       <ResolveTransclusionLog>
                                                                                                                                          <success>true</success>
                                                                                                                                          <target>FULLPAGENAME</target>
                                                                                                                                          <canonical null="true"/>
                                                                                                                                          <timeNeeded>0</timeNeeded>
                                                                                                                                          <content>
                                                                                                                                             <ptk:l/>
                                                                                                                                          </content>
                                                                                                                                       </ResolveTransclusionLog>
                                                                                                                                       <ResolveTransclusionLog>
                                                                                                                                          <success>true</success>
                                                                                                                                          <target>ns</target>
                                                                                                                                          <canonical null="true"/>
                                                                                                                                          <timeNeeded>0</timeNeeded>
                                                                                                                                          <content>
                                                                                                                                             <ptk:l/>
                                                                                                                                          </content>
                                                                                                                                       </ResolveTransclusionLog>
                                                                                                                                       <ResolveTransclusionLog>
                                                                                                                                          <success>true</success>
                                                                                                                                          <target>NAMESPACE</target>
                                                                                                                                          <canonical null="true"/>
                                                                                                                                          <timeNeeded>0</timeNeeded>
                                                                                                                                          <content>
                                                                                                                                             <ptk:l/>
                                                                                                                                          </content>
                                                                                                                                       </ResolveTransclusionLog>
                                                                                                                                       <ResolveTransclusionLog>
                                                                                                                                          <success>true</success>
                                                                                                                                          <target>PAGENAME</target>
                                                                                                                                          <canonical null="true"/>
                                                                                                                                          <timeNeeded>0</timeNeeded>
                                                                                                                                          <content>
                                                                                                                                             <ptk:l/>
                                                                                                                                          </content>
                                                                                                                                       </ResolveTransclusionLog>
                                                                                                                                       <ResolveTransclusionLog>
                                                                                                                                          <success>true</success>
                                                                                                                                          <target>#ifeq</target>
                                                                                                                                          <canonical null="true"/>
                                                                                                                                          <timeNeeded>0</timeNeeded>
                                                                                                                                          <content>
                                                                                                                                             <ptk:l/>
                                                                                                                                          </content>
                                                                                                                                       </ResolveTransclusionLog>
                                                                                                                                       <ResolveTransclusionLog>
                                                                                                                                          <success>true</success>
                                                                                                                                          <target>NAMESPACE</target>
                                                                                                                                          <canonical null="true"/>
                                                                                                                                          <timeNeeded>0</timeNeeded>
                                                                                                                                          <content>
                                                                                                                                             <ptk:l/>
                                                                                                                                          </content>
                                                                                                                                       </ResolveTransclusionLog>
                                                                                                                                       <ResolveTransclusionLog>
                                                                                                                                          <success>true</success>
                                                                                                                                          <target>#switch</target>
                                                                                                                                          <canonical null="true"/>
                                                                                                                                          <timeNeeded>0</timeNeeded>
                                                                                                                                          <content>
                                                                                                                                             <ptk:l/>
                                                                                                                                          </content>
                                                                                                                                       </ResolveTransclusionLog>
                                                                                                                                       <ResolveTransclusionLog>
                                                                                                                                          <success>true</success>
                                                                                                                                          <target>NAMESPACE</target>
                                                                                                                                          <canonical null="true"/>
                                                                                                                                          <timeNeeded>0</timeNeeded>
                                                                                                                                          <content>
                                                                                                                                             <ptk:l/>
                                                                                                                                          </content>
                                                                                                                                       </ResolveTransclusionLog>
                                                                                                                                    </ptk:l>
                                                                                                                                 </content>
                                                                                                                              </PpResolverLog>
                                                                                                                           </ptk:l>
                                                                                                                        </content>
                                                                                                                     </CompilerLog>
                                                                                                                  </ptk:l>
                                                                                                               </content>
                                                                                                            </ResolveTransclusionLog>
                                                                                                            <ResolveTransclusionLog>
                                                                                                               <success>true</success>
                                                                                                               <target>#if</target>
                                                                                                               <canonical null="true"/>
                                                                                                               <timeNeeded>0</timeNeeded>
                                                                                                               <content>
                                                                                                                  <ptk:l/>
                                                                                                               </content>
                                                                                                            </ResolveTransclusionLog>
                                                                                                            <ResolveTransclusionLog>
                                                                                                               <success>true</success>
                                                                                                               <target>#if</target>
                                                                                                               <canonical null="true"/>
                                                                                                               <timeNeeded>0</timeNeeded>
                                                                                                               <content>
                                                                                                                  <ptk:l/>
                                                                                                               </content>
                                                                                                            </ResolveTransclusionLog>
                                                                                                            <ResolveTransclusionLog>
                                                                                                               <success>true</success>
                                                                                                               <target>#if</target>
                                                                                                               <canonical null="true"/>
                                                                                                               <timeNeeded>0</timeNeeded>
                                                                                                               <content>
                                                                                                                  <ptk:l/>
                                                                                                               </content>
                                                                                                            </ResolveTransclusionLog>
                                                                                                            <ResolveTransclusionLog>
                                                                                                               <success>true</success>
                                                                                                               <target>#if</target>
                                                                                                               <canonical null="true"/>
                                                                                                               <timeNeeded>0</timeNeeded>
                                                                                                               <content>
                                                                                                                  <ptk:l/>
                                                                                                               </content>
                                                                                                            </ResolveTransclusionLog>
                                                                                                         </ptk:l>
                                                                                                      </content>
                                                                                                   </PpResolverLog>
                                                                                                </ptk:l>
                                                                                             </content>
                                                                                          </CompilerLog>
                                                                                       </ptk:l>
                                                                                    </content>
                                                                                 </ResolveTransclusionLog>
                                                                                 <ResolveTransclusionLog>
                                                                                    <success>true</success>
                                                                                    <target>#if</target>
                                                                                    <canonical null="true"/>
                                                                                    <timeNeeded>0</timeNeeded>
                                                                                    <content>
                                                                                       <ptk:l/>
                                                                                    </content>
                                                                                 </ResolveTransclusionLog>
                                                                                 <ResolveTransclusionLog>
                                                                                    <success>true</success>
                                                                                    <target>TALKPAGENAME</target>
                                                                                    <canonical null="true"/>
                                                                                    <timeNeeded>0</timeNeeded>
                                                                                    <content>
                                                                                       <ptk:l/>
                                                                                    </content>
                                                                                 </ResolveTransclusionLog>
                                                                                 <ResolveTransclusionLog>
                                                                                    <success>true</success>
                                                                                    <target>transclude</target>
                                                                                    <canonical>قالب:Transclude</canonical>
                                                                                    <timeNeeded>0</timeNeeded>
                                                                                    <content>
                                                                                       <ptk:l>
                                                                                          <CompilerLog>
                                                                                             <title>قالب:Transclude</title>
                                                                                             <revision>402314</revision>
                                                                                             <content>
                                                                                                <ptk:l>
                                                                                                   <ValidatorLog>
                                                                                                      <timeNeeded>0</timeNeeded>
                                                                                                      <content>
                                                                                                         <ptk:l/>
                                                                                                      </content>
                                                                                                   </ValidatorLog>
                                                                                                   <PreprocessorLog>
                                                                                                      <forInclusion>true</forInclusion>
                                                                                                      <timeNeeded>0</timeNeeded>
                                                                                                      <content>
                                                                                                         <ptk:l/>
                                                                                                      </content>
                                                                                                   </PreprocessorLog>
                                                                                                   <PpResolverLog>
                                                                                                      <timeNeeded>0</timeNeeded>
                                                                                                      <content>
                                                                                                         <ptk:l>
                                                                                                            <ResolveTransclusionLog>
                                                                                                               <success>true</success>
                                                                                                               <target>FULLPAGENAME</target>
                                                                                                               <canonical null="true"/>
                                                                                                               <timeNeeded>0</timeNeeded>
                                                                                                               <content>
                                                                                                                  <ptk:l/>
                                                                                                               </content>
                                                                                                            </ResolveTransclusionLog>
                                                                                                            <ResolveTransclusionLog>
                                                                                                               <success>true</success>
                                                                                                               <target>ns</target>
                                                                                                               <canonical null="true"/>
                                                                                                               <timeNeeded>0</timeNeeded>
                                                                                                               <content>
                                                                                                                  <ptk:l/>
                                                                                                               </content>
                                                                                                            </ResolveTransclusionLog>
                                                                                                            <ResolveTransclusionLog>
                                                                                                               <success>true</success>
                                                                                                               <target>NAMESPACE</target>
                                                                                                               <canonical null="true"/>
                                                                                                               <timeNeeded>0</timeNeeded>
                                                                                                               <content>
                                                                                                                  <ptk:l/>
                                                                                                               </content>
                                                                                                            </ResolveTransclusionLog>
                                                                                                            <ResolveTransclusionLog>
                                                                                                               <success>true</success>
                                                                                                               <target>PAGENAME</target>
                                                                                                               <canonical null="true"/>
                                                                                                               <timeNeeded>0</timeNeeded>
                                                                                                               <content>
                                                                                                                  <ptk:l/>
                                                                                                               </content>
                                                                                                            </ResolveTransclusionLog>
                                                                                                            <ResolveTransclusionLog>
                                                                                                               <success>true</success>
                                                                                                               <target>#ifeq</target>
                                                                                                               <canonical null="true"/>
                                                                                                               <timeNeeded>0</timeNeeded>
                                                                                                               <content>
                                                                                                                  <ptk:l/>
                                                                                                               </content>
                                                                                                            </ResolveTransclusionLog>
                                                                                                            <ResolveTransclusionLog>
                                                                                                               <success>true</success>
                                                                                                               <target>NAMESPACE</target>
                                                                                                               <canonical null="true"/>
                                                                                                               <timeNeeded>0</timeNeeded>
                                                                                                               <content>
                                                                                                                  <ptk:l/>
                                                                                                               </content>
                                                                                                            </ResolveTransclusionLog>
                                                                                                            <ResolveTransclusionLog>
                                                                                                               <success>true</success>
                                                                                                               <target>#switch</target>
                                                                                                               <canonical null="true"/>
                                                                                                               <timeNeeded>0</timeNeeded>
                                                                                                               <content>
                                                                                                                  <ptk:l/>
                                                                                                               </content>
                                                                                                            </ResolveTransclusionLog>
                                                                                                            <ResolveTransclusionLog>
                                                                                                               <success>true</success>
                                                                                                               <target>NAMESPACE</target>
                                                                                                               <canonical null="true"/>
                                                                                                               <timeNeeded>0</timeNeeded>
                                                                                                               <content>
                                                                                                                  <ptk:l/>
                                                                                                               </content>
                                                                                                            </ResolveTransclusionLog>
                                                                                                         </ptk:l>
                                                                                                      </content>
                                                                                                   </PpResolverLog>
                                                                                                </ptk:l>
                                                                                             </content>
                                                                                          </CompilerLog>
                                                                                       </ptk:l>
                                                                                    </content>
                                                                                 </ResolveTransclusionLog>
                                                                                 <ResolveTransclusionLog>
                                                                                    <success>true</success>
                                                                                    <target>#ifeq</target>
                                                                                    <canonical null="true"/>
                                                                                    <timeNeeded>0</timeNeeded>
                                                                                    <content>
                                                                                       <ptk:l/>
                                                                                    </content>
                                                                                 </ResolveTransclusionLog>
                                                                                 <ResolveTransclusionLog>
                                                                                    <success>true</success>
                                                                                    <target>#if</target>
                                                                                    <canonical null="true"/>
                                                                                    <timeNeeded>0</timeNeeded>
                                                                                    <content>
                                                                                       <ptk:l/>
                                                                                    </content>
                                                                                 </ResolveTransclusionLog>
                                                                                 <ResolveTransclusionLog>
                                                                                    <success>true</success>
                                                                                    <target>#switch</target>
                                                                                    <canonical null="true"/>
                                                                                    <timeNeeded>0</timeNeeded>
                                                                                    <content>
                                                                                       <ptk:l/>
                                                                                    </content>
                                                                                 </ResolveTransclusionLog>
                                                                                 <ResolveTransclusionLog>
                                                                                    <success>true</success>
                                                                                    <target>#switch</target>
                                                                                    <canonical null="true"/>
                                                                                    <timeNeeded>0</timeNeeded>
                                                                                    <content>
                                                                                       <ptk:l/>
                                                                                    </content>
                                                                                 </ResolveTransclusionLog>
                                                                                 <ResolveTransclusionLog>
                                                                                    <success>true</success>
                                                                                    <target>#if</target>
                                                                                    <canonical null="true"/>
                                                                                    <timeNeeded>0</timeNeeded>
                                                                                    <content>
                                                                                       <ptk:l/>
                                                                                    </content>
                                                                                 </ResolveTransclusionLog>
                                                                                 <ResolveTransclusionLog>
                                                                                    <success>true</success>
                                                                                    <target>TALKPAGENAME</target>
                                                                                    <canonical null="true"/>
                                                                                    <timeNeeded>0</timeNeeded>
                                                                                    <content>
                                                                                       <ptk:l/>
                                                                                    </content>
                                                                                 </ResolveTransclusionLog>
                                                                                 <ResolveTransclusionLog>
                                                                                    <success>true</success>
                                                                                    <target>transclude</target>
                                                                                    <canonical>قالب:Transclude</canonical>
                                                                                    <timeNeeded>0</timeNeeded>
                                                                                    <content>
                                                                                       <ptk:l>
                                                                                          <CompilerLog>
                                                                                             <title>قالب:Transclude</title>
                                                                                             <revision>402314</revision>
                                                                                             <content>
                                                                                                <ptk:l>
                                                                                                   <ValidatorLog>
                                                                                                      <timeNeeded>0</timeNeeded>
                                                                                                      <content>
                                                                                                         <ptk:l/>
                                                                                                      </content>
                                                                                                   </ValidatorLog>
                                                                                                   <PreprocessorLog>
                                                                                                      <forInclusion>true</forInclusion>
                                                                                                      <timeNeeded>0</timeNeeded>
                                                                                                      <content>
                                                                                                         <ptk:l/>
                                                                                                      </content>
                                                                                                   </PreprocessorLog>
                                                                                                   <PpResolverLog>
                                                                                                      <timeNeeded>0</timeNeeded>
                                                                                                      <content>
                                                                                                         <ptk:l>
                                                                                                            <ResolveTransclusionLog>
                                                                                                               <success>true</success>
                                                                                                               <target>FULLPAGENAME</target>
                                                                                                               <canonical null="true"/>
                                                                                                               <timeNeeded>0</timeNeeded>
                                                                                                               <content>
                                                                                                                  <ptk:l/>
                                                                                                               </content>
                                                                                                            </ResolveTransclusionLog>
                                                                                                            <ResolveTransclusionLog>
                                                                                                               <success>true</success>
                                                                                                               <target>ns</target>
                                                                                                               <canonical null="true"/>
                                                                                                               <timeNeeded>0</timeNeeded>
                                                                                                               <content>
                                                                                                                  <ptk:l/>
                                                                                                               </content>
                                                                                                            </ResolveTransclusionLog>
                                                                                                            <ResolveTransclusionLog>
                                                                                                               <success>true</success>
                                                                                                               <target>NAMESPACE</target>
                                                                                                               <canonical null="true"/>
                                                                                                               <timeNeeded>0</timeNeeded>
                                                                                                               <content>
                                                                                                                  <ptk:l/>
                                                                                                               </content>
                                                                                                            </ResolveTransclusionLog>
                                                                                                            <ResolveTransclusionLog>
                                                                                                               <success>true</success>
                                                                                                               <target>PAGENAME</target>
                                                                                                               <canonical null="true"/>
                                                                                                               <timeNeeded>0</timeNeeded>
                                                                                                               <content>
                                                                                                                  <ptk:l/>
                                                                                                               </content>
                                                                                                            </ResolveTransclusionLog>
                                                                                                            <ResolveTransclusionLog>
                                                                                                               <success>true</success>
                                                                                                               <target>#ifeq</target>
                                                                                                               <canonical null="true"/>
                                                                                                               <timeNeeded>0</timeNeeded>
                                                                                                               <content>
                                                                                                                  <ptk:l/>
                                                                                                               </content>
                                                                                                            </ResolveTransclusionLog>
                                                                                                            <ResolveTransclusionLog>
                                                                                                               <success>true</success>
                                                                                                               <target>NAMESPACE</target>
                                                                                                               <canonical null="true"/>
                                                                                                               <timeNeeded>0</timeNeeded>
                                                                                                               <content>
                                                                                                                  <ptk:l/>
                                                                                                               </content>
                                                                                                            </ResolveTransclusionLog>
                                                                                                            <ResolveTransclusionLog>
                                                                                                               <success>true</success>
                                                                                                               <target>#switch</target>
                                                                                                               <canonical null="true"/>
                                                                                                               <timeNeeded>0</timeNeeded>
                                                                                                               <content>
                                                                                                                  <ptk:l/>
                                                                                                               </content>
                                                                                                            </ResolveTransclusionLog>
                                                                                                            <ResolveTransclusionLog>
                                                                                                               <success>true</success>
                                                                                                               <target>NAMESPACE</target>
                                                                                                               <canonical null="true"/>
                                                                                                               <timeNeeded>0</timeNeeded>
                                                                                                               <content>
                                                                                                                  <ptk:l/>
                                                                                                               </content>
                                                                                                            </ResolveTransclusionLog>
                                                                                                         </ptk:l>
                                                                                                      </content>
                                                                                                   </PpResolverLog>
                                                                                                </ptk:l>
                                                                                             </content>
                                                                                          </CompilerLog>
                                                                                       </ptk:l>
                                                                                    </content>
                                                                                 </ResolveTransclusionLog>
                                                                                 <ResolveTransclusionLog>
                                                                                    <success>true</success>
                                                                                    <target>#if</target>
                                                                                    <canonical null="true"/>
                                                                                    <timeNeeded>0</timeNeeded>
                                                                                    <content>
                                                                                       <ptk:l/>
                                                                                    </content>
                                                                                 </ResolveTransclusionLog>
                                                                                 <ResolveTransclusionLog>
                                                                                    <success>true</success>
                                                                                    <target>#if</target>
                                                                                    <canonical null="true"/>
                                                                                    <timeNeeded>0</timeNeeded>
                                                                                    <content>
                                                                                       <ptk:l/>
                                                                                    </content>
                                                                                 </ResolveTransclusionLog>
                                                                                 <ResolveTransclusionLog>
                                                                                    <success>true</success>
                                                                                    <target>#expr</target>
                                                                                    <canonical null="true"/>
                                                                                    <timeNeeded>0</timeNeeded>
                                                                                    <content>
                                                                                       <ptk:l/>
                                                                                    </content>
                                                                                 </ResolveTransclusionLog>
                                                                                 <ResolveTransclusionLog>
                                                                                    <success>true</success>
                                                                                    <target>#if</target>
                                                                                    <canonical null="true"/>
                                                                                    <timeNeeded>0</timeNeeded>
                                                                                    <content>
                                                                                       <ptk:l/>
                                                                                    </content>
                                                                                 </ResolveTransclusionLog>
                                                                                 <ResolveTransclusionLog>
                                                                                    <success>true</success>
                                                                                    <target>#if</target>
                                                                                    <canonical null="true"/>
                                                                                    <timeNeeded>0</timeNeeded>
                                                                                    <content>
                                                                                       <ptk:l/>
                                                                                    </content>
                                                                                 </ResolveTransclusionLog>
                                                                                 <ResolveTransclusionLog>
                                                                                    <success>true</success>
                                                                                    <target>#if</target>
                                                                                    <canonical null="true"/>
                                                                                    <timeNeeded>0</timeNeeded>
                                                                                    <content>
                                                                                       <ptk:l/>
                                                                                    </content>
                                                                                 </ResolveTransclusionLog>
                                                                                 <ResolveTransclusionLog>
                                                                                    <success>true</success>
                                                                                    <target>#if</target>
                                                                                    <canonical null="true"/>
                                                                                    <timeNeeded>0</timeNeeded>
                                                                                    <content>
                                                                                       <ptk:l/>
                                                                                    </content>
                                                                                 </ResolveTransclusionLog>
                                                                                 <ResolveTransclusionLog>
                                                                                    <success>true</success>
                                                                                    <target>#expr</target>
                                                                                    <canonical null="true"/>
                                                                                    <timeNeeded>0</timeNeeded>
                                                                                    <content>
                                                                                       <ptk:l/>
                                                                                    </content>
                                                                                 </ResolveTransclusionLog>
                                                                                 <ResolveTransclusionLog>
                                                                                    <success>true</success>
                                                                                    <target>#if</target>
                                                                                    <canonical null="true"/>
                                                                                    <timeNeeded>0</timeNeeded>
                                                                                    <content>
                                                                                       <ptk:l/>
                                                                                    </content>
                                                                                 </ResolveTransclusionLog>
                                                                                 <ResolveTransclusionLog>
                                                                                    <success>true</success>
                                                                                    <target>#if</target>
                                                                                    <canonical null="true"/>
                                                                                    <timeNeeded>0</timeNeeded>
                                                                                    <content>
                                                                                       <ptk:l/>
                                                                                    </content>
                                                                                 </ResolveTransclusionLog>
                                                                                 <ResolveTransclusionLog>
                                                                                    <success>true</success>
                                                                                    <target>#if</target>
                                                                                    <canonical null="true"/>
                                                                                    <timeNeeded>0</timeNeeded>
                                                                                    <content>
                                                                                       <ptk:l/>
                                                                                    </content>
                                                                                 </ResolveTransclusionLog>
                                                                                 <ResolveTransclusionLog>
                                                                                    <success>true</success>
                                                                                    <target>#if</target>
                                                                                    <canonical null="true"/>
                                                                                    <timeNeeded>0</timeNeeded>
                                                                                    <content>
                                                                                       <ptk:l/>
                                                                                    </content>
                                                                                 </ResolveTransclusionLog>
                                                                                 <ResolveTransclusionLog>
                                                                                    <success>true</success>
                                                                                    <target>#if</target>
                                                                                    <canonical null="true"/>
                                                                                    <timeNeeded>0</timeNeeded>
                                                                                    <content>
                                                                                       <ptk:l/>
                                                                                    </content>
                                                                                 </ResolveTransclusionLog>
                                                                                 <ResolveTransclusionLog>
                                                                                    <success>true</success>
                                                                                    <target>#if</target>
                                                                                    <canonical null="true"/>
                                                                                    <timeNeeded>0</timeNeeded>
                                                                                    <content>
                                                                                       <ptk:l/>
                                                                                    </content>
                                                                                 </ResolveTransclusionLog>
                                                                                 <ResolveTransclusionLog>
                                                                                    <success>true</success>
                                                                                    <target>#if</target>
                                                                                    <canonical null="true"/>
                                                                                    <timeNeeded>0</timeNeeded>
                                                                                    <content>
                                                                                       <ptk:l/>
                                                                                    </content>
                                                                                 </ResolveTransclusionLog>
                                                                                 <ResolveTransclusionLog>
                                                                                    <success>true</success>
                                                                                    <target>#if</target>
                                                                                    <canonical null="true"/>
                                                                                    <timeNeeded>0</timeNeeded>
                                                                                    <content>
                                                                                       <ptk:l/>
                                                                                    </content>
                                                                                 </ResolveTransclusionLog>
                                                                                 <ResolveTransclusionLog>
                                                                                    <success>true</success>
                                                                                    <target>#if</target>
                                                                                    <canonical null="true"/>
                                                                                    <timeNeeded>0</timeNeeded>
                                                                                    <content>
                                                                                       <ptk:l/>
                                                                                    </content>
                                                                                 </ResolveTransclusionLog>
                                                                                 <ResolveTransclusionLog>
                                                                                    <success>true</success>
                                                                                    <target>#if</target>
                                                                                    <canonical null="true"/>
                                                                                    <timeNeeded>0</timeNeeded>
                                                                                    <content>
                                                                                       <ptk:l/>
                                                                                    </content>
                                                                                 </ResolveTransclusionLog>
                                                                                 <ResolveTransclusionLog>
                                                                                    <success>true</success>
                                                                                    <target>#if</target>
                                                                                    <canonical null="true"/>
                                                                                    <timeNeeded>0</timeNeeded>
                                                                                    <content>
                                                                                       <ptk:l/>
                                                                                    </content>
                                                                                 </ResolveTransclusionLog>
                                                                                 <ResolveTransclusionLog>
                                                                                    <success>true</success>
                                                                                    <target>#if</target>
                                                                                    <canonical null="true"/>
                                                                                    <timeNeeded>0</timeNeeded>
                                                                                    <content>
                                                                                       <ptk:l/>
                                                                                    </content>
                                                                                 </ResolveTransclusionLog>
                                                                                 <ResolveTransclusionLog>
                                                                                    <success>true</success>
                                                                                    <target>#if</target>
                                                                                    <canonical null="true"/>
                                                                                    <timeNeeded>0</timeNeeded>
                                                                                    <content>
                                                                                       <ptk:l/>
                                                                                    </content>
                                                                                 </ResolveTransclusionLog>
                                                                                 <ResolveTransclusionLog>
                                                                                    <success>true</success>
                                                                                    <target>#if</target>
                                                                                    <canonical null="true"/>
                                                                                    <timeNeeded>0</timeNeeded>
                                                                                    <content>
                                                                                       <ptk:l/>
                                                                                    </content>
                                                                                 </ResolveTransclusionLog>
                                                                                 <ResolveTransclusionLog>
                                                                                    <success>true</success>
                                                                                    <target>#if</target>
                                                                                    <canonical null="true"/>
                                                                                    <timeNeeded>0</timeNeeded>
                                                                                    <content>
                                                                                       <ptk:l/>
                                                                                    </content>
                                                                                 </ResolveTransclusionLog>
                                                                                 <ResolveTransclusionLog>
                                                                                    <success>true</success>
                                                                                    <target>#if</target>
                                                                                    <canonical null="true"/>
                                                                                    <timeNeeded>0</timeNeeded>
                                                                                    <content>
                                                                                       <ptk:l/>
                                                                                    </content>
                                                                                 </ResolveTransclusionLog>
                                                                                 <ResolveTransclusionLog>
                                                                                    <success>true</success>
                                                                                    <target>#if</target>
                                                                                    <canonical null="true"/>
                                                                                    <timeNeeded>0</timeNeeded>
                                                                                    <content>
                                                                                       <ptk:l/>
                                                                                    </content>
                                                                                 </ResolveTransclusionLog>
                                                                                 <ResolveTransclusionLog>
                                                                                    <success>true</success>
                                                                                    <target>#if</target>
                                                                                    <canonical null="true"/>
                                                                                    <timeNeeded>0</timeNeeded>
                                                                                    <content>
                                                                                       <ptk:l/>
                                                                                    </content>
                                                                                 </ResolveTransclusionLog>
                                                                                 <ResolveTransclusionLog>
                                                                                    <success>true</success>
                                                                                    <target>#if</target>
                                                                                    <canonical null="true"/>
                                                                                    <timeNeeded>0</timeNeeded>
                                                                                    <content>
                                                                                       <ptk:l/>
                                                                                    </content>
                                                                                 </ResolveTransclusionLog>
                                                                                 <ResolveTransclusionLog>
                                                                                    <success>true</success>
                                                                                    <target>#if</target>
                                                                                    <canonical null="true"/>
                                                                                    <timeNeeded>0</timeNeeded>
                                                                                    <content>
                                                                                       <ptk:l/>
                                                                                    </content>
                                                                                 </ResolveTransclusionLog>
                                                                                 <ResolveTransclusionLog>
                                                                                    <success>true</success>
                                                                                    <target>#if</target>
                                                                                    <canonical null="true"/>
                                                                                    <timeNeeded>0</timeNeeded>
                                                                                    <content>
                                                                                       <ptk:l/>
                                                                                    </content>
                                                                                 </ResolveTransclusionLog>
                                                                                 <ResolveTransclusionLog>
                                                                                    <success>true</success>
                                                                                    <target>#if</target>
                                                                                    <canonical null="true"/>
                                                                                    <timeNeeded>0</timeNeeded>
                                                                                    <content>
                                                                                       <ptk:l/>
                                                                                    </content>
                                                                                 </ResolveTransclusionLog>
                                                                                 <ResolveTransclusionLog>
                                                                                    <success>true</success>
                                                                                    <target>#if</target>
                                                                                    <canonical null="true"/>
                                                                                    <timeNeeded>0</timeNeeded>
                                                                                    <content>
                                                                                       <ptk:l/>
                                                                                    </content>
                                                                                 </ResolveTransclusionLog>
                                                                                 <ResolveTransclusionLog>
                                                                                    <success>true</success>
                                                                                    <target>#ifeq</target>
                                                                                    <canonical null="true"/>
                                                                                    <timeNeeded>0</timeNeeded>
                                                                                    <content>
                                                                                       <ptk:l/>
                                                                                    </content>
                                                                                 </ResolveTransclusionLog>
                                                                                 <ResolveTransclusionLog>
                                                                                    <success>true</success>
                                                                                    <target>#expr</target>
                                                                                    <canonical null="true"/>
                                                                                    <timeNeeded>0</timeNeeded>
                                                                                    <content>
                                                                                       <ptk:l/>
                                                                                    </content>
                                                                                 </ResolveTransclusionLog>
                                                                                 <ResolveTransclusionLog>
                                                                                    <success>true</success>
                                                                                    <target>#if</target>
                                                                                    <canonical null="true"/>
                                                                                    <timeNeeded>0</timeNeeded>
                                                                                    <content>
                                                                                       <ptk:l/>
                                                                                    </content>
                                                                                 </ResolveTransclusionLog>
                                                                                 <ResolveTransclusionLog>
                                                                                    <success>true</success>
                                                                                    <target>#if</target>
                                                                                    <canonical null="true"/>
                                                                                    <timeNeeded>0</timeNeeded>
                                                                                    <content>
                                                                                       <ptk:l/>
                                                                                    </content>
                                                                                 </ResolveTransclusionLog>
                                                                                 <ResolveTransclusionLog>
                                                                                    <success>true</success>
                                                                                    <target>#if</target>
                                                                                    <canonical null="true"/>
                                                                                    <timeNeeded>0</timeNeeded>
                                                                                    <content>
                                                                                       <ptk:l/>
                                                                                    </content>
                                                                                 </ResolveTransclusionLog>
                                                                                 <ResolveTransclusionLog>
                                                                                    <success>true</success>
                                                                                    <target>#if</target>
                                                                                    <canonical null="true"/>
                                                                                    <timeNeeded>0</timeNeeded>
                                                                                    <content>
                                                                                       <ptk:l/>
                                                                                    </content>
                                                                                 </ResolveTransclusionLog>
                                                                                 <ResolveTransclusionLog>
                                                                                    <success>true</success>
                                                                                    <target>#if</target>
                                                                                    <canonical null="true"/>
                                                                                    <timeNeeded>0</timeNeeded>
                                                                                    <content>
                                                                                       <ptk:l/>
                                                                                    </content>
                                                                                 </ResolveTransclusionLog>
                                                                                 <ResolveTransclusionLog>
                                                                                    <success>true</success>
                                                                                    <target>#if</target>
                                                                                    <canonical null="true"/>
                                                                                    <timeNeeded>0</timeNeeded>
                                                                                    <content>
                                                                                       <ptk:l/>
                                                                                    </content>
                                                                                 </ResolveTransclusionLog>
                                                                                 <ResolveTransclusionLog>
                                                                                    <success>true</success>
                                                                                    <target>#if</target>
                                                                                    <canonical null="true"/>
                                                                                    <timeNeeded>0</timeNeeded>
                                                                                    <content>
                                                                                       <ptk:l/>
                                                                                    </content>
                                                                                 </ResolveTransclusionLog>
                                                                                 <ResolveTransclusionLog>
                                                                                    <success>true</success>
                                                                                    <target>#if</target>
                                                                                    <canonical null="true"/>
                                                                                    <timeNeeded>0</timeNeeded>
                                                                                    <content>
                                                                                       <ptk:l/>
                                                                                    </content>
                                                                                 </ResolveTransclusionLog>
                                                                                 <ResolveTransclusionLog>
                                                                                    <success>true</success>
                                                                                    <target>#if</target>
                                                                                    <canonical null="true"/>
                                                                                    <timeNeeded>0</timeNeeded>
                                                                                    <content>
                                                                                       <ptk:l/>
                                                                                    </content>
                                                                                 </ResolveTransclusionLog>
                                                                                 <ResolveTransclusionLog>
                                                                                    <success>true</success>
                                                                                    <target>#if</target>
                                                                                    <canonical null="true"/>
                                                                                    <timeNeeded>0</timeNeeded>
                                                                                    <content>
                                                                                       <ptk:l/>
                                                                                    </content>
                                                                                 </ResolveTransclusionLog>
                                                                                 <ResolveTransclusionLog>
                                                                                    <success>true</success>
                                                                                    <target>#if</target>
                                                                                    <canonical null="true"/>
                                                                                    <timeNeeded>0</timeNeeded>
                                                                                    <content>
                                                                                       <ptk:l/>
                                                                                    </content>
                                                                                 </ResolveTransclusionLog>
                                                                                 <ResolveTransclusionLog>
                                                                                    <success>true</success>
                                                                                    <target>#if</target>
                                                                                    <canonical null="true"/>
                                                                                    <timeNeeded>0</timeNeeded>
                                                                                    <content>
                                                                                       <ptk:l/>
                                                                                    </content>
                                                                                 </ResolveTransclusionLog>
                                                                                 <ResolveTransclusionLog>
                                                                                    <success>true</success>
                                                                                    <target>#if</target>
                                                                                    <canonical null="true"/>
                                                                                    <timeNeeded>0</timeNeeded>
                                                                                    <content>
                                                                                       <ptk:l/>
                                                                                    </content>
                                                                                 </ResolveTransclusionLog>
                                                                                 <ResolveTransclusionLog>
                                                                                    <success>true</success>
                                                                                    <target>#if</target>
                                                                                    <canonical null="true"/>
                                                                                    <timeNeeded>0</timeNeeded>
                                                                                    <content>
                                                                                       <ptk:l/>
                                                                                    </content>
                                                                                 </ResolveTransclusionLog>
                                                                                 <ResolveTransclusionLog>
                                                                                    <success>true</success>
                                                                                    <target>#if</target>
                                                                                    <canonical null="true"/>
                                                                                    <timeNeeded>0</timeNeeded>
                                                                                    <content>
                                                                                       <ptk:l/>
                                                                                    </content>
                                                                                 </ResolveTransclusionLog>
                                                                                 <ResolveTransclusionLog>
                                                                                    <success>true</success>
                                                                                    <target>#if</target>
                                                                                    <canonical null="true"/>
                                                                                    <timeNeeded>0</timeNeeded>
                                                                                    <content>
                                                                                       <ptk:l/>
                                                                                    </content>
                                                                                 </ResolveTransclusionLog>
                                                                                 <ResolveTransclusionLog>
                                                                                    <success>true</success>
                                                                                    <target>#if</target>
                                                                                    <canonical null="true"/>
                                                                                    <timeNeeded>0</timeNeeded>
                                                                                    <content>
                                                                                       <ptk:l/>
                                                                                    </content>
                                                                                 </ResolveTransclusionLog>
                                                                                 <ResolveTransclusionLog>
                                                                                    <success>true</success>
                                                                                    <target>#if</target>
                                                                                    <canonical null="true"/>
                                                                                    <timeNeeded>0</timeNeeded>
                                                                                    <content>
                                                                                       <ptk:l/>
                                                                                    </content>
                                                                                 </ResolveTransclusionLog>
                                                                                 <ResolveTransclusionLog>
                                                                                    <success>true</success>
                                                                                    <target>#if</target>
                                                                                    <canonical null="true"/>
                                                                                    <timeNeeded>0</timeNeeded>
                                                                                    <content>
                                                                                       <ptk:l/>
                                                                                    </content>
                                                                                 </ResolveTransclusionLog>
                                                                                 <ResolveTransclusionLog>
                                                                                    <success>true</success>
                                                                                    <target>#if</target>
                                                                                    <canonical null="true"/>
                                                                                    <timeNeeded>0</timeNeeded>
                                                                                    <content>
                                                                                       <ptk:l/>
                                                                                    </content>
                                                                                 </ResolveTransclusionLog>
                                                                                 <ResolveTransclusionLog>
                                                                                    <success>true</success>
                                                                                    <target>#expr</target>
                                                                                    <canonical null="true"/>
                                                                                    <timeNeeded>0</timeNeeded>
                                                                                    <content>
                                                                                       <ptk:l/>
                                                                                    </content>
                                                                                 </ResolveTransclusionLog>
                                                                                 <ResolveTransclusionLog>
                                                                                    <success>true</success>
                                                                                    <target>#if</target>
                                                                                    <canonical null="true"/>
                                                                                    <timeNeeded>0</timeNeeded>
                                                                                    <content>
                                                                                       <ptk:l/>
                                                                                    </content>
                                                                                 </ResolveTransclusionLog>
                                                                                 <ResolveTransclusionLog>
                                                                                    <success>true</success>
                                                                                    <target>#if</target>
                                                                                    <canonical null="true"/>
                                                                                    <timeNeeded>0</timeNeeded>
                                                                                    <content>
                                                                                       <ptk:l/>
                                                                                    </content>
                                                                                 </ResolveTransclusionLog>
                                                                                 <ResolveTransclusionLog>
                                                                                    <success>true</success>
                                                                                    <target>#if</target>
                                                                                    <canonical null="true"/>
                                                                                    <timeNeeded>0</timeNeeded>
                                                                                    <content>
                                                                                       <ptk:l/>
                                                                                    </content>
                                                                                 </ResolveTransclusionLog>
                                                                                 <ResolveTransclusionLog>
                                                                                    <success>true</success>
                                                                                    <target>#if</target>
                                                                                    <canonical null="true"/>
                                                                                    <timeNeeded>0</timeNeeded>
                                                                                    <content>
                                                                                       <ptk:l/>
                                                                                    </content>
                                                                                 </ResolveTransclusionLog>
                                                                                 <ResolveTransclusionLog>
                                                                                    <success>true</success>
                                                                                    <target>#if</target>
                                                                                    <canonical null="true"/>
                                                                                    <timeNeeded>0</timeNeeded>
                                                                                    <content>
                                                                                       <ptk:l/>
                                                                                    </content>
                                                                                 </ResolveTransclusionLog>
                                                                                 <ResolveTransclusionLog>
                                                                                    <success>true</success>
                                                                                    <target>#if</target>
                                                                                    <canonical null="true"/>
                                                                                    <timeNeeded>0</timeNeeded>
                                                                                    <content>
                                                                                       <ptk:l/>
                                                                                    </content>
                                                                                 </ResolveTransclusionLog>
                                                                                 <ResolveTransclusionLog>
                                                                                    <success>true</success>
                                                                                    <target>#if</target>
                                                                                    <canonical null="true"/>
                                                                                    <timeNeeded>0</timeNeeded>
                                                                                    <content>
                                                                                       <ptk:l/>
                                                                                    </content>
                                                                                 </ResolveTransclusionLog>
                                                                                 <ResolveTransclusionLog>
                                                                                    <success>true</success>
                                                                                    <target>#if</target>
                                                                                    <canonical null="true"/>
                                                                                    <timeNeeded>0</timeNeeded>
                                                                                    <content>
                                                                                       <ptk:l/>
                                                                                    </content>
                                                                                 </ResolveTransclusionLog>
                                                                                 <ResolveTransclusionLog>
                                                                                    <success>true</success>
                                                                                    <target>#if</target>
                                                                                    <canonical null="true"/>
                                                                                    <timeNeeded>0</timeNeeded>
                                                                                    <content>
                                                                                       <ptk:l/>
                                                                                    </content>
                                                                                 </ResolveTransclusionLog>
                                                                                 <ResolveTransclusionLog>
                                                                                    <success>true</success>
                                                                                    <target>#if</target>
                                                                                    <canonical null="true"/>
                                                                                    <timeNeeded>0</timeNeeded>
                                                                                    <content>
                                                                                       <ptk:l/>
                                                                                    </content>
                                                                                 </ResolveTransclusionLog>
                                                                                 <ResolveTransclusionLog>
                                                                                    <success>true</success>
                                                                                    <target>#if</target>
                                                                                    <canonical null="true"/>
                                                                                    <timeNeeded>0</timeNeeded>
                                                                                    <content>
                                                                                       <ptk:l/>
                                                                                    </content>
                                                                                 </ResolveTransclusionLog>
                                                                                 <ResolveTransclusionLog>
                                                                                    <success>true</success>
                                                                                    <target>#if</target>
                                                                                    <canonical null="true"/>
                                                                                    <timeNeeded>0</timeNeeded>
                                                                                    <content>
                                                                                       <ptk:l/>
                                                                                    </content>
                                                                                 </ResolveTransclusionLog>
                                                                                 <ResolveTransclusionLog>
                                                                                    <success>true</success>
                                                                                    <target>#if</target>
                                                                                    <canonical null="true"/>
                                                                                    <timeNeeded>0</timeNeeded>
                                                                                    <content>
                                                                                       <ptk:l/>
                                                                                    </content>
                                                                                 </ResolveTransclusionLog>
                                                                                 <ResolveTransclusionLog>
                                                                                    <success>true</success>
                                                                                    <target>#if</target>
                                                                                    <canonical null="true"/>
                                                                                    <timeNeeded>0</timeNeeded>
                                                                                    <content>
                                                                                       <ptk:l/>
                                                                                    </content>
                                                                                 </ResolveTransclusionLog>
                                                                                 <ResolveTransclusionLog>
                                                                                    <success>true</success>
                                                                                    <target>#if</target>
                                                                                    <canonical null="true"/>
                                                                                    <timeNeeded>0</timeNeeded>
                                                                                    <content>
                                                                                       <ptk:l/>
                                                                                    </content>
                                                                                 </ResolveTransclusionLog>
                                                                                 <ResolveTransclusionLog>
                                                                                    <success>true</success>
                                                                                    <target>#if</target>
                                                                                    <canonical null="true"/>
                                                                                    <timeNeeded>0</timeNeeded>
                                                                                    <content>
                                                                                       <ptk:l/>
                                                                                    </content>
                                                                                 </ResolveTransclusionLog>
                                                                                 <ResolveTransclusionLog>
                                                                                    <success>true</success>
                                                                                    <target>#if</target>
                                                                                    <canonical null="true"/>
                                                                                    <timeNeeded>0</timeNeeded>
                                                                                    <content>
                                                                                       <ptk:l/>
                                                                                    </content>
                                                                                 </ResolveTransclusionLog>
                                                                                 <ResolveTransclusionLog>
                                                                                    <success>true</success>
                                                                                    <target>#if</target>
                                                                                    <canonical null="true"/>
                                                                                    <timeNeeded>0</timeNeeded>
                                                                                    <content>
                                                                                       <ptk:l/>
                                                                                    </content>
                                                                                 </ResolveTransclusionLog>
                                                                                 <ResolveTransclusionLog>
                                                                                    <success>true</success>
                                                                                    <target>#if</target>
                                                                                    <canonical null="true"/>
                                                                                    <timeNeeded>0</timeNeeded>
                                                                                    <content>
                                                                                       <ptk:l/>
                                                                                    </content>
                                                                                 </ResolveTransclusionLog>
                                                                                 <ResolveTransclusionLog>
                                                                                    <success>true</success>
                                                                                    <target>#if</target>
                                                                                    <canonical null="true"/>
                                                                                    <timeNeeded>0</timeNeeded>
                                                                                    <content>
                                                                                       <ptk:l/>
                                                                                    </content>
                                                                                 </ResolveTransclusionLog>
                                                                                 <ResolveTransclusionLog>
                                                                                    <success>true</success>
                                                                                    <target>#if</target>
                                                                                    <canonical null="true"/>
                                                                                    <timeNeeded>0</timeNeeded>
                                                                                    <content>
                                                                                       <ptk:l/>
                                                                                    </content>
                                                                                 </ResolveTransclusionLog>
                                                                                 <ResolveTransclusionLog>
                                                                                    <success>true</success>
                                                                                    <target>#if</target>
                                                                                    <canonical null="true"/>
                                                                                    <timeNeeded>0</timeNeeded>
                                                                                    <content>
                                                                                       <ptk:l/>
                                                                                    </content>
                                                                                 </ResolveTransclusionLog>
                                                                                 <ResolveTransclusionLog>
                                                                                    <success>true</success>
                                                                                    <target>#if</target>
                                                                                    <canonical null="true"/>
                                                                                    <timeNeeded>0</timeNeeded>
                                                                                    <content>
                                                                                       <ptk:l/>
                                                                                    </content>
                                                                                 </ResolveTransclusionLog>
                                                                                 <ResolveTransclusionLog>
                                                                                    <success>true</success>
                                                                                    <target>#if</target>
                                                                                    <canonical null="true"/>
                                                                                    <timeNeeded>0</timeNeeded>
                                                                                    <content>
                                                                                       <ptk:l/>
                                                                                    </content>
                                                                                 </ResolveTransclusionLog>
                                                                                 <ResolveTransclusionLog>
                                                                                    <success>true</success>
                                                                                    <target>#ifeq</target>
                                                                                    <canonical null="true"/>
                                                                                    <timeNeeded>0</timeNeeded>
                                                                                    <content>
                                                                                       <ptk:l/>
                                                                                    </content>
                                                                                 </ResolveTransclusionLog>
                                                                                 <ResolveTransclusionLog>
                                                                                    <success>true</success>
                                                                                    <target>#if</target>
                                                                                    <canonical null="true"/>
                                                                                    <timeNeeded>0</timeNeeded>
                                                                                    <content>
                                                                                       <ptk:l/>
                                                                                    </content>
                                                                                 </ResolveTransclusionLog>
                                                                                 <ResolveTransclusionLog>
                                                                                    <success>true</success>
                                                                                    <target>#if</target>
                                                                                    <canonical null="true"/>
                                                                                    <timeNeeded>0</timeNeeded>
                                                                                    <content>
                                                                                       <ptk:l/>
                                                                                    </content>
                                                                                 </ResolveTransclusionLog>
                                                                                 <ResolveTransclusionLog>
                                                                                    <success>true</success>
                                                                                    <target>#if</target>
                                                                                    <canonical null="true"/>
                                                                                    <timeNeeded>0</timeNeeded>
                                                                                    <content>
                                                                                       <ptk:l/>
                                                                                    </content>
                                                                                 </ResolveTransclusionLog>
                                                                                 <ResolveTransclusionLog>
                                                                                    <success>true</success>
                                                                                    <target>#if</target>
                                                                                    <canonical null="true"/>
                                                                                    <timeNeeded>0</timeNeeded>
                                                                                    <content>
                                                                                       <ptk:l/>
                                                                                    </content>
                                                                                 </ResolveTransclusionLog>
                                                                                 <ResolveTransclusionLog>
                                                                                    <success>true</success>
                                                                                    <target>#if</target>
                                                                                    <canonical null="true"/>
                                                                                    <timeNeeded>0</timeNeeded>
                                                                                    <content>
                                                                                       <ptk:l/>
                                                                                    </content>
                                                                                 </ResolveTransclusionLog>
                                                                                 <ResolveTransclusionLog>
                                                                                    <success>true</success>
                                                                                    <target>#ifeq</target>
                                                                                    <canonical null="true"/>
                                                                                    <timeNeeded>0</timeNeeded>
                                                                                    <content>
                                                                                       <ptk:l/>
                                                                                    </content>
                                                                                 </ResolveTransclusionLog>
                                                                                 <ResolveTransclusionLog>
                                                                                    <success>true</success>
                                                                                    <target>#if</target>
                                                                                    <canonical null="true"/>
                                                                                    <timeNeeded>0</timeNeeded>
                                                                                    <content>
                                                                                       <ptk:l/>
                                                                                    </content>
                                                                                 </ResolveTransclusionLog>
                                                                                 <ResolveTransclusionLog>
                                                                                    <success>true</success>
                                                                                    <target>#if</target>
                                                                                    <canonical null="true"/>
                                                                                    <timeNeeded>0</timeNeeded>
                                                                                    <content>
                                                                                       <ptk:l/>
                                                                                    </content>
                                                                                 </ResolveTransclusionLog>
                                                                                 <ResolveTransclusionLog>
                                                                                    <success>true</success>
                                                                                    <target>#if</target>
                                                                                    <canonical null="true"/>
                                                                                    <timeNeeded>0</timeNeeded>
                                                                                    <content>
                                                                                       <ptk:l/>
                                                                                    </content>
                                                                                 </ResolveTransclusionLog>
                                                                                 <ResolveTransclusionLog>
                                                                                    <success>true</success>
                                                                                    <target>#if</target>
                                                                                    <canonical null="true"/>
                                                                                    <timeNeeded>0</timeNeeded>
                                                                                    <content>
                                                                                       <ptk:l/>
                                                                                    </content>
                                                                                 </ResolveTransclusionLog>
                                                                                 <ResolveTransclusionLog>
                                                                                    <success>true</success>
                                                                                    <target>#ifeq</target>
                                                                                    <canonical null="true"/>
                                                                                    <timeNeeded>0</timeNeeded>
                                                                                    <content>
                                                                                       <ptk:l/>
                                                                                    </content>
                                                                                 </ResolveTransclusionLog>
                                                                                 <ResolveTransclusionLog>
                                                                                    <success>true</success>
                                                                                    <target>#if</target>
                                                                                    <canonical null="true"/>
                                                                                    <timeNeeded>0</timeNeeded>
                                                                                    <content>
                                                                                       <ptk:l/>
                                                                                    </content>
                                                                                 </ResolveTransclusionLog>
                                                                                 <ResolveTransclusionLog>
                                                                                    <success>true</success>
                                                                                    <target>#if</target>
                                                                                    <canonical null="true"/>
                                                                                    <timeNeeded>0</timeNeeded>
                                                                                    <content>
                                                                                       <ptk:l/>
                                                                                    </content>
                                                                                 </ResolveTransclusionLog>
                                                                                 <ResolveTransclusionLog>
                                                                                    <success>true</success>
                                                                                    <target>#if</target>
                                                                                    <canonical null="true"/>
                                                                                    <timeNeeded>0</timeNeeded>
                                                                                    <content>
                                                                                       <ptk:l/>
                                                                                    </content>
                                                                                 </ResolveTransclusionLog>
                                                                                 <ResolveTransclusionLog>
                                                                                    <success>true</success>
                                                                                    <target>#if</target>
                                                                                    <canonical null="true"/>
                                                                                    <timeNeeded>0</timeNeeded>
                                                                                    <content>
                                                                                       <ptk:l/>
                                                                                    </content>
                                                                                 </ResolveTransclusionLog>
                                                                                 <ResolveTransclusionLog>
                                                                                    <success>true</success>
                                                                                    <target>#ifeq</target>
                                                                                    <canonical null="true"/>
                                                                                    <timeNeeded>0</timeNeeded>
                                                                                    <content>
                                                                                       <ptk:l/>
                                                                                    </content>
                                                                                 </ResolveTransclusionLog>
                                                                                 <ResolveTransclusionLog>
                                                                                    <success>true</success>
                                                                                    <target>#if</target>
                                                                                    <canonical null="true"/>
                                                                                    <timeNeeded>0</timeNeeded>
                                                                                    <content>
                                                                                       <ptk:l/>
                                                                                    </content>
                                                                                 </ResolveTransclusionLog>
                                                                                 <ResolveTransclusionLog>
                                                                                    <success>true</success>
                                                                                    <target>#if</target>
                                                                                    <canonical null="true"/>
                                                                                    <timeNeeded>0</timeNeeded>
                                                                                    <content>
                                                                                       <ptk:l/>
                                                                                    </content>
                                                                                 </ResolveTransclusionLog>
                                                                                 <ResolveTransclusionLog>
                                                                                    <success>true</success>
                                                                                    <target>#if</target>
                                                                                    <canonical null="true"/>
                                                                                    <timeNeeded>0</timeNeeded>
                                                                                    <content>
                                                                                       <ptk:l/>
                                                                                    </content>
                                                                                 </ResolveTransclusionLog>
                                                                                 <ResolveTransclusionLog>
                                                                                    <success>true</success>
                                                                                    <target>#if</target>
                                                                                    <canonical null="true"/>
                                                                                    <timeNeeded>0</timeNeeded>
                                                                                    <content>
                                                                                       <ptk:l/>
                                                                                    </content>
                                                                                 </ResolveTransclusionLog>
                                                                                 <ResolveTransclusionLog>
                                                                                    <success>true</success>
                                                                                    <target>#ifeq</target>
                                                                                    <canonical null="true"/>
                                                                                    <timeNeeded>0</timeNeeded>
                                                                                    <content>
                                                                                       <ptk:l/>
                                                                                    </content>
                                                                                 </ResolveTransclusionLog>
                                                                                 <ResolveTransclusionLog>
                                                                                    <success>true</success>
                                                                                    <target>#if</target>
                                                                                    <canonical null="true"/>
                                                                                    <timeNeeded>0</timeNeeded>
                                                                                    <content>
                                                                                       <ptk:l/>
                                                                                    </content>
                                                                                 </ResolveTransclusionLog>
                                                                                 <ResolveTransclusionLog>
                                                                                    <success>true</success>
                                                                                    <target>#if</target>
                                                                                    <canonical null="true"/>
                                                                                    <timeNeeded>0</timeNeeded>
                                                                                    <content>
                                                                                       <ptk:l/>
                                                                                    </content>
                                                                                 </ResolveTransclusionLog>
                                                                                 <ResolveTransclusionLog>
                                                                                    <success>true</success>
                                                                                    <target>#if</target>
                                                                                    <canonical null="true"/>
                                                                                    <timeNeeded>0</timeNeeded>
                                                                                    <content>
                                                                                       <ptk:l/>
                                                                                    </content>
                                                                                 </ResolveTransclusionLog>
                                                                                 <ResolveTransclusionLog>
                                                                                    <success>true</success>
                                                                                    <target>#if</target>
                                                                                    <canonical null="true"/>
                                                                                    <timeNeeded>0</timeNeeded>
                                                                                    <content>
                                                                                       <ptk:l/>
                                                                                    </content>
                                                                                 </ResolveTransclusionLog>
                                                                                 <ResolveTransclusionLog>
                                                                                    <success>true</success>
                                                                                    <target>#ifeq</target>
                                                                                    <canonical null="true"/>
                                                                                    <timeNeeded>0</timeNeeded>
                                                                                    <content>
                                                                                       <ptk:l/>
                                                                                    </content>
                                                                                 </ResolveTransclusionLog>
                                                                                 <ResolveTransclusionLog>
                                                                                    <success>true</success>
                                                                                    <target>#if</target>
                                                                                    <canonical null="true"/>
                                                                                    <timeNeeded>0</timeNeeded>
                                                                                    <content>
                                                                                       <ptk:l/>
                                                                                    </content>
                                                                                 </ResolveTransclusionLog>
                                                                                 <ResolveTransclusionLog>
                                                                                    <success>true</success>
                                                                                    <target>#if</target>
                                                                                    <canonical null="true"/>
                                                                                    <timeNeeded>0</timeNeeded>
                                                                                    <content>
                                                                                       <ptk:l/>
                                                                                    </content>
                                                                                 </ResolveTransclusionLog>
                                                                                 <ResolveTransclusionLog>
                                                                                    <success>true</success>
                                                                                    <target>#if</target>
                                                                                    <canonical null="true"/>
                                                                                    <timeNeeded>0</timeNeeded>
                                                                                    <content>
                                                                                       <ptk:l/>
                                                                                    </content>
                                                                                 </ResolveTransclusionLog>
                                                                                 <ResolveTransclusionLog>
                                                                                    <success>true</success>
                                                                                    <target>#if</target>
                                                                                    <canonical null="true"/>
                                                                                    <timeNeeded>0</timeNeeded>
                                                                                    <content>
                                                                                       <ptk:l/>
                                                                                    </content>
                                                                                 </ResolveTransclusionLog>
                                                                                 <ResolveTransclusionLog>
                                                                                    <success>true</success>
                                                                                    <target>#ifeq</target>
                                                                                    <canonical null="true"/>
                                                                                    <timeNeeded>0</timeNeeded>
                                                                                    <content>
                                                                                       <ptk:l/>
                                                                                    </content>
                                                                                 </ResolveTransclusionLog>
                                                                                 <ResolveTransclusionLog>
                                                                                    <success>true</success>
                                                                                    <target>#if</target>
                                                                                    <canonical null="true"/>
                                                                                    <timeNeeded>0</timeNeeded>
                                                                                    <content>
                                                                                       <ptk:l/>
                                                                                    </content>
                                                                                 </ResolveTransclusionLog>
                                                                                 <ResolveTransclusionLog>
                                                                                    <success>true</success>
                                                                                    <target>#if</target>
                                                                                    <canonical null="true"/>
                                                                                    <timeNeeded>0</timeNeeded>
                                                                                    <content>
                                                                                       <ptk:l/>
                                                                                    </content>
                                                                                 </ResolveTransclusionLog>
                                                                                 <ResolveTransclusionLog>
                                                                                    <success>true</success>
                                                                                    <target>#if</target>
                                                                                    <canonical null="true"/>
                                                                                    <timeNeeded>0</timeNeeded>
                                                                                    <content>
                                                                                       <ptk:l/>
                                                                                    </content>
                                                                                 </ResolveTransclusionLog>
                                                                                 <ResolveTransclusionLog>
                                                                                    <success>true</success>
                                                                                    <target>#if</target>
                                                                                    <canonical null="true"/>
                                                                                    <timeNeeded>0</timeNeeded>
                                                                                    <content>
                                                                                       <ptk:l/>
                                                                                    </content>
                                                                                 </ResolveTransclusionLog>
                                                                                 <ResolveTransclusionLog>
                                                                                    <success>true</success>
                                                                                    <target>#ifeq</target>
                                                                                    <canonical null="true"/>
                                                                                    <timeNeeded>0</timeNeeded>
                                                                                    <content>
                                                                                       <ptk:l/>
                                                                                    </content>
                                                                                 </ResolveTransclusionLog>
                                                                                 <ResolveTransclusionLog>
                                                                                    <success>true</success>
                                                                                    <target>#if</target>
                                                                                    <canonical null="true"/>
                                                                                    <timeNeeded>0</timeNeeded>
                                                                                    <content>
                                                                                       <ptk:l/>
                                                                                    </content>
                                                                                 </ResolveTransclusionLog>
                                                                                 <ResolveTransclusionLog>
                                                                                    <success>true</success>
                                                                                    <target>#if</target>
                                                                                    <canonical null="true"/>
                                                                                    <timeNeeded>0</timeNeeded>
                                                                                    <content>
                                                                                       <ptk:l/>
                                                                                    </content>
                                                                                 </ResolveTransclusionLog>
                                                                                 <ResolveTransclusionLog>
                                                                                    <success>true</success>
                                                                                    <target>#if</target>
                                                                                    <canonical null="true"/>
                                                                                    <timeNeeded>0</timeNeeded>
                                                                                    <content>
                                                                                       <ptk:l/>
                                                                                    </content>
                                                                                 </ResolveTransclusionLog>
                                                                                 <ResolveTransclusionLog>
                                                                                    <success>true</success>
                                                                                    <target>#if</target>
                                                                                    <canonical null="true"/>
                                                                                    <timeNeeded>0</timeNeeded>
                                                                                    <content>
                                                                                       <ptk:l/>
                                                                                    </content>
                                                                                 </ResolveTransclusionLog>
                                                                                 <ResolveTransclusionLog>
                                                                                    <success>true</success>
                                                                                    <target>#ifeq</target>
                                                                                    <canonical null="true"/>
                                                                                    <timeNeeded>0</timeNeeded>
                                                                                    <content>
                                                                                       <ptk:l/>
                                                                                    </content>
                                                                                 </ResolveTransclusionLog>
                                                                                 <ResolveTransclusionLog>
                                                                                    <success>true</success>
                                                                                    <target>#if</target>
                                                                                    <canonical null="true"/>
                                                                                    <timeNeeded>0</timeNeeded>
                                                                                    <content>
                                                                                       <ptk:l/>
                                                                                    </content>
                                                                                 </ResolveTransclusionLog>
                                                                                 <ResolveTransclusionLog>
                                                                                    <success>true</success>
                                                                                    <target>#if</target>
                                                                                    <canonical null="true"/>
                                                                                    <timeNeeded>0</timeNeeded>
                                                                                    <content>
                                                                                       <ptk:l/>
                                                                                    </content>
                                                                                 </ResolveTransclusionLog>
                                                                                 <ResolveTransclusionLog>
                                                                                    <success>true</success>
                                                                                    <target>#if</target>
                                                                                    <canonical null="true"/>
                                                                                    <timeNeeded>0</timeNeeded>
                                                                                    <content>
                                                                                       <ptk:l/>
                                                                                    </content>
                                                                                 </ResolveTransclusionLog>
                                                                                 <ResolveTransclusionLog>
                                                                                    <success>true</success>
                                                                                    <target>#if</target>
                                                                                    <canonical null="true"/>
                                                                                    <timeNeeded>0</timeNeeded>
                                                                                    <content>
                                                                                       <ptk:l/>
                                                                                    </content>
                                                                                 </ResolveTransclusionLog>
                                                                                 <ResolveTransclusionLog>
                                                                                    <success>true</success>
                                                                                    <target>#ifeq</target>
                                                                                    <canonical null="true"/>
                                                                                    <timeNeeded>0</timeNeeded>
                                                                                    <content>
                                                                                       <ptk:l/>
                                                                                    </content>
                                                                                 </ResolveTransclusionLog>
                                                                                 <ResolveTransclusionLog>
                                                                                    <success>true</success>
                                                                                    <target>#if</target>
                                                                                    <canonical null="true"/>
                                                                                    <timeNeeded>0</timeNeeded>
                                                                                    <content>
                                                                                       <ptk:l/>
                                                                                    </content>
                                                                                 </ResolveTransclusionLog>
                                                                                 <ResolveTransclusionLog>
                                                                                    <success>true</success>
                                                                                    <target>#if</target>
                                                                                    <canonical null="true"/>
                                                                                    <timeNeeded>0</timeNeeded>
                                                                                    <content>
                                                                                       <ptk:l/>
                                                                                    </content>
                                                                                 </ResolveTransclusionLog>
                                                                                 <ResolveTransclusionLog>
                                                                                    <success>true</success>
                                                                                    <target>#if</target>
                                                                                    <canonical null="true"/>
                                                                                    <timeNeeded>0</timeNeeded>
                                                                                    <content>
                                                                                       <ptk:l/>
                                                                                    </content>
                                                                                 </ResolveTransclusionLog>
                                                                                 <ResolveTransclusionLog>
                                                                                    <success>true</success>
                                                                                    <target>#if</target>
                                                                                    <canonical null="true"/>
                                                                                    <timeNeeded>0</timeNeeded>
                                                                                    <content>
                                                                                       <ptk:l/>
                                                                                    </content>
                                                                                 </ResolveTransclusionLog>
                                                                                 <ResolveTransclusionLog>
                                                                                    <success>true</success>
                                                                                    <target>#ifeq</target>
                                                                                    <canonical null="true"/>
                                                                                    <timeNeeded>0</timeNeeded>
                                                                                    <content>
                                                                                       <ptk:l/>
                                                                                    </content>
                                                                                 </ResolveTransclusionLog>
                                                                                 <ResolveTransclusionLog>
                                                                                    <success>true</success>
                                                                                    <target>#if</target>
                                                                                    <canonical null="true"/>
                                                                                    <timeNeeded>0</timeNeeded>
                                                                                    <content>
                                                                                       <ptk:l/>
                                                                                    </content>
                                                                                 </ResolveTransclusionLog>
                                                                                 <ResolveTransclusionLog>
                                                                                    <success>true</success>
                                                                                    <target>#if</target>
                                                                                    <canonical null="true"/>
                                                                                    <timeNeeded>0</timeNeeded>
                                                                                    <content>
                                                                                       <ptk:l/>
                                                                                    </content>
                                                                                 </ResolveTransclusionLog>
                                                                                 <ResolveTransclusionLog>
                                                                                    <success>true</success>
                                                                                    <target>#if</target>
                                                                                    <canonical null="true"/>
                                                                                    <timeNeeded>0</timeNeeded>
                                                                                    <content>
                                                                                       <ptk:l/>
                                                                                    </content>
                                                                                 </ResolveTransclusionLog>
                                                                                 <ResolveTransclusionLog>
                                                                                    <success>true</success>
                                                                                    <target>#if</target>
                                                                                    <canonical null="true"/>
                                                                                    <timeNeeded>0</timeNeeded>
                                                                                    <content>
                                                                                       <ptk:l/>
                                                                                    </content>
                                                                                 </ResolveTransclusionLog>
                                                                                 <ResolveTransclusionLog>
                                                                                    <success>true</success>
                                                                                    <target>#ifeq</target>
                                                                                    <canonical null="true"/>
                                                                                    <timeNeeded>0</timeNeeded>
                                                                                    <content>
                                                                                       <ptk:l/>
                                                                                    </content>
                                                                                 </ResolveTransclusionLog>
                                                                                 <ResolveTransclusionLog>
                                                                                    <success>true</success>
                                                                                    <target>#if</target>
                                                                                    <canonical null="true"/>
                                                                                    <timeNeeded>0</timeNeeded>
                                                                                    <content>
                                                                                       <ptk:l/>
                                                                                    </content>
                                                                                 </ResolveTransclusionLog>
                                                                                 <ResolveTransclusionLog>
                                                                                    <success>true</success>
                                                                                    <target>#if</target>
                                                                                    <canonical null="true"/>
                                                                                    <timeNeeded>0</timeNeeded>
                                                                                    <content>
                                                                                       <ptk:l/>
                                                                                    </content>
                                                                                 </ResolveTransclusionLog>
                                                                                 <ResolveTransclusionLog>
                                                                                    <success>true</success>
                                                                                    <target>#if</target>
                                                                                    <canonical null="true"/>
                                                                                    <timeNeeded>0</timeNeeded>
                                                                                    <content>
                                                                                       <ptk:l/>
                                                                                    </content>
                                                                                 </ResolveTransclusionLog>
                                                                                 <ResolveTransclusionLog>
                                                                                    <success>true</success>
                                                                                    <target>#if</target>
                                                                                    <canonical null="true"/>
                                                                                    <timeNeeded>0</timeNeeded>
                                                                                    <content>
                                                                                       <ptk:l/>
                                                                                    </content>
                                                                                 </ResolveTransclusionLog>
                                                                                 <ResolveTransclusionLog>
                                                                                    <success>true</success>
                                                                                    <target>#ifeq</target>
                                                                                    <canonical null="true"/>
                                                                                    <timeNeeded>0</timeNeeded>
                                                                                    <content>
                                                                                       <ptk:l/>
                                                                                    </content>
                                                                                 </ResolveTransclusionLog>
                                                                                 <ResolveTransclusionLog>
                                                                                    <success>true</success>
                                                                                    <target>#if</target>
                                                                                    <canonical null="true"/>
                                                                                    <timeNeeded>0</timeNeeded>
                                                                                    <content>
                                                                                       <ptk:l/>
                                                                                    </content>
                                                                                 </ResolveTransclusionLog>
                                                                                 <ResolveTransclusionLog>
                                                                                    <success>true</success>
                                                                                    <target>#if</target>
                                                                                    <canonical null="true"/>
                                                                                    <timeNeeded>0</timeNeeded>
                                                                                    <content>
                                                                                       <ptk:l/>
                                                                                    </content>
                                                                                 </ResolveTransclusionLog>
                                                                                 <ResolveTransclusionLog>
                                                                                    <success>true</success>
                                                                                    <target>#if</target>
                                                                                    <canonical null="true"/>
                                                                                    <timeNeeded>0</timeNeeded>
                                                                                    <content>
                                                                                       <ptk:l/>
                                                                                    </content>
                                                                                 </ResolveTransclusionLog>
                                                                                 <ResolveTransclusionLog>
                                                                                    <success>true</success>
                                                                                    <target>#if</target>
                                                                                    <canonical null="true"/>
                                                                                    <timeNeeded>0</timeNeeded>
                                                                                    <content>
                                                                                       <ptk:l/>
                                                                                    </content>
                                                                                 </ResolveTransclusionLog>
                                                                                 <ResolveTransclusionLog>
                                                                                    <success>true</success>
                                                                                    <target>#ifeq</target>
                                                                                    <canonical null="true"/>
                                                                                    <timeNeeded>0</timeNeeded>
                                                                                    <content>
                                                                                       <ptk:l/>
                                                                                    </content>
                                                                                 </ResolveTransclusionLog>
                                                                                 <ResolveTransclusionLog>
                                                                                    <success>true</success>
                                                                                    <target>#if</target>
                                                                                    <canonical null="true"/>
                                                                                    <timeNeeded>0</timeNeeded>
                                                                                    <content>
                                                                                       <ptk:l/>
                                                                                    </content>
                                                                                 </ResolveTransclusionLog>
                                                                                 <ResolveTransclusionLog>
                                                                                    <success>true</success>
                                                                                    <target>#if</target>
                                                                                    <canonical null="true"/>
                                                                                    <timeNeeded>0</timeNeeded>
                                                                                    <content>
                                                                                       <ptk:l/>
                                                                                    </content>
                                                                                 </ResolveTransclusionLog>
                                                                                 <ResolveTransclusionLog>
                                                                                    <success>true</success>
                                                                                    <target>#if</target>
                                                                                    <canonical null="true"/>
                                                                                    <timeNeeded>0</timeNeeded>
                                                                                    <content>
                                                                                       <ptk:l/>
                                                                                    </content>
                                                                                 </ResolveTransclusionLog>
                                                                                 <ResolveTransclusionLog>
                                                                                    <success>true</success>
                                                                                    <target>#if</target>
                                                                                    <canonical null="true"/>
                                                                                    <timeNeeded>0</timeNeeded>
                                                                                    <content>
                                                                                       <ptk:l/>
                                                                                    </content>
                                                                                 </ResolveTransclusionLog>
                                                                                 <ResolveTransclusionLog>
                                                                                    <success>true</success>
                                                                                    <target>#ifeq</target>
                                                                                    <canonical null="true"/>
                                                                                    <timeNeeded>0</timeNeeded>
                                                                                    <content>
                                                                                       <ptk:l/>
                                                                                    </content>
                                                                                 </ResolveTransclusionLog>
                                                                                 <ResolveTransclusionLog>
                                                                                    <success>true</success>
                                                                                    <target>#if</target>
                                                                                    <canonical null="true"/>
                                                                                    <timeNeeded>0</timeNeeded>
                                                                                    <content>
                                                                                       <ptk:l/>
                                                                                    </content>
                                                                                 </ResolveTransclusionLog>
                                                                                 <ResolveTransclusionLog>
                                                                                    <success>true</success>
                                                                                    <target>#if</target>
                                                                                    <canonical null="true"/>
                                                                                    <timeNeeded>0</timeNeeded>
                                                                                    <content>
                                                                                       <ptk:l/>
                                                                                    </content>
                                                                                 </ResolveTransclusionLog>
                                                                                 <ResolveTransclusionLog>
                                                                                    <success>true</success>
                                                                                    <target>#if</target>
                                                                                    <canonical null="true"/>
                                                                                    <timeNeeded>0</timeNeeded>
                                                                                    <content>
                                                                                       <ptk:l/>
                                                                                    </content>
                                                                                 </ResolveTransclusionLog>
                                                                                 <ResolveTransclusionLog>
                                                                                    <success>true</success>
                                                                                    <target>#if</target>
                                                                                    <canonical null="true"/>
                                                                                    <timeNeeded>0</timeNeeded>
                                                                                    <content>
                                                                                       <ptk:l/>
                                                                                    </content>
                                                                                 </ResolveTransclusionLog>
                                                                                 <ResolveTransclusionLog>
                                                                                    <success>true</success>
                                                                                    <target>#ifeq</target>
                                                                                    <canonical null="true"/>
                                                                                    <timeNeeded>0</timeNeeded>
                                                                                    <content>
                                                                                       <ptk:l/>
                                                                                    </content>
                                                                                 </ResolveTransclusionLog>
                                                                                 <ResolveTransclusionLog>
                                                                                    <success>true</success>
                                                                                    <target>#if</target>
                                                                                    <canonical null="true"/>
                                                                                    <timeNeeded>0</timeNeeded>
                                                                                    <content>
                                                                                       <ptk:l/>
                                                                                    </content>
                                                                                 </ResolveTransclusionLog>
                                                                                 <ResolveTransclusionLog>
                                                                                    <success>true</success>
                                                                                    <target>#if</target>
                                                                                    <canonical null="true"/>
                                                                                    <timeNeeded>0</timeNeeded>
                                                                                    <content>
                                                                                       <ptk:l/>
                                                                                    </content>
                                                                                 </ResolveTransclusionLog>
                                                                                 <ResolveTransclusionLog>
                                                                                    <success>true</success>
                                                                                    <target>#if</target>
                                                                                    <canonical null="true"/>
                                                                                    <timeNeeded>0</timeNeeded>
                                                                                    <content>
                                                                                       <ptk:l/>
                                                                                    </content>
                                                                                 </ResolveTransclusionLog>
                                                                                 <ResolveTransclusionLog>
                                                                                    <success>true</success>
                                                                                    <target>#if</target>
                                                                                    <canonical null="true"/>
                                                                                    <timeNeeded>0</timeNeeded>
                                                                                    <content>
                                                                                       <ptk:l/>
                                                                                    </content>
                                                                                 </ResolveTransclusionLog>
                                                                                 <ResolveTransclusionLog>
                                                                                    <success>true</success>
                                                                                    <target>#ifeq</target>
                                                                                    <canonical null="true"/>
                                                                                    <timeNeeded>0</timeNeeded>
                                                                                    <content>
                                                                                       <ptk:l/>
                                                                                    </content>
                                                                                 </ResolveTransclusionLog>
                                                                                 <ResolveTransclusionLog>
                                                                                    <success>true</success>
                                                                                    <target>#if</target>
                                                                                    <canonical null="true"/>
                                                                                    <timeNeeded>0</timeNeeded>
                                                                                    <content>
                                                                                       <ptk:l/>
                                                                                    </content>
                                                                                 </ResolveTransclusionLog>
                                                                                 <ResolveTransclusionLog>
                                                                                    <success>true</success>
                                                                                    <target>#if</target>
                                                                                    <canonical null="true"/>
                                                                                    <timeNeeded>0</timeNeeded>
                                                                                    <content>
                                                                                       <ptk:l/>
                                                                                    </content>
                                                                                 </ResolveTransclusionLog>
                                                                                 <ResolveTransclusionLog>
                                                                                    <success>true</success>
                                                                                    <target>#if</target>
                                                                                    <canonical null="true"/>
                                                                                    <timeNeeded>0</timeNeeded>
                                                                                    <content>
                                                                                       <ptk:l/>
                                                                                    </content>
                                                                                 </ResolveTransclusionLog>
                                                                                 <ResolveTransclusionLog>
                                                                                    <success>true</success>
                                                                                    <target>#if</target>
                                                                                    <canonical null="true"/>
                                                                                    <timeNeeded>0</timeNeeded>
                                                                                    <content>
                                                                                       <ptk:l/>
                                                                                    </content>
                                                                                 </ResolveTransclusionLog>
                                                                                 <ResolveTransclusionLog>
                                                                                    <success>true</success>
                                                                                    <target>#ifeq</target>
                                                                                    <canonical null="true"/>
                                                                                    <timeNeeded>0</timeNeeded>
                                                                                    <content>
                                                                                       <ptk:l/>
                                                                                    </content>
                                                                                 </ResolveTransclusionLog>
                                                                                 <ResolveTransclusionLog>
                                                                                    <success>true</success>
                                                                                    <target>#if</target>
                                                                                    <canonical null="true"/>
                                                                                    <timeNeeded>0</timeNeeded>
                                                                                    <content>
                                                                                       <ptk:l/>
                                                                                    </content>
                                                                                 </ResolveTransclusionLog>
                                                                                 <ResolveTransclusionLog>
                                                                                    <success>true</success>
                                                                                    <target>#if</target>
                                                                                    <canonical null="true"/>
                                                                                    <timeNeeded>0</timeNeeded>
                                                                                    <content>
                                                                                       <ptk:l/>
                                                                                    </content>
                                                                                 </ResolveTransclusionLog>
                                                                                 <ResolveTransclusionLog>
                                                                                    <success>true</success>
                                                                                    <target>#if</target>
                                                                                    <canonical null="true"/>
                                                                                    <timeNeeded>0</timeNeeded>
                                                                                    <content>
                                                                                       <ptk:l/>
                                                                                    </content>
                                                                                 </ResolveTransclusionLog>
                                                                                 <ResolveTransclusionLog>
                                                                                    <success>true</success>
                                                                                    <target>#if</target>
                                                                                    <canonical null="true"/>
                                                                                    <timeNeeded>0</timeNeeded>
                                                                                    <content>
                                                                                       <ptk:l/>
                                                                                    </content>
                                                                                 </ResolveTransclusionLog>
                                                                                 <ResolveTransclusionLog>
                                                                                    <success>true</success>
                                                                                    <target>#ifeq</target>
                                                                                    <canonical null="true"/>
                                                                                    <timeNeeded>0</timeNeeded>
                                                                                    <content>
                                                                                       <ptk:l/>
                                                                                    </content>
                                                                                 </ResolveTransclusionLog>
                                                                                 <ResolveTransclusionLog>
                                                                                    <success>true</success>
                                                                                    <target>#if</target>
                                                                                    <canonical null="true"/>
                                                                                    <timeNeeded>0</timeNeeded>
                                                                                    <content>
                                                                                       <ptk:l/>
                                                                                    </content>
                                                                                 </ResolveTransclusionLog>
                                                                                 <ResolveTransclusionLog>
                                                                                    <success>true</success>
                                                                                    <target>#if</target>
                                                                                    <canonical null="true"/>
                                                                                    <timeNeeded>0</timeNeeded>
                                                                                    <content>
                                                                                       <ptk:l/>
                                                                                    </content>
                                                                                 </ResolveTransclusionLog>
                                                                                 <ResolveTransclusionLog>
                                                                                    <success>true</success>
                                                                                    <target>#expr</target>
                                                                                    <canonical null="true"/>
                                                                                    <timeNeeded>0</timeNeeded>
                                                                                    <content>
                                                                                       <ptk:l/>
                                                                                    </content>
                                                                                 </ResolveTransclusionLog>
                                                                                 <ResolveTransclusionLog>
                                                                                    <success>true</success>
                                                                                    <target>#if</target>
                                                                                    <canonical null="true"/>
                                                                                    <timeNeeded>0</timeNeeded>
                                                                                    <content>
                                                                                       <ptk:l/>
                                                                                    </content>
                                                                                 </ResolveTransclusionLog>
                                                                                 <ResolveTransclusionLog>
                                                                                    <success>true</success>
                                                                                    <target>#if</target>
                                                                                    <canonical null="true"/>
                                                                                    <timeNeeded>0</timeNeeded>
                                                                                    <content>
                                                                                       <ptk:l/>
                                                                                    </content>
                                                                                 </ResolveTransclusionLog>
                                                                                 <ResolveTransclusionLog>
                                                                                    <success>true</success>
                                                                                    <target>#if</target>
                                                                                    <canonical null="true"/>
                                                                                    <timeNeeded>0</timeNeeded>
                                                                                    <content>
                                                                                       <ptk:l/>
                                                                                    </content>
                                                                                 </ResolveTransclusionLog>
                                                                                 <ResolveTransclusionLog>
                                                                                    <success>true</success>
                                                                                    <target>#expr</target>
                                                                                    <canonical null="true"/>
                                                                                    <timeNeeded>0</timeNeeded>
                                                                                    <content>
                                                                                       <ptk:l/>
                                                                                    </content>
                                                                                 </ResolveTransclusionLog>
                                                                                 <ResolveTransclusionLog>
                                                                                    <success>true</success>
                                                                                    <target>#if</target>
                                                                                    <canonical null="true"/>
                                                                                    <timeNeeded>0</timeNeeded>
                                                                                    <content>
                                                                                       <ptk:l/>
                                                                                    </content>
                                                                                 </ResolveTransclusionLog>
                                                                                 <ResolveTransclusionLog>
                                                                                    <success>true</success>
                                                                                    <target>#if</target>
                                                                                    <canonical null="true"/>
                                                                                    <timeNeeded>0</timeNeeded>
                                                                                    <content>
                                                                                       <ptk:l/>
                                                                                    </content>
                                                                                 </ResolveTransclusionLog>
                                                                                 <ResolveTransclusionLog>
                                                                                    <success>true</success>
                                                                                    <target>#switch</target>
                                                                                    <canonical null="true"/>
                                                                                    <timeNeeded>0</timeNeeded>
                                                                                    <content>
                                                                                       <ptk:l/>
                                                                                    </content>
                                                                                 </ResolveTransclusionLog>
                                                                                 <ResolveTransclusionLog>
                                                                                    <success>true</success>
                                                                                    <target>ns</target>
                                                                                    <canonical null="true"/>
                                                                                    <timeNeeded>0</timeNeeded>
                                                                                    <content>
                                                                                       <ptk:l/>
                                                                                    </content>
                                                                                 </ResolveTransclusionLog>
                                                                                 <ResolveTransclusionLog>
                                                                                    <success>true</success>
                                                                                    <target>#ifeq</target>
                                                                                    <canonical null="true"/>
                                                                                    <timeNeeded>0</timeNeeded>
                                                                                    <content>
                                                                                       <ptk:l/>
                                                                                    </content>
                                                                                 </ResolveTransclusionLog>
                                                                                 <ResolveTransclusionLog>
                                                                                    <success>true</success>
                                                                                    <target>#switch</target>
                                                                                    <canonical null="true"/>
                                                                                    <timeNeeded>0</timeNeeded>
                                                                                    <content>
                                                                                       <ptk:l/>
                                                                                    </content>
                                                                                 </ResolveTransclusionLog>
                                                                                 <ResolveTransclusionLog>
                                                                                    <success>true</success>
                                                                                    <target>#switch</target>
                                                                                    <canonical null="true"/>
                                                                                    <timeNeeded>0</timeNeeded>
                                                                                    <content>
                                                                                       <ptk:l/>
                                                                                    </content>
                                                                                 </ResolveTransclusionLog>
                                                                                 <ResolveTransclusionLog>
                                                                                    <success>true</success>
                                                                                    <target>#switch</target>
                                                                                    <canonical null="true"/>
                                                                                    <timeNeeded>0</timeNeeded>
                                                                                    <content>
                                                                                       <ptk:l/>
                                                                                    </content>
                                                                                 </ResolveTransclusionLog>
                                                                                 <ResolveTransclusionLog>
                                                                                    <success>true</success>
                                                                                    <target>lc</target>
                                                                                    <canonical null="true"/>
                                                                                    <timeNeeded>0</timeNeeded>
                                                                                    <content>
                                                                                       <ptk:l/>
                                                                                    </content>
                                                                                 </ResolveTransclusionLog>
                                                                                 <ResolveTransclusionLog>
                                                                                    <success>true</success>
                                                                                    <target>SUBPAGENAME</target>
                                                                                    <canonical null="true"/>
                                                                                    <timeNeeded>0</timeNeeded>
                                                                                    <content>
                                                                                       <ptk:l/>
                                                                                    </content>
                                                                                 </ResolveTransclusionLog>
                                                                                 <ResolveTransclusionLog>
                                                                                    <success>true</success>
                                                                                    <target>#ifeq</target>
                                                                                    <canonical null="true"/>
                                                                                    <timeNeeded>0</timeNeeded>
                                                                                    <content>
                                                                                       <ptk:l/>
                                                                                    </content>
                                                                                 </ResolveTransclusionLog>
                                                                                 <ResolveTransclusionLog>
                                                                                    <success>true</success>
                                                                                    <target>#ifeq</target>
                                                                                    <canonical null="true"/>
                                                                                    <timeNeeded>0</timeNeeded>
                                                                                    <content>
                                                                                       <ptk:l/>
                                                                                    </content>
                                                                                 </ResolveTransclusionLog>
                                                                                 <ResolveTransclusionLog>
                                                                                    <success>true</success>
                                                                                    <target>#ifeq</target>
                                                                                    <canonical null="true"/>
                                                                                    <timeNeeded>0</timeNeeded>
                                                                                    <content>
                                                                                       <ptk:l/>
                                                                                    </content>
                                                                                 </ResolveTransclusionLog>
                                                                                 <ResolveTransclusionLog>
                                                                                    <success>true</success>
                                                                                    <target>NAMESPACE</target>
                                                                                    <canonical null="true"/>
                                                                                    <timeNeeded>0</timeNeeded>
                                                                                    <content>
                                                                                       <ptk:l/>
                                                                                    </content>
                                                                                 </ResolveTransclusionLog>
                                                                              </ptk:l>
                                                                           </content>
                                                                        </PpResolverLog>
                                                                     </ptk:l>
                                                                  </content>
                                                               </CompilerLog>
                                                            </ptk:l>
                                                         </content>
                                                      </ResolveTransclusionLog>
                                                      <ResolveTransclusionLog>
                                                         <success>true</success>
                                                         <target>#if</target>
                                                         <canonical null="true"/>
                                                         <timeNeeded>0</timeNeeded>
                                                         <content>
                                                            <ptk:l/>
                                                         </content>
                                                      </ResolveTransclusionLog>
                                                   </ptk:l>
                                                </content>
                                             </PpResolverLog>
                                          </ptk:l>
                                       </content>
                                    </CompilerLog>
                                 </ptk:l>
                              </content>
                           </ResolveTransclusionLog>
                           <ResolveTransclusionLog>
                              <success>true</success>
                              <target>مصادر</target>
                              <canonical>قالب:مصادر</canonical>
                              <timeNeeded>0</timeNeeded>
                              <content>
                                 <ptk:l>
                                    <CompilerLog>
                                       <title>قالب:مصادر</title>
                                       <revision>237964</revision>
                                       <content>
                                          <ptk:l>
                                             <ValidatorLog>
                                                <timeNeeded>0</timeNeeded>
                                                <content>
                                                   <ptk:l/>
                                                </content>
                                             </ValidatorLog>
                                             <PreprocessorLog>
                                                <forInclusion>true</forInclusion>
                                                <timeNeeded>0</timeNeeded>
                                                <content>
                                                   <ptk:l/>
                                                </content>
                                             </PreprocessorLog>
                                             <PpResolverLog>
                                                <timeNeeded>0</timeNeeded>
                                                <content>
                                                   <ptk:l>
                                                      <ResolveTransclusionLog>
                                                         <success>true</success>
                                                         <target>#iferror</target>
                                                         <canonical null="true"/>
                                                         <timeNeeded>0</timeNeeded>
                                                         <content>
                                                            <ptk:l/>
                                                         </content>
                                                      </ResolveTransclusionLog>
                                                      <ResolveTransclusionLog>
                                                         <success>true</success>
                                                         <target>#ifexpr</target>
                                                         <canonical null="true"/>
                                                         <timeNeeded>0</timeNeeded>
                                                         <content>
                                                            <ptk:l/>
                                                         </content>
                                                      </ResolveTransclusionLog>
                                                      <ResolveTransclusionLog>
                                                         <success>true</success>
                                                         <target>#if</target>
                                                         <canonical null="true"/>
                                                         <timeNeeded>0</timeNeeded>
                                                         <content>
                                                            <ptk:l/>
                                                         </content>
                                                      </ResolveTransclusionLog>
                                                      <ResolveTransclusionLog>
                                                         <success>true</success>
                                                         <target>#ifexpr</target>
                                                         <canonical null="true"/>
                                                         <timeNeeded>0</timeNeeded>
                                                         <content>
                                                            <ptk:l/>
                                                         </content>
                                                      </ResolveTransclusionLog>
                                                      <ResolveTransclusionLog>
                                                         <success>true</success>
                                                         <target>column-width</target>
                                                         <canonical>قالب:Column-width</canonical>
                                                         <timeNeeded>0</timeNeeded>
                                                         <content>
                                                            <ptk:l>
                                                               <CompilerLog>
                                                                  <title>قالب:Column-width</title>
                                                                  <revision>402076</revision>
                                                                  <content>
                                                                     <ptk:l>
                                                                        <ValidatorLog>
                                                                           <timeNeeded>0</timeNeeded>
                                                                           <content>
                                                                              <ptk:l/>
                                                                           </content>
                                                                        </ValidatorLog>
                                                                        <PreprocessorLog>
                                                                           <forInclusion>true</forInclusion>
                                                                           <timeNeeded>0</timeNeeded>
                                                                           <content>
                                                                              <ptk:l/>
                                                                           </content>
                                                                        </PreprocessorLog>
                                                                        <PpResolverLog>
                                                                           <timeNeeded>0</timeNeeded>
                                                                           <content>
                                                                              <ptk:l/>
                                                                           </content>
                                                                        </PpResolverLog>
                                                                     </ptk:l>
                                                                  </content>
                                                               </CompilerLog>
                                                            </ptk:l>
                                                         </content>
                                                      </ResolveTransclusionLog>
                                                      <ResolveTransclusionLog>
                                                         <success>true</success>
                                                         <target>column-count</target>
                                                         <canonical>قالب:Column-count</canonical>
                                                         <timeNeeded>0</timeNeeded>
                                                         <content>
                                                            <ptk:l>
                                                               <CompilerLog>
                                                                  <title>قالب:Column-count</title>
                                                                  <revision>232055</revision>
                                                                  <content>
                                                                     <ptk:l>
                                                                        <ValidatorLog>
                                                                           <timeNeeded>0</timeNeeded>
                                                                           <content>
                                                                              <ptk:l/>
                                                                           </content>
                                                                        </ValidatorLog>
                                                                        <PreprocessorLog>
                                                                           <forInclusion>true</forInclusion>
                                                                           <timeNeeded>0</timeNeeded>
                                                                           <content>
                                                                              <ptk:l/>
                                                                           </content>
                                                                        </PreprocessorLog>
                                                                        <PpResolverLog>
                                                                           <timeNeeded>0</timeNeeded>
                                                                           <content>
                                                                              <ptk:l/>
                                                                           </content>
                                                                        </PpResolverLog>
                                                                     </ptk:l>
                                                                  </content>
                                                               </CompilerLog>
                                                            </ptk:l>
                                                         </content>
                                                      </ResolveTransclusionLog>
                                                      <ResolveTransclusionLog>
                                                         <success>true</success>
                                                         <target>#if</target>
                                                         <canonical null="true"/>
                                                         <timeNeeded>0</timeNeeded>
                                                         <content>
                                                            <ptk:l/>
                                                         </content>
                                                      </ResolveTransclusionLog>
                                                      <ResolveTransclusionLog>
                                                         <success>true</success>
                                                         <target>#if</target>
                                                         <canonical null="true"/>
                                                         <timeNeeded>0</timeNeeded>
                                                         <content>
                                                            <ptk:l/>
                                                         </content>
                                                      </ResolveTransclusionLog>
                                                      <ResolveTransclusionLog>
                                                         <success>true</success>
                                                         <target>#tag</target>
                                                         <canonical null="true"/>
                                                         <timeNeeded>0</timeNeeded>
                                                         <content>
                                                            <ptk:l/>
                                                         </content>
                                                      </ResolveTransclusionLog>
                                                   </ptk:l>
                                                </content>
                                             </PpResolverLog>
                                          </ptk:l>
                                       </content>
                                    </CompilerLog>
                                 </ptk:l>
                              </content>
                           </ResolveTransclusionLog>
                        </ptk:l>
                     </content>
                  </PpResolverLog>
                  <ParserLog>
                     <timeNeeded>44072</timeNeeded>
                     <content>
                        <ptk:l/>
                     </content>
                  </ParserLog>
                  <PostprocessorLog>
                     <timeNeeded>31</timeNeeded>
                     <content>
                        <ptk:l/>
                     </content>
                  </PostprocessorLog>
               </ptk:l>
            </content>
         </CompilerLog>
      </log>
      <warnings>
         <warning>Warning (normal): قالب:Infobox country:56:49: "{{#ifexist:Flag of {{{common_..." : The parser function `#ifexist' with args: arg 0: 'Flag of  South Sudan' arg 1: '[[Flag of  South Sudan
 |Flag]]'' is not yet implemented!</warning>
         <warning>Warning (normal): قالب:Infobox country:56:49: "{{#ifexist:Flag of {{{common_..." : The parser function `#ifexist' with args: arg 0: 'Flag of  South Sudan' arg 1: '[[Flag of  South Sudan
 |Flag]]'' is not yet implemented!</warning>
         <warning>Warning (normal): قالب:Infobox country:59:49: "{{#ifexist:{{{symbol_type_art..." : The parser function `#ifexist' with args: arg 0: 'Emblem
 of  South Sudan' arg 1: '[[ Emblem
 of  South Sudan
 | Emblem
]]'' is not yet implemented!</warning>
         <warning>Warning (normal): قالب:Infobox country:59:49: "{{#ifexist:{{{symbol_type_art..." : The parser function `#ifexist' with args: arg 0: 'Emblem
 of  South Sudan' arg 1: '[[ Emblem
 of  South Sudan
 | Emblem
]]'' is not yet implemented!</warning>
         <warning>Warning (normal): قالب:Infobox country:90:33: "{{#ifexist:{{{symbol_type_art..." : The parser function `#ifexist' with args: arg 0: 'Emblem
 of  South Sudan' arg 1: '[[ Emblem
 of  South Sudan
 | Emblem
]]'' is not yet implemented!</warning>
         <warning>Warning (normal): قالب:Infobox country:90:33: "{{#ifexist:{{{symbol_type_art..." : The parser function `#ifexist' with args: arg 0: 'Emblem
 of  South Sudan' arg 1: '[[ Emblem
 of  South Sudan
 | Emblem
]]'' is not yet implemented!</warning>
         <warning>Warning (normal): قالب:Infobox country:56:49: "{{#ifexist:Flag of {{{common_..." : The parser function `#ifexist' with args: arg 0: 'Flag of  South Sudan' arg 1: '[[Flag of  South Sudan
 |Flag]]'' is not yet implemented!</warning>
         <warning>Warning (normal): قالب:Infobox country:59:49: "{{#ifexist:{{{symbol_type_art..." : The parser function `#ifexist' with args: arg 0: 'Emblem
 of  South Sudan' arg 1: '[[ Emblem
 of  South Sudan
 | Emblem
]]'' is not yet implemented!</warning>
         <warning>Warning (normal): قالب:Infobox country:192:31: "{{#ifexist:List of cities in ..." : The parser function `#ifexist' with args: arg 0: 'List of cities in  South Sudan' arg 1: '[[List of cities in  South Sudan
|(and اكبر مدينه)]]' arg 2: '(and اكبر مدينه)'' is not yet implemented!</warning>
         <warning>Warning (normal): قالب:Infobox country:227:41: "{{#ifexist:List of cities in ..." : The parser function `#ifexist' with args: arg 0: 'List of cities in  South Sudan' arg 1: '[[List of cities in  South Sudan
|اكبر مدينه]]' arg 2: 'اكبر مدينه'' is not yet implemented!</warning>
         <warning>Warning (normal): قالب:Infobox country:227:41: "{{#ifexist:List of cities in ..." : The parser function `#ifexist' with args: arg 0: 'List of cities in  South Sudan' arg 1: '[[List of cities in  South Sudan
|اكبر مدينه]]' arg 2: 'اكبر مدينه'' is not yet implemented!</warning>
         <warning>Warning (normal): قالب:Infobox country:246:43: "{{#ifexist:List of cities in ..." : The parser function `#ifexist' with args: arg 0: 'List of cities in  South Sudan' arg 1: '[[List of cities in  South Sudan
|(and اكبر مدينه)]]' arg 2: '(and اكبر مدينه)'' is not yet implemented!</warning>
         <warning>Warning (normal): قالب:Infobox country:246:43: "{{#ifexist:List of cities in ..." : The parser function `#ifexist' with args: arg 0: 'List of cities in  South Sudan' arg 1: '[[List of cities in  South Sudan
|(and اكبر مدينه)]]' arg 2: '(and اكبر مدينه)'' is not yet implemented!</warning>
         <warning>Warning (normal): قالب:Infobox country:295:17: "{{#ifexist:{{{demonym}}} peop..." : The parser function `#ifexist' with args: arg 0: '[[South Sudanese]]
 people' arg 1: '[[ [[South Sudanese]]
 people| [[South Sudanese]]
]]' arg 2: '[[South Sudanese]]'' is not yet implemented!</warning>
         <warning>Warning (normal): قالب:Infobox country:295:17: "{{#ifexist:{{{demonym}}} peop..." : The parser function `#ifexist' with args: arg 0: '[[South Sudanese]]
 people' arg 1: '[[ [[South Sudanese]]
 people| [[South Sudanese]]
]]' arg 2: '[[South Sudanese]]'' is not yet implemented!</warning>
         <warning>Warning (normal): قالب:Infobox country:522:115: "{{formatnum:{{{area_km2|}}}}}" : The parser function `formatnum' with args: arg 0: '619745'' is not yet implemented!</warning>
         <warning>Warning (normal): قالب:Infobox country:524:49: "{{formatnum:{{{area_sq_mi|}}}}}" : The parser function `formatnum' with args: arg 0: ''' is not yet implemented!</warning>
         <warning>Warning (normal): قالب:Infobox country:524:93: "{{#expr: {{{area_km2|}}} div ..." : The parser function `#expr' with args: arg 0: '619745
 div 2.589988110336 round 0'' is not yet implemented!</warning>
         <warning>Warning (normal): قالب:Infobox country:524:81: "{{formatnum:{{#expr: {{{area_..." : The parser function `formatnum' with args: arg 0: 'Exception: null'' is not yet implemented!</warning>
         <warning>Warning (normal): قالب:Infobox country:524:93: "{{#expr: {{{area_km2|}}} div ..." : The parser function `#expr' with args: arg 0: '619745
 div 2.589988110336 round 0'' is not yet implemented!</warning>
         <warning>Warning (normal): قالب:Infobox country:524:81: "{{formatnum:{{#expr: {{{area_..." : The parser function `formatnum' with args: arg 0: 'Exception: null'' is not yet implemented!</warning>
         <warning>Warning (normal): قالب:Infobox country:522:115: "{{formatnum:{{{area_km2|}}}}}" : The parser function `formatnum' with args: arg 0: '619745'' is not yet implemented!</warning>
         <warning>Warning (normal): قالب:Infobox country:524:93: "{{#expr: {{{area_km2|}}} div ..." : The parser function `#expr' with args: arg 0: '619745
 div 2.589988110336 round 0'' is not yet implemented!</warning>
         <warning>Warning (normal): قالب:Infobox country:524:81: "{{formatnum:{{#expr: {{{area_..." : The parser function `formatnum' with args: arg 0: 'Exception: null'' is not yet implemented!</warning>
         <warning>Warning (normal): قالب:Infobox country:552:129: "{{formatnum:{{{FR_IGN_area_km..." : The parser function `formatnum' with args: arg 0: ''' is not yet implemented!</warning>
         <warning>Warning (normal): قالب:Infobox country:553:51: "{{formatnum:{{{FR_IGN_area_sq..." : The parser function `formatnum' with args: arg 0: ''' is not yet implemented!</warning>
         <warning>Warning (normal): قالب:Infobox country:553:102: "{{#expr: {{{FR_IGN_area_km2|}..." : The parser function `#expr' with args: arg 0: 'div 2.589988110336 round 0'' is not yet implemented!</warning>
         <warning>Warning (normal): قالب:Infobox country:553:90: "{{formatnum:{{#expr: {{{FR_IG..." : The parser function `formatnum' with args: arg 0: 'Exception: null'' is not yet implemented!</warning>
         <warning>Warning (normal): قالب:Infobox country:553:102: "{{#expr: {{{FR_IGN_area_km2|}..." : The parser function `#expr' with args: arg 0: 'div 2.589988110336 round 0'' is not yet implemented!</warning>
         <warning>Warning (normal): قالب:Infobox country:553:90: "{{formatnum:{{#expr: {{{FR_IG..." : The parser function `formatnum' with args: arg 0: 'Exception: null'' is not yet implemented!</warning>
         <warning>Warning (normal): قالب:Infobox country:558:139: "{{formatnum:{{{FR_cadastre_ar..." : The parser function `formatnum' with args: arg 0: ''' is not yet implemented!</warning>
         <warning>Warning (normal): قالب:Infobox country:559:56: "{{formatnum: {{{FR_cadastre_a..." : The parser function `formatnum' with args: arg 0: ''' is not yet implemented!</warning>
         <warning>Warning (normal): قالب:Infobox country:559:113: "{{#expr: {{{FR_cadastre_area_..." : The parser function `#expr' with args: arg 0: 'div 2.589988110336 round 0'' is not yet implemented!</warning>
         <warning>Warning (normal): قالب:Infobox country:559:101: "{{formatnum:{{#expr: {{{FR_ca..." : The parser function `formatnum' with args: arg 0: 'Exception: null'' is not yet implemented!</warning>
         <warning>Warning (normal): قالب:Infobox country:559:113: "{{#expr: {{{FR_cadastre_area_..." : The parser function `#expr' with args: arg 0: 'div 2.589988110336 round 0'' is not yet implemented!</warning>
         <warning>Warning (normal): قالب:Infobox country:559:101: "{{formatnum:{{#expr: {{{FR_ca..." : The parser function `formatnum' with args: arg 0: 'Exception: null'' is not yet implemented!</warning>
         <warning>Warning (normal): قالب:Infobox country:614:63: "{{formatnum:{{{population_den..." : The parser function `formatnum' with args: arg 0: ''' is not yet implemented!</warning>
         <warning>Warning (normal): قالب:Infobox country:614:123: "{{#expr: {{{population_densit..." : The parser function `#expr' with args: arg 0: '* 2.589988110336 round 1'' is not yet implemented!</warning>
         <warning>Warning (normal): قالب:Infobox country:614:111: "{{formatnum:{{#expr: {{{popul..." : The parser function `formatnum' with args: arg 0: 'Exception: null'' is not yet implemented!</warning>
         <warning>Warning (normal): قالب:Infobox country:614:123: "{{#expr: {{{population_densit..." : The parser function `#expr' with args: arg 0: '* 2.589988110336 round 1'' is not yet implemented!</warning>
         <warning>Warning (normal): قالب:Infobox country:614:111: "{{formatnum:{{#expr: {{{popul..." : The parser function `formatnum' with args: arg 0: 'Exception: null'' is not yet implemented!</warning>
         <warning>Warning (normal): قالب:افريقيا:7:17: "{{#ifexist:{{{1|}}}_\u0623\u0641\u0631\u064A\u0642\u064A\u0627{{..." : The parser function `#ifexist' with args: arg 0: '_أفريقيا_' arg 1: '[[ أفريقيا ]]' arg 2: 'أفريقيا'' is not yet implemented!</warning>
         <warning>Warning (normal): قالب:افريقيا:7:17: "{{#ifexist:{{{1|}}}_\u0623\u0641\u0631\u064A\u0642\u064A\u0627{{..." : The parser function `#ifexist' with args: arg 0: '_أفريقيا_' arg 1: '[[ أفريقيا ]]' arg 2: 'أفريقيا'' is not yet implemented!</warning>
         <warning>Warning (normal): قالب:R from other template:10:105: "{{PAGENAME}}" : The parser function `PAGENAME' with args:' is not yet implemented!</warning>
         <warning>Warning (normal): قالب:R from other template:10:105: "{{PAGENAME}}" : The parser function `PAGENAME' with args:' is not yet implemented!</warning>
         <warning>Warning (normal): قالب:R from other template:10:105: "{{PAGENAME}}" : The parser function `PAGENAME' with args:' is not yet implemented!</warning>
         <warning>Warning (normal): قالب:R from other template:10:105: "{{PAGENAME}}" : The parser function `PAGENAME' with args:' is not yet implemented!</warning>
         <warning>Warning (normal): قالب:R from other template:10:105: "{{PAGENAME}}" : The parser function `PAGENAME' with args:' is not yet implemented!</warning>
         <warning>Warning (normal): قالب:R from other template:10:105: "{{PAGENAME}}" : The parser function `PAGENAME' with args:' is not yet implemented!</warning>
         <warning>Warning (normal): قالب:R from other template:10:105: "{{PAGENAME}}" : The parser function `PAGENAME' with args:' is not yet implemented!</warning>
         <warning>Warning (normal): قالب:R from other template:10:105: "{{PAGENAME}}" : The parser function `PAGENAME' with args:' is not yet implemented!</warning>
         <warning>Warning (normal): قالب:R from other template:10:105: "{{PAGENAME}}" : The parser function `PAGENAME' with args:' is not yet implemented!</warning>
         <warning>Warning (normal): قالب:R from other template:10:105: "{{PAGENAME}}" : The parser function `PAGENAME' with args:' is not yet implemented!</warning>
         <warning>Warning (normal): قالب:R from other template:10:105: "{{PAGENAME}}" : The parser function `PAGENAME' with args:' is not yet implemented!</warning>
         <warning>Warning (normal): قالب:R from other template:10:105: "{{PAGENAME}}" : The parser function `PAGENAME' with args:' is not yet implemented!</warning>
         <warning>Warning (normal): قالب:R from other template:10:105: "{{PAGENAME}}" : The parser function `PAGENAME' with args:' is not yet implemented!</warning>
         <warning>Warning (normal): قالب:R from other template:10:105: "{{PAGENAME}}" : The parser function `PAGENAME' with args:' is not yet implemented!</warning>
         <warning>Warning (normal): قالب:R from other template:10:105: "{{PAGENAME}}" : The parser function `PAGENAME' with args:' is not yet implemented!</warning>
         <warning>Warning (normal): قالب:R from other template:10:105: "{{PAGENAME}}" : The parser function `PAGENAME' with args:' is not yet implemented!</warning>
         <warning>Warning (normal): قالب:Navbox:20:15: "{{#expr:2{{#if:{{{imageright|..." : The parser function `#expr' with args: arg 0: '2+1'' is not yet implemented!</warning>
         <warning>Warning (normal): قالب:Transclude:6:11: "{{PAGENAME: {{{1}}} }}" : The parser function `PAGENAME' with args: arg 0: 'افريقيا'' is not yet implemented!</warning>
         <warning>Warning (normal): قالب:Transclude:6:11: "{{PAGENAME: {{{1}}} }}" : The parser function `PAGENAME' with args: arg 0: 'افريقيا'' is not yet implemented!</warning>
         <warning>Warning (normal): قالب:Navbar:11:57: "{{TALKPAGENAME:{{transclude| ..." : The parser function `TALKPAGENAME' with args: arg 0: 'Target'' is not yet implemented!</warning>
         <warning>Warning (normal): قالب:Transclude:6:11: "{{PAGENAME: {{{1}}} }}" : The parser function `PAGENAME' with args: arg 0: 'افريقيا'' is not yet implemented!</warning>
         <warning>Warning (normal): قالب:Transclude:6:11: "{{PAGENAME: {{{1}}} }}" : The parser function `PAGENAME' with args: arg 0: 'افريقيا'' is not yet implemented!</warning>
         <warning>Warning (normal): قالب:Navbar:11:57: "{{TALKPAGENAME:{{transclude| ..." : The parser function `TALKPAGENAME' with args: arg 0: 'Target'' is not yet implemented!</warning>
         <warning>Warning (normal): قالب:Transclude:6:11: "{{PAGENAME: {{{1}}} }}" : The parser function `PAGENAME' with args: arg 0: 'افريقيا'' is not yet implemented!</warning>
         <warning>Warning (normal): قالب:Navbar:11:57: "{{TALKPAGENAME:{{transclude| ..." : The parser function `TALKPAGENAME' with args: arg 0: 'Target'' is not yet implemented!</warning>
         <warning>Warning (normal): قالب:Navbox:39:16: "{{#expr:2{{#if:{{{imageright|..." : The parser function `#expr' with args: arg 0: '2+1'' is not yet implemented!</warning>
         <warning>Warning (normal): قالب:Navbox:50:15: "{{#expr:1{{#if:{{{list2|}}}|+..." : The parser function `#expr' with args: arg 0: '1'' is not yet implemented!</warning>
         <warning>Warning (normal): قالب:Navbox:67:15: "{{#expr:1{{#if:{{{list2|}}}|+..." : The parser function `#expr' with args: arg 0: '1'' is not yet implemented!</warning>
         <warning>Warning (normal): قالب:Navbox:67:15: "{{#expr:1{{#if:{{{list2|}}}|+..." : The parser function `#expr' with args: arg 0: '1'' is not yet implemented!</warning>
         <warning>Warning (normal): قالب:Navbox:274:16: "{{#expr:2{{#if:{{{imageright|..." : The parser function `#expr' with args: arg 0: '2+1'' is not yet implemented!</warning>
         <warning>Warning (normal): قالب:Navbox:274:16: "{{#expr:2{{#if:{{{imageright|..." : The parser function `#expr' with args: arg 0: '2+1'' is not yet implemented!</warning>
         <warning>Warning (normal): قالب:Navbox:280:130: "{{SUBPAGENAME}}" : The parser function `SUBPAGENAME' with args:' is not yet implemented!</warning>
         <warning>Warning (normal): قالب:مصادر:4:22: "{{#ifexpr: {{{1|1}}} &gt; 1\n    ..." : The parser function `#ifexpr' with args: arg 0: '1 &gt; 1' arg 1: 'Exception: null'' is not yet implemented!</warning>
         <warning>Warning (normal): قالب:مصادر:4:22: "{{#ifexpr: {{{1|1}}} &gt; 1\n    ..." : The parser function `#ifexpr' with args: arg 0: '1 &gt; 1' arg 1: 'Exception: null'' is not yet implemented!</warning>
         <warning>Warning (normal): قالب:مصادر:10:3: "{{#tag:references||group=}}" : The parser function `#tag' with args: arg 0: 'references' arg 1: '' arg 2: 'group='' is not yet implemented!</warning>
      </warnings>
      <entityMap null="true"/>
      <page>
         <Page>
            <content>
               <ptk:l>
                  <XmlElement>
                     <ptk:a name="RTD">
                        <RtData>c3EAfgAAdXEAfgADAAAAA3VxAH4ABQAAAAF0AAY8dGFibGV1cQB+AAUAAAABdAABPnVxAH4ABQAAAAF0AAg8L3RhYmxlPg==</RtData>
                     </ptk:a>
                     <name>table</name>
                     <empty>false</empty>
                     <xmlAttributes>
                        <ptk:l location="Target:1:7">
                           <XmlAttribute location="Target:1:7">
                              <ptk:a name="RTD">
                                 <RtData>c3EAfgAAdXEAfgADAAAAAnVxAH4ABQAAAAF0AAggY2xhc3M9InVxAH4ABQAAAAF0AAEi</RtData>
                              </ptk:a>
                              <name>class</name>
                              <hasValue>true</hasValue>
                              <value>
                                 <ptk:l location="Target:1:15">
                                    <ptk:t location="Target:1:15">infobox geography vcard</ptk:t>
                                 </ptk:l>
                              </value>
                           </XmlAttribute>
                           <XmlAttribute location="Target:1:39">
                              <ptk:a name="RTD">
                                 <RtData>c3EAfgAAdXEAfgADAAAAAnVxAH4ABQAAAAF0AAggc3R5bGU9InVxAH4ABQAAAAF0AAEi</RtData>
                              </ptk:a>
                              <name>style</name>
                              <hasValue>true</hasValue>
                              <value>
                                 <ptk:l location="Target:1:47">
                                    <ptk:t location="Target:1:47">float:left; width: 20em; margin-left:-0.8em; font-size: 80%</ptk:t>
                                 </ptk:l>
                              </value>
                           </XmlAttribute>
                        </ptk:l>
                     </xmlAttributes>
                     <body>
                        <ptk:l>
                           <XmlElement>
                              <ptk:a name="RTD">
                                 <RtData>c3EAfgAAdXEAfgADAAAAA3VxAH4ABQAAAAF0AAM8dHJ1cQB+AAUAAAABdAABPnVxAH4ABQAAAAF0AAU8L3RyPg==</RtData>
                              </ptk:a>
                              <name>tr</name>
                              <empty>false</empty>
                              <xmlAttributes>
                                 <ptk:l location="Target:1:111">
                                    <XmlAttribute location="Target:1:111">
                                       <ptk:a name="RTD">
                                          <RtData>c3EAfgAAdXEAfgADAAAAAnVxAH4ABQAAAAF0AAggY2xhc3M9InVxAH4ABQAAAAF0AAEi</RtData>
                                       </ptk:a>
                                       <name>class</name>
                                       <hasValue>true</hasValue>
                                       <value>
                                          <ptk:l location="Target:1:119">
                                             <ptk:t location="Target:1:119">adr</ptk:t>
                                          </ptk:l>
                                       </value>
                                    </XmlAttribute>
                                 </ptk:l>
                              </xmlAttributes>
                              <body>
                                 <ptk:l>
                                    <Whitespace>
                                       <hasNewline>true</hasNewline>
                                       <content>
                                          <ptk:l>
                                             <ptk:t>
</ptk:t>
                                          </ptk:l>
                                       </content>
                                    </Whitespace>
                                    <ptk:t location="Target:2:1">          </ptk:t>
                                    <XmlElement>
                                       <ptk:a name="RTD">
                                          <RtData>c3EAfgAAdXEAfgADAAAAA3VxAH4ABQAAAAF0AAM8dGh1cQB+AAUAAAABdAABPnVxAH4ABQAAAAF0AAU8L3RoPg==</RtData>
                                       </ptk:a>
                                       <name>th</name>
                                       <empty>false</empty>
                                       <xmlAttributes>
                                          <ptk:l location="Target:2:14">
                                             <XmlAttribute location="Target:2:14">
                                                <ptk:a name="RTD">
                                                   <RtData>c3EAfgAAdXEAfgADAAAAAnVxAH4ABQAAAAF0AAogY29sc3Bhbj0idXEAfgAFAAAAAXQAASI=</RtData>
                                                </ptk:a>
                                                <name>colspan</name>
                                                <hasValue>true</hasValue>
                                                <value>
                                                   <ptk:l location="Target:2:24">
                                                      <ptk:t location="Target:2:24">3</ptk:t>
                                                   </ptk:l>
                                                </value>
                                             </XmlAttribute>
                                             <XmlAttribute location="Target:2:26">
                                                <ptk:a name="RTD">
                                                   <RtData>c3EAfgAAdXEAfgADAAAAAnVxAH4ABQAAAAF0AAggYWxpZ249InVxAH4ABQAAAAF0AAEi</RtData>
                                                </ptk:a>
                                                <name>align</name>
                                                <hasValue>true</hasValue>
                                                <value>
                                                   <ptk:l location="Target:2:34">
                                                      <ptk:t location="Target:2:34">center</ptk:t>
                                                   </ptk:l>
                                                </value>
                                             </XmlAttribute>
                                             <XmlAttribute location="Target:2:41">
                                                <ptk:a name="RTD">
                                                   <RtData>c3EAfgAAdXEAfgADAAAAAnVxAH4ABQAAAAF0AAggY2xhc3M9InVxAH4ABQAAAAF0AAEi</RtData>
                                                </ptk:a>
                                                <name>class</name>
                                                <hasValue>true</hasValue>
                                                <value>
                                                   <ptk:l location="Target:2:49">
                                                      <ptk:t location="Target:2:49">mergedtoprow</ptk:t>
                                                   </ptk:l>
                                                </value>
                                             </XmlAttribute>
                                             <XmlAttribute location="Target:2:62">
                                                <ptk:a name="RTD">
                                                   <RtData>c3EAfgAAdXEAfgADAAAAAnVxAH4ABQAAAAF0ABYKICAgICAgICAgICAgICBzdHlsZT0idXEAfgAFAAAAAXQAASI=</RtData>
                                                </ptk:a>
                                                <name>style</name>
                                                <hasValue>true</hasValue>
                                                <value>
                                                   <ptk:l location="Target:3:22">
                                                      <ptk:t location="Target:3:22">line-height:1.2em; padding:0.25em 0.33em 0.33em; font-size:1.25em;</ptk:t>
                                                   </ptk:l>
                                                </value>
                                             </XmlAttribute>
                                          </ptk:l>
                                       </xmlAttributes>
                                       <body>
                                          <ptk:l>
                                             <XmlElement>
                                                <ptk:a name="RTD">
                                                   <RtData>c3EAfgAAdXEAfgADAAAAA3VxAH4ABQAAAAF0AAU8c3BhbnVxAH4ABQAAAAF0AAE+dXEAfgAFAAAAAXQABzwvc3Bhbj4=</RtData>
                                                </ptk:a>
                                                <name>span</name>
                                                <empty>false</empty>
                                                <xmlAttributes>
                                                   <ptk:l location="Target:3:95">
                                                      <XmlAttribute location="Target:3:95">
                                                         <ptk:a name="RTD">
                                                            <RtData>c3EAfgAAdXEAfgADAAAAAnVxAH4ABQAAAAF0AAggY2xhc3M9InVxAH4ABQAAAAF0AAEi</RtData>
                                                         </ptk:a>
                                                         <name>class</name>
                                                         <hasValue>true</hasValue>
                                                         <value>
                                                            <ptk:l location="Target:3:103">
                                                               <ptk:t location="Target:3:103"> fn org country-name</ptk:t>
                                                            </ptk:l>
                                                         </value>
                                                      </XmlAttribute>
                                                   </ptk:l>
                                                </xmlAttributes>
                                                <body>
                                                   <ptk:l>
                                                      <ptk:t location="Target:3:125"> جمهورية جنوب السودان</ptk:t>
                                                   </ptk:l>
                                                </body>
                                             </XmlElement>
                                          </ptk:l>
                                       </body>
                                    </XmlElement>
                                    <Whitespace>
                                       <hasNewline>true</hasNewline>
                                       <content>
                                          <ptk:l>
                                             <ptk:t>
</ptk:t>
                                          </ptk:l>
                                       </content>
                                    </Whitespace>
                                    <ptk:t location="Target:4:1">        </ptk:t>
                                 </ptk:l>
                              </body>
                           </XmlElement>
                           <XmlElement>
                              <ptk:a name="RTD">
                                 <RtData>c3EAfgAAdXEAfgADAAAAA3VxAH4ABQAAAAF0AAM8dHJ1cQB+AAUAAAABdAABPnVxAH4ABQAAAAF0AAU8L3RyPg==</RtData>
                              </ptk:a>
                              <name>tr</name>
                              <empty>false</empty>
                              <xmlAttributes>
                                 <ptk:l location="Target:4:17">
                                    <XmlAttribute location="Target:4:17">
                                       <ptk:a name="RTD">
                                          <RtData>c3EAfgAAdXEAfgADAAAAAnVxAH4ABQAAAAF0AAggY2xhc3M9InVxAH4ABQAAAAF0AAEi</RtData>
                                       </ptk:a>
                                       <name>class</name>
                                       <hasValue>true</hasValue>
                                       <value>
                                          <ptk:l location="Target:4:25">
                                             <ptk:t location="Target:4:25">mergedtoprow</ptk:t>
                                          </ptk:l>
                                       </value>
                                    </XmlAttribute>
                                 </ptk:l>
                              </xmlAttributes>
                              <body>
                                 <ptk:l>
                                    <Whitespace>
                                       <hasNewline>true</hasNewline>
                                       <content>
                                          <ptk:l>
                                             <ptk:t>
</ptk:t>
                                          </ptk:l>
                                       </content>
                                    </Whitespace>
                                    <ptk:t location="Target:5:1">         </ptk:t>
                                    <XmlElement>
                                       <ptk:a name="RTD">
                                          <RtData>c3EAfgAAdXEAfgADAAAAA3VxAH4ABQAAAAF0AAM8dGR1cQB+AAUAAAABdAABPnVxAH4ABQAAAAF0AAU8L3RkPg==</RtData>
                                       </ptk:a>
                                       <name>td</name>
                                       <empty>false</empty>
                                       <xmlAttributes>
                                          <ptk:l location="Target:5:13">
                                             <XmlAttribute location="Target:5:13">
                                                <ptk:a name="RTD">
                                                   <RtData>c3EAfgAAdXEAfgADAAAAAnVxAH4ABQAAAAF0AAggY2xhc3M9InVxAH4ABQAAAAF0AAEi</RtData>
                                                </ptk:a>
                                                <name>class</name>
                                                <hasValue>true</hasValue>
                                                <value>
                                                   <ptk:l location="Target:5:21">
                                                      <ptk:t location="Target:5:21">maptable</ptk:t>
                                                   </ptk:l>
                                                </value>
                                             </XmlAttribute>
                                             <XmlAttribute location="Target:5:30">
                                                <ptk:a name="RTD">
                                                   <RtData>c3EAfgAAdXEAfgADAAAAAnVxAH4ABQAAAAF0AAogY29sc3Bhbj0idXEAfgAFAAAAAXQAASI=</RtData>
                                                </ptk:a>
                                                <name>colspan</name>
                                                <hasValue>true</hasValue>
                                                <value>
                                                   <ptk:l location="Target:5:40">
                                                      <ptk:t location="Target:5:40">3</ptk:t>
                                                   </ptk:l>
                                                </value>
                                             </XmlAttribute>
                                             <XmlAttribute location="Target:5:42">
                                                <ptk:a name="RTD">
                                                   <RtData>c3EAfgAAdXEAfgADAAAAAnVxAH4ABQAAAAF0AAggYWxpZ249InVxAH4ABQAAAAF0AAEi</RtData>
                                                </ptk:a>
                                                <name>align</name>
                                                <hasValue>true</hasValue>
                                                <value>
                                                   <ptk:l location="Target:5:50">
                                                      <ptk:t location="Target:5:50">center</ptk:t>
                                                   </ptk:l>
                                                </value>
                                             </XmlAttribute>
                                             <XmlAttribute location="Target:5:57">
                                                <ptk:a name="RTD">
                                                   <RtData>c3EAfgAAdXEAfgADAAAAAnVxAH4ABQAAAAF0AAggc3R5bGU9InVxAH4ABQAAAAF0AAEi</RtData>
                                                </ptk:a>
                                                <name>style</name>
                                                <hasValue>true</hasValue>
                                                <value>
                                                   <ptk:l location="Target:5:65">
                                                      <ptk:t location="Target:5:65">padding:0.5em 0;</ptk:t>
                                                   </ptk:l>
                                                </value>
                                             </XmlAttribute>
                                          </ptk:l>
                                       </xmlAttributes>
                                       <body>
                                          <ptk:l>
                                             <XmlElement>
                                                <ptk:a name="RTD">
                                                   <RtData>c3EAfgAAdXEAfgADAAAAA3VxAH4ABQAAAAF0AAY8dGFibGV1cQB+AAUAAAABdAABPnVxAH4ABQAAAAF0AAg8L3RhYmxlPg==</RtData>
                                                </ptk:a>
                                                <name>table</name>
                                                <empty>false</empty>
                                                <xmlAttributes>
                                                   <ptk:l location="Target:5:89">
                                                      <XmlAttribute location="Target:5:89">
                                                         <ptk:a name="RTD">
                                                            <RtData>c3EAfgAAdXEAfgADAAAAAnVxAH4ABQAAAAF0AAggYWxpZ249InVxAH4ABQAAAAF0AAEi</RtData>
                                                         </ptk:a>
                                                         <name>align</name>
                                                         <hasValue>true</hasValue>
                                                         <value>
                                                            <ptk:l location="Target:5:97">
                                                               <ptk:t location="Target:5:97">center</ptk:t>
                                                            </ptk:l>
                                                         </value>
                                                      </XmlAttribute>
                                                      <XmlAttribute location="Target:5:104">
                                                         <ptk:a name="RTD">
                                                            <RtData>c3EAfgAAdXEAfgADAAAAAnVxAH4ABQAAAAF0AAggc3R5bGU9InVxAH4ABQAAAAF0AAEi</RtData>
                                                         </ptk:a>
                                                         <name>style</name>
                                                         <hasValue>true</hasValue>
                                                         <value>
                                                            <ptk:l location="Target:5:112">
                                                               <ptk:t location="Target:5:112">width:100%; background:none;</ptk:t>
                                                            </ptk:l>
                                                         </value>
                                                      </XmlAttribute>
                                                   </ptk:l>
                                                </xmlAttributes>
                                                <body>
                                                   <ptk:l>
                                                      <XmlElement>
                                                         <ptk:a name="RTD">
                                                            <RtData>c3EAfgAAdXEAfgADAAAAA3VxAH4ABQAAAAF0AAM8dHJ1cQB+AAUAAAABdAABPnVxAH4ABQAAAAF0AAU8L3RyPg==</RtData>
                                                         </ptk:a>
                                                         <name>tr</name>
                                                         <empty>false</empty>
                                                         <xmlAttributes>
                                                            <ptk:l location="Target:5:145"/>
                                                         </xmlAttributes>
                                                         <body>
                                                            <ptk:l>
                                                               <Whitespace>
                                                                  <hasNewline>true</hasNewline>
                                                                  <content>
                                                                     <ptk:l>
                                                                        <ptk:t>
</ptk:t>
                                                                     </ptk:l>
                                                                  </content>
                                                               </Whitespace>
                                                               <ptk:t location="Target:6:1">               </ptk:t>
                                                               <XmlElement>
                                                                  <ptk:a name="RTD">
                                                                     <RtData>c3EAfgAAdXEAfgADAAAAA3VxAH4ABQAAAAF0AAM8dGR1cQB+AAUAAAABdAABPnVxAH4ABQAAAAF0AAU8L3RkPg==</RtData>
                                                                  </ptk:a>
                                                                  <name>td</name>
                                                                  <empty>false</empty>
                                                                  <xmlAttributes>
                                                                     <ptk:l location="Target:6:19">
                                                                        <XmlAttribute location="Target:6:19">
                                                                           <ptk:a name="RTD">
                                                                              <RtData>c3EAfgAAdXEAfgADAAAAAnVxAH4ABQAAAAF0AAggYWxpZ249InVxAH4ABQAAAAF0AAEi</RtData>
                                                                           </ptk:a>
                                                                           <name>align</name>
                                                                           <hasValue>true</hasValue>
                                                                           <value>
                                                                              <ptk:l location="Target:6:27">
                                                                                 <ptk:t location="Target:6:27">center</ptk:t>
                                                                              </ptk:l>
                                                                           </value>
                                                                        </XmlAttribute>
                                                                        <XmlAttribute location="Target:6:34">
                                                                           <ptk:a name="RTD">
                                                                              <RtData>c3EAfgAAdXEAfgADAAAAAnVxAH4ABQAAAAF0ABsKICAgICAgICAgICAgICAgICAgIHN0eWxlPSJ1cQB+AAUAAAABdAABIg==</RtData>
                                                                           </ptk:a>
                                                                           <name>style</name>
                                                                           <hasValue>true</hasValue>
                                                                           <value>
                                                                              <ptk:l location="Target:7:27">
                                                                                 <ptk:t location="Target:7:27">width:58%; vertical-align:middle;</ptk:t>
                                                                              </ptk:l>
                                                                           </value>
                                                                        </XmlAttribute>
                                                                     </ptk:l>
                                                                  </xmlAttributes>
                                                                  <body>
                                                                     <ptk:l>
                                                                        <ptk:t location="Target:7:64">[[</ptk:t>
                                                                        <ptk:t location="Target:7:64">File</ptk:t>
                                                                        <ptk:t location="Target:7:68">:</ptk:t>
                                                                        <ptk:t location="Target:7:69"> Flag of the SPLAM.svg</ptk:t>
                                                                        <Whitespace>
                                                                           <hasNewline>true</hasNewline>
                                                                           <content>
                                                                              <ptk:l>
                                                                                 <ptk:t>
</ptk:t>
                                                                              </ptk:l>
                                                                           </content>
                                                                        </Whitespace>
                                                                        <ptk:t location="Target:8:1">|</ptk:t>
                                                                        <ptk:t location="Target:8:2">125px</ptk:t>
                                                                        <ptk:t location="Target:8:7">|</ptk:t>
                                                                        <ptk:t location="Target:8:8">border</ptk:t>
                                                                        <ptk:t location="Target:8:14">|</ptk:t>
                                                                        <ptk:t location="Target:8:15">alt</ptk:t>
                                                                        <ptk:t location="Target:8:18">=</ptk:t>
                                                                        <ptk:t location="Target:8:19">|</ptk:t>
                                                                        <ptk:t location="Target:8:20">Flag of  South Sudan</ptk:t>
                                                                        <Whitespace>
                                                                           <hasNewline>true</hasNewline>
                                                                           <content>
                                                                              <ptk:l>
                                                                                 <ptk:t>
</ptk:t>
                                                                              </ptk:l>
                                                                           </content>
                                                                        </Whitespace>
                                                                        <ptk:t location="Target:9:1">]</ptk:t>
                                                                        <ptk:t location="Target:9:2">]</ptk:t>
                                                                     </ptk:l>
                                                                  </body>
                                                               </XmlElement>
                                                               <Whitespace>
                                                                  <hasNewline>true</hasNewline>
                                                                  <content>
                                                                     <ptk:l>
                                                                        <ptk:t>
</ptk:t>
                                                                     </ptk:l>
                                                                  </content>
                                                               </Whitespace>
                                                               <ptk:t location="Target:10:1">               </ptk:t>
                                                               <XmlElement>
                                                                  <ptk:a name="RTD">
                                                                     <RtData>c3EAfgAAdXEAfgADAAAAA3VxAH4ABQAAAAF0AAM8dGR1cQB+AAUAAAABdAABPnVxAH4ABQAAAAF0AAU8L3RkPg==</RtData>
                                                                  </ptk:a>
                                                                  <name>td</name>
                                                                  <empty>false</empty>
                                                                  <xmlAttributes>
                                                                     <ptk:l location="Target:10:19">
                                                                        <XmlAttribute location="Target:10:19">
                                                                           <ptk:a name="RTD">
                                                                              <RtData>c3EAfgAAdXEAfgADAAAAAnVxAH4ABQAAAAF0AAggYWxpZ249InVxAH4ABQAAAAF0AAEi</RtData>
                                                                           </ptk:a>
                                                                           <name>align</name>
                                                                           <hasValue>true</hasValue>
                                                                           <value>
                                                                              <ptk:l location="Target:10:27">
                                                                                 <ptk:t location="Target:10:27">center</ptk:t>
                                                                              </ptk:l>
                                                                           </value>
                                                                        </XmlAttribute>
                                                                        <XmlAttribute location="Target:10:34">
                                                                           <ptk:a name="RTD">
                                                                              <RtData>c3EAfgAAdXEAfgADAAAAAnVxAH4ABQAAAAF0AAggc3R5bGU9InVxAH4ABQAAAAF0AAEi</RtData>
                                                                           </ptk:a>
                                                                           <name>style</name>
                                                                           <hasValue>true</hasValue>
                                                                           <value>
                                                                              <ptk:l location="Target:10:42">
                                                                                 <ptk:t location="Target:10:42">width:auto; vertical-align:middle;</ptk:t>
                                                                              </ptk:l>
                                                                           </value>
                                                                        </XmlAttribute>
                                                                     </ptk:l>
                                                                  </xmlAttributes>
                                                                  <body>
                                                                     <ptk:l>
                                                                        <ptk:t location="Target:10:80">[[</ptk:t>
                                                                        <ptk:t location="Target:10:80">File</ptk:t>
                                                                        <ptk:t location="Target:10:84">:</ptk:t>
                                                                        <ptk:t location="Target:10:85"> Coat of Arms of South Sudan.svg</ptk:t>
                                                                        <Whitespace location="Target:10:117">
                                                                           <hasNewline>true</hasNewline>
                                                                           <content>
                                                                              <ptk:l>
                                                                                 <ptk:t>
</ptk:t>
                                                                              </ptk:l>
                                                                           </content>
                                                                        </Whitespace>
                                                                        <SemiPre location="Target:11:1">
                                                                           <content>
                                                                              <ptk:l>
                                                                                 <SemiPreLine location="Target:11:1">
                                                                                    <ptk:a name="RTD">
                                                                                       <RtData>c3EAfgAAdXEAfgADAAAAAnVxAH4ABQAAAAF0AAEgcA==</RtData>
                                                                                    </ptk:a>
                                                                                    <content>
                                                                                       <ptk:l>
                                                                                          <ptk:t location="Target:11:2">|</ptk:t>
                                                                                          <ptk:t location="Target:11:3">85px </ptk:t>
                                                                                          <ptk:t location="Target:11:8">|</ptk:t>
                                                                                          <ptk:t location="Target:11:9">alt</ptk:t>
                                                                                          <ptk:t location="Target:11:12">=</ptk:t>
                                                                                          <ptk:t location="Target:11:13">|</ptk:t>
                                                                                          <ptk:t location="Target:11:14"> Emblem</ptk:t>
                                                                                       </ptk:l>
                                                                                    </content>
                                                                                 </SemiPreLine>
                                                                                 <SemiPreLine location="Target:11:21">
                                                                                    <ptk:a name="RTD">
                                                                                       <RtData>c3EAfgAAdXEAfgADAAAAAnVxAH4ABQAAAAF0AAIKIHA=</RtData>
                                                                                    </ptk:a>
                                                                                    <content>
                                                                                       <ptk:l>
                                                                                          <ptk:t location="Target:12:2">of  South Sudan</ptk:t>
                                                                                       </ptk:l>
                                                                                    </content>
                                                                                 </SemiPreLine>
                                                                              </ptk:l>
                                                                           </content>
                                                                        </SemiPre>
                                                                        <Whitespace location="Target:12:17">
                                                                           <hasNewline>true</hasNewline>
                                                                           <content>
                                                                              <ptk:l>
                                                                                 <ptk:t>
</ptk:t>
                                                                              </ptk:l>
                                                                           </content>
                                                                        </Whitespace>
                                                                        <Paragraph>
                                                                           <content>
                                                                              <ptk:l>
                                                                                 <ptk:t location="Target:13:1">]</ptk:t>
                                                                                 <ptk:t location="Target:13:2">]</ptk:t>
                                                                              </ptk:l>
                                                                           </content>
                                                                        </Paragraph>
                                                                     </ptk:l>
                                                                  </body>
                                                               </XmlElement>
                                                               <Whitespace>
                                                                  <hasNewline>true</hasNewline>
                                                                  <content>
                                                                     <ptk:l>
                                                                        <ptk:t>
</ptk:t>
                                                                     </ptk:l>
                                                                  </content>
                                                               </Whitespace>
                                                               <ptk:t location="Target:14:1">             </ptk:t>
                                                            </ptk:l>
                                                         </body>
                                                      </XmlElement>
                                                      <XmlElement>
                                                         <ptk:a name="RTD">
                                                            <RtData>c3EAfgAAdXEAfgADAAAAA3VxAH4ABQAAAAF0AAM8dHJ1cQB+AAUAAAABdAABPnVxAH4ABQAAAAF0AAU8L3RyPg==</RtData>
                                                         </ptk:a>
                                                         <name>tr</name>
                                                         <empty>false</empty>
                                                         <xmlAttributes>
                                                            <ptk:l location="Target:14:22"/>
                                                         </xmlAttributes>
                                                         <body>
                                                            <ptk:l>
                                                               <Whitespace>
                                                                  <hasNewline>true</hasNewline>
                                                                  <content>
                                                                     <ptk:l>
                                                                        <ptk:t>
</ptk:t>
                                                                     </ptk:l>
                                                                  </content>
                                                               </Whitespace>
                                                               <ptk:t location="Target:15:1">               </ptk:t>
                                                               <XmlElement>
                                                                  <ptk:a name="RTD">
                                                                     <RtData>c3EAfgAAdXEAfgADAAAAA3VxAH4ABQAAAAF0AAM8dGR1cQB+AAUAAAABdAABPnVxAH4ABQAAAAF0AAU8L3RkPg==</RtData>
                                                                  </ptk:a>
                                                                  <name>td</name>
                                                                  <empty>false</empty>
                                                                  <xmlAttributes>
                                                                     <ptk:l location="Target:15:19">
                                                                        <XmlAttribute location="Target:15:19">
                                                                           <ptk:a name="RTD">
                                                                              <RtData>c3EAfgAAdXEAfgADAAAAAnVxAH4ABQAAAAF0AAggYWxpZ249InVxAH4ABQAAAAF0AAEi</RtData>
                                                                           </ptk:a>
                                                                           <name>align</name>
                                                                           <hasValue>true</hasValue>
                                                                           <value>
                                                                              <ptk:l location="Target:15:27">
                                                                                 <ptk:t location="Target:15:27">center</ptk:t>
                                                                              </ptk:l>
                                                                           </value>
                                                                        </XmlAttribute>
                                                                     </ptk:l>
                                                                  </xmlAttributes>
                                                                  <body>
                                                                     <ptk:l>
                                                                        <XmlElement>
                                                                           <ptk:a name="RTD">
                                                                              <RtData>c3EAfgAAdXEAfgADAAAAA3VxAH4ABQAAAAF0AAY8c21hbGx1cQB+AAUAAAABdAABPnVxAH4ABQAAAAF0AAg8L3NtYWxsPg==</RtData>
                                                                           </ptk:a>
                                                                           <name>small</name>
                                                                           <empty>false</empty>
                                                                           <xmlAttributes>
                                                                              <ptk:l location="Target:15:41"/>
                                                                           </xmlAttributes>
                                                                           <body>
                                                                              <ptk:l>
                                                                                 <Template location="قالب:Infobox country:56:49">
                                                                                    <ptk:a name="RTD">
                                                                                       <RtData>c3EAfgAAdXEAfgADAAAAA3VxAH4ABQAAAAFxAH4AB3B1cQB+AAUAAAABcQB+AAk=</RtData>
                                                                                    </ptk:a>
                                                                                    <name>
                                                                                       <ptk:l location="قالب:Infobox country:56:49">
                                                                                          <ptk:t location="قالب:Infobox country:56:49">#ifexist:Flag of </ptk:t>
                                                                                          <TemplateParameter location="قالب:Infobox country:56:69">
                                                                                             <ptk:a name="RTD">
                                                                                                <RtData>c3EAfgAAdXEAfgADAAAABHVxAH4ABQAAAAFxAH4ADXBwdXEAfgAFAAAAAXEAfgAP</RtData>
                                                                                             </ptk:a>
                                                                                             <name>
                                                                                                <ptk:l location="قالب:Infobox country:56:69">
                                                                                                   <ptk:t location="قالب:Infobox country:56:69">common_name</ptk:t>
                                                                                                </ptk:l>
                                                                                             </name>
                                                                                             <defaultValue>
                                                                                                <TemplateArgument location="قالب:Infobox country:56:81">
                                                                                                   <ptk:a name="RTD">
                                                                                                      <RtData>c3EAfgAAdXEAfgADAAAAA3VxAH4ABQAAAAF0AAF8cHA=</RtData>
                                                                                                   </ptk:a>
                                                                                                   <hasName>false</hasName>
                                                                                                   <name>
                                                                                                      <ptk:l/>
                                                                                                   </name>
                                                                                                   <value>
                                                                                                      <ptk:l location="قالب:Infobox country:56:81">
                                                                                                         <TemplateParameter location="قالب:Infobox country:56:84">
                                                                                                            <ptk:a name="RTD">
                                                                                                               <RtData>c3EAfgAAdXEAfgADAAAABHVxAH4ABQAAAAFxAH4ADXBwdXEAfgAFAAAAAXEAfgAP</RtData>
                                                                                                            </ptk:a>
                                                                                                            <name>
                                                                                                               <ptk:l location="قالب:Infobox country:56:84">
                                                                                                                  <ptk:t location="قالب:Infobox country:56:84">linking_name</ptk:t>
                                                                                                               </ptk:l>
                                                                                                            </name>
                                                                                                            <defaultValue>
                                                                                                               <TemplateArgument location="قالب:Infobox country:56:97">
                                                                                                                  <ptk:a name="RTD">
                                                                                                                     <RtData>c3EAfgAAdXEAfgADAAAAA3VxAH4ABQAAAAF0AAF8cHA=</RtData>
                                                                                                                  </ptk:a>
                                                                                                                  <hasName>false</hasName>
                                                                                                                  <name>
                                                                                                                     <ptk:l/>
                                                                                                                  </name>
                                                                                                                  <value>
                                                                                                                     <ptk:l location="قالب:Infobox country:56:97">
                                                                                                                        <TemplateParameter location="قالب:Infobox country:56:100">
                                                                                                                           <ptk:a name="RTD">
                                                                                                                              <RtData>c3EAfgAAdXEAfgADAAAABHVxAH4ABQAAAAFxAH4ADXBwdXEAfgAFAAAAAXEAfgAP</RtData>
                                                                                                                           </ptk:a>
                                                                                                                           <name>
                                                                                                                              <ptk:l location="قالب:Infobox country:56:100">
                                                                                                                                 <ptk:t location="قالب:Infobox country:56:100">name</ptk:t>
                                                                                                                              </ptk:l>
                                                                                                                           </name>
                                                                                                                           <defaultValue>
                                                                                                                              <TemplateArgument location="قالب:Infobox country:56:105">
                                                                                                                                 <ptk:a name="RTD">
                                                                                                                                    <RtData>c3EAfgAAdXEAfgADAAAAA3VxAH4ABQAAAAF0AAF8cHA=</RtData>
                                                                                                                                 </ptk:a>
                                                                                                                                 <hasName>false</hasName>
                                                                                                                                 <name>
                                                                                                                                    <ptk:l/>
                                                                                                                                 </name>
                                                                                                                                 <value>
                                                                                                                                    <ptk:l location="قالب:Infobox country:56:105">
                                                                                                                                       <Template location="قالب:Infobox country:56:107">
                                                                                                                                          <ptk:a name="RTD">
                                                                                                                                             <RtData>c3EAfgAAdXEAfgADAAAAA3VxAH4ABQAAAAFxAH4AB3B1cQB+AAUAAAABcQB+AAk=</RtData>
                                                                                                                                          </ptk:a>
                                                                                                                                          <name>
                                                                                                                                             <ptk:l location="قالب:Infobox country:56:107">
                                                                                                                                                <ptk:t location="قالب:Infobox country:56:107">PAGENAME</ptk:t>
                                                                                                                                             </ptk:l>
                                                                                                                                          </name>
                                                                                                                                          <args>
                                                                                                                                             <ptk:l location="قالب:Infobox country:56:115"/>
                                                                                                                                          </args>
                                                                                                                                       </Template>
                                                                                                                                    </ptk:l>
                                                                                                                                 </value>
                                                                                                                              </TemplateArgument>
                                                                                                                           </defaultValue>
                                                                                                                           <garbage/>
                                                                                                                        </TemplateParameter>
                                                                                                                     </ptk:l>
                                                                                                                  </value>
                                                                                                               </TemplateArgument>
                                                                                                            </defaultValue>
                                                                                                            <garbage/>
                                                                                                         </TemplateParameter>
                                                                                                      </ptk:l>
                                                                                                   </value>
                                                                                                </TemplateArgument>
                                                                                             </defaultValue>
                                                                                             <garbage/>
                                                                                          </TemplateParameter>
                                                                                          <ptk:t location="قالب:Infobox country:56:126"> </ptk:t>
                                                                                       </ptk:l>
                                                                                    </name>
                                                                                    <args>
                                                                                       <ptk:l location="قالب:Infobox country:56:127">
                                                                                          <TemplateArgument location="قالب:Infobox country:56:128">
                                                                                             <ptk:a name="RTD">
                                                                                                <RtData>c3EAfgAAdXEAfgADAAAAA3VxAH4ABQAAAAF0AAF8cHA=</RtData>
                                                                                             </ptk:a>
                                                                                             <hasName>false</hasName>
                                                                                             <name>
                                                                                                <ptk:l/>
                                                                                             </name>
                                                                                             <value>
                                                                                                <ptk:l location="قالب:Infobox country:56:128">
                                                                                                   <XmlComment location="قالب:Infobox country:56:132">
                                                                                                      <ptk:a name="RTD">
                                                                                                         <RtData>c3EAfgAAdXEAfgADAAAAAXVxAH4ABQAAAAF0AAw8IS0tdGhlbjotLT4=</RtData>
                                                                                                      </ptk:a>
                                                                                                      <content>then:</content>
                                                                                                   </XmlComment>
                                                                                                   <ptk:t>[[</ptk:t>
                                                                                                   <ptk:t location="قالب:Infobox country:56:142">Flag of </ptk:t>
                                                                                                   <ptk:t location="Target:3:31"> South Sudan
</ptk:t>
                                                                                                   <ptk:t location="قالب:Infobox country:56:210"> |</ptk:t>
                                                                                                   <ptk:t location="قالب:Infobox country:56:228">Flag</ptk:t>
                                                                                                   <ptk:t>]]</ptk:t>
                                                                                                </ptk:l>
                                                                                             </value>
                                                                                          </TemplateArgument>
                                                                                       </ptk:l>
                                                                                    </args>
                                                                                 </Template>
                                                                              </ptk:l>
                                                                           </body>
                                                                        </XmlElement>
                                                                     </ptk:l>
                                                                  </body>
                                                               </XmlElement>
                                                               <Whitespace>
                                                                  <hasNewline>true</hasNewline>
                                                                  <content>
                                                                     <ptk:l>
                                                                        <ptk:t>
</ptk:t>
                                                                     </ptk:l>
                                                                  </content>
                                                               </Whitespace>
                                                               <ptk:t location="Target:16:1">               </ptk:t>
                                                               <XmlElement>
                                                                  <ptk:a name="RTD">
                                                                     <RtData>c3EAfgAAdXEAfgADAAAAA3VxAH4ABQAAAAF0AAM8dGR1cQB+AAUAAAABdAABPnVxAH4ABQAAAAF0AAU8L3RkPg==</RtData>
                                                                  </ptk:a>
                                                                  <name>td</name>
                                                                  <empty>false</empty>
                                                                  <xmlAttributes>
                                                                     <ptk:l location="Target:16:19">
                                                                        <XmlAttribute location="Target:16:19">
                                                                           <ptk:a name="RTD">
                                                                              <RtData>c3EAfgAAdXEAfgADAAAAAnVxAH4ABQAAAAF0AAggYWxpZ249InVxAH4ABQAAAAF0AAEi</RtData>
                                                                           </ptk:a>
                                                                           <name>align</name>
                                                                           <hasValue>true</hasValue>
                                                                           <value>
                                                                              <ptk:l location="Target:16:27">
                                                                                 <ptk:t location="Target:16:27">center</ptk:t>
                                                                              </ptk:l>
                                                                           </value>
                                                                        </XmlAttribute>
                                                                     </ptk:l>
                                                                  </xmlAttributes>
                                                                  <body>
                                                                     <ptk:l>
                                                                        <XmlElement>
                                                                           <ptk:a name="RTD">
                                                                              <RtData>c3EAfgAAdXEAfgADAAAAA3VxAH4ABQAAAAF0AAY8c21hbGx1cQB+AAUAAAABdAABPnVxAH4ABQAAAAF0AAg8L3NtYWxsPg==</RtData>
                                                                           </ptk:a>
                                                                           <name>small</name>
                                                                           <empty>false</empty>
                                                                           <xmlAttributes>
                                                                              <ptk:l location="Target:16:41"/>
                                                                           </xmlAttributes>
                                                                           <body>
                                                                              <ptk:l>
                                                                                 <Template location="قالب:Infobox country:59:49">
                                                                                    <ptk:a name="RTD">
                                                                                       <RtData>c3EAfgAAdXEAfgADAAAAA3VxAH4ABQAAAAFxAH4AB3B1cQB+AAUAAAABcQB+AAk=</RtData>
                                                                                    </ptk:a>
                                                                                    <name>
                                                                                       <ptk:l location="قالب:Infobox country:59:49">
                                                                                          <ptk:t location="قالب:Infobox country:59:49">#ifexist:</ptk:t>
                                                                                          <TemplateParameter location="قالب:Infobox country:59:61">
                                                                                             <ptk:a name="RTD">
                                                                                                <RtData>c3EAfgAAdXEAfgADAAAABHVxAH4ABQAAAAFxAH4ADXBwdXEAfgAFAAAAAXEAfgAP</RtData>
                                                                                             </ptk:a>
                                                                                             <name>
                                                                                                <ptk:l location="قالب:Infobox country:59:61">
                                                                                                   <ptk:t location="قالب:Infobox country:59:61">symbol_type_article</ptk:t>
                                                                                                </ptk:l>
                                                                                             </name>
                                                                                             <defaultValue>
                                                                                                <TemplateArgument location="قالب:Infobox country:59:81">
                                                                                                   <ptk:a name="RTD">
                                                                                                      <RtData>c3EAfgAAdXEAfgADAAAAA3VxAH4ABQAAAAF0AAF8cHA=</RtData>
                                                                                                   </ptk:a>
                                                                                                   <hasName>false</hasName>
                                                                                                   <name>
                                                                                                      <ptk:l/>
                                                                                                   </name>
                                                                                                   <value>
                                                                                                      <ptk:l location="قالب:Infobox country:59:81">
                                                                                                         <ptk:t location="Target:6:31"> Emblem
</ptk:t>
                                                                                                      </ptk:l>
                                                                                                   </value>
                                                                                                </TemplateArgument>
                                                                                             </defaultValue>
                                                                                             <garbage/>
                                                                                          </TemplateParameter>
                                                                                          <ptk:t location="قالب:Infobox country:59:114"> of </ptk:t>
                                                                                          <TemplateParameter location="قالب:Infobox country:59:121">
                                                                                             <ptk:a name="RTD">
                                                                                                <RtData>c3EAfgAAdXEAfgADAAAABHVxAH4ABQAAAAFxAH4ADXBwdXEAfgAFAAAAAXEAfgAP</RtData>
                                                                                             </ptk:a>
                                                                                             <name>
                                                                                                <ptk:l location="قالب:Infobox country:59:121">
                                                                                                   <ptk:t location="قالب:Infobox country:59:121">common_name</ptk:t>
                                                                                                </ptk:l>
                                                                                             </name>
                                                                                             <defaultValue>
                                                                                                <TemplateArgument location="قالب:Infobox country:59:133">
                                                                                                   <ptk:a name="RTD">
                                                                                                      <RtData>c3EAfgAAdXEAfgADAAAAA3VxAH4ABQAAAAF0AAF8cHA=</RtData>
                                                                                                   </ptk:a>
                                                                                                   <hasName>false</hasName>
                                                                                                   <name>
                                                                                                      <ptk:l/>
                                                                                                   </name>
                                                                                                   <value>
                                                                                                      <ptk:l location="قالب:Infobox country:59:133">
                                                                                                         <TemplateParameter location="قالب:Infobox country:59:136">
                                                                                                            <ptk:a name="RTD">
                                                                                                               <RtData>c3EAfgAAdXEAfgADAAAABHVxAH4ABQAAAAFxAH4ADXBwdXEAfgAFAAAAAXEAfgAP</RtData>
                                                                                                            </ptk:a>
                                                                                                            <name>
                                                                                                               <ptk:l location="قالب:Infobox country:59:136">
                                                                                                                  <ptk:t location="قالب:Infobox country:59:136">linking_name</ptk:t>
                                                                                                               </ptk:l>
                                                                                                            </name>
                                                                                                            <defaultValue>
                                                                                                               <TemplateArgument location="قالب:Infobox country:59:149">
                                                                                                                  <ptk:a name="RTD">
                                                                                                                     <RtData>c3EAfgAAdXEAfgADAAAAA3VxAH4ABQAAAAF0AAF8cHA=</RtData>
                                                                                                                  </ptk:a>
                                                                                                                  <hasName>false</hasName>
                                                                                                                  <name>
                                                                                                                     <ptk:l/>
                                                                                                                  </name>
                                                                                                                  <value>
                                                                                                                     <ptk:l location="قالب:Infobox country:59:149">
                                                                                                                        <TemplateParameter location="قالب:Infobox country:59:152">
                                                                                                                           <ptk:a name="RTD">
                                                                                                                              <RtData>c3EAfgAAdXEAfgADAAAABHVxAH4ABQAAAAFxAH4ADXBwdXEAfgAFAAAAAXEAfgAP</RtData>
                                                                                                                           </ptk:a>
                                                                                                                           <name>
                                                                                                                              <ptk:l location="قالب:Infobox country:59:152">
                                                                                                                                 <ptk:t location="قالب:Infobox country:59:152">name</ptk:t>
                                                                                                                              </ptk:l>
                                                                                                                           </name>
                                                                                                                           <defaultValue>
                                                                                                                              <TemplateArgument location="قالب:Infobox country:59:157">
                                                                                                                                 <ptk:a name="RTD">
                                                                                                                                    <RtData>c3EAfgAAdXEAfgADAAAAA3VxAH4ABQAAAAF0AAF8cHA=</RtData>
                                                                                                                                 </ptk:a>
                                                                                                                                 <hasName>false</hasName>
                                                                                                                                 <name>
                                                                                                                                    <ptk:l/>
                                                                                                                                 </name>
                                                                                                                                 <value>
                                                                                                                                    <ptk:l location="قالب:Infobox country:59:157">
                                                                                                                                       <Template location="قالب:Infobox country:59:159">
                                                                                                                                          <ptk:a name="RTD">
                                                                                                                                             <RtData>c3EAfgAAdXEAfgADAAAAA3VxAH4ABQAAAAFxAH4AB3B1cQB+AAUAAAABcQB+AAk=</RtData>
                                                                                                                                          </ptk:a>
                                                                                                                                          <name>
                                                                                                                                             <ptk:l location="قالب:Infobox country:59:159">
                                                                                                                                                <ptk:t location="قالب:Infobox country:59:159">PAGENAME</ptk:t>
                                                                                                                                             </ptk:l>
                                                                                                                                          </name>
                                                                                                                                          <args>
                                                                                                                                             <ptk:l location="قالب:Infobox country:59:167"/>
                                                                                                                                          </args>
                                                                                                                                       </Template>
                                                                                                                                    </ptk:l>
                                                                                                                                 </value>
                                                                                                                              </TemplateArgument>
                                                                                                                           </defaultValue>
                                                                                                                           <garbage/>
                                                                                                                        </TemplateParameter>
                                                                                                                     </ptk:l>
                                                                                                                  </value>
                                                                                                               </TemplateArgument>
                                                                                                            </defaultValue>
                                                                                                            <garbage/>
                                                                                                         </TemplateParameter>
                                                                                                      </ptk:l>
                                                                                                   </value>
                                                                                                </TemplateArgument>
                                                                                             </defaultValue>
                                                                                             <garbage/>
                                                                                          </TemplateParameter>
                                                                                          <ptk:t location="قالب:Infobox country:59:178"> </ptk:t>
                                                                                       </ptk:l>
                                                                                    </name>
                                                                                    <args>
                                                                                       <ptk:l location="قالب:Infobox country:59:179">
                                                                                          <TemplateArgument location="قالب:Infobox country:59:180">
                                                                                             <ptk:a name="RTD">
                                                                                                <RtData>c3EAfgAAdXEAfgADAAAAA3VxAH4ABQAAAAF0AAF8cHA=</RtData>
                                                                                             </ptk:a>
                                                                                             <hasName>false</hasName>
                                                                                             <name>
                                                                                                <ptk:l/>
                                                                                             </name>
                                                                                             <value>
                                                                                                <ptk:l location="قالب:Infobox country:59:180">
                                                                                                   <XmlComment location="قالب:Infobox country:59:184">
                                                                                                      <ptk:a name="RTD">
                                                                                                         <RtData>c3EAfgAAdXEAfgADAAAAAXVxAH4ABQAAAAF0AAw8IS0tdGhlbjotLT4=</RtData>
                                                                                                      </ptk:a>
                                                                                                      <content>then:</content>
                                                                                                   </XmlComment>
                                                                                                   <ptk:t>[[</ptk:t>
                                                                                                   <ptk:t location="Target:6:31"> Emblem
</ptk:t>
                                                                                                   <ptk:t location="قالب:Infobox country:59:250"> of </ptk:t>
                                                                                                   <ptk:t location="Target:3:31"> South Sudan
</ptk:t>
                                                                                                   <ptk:t location="قالب:Infobox country:59:314"> |</ptk:t>
                                                                                                   <ptk:t location="Target:6:31"> Emblem
</ptk:t>
                                                                                                   <ptk:t>]]</ptk:t>
                                                                                                </ptk:l>
                                                                                             </value>
                                                                                          </TemplateArgument>
                                                                                       </ptk:l>
                                                                                    </args>
                                                                                 </Template>
                                                                              </ptk:l>
                                                                           </body>
                                                                        </XmlElement>
                                                                     </ptk:l>
                                                                  </body>
                                                               </XmlElement>
                                                               <Whitespace>
                                                                  <hasNewline>true</hasNewline>
                                                                  <content>
                                                                     <ptk:l>
                                                                        <ptk:t>
</ptk:t>
                                                                     </ptk:l>
                                                                  </content>
                                                               </Whitespace>
                                                               <ptk:t location="Target:17:1">             </ptk:t>
                                                            </ptk:l>
                                                         </body>
                                                      </XmlElement>
                                                   </ptk:l>
                                                </body>
                                             </XmlElement>
                                             <Whitespace>
                                                <hasNewline>true</hasNewline>
                                                <content>
                                                   <ptk:l>
                                                      <ptk:t>
</ptk:t>
                                                   </ptk:l>
                                                </content>
                                             </Whitespace>
                                             <ptk:t location="Target:18:1">         </ptk:t>
                                          </ptk:l>
                                       </body>
                                    </XmlElement>
                                    <Whitespace>
                                       <hasNewline>true</hasNewline>
                                       <content>
                                          <ptk:l>
                                             <ptk:t>
</ptk:t>
                                          </ptk:l>
                                       </content>
                                    </Whitespace>
                                    <ptk:t location="Target:19:1">       </ptk:t>
                                 </ptk:l>
                              </body>
                           </XmlElement>
                           <XmlElement>
                              <ptk:a name="RTD">
                                 <RtData>c3EAfgAAdXEAfgADAAAAA3VxAH4ABQAAAAF0AAM8dHJ1cQB+AAUAAAABdAABPnVxAH4ABQAAAAF0AAU8L3RyPg==</RtData>
                              </ptk:a>
                              <name>tr</name>
                              <empty>false</empty>
                              <xmlAttributes>
                                 <ptk:l location="Target:19:16"/>
                              </xmlAttributes>
                              <body>
                                 <ptk:l>
                                    <ptk:t location="Target:19:17"> </ptk:t>
                                    <XmlElement>
                                       <ptk:a name="RTD">
                                          <RtData>c3EAfgAAdXEAfgADAAAAA3VxAH4ABQAAAAF0AAM8dGR1cQB+AAUAAAABdAABPnVxAH4ABQAAAAF0AAU8L3RkPg==</RtData>
                                       </ptk:a>
                                       <name>td</name>
                                       <empty>false</empty>
                                       <xmlAttributes>
                                          <ptk:l location="Target:19:21">
                                             <XmlAttribute location="Target:19:21">
                                                <ptk:a name="RTD">
                                                   <RtData>c3EAfgAAdXEAfgADAAAAAnVxAH4ABQAAAAF0AAogY29sc3Bhbj0idXEAfgAFAAAAAXQAASI=</RtData>
                                                </ptk:a>
                                                <name>colspan</name>
                                                <hasValue>true</hasValue>
                                                <value>
                                                   <ptk:l location="Target:19:31">
                                                      <ptk:t location="Target:19:31">3</ptk:t>
                                                   </ptk:l>
                                                </value>
                                             </XmlAttribute>
                                             <XmlAttribute location="Target:19:33">
                                                <ptk:a name="RTD">
                                                   <RtData>c3EAfgAAdXEAfgADAAAAAnVxAH4ABQAAAAF0AAggc3R5bGU9InVxAH4ABQAAAAF0AAEi</RtData>
                                                </ptk:a>
                                                <name>style</name>
                                                <hasValue>true</hasValue>
                                                <value>
                                                   <ptk:l location="Target:19:41">
                                                      <ptk:t location="Target:19:41">line-height:1.2em; text-align:center;</ptk:t>
                                                   </ptk:l>
                                                </value>
                                             </XmlAttribute>
                                          </ptk:l>
                                       </xmlAttributes>
                                       <body>
                                          <ptk:l>
                                             <Bold>
                                                <ptk:a name="RTD">
                                                   <RtData>c3EAfgAAdXEAfgADAAAAAnVxAH4ABQAAAAF0AAMnJyd1cQB+AAUAAAABcQB+CAE=</RtData>
                                                </ptk:a>
                                                <content>
                                                   <ptk:l>
                                                      <ptk:t location="Target:19:83">ال</ptk:t>
                                                      <InternalLink location="Target:19:87">
                                                         <ptk:a name="RTD">
                                                            <RtData>c3EAfgAAdXEAfgADAAAAAnVxAH4ABQAAAAF0AApbW9i02LnYp9ixdXEAfgAFAAAAAXQAAl1d</RtData>
                                                         </ptk:a>
                                                         <target>شعار</target>
                                                         <prefix/>
                                                         <postfix/>
                                                         <title>
                                                            <LinkTitle>
                                                               <content>
                                                                  <ptk:l/>
                                                               </content>
                                                            </LinkTitle>
                                                         </title>
                                                      </InternalLink>
                                                      <ptk:t location="Target:19:93">:</ptk:t>
                                                      <XmlEntityRef location="Target:19:95">
                                                         <ptk:a name="RTD">
                                                            <RtData>c3EAfgAAdXEAfgADAAAAAXVxAH4ABQAAAAF0AAYmbmJzcDs=</RtData>
                                                         </ptk:a>
                                                         <name>nbsp</name>
                                                      </XmlEntityRef>
                                                   </ptk:l>
                                                </content>
                                             </Bold>
                                             <ptk:t location="Target:19:103"> "Justice, Liberty, Prosperity"</ptk:t>
                                             <Whitespace>
                                                <hasNewline>true</hasNewline>
                                                <content>
                                                   <ptk:l>
                                                      <ptk:t>
</ptk:t>
                                                   </ptk:l>
                                                </content>
                                             </Whitespace>
                                          </ptk:l>
                                       </body>
                                    </XmlElement>
                                    <Whitespace>
                                       <hasNewline>true</hasNewline>
                                       <content>
                                          <ptk:l>
                                             <ptk:t>
</ptk:t>
                                          </ptk:l>
                                       </content>
                                    </Whitespace>
                                    <ptk:t location="Target:21:1">        </ptk:t>
                                 </ptk:l>
                              </body>
                           </XmlElement>
                           <XmlElement>
                              <ptk:a name="RTD">
                                 <RtData>c3EAfgAAdXEAfgADAAAAA3VxAH4ABQAAAAF0AAM8dHJ1cQB+AAUAAAABdAABPnVxAH4ABQAAAAF0AAU8L3RyPg==</RtData>
                              </ptk:a>
                              <name>tr</name>
                              <empty>false</empty>
                              <xmlAttributes>
                                 <ptk:l location="Target:21:17"/>
                              </xmlAttributes>
                              <body>
                                 <ptk:l>
                                    <Whitespace>
                                       <hasNewline>true</hasNewline>
                                       <content>
                                          <ptk:l>
                                             <ptk:t>
</ptk:t>
                                          </ptk:l>
                                       </content>
                                    </Whitespace>
                                    <ptk:t location="Target:22:1">          </ptk:t>
                                    <XmlElement>
                                       <ptk:a name="RTD">
                                          <RtData>c3EAfgAAdXEAfgADAAAAA3VxAH4ABQAAAAF0AAM8dGR1cQB+AAUAAAABdAABPnVxAH4ABQAAAAF0AAU8L3RkPg==</RtData>
                                       </ptk:a>
                                       <name>td</name>
                                       <empty>false</empty>
                                       <xmlAttributes>
                                          <ptk:l location="Target:22:14">
                                             <XmlAttribute location="Target:22:14">
                                                <ptk:a name="RTD">
                                                   <RtData>c3EAfgAAdXEAfgADAAAAAnVxAH4ABQAAAAF0AAggY2xhc3M9InVxAH4ABQAAAAF0AAEi</RtData>
                                                </ptk:a>
                                                <name>class</name>
                                                <hasValue>true</hasValue>
                                                <value>
                                                   <ptk:l location="Target:22:22">
                                                      <ptk:t location="Target:22:22">anthem</ptk:t>
                                                   </ptk:l>
                                                </value>
                                             </XmlAttribute>
                                             <XmlAttribute location="Target:22:29">
                                                <ptk:a name="RTD">
                                                   <RtData>c3EAfgAAdXEAfgADAAAAAnVxAH4ABQAAAAF0AAogY29sc3Bhbj0idXEAfgAFAAAAAXQAASI=</RtData>
                                                </ptk:a>
                                                <name>colspan</name>
                                                <hasValue>true</hasValue>
                                                <value>
                                                   <ptk:l location="Target:22:39">
                                                      <ptk:t location="Target:22:39">3</ptk:t>
                                                   </ptk:l>
                                                </value>
                                             </XmlAttribute>
                                             <XmlAttribute location="Target:22:41">
                                                <ptk:a name="RTD">
                                                   <RtData>c3EAfgAAdXEAfgADAAAAAnVxAH4ABQAAAAF0AAggc3R5bGU9InVxAH4ABQAAAAF0AAEi</RtData>
                                                </ptk:a>
                                                <name>style</name>
                                                <hasValue>true</hasValue>
                                                <value>
                                                   <ptk:l location="Target:22:49">
                                                      <ptk:t location="Target:22:49">line-height:1.2em; text-align:center;</ptk:t>
                                                   </ptk:l>
                                                </value>
                                             </XmlAttribute>
                                          </ptk:l>
                                       </xmlAttributes>
                                       <body>
                                          <ptk:l>
                                             <Bold>
                                                <ptk:a name="RTD">
                                                   <RtData>c3EAfgAAdXEAfgADAAAAAnVxAH4ABQAAAAFxAH4IAXVxAH4ABQAAAAFxAH4IAQ==</RtData>
                                                </ptk:a>
                                                <content>
                                                   <ptk:l>
                                                      <InternalLink location="Target:22:93">
                                                         <ptk:a name="RTD">
                                                            <RtData>c3EAfgAAdXEAfgADAAAAAnVxAH4ABQAAAAF0AA5bW9in2YTZhti02YrYr3VxAH4ABQAAAAF0AAJdXQ==</RtData>
                                                         </ptk:a>
                                                         <target>النشيد</target>
                                                         <prefix/>
                                                         <postfix/>
                                                         <title>
                                                            <LinkTitle>
                                                               <content>
                                                                  <ptk:l/>
                                                               </content>
                                                            </LinkTitle>
                                                         </title>
                                                      </InternalLink>
                                                      <ptk:t location="Target:22:101">:</ptk:t>
                                                      <XmlEntityRef location="Target:22:103">
                                                         <ptk:a name="RTD">
                                                            <RtData>c3EAfgAAdXEAfgADAAAAAXVxAH4ABQAAAAF0AAYmbmJzcDs=</RtData>
                                                         </ptk:a>
                                                         <name>nbsp</name>
                                                      </XmlEntityRef>
                                                   </ptk:l>
                                                </content>
                                             </Bold>
                                             <ptk:t location="Target:22:111"> "</ptk:t>
                                             <InternalLink location="Target:22:115">
                                                <ptk:a name="RTD">
                                                   <RtData>c3EAfgAAdXEAfgADAAAAAnVxAH4ABQAAAAF0ABNbW1NvdXRoIFN1ZGFuIE95ZWUhdXEAfgAFAAAAAXQAAl1d</RtData>
                                                </ptk:a>
                                                <target>South Sudan Oyee!</target>
                                                <prefix/>
                                                <postfix/>
                                                <title>
                                                   <LinkTitle>
                                                      <content>
                                                         <ptk:l/>
                                                      </content>
                                                   </LinkTitle>
                                                </title>
                                             </InternalLink>
                                             <ptk:t location="Target:22:134">"</ptk:t>
                                             <Whitespace>
                                                <hasNewline>true</hasNewline>
                                                <content>
                                                   <ptk:l>
                                                      <ptk:t>
</ptk:t>
                                                   </ptk:l>
                                                </content>
                                             </Whitespace>
                                             <XmlElement>
                                                <ptk:a name="RTD">
                                                   <RtData>c3EAfgAAdXEAfgADAAAAA3VxAH4ABQAAAAF0AAM8YnJ1cQB+AAUAAAABdAACLz5w</RtData>
                                                </ptk:a>
                                                <name>br</name>
                                                <empty>true</empty>
                                                <xmlAttributes>
                                                   <ptk:l location="Target:23:4"/>
                                                </xmlAttributes>
                                                <body>
                                                   <ptk:l/>
                                                </body>
                                             </XmlElement>
                                          </ptk:l>
                                       </body>
                                    </XmlElement>
                                    <Whitespace>
                                       <hasNewline>true</hasNewline>
                                       <content>
                                          <ptk:l>
                                             <ptk:t>
</ptk:t>
                                          </ptk:l>
                                       </content>
                                    </Whitespace>
                                    <ptk:t location="Target:24:1">        </ptk:t>
                                 </ptk:l>
                              </body>
                           </XmlElement>
                           <XmlElement>
                              <ptk:a name="RTD">
                                 <RtData>c3EAfgAAdXEAfgADAAAAA3VxAH4ABQAAAAF0AAM8dHJ1cQB+AAUAAAABdAABPnVxAH4ABQAAAAF0AAU8L3RyPg==</RtData>
                              </ptk:a>
                              <name>tr</name>
                              <empty>false</empty>
                              <xmlAttributes>
                                 <ptk:l location="Target:24:17"/>
                              </xmlAttributes>
                              <body>
                                 <ptk:l>
                                    <Whitespace>
                                       <hasNewline>true</hasNewline>
                                       <content>
                                          <ptk:l>
                                             <ptk:t>
</ptk:t>
                                          </ptk:l>
                                       </content>
                                    </Whitespace>
                                    <ptk:t location="Target:25:1">          </ptk:t>
                                    <XmlElement>
                                       <ptk:a name="RTD">
                                          <RtData>c3EAfgAAdXEAfgADAAAAA3VxAH4ABQAAAAF0AAM8dGR1cQB+AAUAAAABdAABPnVxAH4ABQAAAAF0AAU8L3RkPg==</RtData>
                                       </ptk:a>
                                       <name>td</name>
                                       <empty>false</empty>
                                       <xmlAttributes>
                                          <ptk:l location="Target:25:14">
                                             <XmlAttribute location="Target:25:14">
                                                <ptk:a name="RTD">
                                                   <RtData>c3EAfgAAdXEAfgADAAAAAnVxAH4ABQAAAAF0AAogY29sc3Bhbj0idXEAfgAFAAAAAXQAASI=</RtData>
                                                </ptk:a>
                                                <name>colspan</name>
                                                <hasValue>true</hasValue>
                                                <value>
                                                   <ptk:l location="Target:25:24">
                                                      <ptk:t location="Target:25:24">3</ptk:t>
                                                   </ptk:l>
                                                </value>
                                             </XmlAttribute>
                                             <XmlAttribute location="Target:25:26">
                                                <ptk:a name="RTD">
                                                   <RtData>c3EAfgAAdXEAfgADAAAAAnVxAH4ABQAAAAF0AAggc3R5bGU9InVxAH4ABQAAAAF0AAEi</RtData>
                                                </ptk:a>
                                                <name>style</name>
                                                <hasValue>true</hasValue>
                                                <value>
                                                   <ptk:l location="Target:25:34">
                                                      <ptk:t location="Target:25:34">text-align:center; padding:0.6em 0em;</ptk:t>
                                                   </ptk:l>
                                                </value>
                                             </XmlAttribute>
                                          </ptk:l>
                                       </xmlAttributes>
                                       <body>
                                          <ptk:l>
                                             <ptk:t location="Target:25:75">[[</ptk:t>
                                             <ptk:t location="Target:25:75">File</ptk:t>
                                             <ptk:t location="Target:25:79">:</ptk:t>
                                             <ptk:t location="Target:25:80"> Sudan Sudan (orthographic projection) highlighted.svg</ptk:t>
                                             <Whitespace location="Target:25:134">
                                                <hasNewline>true</hasNewline>
                                                <content>
                                                   <ptk:l>
                                                      <ptk:t>
</ptk:t>
                                                   </ptk:l>
                                                </content>
                                             </Whitespace>
                                             <SemiPre location="Target:26:1">
                                                <content>
                                                   <ptk:l>
                                                      <SemiPreLine location="Target:26:1">
                                                         <ptk:a name="RTD">
                                                            <RtData>c3EAfgAAdXEAfgADAAAAAnVxAH4ABQAAAAF0AAEgcA==</RtData>
                                                         </ptk:a>
                                                         <content>
                                                            <ptk:l>
                                                               <ptk:t location="Target:26:2">|</ptk:t>
                                                               <ptk:t location="Target:26:3">250px </ptk:t>
                                                               <ptk:t location="Target:26:9">|</ptk:t>
                                                               <ptk:t location="Target:26:10">center </ptk:t>
                                                               <ptk:t location="Target:26:17">|</ptk:t>
                                                               <ptk:t location="Target:26:18">alt</ptk:t>
                                                               <ptk:t location="Target:26:21">=</ptk:t>
                                                               <ptk:t location="Target:26:22">|</ptk:t>
                                                               <ptk:t location="Target:26:23">مكان  South Sudan</ptk:t>
                                                            </ptk:l>
                                                         </content>
                                                      </SemiPreLine>
                                                      <SemiPreLine location="Target:26:40">
                                                         <ptk:a name="RTD">
                                                            <RtData>c3EAfgAAdXEAfgADAAAAAnVxAH4ABQAAAAF0AAIKIHA=</RtData>
                                                         </ptk:a>
                                                         <content>
                                                            <ptk:l>
                                                               <ptk:t location="Target:27:2"> </ptk:t>
                                                               <ptk:t location="Target:27:3">]</ptk:t>
                                                               <ptk:t location="Target:27:4">]</ptk:t>
                                                               <ptk:t location="Target:27:5"> </ptk:t>
                                                            </ptk:l>
                                                         </content>
                                                      </SemiPreLine>
                                                   </ptk:l>
                                                </content>
                                             </SemiPre>
                                             <Whitespace location="Target:27:70">
                                                <hasNewline>true</hasNewline>
                                                <content>
                                                   <ptk:l>
                                                      <ptk:t>
</ptk:t>
                                                   </ptk:l>
                                                </content>
                                             </Whitespace>
                                             <Paragraph>
                                                <content>
                                                   <ptk:l>
                                                      <ptk:t location="Target:28:1">          </ptk:t>
                                                   </ptk:l>
                                                </content>
                                             </Paragraph>
                                          </ptk:l>
                                       </body>
                                    </XmlElement>
                                    <Whitespace>
                                       <hasNewline>true</hasNewline>
                                       <content>
                                          <ptk:l>
                                             <ptk:t>
</ptk:t>
                                          </ptk:l>
                                       </content>
                                    </Whitespace>
                                    <ptk:t location="Target:29:1">        </ptk:t>
                                 </ptk:l>
                              </body>
                           </XmlElement>
                           <XmlElement>
                              <ptk:a name="RTD">
                                 <RtData>c3EAfgAAdXEAfgADAAAAA3VxAH4ABQAAAAF0AAM8dHJ1cQB+AAUAAAABdAABPnVxAH4ABQAAAAF0AAU8L3RyPg==</RtData>
                              </ptk:a>
                              <name>tr</name>
                              <empty>false</empty>
                              <xmlAttributes>
                                 <ptk:l location="Target:29:17">
                                    <XmlAttribute location="Target:29:17">
                                       <ptk:a name="RTD">
                                          <RtData>c3EAfgAAdXEAfgADAAAAAnVxAH4ABQAAAAF0AAggY2xhc3M9InVxAH4ABQAAAAF0AAEi</RtData>
                                       </ptk:a>
                                       <name>class</name>
                                       <hasValue>true</hasValue>
                                       <value>
                                          <ptk:l location="Target:29:25">
                                             <ptk:t location="Target:29:25">mergedtoprow</ptk:t>
                                          </ptk:l>
                                       </value>
                                    </XmlAttribute>
                                 </ptk:l>
                              </xmlAttributes>
                              <body>
                                 <ptk:l>
                                    <XmlElement>
                                       <ptk:a name="RTD">
                                          <RtData>c3EAfgAAdXEAfgADAAAAA3VxAH4ABQAAAAF0AAM8dGR1cQB+AAUAAAABdAABPnVxAH4ABQAAAAF0AAU8L3RkPg==</RtData>
                                       </ptk:a>
                                       <name>td</name>
                                       <empty>false</empty>
                                       <xmlAttributes>
                                          <ptk:l location="Target:29:42">
                                             <XmlAttribute location="Target:29:42">
                                                <ptk:a name="RTD">
                                                   <RtData>c3EAfgAAdXEAfgADAAAAAnVxAH4ABQAAAAF0AAogY29sc3Bhbj0idXEAfgAFAAAAAXQAASI=</RtData>
                                                </ptk:a>
                                                <name>colspan</name>
                                                <hasValue>true</hasValue>
                                                <value>
                                                   <ptk:l location="Target:29:52">
                                                      <ptk:t location="Target:29:52">2</ptk:t>
                                                   </ptk:l>
                                                </value>
                                             </XmlAttribute>
                                          </ptk:l>
                                       </xmlAttributes>
                                       <body>
                                          <ptk:l>
                                             <Bold>
                                                <ptk:a name="RTD">
                                                   <RtData>c3EAfgAAdXEAfgADAAAAAnVxAH4ABQAAAAFxAH4IAXVxAH4ABQAAAAFxAH4IAQ==</RtData>
                                                </ptk:a>
                                                <content>
                                                   <ptk:l>
                                                      <ptk:t location="Target:29:58">ال</ptk:t>
                                                      <InternalLink location="Target:29:62">
                                                         <ptk:a name="RTD">
                                                            <RtData>c3EAfgAAdXEAfgADAAAAAnVxAH4ABQAAAAF0AAxbW9i52KfYtdmF2Yd1cQB+AAUAAAABdAACXV0=</RtData>
                                                         </ptk:a>
                                                         <target>عاصمه</target>
                                                         <prefix/>
                                                         <postfix/>
                                                         <title>
                                                            <LinkTitle>
                                                               <content>
                                                                  <ptk:l/>
                                                               </content>
                                                            </LinkTitle>
                                                         </title>
                                                      </InternalLink>
                                                   </ptk:l>
                                                </content>
                                             </Bold>
                                          </ptk:l>
                                       </body>
                                    </XmlElement>
                                    <XmlElement>
                                       <ptk:a name="RTD">
                                          <RtData>c3EAfgAAdXEAfgADAAAAA3VxAH4ABQAAAAF0AAM8dGR1cQB+AAUAAAABdAABPnVxAH4ABQAAAAF0AAU8L3RkPg==</RtData>
                                       </ptk:a>
                                       <name>td</name>
                                       <empty>false</empty>
                                       <xmlAttributes>
                                          <ptk:l location="Target:29:80"/>
                                       </xmlAttributes>
                                       <body>
                                          <ptk:l>
                                             <ptk:t location="Target:29:81"> </ptk:t>
                                             <InternalLink location="Target:29:84">
                                                <ptk:a name="RTD">
                                                   <RtData>c3EAfgAAdXEAfgADAAAAAnVxAH4ABQAAAAF0ABNbW0p1YmEsIFNvdXRoIFN1ZGFudXEAfgAFAAAAAXQAAl1d</RtData>
                                                </ptk:a>
                                                <target>Juba, South Sudan</target>
                                                <prefix/>
                                                <postfix/>
                                                <title>
                                                   <LinkTitle location="Target:29:101">
                                                      <ptk:a name="RTD">
                                                         <RtData>c3EAfgAAdXEAfgADAAAAAnVxAH4ABQAAAAF0AAF8cA==</RtData>
                                                      </ptk:a>
                                                      <content>
                                                         <ptk:l>
                                                            <ptk:t location="Target:29:102">Juba</ptk:t>
                                                         </ptk:l>
                                                      </content>
                                                   </LinkTitle>
                                                </title>
                                             </InternalLink>
                                             <Whitespace>
                                                <hasNewline>true</hasNewline>
                                                <content>
                                                   <ptk:l>
                                                      <ptk:t>
</ptk:t>
                                                   </ptk:l>
                                                </content>
                                             </Whitespace>
                                             <XmlElement>
                                                <ptk:a name="RTD">
                                                   <RtData>c3EAfgAAdXEAfgADAAAAA3VxAH4ABQAAAAF0AAM8YnJ1cQB+AAUAAAABdAACLz5w</RtData>
                                                </ptk:a>
                                                <name>br</name>
                                                <empty>true</empty>
                                                <xmlAttributes>
                                                   <ptk:l location="Target:30:4"/>
                                                </xmlAttributes>
                                                <body>
                                                   <ptk:l/>
                                                </body>
                                             </XmlElement>
                                             <XmlElement>
                                                <ptk:a name="RTD">
                                                   <RtData>c3EAfgAAdXEAfgADAAAAA3VxAH4ABQAAAAF0AAY8c21hbGx1cQB+AAUAAAABdAABPnVxAH4ABQAAAAF0AAg8L3NtYWxsPg==</RtData>
                                                </ptk:a>
                                                <name>small</name>
                                                <empty>false</empty>
                                                <xmlAttributes>
                                                   <ptk:l location="Target:30:12"/>
                                                </xmlAttributes>
                                                <body>
                                                   <ptk:l>
                                                      <XmlElement>
                                                         <ptk:a name="RTD">
                                                            <RtData>c3EAfgAAdXEAfgADAAAAA3VxAH4ABQAAAAF0AAU8c3BhbnVxAH4ABQAAAAF0AAE+dXEAfgAFAAAAAXQABzwvc3Bhbj4=</RtData>
                                                         </ptk:a>
                                                         <name>span</name>
                                                         <empty>false</empty>
                                                         <xmlAttributes>
                                                            <ptk:l location="Target:30:18">
                                                               <XmlAttribute location="Target:30:18">
                                                                  <ptk:a name="RTD">
                                                                     <RtData>c3EAfgAAdXEAfgADAAAAAnVxAH4ABQAAAAF0AAggc3R5bGU9InVxAH4ABQAAAAF0AAEi</RtData>
                                                                  </ptk:a>
                                                                  <name>style</name>
                                                                  <hasValue>true</hasValue>
                                                                  <value>
                                                                     <ptk:l location="Target:30:26">
                                                                        <ptk:t location="Target:30:26">white-space:nowrap;</ptk:t>
                                                                     </ptk:l>
                                                                  </value>
                                                               </XmlAttribute>
                                                            </ptk:l>
                                                         </xmlAttributes>
                                                         <body>
                                                            <ptk:l>
                                                               <Template location="قالب:Coord:1:16">
                                                                  <ptk:a name="RTD">
                                                                     <RtData>c3EAfgAAdXEAfgADAAAAA3VxAH4ABQAAAAFxAH4AB3B1cQB+AAUAAAABcQB+AAk=</RtData>
                                                                  </ptk:a>
                                                                  <name>
                                                                     <ptk:l location="قالب:Coord:1:16">
                                                                        <ptk:t location="قالب:Coord:1:16">Coord/display/</ptk:t>
                                                                        <TemplateParameter location="قالب:Coord:1:33">
                                                                           <ptk:a name="RTD">
                                                                              <RtData>cQB+AYw=</RtData>
                                                                           </ptk:a>
                                                                           <name>
                                                                              <ptk:l location="قالب:Coord:1:33">
                                                                                 <ptk:t location="قالب:Coord:1:33">display</ptk:t>
                                                                              </ptk:l>
                                                                           </name>
                                                                           <defaultValue>
                                                                              <TemplateArgument location="قالب:Coord:1:41">
                                                                                 <ptk:a name="RTD">
                                                                                    <RtData>cQB+AZA=</RtData>
                                                                                 </ptk:a>
                                                                                 <hasName>false</hasName>
                                                                                 <name>
                                                                                    <ptk:l/>
                                                                                 </name>
                                                                                 <value>
                                                                                    <ptk:l location="قالب:Coord:1:41">
                                                                                       <ptk:t location="قالب:Coord:1:41">inline</ptk:t>
                                                                                    </ptk:l>
                                                                                 </value>
                                                                              </TemplateArgument>
                                                                           </defaultValue>
                                                                           <garbage/>
                                                                        </TemplateParameter>
                                                                        <ptk:t location="قالب:Coord:1:50">
</ptk:t>
                                                                     </ptk:l>
                                                                  </name>
                                                                  <args>
                                                                     <ptk:l location="قالب:Coord:2:1">
                                                                        <TemplateArgument location="قالب:Coord:2:2">
                                                                           <ptk:a name="RTD">
                                                                              <RtData>c3EAfgAAdXEAfgADAAAAA3VxAH4ABQAAAAF0AAF8dXEAfgAFAAAAAXQAAT1w</RtData>
                                                                           </ptk:a>
                                                                           <hasName>true</hasName>
                                                                           <name>
                                                                              <ptk:l location="قالب:Coord:2:2">
                                                                                 <ptk:t location="قالب:Coord:2:2">1</ptk:t>
                                                                              </ptk:l>
                                                                           </name>
                                                                           <value>
                                                                              <ptk:l location="قالب:Coord:2:4">
                                                                                 <Template location="قالب:Coord:2:6">
                                                                                    <ptk:a name="RTD">
                                                                                       <RtData>c3EAfgAAdXEAfgADAAAAA3VxAH4ABQAAAAFxAH4AB3B1cQB+AAUAAAABcQB+AAk=</RtData>
                                                                                    </ptk:a>
                                                                                    <name>
                                                                                       <ptk:l location="قالب:Coord:2:6">
                                                                                          <ptk:t location="قالب:Coord:2:6">Coord/input/</ptk:t>
                                                                                          <Template location="قالب:Coord:2:20">
                                                                                             <ptk:a name="RTD">
                                                                                                <RtData>cQB+AM4=</RtData>
                                                                                             </ptk:a>
                                                                                             <name>
                                                                                                <ptk:l location="قالب:Coord:2:20">
                                                                                                   <ptk:t location="قالب:Coord:2:20">#ifeq:</ptk:t>
                                                                                                   <TemplateParameter location="قالب:Coord:2:29">
                                                                                                      <ptk:a name="RTD">
                                                                                                         <RtData>cQB+ANI=</RtData>
                                                                                                      </ptk:a>
                                                                                                      <name>
                                                                                                         <ptk:l location="قالب:Coord:2:29">
                                                                                                            <ptk:t location="قالب:Coord:2:29">1</ptk:t>
                                                                                                         </ptk:l>
                                                                                                      </name>
                                                                                                      <defaultValue>
                                                                                                         <TemplateArgument location="قالب:Coord:2:31">
                                                                                                            <ptk:a name="RTD">
                                                                                                               <RtData>cQB+ANY=</RtData>
                                                                                                            </ptk:a>
                                                                                                            <hasName>false</hasName>
                                                                                                            <name>
                                                                                                               <ptk:l/>
                                                                                                            </name>
                                                                                                            <value>
                                                                                                               <ptk:l location="قالب:Coord:2:31"/>
                                                                                                            </value>
                                                                                                         </TemplateArgument>
                                                                                                      </defaultValue>
                                                                                                      <garbage/>
                                                                                                   </TemplateParameter>
                                                                                                </ptk:l>
                                                                                             </name>
                                                                                             <args>
                                                                                                <ptk:l location="قالب:Coord:2:34">
                                                                                                   <TemplateArgument location="قالب:Coord:2:35">
                                                                                                      <ptk:a name="RTD">
                                                                                                         <RtData>cQB+ANo=</RtData>
                                                                                                      </ptk:a>
                                                                                                      <hasName>false</hasName>
                                                                                                      <name>
                                                                                                         <ptk:l/>
                                                                                                      </name>
                                                                                                      <value>
                                                                                                         <ptk:l location="قالب:Coord:2:35"/>
                                                                                                      </value>
                                                                                                   </TemplateArgument>
                                                                                                   <TemplateArgument location="قالب:Coord:2:36">
                                                                                                      <ptk:a name="RTD">
                                                                                                         <RtData>cQB+AN4=</RtData>
                                                                                                      </ptk:a>
                                                                                                      <hasName>false</hasName>
                                                                                                      <name>
                                                                                                         <ptk:l/>
                                                                                                      </name>
                                                                                                      <value>
                                                                                                         <ptk:l location="قالب:Coord:2:36">
                                                                                                            <ptk:t location="قالب:Coord:2:36">nolat</ptk:t>
                                                                                                         </ptk:l>
                                                                                                      </value>
                                                                                                   </TemplateArgument>
                                                                                                   <TemplateArgument location="قالب:Coord:2:42">
                                                                                                      <ptk:a name="RTD">
                                                                                                         <RtData>cQB+AOI=</RtData>
                                                                                                      </ptk:a>
                                                                                                      <hasName>false</hasName>
                                                                                                      <name>
                                                                                                         <ptk:l/>
                                                                                                      </name>
                                                                                                      <value>
                                                                                                         <ptk:l location="قالب:Coord:2:42">
                                                                                                            <Template location="قالب:Coord:2:44">
                                                                                                               <ptk:a name="RTD">
                                                                                                                  <RtData>cQB+AOY=</RtData>
                                                                                                               </ptk:a>
                                                                                                               <name>
                                                                                                                  <ptk:l location="قالب:Coord:2:44">
                                                                                                                     <ptk:t location="قالب:Coord:2:44">#ifeq:</ptk:t>
                                                                                                                     <TemplateParameter location="قالب:Coord:2:53">
                                                                                                                        <ptk:a name="RTD">
                                                                                                                           <RtData>cQB+AOo=</RtData>
                                                                                                                        </ptk:a>
                                                                                                                        <name>
                                                                                                                           <ptk:l location="قالب:Coord:2:53">
                                                                                                                              <ptk:t location="قالب:Coord:2:53">4</ptk:t>
                                                                                                                           </ptk:l>
                                                                                                                        </name>
                                                                                                                        <defaultValue>
                                                                                                                           <TemplateArgument location="قالب:Coord:2:55">
                                                                                                                              <ptk:a name="RTD">
                                                                                                                                 <RtData>cQB+AO4=</RtData>
                                                                                                                              </ptk:a>
                                                                                                                              <hasName>false</hasName>
                                                                                                                              <name>
                                                                                                                                 <ptk:l/>
                                                                                                                              </name>
                                                                                                                              <value>
                                                                                                                                 <ptk:l location="قالب:Coord:2:55"/>
                                                                                                                              </value>
                                                                                                                           </TemplateArgument>
                                                                                                                        </defaultValue>
                                                                                                                        <garbage/>
                                                                                                                     </TemplateParameter>
                                                                                                                     <TemplateParameter location="قالب:Coord:2:61">
                                                                                                                        <ptk:a name="RTD">
                                                                                                                           <RtData>cQB+API=</RtData>
                                                                                                                        </ptk:a>
                                                                                                                        <name>
                                                                                                                           <ptk:l location="قالب:Coord:2:61">
                                                                                                                              <ptk:t location="قالب:Coord:2:61">5</ptk:t>
                                                                                                                           </ptk:l>
                                                                                                                        </name>
                                                                                                                        <defaultValue>
                                                                                                                           <TemplateArgument location="قالب:Coord:2:63">
                                                                                                                              <ptk:a name="RTD">
                                                                                                                                 <RtData>cQB+APY=</RtData>
                                                                                                                              </ptk:a>
                                                                                                                              <hasName>false</hasName>
                                                                                                                              <name>
                                                                                                                                 <ptk:l/>
                                                                                                                              </name>
                                                                                                                              <value>
                                                                                                                                 <ptk:l location="قالب:Coord:2:63"/>
                                                                                                                              </value>
                                                                                                                           </TemplateArgument>
                                                                                                                        </defaultValue>
                                                                                                                        <garbage/>
                                                                                                                     </TemplateParameter>
                                                                                                                     <TemplateParameter location="قالب:Coord:2:69">
                                                                                                                        <ptk:a name="RTD">
                                                                                                                           <RtData>cQB+APo=</RtData>
                                                                                                                        </ptk:a>
                                                                                                                        <name>
                                                                                                                           <ptk:l location="قالب:Coord:2:69">
                                                                                                                              <ptk:t location="قالب:Coord:2:69">6</ptk:t>
                                                                                                                           </ptk:l>
                                                                                                                        </name>
                                                                                                                        <defaultValue>
                                                                                                                           <TemplateArgument location="قالب:Coord:2:71">
                                                                                                                              <ptk:a name="RTD">
                                                                                                                                 <RtData>cQB+AP4=</RtData>
                                                                                                                              </ptk:a>
                                                                                                                              <hasName>false</hasName>
                                                                                                                              <name>
                                                                                                                                 <ptk:l/>
                                                                                                                              </name>
                                                                                                                              <value>
                                                                                                                                 <ptk:l location="قالب:Coord:2:71"/>
                                                                                                                              </value>
                                                                                                                           </TemplateArgument>
                                                                                                                        </defaultValue>
                                                                                                                        <garbage/>
                                                                                                                     </TemplateParameter>
                                                                                                                  </ptk:l>
                                                                                                               </name>
                                                                                                               <args>
                                                                                                                  <ptk:l location="قالب:Coord:2:74">
                                                                                                                     <TemplateArgument location="قالب:Coord:2:75">
                                                                                                                        <ptk:a name="RTD">
                                                                                                                           <RtData>cQB+AQI=</RtData>
                                                                                                                        </ptk:a>
                                                                                                                        <hasName>false</hasName>
                                                                                                                        <name>
                                                                                                                           <ptk:l/>
                                                                                                                        </name>
                                                                                                                        <value>
                                                                                                                           <ptk:l location="قالب:Coord:2:75"/>
                                                                                                                        </value>
                                                                                                                     </TemplateArgument>
                                                                                                                     <TemplateArgument location="قالب:Coord:2:76">
                                                                                                                        <ptk:a name="RTD">
                                                                                                                           <RtData>cQB+AQY=</RtData>
                                                                                                                        </ptk:a>
                                                                                                                        <hasName>false</hasName>
                                                                                                                        <name>
                                                                                                                           <ptk:l/>
                                                                                                                        </name>
                                                                                                                        <value>
                                                                                                                           <ptk:l location="قالب:Coord:2:76">
                                                                                                                              <ptk:t location="قالب:Coord:2:76">dec</ptk:t>
                                                                                                                           </ptk:l>
                                                                                                                        </value>
                                                                                                                     </TemplateArgument>
                                                                                                                     <TemplateArgument location="قالب:Coord:2:80">
                                                                                                                        <ptk:a name="RTD">
                                                                                                                           <RtData>cQB+AQo=</RtData>
                                                                                                                        </ptk:a>
                                                                                                                        <hasName>false</hasName>
                                                                                                                        <name>
                                                                                                                           <ptk:l/>
                                                                                                                        </name>
                                                                                                                        <value>
                                                                                                                           <ptk:l location="قالب:Coord:2:80">
                                                                                                                              <Template location="قالب:Coord:2:82">
                                                                                                                                 <ptk:a name="RTD">
                                                                                                                                    <RtData>cQB+AQ4=</RtData>
                                                                                                                                 </ptk:a>
                                                                                                                                 <name>
                                                                                                                                    <ptk:l location="قالب:Coord:2:82">
                                                                                                                                       <ptk:t location="قالب:Coord:2:82">#if:</ptk:t>
                                                                                                                                       <Template location="قالب:Coord:2:88">
                                                                                                                                          <ptk:a name="RTD">
                                                                                                                                             <RtData>cQB+ARI=</RtData>
                                                                                                                                          </ptk:a>
                                                                                                                                          <name>
                                                                                                                                             <ptk:l location="قالب:Coord:2:88">
                                                                                                                                                <ptk:t location="قالب:Coord:2:88">#switch:</ptk:t>
                                                                                                                                                <TemplateParameter location="قالب:Coord:2:99">
                                                                                                                                                   <ptk:a name="RTD">
                                                                                                                                                      <RtData>cQB+ARY=</RtData>
                                                                                                                                                   </ptk:a>
                                                                                                                                                   <name>
                                                                                                                                                      <ptk:l location="قالب:Coord:2:99">
                                                                                                                                                         <ptk:t location="قالب:Coord:2:99">4</ptk:t>
                                                                                                                                                      </ptk:l>
                                                                                                                                                   </name>
                                                                                                                                                   <defaultValue/>
                                                                                                                                                   <garbage/>
                                                                                                                                                </TemplateParameter>
                                                                                                                                                <TemplateParameter location="قالب:Coord:2:106">
                                                                                                                                                   <ptk:a name="RTD">
                                                                                                                                                      <RtData>cQB+ARo=</RtData>
                                                                                                                                                   </ptk:a>
                                                                                                                                                   <name>
                                                                                                                                                      <ptk:l location="قالب:Coord:2:106">
                                                                                                                                                         <ptk:t location="قالب:Coord:2:106">8</ptk:t>
                                                                                                                                                      </ptk:l>
                                                                                                                                                   </name>
                                                                                                                                                   <defaultValue/>
                                                                                                                                                   <garbage/>
                                                                                                                                                </TemplateParameter>
                                                                                                                                             </ptk:l>
                                                                                                                                          </name>
                                                                                                                                          <args>
                                                                                                                                             <ptk:l location="قالب:Coord:2:110">
                                                                                                                                                <TemplateArgument location="قالب:Coord:2:111">
                                                                                                                                                   <ptk:a name="RTD">
                                                                                                                                                      <RtData>cQB+AR4=</RtData>
                                                                                                                                                   </ptk:a>
                                                                                                                                                   <hasName>false</hasName>
                                                                                                                                                   <name>
                                                                                                                                                      <ptk:l/>
                                                                                                                                                   </name>
                                                                                                                                                   <value>
                                                                                                                                                      <ptk:l location="قالب:Coord:2:111">
                                                                                                                                                         <ptk:t location="قالب:Coord:2:111">NE</ptk:t>
                                                                                                                                                      </ptk:l>
                                                                                                                                                   </value>
                                                                                                                                                </TemplateArgument>
                                                                                                                                                <TemplateArgument location="قالب:Coord:2:114">
                                                                                                                                                   <ptk:a name="RTD">
                                                                                                                                                      <RtData>cQB+ASI=</RtData>
                                                                                                                                                   </ptk:a>
                                                                                                                                                   <hasName>false</hasName>
                                                                                                                                                   <name>
                                                                                                                                                      <ptk:l/>
                                                                                                                                                   </name>
                                                                                                                                                   <value>
                                                                                                                                                      <ptk:l location="قالب:Coord:2:114">
                                                                                                                                                         <ptk:t location="قالب:Coord:2:114">NW</ptk:t>
                                                                                                                                                      </ptk:l>
                                                                                                                                                   </value>
                                                                                                                                                </TemplateArgument>
                                                                                                                                                <TemplateArgument location="قالب:Coord:2:117">
                                                                                                                                                   <ptk:a name="RTD">
                                                                                                                                                      <RtData>cQB+ASY=</RtData>
                                                                                                                                                   </ptk:a>
                                                                                                                                                   <hasName>false</hasName>
                                                                                                                                                   <name>
                                                                                                                                                      <ptk:l/>
                                                                                                                                                   </name>
                                                                                                                                                   <value>
                                                                                                                                                      <ptk:l location="قالب:Coord:2:117">
                                                                                                                                                         <ptk:t location="قالب:Coord:2:117">SE</ptk:t>
                                                                                                                                                      </ptk:l>
                                                                                                                                                   </value>
                                                                                                                                                </TemplateArgument>
                                                                                                                                                <TemplateArgument location="قالب:Coord:2:120">
                                                                                                                                                   <ptk:a name="RTD">
                                                                                                                                                      <RtData>cQB+ASo=</RtData>
                                                                                                                                                   </ptk:a>
                                                                                                                                                   <hasName>true</hasName>
                                                                                                                                                   <name>
                                                                                                                                                      <ptk:l location="قالب:Coord:2:120">
                                                                                                                                                         <ptk:t location="قالب:Coord:2:120">SW</ptk:t>
                                                                                                                                                      </ptk:l>
                                                                                                                                                   </name>
                                                                                                                                                   <value>
                                                                                                                                                      <ptk:l location="قالب:Coord:2:123">
                                                                                                                                                         <ptk:t location="قالب:Coord:2:123">y</ptk:t>
                                                                                                                                                      </ptk:l>
                                                                                                                                                   </value>
                                                                                                                                                </TemplateArgument>
                                                                                                                                             </ptk:l>
                                                                                                                                          </args>
                                                                                                                                       </Template>
                                                                                                                                    </ptk:l>
                                                                                                                                 </name>
                                                                                                                                 <args>
                                                                                                                                    <ptk:l location="قالب:Coord:2:126">
                                                                                                                                       <TemplateArgument location="قالب:Coord:2:127">
                                                                                                                                          <ptk:a name="RTD">
                                                                                                                                             <RtData>cQB+ATA=</RtData>
                                                                                                                                          </ptk:a>
                                                                                                                                          <hasName>false</hasName>
                                                                                                                                          <name>
                                                                                                                                             <ptk:l/>
                                                                                                                                          </name>
                                                                                                                                          <value>
                                                                                                                                             <ptk:l location="قالب:Coord:2:127">
                                                                                                                                                <ptk:t location="قالب:Coord:2:127">dms</ptk:t>
                                                                                                                                             </ptk:l>
                                                                                                                                          </value>
                                                                                                                                       </TemplateArgument>
                                                                                                                                       <TemplateArgument location="قالب:Coord:2:131">
                                                                                                                                          <ptk:a name="RTD">
                                                                                                                                             <RtData>cQB+ATQ=</RtData>
                                                                                                                                          </ptk:a>
                                                                                                                                          <hasName>false</hasName>
                                                                                                                                          <name>
                                                                                                                                             <ptk:l/>
                                                                                                                                          </name>
                                                                                                                                          <value>
                                                                                                                                             <ptk:l location="قالب:Coord:2:131">
                                                                                                                                                <Template location="قالب:Coord:2:133">
                                                                                                                                                   <ptk:a name="RTD">
                                                                                                                                                      <RtData>cQB+ATg=</RtData>
                                                                                                                                                   </ptk:a>
                                                                                                                                                   <name>
                                                                                                                                                      <ptk:l location="قالب:Coord:2:133">
                                                                                                                                                         <ptk:t location="قالب:Coord:2:133">#if:</ptk:t>
                                                                                                                                                         <Template location="قالب:Coord:2:139">
                                                                                                                                                            <ptk:a name="RTD">
                                                                                                                                                               <RtData>cQB+ATw=</RtData>
                                                                                                                                                            </ptk:a>
                                                                                                                                                            <name>
                                                                                                                                                               <ptk:l location="قالب:Coord:2:139">
                                                                                                                                                                  <ptk:t location="قالب:Coord:2:139">#switch:</ptk:t>
                                                                                                                                                                  <TemplateParameter location="قالب:Coord:2:150">
                                                                                                                                                                     <ptk:a name="RTD">
                                                                                                                                                                        <RtData>cQB+AUA=</RtData>
                                                                                                                                                                     </ptk:a>
                                                                                                                                                                     <name>
                                                                                                                                                                        <ptk:l location="قالب:Coord:2:150">
                                                                                                                                                                           <ptk:t location="قالب:Coord:2:150">3</ptk:t>
                                                                                                                                                                        </ptk:l>
                                                                                                                                                                     </name>
                                                                                                                                                                     <defaultValue/>
                                                                                                                                                                     <garbage/>
                                                                                                                                                                  </TemplateParameter>
                                                                                                                                                                  <TemplateParameter location="قالب:Coord:2:157">
                                                                                                                                                                     <ptk:a name="RTD">
                                                                                                                                                                        <RtData>cQB+AUQ=</RtData>
                                                                                                                                                                     </ptk:a>
                                                                                                                                                                     <name>
                                                                                                                                                                        <ptk:l location="قالب:Coord:2:157">
                                                                                                                                                                           <ptk:t location="قالب:Coord:2:157">6</ptk:t>
                                                                                                                                                                        </ptk:l>
                                                                                                                                                                     </name>
                                                                                                                                                                     <defaultValue/>
                                                                                                                                                                     <garbage/>
                                                                                                                                                                  </TemplateParameter>
                                                                                                                                                               </ptk:l>
                                                                                                                                                            </name>
                                                                                                                                                            <args>
                                                                                                                                                               <ptk:l location="قالب:Coord:2:161">
                                                                                                                                                                  <TemplateArgument location="قالب:Coord:2:162">
                                                                                                                                                                     <ptk:a name="RTD">
                                                                                                                                                                        <RtData>cQB+AUg=</RtData>
                                                                                                                                                                     </ptk:a>
                                                                                                                                                                     <hasName>false</hasName>
                                                                                                                                                                     <name>
                                                                                                                                                                        <ptk:l/>
                                                                                                                                                                     </name>
                                                                                                                                                                     <value>
                                                                                                                                                                        <ptk:l location="قالب:Coord:2:162">
                                                                                                                                                                           <ptk:t location="قالب:Coord:2:162">NE</ptk:t>
                                                                                                                                                                        </ptk:l>
                                                                                                                                                                     </value>
                                                                                                                                                                  </TemplateArgument>
                                                                                                                                                                  <TemplateArgument location="قالب:Coord:2:165">
                                                                                                                                                                     <ptk:a name="RTD">
                                                                                                                                                                        <RtData>cQB+AUw=</RtData>
                                                                                                                                                                     </ptk:a>
                                                                                                                                                                     <hasName>false</hasName>
                                                                                                                                                                     <name>
                                                                                                                                                                        <ptk:l/>
                                                                                                                                                                     </name>
                                                                                                                                                                     <value>
                                                                                                                                                                        <ptk:l location="قالب:Coord:2:165">
                                                                                                                                                                           <ptk:t location="قالب:Coord:2:165">NW</ptk:t>
                                                                                                                                                                        </ptk:l>
                                                                                                                                                                     </value>
                                                                                                                                                                  </TemplateArgument>
                                                                                                                                                                  <TemplateArgument location="قالب:Coord:2:168">
                                                                                                                                                                     <ptk:a name="RTD">
                                                                                                                                                                        <RtData>cQB+AVA=</RtData>
                                                                                                                                                                     </ptk:a>
                                                                                                                                                                     <hasName>false</hasName>
                                                                                                                                                                     <name>
                                                                                                                                                                        <ptk:l/>
                                                                                                                                                                     </name>
                                                                                                                                                                     <value>
                                                                                                                                                                        <ptk:l location="قالب:Coord:2:168">
                                                                                                                                                                           <ptk:t location="قالب:Coord:2:168">SE</ptk:t>
                                                                                                                                                                        </ptk:l>
                                                                                                                                                                     </value>
                                                                                                                                                                  </TemplateArgument>
                                                                                                                                                                  <TemplateArgument location="قالب:Coord:2:171">
                                                                                                                                                                     <ptk:a name="RTD">
                                                                                                                                                                        <RtData>cQB+AVQ=</RtData>
                                                                                                                                                                     </ptk:a>
                                                                                                                                                                     <hasName>true</hasName>
                                                                                                                                                                     <name>
                                                                                                                                                                        <ptk:l location="قالب:Coord:2:171">
                                                                                                                                                                           <ptk:t location="قالب:Coord:2:171">SW</ptk:t>
                                                                                                                                                                        </ptk:l>
                                                                                                                                                                     </name>
                                                                                                                                                                     <value>
                                                                                                                                                                        <ptk:l location="قالب:Coord:2:174">
                                                                                                                                                                           <ptk:t location="قالب:Coord:2:174">y</ptk:t>
                                                                                                                                                                        </ptk:l>
                                                                                                                                                                     </value>
                                                                                                                                                                  </TemplateArgument>
                                                                                                                                                               </ptk:l>
                                                                                                                                                            </args>
                                                                                                                                                         </Template>
                                                                                                                                                      </ptk:l>
                                                                                                                                                   </name>
                                                                                                                                                   <args>
                                                                                                                                                      <ptk:l location="قالب:Coord:2:177">
                                                                                                                                                         <TemplateArgument location="قالب:Coord:2:178">
                                                                                                                                                            <ptk:a name="RTD">
                                                                                                                                                               <RtData>cQB+AVo=</RtData>
                                                                                                                                                            </ptk:a>
                                                                                                                                                            <hasName>false</hasName>
                                                                                                                                                            <name>
                                                                                                                                                               <ptk:l/>
                                                                                                                                                            </name>
                                                                                                                                                            <value>
                                                                                                                                                               <ptk:l location="قالب:Coord:2:178">
                                                                                                                                                                  <ptk:t location="قالب:Coord:2:178">dm</ptk:t>
                                                                                                                                                               </ptk:l>
                                                                                                                                                            </value>
                                                                                                                                                         </TemplateArgument>
                                                                                                                                                         <TemplateArgument location="قالب:Coord:2:181">
                                                                                                                                                            <ptk:a name="RTD">
                                                                                                                                                               <RtData>cQB+AV4=</RtData>
                                                                                                                                                            </ptk:a>
                                                                                                                                                            <hasName>false</hasName>
                                                                                                                                                            <name>
                                                                                                                                                               <ptk:l/>
                                                                                                                                                            </name>
                                                                                                                                                            <value>
                                                                                                                                                               <ptk:l location="قالب:Coord:2:181">
                                                                                                                                                                  <Template location="قالب:Coord:2:183">
                                                                                                                                                                     <ptk:a name="RTD">
                                                                                                                                                                        <RtData>cQB+AWI=</RtData>
                                                                                                                                                                     </ptk:a>
                                                                                                                                                                     <name>
                                                                                                                                                                        <ptk:l location="قالب:Coord:2:183">
                                                                                                                                                                           <ptk:t location="قالب:Coord:2:183">#if:</ptk:t>
                                                                                                                                                                           <Template location="قالب:Coord:2:189">
                                                                                                                                                                              <ptk:a name="RTD">
                                                                                                                                                                                 <RtData>cQB+AWY=</RtData>
                                                                                                                                                                              </ptk:a>
                                                                                                                                                                              <name>
                                                                                                                                                                                 <ptk:l location="قالب:Coord:2:189">
                                                                                                                                                                                    <ptk:t location="قالب:Coord:2:189">#switch:</ptk:t>
                                                                                                                                                                                    <TemplateParameter location="قالب:Coord:2:200">
                                                                                                                                                                                       <ptk:a name="RTD">
                                                                                                                                                                                          <RtData>cQB+AWo=</RtData>
                                                                                                                                                                                       </ptk:a>
                                                                                                                                                                                       <name>
                                                                                                                                                                                          <ptk:l location="قالب:Coord:2:200">
                                                                                                                                                                                             <ptk:t location="قالب:Coord:2:200">2</ptk:t>
                                                                                                                                                                                          </ptk:l>
                                                                                                                                                                                       </name>
                                                                                                                                                                                       <defaultValue/>
                                                                                                                                                                                       <garbage/>
                                                                                                                                                                                    </TemplateParameter>
                                                                                                                                                                                    <TemplateParameter location="قالب:Coord:2:207">
                                                                                                                                                                                       <ptk:a name="RTD">
                                                                                                                                                                                          <RtData>cQB+AW4=</RtData>
                                                                                                                                                                                       </ptk:a>
                                                                                                                                                                                       <name>
                                                                                                                                                                                          <ptk:l location="قالب:Coord:2:207">
                                                                                                                                                                                             <ptk:t location="قالب:Coord:2:207">4</ptk:t>
                                                                                                                                                                                          </ptk:l>
                                                                                                                                                                                       </name>
                                                                                                                                                                                       <defaultValue/>
                                                                                                                                                                                       <garbage/>
                                                                                                                                                                                    </TemplateParameter>
                                                                                                                                                                                 </ptk:l>
                                                                                                                                                                              </name>
                                                                                                                                                                              <args>
                                                                                                                                                                                 <ptk:l location="قالب:Coord:2:211">
                                                                                                                                                                                    <TemplateArgument location="قالب:Coord:2:212">
                                                                                                                                                                                       <ptk:a name="RTD">
                                                                                                                                                                                          <RtData>cQB+AXI=</RtData>
                                                                                                                                                                                       </ptk:a>
                                                                                                                                                                                       <hasName>false</hasName>
                                                                                                                                                                                       <name>
                                                                                                                                                                                          <ptk:l/>
                                                                                                                                                                                       </name>
                                                                                                                                                                                       <value>
                                                                                                                                                                                          <ptk:l location="قالب:Coord:2:212">
                                                                                                                                                                                             <ptk:t location="قالب:Coord:2:212">NE</ptk:t>
                                                                                                                                                                                          </ptk:l>
                                                                                                                                                                                       </value>
                                                                                                                                                                                    </TemplateArgument>
                                                                                                                                                                                    <TemplateArgument location="قالب:Coord:2:215">
                                                                                                                                                                                       <ptk:a name="RTD">
                                                                                                                                                                                          <RtData>cQB+AXY=</RtData>
                                                                                                                                                                                       </ptk:a>
                                                                                                                                                                                       <hasName>false</hasName>
                                                                                                                                                                                       <name>
                                                                                                                                                                                          <ptk:l/>
                                                                                                                                                                                       </name>
                                                                                                                                                                                       <value>
                                                                                                                                                                                          <ptk:l location="قالب:Coord:2:215">
                                                                                                                                                                                             <ptk:t location="قالب:Coord:2:215">NW</ptk:t>
                                                                                                                                                                                          </ptk:l>
                                                                                                                                                                                       </value>
                                                                                                                                                                                    </TemplateArgument>
                                                                                                                                                                                    <TemplateArgument location="قالب:Coord:2:218">
                                                                                                                                                                                       <ptk:a name="RTD">
                                                                                                                                                                                          <RtData>cQB+AXo=</RtData>
                                                                                                                                                                                       </ptk:a>
                                                                                                                                                                                       <hasName>false</hasName>
                                                                                                                                                                                       <name>
                                                                                                                                                                                          <ptk:l/>
                                                                                                                                                                                       </name>
                                                                                                                                                                                       <value>
                                                                                                                                                                                          <ptk:l location="قالب:Coord:2:218">
                                                                                                                                                                                             <ptk:t location="قالب:Coord:2:218">SE</ptk:t>
                                                                                                                                                                                          </ptk:l>
                                                                                                                                                                                       </value>
                                                                                                                                                                                    </TemplateArgument>
                                                                                                                                                                                    <TemplateArgument location="قالب:Coord:2:221">
                                                                                                                                                                                       <ptk:a name="RTD">
                                                                                                                                                                                          <RtData>cQB+AX4=</RtData>
                                                                                                                                                                                       </ptk:a>
                                                                                                                                                                                       <hasName>true</hasName>
                                                                                                                                                                                       <name>
                                                                                                                                                                                          <ptk:l location="قالب:Coord:2:221">
                                                                                                                                                                                             <ptk:t location="قالب:Coord:2:221">SW</ptk:t>
                                                                                                                                                                                          </ptk:l>
                                                                                                                                                                                       </name>
                                                                                                                                                                                       <value>
                                                                                                                                                                                          <ptk:l location="قالب:Coord:2:224">
                                                                                                                                                                                             <ptk:t location="قالب:Coord:2:224">y</ptk:t>
                                                                                                                                                                                          </ptk:l>
                                                                                                                                                                                       </value>
                                                                                                                                                                                    </TemplateArgument>
                                                                                                                                                                                 </ptk:l>
                                                                                                                                                                              </args>
                                                                                                                                                                           </Template>
                                                                                                                                                                        </ptk:l>
                                                                                                                                                                     </name>
                                                                                                                                                                     <args>
                                                                                                                                                                        <ptk:l location="قالب:Coord:2:227">
                                                                                                                                                                           <TemplateArgument location="قالب:Coord:2:228">
                                                                                                                                                                              <ptk:a name="RTD">
                                                                                                                                                                                 <RtData>cQB+AYQ=</RtData>
                                                                                                                                                                              </ptk:a>
                                                                                                                                                                              <hasName>false</hasName>
                                                                                                                                                                              <name>
                                                                                                                                                                                 <ptk:l/>
                                                                                                                                                                              </name>
                                                                                                                                                                              <value>
                                                                                                                                                                                 <ptk:l location="قالب:Coord:2:228">
                                                                                                                                                                                    <ptk:t location="قالب:Coord:2:228">d</ptk:t>
                                                                                                                                                                                 </ptk:l>
                                                                                                                                                                              </value>
                                                                                                                                                                           </TemplateArgument>
                                                                                                                                                                           <TemplateArgument location="قالب:Coord:2:230">
                                                                                                                                                                              <ptk:a name="RTD">
                                                                                                                                                                                 <RtData>cQB+AYg=</RtData>
                                                                                                                                                                              </ptk:a>
                                                                                                                                                                              <hasName>false</hasName>
                                                                                                                                                                              <name>
                                                                                                                                                                                 <ptk:l/>
                                                                                                                                                                              </name>
                                                                                                                                                                              <value>
                                                                                                                                                                                 <ptk:l location="قالب:Coord:2:230">
                                                                                                                                                                                    <ptk:t location="قالب:Coord:2:230">ERROR</ptk:t>
                                                                                                                                                                                 </ptk:l>
                                                                                                                                                                              </value>
                                                                                                                                                                           </TemplateArgument>
                                                                                                                                                                        </ptk:l>
                                                                                                                                                                     </args>
                                                                                                                                                                  </Template>
                                                                                                                                                               </ptk:l>
                                                                                                                                                            </value>
                                                                                                                                                         </TemplateArgument>
                                                                                                                                                      </ptk:l>
                                                                                                                                                   </args>
                                                                                                                                                </Template>
                                                                                                                                             </ptk:l>
                                                                                                                                          </value>
                                                                                                                                       </TemplateArgument>
                                                                                                                                    </ptk:l>
                                                                                                                                 </args>
                                                                                                                              </Template>
                                                                                                                           </ptk:l>
                                                                                                                        </value>
                                                                                                                     </TemplateArgument>
                                                                                                                  </ptk:l>
                                                                                                               </args>
                                                                                                            </Template>
                                                                                                         </ptk:l>
                                                                                                      </value>
                                                                                                   </TemplateArgument>
                                                                                                </ptk:l>
                                                                                             </args>
                                                                                          </Template>
                                                                                          <ptk:t location="قالب:Coord:2:245">
</ptk:t>
                                                                                       </ptk:l>
                                                                                    </name>
                                                                                    <args>
                                                                                       <ptk:l location="قالب:Coord:3:1">
                                                                                          <TemplateArgument location="قالب:Coord:3:2">
                                                                                             <ptk:a name="RTD">
                                                                                                <RtData>c3EAfgAAdXEAfgADAAAAA3VxAH4ABQAAAAF0AAF8dXEAfgAFAAAAAXQAAT1w</RtData>
                                                                                             </ptk:a>
                                                                                             <hasName>true</hasName>
                                                                                             <name>
                                                                                                <ptk:l location="قالب:Coord:3:2">
                                                                                                   <ptk:t location="قالب:Coord:3:2">1</ptk:t>
                                                                                                </ptk:l>
                                                                                             </name>
                                                                                             <value>
                                                                                                <ptk:l location="قالب:Coord:3:4">
                                                                                                   <ptk:t location="Target:12:7">04</ptk:t>
                                                                                                   <ptk:t location="قالب:Coord:3:12">
</ptk:t>
                                                                                                </ptk:l>
                                                                                             </value>
                                                                                          </TemplateArgument>
                                                                                          <TemplateArgument location="قالب:Coord:4:2">
                                                                                             <ptk:a name="RTD">
                                                                                                <RtData>c3EAfgAAdXEAfgADAAAAA3VxAH4ABQAAAAF0AAF8dXEAfgAFAAAAAXQAAT1w</RtData>
                                                                                             </ptk:a>
                                                                                             <hasName>true</hasName>
                                                                                             <name>
                                                                                                <ptk:l location="قالب:Coord:4:2">
                                                                                                   <ptk:t location="قالب:Coord:4:2">2</ptk:t>
                                                                                                </ptk:l>
                                                                                             </name>
                                                                                             <value>
                                                                                                <ptk:l location="قالب:Coord:4:4">
                                                                                                   <ptk:t location="Target:12:15">51</ptk:t>
                                                                                                   <ptk:t location="قالب:Coord:4:12">
</ptk:t>
                                                                                                </ptk:l>
                                                                                             </value>
                                                                                          </TemplateArgument>
                                                                                          <TemplateArgument location="قالب:Coord:5:2">
                                                                                             <ptk:a name="RTD">
                                                                                                <RtData>c3EAfgAAdXEAfgADAAAAA3VxAH4ABQAAAAF0AAF8dXEAfgAFAAAAAXQAAT1w</RtData>
                                                                                             </ptk:a>
                                                                                             <hasName>true</hasName>
                                                                                             <name>
                                                                                                <ptk:l location="قالب:Coord:5:2">
                                                                                                   <ptk:t location="قالب:Coord:5:2">3</ptk:t>
                                                                                                </ptk:l>
                                                                                             </name>
                                                                                             <value>
                                                                                                <ptk:l location="قالب:Coord:5:4">
                                                                                                   <ptk:t location="Target:12:24">N</ptk:t>
                                                                                                   <ptk:t location="قالب:Coord:5:12">
</ptk:t>
                                                                                                </ptk:l>
                                                                                             </value>
                                                                                          </TemplateArgument>
                                                                                          <TemplateArgument location="قالب:Coord:6:2">
                                                                                             <ptk:a name="RTD">
                                                                                                <RtData>c3EAfgAAdXEAfgADAAAAA3VxAH4ABQAAAAF0AAF8dXEAfgAFAAAAAXQAAT1w</RtData>
                                                                                             </ptk:a>
                                                                                             <hasName>true</hasName>
                                                                                             <name>
                                                                                                <ptk:l location="قالب:Coord:6:2">
                                                                                                   <ptk:t location="قالب:Coord:6:2">4</ptk:t>
                                                                                                </ptk:l>
                                                                                             </name>
                                                                                             <value>
                                                                                                <ptk:l location="قالب:Coord:6:4">
                                                                                                   <ptk:t location="Target:12:32">31</ptk:t>
                                                                                                   <XmlComment location="قالب:Infobox country:216:86">
                                                                                                      <ptk:a name="RTD">
                                                                                                         <RtData>c3EAfgAAdXEAfgADAAAAAXVxAH4ABQAAAAF0ACs8IS0tCiAgICAgICAgICAgICAgICAgICAgICAgICAgICAgICAgICAgLS0+</RtData>
                                                                                                      </ptk:a>
                                                                                                      <content>
                                   </content>
                                                                                                   </XmlComment>
                                                                                                   <ptk:t location="قالب:Coord:6:12">
</ptk:t>
                                                                                                </ptk:l>
                                                                                             </value>
                                                                                          </TemplateArgument>
                                                                                          <TemplateArgument location="قالب:Coord:7:2">
                                                                                             <ptk:a name="RTD">
                                                                                                <RtData>c3EAfgAAdXEAfgADAAAAA3VxAH4ABQAAAAF0AAF8dXEAfgAFAAAAAXQAAT1w</RtData>
                                                                                             </ptk:a>
                                                                                             <hasName>true</hasName>
                                                                                             <name>
                                                                                                <ptk:l location="قالب:Coord:7:2">
                                                                                                   <ptk:t location="قالب:Coord:7:2">5</ptk:t>
                                                                                                </ptk:l>
                                                                                             </name>
                                                                                             <value>
                                                                                                <ptk:l location="قالب:Coord:7:4">
                                                                                                   <ptk:t location="Target:12:41">36</ptk:t>
                                                                                                   <ptk:t location="قالب:Coord:7:12">
</ptk:t>
                                                                                                </ptk:l>
                                                                                             </value>
                                                                                          </TemplateArgument>
                                                                                          <TemplateArgument location="قالب:Coord:8:2">
                                                                                             <ptk:a name="RTD">
                                                                                                <RtData>c3EAfgAAdXEAfgADAAAAA3VxAH4ABQAAAAF0AAF8dXEAfgAFAAAAAXQAAT1w</RtData>
                                                                                             </ptk:a>
                                                                                             <hasName>true</hasName>
                                                                                             <name>
                                                                                                <ptk:l location="قالب:Coord:8:2">
                                                                                                   <ptk:t location="قالب:Coord:8:2">6</ptk:t>
                                                                                                </ptk:l>
                                                                                             </name>
                                                                                             <value>
                                                                                                <ptk:l location="قالب:Coord:8:4">
                                                                                                   <ptk:t location="Target:12:51">E
</ptk:t>
                                                                                                   <ptk:t location="قالب:Coord:8:12">
</ptk:t>
                                                                                                </ptk:l>
                                                                                             </value>
                                                                                          </TemplateArgument>
                                                                                          <TemplateArgument location="قالب:Coord:9:2">
                                                                                             <ptk:a name="RTD">
                                                                                                <RtData>c3EAfgAAdXEAfgADAAAAA3VxAH4ABQAAAAF0AAF8dXEAfgAFAAAAAXQAAT1w</RtData>
                                                                                             </ptk:a>
                                                                                             <hasName>true</hasName>
                                                                                             <name>
                                                                                                <ptk:l location="قالب:Coord:9:2">
                                                                                                   <ptk:t location="قالب:Coord:9:2">7</ptk:t>
                                                                                                </ptk:l>
                                                                                             </name>
                                                                                             <value>
                                                                                                <ptk:l location="قالب:Coord:9:4">
                                                                                                   <ptk:t location="قالب:Infobox country:217:65">type:country</ptk:t>
                                                                                                   <XmlComment location="قالب:Infobox country:217:81">
                                                                                                      <ptk:a name="RTD">
                                                                                                         <RtData>c3EAfgAAdXEAfgADAAAAAXVxAH4ABQAAAAF0ACE8IS0tCiAgICAgICAgICAgICAgICAgICAgICAgICAtLT4=</RtData>
                                                                                                      </ptk:a>
                                                                                                      <content>
                         </content>
                                                                                                   </XmlComment>
                                                                                                   <ptk:t location="قالب:Coord:9:12">
</ptk:t>
                                                                                                </ptk:l>
                                                                                             </value>
                                                                                          </TemplateArgument>
                                                                                          <TemplateArgument location="قالب:Coord:10:2">
                                                                                             <ptk:a name="RTD">
                                                                                                <RtData>c3EAfgAAdXEAfgADAAAAA3VxAH4ABQAAAAF0AAF8dXEAfgAFAAAAAXQAAT1w</RtData>
                                                                                             </ptk:a>
                                                                                             <hasName>true</hasName>
                                                                                             <name>
                                                                                                <ptk:l location="قالب:Coord:10:2">
                                                                                                   <ptk:t location="قالب:Coord:10:2">8</ptk:t>
                                                                                                </ptk:l>
                                                                                             </name>
                                                                                             <value>
                                                                                                <ptk:l location="قالب:Coord:10:4">
                                                                                                   <ptk:t location="قالب:Coord:10:12">
</ptk:t>
                                                                                                </ptk:l>
                                                                                             </value>
                                                                                          </TemplateArgument>
                                                                                          <TemplateArgument location="قالب:Coord:11:2">
                                                                                             <ptk:a name="RTD">
                                                                                                <RtData>c3EAfgAAdXEAfgADAAAAA3VxAH4ABQAAAAF0AAF8dXEAfgAFAAAAAXQAAT1w</RtData>
                                                                                             </ptk:a>
                                                                                             <hasName>true</hasName>
                                                                                             <name>
                                                                                                <ptk:l location="قالب:Coord:11:2">
                                                                                                   <ptk:t location="قالب:Coord:11:2">9</ptk:t>
                                                                                                </ptk:l>
                                                                                             </name>
                                                                                             <value>
                                                                                                <ptk:l location="قالب:Coord:11:4">
                                                                                                   <ptk:t location="قالب:Coord:11:12">
</ptk:t>
                                                                                                </ptk:l>
                                                                                             </value>
                                                                                          </TemplateArgument>
                                                                                          <TemplateArgument location="قالب:Coord:12:2">
                                                                                             <ptk:a name="RTD">
                                                                                                <RtData>c3EAfgAAdXEAfgADAAAAA3VxAH4ABQAAAAF0AAF8dXEAfgAFAAAAAXQAAT1w</RtData>
                                                                                             </ptk:a>
                                                                                             <hasName>true</hasName>
                                                                                             <name>
                                                                                                <ptk:l location="قالب:Coord:12:2">
                                                                                                   <ptk:t location="قالب:Coord:12:2">10</ptk:t>
                                                                                                </ptk:l>
                                                                                             </name>
                                                                                             <value>
                                                                                                <ptk:l location="قالب:Coord:12:5">
                                                                                                   <ptk:t location="قالب:Coord:12:14">
</ptk:t>
                                                                                                </ptk:l>
                                                                                             </value>
                                                                                          </TemplateArgument>
                                                                                          <TemplateArgument location="قالب:Coord:13:2">
                                                                                             <ptk:a name="RTD">
                                                                                                <RtData>c3EAfgAAdXEAfgADAAAAA3VxAH4ABQAAAAF0AAF8dXEAfgAFAAAAAXQAAT1w</RtData>
                                                                                             </ptk:a>
                                                                                             <hasName>true</hasName>
                                                                                             <name>
                                                                                                <ptk:l location="قالب:Coord:13:2">
                                                                                                   <ptk:t location="قالب:Coord:13:2">format</ptk:t>
                                                                                                </ptk:l>
                                                                                             </name>
                                                                                             <value>
                                                                                                <ptk:l location="قالب:Coord:13:9">
                                                                                                   <ptk:t location="قالب:Coord:13:22">
</ptk:t>
                                                                                                </ptk:l>
                                                                                             </value>
                                                                                          </TemplateArgument>
                                                                                          <TemplateArgument location="قالب:Coord:14:2">
                                                                                             <ptk:a name="RTD">
                                                                                                <RtData>c3EAfgAAdXEAfgADAAAAA3VxAH4ABQAAAAF0AAF8dXEAfgAFAAAAAXQAAT1w</RtData>
                                                                                             </ptk:a>
                                                                                             <hasName>true</hasName>
                                                                                             <name>
                                                                                                <ptk:l location="قالب:Coord:14:2">
                                                                                                   <ptk:t location="قالب:Coord:14:2">name</ptk:t>
                                                                                                </ptk:l>
                                                                                             </name>
                                                                                             <value>
                                                                                                <ptk:l location="قالب:Coord:14:7">
                                                                                                   <ptk:t location="قالب:Coord:14:18">
</ptk:t>
                                                                                                </ptk:l>
                                                                                             </value>
                                                                                          </TemplateArgument>
                                                                                       </ptk:l>
                                                                                    </args>
                                                                                 </Template>
                                                                              </ptk:l>
                                                                           </value>
                                                                        </TemplateArgument>
                                                                     </ptk:l>
                                                                  </args>
                                                               </Template>
                                                            </ptk:l>
                                                         </body>
                                                      </XmlElement>
                                                   </ptk:l>
                                                </body>
                                             </XmlElement>
                                             <Whitespace>
                                                <hasNewline>true</hasNewline>
                                                <content>
                                                   <ptk:l>
                                                      <ptk:t>
</ptk:t>
                                                   </ptk:l>
                                                </content>
                                             </Whitespace>
                                             <ptk:t location="Target:31:1">                     </ptk:t>
                                          </ptk:l>
                                       </body>
                                    </XmlElement>
                                 </ptk:l>
                              </body>
                           </XmlElement>
                           <XmlElement>
                              <ptk:a name="RTD">
                                 <RtData>c3EAfgAAdXEAfgADAAAAA3VxAH4ABQAAAAF0AAM8dHJ1cQB+AAUAAAABdAABPnVxAH4ABQAAAAF0AAU8L3RyPg==</RtData>
                              </ptk:a>
                              <name>tr</name>
                              <empty>false</empty>
                              <xmlAttributes>
                                 <ptk:l location="Target:31:35"/>
                              </xmlAttributes>
                              <body>
                                 <ptk:l>
                                    <Whitespace>
                                       <hasNewline>true</hasNewline>
                                       <content>
                                          <ptk:l>
                                             <ptk:t>
</ptk:t>
                                          </ptk:l>
                                       </content>
                                    </Whitespace>
                                    <ptk:t location="Target:32:1">          </ptk:t>
                                    <XmlElement>
                                       <ptk:a name="RTD">
                                          <RtData>c3EAfgAAdXEAfgADAAAAA3VxAH4ABQAAAAF0AAM8dGh1cQB+AAUAAAABdAABPnVxAH4ABQAAAAF0AAU8L3RoPg==</RtData>
                                       </ptk:a>
                                       <name>th</name>
                                       <empty>false</empty>
                                       <xmlAttributes>
                                          <ptk:l location="Target:32:14">
                                             <XmlAttribute location="Target:32:14">
                                                <ptk:a name="RTD">
                                                   <RtData>c3EAfgAAdXEAfgADAAAAAnVxAH4ABQAAAAF0AAogY29sc3Bhbj0idXEAfgAFAAAAAXQAASI=</RtData>
                                                </ptk:a>
                                                <name>colspan</name>
                                                <hasValue>true</hasValue>
                                                <value>
                                                   <ptk:l location="Target:32:24">
                                                      <ptk:t location="Target:32:24">2</ptk:t>
                                                   </ptk:l>
                                                </value>
                                             </XmlAttribute>
                                             <XmlAttribute location="Target:32:26">
                                                <ptk:a name="RTD">
                                                   <RtData>c3EAfgAAdXEAfgADAAAAAnVxAH4ABQAAAAF0AAggc3R5bGU9InVxAH4ABQAAAAF0AAEi</RtData>
                                                </ptk:a>
                                                <name>style</name>
                                                <hasValue>true</hasValue>
                                                <value>
                                                   <ptk:l location="Target:32:34">
                                                      <ptk:t location="Target:32:34">vertical-align:middle; white-space:nowrap;</ptk:t>
                                                   </ptk:l>
                                                </value>
                                             </XmlAttribute>
                                          </ptk:l>
                                       </xmlAttributes>
                                       <body>
                                          <ptk:l>
                                             <InternalLink location="Target:32:80">
                                                <ptk:a name="RTD">
                                                   <RtData>c3EAfgAAdXEAfgADAAAAAnVxAH4ABQAAAAF0ABRbW9mE2LrZhyAg2LHYs9mF2YrZh3VxAH4ABQAAAAF0AAJdXQ==</RtData>
                                                </ptk:a>
                                                <target>لغه  رسميه</target>
                                                <prefix/>
                                                <postfix/>
                                                <title>
                                                   <LinkTitle>
                                                      <content>
                                                         <ptk:l/>
                                                      </content>
                                                   </LinkTitle>
                                                </title>
                                             </InternalLink>
                                          </ptk:l>
                                       </body>
                                    </XmlElement>
                                    <Whitespace>
                                       <hasNewline>true</hasNewline>
                                       <content>
                                          <ptk:l>
                                             <ptk:t>
</ptk:t>
                                          </ptk:l>
                                       </content>
                                    </Whitespace>
                                    <ptk:t location="Target:33:1">          </ptk:t>
                                    <XmlElement>
                                       <ptk:a name="RTD">
                                          <RtData>c3EAfgAAdXEAfgADAAAAA3VxAH4ABQAAAAF0AAM8dGR1cQB+AAUAAAABdAABPnVxAH4ABQAAAAF0AAU8L3RkPg==</RtData>
                                       </ptk:a>
                                       <name>td</name>
                                       <empty>false</empty>
                                       <xmlAttributes>
                                          <ptk:l location="Target:33:14"/>
                                       </xmlAttributes>
                                       <body>
                                          <ptk:l>
                                             <ptk:t location="Target:33:15"> </ptk:t>
                                             <InternalLink location="Target:33:18">
                                                <ptk:a name="RTD">
                                                   <RtData>c3EAfgAAdXEAfgADAAAAAnVxAH4ABQAAAAF0ABBbW9in2YbYrNmE2YrYstmJdXEAfgAFAAAAAXQAAl1d</RtData>
                                                </ptk:a>
                                                <target>انجليزى</target>
                                                <prefix/>
                                                <postfix/>
                                                <title>
                                                   <LinkTitle>
                                                      <content>
                                                         <ptk:l/>
                                                      </content>
                                                   </LinkTitle>
                                                </title>
                                             </InternalLink>
                                             <Whitespace>
                                                <hasNewline>true</hasNewline>
                                                <content>
                                                   <ptk:l>
                                                      <ptk:t>
</ptk:t>
                                                   </ptk:l>
                                                </content>
                                             </Whitespace>
                                          </ptk:l>
                                       </body>
                                    </XmlElement>
                                    <Whitespace>
                                       <hasNewline>true</hasNewline>
                                       <content>
                                          <ptk:l>
                                             <ptk:t>
</ptk:t>
                                          </ptk:l>
                                       </content>
                                    </Whitespace>
                                    <ptk:t location="Target:35:1">        </ptk:t>
                                 </ptk:l>
                              </body>
                           </XmlElement>
                           <XmlElement>
                              <ptk:a name="RTD">
                                 <RtData>c3EAfgAAdXEAfgADAAAAA3VxAH4ABQAAAAF0AAM8dHJ1cQB+AAUAAAABdAABPnVxAH4ABQAAAAF0AAU8L3RyPg==</RtData>
                              </ptk:a>
                              <name>tr</name>
                              <empty>false</empty>
                              <xmlAttributes>
                                 <ptk:l location="Target:35:17">
                                    <XmlAttribute location="Target:35:17">
                                       <ptk:a name="RTD">
                                          <RtData>c3EAfgAAdXEAfgADAAAAAnVxAH4ABQAAAAF0AAggY2xhc3M9InVxAH4ABQAAAAF0AAEi</RtData>
                                       </ptk:a>
                                       <name>class</name>
                                       <hasValue>true</hasValue>
                                       <value>
                                          <ptk:l location="Target:35:25">
                                             <ptk:t location="Target:35:25">mergedbottomrow</ptk:t>
                                          </ptk:l>
                                       </value>
                                    </XmlAttribute>
                                 </ptk:l>
                              </xmlAttributes>
                              <body>
                                 <ptk:l>
                                    <Whitespace>
                                       <hasNewline>true</hasNewline>
                                       <content>
                                          <ptk:l>
                                             <ptk:t>
</ptk:t>
                                          </ptk:l>
                                       </content>
                                    </Whitespace>
                                    <ptk:t location="Target:36:1">               </ptk:t>
                                    <XmlElement>
                                       <ptk:a name="RTD">
                                          <RtData>c3EAfgAAdXEAfgADAAAAA3VxAH4ABQAAAAF0AAM8dGR1cQB+AAUAAAABdAABPnVxAH4ABQAAAAF0AAU8L3RkPg==</RtData>
                                       </ptk:a>
                                       <name>td</name>
                                       <empty>false</empty>
                                       <xmlAttributes>
                                          <ptk:l location="Target:36:19">
                                             <XmlAttribute location="Target:36:19">
                                                <ptk:a name="RTD">
                                                   <RtData>c3EAfgAAdXEAfgADAAAAAnVxAH4ABQAAAAF0AAogY29sc3Bhbj0idXEAfgAFAAAAAXQAASI=</RtData>
                                                </ptk:a>
                                                <name>colspan</name>
                                                <hasValue>true</hasValue>
                                                <value>
                                                   <ptk:l location="Target:36:29">
                                                      <ptk:t location="Target:36:29">2</ptk:t>
                                                   </ptk:l>
                                                </value>
                                             </XmlAttribute>
                                          </ptk:l>
                                       </xmlAttributes>
                                       <body>
                                          <ptk:l>
                                             <InternalLink location="Target:36:34">
                                                <ptk:a name="RTD">
                                                   <RtData>c3EAfgAAdXEAfgADAAAAAnVxAH4ABQAAAAF0ABNbW9mE2LrZhyDZhdit2YTZitmHdXEAfgAFAAAAAXQAAl1d</RtData>
                                                </ptk:a>
                                                <target>لغه محليه</target>
                                                <prefix/>
                                                <postfix/>
                                                <title>
                                                   <LinkTitle location="Target:36:43">
                                                      <ptk:a name="RTD">
                                                         <RtData>c3EAfgAAdXEAfgADAAAAAnVxAH4ABQAAAAF0AAF8cA==</RtData>
                                                      </ptk:a>
                                                      <content>
                                                         <ptk:l>
                                                            <ptk:t location="Target:36:44">لغات محليه</ptk:t>
                                                            <XmlEntityRef location="Target:36:55">
                                                               <ptk:a name="RTD">
                                                                  <RtData>c3EAfgAAdXEAfgADAAAAAXVxAH4ABQAAAAF0AAYmbmJzcDs=</RtData>
                                                               </ptk:a>
                                                               <name>nbsp</name>
                                                            </XmlEntityRef>
                                                            <ptk:t location="Target:36:60">معترف بيها</ptk:t>
                                                         </ptk:l>
                                                      </content>
                                                   </LinkTitle>
                                                </title>
                                             </InternalLink>
                                          </ptk:l>
                                       </body>
                                    </XmlElement>
                                    <Whitespace>
                                       <hasNewline>true</hasNewline>
                                       <content>
                                          <ptk:l>
                                             <ptk:t>
</ptk:t>
                                          </ptk:l>
                                       </content>
                                    </Whitespace>
                                    <ptk:t location="Target:37:1">               </ptk:t>
                                    <XmlElement>
                                       <ptk:a name="RTD">
                                          <RtData>c3EAfgAAdXEAfgADAAAAA3VxAH4ABQAAAAF0AAM8dGR1cQB+AAUAAAABdAABPnVxAH4ABQAAAAF0AAU8L3RkPg==</RtData>
                                       </ptk:a>
                                       <name>td</name>
                                       <empty>false</empty>
                                       <xmlAttributes>
                                          <ptk:l location="Target:37:19">
                                             <XmlAttribute location="Target:37:19">
                                                <ptk:a name="RTD">
                                                   <RtData>c3EAfgAAdXEAfgADAAAAAnVxAH4ABQAAAAF0AAggc3R5bGU9InVxAH4ABQAAAAF0AAEi</RtData>
                                                </ptk:a>
                                                <name>style</name>
                                                <hasValue>true</hasValue>
                                                <value>
                                                   <ptk:l location="Target:37:27">
                                                      <ptk:t location="Target:37:27">vertical-align:middle;</ptk:t>
                                                   </ptk:l>
                                                </value>
                                             </XmlAttribute>
                                          </ptk:l>
                                       </xmlAttributes>
                                       <body>
                                          <ptk:l>
                                             <ptk:t location="Target:37:51"> </ptk:t>
                                             <InternalLink location="Target:37:54">
                                                <ptk:a name="RTD">
                                                   <RtData>c3EAfgAAdXEAfgADAAAAAnVxAH4ABQAAAAF0ABNbW9i52LHYqNmJINqG2YjYqNmJdXEAfgAFAAAAAXQAAl1d</RtData>
                                                </ptk:a>
                                                <target>عربى چوبى</target>
                                                <prefix/>
                                                <postfix/>
                                                <title>
                                                   <LinkTitle>
                                                      <content>
                                                         <ptk:l/>
                                                      </content>
                                                   </LinkTitle>
                                                </title>
                                             </InternalLink>
                                             <ptk:t location="Target:37:65"> is lingua franca around Juba. </ptk:t>
                                             <InternalLink location="Target:37:98">
                                                <ptk:a name="RTD">
                                                   <RtData>c3EAfgAAdXEAfgADAAAAAnVxAH4ABQAAAAF0ABBbW0RpbmthIGxhbmd1YWdldXEAfgAFAAAAAXQAAl1d</RtData>
                                                </ptk:a>
                                                <target>Dinka language</target>
                                                <prefix/>
                                                <postfix/>
                                                <title>
                                                   <LinkTitle location="Target:37:112">
                                                      <ptk:a name="RTD">
                                                         <RtData>c3EAfgAAdXEAfgADAAAAAnVxAH4ABQAAAAF0AAF8cA==</RtData>
                                                      </ptk:a>
                                                      <content>
                                                         <ptk:l>
                                                            <ptk:t location="Target:37:113">Dinka</ptk:t>
                                                         </ptk:l>
                                                      </content>
                                                   </LinkTitle>
                                                </title>
                                             </InternalLink>
                                             <ptk:t location="Target:37:120"> 2–3 million; other major languages are </ptk:t>
                                             <InternalLink location="Target:37:162">
                                                <ptk:a name="RTD">
                                                   <RtData>c3EAfgAAdXEAfgADAAAAAnVxAH4ABQAAAAF0AA9bW051ZXIgbGFuZ3VhZ2V1cQB+AAUAAAABdAACXV0=</RtData>
                                                </ptk:a>
                                                <target>Nuer language</target>
                                                <prefix/>
                                                <postfix/>
                                                <title>
                                                   <LinkTitle location="Target:37:175">
                                                      <ptk:a name="RTD">
                                                         <RtData>c3EAfgAAdXEAfgADAAAAAnVxAH4ABQAAAAF0AAF8cA==</RtData>
                                                      </ptk:a>
                                                      <content>
                                                         <ptk:l>
                                                            <ptk:t location="Target:37:176">Nuer</ptk:t>
                                                         </ptk:l>
                                                      </content>
                                                   </LinkTitle>
                                                </title>
                                             </InternalLink>
                                             <ptk:t location="Target:37:182">, </ptk:t>
                                             <InternalLink location="Target:37:186">
                                                <ptk:a name="RTD">
                                                   <RtData>c3EAfgAAdXEAfgADAAAAAnVxAH4ABQAAAAF0ABBbW1phbmRlIGxhbmd1YWdldXEAfgAFAAAAAXQAAl1d</RtData>
                                                </ptk:a>
                                                <target>Zande language</target>
                                                <prefix/>
                                                <postfix/>
                                                <title>
                                                   <LinkTitle location="Target:37:200">
                                                      <ptk:a name="RTD">
                                                         <RtData>c3EAfgAAdXEAfgADAAAAAnVxAH4ABQAAAAF0AAF8cA==</RtData>
                                                      </ptk:a>
                                                      <content>
                                                         <ptk:l>
                                                            <ptk:t location="Target:37:201">Zande</ptk:t>
                                                         </ptk:l>
                                                      </content>
                                                   </LinkTitle>
                                                </title>
                                             </InternalLink>
                                             <ptk:t location="Target:37:208">, </ptk:t>
                                             <InternalLink location="Target:37:212">
                                                <ptk:a name="RTD">
                                                   <RtData>c3EAfgAAdXEAfgADAAAAAnVxAH4ABQAAAAF0AA9bW0JhcmkgbGFuZ3VhZ2V1cQB+AAUAAAABdAACXV0=</RtData>
                                                </ptk:a>
                                                <target>Bari language</target>
                                                <prefix/>
                                                <postfix/>
                                                <title>
                                                   <LinkTitle location="Target:37:225">
                                                      <ptk:a name="RTD">
                                                         <RtData>c3EAfgAAdXEAfgADAAAAAnVxAH4ABQAAAAF0AAF8cA==</RtData>
                                                      </ptk:a>
                                                      <content>
                                                         <ptk:l>
                                                            <ptk:t location="Target:37:226">Bari</ptk:t>
                                                         </ptk:l>
                                                      </content>
                                                   </LinkTitle>
                                                </title>
                                             </InternalLink>
                                             <ptk:t location="Target:37:232">, </ptk:t>
                                             <InternalLink location="Target:37:236">
                                                <ptk:a name="RTD">
                                                   <RtData>c3EAfgAAdXEAfgADAAAAAnVxAH4ABQAAAAF0ABJbW1NoaWxsdWsgbGFuZ3VhZ2V1cQB+AAUAAAABdAACXV0=</RtData>
                                                </ptk:a>
                                                <target>Shilluk language</target>
                                                <prefix/>
                                                <postfix/>
                                                <title>
                                                   <LinkTitle location="Target:37:252">
                                                      <ptk:a name="RTD">
                                                         <RtData>c3EAfgAAdXEAfgADAAAAAnVxAH4ABQAAAAF0AAF8cA==</RtData>
                                                      </ptk:a>
                                                      <content>
                                                         <ptk:l>
                                                            <ptk:t location="Target:37:253">Shilluk</ptk:t>
                                                         </ptk:l>
                                                      </content>
                                                   </LinkTitle>
                                                </title>
                                             </InternalLink>
                                             <Whitespace>
                                                <hasNewline>true</hasNewline>
                                                <content>
                                                   <ptk:l>
                                                      <ptk:t>
</ptk:t>
                                                   </ptk:l>
                                                </content>
                                             </Whitespace>
                                          </ptk:l>
                                       </body>
                                    </XmlElement>
                                    <Whitespace>
                                       <hasNewline>true</hasNewline>
                                       <content>
                                          <ptk:l>
                                             <ptk:t>
</ptk:t>
                                          </ptk:l>
                                       </content>
                                    </Whitespace>
                                    <ptk:t location="Target:39:1">             </ptk:t>
                                 </ptk:l>
                              </body>
                           </XmlElement>
                           <XmlElement>
                              <ptk:a name="RTD">
                                 <RtData>c3EAfgAAdXEAfgADAAAAA3VxAH4ABQAAAAF0AAM8dHJ1cQB+AAUAAAABdAABPnVxAH4ABQAAAAF0AAU8L3RyPg==</RtData>
                              </ptk:a>
                              <name>tr</name>
                              <empty>false</empty>
                              <xmlAttributes>
                                 <ptk:l location="Target:39:22"/>
                              </xmlAttributes>
                              <body>
                                 <ptk:l>
                                    <Whitespace>
                                       <hasNewline>true</hasNewline>
                                       <content>
                                          <ptk:l>
                                             <ptk:t>
</ptk:t>
                                          </ptk:l>
                                       </content>
                                    </Whitespace>
                                    <ptk:t location="Target:40:1">          </ptk:t>
                                    <XmlElement>
                                       <ptk:a name="RTD">
                                          <RtData>c3EAfgAAdXEAfgADAAAAA3VxAH4ABQAAAAF0AAM8dGR1cQB+AAUAAAABdAABPnVxAH4ABQAAAAF0AAU8L3RkPg==</RtData>
                                       </ptk:a>
                                       <name>td</name>
                                       <empty>false</empty>
                                       <xmlAttributes>
                                          <ptk:l location="Target:40:14">
                                             <XmlAttribute location="Target:40:14">
                                                <ptk:a name="RTD">
                                                   <RtData>c3EAfgAAdXEAfgADAAAAAnVxAH4ABQAAAAF0AAogY29sc3Bhbj0idXEAfgAFAAAAAXQAASI=</RtData>
                                                </ptk:a>
                                                <name>colspan</name>
                                                <hasValue>true</hasValue>
                                                <value>
                                                   <ptk:l location="Target:40:24">
                                                      <ptk:t location="Target:40:24">2</ptk:t>
                                                   </ptk:l>
                                                </value>
                                             </XmlAttribute>
                                          </ptk:l>
                                       </xmlAttributes>
                                       <body>
                                          <ptk:l>
                                             <Bold>
                                                <ptk:a name="RTD">
                                                   <RtData>c3EAfgAAdXEAfgADAAAAAnVxAH4ABQAAAAFxAH4IAXVxAH4ABQAAAAFxAH4IAQ==</RtData>
                                                </ptk:a>
                                                <content>
                                                   <ptk:l>
                                                      <InternalLink location="Target:40:32">
                                                         <ptk:a name="RTD">
                                                            <RtData>c3EAfgAAdXEAfgADAAAAAnVxAH4ABQAAAAF0ABlbW9mF2KzZhdmI2LnZhyDYudix2YLZitmHdXEAfgAFAAAAAXQAAl1d</RtData>
                                                         </ptk:a>
                                                         <target>مجموعه عرقيه</target>
                                                         <prefix/>
                                                         <postfix/>
                                                         <title>
                                                            <LinkTitle location="Target:40:44">
                                                               <ptk:a name="RTD">
                                                                  <RtData>c3EAfgAAdXEAfgADAAAAAnVxAH4ABQAAAAF0AAF8cA==</RtData>
                                                               </ptk:a>
                                                               <content>
                                                                  <ptk:l>
                                                                     <ptk:t location="Target:40:45">مجموعات عرقيه</ptk:t>
                                                                  </ptk:l>
                                                               </content>
                                                            </LinkTitle>
                                                         </title>
                                                      </InternalLink>
                                                   </ptk:l>
                                                </content>
                                             </Bold>
                                             <XmlEntityRef location="Target:40:64">
                                                <ptk:a name="RTD">
                                                   <RtData>c3EAfgAAdXEAfgADAAAAAXVxAH4ABQAAAAF0AAYmbmJzcDs=</RtData>
                                                </ptk:a>
                                                <name>nbsp</name>
                                             </XmlEntityRef>
                                          </ptk:l>
                                       </body>
                                    </XmlElement>
                                    <Whitespace>
                                       <hasNewline>true</hasNewline>
                                       <content>
                                          <ptk:l>
                                             <ptk:t>
</ptk:t>
                                          </ptk:l>
                                       </content>
                                    </Whitespace>
                                    <ptk:t location="Target:41:1">          </ptk:t>
                                    <XmlElement>
                                       <ptk:a name="RTD">
                                          <RtData>c3EAfgAAdXEAfgADAAAAA3VxAH4ABQAAAAF0AAM8dGR1cQB+AAUAAAABdAABPnVxAH4ABQAAAAF0AAU8L3RkPg==</RtData>
                                       </ptk:a>
                                       <name>td</name>
                                       <empty>false</empty>
                                       <xmlAttributes>
                                          <ptk:l location="Target:41:14"/>
                                       </xmlAttributes>
                                       <body>
                                          <ptk:l>
                                             <ptk:t location="Target:41:15"> </ptk:t>
                                             <InternalLink location="Target:41:18">
                                                <ptk:a name="RTD">
                                                   <RtData>c3EAfgAAdXEAfgADAAAAAnVxAH4ABQAAAAF0AA5bW0RpbmthIHBlb3BsZXVxAH4ABQAAAAF0AAJdXQ==</RtData>
                                                </ptk:a>
                                                <target>Dinka people</target>
                                                <prefix/>
                                                <postfix/>
                                                <title>
                                                   <LinkTitle location="Target:41:30">
                                                      <ptk:a name="RTD">
                                                         <RtData>c3EAfgAAdXEAfgADAAAAAnVxAH4ABQAAAAF0AAF8cA==</RtData>
                                                      </ptk:a>
                                                      <content>
                                                         <ptk:l>
                                                            <ptk:t location="Target:41:31">Dinka</ptk:t>
                                                         </ptk:l>
                                                      </content>
                                                   </LinkTitle>
                                                </title>
                                             </InternalLink>
                                             <ptk:t location="Target:41:38">, </ptk:t>
                                             <InternalLink location="Target:41:42">
                                                <ptk:a name="RTD">
                                                   <RtData>c3EAfgAAdXEAfgADAAAAAnVxAH4ABQAAAAF0AA1bW051ZXIgcGVvcGxldXEAfgAFAAAAAXQAAl1d</RtData>
                                                </ptk:a>
                                                <target>Nuer people</target>
                                                <prefix/>
                                                <postfix/>
                                                <title>
                                                   <LinkTitle location="Target:41:53">
                                                      <ptk:a name="RTD">
                                                         <RtData>c3EAfgAAdXEAfgADAAAAAnVxAH4ABQAAAAF0AAF8cA==</RtData>
                                                      </ptk:a>
                                                      <content>
                                                         <ptk:l>
                                                            <ptk:t location="Target:41:54">Nuer</ptk:t>
                                                         </ptk:l>
                                                      </content>
                                                   </LinkTitle>
                                                </title>
                                             </InternalLink>
                                             <ptk:t location="Target:41:60">, </ptk:t>
                                             <InternalLink location="Target:41:64">
                                                <ptk:a name="RTD">
                                                   <RtData>c3EAfgAAdXEAfgADAAAAAnVxAH4ABQAAAAF0AA1bW0JhcmkgcGVvcGxldXEAfgAFAAAAAXQAAl1d</RtData>
                                                </ptk:a>
                                                <target>Bari people</target>
                                                <prefix/>
                                                <postfix/>
                                                <title>
                                                   <LinkTitle location="Target:41:75">
                                                      <ptk:a name="RTD">
                                                         <RtData>c3EAfgAAdXEAfgADAAAAAnVxAH4ABQAAAAF0AAF8cA==</RtData>
                                                      </ptk:a>
                                                      <content>
                                                         <ptk:l>
                                                            <ptk:t location="Target:41:76">Bari</ptk:t>
                                                         </ptk:l>
                                                      </content>
                                                   </LinkTitle>
                                                </title>
                                             </InternalLink>
                                             <ptk:t location="Target:41:82">, </ptk:t>
                                             <InternalLink location="Target:41:86">
                                                <ptk:a name="RTD">
                                                   <RtData>c3EAfgAAdXEAfgADAAAAAnVxAH4ABQAAAAF0AAhbW0xvdHVrb3VxAH4ABQAAAAF0AAJdXQ==</RtData>
                                                </ptk:a>
                                                <target>Lotuko</target>
                                                <prefix/>
                                                <postfix/>
                                                <title>
                                                   <LinkTitle>
                                                      <content>
                                                         <ptk:l/>
                                                      </content>
                                                   </LinkTitle>
                                                </title>
                                             </InternalLink>
                                             <ptk:t location="Target:41:94">, </ptk:t>
                                             <InternalLink location="Target:41:98">
                                                <ptk:a name="RTD">
                                                   <RtData>c3EAfgAAdXEAfgADAAAAAnVxAH4ABQAAAAF0AA1bW0t1a3UgcGVvcGxldXEAfgAFAAAAAXQAAl1d</RtData>
                                                </ptk:a>
                                                <target>Kuku people</target>
                                                <prefix/>
                                                <postfix/>
                                                <title>
                                                   <LinkTitle location="Target:41:109">
                                                      <ptk:a name="RTD">
                                                         <RtData>c3EAfgAAdXEAfgADAAAAAnVxAH4ABQAAAAF0AAF8cA==</RtData>
                                                      </ptk:a>
                                                      <content>
                                                         <ptk:l>
                                                            <ptk:t location="Target:41:110">Kuku</ptk:t>
                                                         </ptk:l>
                                                      </content>
                                                   </LinkTitle>
                                                </title>
                                             </InternalLink>
                                             <ptk:t location="Target:41:116">, </ptk:t>
                                             <InternalLink location="Target:41:120">
                                                <ptk:a name="RTD">
                                                   <RtData>c3EAfgAAdXEAfgADAAAAAnVxAH4ABQAAAAF0AA5bW1phbmRlIHBlb3BsZXVxAH4ABQAAAAF0AAJdXQ==</RtData>
                                                </ptk:a>
                                                <target>Zande people</target>
                                                <prefix/>
                                                <postfix/>
                                                <title>
                                                   <LinkTitle location="Target:41:132">
                                                      <ptk:a name="RTD">
                                                         <RtData>c3EAfgAAdXEAfgADAAAAAnVxAH4ABQAAAAF0AAF8cA==</RtData>
                                                      </ptk:a>
                                                      <content>
                                                         <ptk:l>
                                                            <ptk:t location="Target:41:133">Zande</ptk:t>
                                                         </ptk:l>
                                                      </content>
                                                   </LinkTitle>
                                                </title>
                                             </InternalLink>
                                             <ptk:t location="Target:41:140">, </ptk:t>
                                             <InternalLink location="Target:41:144">
                                                <ptk:a name="RTD">
                                                   <RtData>c3EAfgAAdXEAfgADAAAAAnVxAH4ABQAAAAF0ABFbW011bmRhcmkgKHRyaWJlKXVxAH4ABQAAAAF0AAJdXQ==</RtData>
                                                </ptk:a>
                                                <target>Mundari (tribe)</target>
                                                <prefix/>
                                                <postfix/>
                                                <title>
                                                   <LinkTitle location="Target:41:159">
                                                      <ptk:a name="RTD">
                                                         <RtData>c3EAfgAAdXEAfgADAAAAAnVxAH4ABQAAAAF0AAF8cA==</RtData>
                                                      </ptk:a>
                                                      <content>
                                                         <ptk:l>
                                                            <ptk:t location="Target:41:160">Mundari</ptk:t>
                                                         </ptk:l>
                                                      </content>
                                                   </LinkTitle>
                                                </title>
                                             </InternalLink>
                                             <ptk:t location="Target:41:169">, </ptk:t>
                                             <InternalLink location="Target:41:173">
                                                <ptk:a name="RTD">
                                                   <RtData>c3EAfgAAdXEAfgADAAAAAnVxAH4ABQAAAAF0AA5bW0tha3dhIHBlb3BsZXVxAH4ABQAAAAF0AAJdXQ==</RtData>
                                                </ptk:a>
                                                <target>Kakwa people</target>
                                                <prefix/>
                                                <postfix/>
                                                <title>
                                                   <LinkTitle location="Target:41:185">
                                                      <ptk:a name="RTD">
                                                         <RtData>c3EAfgAAdXEAfgADAAAAAnVxAH4ABQAAAAF0AAF8cA==</RtData>
                                                      </ptk:a>
                                                      <content>
                                                         <ptk:l>
                                                            <ptk:t location="Target:41:186">Kakwa</ptk:t>
                                                         </ptk:l>
                                                      </content>
                                                   </LinkTitle>
                                                </title>
                                             </InternalLink>
                                             <ptk:t location="Target:41:193">, </ptk:t>
                                             <InternalLink location="Target:41:197">
                                                <ptk:a name="RTD">
                                                   <RtData>c3EAfgAAdXEAfgADAAAAAnVxAH4ABQAAAAF0AA9bW1BvanVsdSBwZW9wbGV1cQB+AAUAAAABdAACXV0=</RtData>
                                                </ptk:a>
                                                <target>Pojulu people</target>
                                                <prefix/>
                                                <postfix/>
                                                <title>
                                                   <LinkTitle location="Target:41:210">
                                                      <ptk:a name="RTD">
                                                         <RtData>c3EAfgAAdXEAfgADAAAAAnVxAH4ABQAAAAF0AAF8cA==</RtData>
                                                      </ptk:a>
                                                      <content>
                                                         <ptk:l>
                                                            <ptk:t location="Target:41:211">Pojulu</ptk:t>
                                                         </ptk:l>
                                                      </content>
                                                   </LinkTitle>
                                                </title>
                                             </InternalLink>
                                             <ptk:t location="Target:41:219">, </ptk:t>
                                             <InternalLink location="Target:41:223">
                                                <ptk:a name="RTD">
                                                   <RtData>c3EAfgAAdXEAfgADAAAAAnVxAH4ABQAAAAF0ABBbW1NoaWxsdWsgcGVvcGxldXEAfgAFAAAAAXQAAl1d</RtData>
                                                </ptk:a>
                                                <target>Shilluk people</target>
                                                <prefix/>
                                                <postfix/>
                                                <title>
                                                   <LinkTitle location="Target:41:237">
                                                      <ptk:a name="RTD">
                                                         <RtData>c3EAfgAAdXEAfgADAAAAAnVxAH4ABQAAAAF0AAF8cA==</RtData>
                                                      </ptk:a>
                                                      <content>
                                                         <ptk:l>
                                                            <ptk:t location="Target:41:238">Shilluk</ptk:t>
                                                         </ptk:l>
                                                      </content>
                                                   </LinkTitle>
                                                </title>
                                             </InternalLink>
                                             <ptk:t location="Target:41:247">, </ptk:t>
                                             <InternalLink location="Target:41:251">
                                                <ptk:a name="RTD">
                                                   <RtData>c3EAfgAAdXEAfgADAAAAAnVxAH4ABQAAAAF0AA1bW01vcnUgcGVvcGxldXEAfgAFAAAAAXQAAl1d</RtData>
                                                </ptk:a>
                                                <target>Moru people</target>
                                                <prefix/>
                                                <postfix/>
                                                <title>
                                                   <LinkTitle location="Target:41:262">
                                                      <ptk:a name="RTD">
                                                         <RtData>c3EAfgAAdXEAfgADAAAAAnVxAH4ABQAAAAF0AAF8cA==</RtData>
                                                      </ptk:a>
                                                      <content>
                                                         <ptk:l>
                                                            <ptk:t location="Target:41:263">Moru</ptk:t>
                                                         </ptk:l>
                                                      </content>
                                                   </LinkTitle>
                                                </title>
                                             </InternalLink>
                                             <ptk:t location="Target:41:269">, </ptk:t>
                                             <InternalLink location="Target:41:273">
                                                <ptk:a name="RTD">
                                                   <RtData>c3EAfgAAdXEAfgADAAAAAnVxAH4ABQAAAAF0AA9bW0FjaG9saSBwZW9wbGV1cQB+AAUAAAABdAACXV0=</RtData>
                                                </ptk:a>
                                                <target>Acholi people</target>
                                                <prefix/>
                                                <postfix/>
                                                <title>
                                                   <LinkTitle location="Target:41:286">
                                                      <ptk:a name="RTD">
                                                         <RtData>c3EAfgAAdXEAfgADAAAAAnVxAH4ABQAAAAF0AAF8cA==</RtData>
                                                      </ptk:a>
                                                      <content>
                                                         <ptk:l>
                                                            <ptk:t location="Target:41:287">Acholi</ptk:t>
                                                         </ptk:l>
                                                      </content>
                                                   </LinkTitle>
                                                </title>
                                             </InternalLink>
                                             <ptk:t location="Target:41:295">, </ptk:t>
                                             <InternalLink location="Target:41:299">
                                                <ptk:a name="RTD">
                                                   <RtData>c3EAfgAAdXEAfgADAAAAAnVxAH4ABQAAAAF0AA1bW01hZGkgcGVvcGxldXEAfgAFAAAAAXQAAl1d</RtData>
                                                </ptk:a>
                                                <target>Madi people</target>
                                                <prefix/>
                                                <postfix/>
                                                <title>
                                                   <LinkTitle location="Target:41:310">
                                                      <ptk:a name="RTD">
                                                         <RtData>c3EAfgAAdXEAfgADAAAAAnVxAH4ABQAAAAF0AAF8cA==</RtData>
                                                      </ptk:a>
                                                      <content>
                                                         <ptk:l>
                                                            <ptk:t location="Target:41:311">Madi</ptk:t>
                                                         </ptk:l>
                                                      </content>
                                                   </LinkTitle>
                                                </title>
                                             </InternalLink>
                                             <ptk:t location="Target:41:317">, </ptk:t>
                                             <InternalLink location="Target:41:321">
                                                <ptk:a name="RTD">
                                                   <RtData>c3EAfgAAdXEAfgADAAAAAnVxAH4ABQAAAAF0AAhbW0x1bHVib3VxAH4ABQAAAAF0AAJdXQ==</RtData>
                                                </ptk:a>
                                                <target>Lulubo</target>
                                                <prefix/>
                                                <postfix/>
                                                <title>
                                                   <LinkTitle>
                                                      <content>
                                                         <ptk:l/>
                                                      </content>
                                                   </LinkTitle>
                                                </title>
                                             </InternalLink>
                                             <ptk:t location="Target:41:329">, </ptk:t>
                                             <InternalLink location="Target:41:333">
                                                <ptk:a name="RTD">
                                                   <RtData>c3EAfgAAdXEAfgADAAAAAnVxAH4ABQAAAAF0AA9bW0xva295YSBwZW9wbGV1cQB+AAUAAAABdAACXV0=</RtData>
                                                </ptk:a>
                                                <target>Lokoya people</target>
                                                <prefix/>
                                                <postfix/>
                                                <title>
                                                   <LinkTitle location="Target:41:346">
                                                      <ptk:a name="RTD">
                                                         <RtData>c3EAfgAAdXEAfgADAAAAAnVxAH4ABQAAAAF0AAF8cA==</RtData>
                                                      </ptk:a>
                                                      <content>
                                                         <ptk:l>
                                                            <ptk:t location="Target:41:347">Lokoya</ptk:t>
                                                         </ptk:l>
                                                      </content>
                                                   </LinkTitle>
                                                </title>
                                             </InternalLink>
                                             <ptk:t location="Target:41:355">, </ptk:t>
                                             <InternalLink location="Target:41:359">
                                                <ptk:a name="RTD">
                                                   <RtData>c3EAfgAAdXEAfgADAAAAAnVxAH4ABQAAAAF0AA9bW1RvcG9zYSBwZW9wbGV1cQB+AAUAAAABdAACXV0=</RtData>
                                                </ptk:a>
                                                <target>Toposa people</target>
                                                <prefix/>
                                                <postfix/>
                                                <title>
                                                   <LinkTitle location="Target:41:372">
                                                      <ptk:a name="RTD">
                                                         <RtData>c3EAfgAAdXEAfgADAAAAAnVxAH4ABQAAAAF0AAF8cA==</RtData>
                                                      </ptk:a>
                                                      <content>
                                                         <ptk:l>
                                                            <ptk:t location="Target:41:373">Toposa</ptk:t>
                                                         </ptk:l>
                                                      </content>
                                                   </LinkTitle>
                                                </title>
                                             </InternalLink>
                                             <ptk:t location="Target:41:381">, </ptk:t>
                                             <InternalLink location="Target:41:385">
                                                <ptk:a name="RTD">
                                                   <RtData>c3EAfgAAdXEAfgADAAAAAnVxAH4ABQAAAAF0ABZbW0xhbmdvIHBlb3BsZSAoU3VkYW4pdXEAfgAFAAAAAXQAAl1d</RtData>
                                                </ptk:a>
                                                <target>Lango people (Sudan)</target>
                                                <prefix/>
                                                <postfix/>
                                                <title>
                                                   <LinkTitle location="Target:41:405">
                                                      <ptk:a name="RTD">
                                                         <RtData>c3EAfgAAdXEAfgADAAAAAnVxAH4ABQAAAAF0AAF8cA==</RtData>
                                                      </ptk:a>
                                                      <content>
                                                         <ptk:l>
                                                            <ptk:t location="Target:41:406">Lango</ptk:t>
                                                         </ptk:l>
                                                      </content>
                                                   </LinkTitle>
                                                </title>
                                             </InternalLink>
                                             <ptk:t location="Target:41:413">, </ptk:t>
                                             <InternalLink location="Target:41:417">
                                                <ptk:a name="RTD">
                                                   <RtData>c3EAfgAAdXEAfgADAAAAAnVxAH4ABQAAAAF0AAlbW0RpZGluZ2F1cQB+AAUAAAABdAACXV0=</RtData>
                                                </ptk:a>
                                                <target>Didinga</target>
                                                <prefix/>
                                                <postfix/>
                                                <title>
                                                   <LinkTitle>
                                                      <content>
                                                         <ptk:l/>
                                                      </content>
                                                   </LinkTitle>
                                                </title>
                                             </InternalLink>
                                             <ptk:t location="Target:41:426">, </ptk:t>
                                             <InternalLink location="Target:41:430">
                                                <ptk:a name="RTD">
                                                   <RtData>c3EAfgAAdXEAfgADAAAAAnVxAH4ABQAAAAF0AA5bW011cmxlIHBlb3BsZXVxAH4ABQAAAAF0AAJdXQ==</RtData>
                                                </ptk:a>
                                                <target>Murle people</target>
                                                <prefix/>
                                                <postfix/>
                                                <title>
                                                   <LinkTitle location="Target:41:442">
                                                      <ptk:a name="RTD">
                                                         <RtData>c3EAfgAAdXEAfgADAAAAAnVxAH4ABQAAAAF0AAF8cA==</RtData>
                                                      </ptk:a>
                                                      <content>
                                                         <ptk:l>
                                                            <ptk:t location="Target:41:443">Murle</ptk:t>
                                                         </ptk:l>
                                                      </content>
                                                   </LinkTitle>
                                                </title>
                                             </InternalLink>
                                             <ptk:t location="Target:41:450">, </ptk:t>
                                             <InternalLink location="Target:41:454">
                                                <ptk:a name="RTD">
                                                   <RtData>c3EAfgAAdXEAfgADAAAAAnVxAH4ABQAAAAF0AA5bW0FudWFrIHBlb3BsZXVxAH4ABQAAAAF0AAJdXQ==</RtData>
                                                </ptk:a>
                                                <target>Anuak people</target>
                                                <prefix/>
                                                <postfix/>
                                                <title>
                                                   <LinkTitle location="Target:41:466">
                                                      <ptk:a name="RTD">
                                                         <RtData>c3EAfgAAdXEAfgADAAAAAnVxAH4ABQAAAAF0AAF8cA==</RtData>
                                                      </ptk:a>
                                                      <content>
                                                         <ptk:l>
                                                            <ptk:t location="Target:41:467">Anuak</ptk:t>
                                                         </ptk:l>
                                                      </content>
                                                   </LinkTitle>
                                                </title>
                                             </InternalLink>
                                             <ptk:t location="Target:41:474">, </ptk:t>
                                             <InternalLink location="Target:41:478">
                                                <ptk:a name="RTD">
                                                   <RtData>c3EAfgAAdXEAfgADAAAAAnVxAH4ABQAAAAF0ABNbW01ha2FyYWthIChwZW9wbGUpdXEAfgAFAAAAAXQAAl1d</RtData>
                                                </ptk:a>
                                                <target>Makaraka (people)</target>
                                                <prefix/>
                                                <postfix/>
                                                <title>
                                                   <LinkTitle location="Target:41:495">
                                                      <ptk:a name="RTD">
                                                         <RtData>c3EAfgAAdXEAfgADAAAAAnVxAH4ABQAAAAF0AAF8cA==</RtData>
                                                      </ptk:a>
                                                      <content>
                                                         <ptk:l>
                                                            <ptk:t location="Target:41:496">Makaraka</ptk:t>
                                                         </ptk:l>
                                                      </content>
                                                   </LinkTitle>
                                                </title>
                                             </InternalLink>
                                             <ptk:t location="Target:41:506">, </ptk:t>
                                             <InternalLink location="Target:41:510">
                                                <ptk:a name="RTD">
                                                   <RtData>c3EAfgAAdXEAfgADAAAAAnVxAH4ABQAAAAF0AAdbW011bmR1dXEAfgAFAAAAAXQAAl1d</RtData>
                                                </ptk:a>
                                                <target>Mundu</target>
                                                <prefix/>
                                                <postfix/>
                                                <title>
                                                   <LinkTitle>
                                                      <content>
                                                         <ptk:l/>
                                                      </content>
                                                   </LinkTitle>
                                                </title>
                                             </InternalLink>
                                             <ptk:t location="Target:41:517">, </ptk:t>
                                             <InternalLink location="Target:41:521">
                                                <ptk:a name="RTD">
                                                   <RtData>c3EAfgAAdXEAfgADAAAAAnVxAH4ABQAAAAF0AAVbW0p1cnVxAH4ABQAAAAF0AAJdXQ==</RtData>
                                                </ptk:a>
                                                <target>Jur</target>
                                                <prefix/>
                                                <postfix/>
                                                <title>
                                                   <LinkTitle>
                                                      <content>
                                                         <ptk:l/>
                                                      </content>
                                                   </LinkTitle>
                                                </title>
                                             </InternalLink>
                                             <ptk:t location="Target:41:526">, </ptk:t>
                                             <InternalLink location="Target:41:530">
                                                <ptk:a name="RTD">
                                                   <RtData>c3EAfgAAdXEAfgADAAAAAnVxAH4ABQAAAAF0AAhbW0thbGlrb3VxAH4ABQAAAAF0AAJdXQ==</RtData>
                                                </ptk:a>
                                                <target>Kaliko</target>
                                                <prefix/>
                                                <postfix/>
                                                <title>
                                                   <LinkTitle>
                                                      <content>
                                                         <ptk:l/>
                                                      </content>
                                                   </LinkTitle>
                                                </title>
                                             </InternalLink>
                                             <ptk:t location="Target:41:538">, and others.</ptk:t>
                                             <Whitespace>
                                                <hasNewline>true</hasNewline>
                                                <content>
                                                   <ptk:l>
                                                      <ptk:t>
</ptk:t>
                                                   </ptk:l>
                                                </content>
                                             </Whitespace>
                                          </ptk:l>
                                       </body>
                                    </XmlElement>
                                    <Whitespace>
                                       <hasNewline>true</hasNewline>
                                       <content>
                                          <ptk:l>
                                             <ptk:t>
</ptk:t>
                                          </ptk:l>
                                       </content>
                                    </Whitespace>
                                    <ptk:t location="Target:43:1">        </ptk:t>
                                 </ptk:l>
                              </body>
                           </XmlElement>
                           <XmlElement>
                              <ptk:a name="RTD">
                                 <RtData>c3EAfgAAdXEAfgADAAAAA3VxAH4ABQAAAAF0AAM8dHJ1cQB+AAUAAAABdAABPnVxAH4ABQAAAAF0AAU8L3RyPg==</RtData>
                              </ptk:a>
                              <name>tr</name>
                              <empty>false</empty>
                              <xmlAttributes>
                                 <ptk:l location="Target:43:17"/>
                              </xmlAttributes>
                              <body>
                                 <ptk:l>
                                    <Whitespace>
                                       <hasNewline>true</hasNewline>
                                       <content>
                                          <ptk:l>
                                             <ptk:t>
</ptk:t>
                                          </ptk:l>
                                       </content>
                                    </Whitespace>
                                    <ptk:t location="Target:44:1">          </ptk:t>
                                    <XmlElement>
                                       <ptk:a name="RTD">
                                          <RtData>c3EAfgAAdXEAfgADAAAAA3VxAH4ABQAAAAF0AAM8dGh1cQB+AAUAAAABdAABPnVxAH4ABQAAAAF0AAU8L3RoPg==</RtData>
                                       </ptk:a>
                                       <name>th</name>
                                       <empty>false</empty>
                                       <xmlAttributes>
                                          <ptk:l location="Target:44:14">
                                             <XmlAttribute location="Target:44:14">
                                                <ptk:a name="RTD">
                                                   <RtData>c3EAfgAAdXEAfgADAAAAAnVxAH4ABQAAAAF0AAogY29sc3Bhbj0idXEAfgAFAAAAAXQAASI=</RtData>
                                                </ptk:a>
                                                <name>colspan</name>
                                                <hasValue>true</hasValue>
                                                <value>
                                                   <ptk:l location="Target:44:24">
                                                      <ptk:t location="Target:44:24">2</ptk:t>
                                                   </ptk:l>
                                                </value>
                                             </XmlAttribute>
                                          </ptk:l>
                                       </xmlAttributes>
                                       <body>
                                          <ptk:l>
                                             <InternalLink location="Target:44:29">
                                                <ptk:a name="RTD">
                                                   <RtData>c3EAfgAAdXEAfgADAAAAAnVxAH4ABQAAAAF0ABBbW9iv2YrZhdmI2YbZitmFdXEAfgAFAAAAAXQAAl1d</RtData>
                                                </ptk:a>
                                                <target>ديمونيم</target>
                                                <prefix/>
                                                <postfix/>
                                                <title>
                                                   <LinkTitle location="Target:44:36">
                                                      <ptk:a name="RTD">
                                                         <RtData>c3EAfgAAdXEAfgADAAAAAnVxAH4ABQAAAAF0AAF8cA==</RtData>
                                                      </ptk:a>
                                                      <content>
                                                         <ptk:l>
                                                            <ptk:t location="Target:44:37">اسم الأهل</ptk:t>
                                                         </ptk:l>
                                                      </content>
                                                   </LinkTitle>
                                                </title>
                                             </InternalLink>
                                          </ptk:l>
                                       </body>
                                    </XmlElement>
                                    <Whitespace>
                                       <hasNewline>true</hasNewline>
                                       <content>
                                          <ptk:l>
                                             <ptk:t>
</ptk:t>
                                          </ptk:l>
                                       </content>
                                    </Whitespace>
                                    <ptk:t location="Target:45:1">          </ptk:t>
                                    <XmlElement>
                                       <ptk:a name="RTD">
                                          <RtData>c3EAfgAAdXEAfgADAAAAA3VxAH4ABQAAAAF0AAM8dGR1cQB+AAUAAAABdAABPnVxAH4ABQAAAAF0AAU8L3RkPg==</RtData>
                                       </ptk:a>
                                       <name>td</name>
                                       <empty>false</empty>
                                       <xmlAttributes>
                                          <ptk:l location="Target:45:14"/>
                                       </xmlAttributes>
                                       <body>
                                          <ptk:l>
                                             <Template location="قالب:Infobox country:295:17">
                                                <ptk:a name="RTD">
                                                   <RtData>c3EAfgAAdXEAfgADAAAAA3VxAH4ABQAAAAFxAH4AB3B1cQB+AAUAAAABcQB+AAk=</RtData>
                                                </ptk:a>
                                                <name>
                                                   <ptk:l location="قالب:Infobox country:295:17">
                                                      <ptk:t location="قالب:Infobox country:295:17">#ifexist:</ptk:t>
                                                      <TemplateParameter location="قالب:Infobox country:295:29">
                                                         <ptk:a name="RTD">
                                                            <RtData>c3EAfgAAdXEAfgADAAAABHVxAH4ABQAAAAFxAH4ADXBwdXEAfgAFAAAAAXEAfgAP</RtData>
                                                         </ptk:a>
                                                         <name>
                                                            <ptk:l location="قالب:Infobox country:295:29">
                                                               <ptk:t location="قالب:Infobox country:295:29">demonym</ptk:t>
                                                            </ptk:l>
                                                         </name>
                                                         <defaultValue/>
                                                         <garbage/>
                                                      </TemplateParameter>
                                                      <ptk:t location="قالب:Infobox country:295:39"> people </ptk:t>
                                                   </ptk:l>
                                                </name>
                                                <args>
                                                   <ptk:l location="قالب:Infobox country:295:47">
                                                      <TemplateArgument location="قالب:Infobox country:295:48">
                                                         <ptk:a name="RTD">
                                                            <RtData>c3EAfgAAdXEAfgADAAAAA3VxAH4ABQAAAAF0AAF8cHA=</RtData>
                                                         </ptk:a>
                                                         <hasName>false</hasName>
                                                         <name>
                                                            <ptk:l/>
                                                         </name>
                                                         <value>
                                                            <ptk:l location="قالب:Infobox country:295:48">
                                                               <XmlComment location="قالب:Infobox country:295:52">
                                                                  <ptk:a name="RTD">
                                                                     <RtData>c3EAfgAAdXEAfgADAAAAAXVxAH4ABQAAAAF0ABs8IS0tdGhlbjoKICAgICAgICAgICAgICAtLT4=</RtData>
                                                                  </ptk:a>
                                                                  <content>then:
              </content>
                                                               </XmlComment>
                                                               <ptk:t>[[</ptk:t>
                                                               <ptk:t location="Target:17:31"> </ptk:t>
                                                               <ptk:t>[[</ptk:t>
                                                               <ptk:t location="Target:17:34">South Sudanese</ptk:t>
                                                               <ptk:t>]]</ptk:t>
                                                               <ptk:t location="Target:17:50">
</ptk:t>
                                                               <ptk:t location="قالب:Infobox country:296:33"> people|</ptk:t>
                                                               <ptk:t location="Target:17:31"> </ptk:t>
                                                               <ptk:t>[[</ptk:t>
                                                               <ptk:t location="Target:17:34">South Sudanese</ptk:t>
                                                               <ptk:t>]]</ptk:t>
                                                               <ptk:t location="Target:17:50">
</ptk:t>
                                                               <ptk:t>]]</ptk:t>
                                                               <ptk:t location="قالب:Infobox country:296:56"> </ptk:t>
                                                            </ptk:l>
                                                         </value>
                                                      </TemplateArgument>
                                                      <TemplateArgument location="قالب:Infobox country:296:58">
                                                         <ptk:a name="RTD">
                                                            <RtData>c3EAfgAAdXEAfgADAAAAA3VxAH4ABQAAAAF0AAF8cHA=</RtData>
                                                         </ptk:a>
                                                         <hasName>false</hasName>
                                                         <name>
                                                            <ptk:l/>
                                                         </name>
                                                         <value>
                                                            <ptk:l location="قالب:Infobox country:296:58">
                                                               <XmlComment location="قالب:Infobox country:296:62">
                                                                  <ptk:a name="RTD">
                                                                     <RtData>c3EAfgAAdXEAfgADAAAAAXVxAH4ABQAAAAF0ABs8IS0tZWxzZToKICAgICAgICAgICAgICAtLT4=</RtData>
                                                                  </ptk:a>
                                                                  <content>else:
              </content>
                                                               </XmlComment>
                                                               <ptk:t location="Target:17:31"> </ptk:t>
                                                               <ptk:t>[[</ptk:t>
                                                               <ptk:t location="Target:17:34">South Sudanese</ptk:t>
                                                               <ptk:t>]]</ptk:t>
                                                               <ptk:t location="Target:17:50">
</ptk:t>
                                                               <XmlComment location="قالب:Infobox country:297:35">
                                                                  <ptk:a name="RTD">
                                                                     <RtData>c3EAfgAAdXEAfgADAAAAAXVxAH4ABQAAAAF0ABM8IS0tCiAgICAgICAgICAgLS0+</RtData>
                                                                  </ptk:a>
                                                                  <content>
           </content>
                                                               </XmlComment>
                                                            </ptk:l>
                                                         </value>
                                                      </TemplateArgument>
                                                   </ptk:l>
                                                </args>
                                             </Template>
                                             <Whitespace>
                                                <hasNewline>true</hasNewline>
                                                <content>
                                                   <ptk:l>
                                                      <ptk:t>
</ptk:t>
                                                   </ptk:l>
                                                </content>
                                             </Whitespace>
                                             <ptk:t location="Target:46:1">          </ptk:t>
                                          </ptk:l>
                                       </body>
                                    </XmlElement>
                                    <Whitespace>
                                       <hasNewline>true</hasNewline>
                                       <content>
                                          <ptk:l>
                                             <ptk:t>
</ptk:t>
                                          </ptk:l>
                                       </content>
                                    </Whitespace>
                                    <ptk:t location="Target:47:1">        </ptk:t>
                                 </ptk:l>
                              </body>
                           </XmlElement>
                           <XmlElement>
                              <ptk:a name="RTD">
                                 <RtData>c3EAfgAAdXEAfgADAAAAA3VxAH4ABQAAAAF0AAM8dHJ1cQB+AAUAAAABdAABPnVxAH4ABQAAAAF0AAU8L3RyPg==</RtData>
                              </ptk:a>
                              <name>tr</name>
                              <empty>false</empty>
                              <xmlAttributes>
                                 <ptk:l location="Target:47:17"/>
                              </xmlAttributes>
                              <body>
                                 <ptk:l>
                                    <Whitespace>
                                       <hasNewline>true</hasNewline>
                                       <content>
                                          <ptk:l>
                                             <ptk:t>
</ptk:t>
                                          </ptk:l>
                                       </content>
                                    </Whitespace>
                                    <ptk:t location="Target:48:1">          </ptk:t>
                                    <XmlElement>
                                       <ptk:a name="RTD">
                                          <RtData>c3EAfgAAdXEAfgADAAAAA3VxAH4ABQAAAAF0AAM8dGh1cQB+AAUAAAABdAABPnVxAH4ABQAAAAF0AAU8L3RoPg==</RtData>
                                       </ptk:a>
                                       <name>th</name>
                                       <empty>false</empty>
                                       <xmlAttributes>
                                          <ptk:l location="Target:48:14">
                                             <XmlAttribute location="Target:48:14">
                                                <ptk:a name="RTD">
                                                   <RtData>c3EAfgAAdXEAfgADAAAAAnVxAH4ABQAAAAF0AAogY29sc3Bhbj0idXEAfgAFAAAAAXQAASI=</RtData>
                                                </ptk:a>
                                                <name>colspan</name>
                                                <hasValue>true</hasValue>
                                                <value>
                                                   <ptk:l location="Target:48:24">
                                                      <ptk:t location="Target:48:24">2</ptk:t>
                                                   </ptk:l>
                                                </value>
                                             </XmlAttribute>
                                          </ptk:l>
                                       </xmlAttributes>
                                       <body>
                                          <ptk:l>
                                             <InternalLink location="Target:48:29">
                                                <ptk:a name="RTD">
                                                   <RtData>c3EAfgAAdXEAfgADAAAAAnVxAH4ABQAAAAF0AAxbW9it2YPZiNmF2Yd1cQB+AAUAAAABdAACXV0=</RtData>
                                                </ptk:a>
                                                <target>حكومه</target>
                                                <prefix/>
                                                <postfix/>
                                                <title>
                                                   <LinkTitle location="Target:48:34">
                                                      <ptk:a name="RTD">
                                                         <RtData>c3EAfgAAdXEAfgADAAAAAnVxAH4ABQAAAAF0AAF8cA==</RtData>
                                                      </ptk:a>
                                                      <content>
                                                         <ptk:l>
                                                            <ptk:t location="Target:48:35">نوع الحكومه</ptk:t>
                                                         </ptk:l>
                                                      </content>
                                                   </LinkTitle>
                                                </title>
                                             </InternalLink>
                                          </ptk:l>
                                       </body>
                                    </XmlElement>
                                    <Whitespace>
                                       <hasNewline>true</hasNewline>
                                       <content>
                                          <ptk:l>
                                             <ptk:t>
</ptk:t>
                                          </ptk:l>
                                       </content>
                                    </Whitespace>
                                    <ptk:t location="Target:49:1">          </ptk:t>
                                    <XmlElement>
                                       <ptk:a name="RTD">
                                          <RtData>c3EAfgAAdXEAfgADAAAAA3VxAH4ABQAAAAF0AAM8dGR1cQB+AAUAAAABdAABPnVxAH4ABQAAAAF0AAU8L3RkPg==</RtData>
                                       </ptk:a>
                                       <name>td</name>
                                       <empty>false</empty>
                                       <xmlAttributes>
                                          <ptk:l location="Target:49:14"/>
                                       </xmlAttributes>
                                       <body>
                                          <ptk:l>
                                             <ptk:t location="Target:49:15"> </ptk:t>
                                             <InternalLink location="Target:49:18">
                                                <ptk:a name="RTD">
                                                   <RtData>c3EAfgAAdXEAfgADAAAAAnVxAH4ABQAAAAF0ABJbW0ZlZGVyYWwgcmVwdWJsaWN1cQB+AAUAAAABdAACXV0=</RtData>
                                                </ptk:a>
                                                <target>Federal republic</target>
                                                <prefix/>
                                                <postfix/>
                                                <title>
                                                   <LinkTitle location="Target:49:34">
                                                      <ptk:a name="RTD">
                                                         <RtData>c3EAfgAAdXEAfgADAAAAAnVxAH4ABQAAAAF0AAF8cA==</RtData>
                                                      </ptk:a>
                                                      <content>
                                                         <ptk:l>
                                                            <ptk:t location="Target:49:35">Federal</ptk:t>
                                                         </ptk:l>
                                                      </content>
                                                   </LinkTitle>
                                                </title>
                                             </InternalLink>
                                             <ptk:t location="Target:49:44"> </ptk:t>
                                             <InternalLink location="Target:49:47">
                                                <ptk:a name="RTD">
                                                   <RtData>c3EAfgAAdXEAfgADAAAAAnVxAH4ABQAAAAF0ABVbW3ByZXNpZGVudGlhbCBzeXN0ZW11cQB+AAUAAAABdAACXV0=</RtData>
                                                </ptk:a>
                                                <target>presidential system</target>
                                                <prefix/>
                                                <postfix/>
                                                <title>
                                                   <LinkTitle location="Target:49:66">
                                                      <ptk:a name="RTD">
                                                         <RtData>c3EAfgAAdXEAfgADAAAAAnVxAH4ABQAAAAF0AAF8cA==</RtData>
                                                      </ptk:a>
                                                      <content>
                                                         <ptk:l>
                                                            <ptk:t location="Target:49:67">presidential</ptk:t>
                                                         </ptk:l>
                                                      </content>
                                                   </LinkTitle>
                                                </title>
                                             </InternalLink>
                                             <ptk:t location="Target:49:81"> </ptk:t>
                                             <InternalLink location="Target:49:84">
                                                <ptk:a name="RTD">
                                                   <RtData>c3EAfgAAdXEAfgADAAAAAnVxAH4ABQAAAAF0ABpbW3JlcHJlc2VudGF0aXZlIGRlbW9jcmFjeXVxAH4ABQAAAAF0AAJdXQ==</RtData>
                                                </ptk:a>
                                                <target>representative democracy</target>
                                                <prefix/>
                                                <postfix/>
                                                <title>
                                                   <LinkTitle location="Target:49:108">
                                                      <ptk:a name="RTD">
                                                         <RtData>c3EAfgAAdXEAfgADAAAAAnVxAH4ABQAAAAF0AAF8cA==</RtData>
                                                      </ptk:a>
                                                      <content>
                                                         <ptk:l>
                                                            <ptk:t location="Target:49:109">democratic</ptk:t>
                                                         </ptk:l>
                                                      </content>
                                                   </LinkTitle>
                                                </title>
                                             </InternalLink>
                                             <ptk:t location="Target:49:121"> </ptk:t>
                                             <InternalLink location="Target:49:124">
                                                <ptk:a name="RTD">
                                                   <RtData>c3EAfgAAdXEAfgADAAAAAnVxAH4ABQAAAAF0AApbW3JlcHVibGljdXEAfgAFAAAAAXQAAl1d</RtData>
                                                </ptk:a>
                                                <target>republic</target>
                                                <prefix/>
                                                <postfix/>
                                                <title>
                                                   <LinkTitle>
                                                      <content>
                                                         <ptk:l/>
                                                      </content>
                                                   </LinkTitle>
                                                </title>
                                             </InternalLink>
                                             <Whitespace>
                                                <hasNewline>true</hasNewline>
                                                <content>
                                                   <ptk:l>
                                                      <ptk:t>
</ptk:t>
                                                   </ptk:l>
                                                </content>
                                             </Whitespace>
                                          </ptk:l>
                                       </body>
                                    </XmlElement>
                                    <Whitespace>
                                       <hasNewline>true</hasNewline>
                                       <content>
                                          <ptk:l>
                                             <ptk:t>
</ptk:t>
                                          </ptk:l>
                                       </content>
                                    </Whitespace>
                                    <ptk:t location="Target:51:1">        </ptk:t>
                                 </ptk:l>
                              </body>
                           </XmlElement>
                           <XmlElement>
                              <ptk:a name="RTD">
                                 <RtData>c3EAfgAAdXEAfgADAAAAA3VxAH4ABQAAAAF0AAM8dHJ1cQB+AAUAAAABdAABPnVxAH4ABQAAAAF0AAU8L3RyPg==</RtData>
                              </ptk:a>
                              <name>tr</name>
                              <empty>false</empty>
                              <xmlAttributes>
                                 <ptk:l location="Target:51:17">
                                    <XmlAttribute location="Target:51:17">
                                       <ptk:a name="RTD">
                                          <RtData>c3EAfgAAdXEAfgADAAAAAnVxAH4ABQAAAAF0AAggY2xhc3M9InVxAH4ABQAAAAF0AAEi</RtData>
                                       </ptk:a>
                                       <name>class</name>
                                       <hasValue>true</hasValue>
                                       <value>
                                          <ptk:l location="Target:51:25">
                                             <ptk:t location="Target:51:25">mergedrow</ptk:t>
                                          </ptk:l>
                                       </value>
                                    </XmlAttribute>
                                 </ptk:l>
                              </xmlAttributes>
                              <body>
                                 <ptk:l>
                                    <Whitespace>
                                       <hasNewline>true</hasNewline>
                                       <content>
                                          <ptk:l>
                                             <ptk:t>
</ptk:t>
                                          </ptk:l>
                                       </content>
                                    </Whitespace>
                                    <ptk:t location="Target:52:1">          </ptk:t>
                                    <XmlElement>
                                       <ptk:a name="RTD">
                                          <RtData>c3EAfgAAdXEAfgADAAAAA3VxAH4ABQAAAAF0AAM8dGR1cQB+AAUAAAABdAABPnVxAH4ABQAAAAF0AAU8L3RkPg==</RtData>
                                       </ptk:a>
                                       <name>td</name>
                                       <empty>false</empty>
                                       <xmlAttributes>
                                          <ptk:l location="Target:52:14">
                                             <XmlAttribute location="Target:52:14">
                                                <ptk:a name="RTD">
                                                   <RtData>c3EAfgAAdXEAfgADAAAAAnVxAH4ABQAAAAF0AAggc3R5bGU9InVxAH4ABQAAAAF0AAEi</RtData>
                                                </ptk:a>
                                                <name>style</name>
                                                <hasValue>true</hasValue>
                                                <value>
                                                   <ptk:l location="Target:52:22">
                                                      <ptk:t location="Target:52:22">width:1em; padding:0 0 0 0.6em;</ptk:t>
                                                   </ptk:l>
                                                </value>
                                             </XmlAttribute>
                                          </ptk:l>
                                       </xmlAttributes>
                                       <body>
                                          <ptk:l>
                                             <XmlEntityRef location="Target:52:56">
                                                <ptk:a name="RTD">
                                                   <RtData>c3EAfgAAdXEAfgADAAAAAXVxAH4ABQAAAAF0AAYmbmJzcDs=</RtData>
                                                </ptk:a>
                                                <name>nbsp</name>
                                             </XmlEntityRef>
                                             <ptk:t location="Target:52:61">-</ptk:t>
                                             <XmlEntityRef location="Target:52:63">
                                                <ptk:a name="RTD">
                                                   <RtData>c3EAfgAAdXEAfgADAAAAAXVxAH4ABQAAAAF0AAYmbmJzcDs=</RtData>
                                                </ptk:a>
                                                <name>nbsp</name>
                                             </XmlEntityRef>
                                          </ptk:l>
                                       </body>
                                    </XmlElement>
                                    <Whitespace>
                                       <hasNewline>true</hasNewline>
                                       <content>
                                          <ptk:l>
                                             <ptk:t>
</ptk:t>
                                          </ptk:l>
                                       </content>
                                    </Whitespace>
                                    <ptk:t location="Target:53:1">          </ptk:t>
                                    <XmlElement>
                                       <ptk:a name="RTD">
                                          <RtData>c3EAfgAAdXEAfgADAAAAA3VxAH4ABQAAAAF0AAM8dGR1cQB+AAUAAAABdAABPnVxAH4ABQAAAAF0AAU8L3RkPg==</RtData>
                                       </ptk:a>
                                       <name>td</name>
                                       <empty>false</empty>
                                       <xmlAttributes>
                                          <ptk:l location="Target:53:14">
                                             <XmlAttribute location="Target:53:14">
                                                <ptk:a name="RTD">
                                                   <RtData>c3EAfgAAdXEAfgADAAAAAnVxAH4ABQAAAAF0AAggc3R5bGU9InVxAH4ABQAAAAF0AAEi</RtData>
                                                </ptk:a>
                                                <name>style</name>
                                                <hasValue>true</hasValue>
                                                <value>
                                                   <ptk:l location="Target:53:22">
                                                      <ptk:t location="Target:53:22">padding-left:0em;</ptk:t>
                                                   </ptk:l>
                                                </value>
                                             </XmlAttribute>
                                          </ptk:l>
                                       </xmlAttributes>
                                       <body>
                                          <ptk:l>
                                             <ptk:t location="Target:53:41"> </ptk:t>
                                             <InternalLink location="Target:53:44">
                                                <ptk:a name="RTD">
                                                   <RtData>c3EAfgAAdXEAfgADAAAAAnVxAH4ABQAAAAF0ACNbW0xpc3Qgb2YgUHJlc2lkZW50cyBvZiBTb3V0aCBTdWRhbnVxAH4ABQAAAAF0AAJdXQ==</RtData>
                                                </ptk:a>
                                                <target>List of Presidents of South Sudan</target>
                                                <prefix/>
                                                <postfix/>
                                                <title>
                                                   <LinkTitle location="Target:53:77">
                                                      <ptk:a name="RTD">
                                                         <RtData>c3EAfgAAdXEAfgADAAAAAnVxAH4ABQAAAAF0AAF8cA==</RtData>
                                                      </ptk:a>
                                                      <content>
                                                         <ptk:l>
                                                            <ptk:t location="Target:53:78">President</ptk:t>
                                                         </ptk:l>
                                                      </content>
                                                   </LinkTitle>
                                                </title>
                                             </InternalLink>
                                             <Whitespace>
                                                <hasNewline>true</hasNewline>
                                                <content>
                                                   <ptk:l>
                                                      <ptk:t>
</ptk:t>
                                                   </ptk:l>
                                                </content>
                                             </Whitespace>
                                          </ptk:l>
                                       </body>
                                    </XmlElement>
                                    <Whitespace>
                                       <hasNewline>true</hasNewline>
                                       <content>
                                          <ptk:l>
                                             <ptk:t>
</ptk:t>
                                          </ptk:l>
                                       </content>
                                    </Whitespace>
                                    <ptk:t location="Target:55:1">          </ptk:t>
                                    <XmlElement>
                                       <ptk:a name="RTD">
                                          <RtData>c3EAfgAAdXEAfgADAAAAA3VxAH4ABQAAAAF0AAM8dGR1cQB+AAUAAAABdAABPnVxAH4ABQAAAAF0AAU8L3RkPg==</RtData>
                                       </ptk:a>
                                       <name>td</name>
                                       <empty>false</empty>
                                       <xmlAttributes>
                                          <ptk:l location="Target:55:14"/>
                                       </xmlAttributes>
                                       <body>
                                          <ptk:l>
                                             <ptk:t location="Target:55:15"> </ptk:t>
                                             <InternalLink location="Target:55:18">
                                                <ptk:a name="RTD">
                                                   <RtData>c3EAfgAAdXEAfgADAAAAAnVxAH4ABQAAAAF0ABVbW1NhbHZhIEtpaXIgTWF5YXJkaXR1cQB+AAUAAAABdAACXV0=</RtData>
                                                </ptk:a>
                                                <target>Salva Kiir Mayardit</target>
                                                <prefix/>
                                                <postfix/>
                                                <title>
                                                   <LinkTitle>
                                                      <content>
                                                         <ptk:l/>
                                                      </content>
                                                   </LinkTitle>
                                                </title>
                                             </InternalLink>
                                             <Whitespace>
                                                <hasNewline>true</hasNewline>
                                                <content>
                                                   <ptk:l>
                                                      <ptk:t>
</ptk:t>
                                                   </ptk:l>
                                                </content>
                                             </Whitespace>
                                          </ptk:l>
                                       </body>
                                    </XmlElement>
                                    <Whitespace>
                                       <hasNewline>true</hasNewline>
                                       <content>
                                          <ptk:l>
                                             <ptk:t>
</ptk:t>
                                          </ptk:l>
                                       </content>
                                    </Whitespace>
                                    <ptk:t location="Target:57:1">        </ptk:t>
                                 </ptk:l>
                              </body>
                           </XmlElement>
                           <XmlElement>
                              <ptk:a name="RTD">
                                 <RtData>c3EAfgAAdXEAfgADAAAAA3VxAH4ABQAAAAF0AAM8dHJ1cQB+AAUAAAABdAABPnVxAH4ABQAAAAF0AAU8L3RyPg==</RtData>
                              </ptk:a>
                              <name>tr</name>
                              <empty>false</empty>
                              <xmlAttributes>
                                 <ptk:l location="Target:57:17">
                                    <XmlAttribute location="Target:57:17">
                                       <ptk:a name="RTD">
                                          <RtData>c3EAfgAAdXEAfgADAAAAAnVxAH4ABQAAAAF0AAggY2xhc3M9InVxAH4ABQAAAAF0AAEi</RtData>
                                       </ptk:a>
                                       <name>class</name>
                                       <hasValue>true</hasValue>
                                       <value>
                                          <ptk:l location="Target:57:25">
                                             <ptk:t location="Target:57:25">mergedbottomrow</ptk:t>
                                          </ptk:l>
                                       </value>
                                    </XmlAttribute>
                                 </ptk:l>
                              </xmlAttributes>
                              <body>
                                 <ptk:l>
                                    <Whitespace>
                                       <hasNewline>true</hasNewline>
                                       <content>
                                          <ptk:l>
                                             <ptk:t>
</ptk:t>
                                          </ptk:l>
                                       </content>
                                    </Whitespace>
                                    <ptk:t location="Target:58:1">          </ptk:t>
                                    <XmlElement>
                                       <ptk:a name="RTD">
                                          <RtData>c3EAfgAAdXEAfgADAAAAA3VxAH4ABQAAAAF0AAM8dGR1cQB+AAUAAAABdAABPnVxAH4ABQAAAAF0AAU8L3RkPg==</RtData>
                                       </ptk:a>
                                       <name>td</name>
                                       <empty>false</empty>
                                       <xmlAttributes>
                                          <ptk:l location="Target:58:14">
                                             <XmlAttribute location="Target:58:14">
                                                <ptk:a name="RTD">
                                                   <RtData>c3EAfgAAdXEAfgADAAAAAnVxAH4ABQAAAAF0AAggc3R5bGU9InVxAH4ABQAAAAF0AAEi</RtData>
                                                </ptk:a>
                                                <name>style</name>
                                                <hasValue>true</hasValue>
                                                <value>
                                                   <ptk:l location="Target:58:22">
                                                      <ptk:t location="Target:58:22">width:1em; padding:0 0 0 0.6em;</ptk:t>
                                                   </ptk:l>
                                                </value>
                                             </XmlAttribute>
                                          </ptk:l>
                                       </xmlAttributes>
                                       <body>
                                          <ptk:l>
                                             <XmlEntityRef location="Target:58:56">
                                                <ptk:a name="RTD">
                                                   <RtData>c3EAfgAAdXEAfgADAAAAAXVxAH4ABQAAAAF0AAYmbmJzcDs=</RtData>
                                                </ptk:a>
                                                <name>nbsp</name>
                                             </XmlEntityRef>
                                             <ptk:t location="Target:58:61">-</ptk:t>
                                             <XmlEntityRef location="Target:58:63">
                                                <ptk:a name="RTD">
                                                   <RtData>c3EAfgAAdXEAfgADAAAAAXVxAH4ABQAAAAF0AAYmbmJzcDs=</RtData>
                                                </ptk:a>
                                                <name>nbsp</name>
                                             </XmlEntityRef>
                                          </ptk:l>
                                       </body>
                                    </XmlElement>
                                    <Whitespace>
                                       <hasNewline>true</hasNewline>
                                       <content>
                                          <ptk:l>
                                             <ptk:t>
</ptk:t>
                                          </ptk:l>
                                       </content>
                                    </Whitespace>
                                    <ptk:t location="Target:59:1">          </ptk:t>
                                    <XmlElement>
                                       <ptk:a name="RTD">
                                          <RtData>c3EAfgAAdXEAfgADAAAAA3VxAH4ABQAAAAF0AAM8dGR1cQB+AAUAAAABdAABPnVxAH4ABQAAAAF0AAU8L3RkPg==</RtData>
                                       </ptk:a>
                                       <name>td</name>
                                       <empty>false</empty>
                                       <xmlAttributes>
                                          <ptk:l location="Target:59:14">
                                             <XmlAttribute location="Target:59:14">
                                                <ptk:a name="RTD">
                                                   <RtData>c3EAfgAAdXEAfgADAAAAAnVxAH4ABQAAAAF0AAggc3R5bGU9InVxAH4ABQAAAAF0AAEi</RtData>
                                                </ptk:a>
                                                <name>style</name>
                                                <hasValue>true</hasValue>
                                                <value>
                                                   <ptk:l location="Target:59:22">
                                                      <ptk:t location="Target:59:22">padding-left:0em;</ptk:t>
                                                   </ptk:l>
                                                </value>
                                             </XmlAttribute>
                                          </ptk:l>
                                       </xmlAttributes>
                                       <body>
                                          <ptk:l>
                                             <ptk:t location="Target:59:41"> </ptk:t>
                                             <InternalLink location="Target:59:44">
                                                <ptk:a name="RTD">
                                                   <RtData>c3EAfgAAdXEAfgADAAAAAnVxAH4ABQAAAAF0AChbW0xpc3Qgb2YgVmljZS1QcmVzaWRlbnRzIG9mIFNvdXRoIFN1ZGFudXEAfgAFAAAAAXQAAl1d</RtData>
                                                </ptk:a>
                                                <target>List of Vice-Presidents of South Sudan</target>
                                                <prefix/>
                                                <postfix/>
                                                <title>
                                                   <LinkTitle location="Target:59:82">
                                                      <ptk:a name="RTD">
                                                         <RtData>c3EAfgAAdXEAfgADAAAAAnVxAH4ABQAAAAF0AAF8cA==</RtData>
                                                      </ptk:a>
                                                      <content>
                                                         <ptk:l>
                                                            <ptk:t location="Target:59:83">Vice-President</ptk:t>
                                                         </ptk:l>
                                                      </content>
                                                   </LinkTitle>
                                                </title>
                                             </InternalLink>
                                             <Whitespace>
                                                <hasNewline>true</hasNewline>
                                                <content>
                                                   <ptk:l>
                                                      <ptk:t>
</ptk:t>
                                                   </ptk:l>
                                                </content>
                                             </Whitespace>
                                          </ptk:l>
                                       </body>
                                    </XmlElement>
                                    <Whitespace>
                                       <hasNewline>true</hasNewline>
                                       <content>
                                          <ptk:l>
                                             <ptk:t>
</ptk:t>
                                          </ptk:l>
                                       </content>
                                    </Whitespace>
                                    <ptk:t location="Target:61:1">          </ptk:t>
                                    <XmlElement>
                                       <ptk:a name="RTD">
                                          <RtData>c3EAfgAAdXEAfgADAAAAA3VxAH4ABQAAAAF0AAM8dGR1cQB+AAUAAAABdAABPnVxAH4ABQAAAAF0AAU8L3RkPg==</RtData>
                                       </ptk:a>
                                       <name>td</name>
                                       <empty>false</empty>
                                       <xmlAttributes>
                                          <ptk:l location="Target:61:14"/>
                                       </xmlAttributes>
                                       <body>
                                          <ptk:l>
                                             <ptk:t location="Target:61:15"> </ptk:t>
                                             <InternalLink location="Target:61:18">
                                                <ptk:a name="RTD">
                                                   <RtData>c3EAfgAAdXEAfgADAAAAAnVxAH4ABQAAAAF0AA1bW1JpZWsgTWFjaGFydXEAfgAFAAAAAXQAAl1d</RtData>
                                                </ptk:a>
                                                <target>Riek Machar</target>
                                                <prefix/>
                                                <postfix/>
                                                <title>
                                                   <LinkTitle>
                                                      <content>
                                                         <ptk:l/>
                                                      </content>
                                                   </LinkTitle>
                                                </title>
                                             </InternalLink>
                                             <Whitespace>
                                                <hasNewline>true</hasNewline>
                                                <content>
                                                   <ptk:l>
                                                      <ptk:t>
</ptk:t>
                                                   </ptk:l>
                                                </content>
                                             </Whitespace>
                                          </ptk:l>
                                       </body>
                                    </XmlElement>
                                    <Whitespace>
                                       <hasNewline>true</hasNewline>
                                       <content>
                                          <ptk:l>
                                             <ptk:t>
</ptk:t>
                                          </ptk:l>
                                       </content>
                                    </Whitespace>
                                    <ptk:t location="Target:63:1">        </ptk:t>
                                 </ptk:l>
                              </body>
                           </XmlElement>
                           <XmlElement>
                              <ptk:a name="RTD">
                                 <RtData>c3EAfgAAdXEAfgADAAAAA3VxAH4ABQAAAAF0AAM8dHJ1cQB+AAUAAAABdAABPnVxAH4ABQAAAAF0AAU8L3RyPg==</RtData>
                              </ptk:a>
                              <name>tr</name>
                              <empty>false</empty>
                              <xmlAttributes>
                                 <ptk:l location="Target:63:17"/>
                              </xmlAttributes>
                              <body>
                                 <ptk:l>
                                    <Whitespace>
                                       <hasNewline>true</hasNewline>
                                       <content>
                                          <ptk:l>
                                             <ptk:t>
</ptk:t>
                                          </ptk:l>
                                       </content>
                                    </Whitespace>
                                    <ptk:t location="Target:64:1">          </ptk:t>
                                    <XmlElement>
                                       <ptk:a name="RTD">
                                          <RtData>c3EAfgAAdXEAfgADAAAAA3VxAH4ABQAAAAF0AAM8dGh1cQB+AAUAAAABdAABPnVxAH4ABQAAAAF0AAU8L3RoPg==</RtData>
                                       </ptk:a>
                                       <name>th</name>
                                       <empty>false</empty>
                                       <xmlAttributes>
                                          <ptk:l location="Target:64:14">
                                             <XmlAttribute location="Target:64:14">
                                                <ptk:a name="RTD">
                                                   <RtData>c3EAfgAAdXEAfgADAAAAAnVxAH4ABQAAAAF0AAogY29sc3Bhbj0idXEAfgAFAAAAAXQAASI=</RtData>
                                                </ptk:a>
                                                <name>colspan</name>
                                                <hasValue>true</hasValue>
                                                <value>
                                                   <ptk:l location="Target:64:24">
                                                      <ptk:t location="Target:64:24">2</ptk:t>
                                                   </ptk:l>
                                                </value>
                                             </XmlAttribute>
                                          </ptk:l>
                                       </xmlAttributes>
                                       <body>
                                          <ptk:l>
                                             <InternalLink location="Target:64:29">
                                                <ptk:a name="RTD">
                                                   <RtData>c3EAfgAAdXEAfgADAAAAAnVxAH4ABQAAAAF0AA1bW0xlZ2lzbGF0dXJldXEAfgAFAAAAAXQAAl1d</RtData>
                                                </ptk:a>
                                                <target>Legislature</target>
                                                <prefix/>
                                                <postfix/>
                                                <title>
                                                   <LinkTitle>
                                                      <content>
                                                         <ptk:l/>
                                                      </content>
                                                   </LinkTitle>
                                                </title>
                                             </InternalLink>
                                          </ptk:l>
                                       </body>
                                    </XmlElement>
                                    <Whitespace>
                                       <hasNewline>true</hasNewline>
                                       <content>
                                          <ptk:l>
                                             <ptk:t>
</ptk:t>
                                          </ptk:l>
                                       </content>
                                    </Whitespace>
                                    <ptk:t location="Target:65:1">          </ptk:t>
                                    <XmlElement>
                                       <ptk:a name="RTD">
                                          <RtData>c3EAfgAAdXEAfgADAAAAA3VxAH4ABQAAAAF0AAM8dGR1cQB+AAUAAAABdAABPnVxAH4ABQAAAAF0AAU8L3RkPg==</RtData>
                                       </ptk:a>
                                       <name>td</name>
                                       <empty>false</empty>
                                       <xmlAttributes>
                                          <ptk:l location="Target:65:14"/>
                                       </xmlAttributes>
                                       <body>
                                          <ptk:l>
                                             <ptk:t location="Target:65:15"> </ptk:t>
                                             <InternalLink location="Target:65:18">
                                                <ptk:a name="RTD">
                                                   <RtData>c3EAfgAAdXEAfgADAAAAAnVxAH4ABQAAAAF0ACJbW1NvdXRoIFN1ZGFuIExlZ2lzbGF0aXZlIEFzc2VtYmx5dXEAfgAFAAAAAXQAAl1d</RtData>
                                                </ptk:a>
                                                <target>South Sudan Legislative Assembly</target>
                                                <prefix/>
                                                <postfix/>
                                                <title>
                                                   <LinkTitle location="Target:65:50">
                                                      <ptk:a name="RTD">
                                                         <RtData>c3EAfgAAdXEAfgADAAAAAnVxAH4ABQAAAAF0AAF8cA==</RtData>
                                                      </ptk:a>
                                                      <content>
                                                         <ptk:l>
                                                            <ptk:t location="Target:65:51">Legislative Assembly</ptk:t>
                                                         </ptk:l>
                                                      </content>
                                                   </LinkTitle>
                                                </title>
                                             </InternalLink>
                                             <Whitespace>
                                                <hasNewline>true</hasNewline>
                                                <content>
                                                   <ptk:l>
                                                      <ptk:t>
</ptk:t>
                                                   </ptk:l>
                                                </content>
                                             </Whitespace>
                                          </ptk:l>
                                       </body>
                                    </XmlElement>
                                    <Whitespace>
                                       <hasNewline>true</hasNewline>
                                       <content>
                                          <ptk:l>
                                             <ptk:t>
</ptk:t>
                                          </ptk:l>
                                       </content>
                                    </Whitespace>
                                    <ptk:t location="Target:67:1">      </ptk:t>
                                 </ptk:l>
                              </body>
                           </XmlElement>
                           <XmlElement>
                              <ptk:a name="RTD">
                                 <RtData>c3EAfgAAdXEAfgADAAAAA3VxAH4ABQAAAAF0AAM8dHJ1cQB+AAUAAAABdAABPnVxAH4ABQAAAAF0AAU8L3RyPg==</RtData>
                              </ptk:a>
                              <name>tr</name>
                              <empty>false</empty>
                              <xmlAttributes>
                                 <ptk:l location="Target:67:15">
                                    <XmlAttribute location="Target:67:15">
                                       <ptk:a name="RTD">
                                          <RtData>c3EAfgAAdXEAfgADAAAAAnVxAH4ABQAAAAF0AAggY2xhc3M9InVxAH4ABQAAAAF0AAEi</RtData>
                                       </ptk:a>
                                       <name>class</name>
                                       <hasValue>true</hasValue>
                                       <value>
                                          <ptk:l location="Target:67:23">
                                             <ptk:t location="Target:67:23">mergedtoprow</ptk:t>
                                          </ptk:l>
                                       </value>
                                    </XmlAttribute>
                                 </ptk:l>
                              </xmlAttributes>
                              <body>
                                 <ptk:l>
                                    <XmlElement>
                                       <ptk:a name="RTD">
                                          <RtData>c3EAfgAAdXEAfgADAAAAA3VxAH4ABQAAAAF0AAM8dGh1cQB+AAUAAAABdAABPnVxAH4ABQAAAAF0AAU8L3RoPg==</RtData>
                                       </ptk:a>
                                       <name>th</name>
                                       <empty>false</empty>
                                       <xmlAttributes>
                                          <ptk:l location="Target:67:40">
                                             <XmlAttribute location="Target:67:40">
                                                <ptk:a name="RTD">
                                                   <RtData>c3EAfgAAdXEAfgADAAAAAnVxAH4ABQAAAAF0AAogY29sc3Bhbj0idXEAfgAFAAAAAXQAASI=</RtData>
                                                </ptk:a>
                                                <name>colspan</name>
                                                <hasValue>true</hasValue>
                                                <value>
                                                   <ptk:l location="Target:67:50">
                                                      <ptk:t location="Target:67:50">2</ptk:t>
                                                   </ptk:l>
                                                </value>
                                             </XmlAttribute>
                                          </ptk:l>
                                       </xmlAttributes>
                                       <body>
                                          <ptk:l>
                                             <ptk:t location="Target:67:53"> </ptk:t>
                                             <InternalLink location="Target:67:56">
                                                <ptk:a name="RTD">
                                                   <RtData>c3EAfgAAdXEAfgADAAAAAnVxAH4ABQAAAAF0AA5bW0luZGVwZW5kZW5jZXVxAH4ABQAAAAF0AAJdXQ==</RtData>
                                                </ptk:a>
                                                <target>Independence</target>
                                                <prefix/>
                                                <postfix/>
                                                <title>
                                                   <LinkTitle>
                                                      <content>
                                                         <ptk:l/>
                                                      </content>
                                                   </LinkTitle>
                                                </title>
                                             </InternalLink>
                                             <Whitespace>
                                                <hasNewline>true</hasNewline>
                                                <content>
                                                   <ptk:l>
                                                      <ptk:t>
</ptk:t>
                                                   </ptk:l>
                                                </content>
                                             </Whitespace>
                                          </ptk:l>
                                       </body>
                                    </XmlElement>
                                    <Whitespace>
                                       <hasNewline>true</hasNewline>
                                       <content>
                                          <ptk:l>
                                             <ptk:t>
</ptk:t>
                                          </ptk:l>
                                       </content>
                                    </Whitespace>
                                    <ptk:t location="Target:69:1">                                      </ptk:t>
                                    <XmlElement>
                                       <ptk:a name="RTD">
                                          <RtData>c3EAfgAAdXEAfgADAAAAA3VxAH4ABQAAAAF0AAM8dGR1cQB+AAUAAAABdAABPnVxAH4ABQAAAAF0AAU8L3RkPg==</RtData>
                                       </ptk:a>
                                       <name>td</name>
                                       <empty>false</empty>
                                       <xmlAttributes>
                                          <ptk:l location="Target:69:42"/>
                                       </xmlAttributes>
                                       <body>
                                          <ptk:l>
                                             <ptk:t location="Target:69:43"> from </ptk:t>
                                             <InternalLink location="Target:69:51">
                                                <ptk:a name="RTD">
                                                   <RtData>c3EAfgAAdXEAfgADAAAAAnVxAH4ABQAAAAF0AAdbW1N1ZGFudXEAfgAFAAAAAXQAAl1d</RtData>
                                                </ptk:a>
                                                <target>Sudan</target>
                                                <prefix/>
                                                <postfix/>
                                                <title>
                                                   <LinkTitle>
                                                      <content>
                                                         <ptk:l/>
                                                      </content>
                                                   </LinkTitle>
                                                </title>
                                             </InternalLink>
                                             <Whitespace>
                                                <hasNewline>true</hasNewline>
                                                <content>
                                                   <ptk:l>
                                                      <ptk:t>
</ptk:t>
                                                   </ptk:l>
                                                </content>
                                             </Whitespace>
                                             <XmlEntityRef location="Target:70:2">
                                                <ptk:a name="RTD">
                                                   <RtData>c3EAfgAAdXEAfgADAAAAAXVxAH4ABQAAAAF0AAYmbmJzcDs=</RtData>
                                                </ptk:a>
                                                <name>nbsp</name>
                                             </XmlEntityRef>
                                          </ptk:l>
                                       </body>
                                    </XmlElement>
                                 </ptk:l>
                              </body>
                           </XmlElement>
                           <XmlElement>
                              <ptk:a name="RTD">
                                 <RtData>c3EAfgAAdXEAfgADAAAAA3VxAH4ABQAAAAF0AAM8dHJ1cQB+AAUAAAABdAABPnVxAH4ABQAAAAF0AAU8L3RyPg==</RtData>
                              </ptk:a>
                              <name>tr</name>
                              <empty>false</empty>
                              <xmlAttributes>
                                 <ptk:l location="Target:70:20">
                                    <XmlAttribute location="Target:70:20">
                                       <ptk:a name="RTD">
                                          <RtData>c3EAfgAAdXEAfgADAAAAAnVxAH4ABQAAAAF0AAggY2xhc3M9InVxAH4ABQAAAAF0AAEi</RtData>
                                       </ptk:a>
                                       <name>class</name>
                                       <hasValue>true</hasValue>
                                       <value>
                                          <ptk:l location="Target:70:28">
                                             <ptk:t location="Target:70:28">mergedrow</ptk:t>
                                          </ptk:l>
                                       </value>
                                    </XmlAttribute>
                                 </ptk:l>
                              </xmlAttributes>
                              <body>
                                 <ptk:l>
                                    <Whitespace>
                                       <hasNewline>true</hasNewline>
                                       <content>
                                          <ptk:l>
                                             <ptk:t>
</ptk:t>
                                          </ptk:l>
                                       </content>
                                    </Whitespace>
                                    <ptk:t location="Target:71:1">          </ptk:t>
                                    <XmlElement>
                                       <ptk:a name="RTD">
                                          <RtData>c3EAfgAAdXEAfgADAAAAA3VxAH4ABQAAAAF0AAM8dGR1cQB+AAUAAAABdAABPnVxAH4ABQAAAAF0AAU8L3RkPg==</RtData>
                                       </ptk:a>
                                       <name>td</name>
                                       <empty>false</empty>
                                       <xmlAttributes>
                                          <ptk:l location="Target:71:14">
                                             <XmlAttribute location="Target:71:14">
                                                <ptk:a name="RTD">
                                                   <RtData>c3EAfgAAdXEAfgADAAAAAnVxAH4ABQAAAAF0AAggc3R5bGU9InVxAH4ABQAAAAF0AAEi</RtData>
                                                </ptk:a>
                                                <name>style</name>
                                                <hasValue>true</hasValue>
                                                <value>
                                                   <ptk:l location="Target:71:22">
                                                      <ptk:t location="Target:71:22">width:1em; padding:0 0 0 0.6em;</ptk:t>
                                                   </ptk:l>
                                                </value>
                                             </XmlAttribute>
                                          </ptk:l>
                                       </xmlAttributes>
                                       <body>
                                          <ptk:l>
                                             <XmlEntityRef location="Target:71:56">
                                                <ptk:a name="RTD">
                                                   <RtData>c3EAfgAAdXEAfgADAAAAAXVxAH4ABQAAAAF0AAYmbmJzcDs=</RtData>
                                                </ptk:a>
                                                <name>nbsp</name>
                                             </XmlEntityRef>
                                             <ptk:t location="Target:71:61">-</ptk:t>
                                             <XmlEntityRef location="Target:71:63">
                                                <ptk:a name="RTD">
                                                   <RtData>c3EAfgAAdXEAfgADAAAAAXVxAH4ABQAAAAF0AAYmbmJzcDs=</RtData>
                                                </ptk:a>
                                                <name>nbsp</name>
                                             </XmlEntityRef>
                                          </ptk:l>
                                       </body>
                                    </XmlElement>
                                    <Whitespace>
                                       <hasNewline>true</hasNewline>
                                       <content>
                                          <ptk:l>
                                             <ptk:t>
</ptk:t>
                                          </ptk:l>
                                       </content>
                                    </Whitespace>
                                    <ptk:t location="Target:72:1">          </ptk:t>
                                    <XmlElement>
                                       <ptk:a name="RTD">
                                          <RtData>c3EAfgAAdXEAfgADAAAAA3VxAH4ABQAAAAF0AAM8dGR1cQB+AAUAAAABdAABPnVxAH4ABQAAAAF0AAU8L3RkPg==</RtData>
                                       </ptk:a>
                                       <name>td</name>
                                       <empty>false</empty>
                                       <xmlAttributes>
                                          <ptk:l location="Target:72:14">
                                             <XmlAttribute location="Target:72:14">
                                                <ptk:a name="RTD">
                                                   <RtData>c3EAfgAAdXEAfgADAAAAAnVxAH4ABQAAAAF0AAggc3R5bGU9InVxAH4ABQAAAAF0AAEi</RtData>
                                                </ptk:a>
                                                <name>style</name>
                                                <hasValue>true</hasValue>
                                                <value>
                                                   <ptk:l location="Target:72:22">
                                                      <ptk:t location="Target:72:22">padding-left:0em;</ptk:t>
                                                   </ptk:l>
                                                </value>
                                             </XmlAttribute>
                                          </ptk:l>
                                       </xmlAttributes>
                                       <body>
                                          <ptk:l>
                                             <ptk:t location="Target:72:41"> </ptk:t>
                                             <InternalLink location="Target:72:44">
                                                <ptk:a name="RTD">
                                                   <RtData>c3EAfgAAdXEAfgADAAAAAnVxAH4ABQAAAAF0AB9bW0NvbXByZWhlbnNpdmUgUGVhY2UgQWdyZWVtZW50dXEAfgAFAAAAAXQAAl1d</RtData>
                                                </ptk:a>
                                                <target>Comprehensive Peace Agreement</target>
                                                <prefix/>
                                                <postfix/>
                                                <title>
                                                   <LinkTitle>
                                                      <content>
                                                         <ptk:l/>
                                                      </content>
                                                   </LinkTitle>
                                                </title>
                                             </InternalLink>
                                             <Whitespace>
                                                <hasNewline>true</hasNewline>
                                                <content>
                                                   <ptk:l>
                                                      <ptk:t>
</ptk:t>
                                                   </ptk:l>
                                                </content>
                                             </Whitespace>
                                          </ptk:l>
                                       </body>
                                    </XmlElement>
                                    <Whitespace>
                                       <hasNewline>true</hasNewline>
                                       <content>
                                          <ptk:l>
                                             <ptk:t>
</ptk:t>
                                          </ptk:l>
                                       </content>
                                    </Whitespace>
                                    <ptk:t location="Target:74:1">          </ptk:t>
                                    <XmlElement>
                                       <ptk:a name="RTD">
                                          <RtData>c3EAfgAAdXEAfgADAAAAA3VxAH4ABQAAAAF0AAM8dGR1cQB+AAUAAAABdAABPnVxAH4ABQAAAAF0AAU8L3RkPg==</RtData>
                                       </ptk:a>
                                       <name>td</name>
                                       <empty>false</empty>
                                       <xmlAttributes>
                                          <ptk:l location="Target:74:14"/>
                                       </xmlAttributes>
                                       <body>
                                          <ptk:l>
                                             <ptk:t location="Target:74:15"> January 6, 2005</ptk:t>
                                             <Whitespace>
                                                <hasNewline>true</hasNewline>
                                                <content>
                                                   <ptk:l>
                                                      <ptk:t>
</ptk:t>
                                                   </ptk:l>
                                                </content>
                                             </Whitespace>
                                             <XmlEntityRef location="Target:75:2">
                                                <ptk:a name="RTD">
                                                   <RtData>c3EAfgAAdXEAfgADAAAAAXVxAH4ABQAAAAF0AAYmbmJzcDs=</RtData>
                                                </ptk:a>
                                                <name>nbsp</name>
                                             </XmlEntityRef>
                                          </ptk:l>
                                       </body>
                                    </XmlElement>
                                    <Whitespace>
                                       <hasNewline>true</hasNewline>
                                       <content>
                                          <ptk:l>
                                             <ptk:t>
</ptk:t>
                                          </ptk:l>
                                       </content>
                                    </Whitespace>
                                    <ptk:t location="Target:76:1">        </ptk:t>
                                 </ptk:l>
                              </body>
                           </XmlElement>
                           <XmlElement>
                              <ptk:a name="RTD">
                                 <RtData>c3EAfgAAdXEAfgADAAAAA3VxAH4ABQAAAAF0AAM8dHJ1cQB+AAUAAAABdAABPnVxAH4ABQAAAAF0AAU8L3RyPg==</RtData>
                              </ptk:a>
                              <name>tr</name>
                              <empty>false</empty>
                              <xmlAttributes>
                                 <ptk:l location="Target:76:17">
                                    <XmlAttribute location="Target:76:17">
                                       <ptk:a name="RTD">
                                          <RtData>c3EAfgAAdXEAfgADAAAAAnVxAH4ABQAAAAF0AAggY2xhc3M9InVxAH4ABQAAAAF0AAEi</RtData>
                                       </ptk:a>
                                       <name>class</name>
                                       <hasValue>true</hasValue>
                                       <value>
                                          <ptk:l location="Target:76:25">
                                             <ptk:t location="Target:76:25">mergedrow</ptk:t>
                                          </ptk:l>
                                       </value>
                                    </XmlAttribute>
                                 </ptk:l>
                              </xmlAttributes>
                              <body>
                                 <ptk:l>
                                    <Whitespace>
                                       <hasNewline>true</hasNewline>
                                       <content>
                                          <ptk:l>
                                             <ptk:t>
</ptk:t>
                                          </ptk:l>
                                       </content>
                                    </Whitespace>
                                    <ptk:t location="Target:77:1">          </ptk:t>
                                    <XmlElement>
                                       <ptk:a name="RTD">
                                          <RtData>c3EAfgAAdXEAfgADAAAAA3VxAH4ABQAAAAF0AAM8dGR1cQB+AAUAAAABdAABPnVxAH4ABQAAAAF0AAU8L3RkPg==</RtData>
                                       </ptk:a>
                                       <name>td</name>
                                       <empty>false</empty>
                                       <xmlAttributes>
                                          <ptk:l location="Target:77:14">
                                             <XmlAttribute location="Target:77:14">
                                                <ptk:a name="RTD">
                                                   <RtData>c3EAfgAAdXEAfgADAAAAAnVxAH4ABQAAAAF0AAggc3R5bGU9InVxAH4ABQAAAAF0AAEi</RtData>
                                                </ptk:a>
                                                <name>style</name>
                                                <hasValue>true</hasValue>
                                                <value>
                                                   <ptk:l location="Target:77:22">
                                                      <ptk:t location="Target:77:22">width:1em; padding:0 0 0 0.6em;</ptk:t>
                                                   </ptk:l>
                                                </value>
                                             </XmlAttribute>
                                          </ptk:l>
                                       </xmlAttributes>
                                       <body>
                                          <ptk:l>
                                             <XmlEntityRef location="Target:77:56">
                                                <ptk:a name="RTD">
                                                   <RtData>c3EAfgAAdXEAfgADAAAAAXVxAH4ABQAAAAF0AAYmbmJzcDs=</RtData>
                                                </ptk:a>
                                                <name>nbsp</name>
                                             </XmlEntityRef>
                                             <ptk:t location="Target:77:61">-</ptk:t>
                                             <XmlEntityRef location="Target:77:63">
                                                <ptk:a name="RTD">
                                                   <RtData>c3EAfgAAdXEAfgADAAAAAXVxAH4ABQAAAAF0AAYmbmJzcDs=</RtData>
                                                </ptk:a>
                                                <name>nbsp</name>
                                             </XmlEntityRef>
                                          </ptk:l>
                                       </body>
                                    </XmlElement>
                                    <Whitespace>
                                       <hasNewline>true</hasNewline>
                                       <content>
                                          <ptk:l>
                                             <ptk:t>
</ptk:t>
                                          </ptk:l>
                                       </content>
                                    </Whitespace>
                                    <ptk:t location="Target:78:1">          </ptk:t>
                                    <XmlElement>
                                       <ptk:a name="RTD">
                                          <RtData>c3EAfgAAdXEAfgADAAAAA3VxAH4ABQAAAAF0AAM8dGR1cQB+AAUAAAABdAABPnVxAH4ABQAAAAF0AAU8L3RkPg==</RtData>
                                       </ptk:a>
                                       <name>td</name>
                                       <empty>false</empty>
                                       <xmlAttributes>
                                          <ptk:l location="Target:78:14">
                                             <XmlAttribute location="Target:78:14">
                                                <ptk:a name="RTD">
                                                   <RtData>c3EAfgAAdXEAfgADAAAAAnVxAH4ABQAAAAF0AAggc3R5bGU9InVxAH4ABQAAAAF0AAEi</RtData>
                                                </ptk:a>
                                                <name>style</name>
                                                <hasValue>true</hasValue>
                                                <value>
                                                   <ptk:l location="Target:78:22">
                                                      <ptk:t location="Target:78:22">padding-left:0em;</ptk:t>
                                                   </ptk:l>
                                                </value>
                                             </XmlAttribute>
                                          </ptk:l>
                                       </xmlAttributes>
                                       <body>
                                          <ptk:l>
                                             <ptk:t location="Target:78:41"> </ptk:t>
                                             <InternalLink location="Target:78:44">
                                                <ptk:a name="RTD">
                                                   <RtData>c3EAfgAAdXEAfgADAAAAAnVxAH4ABQAAAAF0AClbW0F1dG9ub21vdXMgR292ZXJubWVudCBvZiBTb3V0aGVybiBTdWRhbnVxAH4ABQAAAAF0AAJdXQ==</RtData>
                                                </ptk:a>
                                                <target>Autonomous Government of Southern Sudan</target>
                                                <prefix/>
                                                <postfix/>
                                                <title>
                                                   <LinkTitle location="Target:78:83">
                                                      <ptk:a name="RTD">
                                                         <RtData>c3EAfgAAdXEAfgADAAAAAnVxAH4ABQAAAAF0AAF8cA==</RtData>
                                                      </ptk:a>
                                                      <content>
                                                         <ptk:l>
                                                            <ptk:t location="Target:78:84">Autonomy</ptk:t>
                                                         </ptk:l>
                                                      </content>
                                                   </LinkTitle>
                                                </title>
                                             </InternalLink>
                                             <Whitespace>
                                                <hasNewline>true</hasNewline>
                                                <content>
                                                   <ptk:l>
                                                      <ptk:t>
</ptk:t>
                                                   </ptk:l>
                                                </content>
                                             </Whitespace>
                                          </ptk:l>
                                       </body>
                                    </XmlElement>
                                    <Whitespace>
                                       <hasNewline>true</hasNewline>
                                       <content>
                                          <ptk:l>
                                             <ptk:t>
</ptk:t>
                                          </ptk:l>
                                       </content>
                                    </Whitespace>
                                    <ptk:t location="Target:80:1">          </ptk:t>
                                    <XmlElement>
                                       <ptk:a name="RTD">
                                          <RtData>c3EAfgAAdXEAfgADAAAAA3VxAH4ABQAAAAF0AAM8dGR1cQB+AAUAAAABdAABPnVxAH4ABQAAAAF0AAU8L3RkPg==</RtData>
                                       </ptk:a>
                                       <name>td</name>
                                       <empty>false</empty>
                                       <xmlAttributes>
                                          <ptk:l location="Target:80:14"/>
                                       </xmlAttributes>
                                       <body>
                                          <ptk:l>
                                             <ptk:t location="Target:80:15"> July 9, 2005</ptk:t>
                                             <Whitespace>
                                                <hasNewline>true</hasNewline>
                                                <content>
                                                   <ptk:l>
                                                      <ptk:t>
</ptk:t>
                                                   </ptk:l>
                                                </content>
                                             </Whitespace>
                                             <XmlEntityRef location="Target:81:2">
                                                <ptk:a name="RTD">
                                                   <RtData>c3EAfgAAdXEAfgADAAAAAXVxAH4ABQAAAAF0AAYmbmJzcDs=</RtData>
                                                </ptk:a>
                                                <name>nbsp</name>
                                             </XmlEntityRef>
                                          </ptk:l>
                                       </body>
                                    </XmlElement>
                                    <Whitespace>
                                       <hasNewline>true</hasNewline>
                                       <content>
                                          <ptk:l>
                                             <ptk:t>
</ptk:t>
                                          </ptk:l>
                                       </content>
                                    </Whitespace>
                                    <ptk:t location="Target:82:1">        </ptk:t>
                                 </ptk:l>
                              </body>
                           </XmlElement>
                           <XmlElement>
                              <ptk:a name="RTD">
                                 <RtData>c3EAfgAAdXEAfgADAAAAA3VxAH4ABQAAAAF0AAM8dHJ1cQB+AAUAAAABdAABPnVxAH4ABQAAAAF0AAU8L3RyPg==</RtData>
                              </ptk:a>
                              <name>tr</name>
                              <empty>false</empty>
                              <xmlAttributes>
                                 <ptk:l location="Target:82:17">
                                    <XmlAttribute location="Target:82:17">
                                       <ptk:a name="RTD">
                                          <RtData>c3EAfgAAdXEAfgADAAAAAnVxAH4ABQAAAAF0AAggY2xhc3M9InVxAH4ABQAAAAF0AAEi</RtData>
                                       </ptk:a>
                                       <name>class</name>
                                       <hasValue>true</hasValue>
                                       <value>
                                          <ptk:l location="Target:82:25">
                                             <ptk:t location="Target:82:25">mergedbottomrow</ptk:t>
                                          </ptk:l>
                                       </value>
                                    </XmlAttribute>
                                 </ptk:l>
                              </xmlAttributes>
                              <body>
                                 <ptk:l>
                                    <Whitespace>
                                       <hasNewline>true</hasNewline>
                                       <content>
                                          <ptk:l>
                                             <ptk:t>
</ptk:t>
                                          </ptk:l>
                                       </content>
                                    </Whitespace>
                                    <ptk:t location="Target:83:1">          </ptk:t>
                                    <XmlElement>
                                       <ptk:a name="RTD">
                                          <RtData>c3EAfgAAdXEAfgADAAAAA3VxAH4ABQAAAAF0AAM8dGR1cQB+AAUAAAABdAABPnVxAH4ABQAAAAF0AAU8L3RkPg==</RtData>
                                       </ptk:a>
                                       <name>td</name>
                                       <empty>false</empty>
                                       <xmlAttributes>
                                          <ptk:l location="Target:83:14">
                                             <XmlAttribute location="Target:83:14">
                                                <ptk:a name="RTD">
                                                   <RtData>c3EAfgAAdXEAfgADAAAAAnVxAH4ABQAAAAF0AAggc3R5bGU9InVxAH4ABQAAAAF0AAEi</RtData>
                                                </ptk:a>
                                                <name>style</name>
                                                <hasValue>true</hasValue>
                                                <value>
                                                   <ptk:l location="Target:83:22">
                                                      <ptk:t location="Target:83:22">width:1em; padding:0 0 0 0.6em;</ptk:t>
                                                   </ptk:l>
                                                </value>
                                             </XmlAttribute>
                                          </ptk:l>
                                       </xmlAttributes>
                                       <body>
                                          <ptk:l>
                                             <XmlEntityRef location="Target:83:56">
                                                <ptk:a name="RTD">
                                                   <RtData>c3EAfgAAdXEAfgADAAAAAXVxAH4ABQAAAAF0AAYmbmJzcDs=</RtData>
                                                </ptk:a>
                                                <name>nbsp</name>
                                             </XmlEntityRef>
                                             <ptk:t location="Target:83:61">-</ptk:t>
                                             <XmlEntityRef location="Target:83:63">
                                                <ptk:a name="RTD">
                                                   <RtData>c3EAfgAAdXEAfgADAAAAAXVxAH4ABQAAAAF0AAYmbmJzcDs=</RtData>
                                                </ptk:a>
                                                <name>nbsp</name>
                                             </XmlEntityRef>
                                          </ptk:l>
                                       </body>
                                    </XmlElement>
                                    <Whitespace>
                                       <hasNewline>true</hasNewline>
                                       <content>
                                          <ptk:l>
                                             <ptk:t>
</ptk:t>
                                          </ptk:l>
                                       </content>
                                    </Whitespace>
                                    <ptk:t location="Target:84:1">          </ptk:t>
                                    <XmlElement>
                                       <ptk:a name="RTD">
                                          <RtData>c3EAfgAAdXEAfgADAAAAA3VxAH4ABQAAAAF0AAM8dGR1cQB+AAUAAAABdAABPnVxAH4ABQAAAAF0AAU8L3RkPg==</RtData>
                                       </ptk:a>
                                       <name>td</name>
                                       <empty>false</empty>
                                       <xmlAttributes>
                                          <ptk:l location="Target:84:14">
                                             <XmlAttribute location="Target:84:14">
                                                <ptk:a name="RTD">
                                                   <RtData>c3EAfgAAdXEAfgADAAAAAnVxAH4ABQAAAAF0AAggc3R5bGU9InVxAH4ABQAAAAF0AAEi</RtData>
                                                </ptk:a>
                                                <name>style</name>
                                                <hasValue>true</hasValue>
                                                <value>
                                                   <ptk:l location="Target:84:22">
                                                      <ptk:t location="Target:84:22">padding-left:0em;</ptk:t>
                                                   </ptk:l>
                                                </value>
                                             </XmlAttribute>
                                          </ptk:l>
                                       </xmlAttributes>
                                       <body>
                                          <ptk:l>
                                             <ptk:t location="Target:84:41"> </ptk:t>
                                             <InternalLink location="Target:84:44">
                                                <ptk:a name="RTD">
                                                   <RtData>c3EAfgAAdXEAfgADAAAAAnVxAH4ABQAAAAF0AA5bW0luZGVwZW5kZW5jZXVxAH4ABQAAAAF0AAJdXQ==</RtData>
                                                </ptk:a>
                                                <target>Independence</target>
                                                <prefix/>
                                                <postfix/>
                                                <title>
                                                   <LinkTitle>
                                                      <content>
                                                         <ptk:l/>
                                                      </content>
                                                   </LinkTitle>
                                                </title>
                                             </InternalLink>
                                             <ptk:t location="Target:84:58"> from </ptk:t>
                                             <InternalLink location="Target:84:66">
                                                <ptk:a name="RTD">
                                                   <RtData>c3EAfgAAdXEAfgADAAAAAnVxAH4ABQAAAAF0AAdbW1N1ZGFudXEAfgAFAAAAAXQAAl1d</RtData>
                                                </ptk:a>
                                                <target>Sudan</target>
                                                <prefix/>
                                                <postfix/>
                                                <title>
                                                   <LinkTitle>
                                                      <content>
                                                         <ptk:l/>
                                                      </content>
                                                   </LinkTitle>
                                                </title>
                                             </InternalLink>
                                             <Whitespace>
                                                <hasNewline>true</hasNewline>
                                                <content>
                                                   <ptk:l>
                                                      <ptk:t>
</ptk:t>
                                                   </ptk:l>
                                                </content>
                                             </Whitespace>
                                          </ptk:l>
                                       </body>
                                    </XmlElement>
                                    <Whitespace>
                                       <hasNewline>true</hasNewline>
                                       <content>
                                          <ptk:l>
                                             <ptk:t>
</ptk:t>
                                          </ptk:l>
                                       </content>
                                    </Whitespace>
                                    <ptk:t location="Target:86:1">          </ptk:t>
                                    <XmlElement>
                                       <ptk:a name="RTD">
                                          <RtData>c3EAfgAAdXEAfgADAAAAA3VxAH4ABQAAAAF0AAM8dGR1cQB+AAUAAAABdAABPnVxAH4ABQAAAAF0AAU8L3RkPg==</RtData>
                                       </ptk:a>
                                       <name>td</name>
                                       <empty>false</empty>
                                       <xmlAttributes>
                                          <ptk:l location="Target:86:14"/>
                                       </xmlAttributes>
                                       <body>
                                          <ptk:l>
                                             <ptk:t location="Target:86:15"> July 9, 2011</ptk:t>
                                             <Whitespace>
                                                <hasNewline>true</hasNewline>
                                                <content>
                                                   <ptk:l>
                                                      <ptk:t>
</ptk:t>
                                                   </ptk:l>
                                                </content>
                                             </Whitespace>
                                             <XmlEntityRef location="Target:87:2">
                                                <ptk:a name="RTD">
                                                   <RtData>c3EAfgAAdXEAfgADAAAAAXVxAH4ABQAAAAF0AAYmbmJzcDs=</RtData>
                                                </ptk:a>
                                                <name>nbsp</name>
                                             </XmlEntityRef>
                                          </ptk:l>
                                       </body>
                                    </XmlElement>
                                    <Whitespace>
                                       <hasNewline>true</hasNewline>
                                       <content>
                                          <ptk:l>
                                             <ptk:t>
</ptk:t>
                                          </ptk:l>
                                       </content>
                                    </Whitespace>
                                    <ptk:t location="Target:88:1">        </ptk:t>
                                 </ptk:l>
                              </body>
                           </XmlElement>
                           <XmlElement>
                              <ptk:a name="RTD">
                                 <RtData>c3EAfgAAdXEAfgADAAAAA3VxAH4ABQAAAAF0AAM8dHJ1cQB+AAUAAAABdAABPnVxAH4ABQAAAAF0AAU8L3RyPg==</RtData>
                              </ptk:a>
                              <name>tr</name>
                              <empty>false</empty>
                              <xmlAttributes>
                                 <ptk:l location="Target:88:17">
                                    <XmlAttribute location="Target:88:17">
                                       <ptk:a name="RTD">
                                          <RtData>c3EAfgAAdXEAfgADAAAAAnVxAH4ABQAAAAF0AAggY2xhc3M9InVxAH4ABQAAAAF0AAEi</RtData>
                                       </ptk:a>
                                       <name>class</name>
                                       <hasValue>true</hasValue>
                                       <value>
                                          <ptk:l location="Target:88:25">
                                             <ptk:t location="Target:88:25">mergedtoprow</ptk:t>
                                          </ptk:l>
                                       </value>
                                    </XmlAttribute>
                                 </ptk:l>
                              </xmlAttributes>
                              <body>
                                 <ptk:l>
                                    <Whitespace>
                                       <hasNewline>true</hasNewline>
                                       <content>
                                          <ptk:l>
                                             <ptk:t>
</ptk:t>
                                          </ptk:l>
                                       </content>
                                    </Whitespace>
                                    <ptk:t location="Target:89:1">          </ptk:t>
                                    <XmlElement>
                                       <ptk:a name="RTD">
                                          <RtData>c3EAfgAAdXEAfgADAAAAA3VxAH4ABQAAAAF0AAM8dGh1cQB+AAUAAAABdAABPnVxAH4ABQAAAAF0AAU8L3RoPg==</RtData>
                                       </ptk:a>
                                       <name>th</name>
                                       <empty>false</empty>
                                       <xmlAttributes>
                                          <ptk:l location="Target:89:14">
                                             <XmlAttribute location="Target:89:14">
                                                <ptk:a name="RTD">
                                                   <RtData>c3EAfgAAdXEAfgADAAAAAnVxAH4ABQAAAAF0AAogY29sc3Bhbj0idXEAfgAFAAAAAXQAASI=</RtData>
                                                </ptk:a>
                                                <name>colspan</name>
                                                <hasValue>true</hasValue>
                                                <value>
                                                   <ptk:l location="Target:89:24">
                                                      <ptk:t location="Target:89:24">3</ptk:t>
                                                   </ptk:l>
                                                </value>
                                             </XmlAttribute>
                                          </ptk:l>
                                       </xmlAttributes>
                                       <body>
                                          <ptk:l>
                                             <InternalLink location="Target:89:29">
                                                <ptk:a name="RTD">
                                                   <RtData>c3EAfgAAdXEAfgADAAAAAnVxAH4ABQAAAAF0ADpbW0xpc3Qgb2YgY291bnRyaWVzIGFuZCBvdXRseWluZyB0ZXJyaXRvcmllcyBieSB0b3RhbCBhcmVhdXEAfgAFAAAAAXQAAl1d</RtData>
                                                </ptk:a>
                                                <target>List of countries and outlying territories by total area</target>
                                                <prefix/>
                                                <postfix/>
                                                <title>
                                                   <LinkTitle location="Target:89:85">
                                                      <ptk:a name="RTD">
                                                         <RtData>c3EAfgAAdXEAfgADAAAAAnVxAH4ABQAAAAF0AAF8cA==</RtData>
                                                      </ptk:a>
                                                      <content>
                                                         <ptk:l>
                                                            <ptk:t location="Target:89:86">Area</ptk:t>
                                                         </ptk:l>
                                                      </content>
                                                   </LinkTitle>
                                                </title>
                                             </InternalLink>
                                          </ptk:l>
                                       </body>
                                    </XmlElement>
                                    <Whitespace>
                                       <hasNewline>true</hasNewline>
                                       <content>
                                          <ptk:l>
                                             <ptk:t>
</ptk:t>
                                          </ptk:l>
                                       </content>
                                    </Whitespace>
                                    <ptk:t location="Target:90:1">        </ptk:t>
                                 </ptk:l>
                              </body>
                           </XmlElement>
                           <Whitespace>
                              <hasNewline>true</hasNewline>
                              <content>
                                 <ptk:l>
                                    <ptk:t>
</ptk:t>
                                 </ptk:l>
                              </content>
                           </Whitespace>
                           <ptk:t location="Target:91:1">        </ptk:t>
                           <XmlElement>
                              <ptk:a name="RTD">
                                 <RtData>c3EAfgAAdXEAfgADAAAAA3VxAH4ABQAAAAF0AAM8dHJ1cQB+AAUAAAABdAABPnVxAH4ABQAAAAF0AAU8L3RyPg==</RtData>
                              </ptk:a>
                              <name>tr</name>
                              <empty>false</empty>
                              <xmlAttributes>
                                 <ptk:l location="Target:91:12">
                                    <XmlAttribute location="Target:91:12">
                                       <ptk:a name="RTD">
                                          <RtData>c3EAfgAAdXEAfgADAAAAAnVxAH4ABQAAAAF0AAggY2xhc3M9InVxAH4ABQAAAAF0AAEi</RtData>
                                       </ptk:a>
                                       <name>class</name>
                                       <hasValue>true</hasValue>
                                       <value>
                                          <ptk:l location="Target:91:20">
                                             <ptk:t location="Target:91:20">mergedrow</ptk:t>
                                          </ptk:l>
                                       </value>
                                    </XmlAttribute>
                                 </ptk:l>
                              </xmlAttributes>
                              <body>
                                 <ptk:l>
                                    <Whitespace>
                                       <hasNewline>true</hasNewline>
                                       <content>
                                          <ptk:l>
                                             <ptk:t>
</ptk:t>
                                          </ptk:l>
                                       </content>
                                    </Whitespace>
                                    <ptk:t location="Target:92:1">          </ptk:t>
                                    <XmlElement>
                                       <ptk:a name="RTD">
                                          <RtData>c3EAfgAAdXEAfgADAAAAA3VxAH4ABQAAAAF0AAM8dGR1cQB+AAUAAAABdAABPnVxAH4ABQAAAAF0AAU8L3RkPg==</RtData>
                                       </ptk:a>
                                       <name>td</name>
                                       <empty>false</empty>
                                       <xmlAttributes>
                                          <ptk:l location="Target:92:14">
                                             <XmlAttribute location="Target:92:14">
                                                <ptk:a name="RTD">
                                                   <RtData>c3EAfgAAdXEAfgADAAAAAnVxAH4ABQAAAAF0AAggc3R5bGU9InVxAH4ABQAAAAF0AAEi</RtData>
                                                </ptk:a>
                                                <name>style</name>
                                                <hasValue>true</hasValue>
                                                <value>
                                                   <ptk:l location="Target:92:22">
                                                      <ptk:t location="Target:92:22">width:1em; padding:0 0 0 0.6em;</ptk:t>
                                                   </ptk:l>
                                                </value>
                                             </XmlAttribute>
                                          </ptk:l>
                                       </xmlAttributes>
                                       <body>
                                          <ptk:l>
                                             <XmlEntityRef location="Target:92:56">
                                                <ptk:a name="RTD">
                                                   <RtData>c3EAfgAAdXEAfgADAAAAAXVxAH4ABQAAAAF0AAYmbmJzcDs=</RtData>
                                                </ptk:a>
                                                <name>nbsp</name>
                                             </XmlEntityRef>
                                             <ptk:t location="Target:92:61">-</ptk:t>
                                             <XmlEntityRef location="Target:92:63">
                                                <ptk:a name="RTD">
                                                   <RtData>c3EAfgAAdXEAfgADAAAAAXVxAH4ABQAAAAF0AAYmbmJzcDs=</RtData>
                                                </ptk:a>
                                                <name>nbsp</name>
                                             </XmlEntityRef>
                                          </ptk:l>
                                       </body>
                                    </XmlElement>
                                    <Whitespace>
                                       <hasNewline>true</hasNewline>
                                       <content>
                                          <ptk:l>
                                             <ptk:t>
</ptk:t>
                                          </ptk:l>
                                       </content>
                                    </Whitespace>
                                    <ptk:t location="Target:93:1">          </ptk:t>
                                    <XmlElement>
                                       <ptk:a name="RTD">
                                          <RtData>c3EAfgAAdXEAfgADAAAAA3VxAH4ABQAAAAF0AAM8dGR1cQB+AAUAAAABdAABPnVxAH4ABQAAAAF0AAU8L3RkPg==</RtData>
                                       </ptk:a>
                                       <name>td</name>
                                       <empty>false</empty>
                                       <xmlAttributes>
                                          <ptk:l location="Target:93:14">
                                             <XmlAttribute location="Target:93:14">
                                                <ptk:a name="RTD">
                                                   <RtData>c3EAfgAAdXEAfgADAAAAAnVxAH4ABQAAAAF0AAggc3R5bGU9InVxAH4ABQAAAAF0AAEi</RtData>
                                                </ptk:a>
                                                <name>style</name>
                                                <hasValue>true</hasValue>
                                                <value>
                                                   <ptk:l location="Target:93:22">
                                                      <ptk:t location="Target:93:22">padding-left:0em;</ptk:t>
                                                   </ptk:l>
                                                </value>
                                             </XmlAttribute>
                                          </ptk:l>
                                       </xmlAttributes>
                                       <body>
                                          <ptk:l>
                                             <ptk:t location="Target:93:41">Total</ptk:t>
                                          </ptk:l>
                                       </body>
                                    </XmlElement>
                                    <Whitespace>
                                       <hasNewline>true</hasNewline>
                                       <content>
                                          <ptk:l>
                                             <ptk:t>
</ptk:t>
                                          </ptk:l>
                                       </content>
                                    </Whitespace>
                                    <ptk:t location="Target:94:1">          </ptk:t>
                                    <XmlElement>
                                       <ptk:a name="RTD">
                                          <RtData>c3EAfgAAdXEAfgADAAAAA3VxAH4ABQAAAAF0AAM8dGR1cQB+AAUAAAABdAABPnA=</RtData>
                                       </ptk:a>
                                       <name>td</name>
                                       <empty>false</empty>
                                       <xmlAttributes>
                                          <ptk:l location="Target:94:14"/>
                                       </xmlAttributes>
                                       <body>
                                          <ptk:l>
                                             <ptk:t location="Target:94:17">[[</ptk:t>
                                             <ptk:t location="Target:94:17"> </ptk:t>
                                             <Whitespace location="Target:94:18">
                                                <hasNewline>true</hasNewline>
                                                <content>
                                                   <ptk:l>
                                                      <ptk:t>
</ptk:t>
                                                   </ptk:l>
                                                </content>
                                             </Whitespace>
                                          </ptk:l>
                                       </body>
                                    </XmlElement>
                                    <SemiPre location="Target:95:1">
                                       <content>
                                          <ptk:l>
                                             <SemiPreLine location="Target:95:1">
                                                <ptk:a name="RTD">
                                                   <RtData>c3EAfgAAdXEAfgADAAAAAnVxAH4ABQAAAAF0AAEgcA==</RtData>
                                                </ptk:a>
                                                <content>
                                                   <ptk:l>
                                                      <ptk:t location="Target:95:2">Square metre </ptk:t>
                                                      <ptk:t location="Target:95:15">|</ptk:t>
                                                      <ptk:t location="Target:95:16"> </ptk:t>
                                                      <Template location="قالب:Infobox country:522:115">
                                                         <ptk:a name="RTD">
                                                            <RtData>c3EAfgAAdXEAfgADAAAAA3VxAH4ABQAAAAFxAH4AB3B1cQB+AAUAAAABcQB+AAk=</RtData>
                                                         </ptk:a>
                                                         <name>
                                                            <ptk:l location="قالب:Infobox country:522:115">
                                                               <ptk:t location="قالب:Infobox country:522:115">formatnum:</ptk:t>
                                                               <TemplateParameter location="قالب:Infobox country:522:128">
                                                                  <ptk:a name="RTD">
                                                                     <RtData>c3EAfgAAdXEAfgADAAAABHVxAH4ABQAAAAFxAH4ADXBwdXEAfgAFAAAAAXEAfgAP</RtData>
                                                                  </ptk:a>
                                                                  <name>
                                                                     <ptk:l location="قالب:Infobox country:522:128">
                                                                        <ptk:t location="قالب:Infobox country:522:128">area_km2</ptk:t>
                                                                     </ptk:l>
                                                                  </name>
                                                                  <defaultValue>
                                                                     <TemplateArgument location="قالب:Infobox country:522:137">
                                                                        <ptk:a name="RTD">
                                                                           <RtData>c3EAfgAAdXEAfgADAAAAA3VxAH4ABQAAAAF0AAF8cHA=</RtData>
                                                                        </ptk:a>
                                                                        <hasName>false</hasName>
                                                                        <name>
                                                                           <ptk:l/>
                                                                        </name>
                                                                        <value>
                                                                           <ptk:l location="قالب:Infobox country:522:137"/>
                                                                        </value>
                                                                     </TemplateArgument>
                                                                  </defaultValue>
                                                                  <garbage/>
                                                               </TemplateParameter>
                                                            </ptk:l>
                                                         </name>
                                                         <args>
                                                            <ptk:l location="قالب:Infobox country:522:140"/>
                                                         </args>
                                                      </Template>
                                                      <XmlEntityRef location="Target:95:21">
                                                         <ptk:a name="RTD">
                                                            <RtData>c3EAfgAAdXEAfgADAAAAAXVxAH4ABQAAAAF0AAYmbmJzcDs=</RtData>
                                                         </ptk:a>
                                                         <name>nbsp</name>
                                                      </XmlEntityRef>
                                                      <ptk:t location="Target:95:26">km</ptk:t>
                                                      <XmlElement>
                                                         <ptk:a name="RTD">
                                                            <RtData>c3EAfgAAdXEAfgADAAAAA3VxAH4ABQAAAAF0AAQ8c3VwdXEAfgAFAAAAAXQAAT51cQB+AAUAAAABdAAGPC9zdXA+</RtData>
                                                         </ptk:a>
                                                         <name>sup</name>
                                                         <empty>false</empty>
                                                         <xmlAttributes>
                                                            <ptk:l location="Target:95:32"/>
                                                         </xmlAttributes>
                                                         <body>
                                                            <ptk:l>
                                                               <ptk:t location="Target:95:33">2</ptk:t>
                                                            </ptk:l>
                                                         </body>
                                                      </XmlElement>
                                                      <ptk:t location="Target:95:40">]</ptk:t>
                                                      <ptk:t location="Target:95:41">]</ptk:t>
                                                      <XmlEntityRef location="Target:95:43">
                                                         <ptk:a name="RTD">
                                                            <RtData>c3EAfgAAdXEAfgADAAAAAXVxAH4ABQAAAAF0AAYmbmJzcDs=</RtData>
                                                         </ptk:a>
                                                         <name>nbsp</name>
                                                      </XmlEntityRef>
                                                      <ptk:t location="Target:95:48">(</ptk:t>
                                                      <InternalLink location="Target:95:51">
                                                         <ptk:a name="RTD">
                                                            <RtData>c3EAfgAAdXEAfgADAAAAAnVxAH4ABQAAAAF0ADpbW0xpc3Qgb2YgY291bnRyaWVzIGFuZCBvdXRseWluZyB0ZXJyaXRvcmllcyBieSB0b3RhbCBhcmVhdXEAfgAFAAAAAXQAAl1d</RtData>
                                                         </ptk:a>
                                                         <target>List of countries and outlying territories by total area</target>
                                                         <prefix/>
                                                         <postfix/>
                                                         <title>
                                                            <LinkTitle location="Target:95:107">
                                                               <ptk:a name="RTD">
                                                                  <RtData>c3EAfgAAdXEAfgADAAAAAnVxAH4ABQAAAAF0AAF8cA==</RtData>
                                                               </ptk:a>
                                                               <content>
                                                                  <ptk:l>
                                                                     <ptk:t location="Target:95:108"> 45th</ptk:t>
                                                                     <ptk:t>
</ptk:t>
                                                                  </ptk:l>
                                                               </content>
                                                            </LinkTitle>
                                                         </title>
                                                      </InternalLink>
                                                      <ptk:t location="Target:96:3">)</ptk:t>
                                                      <XmlElement>
                                                         <ptk:a name="RTD">
                                                            <RtData>c3EAfgAAdXEAfgADAAAAA3VxAH4ABQAAAAF0AAM8YnJ1cQB+AAUAAAABdAACLz5w</RtData>
                                                         </ptk:a>
                                                         <name>br</name>
                                                         <empty>true</empty>
                                                         <xmlAttributes>
                                                            <ptk:l location="Target:96:7"/>
                                                         </xmlAttributes>
                                                         <body>
                                                            <ptk:l/>
                                                         </body>
                                                      </XmlElement>
                                                      <Template location="قالب:Infobox country:524:81">
                                                         <ptk:a name="RTD">
                                                            <RtData>c3EAfgAAdXEAfgADAAAAA3VxAH4ABQAAAAFxAH4AB3B1cQB+AAUAAAABcQB+AAk=</RtData>
                                                         </ptk:a>
                                                         <name>
                                                            <ptk:l location="قالب:Infobox country:524:81">
                                                               <ptk:t location="قالب:Infobox country:524:81">formatnum:</ptk:t>
                                                               <Template location="قالب:Infobox country:524:93">
                                                                  <ptk:a name="RTD">
                                                                     <RtData>c3EAfgAAdXEAfgADAAAAA3VxAH4ABQAAAAFxAH4AB3B1cQB+AAUAAAABcQB+AAk=</RtData>
                                                                  </ptk:a>
                                                                  <name>
                                                                     <ptk:l location="قالب:Infobox country:524:93">
                                                                        <ptk:t location="قالب:Infobox country:524:93">#expr: </ptk:t>
                                                                        <TemplateParameter location="قالب:Infobox country:524:103">
                                                                           <ptk:a name="RTD">
                                                                              <RtData>c3EAfgAAdXEAfgADAAAABHVxAH4ABQAAAAFxAH4ADXBwdXEAfgAFAAAAAXEAfgAP</RtData>
                                                                           </ptk:a>
                                                                           <name>
                                                                              <ptk:l location="قالب:Infobox country:524:103">
                                                                                 <ptk:t location="قالب:Infobox country:524:103">area_km2</ptk:t>
                                                                              </ptk:l>
                                                                           </name>
                                                                           <defaultValue>
                                                                              <TemplateArgument location="قالب:Infobox country:524:112">
                                                                                 <ptk:a name="RTD">
                                                                                    <RtData>c3EAfgAAdXEAfgADAAAAA3VxAH4ABQAAAAF0AAF8cHA=</RtData>
                                                                                 </ptk:a>
                                                                                 <hasName>false</hasName>
                                                                                 <name>
                                                                                    <ptk:l/>
                                                                                 </name>
                                                                                 <value>
                                                                                    <ptk:l location="قالب:Infobox country:524:112"/>
                                                                                 </value>
                                                                              </TemplateArgument>
                                                                           </defaultValue>
                                                                           <garbage/>
                                                                        </TemplateParameter>
                                                                        <ptk:t location="قالب:Infobox country:524:115"> div 2.589988110336 round 0</ptk:t>
                                                                     </ptk:l>
                                                                  </name>
                                                                  <args>
                                                                     <ptk:l location="قالب:Infobox country:524:142"/>
                                                                  </args>
                                                               </Template>
                                                            </ptk:l>
                                                         </name>
                                                         <args>
                                                            <ptk:l location="قالب:Infobox country:524:144"/>
                                                         </args>
                                                      </Template>
                                                      <XmlEntityRef location="Target:96:13">
                                                         <ptk:a name="RTD">
                                                            <RtData>c3EAfgAAdXEAfgADAAAAAXVxAH4ABQAAAAF0AAYmbmJzcDs=</RtData>
                                                         </ptk:a>
                                                         <name>nbsp</name>
                                                      </XmlEntityRef>
                                                      <InternalLink location="Target:96:20">
                                                         <ptk:a name="RTD">
                                                            <RtData>c3EAfgAAdXEAfgADAAAAAnVxAH4ABQAAAAF0AA1bW1NxdWFyZSBtaWxldXEAfgAFAAAAAXQAAl1d</RtData>
                                                         </ptk:a>
                                                         <target>Square mile</target>
                                                         <prefix/>
                                                         <postfix/>
                                                         <title>
                                                            <LinkTitle location="Target:96:31">
                                                               <ptk:a name="RTD">
                                                                  <RtData>c3EAfgAAdXEAfgADAAAAAnVxAH4ABQAAAAF0AAF8cA==</RtData>
                                                               </ptk:a>
                                                               <content>
                                                                  <ptk:l>
                                                                     <ptk:t location="Target:96:32">sq</ptk:t>
                                                                     <XmlEntityRef location="Target:96:35">
                                                                        <ptk:a name="RTD">
                                                                           <RtData>c3EAfgAAdXEAfgADAAAAAXVxAH4ABQAAAAF0AAYmbmJzcDs=</RtData>
                                                                        </ptk:a>
                                                                        <name>nbsp</name>
                                                                     </XmlEntityRef>
                                                                     <ptk:t location="Target:96:40">mi</ptk:t>
                                                                  </ptk:l>
                                                               </content>
                                                            </LinkTitle>
                                                         </title>
                                                      </InternalLink>
                                                      <XmlEntityRef location="Target:96:45">
                                                         <ptk:a name="RTD">
                                                            <RtData>c3EAfgAAdXEAfgADAAAAAXVxAH4ABQAAAAF0AAYmbmJzcDs=</RtData>
                                                         </ptk:a>
                                                         <name>nbsp</name>
                                                      </XmlEntityRef>
                                                   </ptk:l>
                                                </content>
                                             </SemiPreLine>
                                          </ptk:l>
                                       </content>
                                    </SemiPre>
                                    <Whitespace location="Target:96:55">
                                       <hasNewline>true</hasNewline>
                                       <content>
                                          <ptk:l>
                                             <ptk:t>
</ptk:t>
                                          </ptk:l>
                                       </content>
                                    </Whitespace>
                                    <Paragraph>
                                       <content>
                                          <ptk:l>
                                             <ptk:t location="Target:97:1">        </ptk:t>
                                          </ptk:l>
                                       </content>
                                    </Paragraph>
                                 </ptk:l>
                              </body>
                           </XmlElement>
                           <XmlElement>
                              <ptk:a name="RTD">
                                 <RtData>c3EAfgAAdXEAfgADAAAAA3VxAH4ABQAAAAF0AAM8dHJ1cQB+AAUAAAABdAABPnVxAH4ABQAAAAF0AAU8L3RyPg==</RtData>
                              </ptk:a>
                              <name>tr</name>
                              <empty>false</empty>
                              <xmlAttributes>
                                 <ptk:l location="Target:97:17">
                                    <XmlAttribute location="Target:97:17">
                                       <ptk:a name="RTD">
                                          <RtData>c3EAfgAAdXEAfgADAAAAAnVxAH4ABQAAAAF0AAggY2xhc3M9InVxAH4ABQAAAAF0AAEi</RtData>
                                       </ptk:a>
                                       <name>class</name>
                                       <hasValue>true</hasValue>
                                       <value>
                                          <ptk:l location="Target:97:25">
                                             <ptk:t location="Target:97:25">mergedtoprow</ptk:t>
                                          </ptk:l>
                                       </value>
                                    </XmlAttribute>
                                 </ptk:l>
                              </xmlAttributes>
                              <body>
                                 <ptk:l>
                                    <Whitespace>
                                       <hasNewline>true</hasNewline>
                                       <content>
                                          <ptk:l>
                                             <ptk:t>
</ptk:t>
                                          </ptk:l>
                                       </content>
                                    </Whitespace>
                                    <XmlElement>
                                       <ptk:a name="RTD">
                                          <RtData>c3EAfgAAdXEAfgADAAAAA3VxAH4ABQAAAAF0AAM8dGh1cQB+AAUAAAABdAABPnVxAH4ABQAAAAF0AAU8L3RoPg==</RtData>
                                       </ptk:a>
                                       <name>th</name>
                                       <empty>false</empty>
                                       <xmlAttributes>
                                          <ptk:l location="Target:98:4">
                                             <XmlAttribute location="Target:98:4">
                                                <ptk:a name="RTD">
                                                   <RtData>c3EAfgAAdXEAfgADAAAAAnVxAH4ABQAAAAF0AAogY29sc3Bhbj0idXEAfgAFAAAAAXQAASI=</RtData>
                                                </ptk:a>
                                                <name>colspan</name>
                                                <hasValue>true</hasValue>
                                                <value>
                                                   <ptk:l location="Target:98:14">
                                                      <ptk:t location="Target:98:14">3</ptk:t>
                                                   </ptk:l>
                                                </value>
                                             </XmlAttribute>
                                          </ptk:l>
                                       </xmlAttributes>
                                       <body>
                                          <ptk:l>
                                             <InternalLink location="Target:98:19">
                                                <ptk:a name="RTD">
                                                   <RtData>c3EAfgAAdXEAfgADAAAAAnVxAH4ABQAAAAF0ADJbW9mE2LPYqtipINin2YTYqNmE2KfYryDYrdiz2Kgg2LnYr9ivINin2YTYs9mD2KfZhnVxAH4ABQAAAAF0AAJdXQ==</RtData>
                                                </ptk:a>
                                                <target>لستة البلاد حسب عدد السكان</target>
                                                <prefix/>
                                                <postfix/>
                                                <title>
                                                   <LinkTitle location="Target:98:45">
                                                      <ptk:a name="RTD">
                                                         <RtData>c3EAfgAAdXEAfgADAAAAAnVxAH4ABQAAAAF0AAF8cA==</RtData>
                                                      </ptk:a>
                                                      <content>
                                                         <ptk:l>
                                                            <ptk:t location="Target:98:46">السكان</ptk:t>
                                                         </ptk:l>
                                                      </content>
                                                   </LinkTitle>
                                                </title>
                                             </InternalLink>
                                          </ptk:l>
                                       </body>
                                    </XmlElement>
                                    <Whitespace>
                                       <hasNewline>true</hasNewline>
                                       <content>
                                          <ptk:l>
                                             <ptk:t>
</ptk:t>
                                          </ptk:l>
                                       </content>
                                    </Whitespace>
                                    <ptk:t location="Target:99:1">        </ptk:t>
                                 </ptk:l>
                              </body>
                           </XmlElement>
                           <XmlElement>
                              <ptk:a name="RTD">
                                 <RtData>c3EAfgAAdXEAfgADAAAAA3VxAH4ABQAAAAF0AAM8dHJ1cQB+AAUAAAABdAABPnVxAH4ABQAAAAF0AAU8L3RyPg==</RtData>
                              </ptk:a>
                              <name>tr</name>
                              <empty>false</empty>
                              <xmlAttributes>
                                 <ptk:l location="Target:99:17">
                                    <XmlAttribute location="Target:99:17">
                                       <ptk:a name="RTD">
                                          <RtData>c3EAfgAAdXEAfgADAAAAAnVxAH4ABQAAAAF0AAggY2xhc3M9InVxAH4ABQAAAAF0AAEi</RtData>
                                       </ptk:a>
                                       <name>class</name>
                                       <hasValue>true</hasValue>
                                       <value>
                                          <ptk:l location="Target:99:25">
                                             <ptk:t location="Target:99:25">mergedrow</ptk:t>
                                          </ptk:l>
                                       </value>
                                    </XmlAttribute>
                                 </ptk:l>
                              </xmlAttributes>
                              <body>
                                 <ptk:l>
                                    <Whitespace>
                                       <hasNewline>true</hasNewline>
                                       <content>
                                          <ptk:l>
                                             <ptk:t>
</ptk:t>
                                          </ptk:l>
                                       </content>
                                    </Whitespace>
                                    <ptk:t location="Target:100:1">             </ptk:t>
                                    <XmlElement>
                                       <ptk:a name="RTD">
                                          <RtData>c3EAfgAAdXEAfgADAAAAA3VxAH4ABQAAAAF0AAM8dGR1cQB+AAUAAAABdAABPnVxAH4ABQAAAAF0AAU8L3RkPg==</RtData>
                                       </ptk:a>
                                       <name>td</name>
                                       <empty>false</empty>
                                       <xmlAttributes>
                                          <ptk:l location="Target:100:17">
                                             <XmlAttribute location="Target:100:17">
                                                <ptk:a name="RTD">
                                                   <RtData>c3EAfgAAdXEAfgADAAAAAnVxAH4ABQAAAAF0AAggc3R5bGU9InVxAH4ABQAAAAF0AAEi</RtData>
                                                </ptk:a>
                                                <name>style</name>
                                                <hasValue>true</hasValue>
                                                <value>
                                                   <ptk:l location="Target:100:25">
                                                      <ptk:t location="Target:100:25">width:1em; padding:0 0 0 0.6em;</ptk:t>
                                                   </ptk:l>
                                                </value>
                                             </XmlAttribute>
                                          </ptk:l>
                                       </xmlAttributes>
                                       <body>
                                          <ptk:l>
                                             <XmlEntityRef location="Target:100:59">
                                                <ptk:a name="RTD">
                                                   <RtData>c3EAfgAAdXEAfgADAAAAAXVxAH4ABQAAAAF0AAYmbmJzcDs=</RtData>
                                                </ptk:a>
                                                <name>nbsp</name>
                                             </XmlEntityRef>
                                             <ptk:t location="Target:100:64">-</ptk:t>
                                             <XmlEntityRef location="Target:100:66">
                                                <ptk:a name="RTD">
                                                   <RtData>c3EAfgAAdXEAfgADAAAAAXVxAH4ABQAAAAF0AAYmbmJzcDs=</RtData>
                                                </ptk:a>
                                                <name>nbsp</name>
                                             </XmlEntityRef>
                                          </ptk:l>
                                       </body>
                                    </XmlElement>
                                    <Whitespace>
                                       <hasNewline>true</hasNewline>
                                       <content>
                                          <ptk:l>
                                             <ptk:t>
</ptk:t>
                                          </ptk:l>
                                       </content>
                                    </Whitespace>
                                    <ptk:t location="Target:101:1">             </ptk:t>
                                    <XmlElement>
                                       <ptk:a name="RTD">
                                          <RtData>c3EAfgAAdXEAfgADAAAAA3VxAH4ABQAAAAF0AAM8dGR1cQB+AAUAAAABdAABPnVxAH4ABQAAAAF0AAU8L3RkPg==</RtData>
                                       </ptk:a>
                                       <name>td</name>
                                       <empty>false</empty>
                                       <xmlAttributes>
                                          <ptk:l location="Target:101:17">
                                             <XmlAttribute location="Target:101:17">
                                                <ptk:a name="RTD">
                                                   <RtData>c3EAfgAAdXEAfgADAAAAAnVxAH4ABQAAAAF0AAggc3R5bGU9InVxAH4ABQAAAAF0AAEi</RtData>
                                                </ptk:a>
                                                <name>style</name>
                                                <hasValue>true</hasValue>
                                                <value>
                                                   <ptk:l location="Target:101:25">
                                                      <ptk:t location="Target:101:25">padding-left:0em;</ptk:t>
                                                   </ptk:l>
                                                </value>
                                             </XmlAttribute>
                                          </ptk:l>
                                       </xmlAttributes>
                                       <body>
                                          <ptk:l>
                                             <Whitespace>
                                                <hasNewline>true</hasNewline>
                                                <content>
                                                   <ptk:l>
                                                      <ptk:t>
</ptk:t>
                                                   </ptk:l>
                                                </content>
                                             </Whitespace>
                                             <XmlEntityRef location="Target:102:2">
                                                <ptk:a name="RTD">
                                                   <RtData>c3EAfgAAdXEAfgADAAAAAXVxAH4ABQAAAAF0AAYmbmJzcDs=</RtData>
                                                </ptk:a>
                                                <name>nbsp</name>
                                             </XmlEntityRef>
                                             <ptk:t location="Target:102:7">estimate</ptk:t>
                                          </ptk:l>
                                       </body>
                                    </XmlElement>
                                    <Whitespace>
                                       <hasNewline>true</hasNewline>
                                       <content>
                                          <ptk:l>
                                             <ptk:t>
</ptk:t>
                                          </ptk:l>
                                       </content>
                                    </Whitespace>
                                    <ptk:t location="Target:103:1">             </ptk:t>
                                    <XmlElement>
                                       <ptk:a name="RTD">
                                          <RtData>c3EAfgAAdXEAfgADAAAAA3VxAH4ABQAAAAF0AAM8dGR1cQB+AAUAAAABdAABPnVxAH4ABQAAAAF0AAU8L3RkPg==</RtData>
                                       </ptk:a>
                                       <name>td</name>
                                       <empty>false</empty>
                                       <xmlAttributes>
                                          <ptk:l location="Target:103:17"/>
                                       </xmlAttributes>
                                       <body>
                                          <ptk:l>
                                             <ptk:t location="Target:103:18"> 7,500,000–9,700,000 </ptk:t>
                                             <Italics>
                                                <ptk:a name="RTD">
                                                   <RtData>c3EAfgAAdXEAfgADAAAAAnVxAH4ABQAAAAF0AAInJ3VxAH4ABQAAAAFxAH4OPg==</RtData>
                                                </ptk:a>
                                                <content>
                                                   <ptk:l>
                                                      <ptk:t location="Target:103:41">(2006, UNFPA)</ptk:t>
                                                   </ptk:l>
                                                </content>
                                             </Italics>
                                             <XmlElement>
                                                <ptk:a name="RTD">
                                                   <RtData>c3EAfgAAdXEAfgADAAAAA3VxAH4ABQAAAAF0AAM8YnJ1cQB+AAUAAAABdAADIC8+cA==</RtData>
                                                </ptk:a>
                                                <name>br</name>
                                                <empty>true</empty>
                                                <xmlAttributes>
                                                   <ptk:l location="Target:103:59"/>
                                                </xmlAttributes>
                                                <body>
                                                   <ptk:l/>
                                                </body>
                                             </XmlElement>
                                             <ptk:t location="Target:103:62"> 11,000,000–13,000,000 </ptk:t>
                                             <Italics>
                                                <ptk:a name="RTD">
                                                   <RtData>c3EAfgAAdXEAfgADAAAAAnVxAH4ABQAAAAFxAH4OPnVxAH4ABQAAAAFxAH4OPg==</RtData>
                                                </ptk:a>
                                                <content>
                                                   <ptk:l>
                                                      <ptk:t location="Target:103:87">(Southern Sudan claim, 2009)</ptk:t>
                                                   </ptk:l>
                                                </content>
                                             </Italics>
                                             <Whitespace>
                                                <hasNewline>true</hasNewline>
                                                <content>
                                                   <ptk:l>
                                                      <ptk:t>
</ptk:t>
                                                   </ptk:l>
                                                </content>
                                             </Whitespace>
                                             <XmlEntityRef location="Target:104:2">
                                                <ptk:a name="RTD">
                                                   <RtData>c3EAfgAAdXEAfgADAAAAAXVxAH4ABQAAAAF0AAYmbmJzcDs=</RtData>
                                                </ptk:a>
                                                <name>nbsp</name>
                                             </XmlEntityRef>
                                          </ptk:l>
                                       </body>
                                    </XmlElement>
                                    <Whitespace>
                                       <hasNewline>true</hasNewline>
                                       <content>
                                          <ptk:l>
                                             <ptk:t>
</ptk:t>
                                          </ptk:l>
                                       </content>
                                    </Whitespace>
                                    <ptk:t location="Target:105:1">           </ptk:t>
                                 </ptk:l>
                              </body>
                           </XmlElement>
                           <XmlElement>
                              <ptk:a name="RTD">
                                 <RtData>c3EAfgAAdXEAfgADAAAAA3VxAH4ABQAAAAF0AAM8dHJ1cQB+AAUAAAABdAABPnVxAH4ABQAAAAF0AAU8L3RyPg==</RtData>
                              </ptk:a>
                              <name>tr</name>
                              <empty>false</empty>
                              <xmlAttributes>
                                 <ptk:l location="Target:105:20">
                                    <XmlAttribute location="Target:105:20">
                                       <ptk:a name="RTD">
                                          <RtData>c3EAfgAAdXEAfgADAAAAAnVxAH4ABQAAAAF0AAggY2xhc3M9InVxAH4ABQAAAAF0AAEi</RtData>
                                       </ptk:a>
                                       <name>class</name>
                                       <hasValue>true</hasValue>
                                       <value>
                                          <ptk:l location="Target:105:28">
                                             <ptk:t location="Target:105:28">mergedrow</ptk:t>
                                          </ptk:l>
                                       </value>
                                    </XmlAttribute>
                                 </ptk:l>
                              </xmlAttributes>
                              <body>
                                 <ptk:l>
                                    <Whitespace>
                                       <hasNewline>true</hasNewline>
                                       <content>
                                          <ptk:l>
                                             <ptk:t>
</ptk:t>
                                          </ptk:l>
                                       </content>
                                    </Whitespace>
                                    <ptk:t location="Target:106:1">               </ptk:t>
                                    <XmlElement>
                                       <ptk:a name="RTD">
                                          <RtData>c3EAfgAAdXEAfgADAAAAA3VxAH4ABQAAAAF0AAM8dGR1cQB+AAUAAAABdAABPnVxAH4ABQAAAAF0AAU8L3RkPg==</RtData>
                                       </ptk:a>
                                       <name>td</name>
                                       <empty>false</empty>
                                       <xmlAttributes>
                                          <ptk:l location="Target:106:19">
                                             <XmlAttribute location="Target:106:19">
                                                <ptk:a name="RTD">
                                                   <RtData>c3EAfgAAdXEAfgADAAAAAnVxAH4ABQAAAAF0AAggc3R5bGU9InVxAH4ABQAAAAF0AAEi</RtData>
                                                </ptk:a>
                                                <name>style</name>
                                                <hasValue>true</hasValue>
                                                <value>
                                                   <ptk:l location="Target:106:27">
                                                      <ptk:t location="Target:106:27">width:1em; padding:0 0 0 0.6em;</ptk:t>
                                                   </ptk:l>
                                                </value>
                                             </XmlAttribute>
                                          </ptk:l>
                                       </xmlAttributes>
                                       <body>
                                          <ptk:l>
                                             <XmlEntityRef location="Target:106:61">
                                                <ptk:a name="RTD">
                                                   <RtData>c3EAfgAAdXEAfgADAAAAAXVxAH4ABQAAAAF0AAYmbmJzcDs=</RtData>
                                                </ptk:a>
                                                <name>nbsp</name>
                                             </XmlEntityRef>
                                             <ptk:t location="Target:106:66">-</ptk:t>
                                             <XmlEntityRef location="Target:106:68">
                                                <ptk:a name="RTD">
                                                   <RtData>c3EAfgAAdXEAfgADAAAAAXVxAH4ABQAAAAF0AAYmbmJzcDs=</RtData>
                                                </ptk:a>
                                                <name>nbsp</name>
                                             </XmlEntityRef>
                                          </ptk:l>
                                       </body>
                                    </XmlElement>
                                    <Whitespace>
                                       <hasNewline>true</hasNewline>
                                       <content>
                                          <ptk:l>
                                             <ptk:t>
</ptk:t>
                                          </ptk:l>
                                       </content>
                                    </Whitespace>
                                    <ptk:t location="Target:107:1">               </ptk:t>
                                    <XmlElement>
                                       <ptk:a name="RTD">
                                          <RtData>c3EAfgAAdXEAfgADAAAAA3VxAH4ABQAAAAF0AAM8dGR1cQB+AAUAAAABdAABPnVxAH4ABQAAAAF0AAU8L3RkPg==</RtData>
                                       </ptk:a>
                                       <name>td</name>
                                       <empty>false</empty>
                                       <xmlAttributes>
                                          <ptk:l location="Target:107:19">
                                             <XmlAttribute location="Target:107:19">
                                                <ptk:a name="RTD">
                                                   <RtData>c3EAfgAAdXEAfgADAAAAAnVxAH4ABQAAAAF0AAggc3R5bGU9InVxAH4ABQAAAAF0AAEi</RtData>
                                                </ptk:a>
                                                <name>style</name>
                                                <hasValue>true</hasValue>
                                                <value>
                                                   <ptk:l location="Target:107:27">
                                                      <ptk:t location="Target:107:27">padding-left:0em;</ptk:t>
                                                   </ptk:l>
                                                </value>
                                             </XmlAttribute>
                                          </ptk:l>
                                       </xmlAttributes>
                                       <body>
                                          <ptk:l>
                                             <ptk:t location="Target:107:46"> 2008</ptk:t>
                                             <Whitespace>
                                                <hasNewline>true</hasNewline>
                                                <content>
                                                   <ptk:l>
                                                      <ptk:t>
</ptk:t>
                                                   </ptk:l>
                                                </content>
                                             </Whitespace>
                                             <XmlEntityRef location="Target:108:2">
                                                <ptk:a name="RTD">
                                                   <RtData>c3EAfgAAdXEAfgADAAAAAXVxAH4ABQAAAAF0AAYmbmJzcDs=</RtData>
                                                </ptk:a>
                                                <name>nbsp</name>
                                             </XmlEntityRef>
                                             <ptk:t location="Target:108:7">census</ptk:t>
                                          </ptk:l>
                                       </body>
                                    </XmlElement>
                                    <Whitespace>
                                       <hasNewline>true</hasNewline>
                                       <content>
                                          <ptk:l>
                                             <ptk:t>
</ptk:t>
                                          </ptk:l>
                                       </content>
                                    </Whitespace>
                                    <ptk:t location="Target:109:1">               </ptk:t>
                                    <XmlElement>
                                       <ptk:a name="RTD">
                                          <RtData>c3EAfgAAdXEAfgADAAAAA3VxAH4ABQAAAAF0AAM8dGR1cQB+AAUAAAABdAABPnVxAH4ABQAAAAF0AAU8L3RkPg==</RtData>
                                       </ptk:a>
                                       <name>td</name>
                                       <empty>false</empty>
                                       <xmlAttributes>
                                          <ptk:l location="Target:109:19"/>
                                       </xmlAttributes>
                                       <body>
                                          <ptk:l>
                                             <ptk:t location="Target:109:20"> 8,260,490 </ptk:t>
                                             <Italics>
                                                <ptk:a name="RTD">
                                                   <RtData>c3EAfgAAdXEAfgADAAAAAnVxAH4ABQAAAAFxAH4OPnVxAH4ABQAAAAFxAH4OPg==</RtData>
                                                </ptk:a>
                                                <content>
                                                   <ptk:l>
                                                      <ptk:t location="Target:109:33">(disputed)</ptk:t>
                                                   </ptk:l>
                                                </content>
                                             </Italics>
                                             <Whitespace>
                                                <hasNewline>true</hasNewline>
                                                <content>
                                                   <ptk:l>
                                                      <ptk:t>
</ptk:t>
                                                   </ptk:l>
                                                </content>
                                             </Whitespace>
                                             <XmlEntityRef location="Target:110:2">
                                                <ptk:a name="RTD">
                                                   <RtData>c3EAfgAAdXEAfgADAAAAAXVxAH4ABQAAAAF0AAYmbmJzcDs=</RtData>
                                                </ptk:a>
                                                <name>nbsp</name>
                                             </XmlEntityRef>
                                             <ptk:t location="Target:110:7">(</ptk:t>
                                             <InternalLink location="Target:110:10">
                                                <ptk:a name="RTD">
                                                   <RtData>c3EAfgAAdXEAfgADAAAAAnVxAH4ABQAAAAF0ACFbW0xpc3Qgb2YgY291bnRyaWVzIGJ5IHBvcHVsYXRpb251cQB+AAUAAAABdAACXV0=</RtData>
                                                </ptk:a>
                                                <target>List of countries by population</target>
                                                <prefix/>
                                                <postfix/>
                                                <title>
                                                   <LinkTitle location="Target:110:41">
                                                      <ptk:a name="RTD">
                                                         <RtData>c3EAfgAAdXEAfgADAAAAAnVxAH4ABQAAAAF0AAF8cA==</RtData>
                                                      </ptk:a>
                                                      <content>
                                                         <ptk:l>
                                                            <ptk:t location="Target:110:42"> 94th</ptk:t>
                                                            <ptk:t>
</ptk:t>
                                                         </ptk:l>
                                                      </content>
                                                   </LinkTitle>
                                                </title>
                                             </InternalLink>
                                             <ptk:t location="Target:111:3">)</ptk:t>
                                          </ptk:l>
                                       </body>
                                    </XmlElement>
                                    <Whitespace>
                                       <hasNewline>true</hasNewline>
                                       <content>
                                          <ptk:l>
                                             <ptk:t>
</ptk:t>
                                          </ptk:l>
                                       </content>
                                    </Whitespace>
                                    <ptk:t location="Target:112:1">             </ptk:t>
                                 </ptk:l>
                              </body>
                           </XmlElement>
                           <XmlElement>
                              <ptk:a name="RTD">
                                 <RtData>c3EAfgAAdXEAfgADAAAAA3VxAH4ABQAAAAF0AAM8dHJ1cQB+AAUAAAABdAABPnVxAH4ABQAAAAF0AAU8L3RyPg==</RtData>
                              </ptk:a>
                              <name>tr</name>
                              <empty>false</empty>
                              <xmlAttributes>
                                 <ptk:l location="Target:112:22"/>
                              </xmlAttributes>
                              <body>
                                 <ptk:l>
                                    <Whitespace>
                                       <hasNewline>true</hasNewline>
                                       <content>
                                          <ptk:l>
                                             <ptk:t>
</ptk:t>
                                          </ptk:l>
                                       </content>
                                    </Whitespace>
                                    <ptk:t location="Target:113:1">          </ptk:t>
                                    <XmlElement>
                                       <ptk:a name="RTD">
                                          <RtData>c3EAfgAAdXEAfgADAAAAA3VxAH4ABQAAAAF0AAM8dGh1cQB+AAUAAAABdAABPnVxAH4ABQAAAAF0AAU8L3RoPg==</RtData>
                                       </ptk:a>
                                       <name>th</name>
                                       <empty>false</empty>
                                       <xmlAttributes>
                                          <ptk:l location="Target:113:14">
                                             <XmlAttribute location="Target:113:14">
                                                <ptk:a name="RTD">
                                                   <RtData>c3EAfgAAdXEAfgADAAAAAnVxAH4ABQAAAAF0AAogY29sc3Bhbj0idXEAfgAFAAAAAXQAASI=</RtData>
                                                </ptk:a>
                                                <name>colspan</name>
                                                <hasValue>true</hasValue>
                                                <value>
                                                   <ptk:l location="Target:113:24">
                                                      <ptk:t location="Target:113:24">2</ptk:t>
                                                   </ptk:l>
                                                </value>
                                             </XmlAttribute>
                                             <XmlAttribute location="Target:113:26">
                                                <ptk:a name="RTD">
                                                   <RtData>c3EAfgAAdXEAfgADAAAAAnVxAH4ABQAAAAF0AAggc3R5bGU9InVxAH4ABQAAAAF0AAEi</RtData>
                                                </ptk:a>
                                                <name>style</name>
                                                <hasValue>true</hasValue>
                                                <value>
                                                   <ptk:l location="Target:113:34">
                                                      <ptk:t location="Target:113:34">vertical-align:middle;</ptk:t>
                                                   </ptk:l>
                                                </value>
                                             </XmlAttribute>
                                          </ptk:l>
                                       </xmlAttributes>
                                       <body>
                                          <ptk:l>
                                             <InternalLink location="Target:113:60">
                                                <ptk:a name="RTD">
                                                   <RtData>c3EAfgAAdXEAfgADAAAAAnVxAH4ABQAAAAF0AApbW0N1cnJlbmN5dXEAfgAFAAAAAXQAAl1d</RtData>
                                                </ptk:a>
                                                <target>Currency</target>
                                                <prefix/>
                                                <postfix/>
                                                <title>
                                                   <LinkTitle>
                                                      <content>
                                                         <ptk:l/>
                                                      </content>
                                                   </LinkTitle>
                                                </title>
                                             </InternalLink>
                                          </ptk:l>
                                       </body>
                                    </XmlElement>
                                    <Whitespace>
                                       <hasNewline>true</hasNewline>
                                       <content>
                                          <ptk:l>
                                             <ptk:t>
</ptk:t>
                                          </ptk:l>
                                       </content>
                                    </Whitespace>
                                    <ptk:t location="Target:114:1">          </ptk:t>
                                    <XmlElement>
                                       <ptk:a name="RTD">
                                          <RtData>c3EAfgAAdXEAfgADAAAAA3VxAH4ABQAAAAF0AAM8dGR1cQB+AAUAAAABdAABPnA=</RtData>
                                       </ptk:a>
                                       <name>td</name>
                                       <empty>false</empty>
                                       <xmlAttributes>
                                          <ptk:l location="Target:114:14"/>
                                       </xmlAttributes>
                                       <body>
                                          <ptk:l>
                                             <ptk:t location="Target:114:15"> </ptk:t>
                                             <InternalLink location="Target:114:18">
                                                <ptk:a name="RTD">
                                                   <RtData>c3EAfgAAdXEAfgADAAAAAnVxAH4ABQAAAAF0ABBbW1N1ZGFuZXNlIHBvdW5kdXEAfgAFAAAAAXQAAl1d</RtData>
                                                </ptk:a>
                                                <target>Sudanese pound</target>
                                                <prefix/>
                                                <postfix/>
                                                <title>
                                                   <LinkTitle>
                                                      <content>
                                                         <ptk:l/>
                                                      </content>
                                                   </LinkTitle>
                                                </title>
                                             </InternalLink>
                                             <Whitespace location="Target:114:34">
                                                <hasNewline>true</hasNewline>
                                                <content>
                                                   <ptk:l>
                                                      <ptk:t>
</ptk:t>
                                                   </ptk:l>
                                                </content>
                                             </Whitespace>
                                          </ptk:l>
                                       </body>
                                    </XmlElement>
                                    <SemiPre location="Target:115:1">
                                       <content>
                                          <ptk:l>
                                             <SemiPreLine location="Target:115:1">
                                                <ptk:a name="RTD">
                                                   <RtData>c3EAfgAAdXEAfgADAAAAAnVxAH4ABQAAAAF0AAEgcA==</RtData>
                                                </ptk:a>
                                                <content>
                                                   <ptk:l>
                                                      <ptk:t location="Target:115:2">(</ptk:t>
                                                      <XmlElement>
                                                         <ptk:a name="RTD">
                                                            <RtData>c3EAfgAAdXEAfgADAAAAA3VxAH4ABQAAAAF0AAU8Y29kZXVxAH4ABQAAAAF0AAE+dXEAfgAFAAAAAXQABzwvY29kZT4=</RtData>
                                                         </ptk:a>
                                                         <name>code</name>
                                                         <empty>false</empty>
                                                         <xmlAttributes>
                                                            <ptk:l location="Target:115:8"/>
                                                         </xmlAttributes>
                                                         <body>
                                                            <ptk:l>
                                                               <InternalLink location="Target:115:11">
                                                                  <ptk:a name="RTD">
                                                                     <RtData>c3EAfgAAdXEAfgADAAAAAnVxAH4ABQAAAAF0AApbW0lTTyA0MjE3dXEAfgAFAAAAAXQAAl1d</RtData>
                                                                  </ptk:a>
                                                                  <target>ISO 4217</target>
                                                                  <prefix/>
                                                                  <postfix/>
                                                                  <title>
                                                                     <LinkTitle location="Target:115:19">
                                                                        <ptk:a name="RTD">
                                                                           <RtData>c3EAfgAAdXEAfgADAAAAAnVxAH4ABQAAAAF0AAF8cA==</RtData>
                                                                        </ptk:a>
                                                                        <content>
                                                                           <ptk:l>
                                                                              <ptk:t location="Target:115:20"> SDG</ptk:t>
                                                                              <ptk:t>
</ptk:t>
                                                                           </ptk:l>
                                                                        </content>
                                                                     </LinkTitle>
                                                                  </title>
                                                               </InternalLink>
                                                            </ptk:l>
                                                         </body>
                                                      </XmlElement>
                                                      <ptk:t location="Target:116:10">) </ptk:t>
                                                   </ptk:l>
                                                </content>
                                             </SemiPreLine>
                                          </ptk:l>
                                       </content>
                                    </SemiPre>
                                    <Whitespace location="Target:116:17">
                                       <hasNewline>true</hasNewline>
                                       <content>
                                          <ptk:l>
                                             <ptk:t>
</ptk:t>
                                          </ptk:l>
                                       </content>
                                    </Whitespace>
                                    <Paragraph>
                                       <content>
                                          <ptk:l>
                                             <ptk:t location="Target:117:1">        </ptk:t>
                                          </ptk:l>
                                       </content>
                                    </Paragraph>
                                 </ptk:l>
                              </body>
                           </XmlElement>
                           <XmlElement>
                              <ptk:a name="RTD">
                                 <RtData>c3EAfgAAdXEAfgADAAAAA3VxAH4ABQAAAAF0AAM8dHJ1cQB+AAUAAAABdAACID51cQB+AAUAAAABdAAFPC90cj4=</RtData>
                              </ptk:a>
                              <name>tr</name>
                              <empty>false</empty>
                              <xmlAttributes>
                                 <ptk:l location="Target:117:17"/>
                              </xmlAttributes>
                              <body>
                                 <ptk:l>
                                    <Whitespace>
                                       <hasNewline>true</hasNewline>
                                       <content>
                                          <ptk:l>
                                             <ptk:t>
</ptk:t>
                                          </ptk:l>
                                       </content>
                                    </Whitespace>
                                    <ptk:t location="Target:118:1">          </ptk:t>
                                    <XmlElement>
                                       <ptk:a name="RTD">
                                          <RtData>c3EAfgAAdXEAfgADAAAAA3VxAH4ABQAAAAF0AAM8dGh1cQB+AAUAAAABdAABPnVxAH4ABQAAAAF0AAU8L3RoPg==</RtData>
                                       </ptk:a>
                                       <name>th</name>
                                       <empty>false</empty>
                                       <xmlAttributes>
                                          <ptk:l location="Target:118:14">
                                             <XmlAttribute location="Target:118:14">
                                                <ptk:a name="RTD">
                                                   <RtData>c3EAfgAAdXEAfgADAAAAAnVxAH4ABQAAAAF0AAogY29sc3Bhbj0idXEAfgAFAAAAAXQAASI=</RtData>
                                                </ptk:a>
                                                <name>colspan</name>
                                                <hasValue>true</hasValue>
                                                <value>
                                                   <ptk:l location="Target:118:24">
                                                      <ptk:t location="Target:118:24">2</ptk:t>
                                                   </ptk:l>
                                                </value>
                                             </XmlAttribute>
                                          </ptk:l>
                                       </xmlAttributes>
                                       <body>
                                          <ptk:l>
                                             <InternalLink location="Target:118:29">
                                                <ptk:a name="RTD">
                                                   <RtData>c3EAfgAAdXEAfgADAAAAAnVxAH4ABQAAAAF0AAtbW1RpbWUgem9uZXVxAH4ABQAAAAF0AAJdXQ==</RtData>
                                                </ptk:a>
                                                <target>Time zone</target>
                                                <prefix/>
                                                <postfix/>
                                                <title>
                                                   <LinkTitle>
                                                      <content>
                                                         <ptk:l/>
                                                      </content>
                                                   </LinkTitle>
                                                </title>
                                             </InternalLink>
                                          </ptk:l>
                                       </body>
                                    </XmlElement>
                                    <Whitespace>
                                       <hasNewline>true</hasNewline>
                                       <content>
                                          <ptk:l>
                                             <ptk:t>
</ptk:t>
                                          </ptk:l>
                                       </content>
                                    </Whitespace>
                                    <ptk:t location="Target:119:1">          </ptk:t>
                                    <XmlElement>
                                       <ptk:a name="RTD">
                                          <RtData>c3EAfgAAdXEAfgADAAAAA3VxAH4ABQAAAAF0AAM8dGR1cQB+AAUAAAABdAABPnVxAH4ABQAAAAF0AAU8L3RkPg==</RtData>
                                       </ptk:a>
                                       <name>td</name>
                                       <empty>false</empty>
                                       <xmlAttributes>
                                          <ptk:l location="Target:119:14"/>
                                       </xmlAttributes>
                                       <body>
                                          <ptk:l>
                                             <ptk:t location="Target:119:15"> </ptk:t>
                                             <InternalLink location="Target:119:18">
                                                <ptk:a name="RTD">
                                                   <RtData>c3EAfgAAdXEAfgADAAAAAnVxAH4ABQAAAAF0ABJbW0Vhc3QgQWZyaWNhIFRpbWV1cQB+AAUAAAABdAACXV0=</RtData>
                                                </ptk:a>
                                                <target>East Africa Time</target>
                                                <prefix/>
                                                <postfix/>
                                                <title>
                                                   <LinkTitle>
                                                      <content>
                                                         <ptk:l/>
                                                      </content>
                                                   </LinkTitle>
                                                </title>
                                             </InternalLink>
                                             <Whitespace location="Target:119:36">
                                                <hasNewline>true</hasNewline>
                                                <content>
                                                   <ptk:l>
                                                      <ptk:t>
</ptk:t>
                                                   </ptk:l>
                                                </content>
                                             </Whitespace>
                                             <SemiPre location="Target:120:1">
                                                <content>
                                                   <ptk:l>
                                                      <SemiPreLine location="Target:120:1">
                                                         <ptk:a name="RTD">
                                                            <RtData>c3EAfgAAdXEAfgADAAAAAnVxAH4ABQAAAAF0AAEgcA==</RtData>
                                                         </ptk:a>
                                                         <content>
                                                            <ptk:l>
                                                               <XmlElement>
                                                                  <ptk:a name="RTD">
                                                                     <RtData>c3EAfgAAdXEAfgADAAAAA3VxAH4ABQAAAAF0AAU8c3BhbnVxAH4ABQAAAAF0AAE+cA==</RtData>
                                                                  </ptk:a>
                                                                  <name>span</name>
                                                                  <empty>false</empty>
                                                                  <xmlAttributes>
                                                                     <ptk:l location="Target:120:7">
                                                                        <XmlAttribute location="Target:120:7">
                                                                           <ptk:a name="RTD">
                                                                              <RtData>c3EAfgAAdXEAfgADAAAAAnVxAH4ABQAAAAF0AAggY2xhc3M9InVxAH4ABQAAAAF0AAEi</RtData>
                                                                           </ptk:a>
                                                                           <name>class</name>
                                                                           <hasValue>true</hasValue>
                                                                           <value>
                                                                              <ptk:l location="Target:120:15">
                                                                                 <ptk:t location="Target:120:15">nowrap</ptk:t>
                                                                              </ptk:l>
                                                                           </value>
                                                                        </XmlAttribute>
                                                                     </ptk:l>
                                                                  </xmlAttributes>
                                                                  <body>
                                                                     <ptk:l>
                                                                        <ptk:t location="Target:120:23">(</ptk:t>
                                                                        <InternalLink location="Target:120:26">
                                                                           <ptk:a name="RTD">
                                                                              <RtData>c3EAfgAAdXEAfgADAAAAAnVxAH4ABQAAAAF0ABxbW0Nvb3JkaW5hdGVkIFVuaXZlcnNhbCBUaW1ldXEAfgAFAAAAAXQAAl1d</RtData>
                                                                           </ptk:a>
                                                                           <target>Coordinated Universal Time</target>
                                                                           <prefix/>
                                                                           <postfix/>
                                                                           <title>
                                                                              <LinkTitle location="Target:120:52">
                                                                                 <ptk:a name="RTD">
                                                                                    <RtData>c3EAfgAAdXEAfgADAAAAAnVxAH4ABQAAAAF0AAF8cA==</RtData>
                                                                                 </ptk:a>
                                                                                 <content>
                                                                                    <ptk:l>
                                                                                       <ptk:t location="Target:120:53">UTC</ptk:t>
                                                                                    </ptk:l>
                                                                                 </content>
                                                                              </LinkTitle>
                                                                           </title>
                                                                        </InternalLink>
                                                                        <ptk:t location="Target:120:58"> +3</ptk:t>
                                                                     </ptk:l>
                                                                  </body>
                                                               </XmlElement>
                                                            </ptk:l>
                                                         </content>
                                                      </SemiPreLine>
                                                   </ptk:l>
                                                </content>
                                             </SemiPre>
                                             <XmlElement>
                                                <ptk:a name="RTD">
                                                   <RtData>c3EAfgAAdXEAfgADAAAAA3BwcA==</RtData>
                                                </ptk:a>
                                                <name>span</name>
                                                <empty>false</empty>
                                                <xmlAttributes>
                                                   <ptk:l location="Target:120:7">
                                                      <XmlAttribute location="Target:120:7">
                                                         <ptk:a name="RTD">
                                                            <RtData>cQB+DxY=</RtData>
                                                         </ptk:a>
                                                         <name>class</name>
                                                         <hasValue>true</hasValue>
                                                         <value>
                                                            <ptk:l location="Target:120:15">
                                                               <ptk:t location="Target:120:15">nowrap</ptk:t>
                                                            </ptk:l>
                                                         </value>
                                                      </XmlAttribute>
                                                   </ptk:l>
                                                </xmlAttributes>
                                                <body>
                                                   <ptk:l>
                                                      <Whitespace location="Target:120:61">
                                                         <hasNewline>true</hasNewline>
                                                         <content>
                                                            <ptk:l>
                                                               <ptk:t>
</ptk:t>
                                                            </ptk:l>
                                                         </content>
                                                      </Whitespace>
                                                   </ptk:l>
                                                </body>
                                             </XmlElement>
                                             <Paragraph>
                                                <content>
                                                   <ptk:l>
                                                      <XmlElement>
                                                         <ptk:a name="RTD">
                                                            <RtData>c3EAfgAAdXEAfgADAAAAA3BwdXEAfgAFAAAAAXQABzwvc3Bhbj4=</RtData>
                                                         </ptk:a>
                                                         <name>span</name>
                                                         <empty>false</empty>
                                                         <xmlAttributes>
                                                            <ptk:l location="Target:120:7">
                                                               <XmlAttribute location="Target:120:7">
                                                                  <ptk:a name="RTD">
                                                                     <RtData>cQB+DxY=</RtData>
                                                                  </ptk:a>
                                                                  <name>class</name>
                                                                  <hasValue>true</hasValue>
                                                                  <value>
                                                                     <ptk:l location="Target:120:15">
                                                                        <ptk:t location="Target:120:15">nowrap</ptk:t>
                                                                     </ptk:l>
                                                                  </value>
                                                               </XmlAttribute>
                                                            </ptk:l>
                                                         </xmlAttributes>
                                                         <body>
                                                            <ptk:l>
                                                               <ptk:t location="Target:121:1">)</ptk:t>
                                                            </ptk:l>
                                                         </body>
                                                      </XmlElement>
                                                   </ptk:l>
                                                </content>
                                             </Paragraph>
                                          </ptk:l>
                                       </body>
                                    </XmlElement>
                                    <Whitespace>
                                       <hasNewline>true</hasNewline>
                                       <content>
                                          <ptk:l>
                                             <ptk:t>
</ptk:t>
                                          </ptk:l>
                                       </content>
                                    </Whitespace>
                                    <ptk:t location="Target:122:1">        </ptk:t>
                                 </ptk:l>
                              </body>
                           </XmlElement>
                           <XmlElement>
                              <ptk:a name="RTD">
                                 <RtData>c3EAfgAAdXEAfgADAAAAA3VxAH4ABQAAAAF0AAM8dHJ1cQB+AAUAAAABdAABPnVxAH4ABQAAAAF0AAU8L3RyPg==</RtData>
                              </ptk:a>
                              <name>tr</name>
                              <empty>false</empty>
                              <xmlAttributes>
                                 <ptk:l location="Target:122:17"/>
                              </xmlAttributes>
                              <body>
                                 <ptk:l>
                                    <Whitespace>
                                       <hasNewline>true</hasNewline>
                                       <content>
                                          <ptk:l>
                                             <ptk:t>
</ptk:t>
                                          </ptk:l>
                                       </content>
                                    </Whitespace>
                                    <ptk:t location="Target:123:1">          </ptk:t>
                                    <XmlElement>
                                       <ptk:a name="RTD">
                                          <RtData>c3EAfgAAdXEAfgADAAAAA3VxAH4ABQAAAAF0AAM8dGh1cQB+AAUAAAABdAABPnVxAH4ABQAAAAF0AAU8L3RoPg==</RtData>
                                       </ptk:a>
                                       <name>th</name>
                                       <empty>false</empty>
                                       <xmlAttributes>
                                          <ptk:l location="Target:123:14">
                                             <XmlAttribute location="Target:123:14">
                                                <ptk:a name="RTD">
                                                   <RtData>c3EAfgAAdXEAfgADAAAAAnVxAH4ABQAAAAF0AAogY29sc3Bhbj0idXEAfgAFAAAAAXQAASI=</RtData>
                                                </ptk:a>
                                                <name>colspan</name>
                                                <hasValue>true</hasValue>
                                                <value>
                                                   <ptk:l location="Target:123:24">
                                                      <ptk:t location="Target:123:24">2</ptk:t>
                                                   </ptk:l>
                                                </value>
                                             </XmlAttribute>
                                          </ptk:l>
                                       </xmlAttributes>
                                       <body>
                                          <ptk:l>
                                             <InternalLink location="Target:123:29">
                                                <ptk:a name="RTD">
                                                   <RtData>c3EAfgAAdXEAfgADAAAAAnVxAH4ABQAAAAF0AB9bW0xpc3Qgb2YgY291bnRyeSBjYWxsaW5nIGNvZGVzdXEAfgAFAAAAAXQAAl1d</RtData>
                                                </ptk:a>
                                                <target>List of country calling codes</target>
                                                <prefix/>
                                                <postfix/>
                                                <title>
                                                   <LinkTitle location="Target:123:58">
                                                      <ptk:a name="RTD">
                                                         <RtData>c3EAfgAAdXEAfgADAAAAAnVxAH4ABQAAAAF0AAF8cA==</RtData>
                                                      </ptk:a>
                                                      <content>
                                                         <ptk:l>
                                                            <ptk:t location="Target:123:59">Calling code</ptk:t>
                                                         </ptk:l>
                                                      </content>
                                                   </LinkTitle>
                                                </title>
                                             </InternalLink>
                                          </ptk:l>
                                       </body>
                                    </XmlElement>
                                    <Whitespace>
                                       <hasNewline>true</hasNewline>
                                       <content>
                                          <ptk:l>
                                             <ptk:t>
</ptk:t>
                                          </ptk:l>
                                       </content>
                                    </Whitespace>
                                    <ptk:t location="Target:124:1">          </ptk:t>
                                    <XmlElement>
                                       <ptk:a name="RTD">
                                          <RtData>c3EAfgAAdXEAfgADAAAAA3VxAH4ABQAAAAF0AAM8dGR1cQB+AAUAAAABdAABPnVxAH4ABQAAAAF0AAU8L3RkPg==</RtData>
                                       </ptk:a>
                                       <name>td</name>
                                       <empty>false</empty>
                                       <xmlAttributes>
                                          <ptk:l location="Target:124:14"/>
                                       </xmlAttributes>
                                       <body>
                                          <ptk:l>
                                             <ptk:t location="Target:124:15"> 249</ptk:t>
                                             <Whitespace>
                                                <hasNewline>true</hasNewline>
                                                <content>
                                                   <ptk:l>
                                                      <ptk:t>
</ptk:t>
                                                   </ptk:l>
                                                </content>
                                             </Whitespace>
                                          </ptk:l>
                                       </body>
                                    </XmlElement>
                                    <Whitespace>
                                       <hasNewline>true</hasNewline>
                                       <content>
                                          <ptk:l>
                                             <ptk:t>
</ptk:t>
                                          </ptk:l>
                                       </content>
                                    </Whitespace>
                                    <ptk:t location="Target:126:1">        </ptk:t>
                                 </ptk:l>
                              </body>
                           </XmlElement>
                        </ptk:l>
                     </body>
                  </XmlElement>
                  <Whitespace location="Target:126:22">
                     <hasNewline>true</hasNewline>
                     <content>
                        <ptk:l>
                           <ptk:t>
</ptk:t>
                           <ptk:t>
</ptk:t>
                           <ptk:t>
</ptk:t>
                        </ptk:l>
                     </content>
                  </Whitespace>
                  <Paragraph>
                     <content>
                        <ptk:l>
                           <InternalLink location="Target:129:3">
                              <ptk:a name="RTD">
                                 <RtData>c3EAfgAAdXEAfgADAAAAAnVxAH4ABQAAAAF0AB5bW9mF2YTZgTpGbGFnIG9mIHRoZSBTUExBTS5zdmd1cQB+AAUAAAABdAACXV0=</RtData>
                              </ptk:a>
                              <target>ملف:Flag of the SPLAM.svg</target>
                              <prefix/>
                              <postfix/>
                              <title>
                                 <LinkTitle location="Target:129:28">
                                    <ptk:a name="RTD">
                                       <RtData>c3EAfgAAdXEAfgADAAAAAnVxAH4ABQAAAAF0AAF8cA==</RtData>
                                    </ptk:a>
                                    <content>
                                       <ptk:l>
                                          <ptk:t location="Target:129:29">200 px</ptk:t>
                                          <ptk:t location="Target:129:35">|</ptk:t>
                                          <ptk:t location="Target:129:36">thumb</ptk:t>
                                          <ptk:t location="Target:129:41">|</ptk:t>
                                          <ptk:t location="Target:129:42">علم جنوب السودان</ptk:t>
                                       </ptk:l>
                                    </content>
                                 </LinkTitle>
                              </title>
                           </InternalLink>
                           <Whitespace location="Target:129:60">
                              <hasNewline>true</hasNewline>
                              <content>
                                 <ptk:l>
                                    <ptk:t>
</ptk:t>
                                    <ptk:t>
</ptk:t>
                                 </ptk:l>
                              </content>
                           </Whitespace>
                        </ptk:l>
                     </content>
                  </Paragraph>
                  <Paragraph>
                     <content>
                        <ptk:l>
                           <Bold>
                              <ptk:a name="RTD">
                                 <RtData>c3EAfgAAdXEAfgADAAAAAnVxAH4ABQAAAAFxAH4IAXVxAH4ABQAAAAFxAH4IAQ==</RtData>
                              </ptk:a>
                              <content>
                                 <ptk:l>
                                    <ptk:t location="Target:131:4">جنوب السودان</ptk:t>
                                 </ptk:l>
                              </content>
                           </Bold>
                           <ptk:t location="Target:131:19"> هيا </ptk:t>
                           <InternalLink location="Target:131:26">
                              <ptk:a name="RTD">
                                 <RtData>c3EAfgAAdXEAfgADAAAAAnVxAH4ABQAAAAF0ABdbW9iv2YjZhNipINmF2LPYqtmC2YTYqXVxAH4ABQAAAAF0AAJdXQ==</RtData>
                              </ptk:a>
                              <target>دولة مستقلة</target>
                              <prefix/>
                              <postfix/>
                              <title>
                                 <LinkTitle>
                                    <content>
                                       <ptk:l/>
                                    </content>
                                 </LinkTitle>
                              </title>
                           </InternalLink>
                           <ptk:t location="Target:131:39"> من ساعة اول دقيقة من 9 يوليو سنة 2011، إسمها الرسمى جمهورية جنوب السودان مساحتها ‏619‏ ألف كيلومتر مربع و عاصمتها </ptk:t>
                           <InternalLink location="Target:131:156">
                              <ptk:a name="RTD">
                                 <RtData>c3EAfgAAdXEAfgADAAAAAnVxAH4ABQAAAAF0AApbW9is2YjYqNindXEAfgAFAAAAAXQAAl1d</RtData>
                              </ptk:a>
                              <target>جوبا</target>
                              <prefix/>
                              <postfix/>
                              <title>
                                 <LinkTitle>
                                    <content>
                                       <ptk:l/>
                                    </content>
                                 </LinkTitle>
                              </title>
                           </InternalLink>
                           <ptk:t location="Target:131:162"> و كانت قبل كده  منطقة فى </ptk:t>
                           <InternalLink location="Target:131:190">
                              <ptk:a name="RTD">
                                 <RtData>c3EAfgAAdXEAfgADAAAAAnVxAH4ABQAAAAF0ABBbW9in2YTYs9mI2K/Yp9mGdXEAfgAFAAAAAXQAAl1d</RtData>
                              </ptk:a>
                              <target>السودان</target>
                              <prefix/>
                              <postfix/>
                              <title>
                                 <LinkTitle>
                                    <content>
                                       <ptk:l/>
                                    </content>
                                 </LinkTitle>
                              </title>
                           </InternalLink>
                           <ptk:t location="Target:131:199"> ، و بقت جنوب السودان </ptk:t>
                           <InternalLink location="Target:131:223">
                              <ptk:a name="RTD">
                                 <RtData>c3EAfgAAdXEAfgADAAAAAnVxAH4ABQAAAAF0ABdbW9iv2YjZhNipINmF2LPYqtmC2YTYqXVxAH4ABQAAAAF0AAJdXQ==</RtData>
                              </ptk:a>
                              <target>دولة مستقلة</target>
                              <prefix/>
                              <postfix/>
                              <title>
                                 <LinkTitle>
                                    <content>
                                       <ptk:l/>
                                    </content>
                                 </LinkTitle>
                              </title>
                           </InternalLink>
                           <ptk:t location="Target:131:236"> يوم 9 يوليه  2011. و بقت دولة عضو فى </ptk:t>
                           <InternalLink location="Target:131:276">
                              <ptk:a name="RTD">
                                 <RtData>c3EAfgAAdXEAfgADAAAAAnVxAH4ABQAAAAF0ABtbW9in2YTYo9mF2YUg2KfZhNmF2KrYrdiv2Yd1cQB+AAUAAAABdAACXV0=</RtData>
                              </ptk:a>
                              <target>الأمم المتحده</target>
                              <prefix/>
                              <postfix/>
                              <title>
                                 <LinkTitle location="Target:131:289">
                                    <ptk:a name="RTD">
                                       <RtData>c3EAfgAAdXEAfgADAAAAAnVxAH4ABQAAAAF0AAF8cA==</RtData>
                                    </ptk:a>
                                    <content>
                                       <ptk:l>
                                          <ptk:t location="Target:131:290">الأمم المتحدة</ptk:t>
                                       </ptk:l>
                                    </content>
                                 </LinkTitle>
                              </title>
                           </InternalLink>
                           <ptk:t location="Target:131:305"> يوم 14 يوليه  2011.</ptk:t>
                           <Whitespace location="Target:131:325">
                              <hasNewline>true</hasNewline>
                              <content>
                                 <ptk:l>
                                    <ptk:t>
</ptk:t>
                                    <ptk:t>
</ptk:t>
                                 </ptk:l>
                              </content>
                           </Whitespace>
                        </ptk:l>
                     </content>
                  </Paragraph>
                  <Paragraph>
                     <content>
                        <ptk:l>
                           <ptk:t location="Target:133:1">جنوب السودان بتضم عشر ولايات. الحكومة السودانية وافقت انها تدّي الحكم الذاتي للمنطقة فى اتفاق السلام الشامل اللي اتعمل يوم 9 يناير 2005 فى نيفاشا ، </ptk:t>
                           <InternalLink location="Target:133:151">
                              <ptk:a name="RTD">
                                 <RtData>c3EAfgAAdXEAfgADAAAAAnVxAH4ABQAAAAF0AAxbW9mD2YrZhtmK2Kd1cQB+AAUAAAABdAACXV0=</RtData>
                              </ptk:a>
                              <target>كينيا</target>
                              <prefix/>
                              <postfix/>
                              <title>
                                 <LinkTitle>
                                    <content>
                                       <ptk:l/>
                                    </content>
                                 </LinkTitle>
                              </title>
                           </InternalLink>
                           <ptk:t location="Target:133:158"> ، مع الجيش الشعبي لتحرير السودان ، مؤقتا عشان يحطوا حد للحرب الاهلية السودانيه التانيه 1983 -- 2005. و عملو استفتا فى شهر يناير  2011 اذا كان جنوب السودان هتفضل ف السودان وللا هتبقى دولة مستقلة و كانت نتيجته إن أغلبية سكان جنوب السودان طلبو إنفصال  جنوب السودان من السودان. حدود جنوب السودان م الجنوب شرق </ptk:t>
                           <InternalLink location="Target:133:466">
                              <ptk:a name="RTD">
                                 <RtData>c3EAfgAAdXEAfgADAAAAAnVxAH4ABQAAAAF0ABBbW9in2KvZitmI2KjZitindXEAfgAFAAAAAXQAAl1d</RtData>
                              </ptk:a>
                              <target>اثيوبيا</target>
                              <prefix/>
                              <postfix/>
                              <title>
                                 <LinkTitle>
                                    <content>
                                       <ptk:l/>
                                    </content>
                                 </LinkTitle>
                              </title>
                           </InternalLink>
                           <ptk:t location="Target:133:475"> و </ptk:t>
                           <InternalLink location="Target:133:480">
                              <ptk:a name="RTD">
                                 <RtData>c3EAfgAAdXEAfgADAAAAAnVxAH4ABQAAAAF0AAxbW9mD2YrZhtmK2Kd1cQB+AAUAAAABdAACXV0=</RtData>
                              </ptk:a>
                              <target>كينيا</target>
                              <prefix/>
                              <postfix/>
                              <title>
                                 <LinkTitle>
                                    <content>
                                       <ptk:l/>
                                    </content>
                                 </LinkTitle>
                              </title>
                           </InternalLink>
                           <ptk:t location="Target:133:487"> و </ptk:t>
                           <InternalLink location="Target:133:492">
                              <ptk:a name="RTD">
                                 <RtData>c3EAfgAAdXEAfgADAAAAAnVxAH4ABQAAAAF0AA5bW9in2YjYrNmG2K/Yp3VxAH4ABQAAAAF0AAJdXQ==</RtData>
                              </ptk:a>
                              <target>اوجندا</target>
                              <prefix/>
                              <postfix/>
                              <title>
                                 <LinkTitle>
                                    <content>
                                       <ptk:l/>
                                    </content>
                                 </LinkTitle>
                              </title>
                           </InternalLink>
                           <ptk:t location="Target:133:500"> و </ptk:t>
                           <InternalLink location="Target:133:505">
                              <ptk:a name="RTD">
                                 <RtData>c3EAfgAAdXEAfgADAAAAAnVxAH4ABQAAAAF0ADRbW9is2YXZh9mI2LHZitipINmD2YjZhtis2Ygg2KfZhNiv2YrZhdmI2YLYsdin2LfZitmHdXEAfgAFAAAAAXQAAl1d</RtData>
                              </ptk:a>
                              <target>جمهورية كونجو الديموقراطيه</target>
                              <prefix/>
                              <postfix/>
                              <title>
                                 <LinkTitle location="Target:133:531">
                                    <ptk:a name="RTD">
                                       <RtData>c3EAfgAAdXEAfgADAAAAAnVxAH4ABQAAAAF0AAF8cA==</RtData>
                                    </ptk:a>
                                    <content>
                                       <ptk:l>
                                          <ptk:t location="Target:133:532">جمهورية الكونجو الديمقراطيه</ptk:t>
                                       </ptk:l>
                                    </content>
                                 </LinkTitle>
                              </title>
                           </InternalLink>
                           <ptk:t location="Target:133:561">، وجمهورية </ptk:t>
                           <InternalLink location="Target:133:574">
                              <ptk:a name="RTD">
                                 <RtData>c3EAfgAAdXEAfgADAAAAAnVxAH4ABQAAAAF0AB1bW9in2YHYsdmK2YLZitinINin2YTZiNiz2LfZiXVxAH4ABQAAAAF0AAJdXQ==</RtData>
                              </ptk:a>
                              <target>افريقيا الوسطى</target>
                              <prefix/>
                              <postfix/>
                              <title>
                                 <LinkTitle>
                                    <content>
                                       <ptk:l/>
                                    </content>
                                 </LinkTitle>
                              </title>
                           </InternalLink>
                           <ptk:t location="Target:133:590"> من الغرب. و من الشَمَال حدودها مع </ptk:t>
                           <InternalLink location="Target:133:627">
                              <ptk:a name="RTD">
                                 <RtData>c3EAfgAAdXEAfgADAAAAAnVxAH4ABQAAAAF0ABBbW9in2YTYs9mI2K/Yp9mGdXEAfgAFAAAAAXQAAl1d</RtData>
                              </ptk:a>
                              <target>السودان</target>
                              <prefix/>
                              <postfix/>
                              <title>
                                 <LinkTitle>
                                    <content>
                                       <ptk:l/>
                                    </content>
                                 </LinkTitle>
                              </title>
                           </InternalLink>
                           <ptk:t location="Target:133:636"> اللى كانت قبل كده  المنطقة العربية و الاسلامية اللي بتخضع لسيطره الحكومة المركزية.</ptk:t>
                           <Whitespace location="Target:133:719">
                              <hasNewline>true</hasNewline>
                              <content>
                                 <ptk:l>
                                    <ptk:t>
</ptk:t>
                                    <ptk:t>
</ptk:t>
                                 </ptk:l>
                              </content>
                           </Whitespace>
                        </ptk:l>
                     </content>
                  </Paragraph>
                  <Paragraph>
                     <content>
                        <ptk:l>
                           <ptk:t location="Target:135:1">جنوب السودان عاصمتها هيّ </ptk:t>
                           <InternalLink location="Target:135:28">
                              <ptk:a name="RTD">
                                 <RtData>c3EAfgAAdXEAfgADAAAAAnVxAH4ABQAAAAF0AApbW9is2YjYqNindXEAfgAFAAAAAXQAAl1d</RtData>
                              </ptk:a>
                              <target>جوبا</target>
                              <prefix/>
                              <postfix/>
                              <title>
                                 <LinkTitle>
                                    <content>
                                       <ptk:l/>
                                    </content>
                                 </LinkTitle>
                              </title>
                           </InternalLink>
                           <ptk:t location="Target:135:34"> اللي فيها كل مكاتبها الادارية وفيها اكبر عدد من السكان. جنوب السودان فيها منطقة  مستنقعات واسعه إسمها  </ptk:t>
                           <InternalLink location="Target:135:140">
                              <ptk:a name="RTD">
                                 <RtData>c3EAfgAAdXEAfgADAAAAAnVxAH4ABQAAAAF0AA5bW9in2YTYs9iv2YjYr3VxAH4ABQAAAAF0AAJdXQ==</RtData>
                              </ptk:a>
                              <target>السدود</target>
                              <prefix/>
                              <postfix/>
                              <title>
                                 <LinkTitle>
                                    <content>
                                       <ptk:l/>
                                    </content>
                                 </LinkTitle>
                              </title>
                           </InternalLink>
                           <ptk:t location="Target:135:148"> اللى  بيشكلها </ptk:t>
                           <InternalLink location="Target:135:165">
                              <ptk:a name="RTD">
                                 <RtData>c3EAfgAAdXEAfgADAAAAAnVxAH4ABQAAAAF0ABlbW9in2YTZhtmK2YQg2KfZhNij2KjZiti2dXEAfgAFAAAAAXQAAl1d</RtData>
                              </ptk:a>
                              <target>النيل الأبيض</target>
                              <prefix/>
                              <postfix/>
                              <title>
                                 <LinkTitle>
                                    <content>
                                       <ptk:l/>
                                    </content>
                                 </LinkTitle>
                              </title>
                           </InternalLink>
                           <ptk:t location="Target:135:179"> ، و إسمها </ptk:t>
                           <InternalLink location="Target:135:192">
                              <ptk:a name="RTD">
                                 <RtData>c3EAfgAAdXEAfgADAAAAAnVxAH4ABQAAAAF0ABNbW9io2K3YsSDYp9mE2KzYqNmEdXEAfgAFAAAAAXQAAl1d</RtData>
                              </ptk:a>
                              <target>بحر الجبل</target>
                              <prefix/>
                              <postfix/>
                              <title>
                                 <LinkTitle>
                                    <content>
                                       <ptk:l/>
                                    </content>
                                 </LinkTitle>
                              </title>
                           </InternalLink>
                           <ptk:t location="Target:135:203">.</ptk:t>
                           <Whitespace location="Target:135:204">
                              <hasNewline>true</hasNewline>
                              <content>
                                 <ptk:l>
                                    <ptk:t>
</ptk:t>
                                    <ptk:t>
</ptk:t>
                                 </ptk:l>
                              </content>
                           </Whitespace>
                        </ptk:l>
                     </content>
                  </Paragraph>
                  <Paragraph>
                     <content>
                        <ptk:l>
                           <ptk:t location="Target:137:1">الحرب الاهلية السودانيه كانت 'أطول حرب أهلية فى تاريخ أفريقيا. </ptk:t>
                           <Whitespace>
                              <hasNewline>true</hasNewline>
                              <content>
                                 <ptk:l>
                                    <ptk:t>
</ptk:t>
                                 </ptk:l>
                              </content>
                           </Whitespace>
                           <ptk:t location="Target:138:3">[[</ptk:t>
                           <ptk:t location="Target:138:3">Image</ptk:t>
                           <ptk:t location="Target:138:8">:</ptk:t>
                           <ptk:t location="Target:138:9">Political Regions of Sudan, July 2006.svg</ptk:t>
                           <ptk:t location="Target:138:50">|</ptk:t>
                           <ptk:t location="Target:138:51">thumb</ptk:t>
                           <ptk:t location="Target:138:56">|</ptk:t>
                           <ptk:t location="Target:138:57">left</ptk:t>
                           <ptk:t location="Target:138:61">|</ptk:t>
                           <Whitespace>
                              <hasNewline>true</hasNewline>
                              <content>
                                 <ptk:l>
                                    <ptk:t>
</ptk:t>
                                 </ptk:l>
                              </content>
                           </Whitespace>
                           <XmlElement>
                              <ptk:a name="RTD">
                                 <RtData>c3EAfgAAdXEAfgADAAAAA3VxAH4ABQAAAAF0AAU8c3BhbnVxAH4ABQAAAAF0AAE+dXEAfgAFAAAAAXQABzwvc3Bhbj4=</RtData>
                              </ptk:a>
                              <name>span</name>
                              <empty>false</empty>
                              <xmlAttributes>
                                 <ptk:l location="Target:139:6">
                                    <XmlAttribute location="Target:139:6">
                                       <ptk:a name="RTD">
                                          <RtData>c3EAfgAAdXEAfgADAAAAAnVxAH4ABQAAAAF0AAggc3R5bGU9InVxAH4ABQAAAAF0AAEi</RtData>
                                       </ptk:a>
                                       <name>style</name>
                                       <hasValue>true</hasValue>
                                       <value>
                                          <ptk:l location="Target:139:14">
                                             <ptk:t location="Target:139:14">margin:0px; font-size:90%; display:block;</ptk:t>
                                          </ptk:l>
                                       </value>
                                    </XmlAttribute>
                                 </ptk:l>
                              </xmlAttributes>
                              <body>
                                 <ptk:l>
                                    <XmlElement>
                                       <ptk:a name="RTD">
                                          <RtData>c3EAfgAAdXEAfgADAAAAA3VxAH4ABQAAAAF0AAU8c3BhbnVxAH4ABQAAAAF0AAE+dXEAfgAFAAAAAXQABzwvc3Bhbj4=</RtData>
                                       </ptk:a>
                                       <name>span</name>
                                       <empty>false</empty>
                                       <xmlAttributes>
                                          <ptk:l location="Target:139:62">
                                             <XmlAttribute location="Target:139:62">
                                                <ptk:a name="RTD">
                                                   <RtData>c3EAfgAAdXEAfgADAAAAAnVxAH4ABQAAAAF0AAggc3R5bGU9InVxAH4ABQAAAAF0AAEi</RtData>
                                                </ptk:a>
                                                <name>style</name>
                                                <hasValue>true</hasValue>
                                                <value>
                                                   <ptk:l location="Target:139:70">
                                                      <ptk:t location="Target:139:70">border:none; background-color:#f7931d; color:#f7931d;</ptk:t>
                                                   </ptk:l>
                                                </value>
                                             </XmlAttribute>
                                          </ptk:l>
                                       </xmlAttributes>
                                       <body>
                                          <ptk:l>
                                             <ptk:t location="Target:139:125">██</ptk:t>
                                          </ptk:l>
                                       </body>
                                    </XmlElement>
                                    <XmlEntityRef location="Target:139:135">
                                       <ptk:a name="RTD">
                                          <RtData>c3EAfgAAdXEAfgADAAAAAXVxAH4ABQAAAAF0AAYmbmJzcDs=</RtData>
                                       </ptk:a>
                                       <name>nbsp</name>
                                    </XmlEntityRef>
                                    <ptk:t location="Target:139:140">شمال السودان</ptk:t>
                                 </ptk:l>
                              </body>
                           </XmlElement>
                           <Whitespace>
                              <hasNewline>true</hasNewline>
                              <content>
                                 <ptk:l>
                                    <ptk:t>
</ptk:t>
                                 </ptk:l>
                              </content>
                           </Whitespace>
                           <XmlElement>
                              <ptk:a name="RTD">
                                 <RtData>c3EAfgAAdXEAfgADAAAAA3VxAH4ABQAAAAF0AAU8c3BhbnVxAH4ABQAAAAF0AAE+dXEAfgAFAAAAAXQABzwvc3Bhbj4=</RtData>
                              </ptk:a>
                              <name>span</name>
                              <empty>false</empty>
                              <xmlAttributes>
                                 <ptk:l location="Target:140:6">
                                    <XmlAttribute location="Target:140:6">
                                       <ptk:a name="RTD">
                                          <RtData>c3EAfgAAdXEAfgADAAAAAnVxAH4ABQAAAAF0AAggc3R5bGU9InVxAH4ABQAAAAF0AAEi</RtData>
                                       </ptk:a>
                                       <name>style</name>
                                       <hasValue>true</hasValue>
                                       <value>
                                          <ptk:l location="Target:140:14">
                                             <ptk:t location="Target:140:14">margin:0px; font-size:90%; display:block;</ptk:t>
                                          </ptk:l>
                                       </value>
                                    </XmlAttribute>
                                 </ptk:l>
                              </xmlAttributes>
                              <body>
                                 <ptk:l>
                                    <XmlElement>
                                       <ptk:a name="RTD">
                                          <RtData>c3EAfgAAdXEAfgADAAAAA3VxAH4ABQAAAAF0AAU8c3BhbnVxAH4ABQAAAAF0AAE+dXEAfgAFAAAAAXQABzwvc3Bhbj4=</RtData>
                                       </ptk:a>
                                       <name>span</name>
                                       <empty>false</empty>
                                       <xmlAttributes>
                                          <ptk:l location="Target:140:62">
                                             <XmlAttribute location="Target:140:62">
                                                <ptk:a name="RTD">
                                                   <RtData>c3EAfgAAdXEAfgADAAAAAnVxAH4ABQAAAAF0AAggc3R5bGU9InVxAH4ABQAAAAF0AAEi</RtData>
                                                </ptk:a>
                                                <name>style</name>
                                                <hasValue>true</hasValue>
                                                <value>
                                                   <ptk:l location="Target:140:70">
                                                      <ptk:t location="Target:140:70">border:none; background-color:#8cc63f; color:#8cc63f;</ptk:t>
                                                   </ptk:l>
                                                </value>
                                             </XmlAttribute>
                                          </ptk:l>
                                       </xmlAttributes>
                                       <body>
                                          <ptk:l>
                                             <ptk:t location="Target:140:125">██</ptk:t>
                                          </ptk:l>
                                       </body>
                                    </XmlElement>
                                    <XmlEntityRef location="Target:140:135">
                                       <ptk:a name="RTD">
                                          <RtData>c3EAfgAAdXEAfgADAAAAAXVxAH4ABQAAAAF0AAYmbmJzcDs=</RtData>
                                       </ptk:a>
                                       <name>nbsp</name>
                                    </XmlEntityRef>
                                    <ptk:t location="Target:140:140">دارفور</ptk:t>
                                 </ptk:l>
                              </body>
                           </XmlElement>
                           <Whitespace>
                              <hasNewline>true</hasNewline>
                              <content>
                                 <ptk:l>
                                    <ptk:t>
</ptk:t>
                                 </ptk:l>
                              </content>
                           </Whitespace>
                           <XmlElement>
                              <ptk:a name="RTD">
                                 <RtData>c3EAfgAAdXEAfgADAAAAA3VxAH4ABQAAAAF0AAU8c3BhbnVxAH4ABQAAAAF0AAE+dXEAfgAFAAAAAXQABzwvc3Bhbj4=</RtData>
                              </ptk:a>
                              <name>span</name>
                              <empty>false</empty>
                              <xmlAttributes>
                                 <ptk:l location="Target:141:6">
                                    <XmlAttribute location="Target:141:6">
                                       <ptk:a name="RTD">
                                          <RtData>c3EAfgAAdXEAfgADAAAAAnVxAH4ABQAAAAF0AAggc3R5bGU9InVxAH4ABQAAAAF0AAEi</RtData>
                                       </ptk:a>
                                       <name>style</name>
                                       <hasValue>true</hasValue>
                                       <value>
                                          <ptk:l location="Target:141:14">
                                             <ptk:t location="Target:141:14">margin:0px; font-size:90%; display:block;</ptk:t>
                                          </ptk:l>
                                       </value>
                                    </XmlAttribute>
                                 </ptk:l>
                              </xmlAttributes>
                              <body>
                                 <ptk:l>
                                    <XmlElement>
                                       <ptk:a name="RTD">
                                          <RtData>c3EAfgAAdXEAfgADAAAAA3VxAH4ABQAAAAF0AAU8c3BhbnVxAH4ABQAAAAF0AAE+dXEAfgAFAAAAAXQABzwvc3Bhbj4=</RtData>
                                       </ptk:a>
                                       <name>span</name>
                                       <empty>false</empty>
                                       <xmlAttributes>
                                          <ptk:l location="Target:141:62">
                                             <XmlAttribute location="Target:141:62">
                                                <ptk:a name="RTD">
                                                   <RtData>c3EAfgAAdXEAfgADAAAAAnVxAH4ABQAAAAF0AAggc3R5bGU9InVxAH4ABQAAAAF0AAEi</RtData>
                                                </ptk:a>
                                                <name>style</name>
                                                <hasValue>true</hasValue>
                                                <value>
                                                   <ptk:l location="Target:141:70">
                                                      <ptk:t location="Target:141:70">border:none; background-color:#800080; color:#800080;</ptk:t>
                                                   </ptk:l>
                                                </value>
                                             </XmlAttribute>
                                          </ptk:l>
                                       </xmlAttributes>
                                       <body>
                                          <ptk:l>
                                             <ptk:t location="Target:141:125">██</ptk:t>
                                          </ptk:l>
                                       </body>
                                    </XmlElement>
                                    <XmlEntityRef location="Target:141:135">
                                       <ptk:a name="RTD">
                                          <RtData>c3EAfgAAdXEAfgADAAAAAXVxAH4ABQAAAAF0AAYmbmJzcDs=</RtData>
                                       </ptk:a>
                                       <name>nbsp</name>
                                    </XmlEntityRef>
                                    <InternalLink location="Target:141:142">
                                       <ptk:a name="RTD">
                                          <RtData>c3EAfgAAdXEAfgADAAAAAnVxAH4ABQAAAAF0AFJbW9in2YTYrNio2YfYqSDYp9mE2LTYsdmC2YrYqSjYp9mE2LPZiNiv2KfZhiksINmF2YbYt9mC2Kkg2K3YsdmI2Kgg2YrZiNmE2YrZiCAyMDA2dXEAfgAFAAAAAXQAAl1d</RtData>
                                       </ptk:a>
                                       <target>الجبهة الشرقية(السودان), منطقة حروب يوليو 2006</target>
                                       <prefix/>
                                       <postfix/>
                                       <title>
                                          <LinkTitle>
                                             <content>
                                                <ptk:l/>
                                             </content>
                                          </LinkTitle>
                                       </title>
                                    </InternalLink>
                                 </ptk:l>
                              </body>
                           </XmlElement>
                           <Whitespace>
                              <hasNewline>true</hasNewline>
                              <content>
                                 <ptk:l>
                                    <ptk:t>
</ptk:t>
                                 </ptk:l>
                              </content>
                           </Whitespace>
                           <XmlElement>
                              <ptk:a name="RTD">
                                 <RtData>c3EAfgAAdXEAfgADAAAAA3VxAH4ABQAAAAF0AAU8c3BhbnVxAH4ABQAAAAF0AAE+dXEAfgAFAAAAAXQABzwvc3Bhbj4=</RtData>
                              </ptk:a>
                              <name>span</name>
                              <empty>false</empty>
                              <xmlAttributes>
                                 <ptk:l location="Target:142:6">
                                    <XmlAttribute location="Target:142:6">
                                       <ptk:a name="RTD">
                                          <RtData>c3EAfgAAdXEAfgADAAAAAnVxAH4ABQAAAAF0AAggc3R5bGU9InVxAH4ABQAAAAF0AAEi</RtData>
                                       </ptk:a>
                                       <name>style</name>
                                       <hasValue>true</hasValue>
                                       <value>
                                          <ptk:l location="Target:142:14">
                                             <ptk:t location="Target:142:14">margin:0px; font-size:90%; display:block;</ptk:t>
                                          </ptk:l>
                                       </value>
                                    </XmlAttribute>
                                 </ptk:l>
                              </xmlAttributes>
                              <body>
                                 <ptk:l>
                                    <XmlElement>
                                       <ptk:a name="RTD">
                                          <RtData>c3EAfgAAdXEAfgADAAAAA3VxAH4ABQAAAAF0AAU8c3BhbnVxAH4ABQAAAAF0AAE+dXEAfgAFAAAAAXQABzwvc3Bhbj4=</RtData>
                                       </ptk:a>
                                       <name>span</name>
                                       <empty>false</empty>
                                       <xmlAttributes>
                                          <ptk:l location="Target:142:62">
                                             <XmlAttribute location="Target:142:62">
                                                <ptk:a name="RTD">
                                                   <RtData>c3EAfgAAdXEAfgADAAAAAnVxAH4ABQAAAAF0AAggc3R5bGU9InVxAH4ABQAAAAF0AAEi</RtData>
                                                </ptk:a>
                                                <name>style</name>
                                                <hasValue>true</hasValue>
                                                <value>
                                                   <ptk:l location="Target:142:70">
                                                      <ptk:t location="Target:142:70">border:none; background-color:#00adef; color:#00adef;</ptk:t>
                                                   </ptk:l>
                                                </value>
                                             </XmlAttribute>
                                          </ptk:l>
                                       </xmlAttributes>
                                       <body>
                                          <ptk:l>
                                             <ptk:t location="Target:142:125">██</ptk:t>
                                          </ptk:l>
                                       </body>
                                    </XmlElement>
                                    <XmlEntityRef location="Target:142:135">
                                       <ptk:a name="RTD">
                                          <RtData>c3EAfgAAdXEAfgADAAAAAXVxAH4ABQAAAAF0AAYmbmJzcDs=</RtData>
                                       </ptk:a>
                                       <name>nbsp</name>
                                    </XmlEntityRef>
                                    <ptk:t location="Target:142:140">جنوب السودان</ptk:t>
                                 </ptk:l>
                              </body>
                           </XmlElement>
                           <Whitespace>
                              <hasNewline>true</hasNewline>
                              <content>
                                 <ptk:l>
                                    <ptk:t>
</ptk:t>
                                 </ptk:l>
                              </content>
                           </Whitespace>
                           <XmlElement>
                              <ptk:a name="RTD">
                                 <RtData>c3EAfgAAdXEAfgADAAAAA3VxAH4ABQAAAAF0AAU8c3BhbnVxAH4ABQAAAAF0AAE+dXEAfgAFAAAAAXQABzwvc3Bhbj4=</RtData>
                              </ptk:a>
                              <name>span</name>
                              <empty>false</empty>
                              <xmlAttributes>
                                 <ptk:l location="Target:143:6">
                                    <XmlAttribute location="Target:143:6">
                                       <ptk:a name="RTD">
                                          <RtData>c3EAfgAAdXEAfgADAAAAAnVxAH4ABQAAAAF0AAggc3R5bGU9InVxAH4ABQAAAAF0AAEi</RtData>
                                       </ptk:a>
                                       <name>style</name>
                                       <hasValue>true</hasValue>
                                       <value>
                                          <ptk:l location="Target:143:14">
                                             <ptk:t location="Target:143:14">margin:0px; font-size:90%; display:block;</ptk:t>
                                          </ptk:l>
                                       </value>
                                    </XmlAttribute>
                                 </ptk:l>
                              </xmlAttributes>
                              <body>
                                 <ptk:l>
                                    <XmlElement>
                                       <ptk:a name="RTD">
                                          <RtData>c3EAfgAAdXEAfgADAAAAA3VxAH4ABQAAAAF0AAU8c3BhbnVxAH4ABQAAAAF0AAE+dXEAfgAFAAAAAXQABzwvc3Bhbj4=</RtData>
                                       </ptk:a>
                                       <name>span</name>
                                       <empty>false</empty>
                                       <xmlAttributes>
                                          <ptk:l location="Target:143:62">
                                             <XmlAttribute location="Target:143:62">
                                                <ptk:a name="RTD">
                                                   <RtData>c3EAfgAAdXEAfgADAAAAAnVxAH4ABQAAAAF0AAggc3R5bGU9InVxAH4ABQAAAAF0AAEi</RtData>
                                                </ptk:a>
                                                <name>style</name>
                                                <hasValue>true</hasValue>
                                                <value>
                                                   <ptk:l location="Target:143:70">
                                                      <ptk:t location="Target:143:70">border:none; background-color:#FFFF00; color:#FFFF00;</ptk:t>
                                                   </ptk:l>
                                                </value>
                                             </XmlAttribute>
                                          </ptk:l>
                                       </xmlAttributes>
                                       <body>
                                          <ptk:l>
                                             <ptk:t location="Target:143:125">██</ptk:t>
                                          </ptk:l>
                                       </body>
                                    </XmlElement>
                                    <XmlEntityRef location="Target:143:135">
                                       <ptk:a name="RTD">
                                          <RtData>c3EAfgAAdXEAfgADAAAAAXVxAH4ABQAAAAF0AAYmbmJzcDs=</RtData>
                                       </ptk:a>
                                       <name>nbsp</name>
                                    </XmlEntityRef>
                                    <ptk:t location="Target:143:140">حدود</ptk:t>
                                    <InternalLink location="Target:143:146">
                                       <ptk:a name="RTD">
                                          <RtData>c3EAfgAAdXEAfgADAAAAAnVxAH4ABQAAAAF0AAxbW9in2KjZitmK2Yd1cQB+AAUAAAABdAACXV0=</RtData>
                                       </ptk:a>
                                       <target>ابييه</target>
                                       <prefix/>
                                       <postfix/>
                                       <title>
                                          <LinkTitle>
                                             <content>
                                                <ptk:l/>
                                             </content>
                                          </LinkTitle>
                                       </title>
                                    </InternalLink>
                                 </ptk:l>
                              </body>
                           </XmlElement>
                           <Whitespace>
                              <hasNewline>true</hasNewline>
                              <content>
                                 <ptk:l>
                                    <ptk:t>
</ptk:t>
                                 </ptk:l>
                              </content>
                           </Whitespace>
                           <XmlElement>
                              <ptk:a name="RTD">
                                 <RtData>c3EAfgAAdXEAfgADAAAAA3VxAH4ABQAAAAF0AAU8c3BhbnVxAH4ABQAAAAF0AAE+dXEAfgAFAAAAAXQABzwvc3Bhbj4=</RtData>
                              </ptk:a>
                              <name>span</name>
                              <empty>false</empty>
                              <xmlAttributes>
                                 <ptk:l location="Target:144:6">
                                    <XmlAttribute location="Target:144:6">
                                       <ptk:a name="RTD">
                                          <RtData>c3EAfgAAdXEAfgADAAAAAnVxAH4ABQAAAAF0AAggc3R5bGU9InVxAH4ABQAAAAF0AAEi</RtData>
                                       </ptk:a>
                                       <name>style</name>
                                       <hasValue>true</hasValue>
                                       <value>
                                          <ptk:l location="Target:144:14">
                                             <ptk:t location="Target:144:14">margin:0px; font-size:90%; display:block;</ptk:t>
                                          </ptk:l>
                                       </value>
                                    </XmlAttribute>
                                 </ptk:l>
                              </xmlAttributes>
                              <body>
                                 <ptk:l>
                                    <XmlElement>
                                       <ptk:a name="RTD">
                                          <RtData>c3EAfgAAdXEAfgADAAAAA3VxAH4ABQAAAAF0AAU8c3BhbnVxAH4ABQAAAAF0AAE+dXEAfgAFAAAAAXQABzwvc3Bhbj4=</RtData>
                                       </ptk:a>
                                       <name>span</name>
                                       <empty>false</empty>
                                       <xmlAttributes>
                                          <ptk:l location="Target:144:62">
                                             <XmlAttribute location="Target:144:62">
                                                <ptk:a name="RTD">
                                                   <RtData>c3EAfgAAdXEAfgADAAAAAnVxAH4ABQAAAAF0AAggc3R5bGU9InVxAH4ABQAAAAF0AAEi</RtData>
                                                </ptk:a>
                                                <name>style</name>
                                                <hasValue>true</hasValue>
                                                <value>
                                                   <ptk:l location="Target:144:70">
                                                      <ptk:t location="Target:144:70">border:none; background-color:#fb6282; color:#fb6282;</ptk:t>
                                                   </ptk:l>
                                                </value>
                                             </XmlAttribute>
                                          </ptk:l>
                                       </xmlAttributes>
                                       <body>
                                          <ptk:l>
                                             <ptk:t location="Target:144:125">██</ptk:t>
                                          </ptk:l>
                                       </body>
                                    </XmlElement>
                                    <XmlEntityRef location="Target:144:135">
                                       <ptk:a name="RTD">
                                          <RtData>c3EAfgAAdXEAfgADAAAAAXVxAH4ABQAAAAF0AAYmbmJzcDs=</RtData>
                                       </ptk:a>
                                       <name>nbsp</name>
                                    </XmlEntityRef>
                                    <InternalLink location="Target:144:142">
                                       <ptk:a name="RTD">
                                          <RtData>c3EAfgAAdXEAfgADAAAAAnVxAH4ABQAAAAF0ABdbW9is2KjYp9mEINin2YTZhtmI2KjYqXVxAH4ABQAAAAF0AAJdXQ==</RtData>
                                       </ptk:a>
                                       <target>جبال النوبة</target>
                                       <prefix/>
                                       <postfix/>
                                       <title>
                                          <LinkTitle>
                                             <content>
                                                <ptk:l/>
                                             </content>
                                          </LinkTitle>
                                       </title>
                                    </InternalLink>
                                    <ptk:t location="Target:144:155"> و </ptk:t>
                                    <InternalLink location="Target:144:160">
                                       <ptk:a name="RTD">
                                          <RtData>c3EAfgAAdXEAfgADAAAAAnVxAH4ABQAAAAF0ACRbW9mI2YTYp9mK2Kkg2KfZhNmG2YrZhCDYp9mE2KfYstix2YJ1cQB+AAUAAAABdAACXV0=</RtData>
                                       </ptk:a>
                                       <target>ولاية النيل الازرق</target>
                                       <prefix/>
                                       <postfix/>
                                       <title>
                                          <LinkTitle>
                                             <content>
                                                <ptk:l/>
                                             </content>
                                          </LinkTitle>
                                       </title>
                                    </InternalLink>
                                 </ptk:l>
                              </body>
                           </XmlElement>
                           <Whitespace>
                              <hasNewline>true</hasNewline>
                              <content>
                                 <ptk:l>
                                    <ptk:t>
</ptk:t>
                                 </ptk:l>
                              </content>
                           </Whitespace>
                           <Italics>
                              <ptk:a name="RTD">
                                 <RtData>c3EAfgAAdXEAfgADAAAAAnVxAH4ABQAAAAFxAH4OPnVxAH4ABQAAAAFxAH4OPg==</RtData>
                              </ptk:a>
                              <content>
                                 <ptk:l>
                                    <ptk:t location="Target:145:3">ابييه, جبال النوبة, و النيل الازرق ح يعملو استفتا في 2011علشان يقررو اذا كانو ح ينضمو لجنوب السودان ولا لأ.</ptk:t>
                                 </ptk:l>
                              </content>
                           </Italics>
                           <ptk:t location="Target:145:112">]</ptk:t>
                           <ptk:t location="Target:145:113">]</ptk:t>
                           <Whitespace location="Target:145:114">
                              <hasNewline>true</hasNewline>
                              <content>
                                 <ptk:l>
                                    <ptk:t>
</ptk:t>
                                    <ptk:t>
</ptk:t>
                                 </ptk:l>
                              </content>
                           </Whitespace>
                        </ptk:l>
                     </content>
                  </Paragraph>
                  <Section location="Target:147:1">
                     <ptk:a name="RTD">
                        <RtData>c3EAfgAAdXEAfgADAAAAA3VxAH4ABQAAAAF0AAI9PXVxAH4ABQAAAAFxAH4QqXA=</RtData>
                     </ptk:a>
                     <level>2</level>
                     <title>
                        <ptk:l>
                           <ptk:t location="Target:147:3"> خصايص </ptk:t>
                        </ptk:l>
                     </title>
                     <body>
                        <ptk:l>
                           <Whitespace location="Target:147:12">
                              <hasNewline>true</hasNewline>
                              <content>
                                 <ptk:l>
                                    <ptk:t>
</ptk:t>
                                    <ptk:t>
</ptk:t>
                                    <ptk:t>
</ptk:t>
                                 </ptk:l>
                              </content>
                           </Whitespace>
                           <Paragraph>
                              <content>
                                 <ptk:l>
                                    <ptk:t location="Target:150:1">الجنوب سودانيين في الغالب بيعتنقوا معتقدات محلية او </ptk:t>
                                    <InternalLink location="Target:150:55">
                                       <ptk:a name="RTD">
                                          <RtData>c3EAfgAAdXEAfgADAAAAAnVxAH4ABQAAAAF0AA5bW9mF2LPZitit2YrZh3VxAH4ABQAAAAF0AAJdXQ==</RtData>
                                       </ptk:a>
                                       <target>مسيحيه</target>
                                       <prefix/>
                                       <postfix/>
                                       <title>
                                          <LinkTitle location="Target:150:61">
                                             <ptk:a name="RTD">
                                                <RtData>c3EAfgAAdXEAfgADAAAAAnVxAH4ABQAAAAF0AAF8cA==</RtData>
                                             </ptk:a>
                                             <content>
                                                <ptk:l>
                                                   <ptk:t location="Target:150:62">المسيحية</ptk:t>
                                                </ptk:l>
                                             </content>
                                          </LinkTitle>
                                       </title>
                                    </InternalLink>
                                    <ptk:t location="Target:150:72">، بالذات الكنيسة الاسقفية للسودان والكنيسة الكاتوليكية الرومانية. جنوب السودان فيها مجموعات عرقية ولغات اكتر م الموجودة ف الشمال. وعشان مفيش تعداد سليم، وعشان فيه ناس بتتجوز اكتر من واحدة والاسر الكبيرة، فالتقديرات النسبية للجماعات العرقية حاجة صعبة. بس اللي معروف ان اكبر جماعة عرقية هي الدنكا، وبعدها النوير. وناس تانية نيليين اللي فيهم الشيرلوك وباري.</ptk:t>
                                    <Whitespace location="Target:150:426">
                                       <hasNewline>true</hasNewline>
                                       <content>
                                          <ptk:l>
                                             <ptk:t>
</ptk:t>
                                             <ptk:t>
</ptk:t>
                                             <ptk:t>
</ptk:t>
                                          </ptk:l>
                                       </content>
                                    </Whitespace>
                                 </ptk:l>
                              </content>
                           </Paragraph>
                           <Paragraph>
                              <content>
                                 <ptk:l>
                                    <ptk:t location="Target:153:1">البترول والمعادن التانية موجودة في النوير ومدن النيل من الشمال اللي فيها تجمعات من النويريين.</ptk:t>
                                    <Whitespace location="Target:153:94">
                                       <hasNewline>true</hasNewline>
                                       <content>
                                          <ptk:l>
                                             <ptk:t>
</ptk:t>
                                             <ptk:t>
</ptk:t>
                                          </ptk:l>
                                       </content>
                                    </Whitespace>
                                 </ptk:l>
                              </content>
                           </Paragraph>
                           <Paragraph>
                              <content>
                                 <ptk:l>
                                    <ptk:t location="Target:155:1">بعد ما جون جارانج مات، جيش تحرير الشعب السوداني و قوات دفاع جنوب السودان اتغلبو على خلافاتهم و اندمجو مع بعض في يناير 2006 بعد ما عملو سوااعلان جوبا.نايب رئيس جنوب السودان الحالي د.ريك ماكر هو اللي اسس قوات دفاع جنوب السودان بس بعدين اتخلى عنهم في سنة 2002 و انضم تاني لجيش تحرير الشعب السوداني و ساب الجينيرال باولينو ماتب نهيال يبقى زعيم قوات دفاع جنوب السودان.بناء على اعلان جوبا، الجينيرال ماتيب بقى نايب القائد بتاع جيش تحرير الشعب السوداني و كمان اندمجت معاه قوات الدفاع في جيش التحرير و بكدا اتضاعف اجمالى عدد القوات من 30.000 وبقت 130.000 جندي.</ptk:t>
                                    <Whitespace location="Target:155:553">
                                       <hasNewline>true</hasNewline>
                                       <content>
                                          <ptk:l>
                                             <ptk:t>
</ptk:t>
                                             <ptk:t>
</ptk:t>
                                          </ptk:l>
                                       </content>
                                    </Whitespace>
                                 </ptk:l>
                              </content>
                           </Paragraph>
                        </ptk:l>
                     </body>
                  </Section>
                  <Section location="Target:157:1">
                     <ptk:a name="RTD">
                        <RtData>c3EAfgAAdXEAfgADAAAAA3VxAH4ABQAAAAF0AAI9PXVxAH4ABQAAAAFxAH4QuHA=</RtData>
                     </ptk:a>
                     <level>2</level>
                     <title>
                        <ptk:l>
                           <ptk:t location="Target:157:3"> اللغة </ptk:t>
                        </ptk:l>
                     </title>
                     <body>
                        <ptk:l>
                           <Whitespace location="Target:157:12">
                              <hasNewline>true</hasNewline>
                              <content>
                                 <ptk:l>
                                    <ptk:t>
</ptk:t>
                                    <ptk:t>
</ptk:t>
                                 </ptk:l>
                              </content>
                           </Whitespace>
                           <Paragraph>
                              <content>
                                 <ptk:l>
                                    <ptk:t location="Target:159:1">جنوب السودان فيها مجموعات قبلية و لغات اكتر بكتير من شمال السودان.لغة التعليم و الحكومة والبيزنيس هي الانجليزي، اللي بقت لغة رسمية لجنوب السودان سنة 1928، و اعترف بيها كلغة اساسية لجنوب السودان في اواخر التمانينات.اللغة العربية المتميزة في جنوب السودان(جوبا عربي)واللي اتكونت في القرن التسعتاشر بين احفاد العساكر السودانيين - وهي منحدرة اصلا من لغة قبيلة باري-بتستخدم على نطاق واسع ك لينجوا فرانكا في جنوب السودان.بس الانجليزي بيستعمل ك لينجوا فرانكا في في المناطق اللي بتستخدمش اللغة العربية بتاعة جوبا(جوبا عربي). بالضافة لكل دا، في لغتين افريقيتين بيستعملو بشكل كبير و هما تهونجشانج (30,000 واحد بيتكلموها) و تهوك ناعت(1,400,000 واحد بيتكلوها).لغة النوير بستعمل في ولاية الوحدة(يونيتي) وولاية جونجلاي وولاية اعالي النيل.</ptk:t>
                                    <Whitespace location="Target:159:724">
                                       <hasNewline>true</hasNewline>
                                       <content>
                                          <ptk:l>
                                             <ptk:t>
</ptk:t>
                                          </ptk:l>
                                       </content>
                                    </Whitespace>
                                 </ptk:l>
                              </content>
                           </Paragraph>
                        </ptk:l>
                     </body>
                  </Section>
                  <Section location="Target:160:1">
                     <ptk:a name="RTD">
                        <RtData>c3EAfgAAdXEAfgADAAAAA3VxAH4ABQAAAAF0AAI9PXVxAH4ABQAAAAFxAH4QvXA=</RtData>
                     </ptk:a>
                     <level>2</level>
                     <title>
                        <ptk:l>
                           <ptk:t location="Target:160:3"> الحكومه </ptk:t>
                        </ptk:l>
                     </title>
                     <body>
                        <ptk:l>
                           <Whitespace location="Target:160:14">
                              <hasNewline>true</hasNewline>
                              <content>
                                 <ptk:l>
                                    <ptk:t>
</ptk:t>
                                 </ptk:l>
                              </content>
                           </Whitespace>
                           <Paragraph>
                              <content>
                                 <ptk:l>
                                    <ptk:t location="Target:161:1">برغم إن فيه الدستور الوطنى المؤقت لجمهورية السودان  ، لكن الدستور الانتقالى لجنوب السودان لسنة 2005 هو القانون الأساسى فى جنوب السودان.  و بينص الدستور على إن السلطة التنفيذية بيرأسها الرئيس اللى هو  رئيس الدولة و رئيس الحكومة و القائد العام للقوات المسلحة لجيش  تحرير الشعب لتحرير السودان . </ptk:t>
                                    <InternalLink location="Target:161:295">
                                       <ptk:a name="RTD">
                                          <RtData>c3EAfgAAdXEAfgADAAAAAnVxAH4ABQAAAAF0ABFbW9is2YjZhiDZgtix2YbZgnVxAH4ABQAAAAF0AAJdXQ==</RtData>
                                       </ptk:a>
                                       <target>جون قرنق</target>
                                       <prefix/>
                                       <postfix/>
                                       <title>
                                          <LinkTitle>
                                             <content>
                                                <ptk:l/>
                                             </content>
                                          </LinkTitle>
                                       </title>
                                    </InternalLink>
                                    <ptk:t location="Target:161:305"> ، مؤسس الحركة الشعبية كان أول رئيس لحد وفاته يوم 30 يوليه 2005.</ptk:t>
                                    <Whitespace>
                                       <hasNewline>true</hasNewline>
                                       <content>
                                          <ptk:l>
                                             <ptk:t>
</ptk:t>
                                          </ptk:l>
                                       </content>
                                    </Whitespace>
                                 </ptk:l>
                              </content>
                           </Paragraph>
                           <XmlElement>
                              <ptk:a name="RTD">
                                 <RtData>c3EAfgAAdXEAfgADAAAAA3VxAH4ABQAAAAF0AAY8dGFibGV1cQB+AAUAAAABdAABPnVxAH4ABQAAAAF0AAg8L3RhYmxlPg==</RtData>
                              </ptk:a>
                              <name>table</name>
                              <empty>false</empty>
                              <xmlAttributes>
                                 <ptk:l location="Target:162:7">
                                    <XmlAttribute location="Target:162:7">
                                       <ptk:a name="RTD">
                                          <RtData>c3EAfgAAdXEAfgADAAAAAnVxAH4ABQAAAAF0AA4gY2VsbHNwYWNpbmc9InVxAH4ABQAAAAF0AAEi</RtData>
                                       </ptk:a>
                                       <name>cellspacing</name>
                                       <hasValue>true</hasValue>
                                       <value>
                                          <ptk:l location="Target:162:21">
                                             <ptk:t location="Target:162:21">0</ptk:t>
                                          </ptk:l>
                                       </value>
                                    </XmlAttribute>
                                    <XmlAttribute location="Target:162:23">
                                       <ptk:a name="RTD">
                                          <RtData>c3EAfgAAdXEAfgADAAAAAnVxAH4ABQAAAAF0AAggY2xhc3M9InVxAH4ABQAAAAF0AAEi</RtData>
                                       </ptk:a>
                                       <name>class</name>
                                       <hasValue>true</hasValue>
                                       <value>
                                          <ptk:l location="Target:162:31">
                                             <ptk:t location="Target:162:31">navbox</ptk:t>
                                          </ptk:l>
                                       </value>
                                    </XmlAttribute>
                                    <XmlAttribute location="Target:162:38">
                                       <ptk:a name="RTD">
                                          <RtData>c3EAfgAAdXEAfgADAAAAAnVxAH4ABQAAAAF0AAggc3R5bGU9InVxAH4ABQAAAAF0AAEi</RtData>
                                       </ptk:a>
                                       <name>style</name>
                                       <hasValue>true</hasValue>
                                       <value>
                                          <ptk:l location="Target:162:46">
                                             <ptk:t location="Target:162:46">border-spacing:0;;</ptk:t>
                                          </ptk:l>
                                       </value>
                                    </XmlAttribute>
                                 </ptk:l>
                              </xmlAttributes>
                              <body>
                                 <ptk:l>
                                    <XmlElement>
                                       <ptk:a name="RTD">
                                          <RtData>c3EAfgAAdXEAfgADAAAAA3VxAH4ABQAAAAF0AAM8dHJ1cQB+AAUAAAABdAABPnVxAH4ABQAAAAF0AAU8L3RyPg==</RtData>
                                       </ptk:a>
                                       <name>tr</name>
                                       <empty>false</empty>
                                       <xmlAttributes>
                                          <ptk:l location="Target:162:69"/>
                                       </xmlAttributes>
                                       <body>
                                          <ptk:l>
                                             <XmlElement>
                                                <ptk:a name="RTD">
                                                   <RtData>c3EAfgAAdXEAfgADAAAAA3VxAH4ABQAAAAF0AAM8dGR1cQB+AAUAAAABdAABPnVxAH4ABQAAAAF0AAU8L3RkPg==</RtData>
                                                </ptk:a>
                                                <name>td</name>
                                                <empty>false</empty>
                                                <xmlAttributes>
                                                   <ptk:l location="Target:162:73">
                                                      <XmlAttribute location="Target:162:73">
                                                         <ptk:a name="RTD">
                                                            <RtData>c3EAfgAAdXEAfgADAAAAAnVxAH4ABQAAAAF0AAggc3R5bGU9InVxAH4ABQAAAAF0AAEi</RtData>
                                                         </ptk:a>
                                                         <name>style</name>
                                                         <hasValue>true</hasValue>
                                                         <value>
                                                            <ptk:l location="Target:162:81">
                                                               <ptk:t location="Target:162:81">padding:2px;</ptk:t>
                                                            </ptk:l>
                                                         </value>
                                                      </XmlAttribute>
                                                   </ptk:l>
                                                </xmlAttributes>
                                                <body>
                                                   <ptk:l>
                                                      <XmlElement>
                                                         <ptk:a name="RTD">
                                                            <RtData>c3EAfgAAdXEAfgADAAAAA3VxAH4ABQAAAAF0AAY8dGFibGV1cQB+AAUAAAABdAABPnVxAH4ABQAAAAF0AAg8L3RhYmxlPg==</RtData>
                                                         </ptk:a>
                                                         <name>table</name>
                                                         <empty>false</empty>
                                                         <xmlAttributes>
                                                            <ptk:l location="Target:162:101">
                                                               <XmlAttribute location="Target:162:101">
                                                                  <ptk:a name="RTD">
                                                                     <RtData>c3EAfgAAdXEAfgADAAAAAnVxAH4ABQAAAAF0AA4gY2VsbHNwYWNpbmc9InVxAH4ABQAAAAF0AAEi</RtData>
                                                                  </ptk:a>
                                                                  <name>cellspacing</name>
                                                                  <hasValue>true</hasValue>
                                                                  <value>
                                                                     <ptk:l location="Target:162:115">
                                                                        <ptk:t location="Target:162:115">0</ptk:t>
                                                                     </ptk:l>
                                                                  </value>
                                                               </XmlAttribute>
                                                               <XmlAttribute location="Target:162:117">
                                                                  <ptk:a name="RTD">
                                                                     <RtData>c3EAfgAAdXEAfgADAAAAAnVxAH4ABQAAAAF0AAggY2xhc3M9InVxAH4ABQAAAAF0AAEi</RtData>
                                                                  </ptk:a>
                                                                  <name>class</name>
                                                                  <hasValue>true</hasValue>
                                                                  <value>
                                                                     <ptk:l location="Target:162:125">
                                                                        <ptk:t location="Target:162:125">nowraplinks   navbox-inner</ptk:t>
                                                                     </ptk:l>
                                                                  </value>
                                                               </XmlAttribute>
                                                               <XmlAttribute location="Target:162:152">
                                                                  <ptk:a name="RTD">
                                                                     <RtData>c3EAfgAAdXEAfgADAAAAAnVxAH4ABQAAAAF0AAggc3R5bGU9InVxAH4ABQAAAAF0AAEi</RtData>
                                                                  </ptk:a>
                                                                  <name>style</name>
                                                                  <hasValue>true</hasValue>
                                                                  <value>
                                                                     <ptk:l location="Target:162:160">
                                                                        <ptk:t location="Target:162:160">border-spacing:0;background:transparent;color:inherit;;</ptk:t>
                                                                     </ptk:l>
                                                                  </value>
                                                               </XmlAttribute>
                                                            </ptk:l>
                                                         </xmlAttributes>
                                                         <body>
                                                            <ptk:l>
                                                               <XmlElement>
                                                                  <ptk:a name="RTD">
                                                                     <RtData>c3EAfgAAdXEAfgADAAAAA3VxAH4ABQAAAAF0AAM8dHJ1cQB+AAUAAAABdAABPnVxAH4ABQAAAAF0AAU8L3RyPg==</RtData>
                                                                  </ptk:a>
                                                                  <name>tr</name>
                                                                  <empty>false</empty>
                                                                  <xmlAttributes>
                                                                     <ptk:l location="Target:162:220"/>
                                                                  </xmlAttributes>
                                                                  <body>
                                                                     <ptk:l>
                                                                        <XmlElement>
                                                                           <ptk:a name="RTD">
                                                                              <RtData>c3EAfgAAdXEAfgADAAAAA3VxAH4ABQAAAAF0AAM8dGR1cQB+AAUAAAABdAABPnVxAH4ABQAAAAF0AAU8L3RkPg==</RtData>
                                                                           </ptk:a>
                                                                           <name>td</name>
                                                                           <empty>false</empty>
                                                                           <xmlAttributes>
                                                                              <ptk:l location="Target:162:224">
                                                                                 <XmlAttribute location="Target:162:224">
                                                                                    <ptk:a name="RTD">
                                                                                       <RtData>c3EAfgAAdXEAfgADAAAAAnVxAH4ABQAAAAF0AAggY2xhc3M9InVxAH4ABQAAAAF0AAEi</RtData>
                                                                                    </ptk:a>
                                                                                    <name>class</name>
                                                                                    <hasValue>true</hasValue>
                                                                                    <value>
                                                                                       <ptk:l location="Target:162:232">
                                                                                          <ptk:t location="Target:162:232">navbox-abovebelow </ptk:t>
                                                                                       </ptk:l>
                                                                                    </value>
                                                                                 </XmlAttribute>
                                                                                 <XmlAttribute location="Target:162:251">
                                                                                    <ptk:a name="RTD">
                                                                                       <RtData>c3EAfgAAdXEAfgADAAAAAnVxAH4ABQAAAAF0AAggc3R5bGU9InVxAH4ABQAAAAF0AAEi</RtData>
                                                                                    </ptk:a>
                                                                                    <name>style</name>
                                                                                    <hasValue>true</hasValue>
                                                                                    <value>
                                                                                       <ptk:l location="Target:162:259">
                                                                                          <ptk:t location="Target:162:259">; font-size:95%;
</ptk:t>
                                                                                       </ptk:l>
                                                                                    </value>
                                                                                 </XmlAttribute>
                                                                                 <XmlAttribute location="Target:163:2">
                                                                                    <ptk:a name="RTD">
                                                                                       <RtData>c3EAfgAAdXEAfgADAAAAAnVxAH4ABQAAAAF0AAogY29sc3Bhbj0idXEAfgAFAAAAAXQAASI=</RtData>
                                                                                    </ptk:a>
                                                                                    <name>colspan</name>
                                                                                    <hasValue>true</hasValue>
                                                                                    <value>
                                                                                       <ptk:l location="Target:163:12">
                                                                                          <ptk:t location="Target:163:12">6</ptk:t>
                                                                                       </ptk:l>
                                                                                    </value>
                                                                                 </XmlAttribute>
                                                                              </ptk:l>
                                                                           </xmlAttributes>
                                                                           <body>
                                                                              <ptk:l>
                                                                                 <XmlElement>
                                                                                    <ptk:a name="RTD">
                                                                                       <RtData>c3EAfgAAdXEAfgADAAAAA3VxAH4ABQAAAAF0AAQ8ZGl2dXEAfgAFAAAAAXQAAT51cQB+AAUAAAABdAAGPC9kaXY+</RtData>
                                                                                    </ptk:a>
                                                                                    <name>div</name>
                                                                                    <empty>false</empty>
                                                                                    <xmlAttributes>
                                                                                       <ptk:l location="Target:163:21"/>
                                                                                    </xmlAttributes>
                                                                                    <body>
                                                                                       <ptk:l>
                                                                                          <Whitespace location="Target:163:22">
                                                                                             <hasNewline>true</hasNewline>
                                                                                             <content>
                                                                                                <ptk:l>
                                                                                                   <ptk:t>
</ptk:t>
                                                                                                </ptk:l>
                                                                                             </content>
                                                                                          </Whitespace>
                                                                                          <SemiPre location="Target:164:1">
                                                                                             <content>
                                                                                                <ptk:l>
                                                                                                   <SemiPreLine location="Target:164:1">
                                                                                                      <ptk:a name="RTD">
                                                                                                         <RtData>c3EAfgAAdXEAfgADAAAAAnVxAH4ABQAAAAF0AAEgcA==</RtData>
                                                                                                      </ptk:a>
                                                                                                      <content>
                                                                                                         <ptk:l>
                                                                                                            <Italics>
                                                                                                               <ptk:a name="RTD">
                                                                                                                  <RtData>c3EAfgAAdXEAfgADAAAAAnVxAH4ABQAAAAFxAH4OPnVxAH4ABQAAAAFxAH4OPg==</RtData>
                                                                                                               </ptk:a>
                                                                                                               <content>
                                                                                                                  <ptk:l>
                                                                                                                     <ptk:t location="Target:164:4">خط مايل</ptk:t>
                                                                                                                  </ptk:l>
                                                                                                               </content>
                                                                                                            </Italics>
                                                                                                            <ptk:t location="Target:164:13"> يشير ل </ptk:t>
                                                                                                            <InternalLink location="Target:164:23">
                                                                                                               <ptk:a name="RTD">
                                                                                                                  <RtData>c3EAfgAAdXEAfgADAAAAAnVxAH4ABQAAAAF0AD5bW9mC2KfYptmF2Kkg2KfZhNiv2YjZhCDYsNin2Kog2KfZhNin2LnYqtix2KfZgSDYp9mE2YXYrdiv2YjYr3VxAH4ABQAAAAF0AAJdXQ==</RtData>
                                                                                                               </ptk:a>
                                                                                                               <target>قائمة الدول ذات الاعتراف المحدود</target>
                                                                                                               <prefix/>
                                                                                                               <postfix/>
                                                                                                               <title>
                                                                                                                  <LinkTitle location="Target:164:55">
                                                                                                                     <ptk:a name="RTD">
                                                                                                                        <RtData>c3EAfgAAdXEAfgADAAAAAnVxAH4ABQAAAAF0AAF8cA==</RtData>
                                                                                                                     </ptk:a>
                                                                                                                     <content>
                                                                                                                        <ptk:l>
                                                                                                                           <ptk:t location="Target:164:56">دول ليها الاعتراف المحدود</ptk:t>
                                                                                                                        </ptk:l>
                                                                                                                     </content>
                                                                                                                  </LinkTitle>
                                                                                                               </title>
                                                                                                            </InternalLink>
                                                                                                            <ptk:t location="Target:164:83">. </ptk:t>
                                                                                                            <XmlElement>
                                                                                                               <ptk:a name="RTD">
                                                                                                                  <RtData>c3EAfgAAdXEAfgADAAAAA3VxAH4ABQAAAAF0AAU8c3BhbnVxAH4ABQAAAAF0AAE+dXEAfgAFAAAAAXQABzwvc3Bhbj4=</RtData>
                                                                                                               </ptk:a>
                                                                                                               <name>span</name>
                                                                                                               <empty>false</empty>
                                                                                                               <xmlAttributes>
                                                                                                                  <ptk:l location="Target:164:90">
                                                                                                                     <XmlAttribute location="Target:164:90">
                                                                                                                        <ptk:a name="RTD">
                                                                                                                           <RtData>c3EAfgAAdXEAfgADAAAAAnVxAH4ABQAAAAF0AAggY2xhc3M9InVxAH4ABQAAAAF0AAEi</RtData>
                                                                                                                        </ptk:a>
                                                                                                                        <name>class</name>
                                                                                                                        <hasValue>true</hasValue>
                                                                                                                        <value>
                                                                                                                           <ptk:l location="Target:164:98">
                                                                                                                              <ptk:t location="Target:164:98">nowrap</ptk:t>
                                                                                                                           </ptk:l>
                                                                                                                        </value>
                                                                                                                     </XmlAttribute>
                                                                                                                  </ptk:l>
                                                                                                               </xmlAttributes>
                                                                                                               <body>
                                                                                                                  <ptk:l>
                                                                                                                     <XmlElement>
                                                                                                                        <ptk:a name="RTD">
                                                                                                                           <RtData>c3EAfgAAdXEAfgADAAAAA3VxAH4ABQAAAAF0AAQ8c3VwdXEAfgAFAAAAAXQAAT51cQB+AAUAAAABdAAGPC9zdXA+</RtData>
                                                                                                                        </ptk:a>
                                                                                                                        <name>sup</name>
                                                                                                                        <empty>false</empty>
                                                                                                                        <xmlAttributes>
                                                                                                                           <ptk:l location="Target:164:110"/>
                                                                                                                        </xmlAttributes>
                                                                                                                        <body>
                                                                                                                           <ptk:l>
                                                                                                                              <XmlElement>
                                                                                                                                 <ptk:a name="RTD">
                                                                                                                                    <RtData>c3EAfgAAdXEAfgADAAAAA3VxAH4ABQAAAAF0AAY8c21hbGx1cQB+AAUAAAABdAABPnVxAH4ABQAAAAF0AAg8L3NtYWxsPg==</RtData>
                                                                                                                                 </ptk:a>
                                                                                                                                 <name>small</name>
                                                                                                                                 <empty>false</empty>
                                                                                                                                 <xmlAttributes>
                                                                                                                                    <ptk:l location="Target:164:117"/>
                                                                                                                                 </xmlAttributes>
                                                                                                                                 <body>
                                                                                                                                    <ptk:l>
                                                                                                                                       <ptk:t location="Target:164:118">1</ptk:t>
                                                                                                                                    </ptk:l>
                                                                                                                                 </body>
                                                                                                                              </XmlElement>
                                                                                                                           </ptk:l>
                                                                                                                        </body>
                                                                                                                     </XmlElement>
                                                                                                                     <ptk:t location="Target:164:133"> دول تمتد أراضيها على أكتر من قارة.</ptk:t>
                                                                                                                     <XmlEntityRef location="Target:164:169">
                                                                                                                        <ptk:a name="RTD">
                                                                                                                           <RtData>c3EAfgAAdXEAfgADAAAAAXVxAH4ABQAAAAF0AAYmbmJzcDs=</RtData>
                                                                                                                        </ptk:a>
                                                                                                                        <name>nbsp</name>
                                                                                                                     </XmlEntityRef>
                                                                                                                  </ptk:l>
                                                                                                               </body>
                                                                                                            </XmlElement>
                                                                                                            <ptk:t location="Target:164:181"> </ptk:t>
                                                                                                         </ptk:l>
                                                                                                      </content>
                                                                                                   </SemiPreLine>
                                                                                                </ptk:l>
                                                                                             </content>
                                                                                          </SemiPre>
                                                                                          <Whitespace location="Target:164:182">
                                                                                             <hasNewline>true</hasNewline>
                                                                                             <content>
                                                                                                <ptk:l>
                                                                                                   <ptk:t>
</ptk:t>
                                                                                                   <ptk:t>
</ptk:t>
                                                                                                </ptk:l>
                                                                                             </content>
                                                                                          </Whitespace>
                                                                                       </ptk:l>
                                                                                    </body>
                                                                                 </XmlElement>
                                                                              </ptk:l>
                                                                           </body>
                                                                        </XmlElement>
                                                                     </ptk:l>
                                                                  </body>
                                                               </XmlElement>
                                                            </ptk:l>
                                                         </body>
                                                      </XmlElement>
                                                   </ptk:l>
                                                </body>
                                             </XmlElement>
                                          </ptk:l>
                                       </body>
                                    </XmlElement>
                                 </ptk:l>
                              </body>
                           </XmlElement>
                           <Whitespace location="Target:166:43">
                              <hasNewline>true</hasNewline>
                              <content>
                                 <ptk:l>
                                    <ptk:t>
</ptk:t>
                                    <ptk:t>
</ptk:t>
                                 </ptk:l>
                              </content>
                           </Whitespace>
                        </ptk:l>
                     </body>
                  </Section>
                  <Section location="Target:168:1">
                     <ptk:a name="RTD">
                        <RtData>c3EAfgAAdXEAfgADAAAAA3VxAH4ABQAAAAF0AAI9PXVxAH4ABQAAAAFxAH4RcHA=</RtData>
                     </ptk:a>
                     <level>2</level>
                     <title>
                        <ptk:l>
                           <ptk:t location="Target:168:3"> مصادر </ptk:t>
                        </ptk:l>
                     </title>
                     <body>
                        <ptk:l>
                           <Whitespace location="Target:168:12">
                              <hasNewline>true</hasNewline>
                              <content>
                                 <ptk:l>
                                    <ptk:t>
</ptk:t>
                                 </ptk:l>
                              </content>
                           </Whitespace>
                           <XmlElement>
                              <ptk:a name="RTD">
                                 <RtData>c3EAfgAAdXEAfgADAAAAA3VxAH4ABQAAAAF0AAQ8ZGl2dXEAfgAFAAAAAXQAAT51cQB+AAUAAAABdAAGPC9kaXY+</RtData>
                              </ptk:a>
                              <name>div</name>
                              <empty>false</empty>
                              <xmlAttributes>
                                 <ptk:l location="Target:169:5">
                                    <XmlAttribute location="Target:169:5">
                                       <ptk:a name="RTD">
                                          <RtData>c3EAfgAAdXEAfgADAAAAAnVxAH4ABQAAAAF0AAggY2xhc3M9InVxAH4ABQAAAAF0AAEi</RtData>
                                       </ptk:a>
                                       <name>class</name>
                                       <hasValue>true</hasValue>
                                       <value>
                                          <ptk:l location="Target:169:13">
                                             <ptk:t location="Target:169:13">references-small 7</ptk:t>
                                          </ptk:l>
                                       </value>
                                    </XmlAttribute>
                                    <XmlAttribute location="Target:169:34">
                                       <ptk:a name="RTD">
                                          <RtData>c3EAfgAAdXEAfgADAAAAAnVxAH4ABQAAAAF0AAggc3R5bGU9InVxAH4ABQAAAAF0AAEi</RtData>
                                       </ptk:a>
                                       <name>style</name>
                                       <hasValue>true</hasValue>
                                       <value>
                                          <ptk:l location="Target:169:42"/>
                                       </value>
                                    </XmlAttribute>
                                 </ptk:l>
                              </xmlAttributes>
                              <body>
                                 <ptk:l>
                                    <Whitespace>
                                       <hasNewline>true</hasNewline>
                                       <content>
                                          <ptk:l>
                                             <ptk:t>
</ptk:t>
                                          </ptk:l>
                                       </content>
                                    </Whitespace>
                                    <Template location="قالب:مصادر:10:3">
                                       <ptk:a name="RTD">
                                          <RtData>c3EAfgAAdXEAfgADAAAAA3VxAH4ABQAAAAFxAH4AB3B1cQB+AAUAAAABcQB+AAk=</RtData>
                                       </ptk:a>
                                       <name>
                                          <ptk:l location="قالب:مصادر:10:3">
                                             <ptk:t location="قالب:مصادر:10:3">#tag:references</ptk:t>
                                          </ptk:l>
                                       </name>
                                       <args>
                                          <ptk:l location="قالب:مصادر:10:18">
                                             <TemplateArgument location="قالب:مصادر:10:19">
                                                <ptk:a name="RTD">
                                                   <RtData>c3EAfgAAdXEAfgADAAAAA3VxAH4ABQAAAAF0AAF8cHA=</RtData>
                                                </ptk:a>
                                                <hasName>false</hasName>
                                                <name>
                                                   <ptk:l/>
                                                </name>
                                                <value>
                                                   <ptk:l location="قالب:مصادر:10:19"/>
                                                </value>
                                             </TemplateArgument>
                                             <TemplateArgument location="قالب:مصادر:10:31">
                                                <ptk:a name="RTD">
                                                   <RtData>c3EAfgAAdXEAfgADAAAAA3VxAH4ABQAAAAF0AAF8dXEAfgAFAAAAAXQAAT1w</RtData>
                                                </ptk:a>
                                                <hasName>true</hasName>
                                                <name>
                                                   <ptk:l location="قالب:مصادر:10:31">
                                                      <ptk:t location="قالب:مصادر:10:31">group</ptk:t>
                                                   </ptk:l>
                                                </name>
                                                <value>
                                                   <ptk:l location="قالب:مصادر:10:37"/>
                                                </value>
                                             </TemplateArgument>
                                          </ptk:l>
                                       </args>
                                    </Template>
                                 </ptk:l>
                              </body>
                           </XmlElement>
                           <Whitespace location="Target:170:10">
                              <hasNewline>true</hasNewline>
                              <content>
                                 <ptk:l>
                                    <ptk:t>
</ptk:t>
                                    <ptk:t>
</ptk:t>
                                 </ptk:l>
                              </content>
                           </Whitespace>
                           <Paragraph>
                              <content>
                                 <ptk:l>
                                    <InternalLink location="Target:172:3">
                                       <ptk:a name="RTD">
                                          <RtData>c3EAfgAAdXEAfgADAAAAAnVxAH4ABQAAAAF0ABVbW9iq2LXZhtmK2YE62KjZhNin2K91cQB+AAUAAAABdAACXV0=</RtData>
                                       </ptk:a>
                                       <target>تصنيف:بلاد</target>
                                       <prefix/>
                                       <postfix/>
                                       <title>
                                          <LinkTitle location="Target:172:13">
                                             <ptk:a name="RTD">
                                                <RtData>c3EAfgAAdXEAfgADAAAAAnVxAH4ABQAAAAF0AAF8cA==</RtData>
                                             </ptk:a>
                                             <content>
                                                <ptk:l>
                                                   <ptk:t location="Target:172:14">جنوب السودان</ptk:t>
                                                </ptk:l>
                                             </content>
                                          </LinkTitle>
                                       </title>
                                    </InternalLink>
                                    <Whitespace>
                                       <hasNewline>true</hasNewline>
                                       <content>
                                          <ptk:l>
                                             <ptk:t>
</ptk:t>
                                          </ptk:l>
                                       </content>
                                    </Whitespace>
                                    <InternalLink location="Target:173:3">
                                       <ptk:a name="RTD">
                                          <RtData>c3EAfgAAdXEAfgADAAAAAnVxAH4ABQAAAAF0ACRbW9iq2LXZhtmK2YE62KzZhtmI2Kgg2KfZhNiz2YjYr9in2YZ1cQB+AAUAAAABdAACXV0=</RtData>
                                       </ptk:a>
                                       <target>تصنيف:جنوب السودان</target>
                                       <prefix/>
                                       <postfix/>
                                       <title>
                                          <LinkTitle>
                                             <content>
                                                <ptk:l/>
                                             </content>
                                          </LinkTitle>
                                       </title>
                                    </InternalLink>
                                    <Whitespace location="Target:173:23">
                                       <hasNewline>true</hasNewline>
                                       <content>
                                          <ptk:l>
                                             <ptk:t>
</ptk:t>
                                             <ptk:t>
</ptk:t>
                                          </ptk:l>
                                       </content>
                                    </Whitespace>
                                 </ptk:l>
                              </content>
                           </Paragraph>
                           <Paragraph>
                              <content>
                                 <ptk:l>
                                    <InternalLink location="Target:175:3">
                                       <ptk:a name="RTD">
                                          <RtData>c3EAfgAAdXEAfgADAAAAAnVxAH4ABQAAAAF0ABBbW2FmOlN1aWQtU29lZGFudXEAfgAFAAAAAXQAAl1d</RtData>
                                       </ptk:a>
                                       <target>af:Suid-Soedan</target>
                                       <prefix/>
                                       <postfix/>
                                       <title>
                                          <LinkTitle>
                                             <content>
                                                <ptk:l/>
                                             </content>
                                          </LinkTitle>
                                       </title>
                                    </InternalLink>
                                    <Whitespace>
                                       <hasNewline>true</hasNewline>
                                       <content>
                                          <ptk:l>
                                             <ptk:t>
</ptk:t>
                                          </ptk:l>
                                       </content>
                                    </Whitespace>
                                    <InternalLink location="Target:176:3">
                                       <ptk:a name="RTD">
                                          <RtData>c3EAfgAAdXEAfgADAAAAAnVxAH4ABQAAAAF0AA9bW2FsczpTw7xkc3VkYW51cQB+AAUAAAABdAACXV0=</RtData>
                                       </ptk:a>
                                       <target>als:Südsudan</target>
                                       <prefix/>
                                       <postfix/>
                                       <title>
                                          <LinkTitle>
                                             <content>
                                                <ptk:l/>
                                             </content>
                                          </LinkTitle>
                                       </title>
                                    </InternalLink>
                                    <Whitespace>
                                       <hasNewline>true</hasNewline>
                                       <content>
                                          <ptk:l>
                                             <ptk:t>
</ptk:t>
                                          </ptk:l>
                                       </content>
                                    </Whitespace>
                                    <InternalLink location="Target:177:3">
                                       <ptk:a name="RTD">
                                          <RtData>c3EAfgAAdXEAfgADAAAAAnVxAH4ABQAAAAF0ABhbW2FtOuGLsOGJoeGJpSDhiLHhi7PhipV1cQB+AAUAAAABdAACXV0=</RtData>
                                       </ptk:a>
                                       <target>am:ደቡብ ሱዳን</target>
                                       <prefix/>
                                       <postfix/>
                                       <title>
                                          <LinkTitle>
                                             <content>
                                                <ptk:l/>
                                             </content>
                                          </LinkTitle>
                                       </title>
                                    </InternalLink>
                                    <Whitespace>
                                       <hasNewline>true</hasNewline>
                                       <content>
                                          <ptk:l>
                                             <ptk:t>
</ptk:t>
                                          </ptk:l>
                                       </content>
                                    </Whitespace>
                                    <InternalLink location="Target:178:3">
                                       <ptk:a name="RTD">
                                          <RtData>c3EAfgAAdXEAfgADAAAAAnVxAH4ABQAAAAF0ABNbW2FuOlN1ZMOhbiBkJ28gU3VkdXEAfgAFAAAAAXQAAl1d</RtData>
                                       </ptk:a>
                                       <target>an:Sudán d'o Sud</target>
                                       <prefix/>
                                       <postfix/>
                                       <title>
                                          <LinkTitle>
                                             <content>
                                                <ptk:l/>
                                             </content>
                                          </LinkTitle>
                                       </title>
                                    </InternalLink>
                                    <Whitespace>
                                       <hasNewline>true</hasNewline>
                                       <content>
                                          <ptk:l>
                                             <ptk:t>
</ptk:t>
                                          </ptk:l>
                                       </content>
                                    </Whitespace>
                                    <InternalLink location="Target:179:3">
                                       <ptk:a name="RTD">
                                          <RtData>c3EAfgAAdXEAfgADAAAAAnVxAH4ABQAAAAF0ABBbW2FuZzpTxavDvnN1ZGFudXEAfgAFAAAAAXQAAl1d</RtData>
                                       </ptk:a>
                                       <target>ang:Sūþsudan</target>
                                       <prefix/>
                                       <postfix/>
                                       <title>
                                          <LinkTitle>
                                             <content>
                                                <ptk:l/>
                                             </content>
                                          </LinkTitle>
                                       </title>
                                    </InternalLink>
                                    <Whitespace>
                                       <hasNewline>true</hasNewline>
                                       <content>
                                          <ptk:l>
                                             <ptk:t>
</ptk:t>
                                          </ptk:l>
                                       </content>
                                    </Whitespace>
                                    <InternalLink location="Target:180:3">
                                       <ptk:a name="RTD">
                                          <RtData>c3EAfgAAdXEAfgADAAAAAnVxAH4ABQAAAAF0ABxbW2FyOtis2YbZiNioINin2YTYs9mI2K/Yp9mGdXEAfgAFAAAAAXQAAl1d</RtData>
                                       </ptk:a>
                                       <target>ar:جنوب السودان</target>
                                       <prefix/>
                                       <postfix/>
                                       <title>
                                          <LinkTitle>
                                             <content>
                                                <ptk:l/>
                                             </content>
                                          </LinkTitle>
                                       </title>
                                    </InternalLink>
                                    <Whitespace>
                                       <hasNewline>true</hasNewline>
                                       <content>
                                          <ptk:l>
                                             <ptk:t>
</ptk:t>
                                          </ptk:l>
                                       </content>
                                    </Whitespace>
                                    <InternalLink location="Target:181:3">
                                       <ptk:a name="RTD">
                                          <RtData>c3EAfgAAdXEAfgADAAAAAnVxAH4ABQAAAAF0AB1bW2FyYzrcrNyd3KHcotyQINyV3KPcmNyV3JDconVxAH4ABQAAAAF0AAJdXQ==</RtData>
                                       </ptk:a>
                                       <target>arc:ܬܝܡܢܐ ܕܣܘܕܐܢ</target>
                                       <prefix/>
                                       <postfix/>
                                       <title>
                                          <LinkTitle>
                                             <content>
                                                <ptk:l/>
                                             </content>
                                          </LinkTitle>
                                       </title>
                                    </InternalLink>
                                    <Whitespace>
                                       <hasNewline>true</hasNewline>
                                       <content>
                                          <ptk:l>
                                             <ptk:t>
</ptk:t>
                                          </ptk:l>
                                       </content>
                                    </Whitespace>
                                    <InternalLink location="Target:182:3">
                                       <ptk:a name="RTD">
                                          <RtData>c3EAfgAAdXEAfgADAAAAAnVxAH4ABQAAAAF0ABRbW2FzdDpTdWTDoW4gZGVsIFN1cnVxAH4ABQAAAAF0AAJdXQ==</RtData>
                                       </ptk:a>
                                       <target>ast:Sudán del Sur</target>
                                       <prefix/>
                                       <postfix/>
                                       <title>
                                          <LinkTitle>
                                             <content>
                                                <ptk:l/>
                                             </content>
                                          </LinkTitle>
                                       </title>
                                    </InternalLink>
                                    <Whitespace>
                                       <hasNewline>true</hasNewline>
                                       <content>
                                          <ptk:l>
                                             <ptk:t>
</ptk:t>
                                          </ptk:l>
                                       </content>
                                    </Whitespace>
                                    <InternalLink location="Target:183:3">
                                       <ptk:a name="RTD">
                                          <RtData>c3EAfgAAdXEAfgADAAAAAnVxAH4ABQAAAAF0ACJbW2F2OtCu0LPQsNC70YrRg9C70LDQsSDQodGD0LTQsNC9dXEAfgAFAAAAAXQAAl1d</RtData>
                                       </ptk:a>
                                       <target>av:Югалъулаб Судан</target>
                                       <prefix/>
                                       <postfix/>
                                       <title>
                                          <LinkTitle>
                                             <content>
                                                <ptk:l/>
                                             </content>
                                          </LinkTitle>
                                       </title>
                                    </InternalLink>
                                    <Whitespace>
                                       <hasNewline>true</hasNewline>
                                       <content>
                                          <ptk:l>
                                             <ptk:t>
</ptk:t>
                                          </ptk:l>
                                       </content>
                                    </Whitespace>
                                    <InternalLink location="Target:184:3">
                                       <ptk:a name="RTD">
                                          <RtData>c3EAfgAAdXEAfgADAAAAAnVxAH4ABQAAAAF0ABJbW2F6OkPJmW51YmkgU3VkYW51cQB+AAUAAAABdAACXV0=</RtData>
                                       </ptk:a>
                                       <target>az:Cənubi Sudan</target>
                                       <prefix/>
                                       <postfix/>
                                       <title>
                                          <LinkTitle>
                                             <content>
                                                <ptk:l/>
                                             </content>
                                          </LinkTitle>
                                       </title>
                                    </InternalLink>
                                    <Whitespace>
                                       <hasNewline>true</hasNewline>
                                       <content>
                                          <ptk:l>
                                             <ptk:t>
</ptk:t>
                                          </ptk:l>
                                       </content>
                                    </Whitespace>
                                    <InternalLink location="Target:185:3">
                                       <ptk:a name="RTD">
                                          <RtData>c3EAfgAAdXEAfgADAAAAAnVxAH4ABQAAAAF0ABhbW2JhdC1zbWc6UMSXaXTFqyBTdWRhbnN1cQB+AAUAAAABdAACXV0=</RtData>
                                       </ptk:a>
                                       <target>bat-smg:Pėitū Sudans</target>
                                       <prefix/>
                                       <postfix/>
                                       <title>
                                          <LinkTitle>
                                             <content>
                                                <ptk:l/>
                                             </content>
                                          </LinkTitle>
                                       </title>
                                    </InternalLink>
                                    <Whitespace>
                                       <hasNewline>true</hasNewline>
                                       <content>
                                          <ptk:l>
                                             <ptk:t>
</ptk:t>
                                          </ptk:l>
                                       </content>
                                    </Whitespace>
                                    <InternalLink location="Target:186:3">
                                       <ptk:a name="RTD">
                                          <RtData>c3EAfgAAdXEAfgADAAAAAnVxAH4ABQAAAAF0ABVbW2JjbDpIYWJhZ2F0YW4gU3VkYW51cQB+AAUAAAABdAACXV0=</RtData>
                                       </ptk:a>
                                       <target>bcl:Habagatan Sudan</target>
                                       <prefix/>
                                       <postfix/>
                                       <title>
                                          <LinkTitle>
                                             <content>
                                                <ptk:l/>
                                             </content>
                                          </LinkTitle>
                                       </title>
                                    </InternalLink>
                                    <Whitespace>
                                       <hasNewline>true</hasNewline>
                                       <content>
                                          <ptk:l>
                                             <ptk:t>
</ptk:t>
                                          </ptk:l>
                                       </content>
                                    </Whitespace>
                                    <InternalLink location="Target:187:3">
                                       <ptk:a name="RTD">
                                          <RtData>c3EAfgAAdXEAfgADAAAAAnVxAH4ABQAAAAF0ACBbW2JlOtCf0LDRntC00L3RkdCy0Ysg0KHRg9C00LDQvXVxAH4ABQAAAAF0AAJdXQ==</RtData>
                                       </ptk:a>
                                       <target>be:Паўднёвы Судан</target>
                                       <prefix/>
                                       <postfix/>
                                       <title>
                                          <LinkTitle>
                                             <content>
                                                <ptk:l/>
                                             </content>
                                          </LinkTitle>
                                       </title>
                                    </InternalLink>
                                    <Whitespace>
                                       <hasNewline>true</hasNewline>
                                       <content>
                                          <ptk:l>
                                             <ptk:t>
</ptk:t>
                                          </ptk:l>
                                       </content>
                                    </Whitespace>
                                    <InternalLink location="Target:188:3">
                                       <ptk:a name="RTD">
                                          <RtData>c3EAfgAAdXEAfgADAAAAAnVxAH4ABQAAAAF0ACZbW2JlLXgtb2xkOtCf0LDRntC00L3RkdCy0Ysg0KHRg9C00LDQvXVxAH4ABQAAAAF0AAJdXQ==</RtData>
                                       </ptk:a>
                                       <target>be-x-old:Паўднёвы Судан</target>
                                       <prefix/>
                                       <postfix/>
                                       <title>
                                          <LinkTitle>
                                             <content>
                                                <ptk:l/>
                                             </content>
                                          </LinkTitle>
                                       </title>
                                    </InternalLink>
                                    <Whitespace>
                                       <hasNewline>true</hasNewline>
                                       <content>
                                          <ptk:l>
                                             <ptk:t>
</ptk:t>
                                          </ptk:l>
                                       </content>
                                    </Whitespace>
                                    <InternalLink location="Target:189:3">
                                       <ptk:a name="RTD">
                                          <RtData>c3EAfgAAdXEAfgADAAAAAnVxAH4ABQAAAAF0ABhbW2JnOtCu0LbQtdC9INCh0YPQtNCw0L11cQB+AAUAAAABdAACXV0=</RtData>
                                       </ptk:a>
                                       <target>bg:Южен Судан</target>
                                       <prefix/>
                                       <postfix/>
                                       <title>
                                          <LinkTitle>
                                             <content>
                                                <ptk:l/>
                                             </content>
                                          </LinkTitle>
                                       </title>
                                    </InternalLink>
                                    <Whitespace>
                                       <hasNewline>true</hasNewline>
                                       <content>
                                          <ptk:l>
                                             <ptk:t>
</ptk:t>
                                          </ptk:l>
                                       </content>
                                    </Whitespace>
                                    <InternalLink location="Target:190:3">
                                       <ptk:a name="RTD">
                                          <RtData>c3EAfgAAdXEAfgADAAAAAnVxAH4ABQAAAAF0ACdbW2JuOuCmpuCmleCnjeCmt+Cmv+CmoyDgprjgp4Hgpqbgpr7gpqh1cQB+AAUAAAABdAACXV0=</RtData>
                                       </ptk:a>
                                       <target>bn:দক্ষিণ সুদান</target>
                                       <prefix/>
                                       <postfix/>
                                       <title>
                                          <LinkTitle>
                                             <content>
                                                <ptk:l/>
                                             </content>
                                          </LinkTitle>
                                       </title>
                                    </InternalLink>
                                    <Whitespace>
                                       <hasNewline>true</hasNewline>
                                       <content>
                                          <ptk:l>
                                             <ptk:t>
</ptk:t>
                                          </ptk:l>
                                       </content>
                                    </Whitespace>
                                    <InternalLink location="Target:191:3">
                                       <ptk:a name="RTD">
                                          <RtData>c3EAfgAAdXEAfgADAAAAAnVxAH4ABQAAAAF0ABFbW2JyOlNvdWRhbiBhciBTdXVxAH4ABQAAAAF0AAJdXQ==</RtData>
                                       </ptk:a>
                                       <target>br:Soudan ar Su</target>
                                       <prefix/>
                                       <postfix/>
                                       <title>
                                          <LinkTitle>
                                             <content>
                                                <ptk:l/>
                                             </content>
                                          </LinkTitle>
                                       </title>
                                    </InternalLink>
                                    <Whitespace>
                                       <hasNewline>true</hasNewline>
                                       <content>
                                          <ptk:l>
                                             <ptk:t>
</ptk:t>
                                          </ptk:l>
                                       </content>
                                    </Whitespace>
                                    <InternalLink location="Target:192:3">
                                       <ptk:a name="RTD">
                                          <RtData>c3EAfgAAdXEAfgADAAAAAnVxAH4ABQAAAAF0ABFbW2JzOkp1xb5uaSBTdWRhbnVxAH4ABQAAAAF0AAJdXQ==</RtData>
                                       </ptk:a>
                                       <target>bs:Južni Sudan</target>
                                       <prefix/>
                                       <postfix/>
                                       <title>
                                          <LinkTitle>
                                             <content>
                                                <ptk:l/>
                                             </content>
                                          </LinkTitle>
                                       </title>
                                    </InternalLink>
                                    <Whitespace>
                                       <hasNewline>true</hasNewline>
                                       <content>
                                          <ptk:l>
                                             <ptk:t>
</ptk:t>
                                          </ptk:l>
                                       </content>
                                    </Whitespace>
                                    <InternalLink location="Target:193:3">
                                       <ptk:a name="RTD">
                                          <RtData>c3EAfgAAdXEAfgADAAAAAnVxAH4ABQAAAAF0ABJbW2NhOlN1ZGFuIGRlbCBTdWR1cQB+AAUAAAABdAACXV0=</RtData>
                                       </ptk:a>
                                       <target>ca:Sudan del Sud</target>
                                       <prefix/>
                                       <postfix/>
                                       <title>
                                          <LinkTitle>
                                             <content>
                                                <ptk:l/>
                                             </content>
                                          </LinkTitle>
                                       </title>
                                    </InternalLink>
                                    <Whitespace>
                                       <hasNewline>true</hasNewline>
                                       <content>
                                          <ptk:l>
                                             <ptk:t>
</ptk:t>
                                          </ptk:l>
                                       </content>
                                    </Whitespace>
                                    <InternalLink location="Target:194:3">
                                       <ptk:a name="RTD">
                                          <RtData>c3EAfgAAdXEAfgADAAAAAnVxAH4ABQAAAAF0ABZbW2NlYjpIYWJhZ2F0YW5nIFN1ZGFudXEAfgAFAAAAAXQAAl1d</RtData>
                                       </ptk:a>
                                       <target>ceb:Habagatang Sudan</target>
                                       <prefix/>
                                       <postfix/>
                                       <title>
                                          <LinkTitle>
                                             <content>
                                                <ptk:l/>
                                             </content>
                                          </LinkTitle>
                                       </title>
                                    </InternalLink>
                                    <Whitespace>
                                       <hasNewline>true</hasNewline>
                                       <content>
                                          <ptk:l>
                                             <ptk:t>
</ptk:t>
                                          </ptk:l>
                                       </content>
                                    </Whitespace>
                                    <InternalLink location="Target:195:3">
                                       <ptk:a name="RTD">
                                          <RtData>c3EAfgAAdXEAfgADAAAAAnVxAH4ABQAAAAF0ACFbW2NrYjrYqNin2LTZiNmI2LHbjCDYs9mI2YjYr9in2YZ1cQB+AAUAAAABdAACXV0=</RtData>
                                       </ptk:a>
                                       <target>ckb:باشووری سوودان</target>
                                       <prefix/>
                                       <postfix/>
                                       <title>
                                          <LinkTitle>
                                             <content>
                                                <ptk:l/>
                                             </content>
                                          </LinkTitle>
                                       </title>
                                    </InternalLink>
                                    <Whitespace>
                                       <hasNewline>true</hasNewline>
                                       <content>
                                          <ptk:l>
                                             <ptk:t>
</ptk:t>
                                          </ptk:l>
                                       </content>
                                    </Whitespace>
                                    <InternalLink location="Target:196:3">
                                       <ptk:a name="RTD">
                                          <RtData>c3EAfgAAdXEAfgADAAAAAnVxAH4ABQAAAAF0ABRbW2NyaDpDZW7DvGJpeSBTdWRhbnVxAH4ABQAAAAF0AAJdXQ==</RtData>
                                       </ptk:a>
                                       <target>crh:Cenübiy Sudan</target>
                                       <prefix/>
                                       <postfix/>
                                       <title>
                                          <LinkTitle>
                                             <content>
                                                <ptk:l/>
                                             </content>
                                          </LinkTitle>
                                       </title>
                                    </InternalLink>
                                    <Whitespace>
                                       <hasNewline>true</hasNewline>
                                       <content>
                                          <ptk:l>
                                             <ptk:t>
</ptk:t>
                                          </ptk:l>
                                       </content>
                                    </Whitespace>
                                    <InternalLink location="Target:197:3">
                                       <ptk:a name="RTD">
                                          <RtData>c3EAfgAAdXEAfgADAAAAAnVxAH4ABQAAAAF0ABRbW2NzOkppxb5uw60gU8O6ZMOhbnVxAH4ABQAAAAF0AAJdXQ==</RtData>
                                       </ptk:a>
                                       <target>cs:Jižní Súdán</target>
                                       <prefix/>
                                       <postfix/>
                                       <title>
                                          <LinkTitle>
                                             <content>
                                                <ptk:l/>
                                             </content>
                                          </LinkTitle>
                                       </title>
                                    </InternalLink>
                                    <Whitespace>
                                       <hasNewline>true</hasNewline>
                                       <content>
                                          <ptk:l>
                                             <ptk:t>
</ptk:t>
                                          </ptk:l>
                                       </content>
                                    </Whitespace>
                                    <InternalLink location="Target:198:3">
                                       <ptk:a name="RTD">
                                          <RtData>c3EAfgAAdXEAfgADAAAAAnVxAH4ABQAAAAF0ABxbW2N2OtCaxIPQvdGCxIPRgCDQodGD0LTQsNC9dXEAfgAFAAAAAXQAAl1d</RtData>
                                       </ptk:a>
                                       <target>cv:Кăнтăр Судан</target>
                                       <prefix/>
                                       <postfix/>
                                       <title>
                                          <LinkTitle>
                                             <content>
                                                <ptk:l/>
                                             </content>
                                          </LinkTitle>
                                       </title>
                                    </InternalLink>
                                    <Whitespace>
                                       <hasNewline>true</hasNewline>
                                       <content>
                                          <ptk:l>
                                             <ptk:t>
</ptk:t>
                                          </ptk:l>
                                       </content>
                                    </Whitespace>
                                    <InternalLink location="Target:199:3">
                                       <ptk:a name="RTD">
                                          <RtData>c3EAfgAAdXEAfgADAAAAAnVxAH4ABQAAAAF0AA1bW2N5OkRlIFN1ZGFudXEAfgAFAAAAAXQAAl1d</RtData>
                                       </ptk:a>
                                       <target>cy:De Sudan</target>
                                       <prefix/>
                                       <postfix/>
                                       <title>
                                          <LinkTitle>
                                             <content>
                                                <ptk:l/>
                                             </content>
                                          </LinkTitle>
                                       </title>
                                    </InternalLink>
                                    <Whitespace>
                                       <hasNewline>true</hasNewline>
                                       <content>
                                          <ptk:l>
                                             <ptk:t>
</ptk:t>
                                          </ptk:l>
                                       </content>
                                    </Whitespace>
                                    <InternalLink location="Target:200:3">
                                       <ptk:a name="RTD">
                                          <RtData>c3EAfgAAdXEAfgADAAAAAnVxAH4ABQAAAAF0AA1bW2RhOlN5ZHN1ZGFudXEAfgAFAAAAAXQAAl1d</RtData>
                                       </ptk:a>
                                       <target>da:Sydsudan</target>
                                       <prefix/>
                                       <postfix/>
                                       <title>
                                          <LinkTitle>
                                             <content>
                                                <ptk:l/>
                                             </content>
                                          </LinkTitle>
                                       </title>
                                    </InternalLink>
                                    <Whitespace>
                                       <hasNewline>true</hasNewline>
                                       <content>
                                          <ptk:l>
                                             <ptk:t>
</ptk:t>
                                          </ptk:l>
                                       </content>
                                    </Whitespace>
                                    <InternalLink location="Target:201:3">
                                       <ptk:a name="RTD">
                                          <RtData>c3EAfgAAdXEAfgADAAAAAnVxAH4ABQAAAAF0AA5bW2RlOlPDvGRzdWRhbnVxAH4ABQAAAAF0AAJdXQ==</RtData>
                                       </ptk:a>
                                       <target>de:Südsudan</target>
                                       <prefix/>
                                       <postfix/>
                                       <title>
                                          <LinkTitle>
                                             <content>
                                                <ptk:l/>
                                             </content>
                                          </LinkTitle>
                                       </title>
                                    </InternalLink>
                                    <Whitespace>
                                       <hasNewline>true</hasNewline>
                                       <content>
                                          <ptk:l>
                                             <ptk:t>
</ptk:t>
                                          </ptk:l>
                                       </content>
                                    </Whitespace>
                                    <InternalLink location="Target:202:3">
                                       <ptk:a name="RTD">
                                          <RtData>c3EAfgAAdXEAfgADAAAAAnVxAH4ABQAAAAF0ABpbW2RzYjpQw7NkcG/FgmRuam93eSBTdWRhbnVxAH4ABQAAAAF0AAJdXQ==</RtData>
                                       </ptk:a>
                                       <target>dsb:Pódpołdnjowy Sudan</target>
                                       <prefix/>
                                       <postfix/>
                                       <title>
                                          <LinkTitle>
                                             <content>
                                                <ptk:l/>
                                             </content>
                                          </LinkTitle>
                                       </title>
                                    </InternalLink>
                                    <Whitespace>
                                       <hasNewline>true</hasNewline>
                                       <content>
                                          <ptk:l>
                                             <ptk:t>
</ptk:t>
                                          </ptk:l>
                                       </content>
                                    </Whitespace>
                                    <InternalLink location="Target:203:3">
                                       <ptk:a name="RTD">
                                          <RtData>c3EAfgAAdXEAfgADAAAAAnVxAH4ABQAAAAF0ABxbW2VsOs6dz4zPhM65zr8gzqPOv8+FzrTOrM69dXEAfgAFAAAAAXQAAl1d</RtData>
                                       </ptk:a>
                                       <target>el:Νότιο Σουδάν</target>
                                       <prefix/>
                                       <postfix/>
                                       <title>
                                          <LinkTitle>
                                             <content>
                                                <ptk:l/>
                                             </content>
                                          </LinkTitle>
                                       </title>
                                    </InternalLink>
                                    <Whitespace>
                                       <hasNewline>true</hasNewline>
                                       <content>
                                          <ptk:l>
                                             <ptk:t>
</ptk:t>
                                          </ptk:l>
                                       </content>
                                    </Whitespace>
                                    <InternalLink location="Target:204:3">
                                       <ptk:a name="RTD">
                                          <RtData>c3EAfgAAdXEAfgADAAAAAnVxAH4ABQAAAAF0ABBbW2VuOlNvdXRoIFN1ZGFudXEAfgAFAAAAAXQAAl1d</RtData>
                                       </ptk:a>
                                       <target>en:South Sudan</target>
                                       <prefix/>
                                       <postfix/>
                                       <title>
                                          <LinkTitle>
                                             <content>
                                                <ptk:l/>
                                             </content>
                                          </LinkTitle>
                                       </title>
                                    </InternalLink>
                                    <Whitespace>
                                       <hasNewline>true</hasNewline>
                                       <content>
                                          <ptk:l>
                                             <ptk:t>
</ptk:t>
                                          </ptk:l>
                                       </content>
                                    </Whitespace>
                                    <InternalLink location="Target:205:3">
                                       <ptk:a name="RTD">
                                          <RtData>c3EAfgAAdXEAfgADAAAAAnVxAH4ABQAAAAF0AA9bW2VvOlN1ZC1TdWRhbm91cQB+AAUAAAABdAACXV0=</RtData>
                                       </ptk:a>
                                       <target>eo:Sud-Sudano</target>
                                       <prefix/>
                                       <postfix/>
                                       <title>
                                          <LinkTitle>
                                             <content>
                                                <ptk:l/>
                                             </content>
                                          </LinkTitle>
                                       </title>
                                    </InternalLink>
                                    <Whitespace>
                                       <hasNewline>true</hasNewline>
                                       <content>
                                          <ptk:l>
                                             <ptk:t>
</ptk:t>
                                          </ptk:l>
                                       </content>
                                    </Whitespace>
                                    <InternalLink location="Target:206:3">
                                       <ptk:a name="RTD">
                                          <RtData>c3EAfgAAdXEAfgADAAAAAnVxAH4ABQAAAAF0ABNbW2VzOlN1ZMOhbiBkZWwgU3VydXEAfgAFAAAAAXQAAl1d</RtData>
                                       </ptk:a>
                                       <target>es:Sudán del Sur</target>
                                       <prefix/>
                                       <postfix/>
                                       <title>
                                          <LinkTitle>
                                             <content>
                                                <ptk:l/>
                                             </content>
                                          </LinkTitle>
                                       </title>
                                    </InternalLink>
                                    <Whitespace>
                                       <hasNewline>true</hasNewline>
                                       <content>
                                          <ptk:l>
                                             <ptk:t>
</ptk:t>
                                          </ptk:l>
                                       </content>
                                    </Whitespace>
                                    <InternalLink location="Target:207:3">
                                       <ptk:a name="RTD">
                                          <RtData>c3EAfgAAdXEAfgADAAAAAnVxAH4ABQAAAAF0ABJbW2V0OkzDtXVuYS1TdWRhYW51cQB+AAUAAAABdAACXV0=</RtData>
                                       </ptk:a>
                                       <target>et:Lõuna-Sudaan</target>
                                       <prefix/>
                                       <postfix/>
                                       <title>
                                          <LinkTitle>
                                             <content>
                                                <ptk:l/>
                                             </content>
                                          </LinkTitle>
                                       </title>
                                    </InternalLink>
                                    <Whitespace>
                                       <hasNewline>true</hasNewline>
                                       <content>
                                          <ptk:l>
                                             <ptk:t>
</ptk:t>
                                          </ptk:l>
                                       </content>
                                    </Whitespace>
                                    <InternalLink location="Target:208:3">
                                       <ptk:a name="RTD">
                                          <RtData>c3EAfgAAdXEAfgADAAAAAnVxAH4ABQAAAAF0AA9bW2V1OkhlZ28gU3VkYW51cQB+AAUAAAABdAACXV0=</RtData>
                                       </ptk:a>
                                       <target>eu:Hego Sudan</target>
                                       <prefix/>
                                       <postfix/>
                                       <title>
                                          <LinkTitle>
                                             <content>
                                                <ptk:l/>
                                             </content>
                                          </LinkTitle>
                                       </title>
                                    </InternalLink>
                                    <Whitespace>
                                       <hasNewline>true</hasNewline>
                                       <content>
                                          <ptk:l>
                                             <ptk:t>
</ptk:t>
                                          </ptk:l>
                                       </content>
                                    </Whitespace>
                                    <InternalLink location="Target:209:3">
                                       <ptk:a name="RTD">
                                          <RtData>c3EAfgAAdXEAfgADAAAAAnVxAH4ABQAAAAF0ABRbW2V4dDpTdWTDoW4gZGVsIFN1bHVxAH4ABQAAAAF0AAJdXQ==</RtData>
                                       </ptk:a>
                                       <target>ext:Sudán del Sul</target>
                                       <prefix/>
                                       <postfix/>
                                       <title>
                                          <LinkTitle>
                                             <content>
                                                <ptk:l/>
                                             </content>
                                          </LinkTitle>
                                       </title>
                                    </InternalLink>
                                    <Whitespace>
                                       <hasNewline>true</hasNewline>
                                       <content>
                                          <ptk:l>
                                             <ptk:t>
</ptk:t>
                                          </ptk:l>
                                       </content>
                                    </Whitespace>
                                    <InternalLink location="Target:210:3">
                                       <ptk:a name="RTD">
                                          <RtData>c3EAfgAAdXEAfgADAAAAAnVxAH4ABQAAAAF0ABpbW2ZhOtiz2YjYr9in2YYg2KzZhtmI2KjbjHVxAH4ABQAAAAF0AAJdXQ==</RtData>
                                       </ptk:a>
                                       <target>fa:سودان جنوبی</target>
                                       <prefix/>
                                       <postfix/>
                                       <title>
                                          <LinkTitle>
                                             <content>
                                                <ptk:l/>
                                             </content>
                                          </LinkTitle>
                                       </title>
                                    </InternalLink>
                                    <Whitespace>
                                       <hasNewline>true</hasNewline>
                                       <content>
                                          <ptk:l>
                                             <ptk:t>
</ptk:t>
                                          </ptk:l>
                                       </content>
                                    </Whitespace>
                                    <InternalLink location="Target:211:3">
                                       <ptk:a name="RTD">
                                          <RtData>c3EAfgAAdXEAfgADAAAAAnVxAH4ABQAAAAF0ABFbW2ZpOkV0ZWzDpC1TdWRhbnVxAH4ABQAAAAF0AAJdXQ==</RtData>
                                       </ptk:a>
                                       <target>fi:Etelä-Sudan</target>
                                       <prefix/>
                                       <postfix/>
                                       <title>
                                          <LinkTitle>
                                             <content>
                                                <ptk:l/>
                                             </content>
                                          </LinkTitle>
                                       </title>
                                    </InternalLink>
                                    <Whitespace>
                                       <hasNewline>true</hasNewline>
                                       <content>
                                          <ptk:l>
                                             <ptk:t>
</ptk:t>
                                          </ptk:l>
                                       </content>
                                    </Whitespace>
                                    <InternalLink location="Target:212:3">
                                       <ptk:a name="RTD">
                                          <RtData>c3EAfgAAdXEAfgADAAAAAnVxAH4ABQAAAAF0ABBbW2ZvOlN1w7B1cnN1ZGFudXEAfgAFAAAAAXQAAl1d</RtData>
                                       </ptk:a>
                                       <target>fo:Suðursudan</target>
                                       <prefix/>
                                       <postfix/>
                                       <title>
                                          <LinkTitle>
                                             <content>
                                                <ptk:l/>
                                             </content>
                                          </LinkTitle>
                                       </title>
                                    </InternalLink>
                                    <Whitespace>
                                       <hasNewline>true</hasNewline>
                                       <content>
                                          <ptk:l>
                                             <ptk:t>
</ptk:t>
                                          </ptk:l>
                                       </content>
                                    </Whitespace>
                                    <InternalLink location="Target:213:3">
                                       <ptk:a name="RTD">
                                          <RtData>c3EAfgAAdXEAfgADAAAAAnVxAH4ABQAAAAF0ABJbW2ZyOlNvdWRhbiBkdSBTdWR1cQB+AAUAAAABdAACXV0=</RtData>
                                       </ptk:a>
                                       <target>fr:Soudan du Sud</target>
                                       <prefix/>
                                       <postfix/>
                                       <title>
                                          <LinkTitle>
                                             <content>
                                                <ptk:l/>
                                             </content>
                                          </LinkTitle>
                                       </title>
                                    </InternalLink>
                                    <Whitespace>
                                       <hasNewline>true</hasNewline>
                                       <content>
                                          <ptk:l>
                                             <ptk:t>
</ptk:t>
                                          </ptk:l>
                                       </content>
                                    </Whitespace>
                                    <InternalLink location="Target:214:3">
                                       <ptk:a name="RTD">
                                          <RtData>c3EAfgAAdXEAfgADAAAAAnVxAH4ABQAAAAF0ABJbW2ZycjpTw7zDvGRzdWRhYW51cQB+AAUAAAABdAACXV0=</RtData>
                                       </ptk:a>
                                       <target>frr:Süüdsudaan</target>
                                       <prefix/>
                                       <postfix/>
                                       <title>
                                          <LinkTitle>
                                             <content>
                                                <ptk:l/>
                                             </content>
                                          </LinkTitle>
                                       </title>
                                    </InternalLink>
                                    <Whitespace>
                                       <hasNewline>true</hasNewline>
                                       <content>
                                          <ptk:l>
                                             <ptk:t>
</ptk:t>
                                          </ptk:l>
                                       </content>
                                    </Whitespace>
                                    <InternalLink location="Target:215:3">
                                       <ptk:a name="RTD">
                                          <RtData>c3EAfgAAdXEAfgADAAAAAnVxAH4ABQAAAAF0ABBbW2Z5OlPDumQtU8O7ZGFudXEAfgAFAAAAAXQAAl1d</RtData>
                                       </ptk:a>
                                       <target>fy:Súd-Sûdan</target>
                                       <prefix/>
                                       <postfix/>
                                       <title>
                                          <LinkTitle>
                                             <content>
                                                <ptk:l/>
                                             </content>
                                          </LinkTitle>
                                       </title>
                                    </InternalLink>
                                    <Whitespace>
                                       <hasNewline>true</hasNewline>
                                       <content>
                                          <ptk:l>
                                             <ptk:t>
</ptk:t>
                                          </ptk:l>
                                       </content>
                                    </Whitespace>
                                    <InternalLink location="Target:216:3">
                                       <ptk:a name="RTD">
                                          <RtData>c3EAfgAAdXEAfgADAAAAAnVxAH4ABQAAAAF0ABdbW2dhOkFuIHRTw7pkw6FpbiBUaGVhc3VxAH4ABQAAAAF0AAJdXQ==</RtData>
                                       </ptk:a>
                                       <target>ga:An tSúdáin Theas</target>
                                       <prefix/>
                                       <postfix/>
                                       <title>
                                          <LinkTitle>
                                             <content>
                                                <ptk:l/>
                                             </content>
                                          </LinkTitle>
                                       </title>
                                    </InternalLink>
                                    <Whitespace>
                                       <hasNewline>true</hasNewline>
                                       <content>
                                          <ptk:l>
                                             <ptk:t>
</ptk:t>
                                          </ptk:l>
                                       </content>
                                    </Whitespace>
                                    <InternalLink location="Target:217:3">
                                       <ptk:a name="RTD">
                                          <RtData>c3EAfgAAdXEAfgADAAAAAnVxAH4ABQAAAAF0ABJbW2dkOlN1ZMOgbiBhIERlYXN1cQB+AAUAAAABdAACXV0=</RtData>
                                       </ptk:a>
                                       <target>gd:Sudàn a Deas</target>
                                       <prefix/>
                                       <postfix/>
                                       <title>
                                          <LinkTitle>
                                             <content>
                                                <ptk:l/>
                                             </content>
                                          </LinkTitle>
                                       </title>
                                    </InternalLink>
                                    <Whitespace>
                                       <hasNewline>true</hasNewline>
                                       <content>
                                          <ptk:l>
                                             <ptk:t>
</ptk:t>
                                          </ptk:l>
                                       </content>
                                    </Whitespace>
                                    <InternalLink location="Target:218:3">
                                       <ptk:a name="RTD">
                                          <RtData>c3EAfgAAdXEAfgADAAAAAnVxAH4ABQAAAAF0ACBbW2dsOlN1ZMOhbiBkbyBTdXIgLSBTb3V0aCBTdWRhbnVxAH4ABQAAAAF0AAJdXQ==</RtData>
                                       </ptk:a>
                                       <target>gl:Sudán do Sur - South Sudan</target>
                                       <prefix/>
                                       <postfix/>
                                       <title>
                                          <LinkTitle>
                                             <content>
                                                <ptk:l/>
                                             </content>
                                          </LinkTitle>
                                       </title>
                                    </InternalLink>
                                    <Whitespace>
                                       <hasNewline>true</hasNewline>
                                       <content>
                                          <ptk:l>
                                             <ptk:t>
</ptk:t>
                                          </ptk:l>
                                       </content>
                                    </Whitespace>
                                    <InternalLink location="Target:219:3">
                                       <ptk:a name="RTD">
                                          <RtData>c3EAfgAAdXEAfgADAAAAAnVxAH4ABQAAAAF0ABVbW2d2OlluIFRvb2RhYW4gWWlhc3N1cQB+AAUAAAABdAACXV0=</RtData>
                                       </ptk:a>
                                       <target>gv:Yn Toodaan Yiass</target>
                                       <prefix/>
                                       <postfix/>
                                       <title>
                                          <LinkTitle>
                                             <content>
                                                <ptk:l/>
                                             </content>
                                          </LinkTitle>
                                       </title>
                                    </InternalLink>
                                    <Whitespace>
                                       <hasNewline>true</hasNewline>
                                       <content>
                                          <ptk:l>
                                             <ptk:t>
</ptk:t>
                                          </ptk:l>
                                       </content>
                                    </Whitespace>
                                    <InternalLink location="Target:220:3">
                                       <ptk:a name="RTD">
                                          <RtData>c3EAfgAAdXEAfgADAAAAAnVxAH4ABQAAAAF0ABhbW2hlOteT16jXldedINeh15XXk9eQ1591cQB+AAUAAAABdAACXV0=</RtData>
                                       </ptk:a>
                                       <target>he:דרום סודאן</target>
                                       <prefix/>
                                       <postfix/>
                                       <title>
                                          <LinkTitle>
                                             <content>
                                                <ptk:l/>
                                             </content>
                                          </LinkTitle>
                                       </title>
                                    </InternalLink>
                                    <Whitespace>
                                       <hasNewline>true</hasNewline>
                                       <content>
                                          <ptk:l>
                                             <ptk:t>
</ptk:t>
                                          </ptk:l>
                                       </content>
                                    </Whitespace>
                                    <InternalLink location="Target:221:3">
                                       <ptk:a name="RTD">
                                          <RtData>c3EAfgAAdXEAfgADAAAAAnVxAH4ABQAAAAF0ACdbW2hpOuCkpuCkleCljeCkt+Ckv+CkoyDgpLjgpYLgpKHgpL7gpKh1cQB+AAUAAAABdAACXV0=</RtData>
                                       </ptk:a>
                                       <target>hi:दक्षिण सूडान</target>
                                       <prefix/>
                                       <postfix/>
                                       <title>
                                          <LinkTitle>
                                             <content>
                                                <ptk:l/>
                                             </content>
                                          </LinkTitle>
                                       </title>
                                    </InternalLink>
                                    <Whitespace>
                                       <hasNewline>true</hasNewline>
                                       <content>
                                          <ptk:l>
                                             <ptk:t>
</ptk:t>
                                          </ptk:l>
                                       </content>
                                    </Whitespace>
                                    <InternalLink location="Target:222:3">
                                       <ptk:a name="RTD">
                                          <RtData>c3EAfgAAdXEAfgADAAAAAnVxAH4ABQAAAAF0ABFbW2hyOkp1xb5uaSBTdWRhbnVxAH4ABQAAAAF0AAJdXQ==</RtData>
                                       </ptk:a>
                                       <target>hr:Južni Sudan</target>
                                       <prefix/>
                                       <postfix/>
                                       <title>
                                          <LinkTitle>
                                             <content>
                                                <ptk:l/>
                                             </content>
                                          </LinkTitle>
                                       </title>
                                    </InternalLink>
                                    <Whitespace>
                                       <hasNewline>true</hasNewline>
                                       <content>
                                          <ptk:l>
                                             <ptk:t>
</ptk:t>
                                          </ptk:l>
                                       </content>
                                    </Whitespace>
                                    <InternalLink location="Target:223:3">
                                       <ptk:a name="RTD">
                                          <RtData>c3EAfgAAdXEAfgADAAAAAnVxAH4ABQAAAAF0ABJbW2hzYjpKdcW+bnkgU3VkYW51cQB+AAUAAAABdAACXV0=</RtData>
                                       </ptk:a>
                                       <target>hsb:Južny Sudan</target>
                                       <prefix/>
                                       <postfix/>
                                       <title>
                                          <LinkTitle>
                                             <content>
                                                <ptk:l/>
                                             </content>
                                          </LinkTitle>
                                       </title>
                                    </InternalLink>
                                    <Whitespace>
                                       <hasNewline>true</hasNewline>
                                       <content>
                                          <ptk:l>
                                             <ptk:t>
</ptk:t>
                                          </ptk:l>
                                       </content>
                                    </Whitespace>
                                    <InternalLink location="Target:224:3">
                                       <ptk:a name="RTD">
                                          <RtData>c3EAfgAAdXEAfgADAAAAAnVxAH4ABQAAAAF0ABFbW2h1OkTDqWwtU3p1ZMOhbnVxAH4ABQAAAAF0AAJdXQ==</RtData>
                                       </ptk:a>
                                       <target>hu:Dél-Szudán</target>
                                       <prefix/>
                                       <postfix/>
                                       <title>
                                          <LinkTitle>
                                             <content>
                                                <ptk:l/>
                                             </content>
                                          </LinkTitle>
                                       </title>
                                    </InternalLink>
                                    <Whitespace>
                                       <hasNewline>true</hasNewline>
                                       <content>
                                          <ptk:l>
                                             <ptk:t>
</ptk:t>
                                          </ptk:l>
                                       </content>
                                    </Whitespace>
                                    <InternalLink location="Target:225:3">
                                       <ptk:a name="RTD">
                                          <RtData>c3EAfgAAdXEAfgADAAAAAnVxAH4ABQAAAAF0ACRbW2h5OtWA1aHWgNWh1b7VodW11avVtiDVjdW41oLVpNWh1bZ1cQB+AAUAAAABdAACXV0=</RtData>
                                       </ptk:a>
                                       <target>hy:Հարավային Սուդան</target>
                                       <prefix/>
                                       <postfix/>
                                       <title>
                                          <LinkTitle>
                                             <content>
                                                <ptk:l/>
                                             </content>
                                          </LinkTitle>
                                       </title>
                                    </InternalLink>
                                    <Whitespace>
                                       <hasNewline>true</hasNewline>
                                       <content>
                                          <ptk:l>
                                             <ptk:t>
</ptk:t>
                                          </ptk:l>
                                       </content>
                                    </Whitespace>
                                    <InternalLink location="Target:226:3">
                                       <ptk:a name="RTD">
                                          <RtData>c3EAfgAAdXEAfgADAAAAAnVxAH4ABQAAAAF0ABJbW2lhOlN1ZGFuIGRlbCBTdWR1cQB+AAUAAAABdAACXV0=</RtData>
                                       </ptk:a>
                                       <target>ia:Sudan del Sud</target>
                                       <prefix/>
                                       <postfix/>
                                       <title>
                                          <LinkTitle>
                                             <content>
                                                <ptk:l/>
                                             </content>
                                          </LinkTitle>
                                       </title>
                                    </InternalLink>
                                    <Whitespace>
                                       <hasNewline>true</hasNewline>
                                       <content>
                                          <ptk:l>
                                             <ptk:t>
</ptk:t>
                                          </ptk:l>
                                       </content>
                                    </Whitespace>
                                    <InternalLink location="Target:227:3">
                                       <ptk:a name="RTD">
                                          <RtData>c3EAfgAAdXEAfgADAAAAAnVxAH4ABQAAAAF0ABJbW2lkOlN1ZGFuIFNlbGF0YW51cQB+AAUAAAABdAACXV0=</RtData>
                                       </ptk:a>
                                       <target>id:Sudan Selatan</target>
                                       <prefix/>
                                       <postfix/>
                                       <title>
                                          <LinkTitle>
                                             <content>
                                                <ptk:l/>
                                             </content>
                                          </LinkTitle>
                                       </title>
                                    </InternalLink>
                                    <Whitespace>
                                       <hasNewline>true</hasNewline>
                                       <content>
                                          <ptk:l>
                                             <ptk:t>
</ptk:t>
                                          </ptk:l>
                                       </content>
                                    </Whitespace>
                                    <InternalLink location="Target:228:3">
                                       <ptk:a name="RTD">
                                          <RtData>c3EAfgAAdXEAfgADAAAAAnVxAH4ABQAAAAF0AA5bW2llOlN1ZC1TdWRhbnVxAH4ABQAAAAF0AAJdXQ==</RtData>
                                       </ptk:a>
                                       <target>ie:Sud-Sudan</target>
                                       <prefix/>
                                       <postfix/>
                                       <title>
                                          <LinkTitle>
                                             <content>
                                                <ptk:l/>
                                             </content>
                                          </LinkTitle>
                                       </title>
                                    </InternalLink>
                                    <Whitespace>
                                       <hasNewline>true</hasNewline>
                                       <content>
                                          <ptk:l>
                                             <ptk:t>
</ptk:t>
                                          </ptk:l>
                                       </content>
                                    </Whitespace>
                                    <InternalLink location="Target:229:3">
                                       <ptk:a name="RTD">
                                          <RtData>c3EAfgAAdXEAfgADAAAAAnVxAH4ABQAAAAF0AA5bW2lvOlN1ZC1TdWRhbnVxAH4ABQAAAAF0AAJdXQ==</RtData>
                                       </ptk:a>
                                       <target>io:Sud-Sudan</target>
                                       <prefix/>
                                       <postfix/>
                                       <title>
                                          <LinkTitle>
                                             <content>
                                                <ptk:l/>
                                             </content>
                                          </LinkTitle>
                                       </title>
                                    </InternalLink>
                                    <Whitespace>
                                       <hasNewline>true</hasNewline>
                                       <content>
                                          <ptk:l>
                                             <ptk:t>
</ptk:t>
                                          </ptk:l>
                                       </content>
                                    </Whitespace>
                                    <InternalLink location="Target:230:3">
                                       <ptk:a name="RTD">
                                          <RtData>c3EAfgAAdXEAfgADAAAAAnVxAH4ABQAAAAF0ABJbW2lzOlN1w7B1ci1Tw7pkYW51cQB+AAUAAAABdAACXV0=</RtData>
                                       </ptk:a>
                                       <target>is:Suður-Súdan</target>
                                       <prefix/>
                                       <postfix/>
                                       <title>
                                          <LinkTitle>
                                             <content>
                                                <ptk:l/>
                                             </content>
                                          </LinkTitle>
                                       </title>
                                    </InternalLink>
                                    <Whitespace>
                                       <hasNewline>true</hasNewline>
                                       <content>
                                          <ptk:l>
                                             <ptk:t>
</ptk:t>
                                          </ptk:l>
                                       </content>
                                    </Whitespace>
                                    <InternalLink location="Target:231:3">
                                       <ptk:a name="RTD">
                                          <RtData>c3EAfgAAdXEAfgADAAAAAnVxAH4ABQAAAAF0ABJbW2l0OlN1ZGFuIGRlbCBTdWR1cQB+AAUAAAABdAACXV0=</RtData>
                                       </ptk:a>
                                       <target>it:Sudan del Sud</target>
                                       <prefix/>
                                       <postfix/>
                                       <title>
                                          <LinkTitle>
                                             <content>
                                                <ptk:l/>
                                             </content>
                                          </LinkTitle>
                                       </title>
                                    </InternalLink>
                                    <Whitespace>
                                       <hasNewline>true</hasNewline>
                                       <content>
                                          <ptk:l>
                                             <ptk:t>
</ptk:t>
                                          </ptk:l>
                                       </content>
                                    </Whitespace>
                                    <InternalLink location="Target:232:3">
                                       <ptk:a name="RTD">
                                          <RtData>c3EAfgAAdXEAfgADAAAAAnVxAH4ABQAAAAF0ABRbW2phOuWNl+OCueODvOODgOODs3VxAH4ABQAAAAF0AAJdXQ==</RtData>
                                       </ptk:a>
                                       <target>ja:南スーダン</target>
                                       <prefix/>
                                       <postfix/>
                                       <title>
                                          <LinkTitle>
                                             <content>
                                                <ptk:l/>
                                             </content>
                                          </LinkTitle>
                                       </title>
                                    </InternalLink>
                                    <Whitespace>
                                       <hasNewline>true</hasNewline>
                                       <content>
                                          <ptk:l>
                                             <ptk:t>
</ptk:t>
                                          </ptk:l>
                                       </content>
                                    </Whitespace>
                                    <InternalLink location="Target:233:3">
                                       <ptk:a name="RTD">
                                          <RtData>c3EAfgAAdXEAfgADAAAAAnVxAH4ABQAAAAF0ABBbW2p2OlN1ZGFuIEtpZHVsdXEAfgAFAAAAAXQAAl1d</RtData>
                                       </ptk:a>
                                       <target>jv:Sudan Kidul</target>
                                       <prefix/>
                                       <postfix/>
                                       <title>
                                          <LinkTitle>
                                             <content>
                                                <ptk:l/>
                                             </content>
                                          </LinkTitle>
                                       </title>
                                    </InternalLink>
                                    <Whitespace>
                                       <hasNewline>true</hasNewline>
                                       <content>
                                          <ptk:l>
                                             <ptk:t>
</ptk:t>
                                          </ptk:l>
                                       </content>
                                    </Whitespace>
                                    <InternalLink location="Target:234:3">
                                       <ptk:a name="RTD">
                                          <RtData>c3EAfgAAdXEAfgADAAAAAnVxAH4ABQAAAAF0ADBbW2thOuGDoeGDkOGDm+GDruGDoOGDlOGDl+GDmCDhg6Hhg6Phg5Phg5Dhg5zhg5h1cQB+AAUAAAABdAACXV0=</RtData>
                                       </ptk:a>
                                       <target>ka:სამხრეთი სუდანი</target>
                                       <prefix/>
                                       <postfix/>
                                       <title>
                                          <LinkTitle>
                                             <content>
                                                <ptk:l/>
                                             </content>
                                          </LinkTitle>
                                       </title>
                                    </InternalLink>
                                    <Whitespace>
                                       <hasNewline>true</hasNewline>
                                       <content>
                                          <ptk:l>
                                             <ptk:t>
</ptk:t>
                                          </ptk:l>
                                       </content>
                                    </Whitespace>
                                    <InternalLink location="Target:235:3">
                                       <ptk:a name="RTD">
                                          <RtData>c3EAfgAAdXEAfgADAAAAAnVxAH4ABQAAAAF0ABFbW2thYTpRdWJsYSBTdWRhbnVxAH4ABQAAAAF0AAJdXQ==</RtData>
                                       </ptk:a>
                                       <target>kaa:Qubla Sudan</target>
                                       <prefix/>
                                       <postfix/>
                                       <title>
                                          <LinkTitle>
                                             <content>
                                                <ptk:l/>
                                             </content>
                                          </LinkTitle>
                                       </title>
                                    </InternalLink>
                                    <Whitespace>
                                       <hasNewline>true</hasNewline>
                                       <content>
                                          <ptk:l>
                                             <ptk:t>
</ptk:t>
                                          </ptk:l>
                                       </content>
                                    </Whitespace>
                                    <InternalLink location="Target:236:3">
                                       <ptk:a name="RTD">
                                          <RtData>c3EAfgAAdXEAfgADAAAAAnVxAH4ABQAAAAF0ACBbW2trOtCe0qPRgtKv0YHRgtGW0Log0KHRg9C00LDQvXVxAH4ABQAAAAF0AAJdXQ==</RtData>
                                       </ptk:a>
                                       <target>kk:Оңтүстік Судан</target>
                                       <prefix/>
                                       <postfix/>
                                       <title>
                                          <LinkTitle>
                                             <content>
                                                <ptk:l/>
                                             </content>
                                          </LinkTitle>
                                       </title>
                                    </InternalLink>
                                    <Whitespace>
                                       <hasNewline>true</hasNewline>
                                       <content>
                                          <ptk:l>
                                             <ptk:t>
</ptk:t>
                                          </ptk:l>
                                       </content>
                                    </Whitespace>
                                    <InternalLink location="Target:237:3">
                                       <ptk:a name="RTD">
                                          <RtData>c3EAfgAAdXEAfgADAAAAAnVxAH4ABQAAAAF0AA5bW2tvOuuCqOyImOuLqHVxAH4ABQAAAAF0AAJdXQ==</RtData>
                                       </ptk:a>
                                       <target>ko:남수단</target>
                                       <prefix/>
                                       <postfix/>
                                       <title>
                                          <LinkTitle>
                                             <content>
                                                <ptk:l/>
                                             </content>
                                          </LinkTitle>
                                       </title>
                                    </InternalLink>
                                    <Whitespace>
                                       <hasNewline>true</hasNewline>
                                       <content>
                                          <ptk:l>
                                             <ptk:t>
</ptk:t>
                                          </ptk:l>
                                       </content>
                                    </Whitespace>
                                    <InternalLink location="Target:238:3">
                                       <ptk:a name="RTD">
                                          <RtData>c3EAfgAAdXEAfgADAAAAAnVxAH4ABQAAAAF0AB1bW2tvaTrQm9GD0L3QstGL0LIg0KHRg9C00LDQvXVxAH4ABQAAAAF0AAJdXQ==</RtData>
                                       </ptk:a>
                                       <target>koi:Лунвыв Судан</target>
                                       <prefix/>
                                       <postfix/>
                                       <title>
                                          <LinkTitle>
                                             <content>
                                                <ptk:l/>
                                             </content>
                                          </LinkTitle>
                                       </title>
                                    </InternalLink>
                                    <Whitespace>
                                       <hasNewline>true</hasNewline>
                                       <content>
                                          <ptk:l>
                                             <ptk:t>
</ptk:t>
                                          </ptk:l>
                                       </content>
                                    </Whitespace>
                                    <InternalLink location="Target:239:3">
                                       <ptk:a name="RTD">
                                          <RtData>c3EAfgAAdXEAfgADAAAAAnVxAH4ABQAAAAF0AA9bW2tzaDpTw7xkc3VkYW51cQB+AAUAAAABdAACXV0=</RtData>
                                       </ptk:a>
                                       <target>ksh:Südsudan</target>
                                       <prefix/>
                                       <postfix/>
                                       <title>
                                          <LinkTitle>
                                             <content>
                                                <ptk:l/>
                                             </content>
                                          </LinkTitle>
                                       </title>
                                    </InternalLink>
                                    <Whitespace>
                                       <hasNewline>true</hasNewline>
                                       <content>
                                          <ptk:l>
                                             <ptk:t>
</ptk:t>
                                          </ptk:l>
                                       </content>
                                    </Whitespace>
                                    <InternalLink location="Target:240:3">
                                       <ptk:a name="RTD">
                                          <RtData>c3EAfgAAdXEAfgADAAAAAnVxAH4ABQAAAAF0ABRbW2t1OlPDu2RhbmEgQmHFn8O7cnVxAH4ABQAAAAF0AAJdXQ==</RtData>
                                       </ptk:a>
                                       <target>ku:Sûdana Başûr</target>
                                       <prefix/>
                                       <postfix/>
                                       <title>
                                          <LinkTitle>
                                             <content>
                                                <ptk:l/>
                                             </content>
                                          </LinkTitle>
                                       </title>
                                    </InternalLink>
                                    <Whitespace>
                                       <hasNewline>true</hasNewline>
                                       <content>
                                          <ptk:l>
                                             <ptk:t>
</ptk:t>
                                          </ptk:l>
                                       </content>
                                    </Whitespace>
                                    <InternalLink location="Target:241:3">
                                       <ptk:a name="RTD">
                                          <RtData>c3EAfgAAdXEAfgADAAAAAnVxAH4ABQAAAAF0ABxbW2t2OtCb0YPQvdCy0YvQsiDQodGD0LTQsNC9dXEAfgAFAAAAAXQAAl1d</RtData>
                                       </ptk:a>
                                       <target>kv:Лунвыв Судан</target>
                                       <prefix/>
                                       <postfix/>
                                       <title>
                                          <LinkTitle>
                                             <content>
                                                <ptk:l/>
                                             </content>
                                          </LinkTitle>
                                       </title>
                                    </InternalLink>
                                    <Whitespace>
                                       <hasNewline>true</hasNewline>
                                       <content>
                                          <ptk:l>
                                             <ptk:t>
</ptk:t>
                                          </ptk:l>
                                       </content>
                                    </Whitespace>
                                    <InternalLink location="Target:242:3">
                                       <ptk:a name="RTD">
                                          <RtData>c3EAfgAAdXEAfgADAAAAAnVxAH4ABQAAAAF0ABBbW2t3OlNvdWRhbiBTb3RodXEAfgAFAAAAAXQAAl1d</RtData>
                                       </ptk:a>
                                       <target>kw:Soudan Soth</target>
                                       <prefix/>
                                       <postfix/>
                                       <title>
                                          <LinkTitle>
                                             <content>
                                                <ptk:l/>
                                             </content>
                                          </LinkTitle>
                                       </title>
                                    </InternalLink>
                                    <Whitespace>
                                       <hasNewline>true</hasNewline>
                                       <content>
                                          <ptk:l>
                                             <ptk:t>
</ptk:t>
                                          </ptk:l>
                                       </content>
                                    </Whitespace>
                                    <InternalLink location="Target:243:3">
                                       <ptk:a name="RTD">
                                          <RtData>c3EAfgAAdXEAfgADAAAAAnVxAH4ABQAAAAF0ABZbW2xhOlN1ZGFuaWEgQXVzdHJhbGlzdXEAfgAFAAAAAXQAAl1d</RtData>
                                       </ptk:a>
                                       <target>la:Sudania Australis</target>
                                       <prefix/>
                                       <postfix/>
                                       <title>
                                          <LinkTitle>
                                             <content>
                                                <ptk:l/>
                                             </content>
                                          </LinkTitle>
                                       </title>
                                    </InternalLink>
                                    <Whitespace>
                                       <hasNewline>true</hasNewline>
                                       <content>
                                          <ptk:l>
                                             <ptk:t>
</ptk:t>
                                          </ptk:l>
                                       </content>
                                    </Whitespace>
                                    <InternalLink location="Target:244:3">
                                       <ptk:a name="RTD">
                                          <RtData>c3EAfgAAdXEAfgADAAAAAnVxAH4ABQAAAAF0ABNbW2xhZDpTdWRhbiBkZWwgU3VkdXEAfgAFAAAAAXQAAl1d</RtData>
                                       </ptk:a>
                                       <target>lad:Sudan del Sud</target>
                                       <prefix/>
                                       <postfix/>
                                       <title>
                                          <LinkTitle>
                                             <content>
                                                <ptk:l/>
                                             </content>
                                          </LinkTitle>
                                       </title>
                                    </InternalLink>
                                    <Whitespace>
                                       <hasNewline>true</hasNewline>
                                       <content>
                                          <ptk:l>
                                             <ptk:t>
</ptk:t>
                                          </ptk:l>
                                       </content>
                                    </Whitespace>
                                    <InternalLink location="Target:245:3">
                                       <ptk:a name="RTD">
                                          <RtData>c3EAfgAAdXEAfgADAAAAAnVxAH4ABQAAAAF0AA5bW2xiOlPDvGRzdWRhbnVxAH4ABQAAAAF0AAJdXQ==</RtData>
                                       </ptk:a>
                                       <target>lb:Südsudan</target>
                                       <prefix/>
                                       <postfix/>
                                       <title>
                                          <LinkTitle>
                                             <content>
                                                <ptk:l/>
                                             </content>
                                          </LinkTitle>
                                       </title>
                                    </InternalLink>
                                    <Whitespace>
                                       <hasNewline>true</hasNewline>
                                       <content>
                                          <ptk:l>
                                             <ptk:t>
</ptk:t>
                                          </ptk:l>
                                       </content>
                                    </Whitespace>
                                    <InternalLink location="Target:246:3">
                                       <ptk:a name="RTD">
                                          <RtData>c3EAfgAAdXEAfgADAAAAAnVxAH4ABQAAAAF0ACNbW2xiZTrQmtGM0LjQu9Cy0LDQu9GD0Lsg0KHRg9C00LDQvXVxAH4ABQAAAAF0AAJdXQ==</RtData>
                                       </ptk:a>
                                       <target>lbe:Кьилвалул Судан</target>
                                       <prefix/>
                                       <postfix/>
                                       <title>
                                          <LinkTitle>
                                             <content>
                                                <ptk:l/>
                                             </content>
                                          </LinkTitle>
                                       </title>
                                    </InternalLink>
                                    <Whitespace>
                                       <hasNewline>true</hasNewline>
                                       <content>
                                          <ptk:l>
                                             <ptk:t>
</ptk:t>
                                          </ptk:l>
                                       </content>
                                    </Whitespace>
                                    <InternalLink location="Target:247:3">
                                       <ptk:a name="RTD">
                                          <RtData>c3EAfgAAdXEAfgADAAAAAnVxAH4ABQAAAAF0ABBbW2xpOlp1aWQtU29lZGFudXEAfgAFAAAAAXQAAl1d</RtData>
                                       </ptk:a>
                                       <target>li:Zuid-Soedan</target>
                                       <prefix/>
                                       <postfix/>
                                       <title>
                                          <LinkTitle>
                                             <content>
                                                <ptk:l/>
                                             </content>
                                          </LinkTitle>
                                       </title>
                                    </InternalLink>
                                    <Whitespace>
                                       <hasNewline>true</hasNewline>
                                       <content>
                                          <ptk:l>
                                             <ptk:t>
</ptk:t>
                                          </ptk:l>
                                       </content>
                                    </Whitespace>
                                    <InternalLink location="Target:248:3">
                                       <ptk:a name="RTD">
                                          <RtData>c3EAfgAAdXEAfgADAAAAAnVxAH4ABQAAAAF0ABJbW2xpajpTdWRhbiBkbyBTdWR1cQB+AAUAAAABdAACXV0=</RtData>
                                       </ptk:a>
                                       <target>lij:Sudan do Sud</target>
                                       <prefix/>
                                       <postfix/>
                                       <title>
                                          <LinkTitle>
                                             <content>
                                                <ptk:l/>
                                             </content>
                                          </LinkTitle>
                                       </title>
                                    </InternalLink>
                                    <Whitespace>
                                       <hasNewline>true</hasNewline>
                                       <content>
                                          <ptk:l>
                                             <ptk:t>
</ptk:t>
                                          </ptk:l>
                                       </content>
                                    </Whitespace>
                                    <InternalLink location="Target:249:3">
                                       <ptk:a name="RTD">
                                          <RtData>c3EAfgAAdXEAfgADAAAAAnVxAH4ABQAAAAF0ABBbW2xtbzpTw7xkIFN1ZGFudXEAfgAFAAAAAXQAAl1d</RtData>
                                       </ptk:a>
                                       <target>lmo:Süd Sudan</target>
                                       <prefix/>
                                       <postfix/>
                                       <title>
                                          <LinkTitle>
                                             <content>
                                                <ptk:l/>
                                             </content>
                                          </LinkTitle>
                                       </title>
                                    </InternalLink>
                                    <Whitespace>
                                       <hasNewline>true</hasNewline>
                                       <content>
                                          <ptk:l>
                                             <ptk:t>
</ptk:t>
                                          </ptk:l>
                                       </content>
                                    </Whitespace>
                                    <InternalLink location="Target:250:3">
                                       <ptk:a name="RTD">
                                          <RtData>c3EAfgAAdXEAfgADAAAAAnVxAH4ABQAAAAF0ABNbW2x0OlBpZXTFsyBTdWRhbmFzdXEAfgAFAAAAAXQAAl1d</RtData>
                                       </ptk:a>
                                       <target>lt:Pietų Sudanas</target>
                                       <prefix/>
                                       <postfix/>
                                       <title>
                                          <LinkTitle>
                                             <content>
                                                <ptk:l/>
                                             </content>
                                          </LinkTitle>
                                       </title>
                                    </InternalLink>
                                    <Whitespace>
                                       <hasNewline>true</hasNewline>
                                       <content>
                                          <ptk:l>
                                             <ptk:t>
</ptk:t>
                                          </ptk:l>
                                       </content>
                                    </Whitespace>
                                    <InternalLink location="Target:251:3">
                                       <ptk:a name="RTD">
                                          <RtData>c3EAfgAAdXEAfgADAAAAAnVxAH4ABQAAAAF0ABNbW2x2OkRpZW52aWRzdWTEgW5hdXEAfgAFAAAAAXQAAl1d</RtData>
                                       </ptk:a>
                                       <target>lv:Dienvidsudāna</target>
                                       <prefix/>
                                       <postfix/>
                                       <title>
                                          <LinkTitle>
                                             <content>
                                                <ptk:l/>
                                             </content>
                                          </LinkTitle>
                                       </title>
                                    </InternalLink>
                                    <Whitespace>
                                       <hasNewline>true</hasNewline>
                                       <content>
                                          <ptk:l>
                                             <ptk:t>
</ptk:t>
                                          </ptk:l>
                                       </content>
                                    </Whitespace>
                                    <InternalLink location="Target:252:3">
                                       <ptk:a name="RTD">
                                          <RtData>c3EAfgAAdXEAfgADAAAAAnVxAH4ABQAAAAF0ACdbW21kZjrQm9GP0LzQsdC10YjQuNGA0LXQvdGMINCh0YPQtNCw0L11cQB+AAUAAAABdAACXV0=</RtData>
                                       </ptk:a>
                                       <target>mdf:Лямбеширень Судан</target>
                                       <prefix/>
                                       <postfix/>
                                       <title>
                                          <LinkTitle>
                                             <content>
                                                <ptk:l/>
                                             </content>
                                          </LinkTitle>
                                       </title>
                                    </InternalLink>
                                    <Whitespace>
                                       <hasNewline>true</hasNewline>
                                       <content>
                                          <ptk:l>
                                             <ptk:t>
</ptk:t>
                                          </ptk:l>
                                       </content>
                                    </Whitespace>
                                    <InternalLink location="Target:253:3">
                                       <ptk:a name="RTD">
                                          <RtData>c3EAfgAAdXEAfgADAAAAAnVxAH4ABQAAAAF0ABpbW21rOtCI0YPQttC10L0g0KHRg9C00LDQvXVxAH4ABQAAAAF0AAJdXQ==</RtData>
                                       </ptk:a>
                                       <target>mk:Јужен Судан</target>
                                       <prefix/>
                                       <postfix/>
                                       <title>
                                          <LinkTitle>
                                             <content>
                                                <ptk:l/>
                                             </content>
                                          </LinkTitle>
                                       </title>
                                    </InternalLink>
                                    <Whitespace>
                                       <hasNewline>true</hasNewline>
                                       <content>
                                          <ptk:l>
                                             <ptk:t>
</ptk:t>
                                          </ptk:l>
                                       </content>
                                    </Whitespace>
                                    <InternalLink location="Target:254:3">
                                       <ptk:a name="RTD">
                                          <RtData>c3EAfgAAdXEAfgADAAAAAnVxAH4ABQAAAAF0ACdbW21sOuC0puC0leC1jeC0t+C0v+C0oyDgtLjgtYHgtKHgtL7gtbt1cQB+AAUAAAABdAACXV0=</RtData>
                                       </ptk:a>
                                       <target>ml:ദക്ഷിണ സുഡാൻ</target>
                                       <prefix/>
                                       <postfix/>
                                       <title>
                                          <LinkTitle>
                                             <content>
                                                <ptk:l/>
                                             </content>
                                          </LinkTitle>
                                       </title>
                                    </InternalLink>
                                    <Whitespace>
                                       <hasNewline>true</hasNewline>
                                       <content>
                                          <ptk:l>
                                             <ptk:t>
</ptk:t>
                                          </ptk:l>
                                       </content>
                                    </Whitespace>
                                    <InternalLink location="Target:255:3">
                                       <ptk:a name="RTD">
                                          <RtData>c3EAfgAAdXEAfgADAAAAAnVxAH4ABQAAAAF0ACdbW21yOuCkpuCkleCljeCkt+Ckv+CkoyDgpLjgpYHgpKbgpL7gpKh1cQB+AAUAAAABdAACXV0=</RtData>
                                       </ptk:a>
                                       <target>mr:दक्षिण सुदान</target>
                                       <prefix/>
                                       <postfix/>
                                       <title>
                                          <LinkTitle>
                                             <content>
                                                <ptk:l/>
                                             </content>
                                          </LinkTitle>
                                       </title>
                                    </InternalLink>
                                    <Whitespace>
                                       <hasNewline>true</hasNewline>
                                       <content>
                                          <ptk:l>
                                             <ptk:t>
</ptk:t>
                                          </ptk:l>
                                       </content>
                                    </Whitespace>
                                    <InternalLink location="Target:256:3">
                                       <ptk:a name="RTD">
                                          <RtData>c3EAfgAAdXEAfgADAAAAAnVxAH4ABQAAAAF0ACVbW21yajrQmtC10YfTudCy05PQu9Cy0LXQuyDQodGD0LTQsNC9dXEAfgAFAAAAAXQAAl1d</RtData>
                                       </ptk:a>
                                       <target>mrj:Кечӹвӓлвел Судан</target>
                                       <prefix/>
                                       <postfix/>
                                       <title>
                                          <LinkTitle>
                                             <content>
                                                <ptk:l/>
                                             </content>
                                          </LinkTitle>
                                       </title>
                                    </InternalLink>
                                    <Whitespace>
                                       <hasNewline>true</hasNewline>
                                       <content>
                                          <ptk:l>
                                             <ptk:t>
</ptk:t>
                                          </ptk:l>
                                       </content>
                                    </Whitespace>
                                    <InternalLink location="Target:257:3">
                                       <ptk:a name="RTD">
                                          <RtData>c3EAfgAAdXEAfgADAAAAAnVxAH4ABQAAAAF0ABJbW21zOlN1ZGFuIFNlbGF0YW51cQB+AAUAAAABdAACXV0=</RtData>
                                       </ptk:a>
                                       <target>ms:Sudan Selatan</target>
                                       <prefix/>
                                       <postfix/>
                                       <title>
                                          <LinkTitle>
                                             <content>
                                                <ptk:l/>
                                             </content>
                                          </LinkTitle>
                                       </title>
                                    </InternalLink>
                                    <Whitespace>
                                       <hasNewline>true</hasNewline>
                                       <content>
                                          <ptk:l>
                                             <ptk:t>
</ptk:t>
                                          </ptk:l>
                                       </content>
                                    </Whitespace>
                                    <InternalLink location="Target:258:3">
                                       <ptk:a name="RTD">
                                          <RtData>c3EAfgAAdXEAfgADAAAAAnVxAH4ABQAAAAF0ADhbW215OuGAkOGAseGArOGAhOGAuuGAhuGAsOGAkuGAlOGAuuGAlOGAreGAr+GAhOGAuuGAhOGAtnVxAH4ABQAAAAF0AAJdXQ==</RtData>
                                       </ptk:a>
                                       <target>my:တောင်ဆူဒန်နိုင်ငံ</target>
                                       <prefix/>
                                       <postfix/>
                                       <title>
                                          <LinkTitle>
                                             <content>
                                                <ptk:l/>
                                             </content>
                                          </LinkTitle>
                                       </title>
                                    </InternalLink>
                                    <Whitespace>
                                       <hasNewline>true</hasNewline>
                                       <content>
                                          <ptk:l>
                                             <ptk:t>
</ptk:t>
                                          </ptk:l>
                                       </content>
                                    </Whitespace>
                                    <InternalLink location="Target:259:3">
                                       <ptk:a name="RTD">
                                          <RtData>c3EAfgAAdXEAfgADAAAAAnVxAH4ABQAAAAF0ABtbW216bjrYrNmG2YjYqNuMINiz2YjYr9in2YZ1cQB+AAUAAAABdAACXV0=</RtData>
                                       </ptk:a>
                                       <target>mzn:جنوبی سودان</target>
                                       <prefix/>
                                       <postfix/>
                                       <title>
                                          <LinkTitle>
                                             <content>
                                                <ptk:l/>
                                             </content>
                                          </LinkTitle>
                                       </title>
                                    </InternalLink>
                                    <Whitespace>
                                       <hasNewline>true</hasNewline>
                                       <content>
                                          <ptk:l>
                                             <ptk:t>
</ptk:t>
                                          </ptk:l>
                                       </content>
                                    </Whitespace>
                                    <InternalLink location="Target:260:3">
                                       <ptk:a name="RTD">
                                          <RtData>c3EAfgAAdXEAfgADAAAAAnVxAH4ABQAAAAF0ABBbW25hOlNvdXRoIFN1ZGFudXEAfgAFAAAAAXQAAl1d</RtData>
                                       </ptk:a>
                                       <target>na:South Sudan</target>
                                       <prefix/>
                                       <postfix/>
                                       <title>
                                          <LinkTitle>
                                             <content>
                                                <ptk:l/>
                                             </content>
                                          </LinkTitle>
                                       </title>
                                    </InternalLink>
                                    <Whitespace>
                                       <hasNewline>true</hasNewline>
                                       <content>
                                          <ptk:l>
                                             <ptk:t>
</ptk:t>
                                          </ptk:l>
                                       </content>
                                    </Whitespace>
                                    <InternalLink location="Target:261:3">
                                       <ptk:a name="RTD">
                                          <RtData>c3EAfgAAdXEAfgADAAAAAnVxAH4ABQAAAAF0ABhbW25haDpTdWRhbiBIdWl0enRsxIFtcGF1cQB+AAUAAAABdAACXV0=</RtData>
                                       </ptk:a>
                                       <target>nah:Sudan Huitztlāmpa</target>
                                       <prefix/>
                                       <postfix/>
                                       <title>
                                          <LinkTitle>
                                             <content>
                                                <ptk:l/>
                                             </content>
                                          </LinkTitle>
                                       </title>
                                    </InternalLink>
                                    <Whitespace>
                                       <hasNewline>true</hasNewline>
                                       <content>
                                          <ptk:l>
                                             <ptk:t>
</ptk:t>
                                          </ptk:l>
                                       </content>
                                    </Whitespace>
                                    <InternalLink location="Target:262:3">
                                       <ptk:a name="RTD">
                                          <RtData>c3EAfgAAdXEAfgADAAAAAnVxAH4ABQAAAAF0ABFbW25kczpTw7zDvGRzdWRhbnVxAH4ABQAAAAF0AAJdXQ==</RtData>
                                       </ptk:a>
                                       <target>nds:Süüdsudan</target>
                                       <prefix/>
                                       <postfix/>
                                       <title>
                                          <LinkTitle>
                                             <content>
                                                <ptk:l/>
                                             </content>
                                          </LinkTitle>
                                       </title>
                                    </InternalLink>
                                    <Whitespace>
                                       <hasNewline>true</hasNewline>
                                       <content>
                                          <ptk:l>
                                             <ptk:t>
</ptk:t>
                                          </ptk:l>
                                       </content>
                                    </Whitespace>
                                    <InternalLink location="Target:263:3">
                                       <ptk:a name="RTD">
                                          <RtData>c3EAfgAAdXEAfgADAAAAAnVxAH4ABQAAAAF0ABNbW25kcy1ubDpadXVkc29lZGFudXEAfgAFAAAAAXQAAl1d</RtData>
                                       </ptk:a>
                                       <target>nds-nl:Zuudsoedan</target>
                                       <prefix/>
                                       <postfix/>
                                       <title>
                                          <LinkTitle>
                                             <content>
                                                <ptk:l/>
                                             </content>
                                          </LinkTitle>
                                       </title>
                                    </InternalLink>
                                    <Whitespace>
                                       <hasNewline>true</hasNewline>
                                       <content>
                                          <ptk:l>
                                             <ptk:t>
</ptk:t>
                                          </ptk:l>
                                       </content>
                                    </Whitespace>
                                    <InternalLink location="Target:264:3">
                                       <ptk:a name="RTD">
                                          <RtData>c3EAfgAAdXEAfgADAAAAAnVxAH4ABQAAAAF0ABBbW25sOlp1aWQtU29lZGFudXEAfgAFAAAAAXQAAl1d</RtData>
                                       </ptk:a>
                                       <target>nl:Zuid-Soedan</target>
                                       <prefix/>
                                       <postfix/>
                                       <title>
                                          <LinkTitle>
                                             <content>
                                                <ptk:l/>
                                             </content>
                                          </LinkTitle>
                                       </title>
                                    </InternalLink>
                                    <Whitespace>
                                       <hasNewline>true</hasNewline>
                                       <content>
                                          <ptk:l>
                                             <ptk:t>
</ptk:t>
                                          </ptk:l>
                                       </content>
                                    </Whitespace>
                                    <InternalLink location="Target:265:3">
                                       <ptk:a name="RTD">
                                          <RtData>c3EAfgAAdXEAfgADAAAAAnVxAH4ABQAAAAF0AA9bW25uOlPDuHItU3VkYW51cQB+AAUAAAABdAACXV0=</RtData>
                                       </ptk:a>
                                       <target>nn:Sør-Sudan</target>
                                       <prefix/>
                                       <postfix/>
                                       <title>
                                          <LinkTitle>
                                             <content>
                                                <ptk:l/>
                                             </content>
                                          </LinkTitle>
                                       </title>
                                    </InternalLink>
                                    <Whitespace>
                                       <hasNewline>true</hasNewline>
                                       <content>
                                          <ptk:l>
                                             <ptk:t>
</ptk:t>
                                          </ptk:l>
                                       </content>
                                    </Whitespace>
                                    <InternalLink location="Target:266:3">
                                       <ptk:a name="RTD">
                                          <RtData>c3EAfgAAdXEAfgADAAAAAnVxAH4ABQAAAAF0AA9bW25vOlPDuHItU3VkYW51cQB+AAUAAAABdAACXV0=</RtData>
                                       </ptk:a>
                                       <target>no:Sør-Sudan</target>
                                       <prefix/>
                                       <postfix/>
                                       <title>
                                          <LinkTitle>
                                             <content>
                                                <ptk:l/>
                                             </content>
                                          </LinkTitle>
                                       </title>
                                    </InternalLink>
                                    <Whitespace>
                                       <hasNewline>true</hasNewline>
                                       <content>
                                          <ptk:l>
                                             <ptk:t>
</ptk:t>
                                          </ptk:l>
                                       </content>
                                    </Whitespace>
                                    <InternalLink location="Target:267:3">
                                       <ptk:a name="RTD">
                                          <RtData>c3EAfgAAdXEAfgADAAAAAnVxAH4ABQAAAAF0ACBbW252OlNow6Fkacq8w6HDoWhqw60gU29vZMSFzIHEhXVxAH4ABQAAAAF0AAJdXQ==</RtData>
                                       </ptk:a>
                                       <target>nv:Shádiʼááhjí Soodą́ą</target>
                                       <prefix/>
                                       <postfix/>
                                       <title>
                                          <LinkTitle>
                                             <content>
                                                <ptk:l/>
                                             </content>
                                          </LinkTitle>
                                       </title>
                                    </InternalLink>
                                    <Whitespace>
                                       <hasNewline>true</hasNewline>
                                       <content>
                                          <ptk:l>
                                             <ptk:t>
</ptk:t>
                                          </ptk:l>
                                       </content>
                                    </Whitespace>
                                    <InternalLink location="Target:268:3">
                                       <ptk:a name="RTD">
                                          <RtData>c3EAfgAAdXEAfgADAAAAAnVxAH4ABQAAAAF0ABJbW29jOlNvZGFuIGRlbCBTdWR1cQB+AAUAAAABdAACXV0=</RtData>
                                       </ptk:a>
                                       <target>oc:Sodan del Sud</target>
                                       <prefix/>
                                       <postfix/>
                                       <title>
                                          <LinkTitle>
                                             <content>
                                                <ptk:l/>
                                             </content>
                                          </LinkTitle>
                                       </title>
                                    </InternalLink>
                                    <Whitespace>
                                       <hasNewline>true</hasNewline>
                                       <content>
                                          <ptk:l>
                                             <ptk:t>
</ptk:t>
                                          </ptk:l>
                                       </content>
                                    </Whitespace>
                                    <InternalLink location="Target:269:3">
                                       <ptk:a name="RTD">
                                          <RtData>c3EAfgAAdXEAfgADAAAAAnVxAH4ABQAAAAF0ACdbW29yOuCspuCsleCtjeCst+Csv+CsqCDgrLjgrYHgrKbgrL7grKh1cQB+AAUAAAABdAACXV0=</RtData>
                                       </ptk:a>
                                       <target>or:ଦକ୍ଷିନ ସୁଦାନ</target>
                                       <prefix/>
                                       <postfix/>
                                       <title>
                                          <LinkTitle>
                                             <content>
                                                <ptk:l/>
                                             </content>
                                          </LinkTitle>
                                       </title>
                                    </InternalLink>
                                    <Whitespace>
                                       <hasNewline>true</hasNewline>
                                       <content>
                                          <ptk:l>
                                             <ptk:t>
</ptk:t>
                                          </ptk:l>
                                       </content>
                                    </Whitespace>
                                    <InternalLink location="Target:270:3">
                                       <ptk:a name="RTD">
                                          <RtData>c3EAfgAAdXEAfgADAAAAAnVxAH4ABQAAAAF0ABZbW3BsOlN1ZGFuIFBvxYJ1ZG5pb3d5dXEAfgAFAAAAAXQAAl1d</RtData>
                                       </ptk:a>
                                       <target>pl:Sudan Południowy</target>
                                       <prefix/>
                                       <postfix/>
                                       <title>
                                          <LinkTitle>
                                             <content>
                                                <ptk:l/>
                                             </content>
                                          </LinkTitle>
                                       </title>
                                    </InternalLink>
                                    <Whitespace>
                                       <hasNewline>true</hasNewline>
                                       <content>
                                          <ptk:l>
                                             <ptk:t>
</ptk:t>
                                          </ptk:l>
                                       </content>
                                    </Whitespace>
                                    <InternalLink location="Target:271:3">
                                       <ptk:a name="RTD">
                                          <RtData>c3EAfgAAdXEAfgADAAAAAnVxAH4ABQAAAAF0ABlbW3BuYjrYr9qp2r7ZhiDYs9mI2ojYp9mGdXEAfgAFAAAAAXQAAl1d</RtData>
                                       </ptk:a>
                                       <target>pnb:دکھن سوڈان</target>
                                       <prefix/>
                                       <postfix/>
                                       <title>
                                          <LinkTitle>
                                             <content>
                                                <ptk:l/>
                                             </content>
                                          </LinkTitle>
                                       </title>
                                    </InternalLink>
                                    <Whitespace>
                                       <hasNewline>true</hasNewline>
                                       <content>
                                          <ptk:l>
                                             <ptk:t>
</ptk:t>
                                          </ptk:l>
                                       </content>
                                    </Whitespace>
                                    <InternalLink location="Target:272:3">
                                       <ptk:a name="RTD">
                                          <RtData>c3EAfgAAdXEAfgADAAAAAnVxAH4ABQAAAAF0ABpbW3BzOtiz2YjbkNmE2Yog2LPZiNqJ2KfZhnVxAH4ABQAAAAF0AAJdXQ==</RtData>
                                       </ptk:a>
                                       <target>ps:سوېلي سوډان</target>
                                       <prefix/>
                                       <postfix/>
                                       <title>
                                          <LinkTitle>
                                             <content>
                                                <ptk:l/>
                                             </content>
                                          </LinkTitle>
                                       </title>
                                    </InternalLink>
                                    <Whitespace>
                                       <hasNewline>true</hasNewline>
                                       <content>
                                          <ptk:l>
                                             <ptk:t>
</ptk:t>
                                          </ptk:l>
                                       </content>
                                    </Whitespace>
                                    <InternalLink location="Target:273:3">
                                       <ptk:a name="RTD">
                                          <RtData>c3EAfgAAdXEAfgADAAAAAnVxAH4ABQAAAAF0ABJbW3B0OlN1ZMOjbyBkbyBTdWx1cQB+AAUAAAABdAACXV0=</RtData>
                                       </ptk:a>
                                       <target>pt:Sudão do Sul</target>
                                       <prefix/>
                                       <postfix/>
                                       <title>
                                          <LinkTitle>
                                             <content>
                                                <ptk:l/>
                                             </content>
                                          </LinkTitle>
                                       </title>
                                    </InternalLink>
                                    <Whitespace>
                                       <hasNewline>true</hasNewline>
                                       <content>
                                          <ptk:l>
                                             <ptk:t>
</ptk:t>
                                          </ptk:l>
                                       </content>
                                    </Whitespace>
                                    <InternalLink location="Target:274:3">
                                       <ptk:a name="RTD">
                                          <RtData>c3EAfgAAdXEAfgADAAAAAnVxAH4ABQAAAAF0AA9bW3F1OlVyaW4gU3VkYW51cQB+AAUAAAABdAACXV0=</RtData>
                                       </ptk:a>
                                       <target>qu:Urin Sudan</target>
                                       <prefix/>
                                       <postfix/>
                                       <title>
                                          <LinkTitle>
                                             <content>
                                                <ptk:l/>
                                             </content>
                                          </LinkTitle>
                                       </title>
                                    </InternalLink>
                                    <Whitespace>
                                       <hasNewline>true</hasNewline>
                                       <content>
                                          <ptk:l>
                                             <ptk:t>
</ptk:t>
                                          </ptk:l>
                                       </content>
                                    </Whitespace>
                                    <InternalLink location="Target:275:3">
                                       <ptk:a name="RTD">
                                          <RtData>c3EAfgAAdXEAfgADAAAAAnVxAH4ABQAAAAF0ABJbW3JtOlN1ZGFuIGRhbCBTaWR1cQB+AAUAAAABdAACXV0=</RtData>
                                       </ptk:a>
                                       <target>rm:Sudan dal Sid</target>
                                       <prefix/>
                                       <postfix/>
                                       <title>
                                          <LinkTitle>
                                             <content>
                                                <ptk:l/>
                                             </content>
                                          </LinkTitle>
                                       </title>
                                    </InternalLink>
                                    <Whitespace>
                                       <hasNewline>true</hasNewline>
                                       <content>
                                          <ptk:l>
                                             <ptk:t>
</ptk:t>
                                          </ptk:l>
                                       </content>
                                    </Whitespace>
                                    <InternalLink location="Target:276:3">
                                       <ptk:a name="RTD">
                                          <RtData>c3EAfgAAdXEAfgADAAAAAnVxAH4ABQAAAAF0ABNbW3JvOlN1ZGFudWwgZGUgU3VkdXEAfgAFAAAAAXQAAl1d</RtData>
                                       </ptk:a>
                                       <target>ro:Sudanul de Sud</target>
                                       <prefix/>
                                       <postfix/>
                                       <title>
                                          <LinkTitle>
                                             <content>
                                                <ptk:l/>
                                             </content>
                                          </LinkTitle>
                                       </title>
                                    </InternalLink>
                                    <Whitespace>
                                       <hasNewline>true</hasNewline>
                                       <content>
                                          <ptk:l>
                                             <ptk:t>
</ptk:t>
                                          </ptk:l>
                                       </content>
                                    </Whitespace>
                                    <InternalLink location="Target:277:3">
                                       <ptk:a name="RTD">
                                          <RtData>c3EAfgAAdXEAfgADAAAAAnVxAH4ABQAAAAF0ABhbW3JvYS10YXJhOlN1ZGFuIGQndSBTdWR1cQB+AAUAAAABdAACXV0=</RtData>
                                       </ptk:a>
                                       <target>roa-tara:Sudan d'u Sud</target>
                                       <prefix/>
                                       <postfix/>
                                       <title>
                                          <LinkTitle>
                                             <content>
                                                <ptk:l/>
                                             </content>
                                          </LinkTitle>
                                       </title>
                                    </InternalLink>
                                    <Whitespace>
                                       <hasNewline>true</hasNewline>
                                       <content>
                                          <ptk:l>
                                             <ptk:t>
</ptk:t>
                                          </ptk:l>
                                       </content>
                                    </Whitespace>
                                    <InternalLink location="Target:278:3">
                                       <ptk:a name="RTD">
                                          <RtData>c3EAfgAAdXEAfgADAAAAAnVxAH4ABQAAAAF0ABpbW3J1OtCu0LbQvdGL0Lkg0KHRg9C00LDQvXVxAH4ABQAAAAF0AAJdXQ==</RtData>
                                       </ptk:a>
                                       <target>ru:Южный Судан</target>
                                       <prefix/>
                                       <postfix/>
                                       <title>
                                          <LinkTitle>
                                             <content>
                                                <ptk:l/>
                                             </content>
                                          </LinkTitle>
                                       </title>
                                    </InternalLink>
                                    <Whitespace>
                                       <hasNewline>true</hasNewline>
                                       <content>
                                          <ptk:l>
                                             <ptk:t>
</ptk:t>
                                          </ptk:l>
                                       </content>
                                    </Whitespace>
                                    <InternalLink location="Target:279:3">
                                       <ptk:a name="RTD">
                                          <RtData>c3EAfgAAdXEAfgADAAAAAnVxAH4ABQAAAAF0ABZbW3NjOlN1ZGFuIE1lcmlkaW9uYWxpdXEAfgAFAAAAAXQAAl1d</RtData>
                                       </ptk:a>
                                       <target>sc:Sudan Meridionali</target>
                                       <prefix/>
                                       <postfix/>
                                       <title>
                                          <LinkTitle>
                                             <content>
                                                <ptk:l/>
                                             </content>
                                          </LinkTitle>
                                       </title>
                                    </InternalLink>
                                    <Whitespace>
                                       <hasNewline>true</hasNewline>
                                       <content>
                                          <ptk:l>
                                             <ptk:t>
</ptk:t>
                                          </ptk:l>
                                       </content>
                                    </Whitespace>
                                    <InternalLink location="Target:280:3">
                                       <ptk:a name="RTD">
                                          <RtData>c3EAfgAAdXEAfgADAAAAAnVxAH4ABQAAAAF0ABNbW3NjbjpTdWRhbiBkw7sgU3VkdXEAfgAFAAAAAXQAAl1d</RtData>
                                       </ptk:a>
                                       <target>scn:Sudan dû Sud</target>
                                       <prefix/>
                                       <postfix/>
                                       <title>
                                          <LinkTitle>
                                             <content>
                                                <ptk:l/>
                                             </content>
                                          </LinkTitle>
                                       </title>
                                    </InternalLink>
                                    <Whitespace>
                                       <hasNewline>true</hasNewline>
                                       <content>
                                          <ptk:l>
                                             <ptk:t>
</ptk:t>
                                          </ptk:l>
                                       </content>
                                    </Whitespace>
                                    <InternalLink location="Target:281:3">
                                       <ptk:a name="RTD">
                                          <RtData>c3EAfgAAdXEAfgADAAAAAnVxAH4ABQAAAAF0ABFbW3NjbzpTb290aCBTdWRhbnVxAH4ABQAAAAF0AAJdXQ==</RtData>
                                       </ptk:a>
                                       <target>sco:Sooth Sudan</target>
                                       <prefix/>
                                       <postfix/>
                                       <title>
                                          <LinkTitle>
                                             <content>
                                                <ptk:l/>
                                             </content>
                                          </LinkTitle>
                                       </title>
                                    </InternalLink>
                                    <Whitespace>
                                       <hasNewline>true</hasNewline>
                                       <content>
                                          <ptk:l>
                                             <ptk:t>
</ptk:t>
                                          </ptk:l>
                                       </content>
                                    </Whitespace>
                                    <InternalLink location="Target:282:3">
                                       <ptk:a name="RTD">
                                          <RtData>c3EAfgAAdXEAfgADAAAAAnVxAH4ABQAAAAF0ABBbW3NlOkx1bGxpLVN1ZGFudXEAfgAFAAAAAXQAAl1d</RtData>
                                       </ptk:a>
                                       <target>se:Lulli-Sudan</target>
                                       <prefix/>
                                       <postfix/>
                                       <title>
                                          <LinkTitle>
                                             <content>
                                                <ptk:l/>
                                             </content>
                                          </LinkTitle>
                                       </title>
                                    </InternalLink>
                                    <Whitespace>
                                       <hasNewline>true</hasNewline>
                                       <content>
                                          <ptk:l>
                                             <ptk:t>
</ptk:t>
                                          </ptk:l>
                                       </content>
                                    </Whitespace>
                                    <InternalLink location="Target:283:3">
                                       <ptk:a name="RTD">
                                          <RtData>c3EAfgAAdXEAfgADAAAAAnVxAH4ABQAAAAF0ABNbW3NnOlN1ZMOkYW4tTWJvbmdvdXEAfgAFAAAAAXQAAl1d</RtData>
                                       </ptk:a>
                                       <target>sg:Sudäan-Mbongo</target>
                                       <prefix/>
                                       <postfix/>
                                       <title>
                                          <LinkTitle>
                                             <content>
                                                <ptk:l/>
                                             </content>
                                          </LinkTitle>
                                       </title>
                                    </InternalLink>
                                    <Whitespace>
                                       <hasNewline>true</hasNewline>
                                       <content>
                                          <ptk:l>
                                             <ptk:t>
</ptk:t>
                                          </ptk:l>
                                       </content>
                                    </Whitespace>
                                    <InternalLink location="Target:284:3">
                                       <ptk:a name="RTD">
                                          <RtData>c3EAfgAAdXEAfgADAAAAAnVxAH4ABQAAAAF0ABFbW3NoOkp1xb5uaSBTdWRhbnVxAH4ABQAAAAF0AAJdXQ==</RtData>
                                       </ptk:a>
                                       <target>sh:Južni Sudan</target>
                                       <prefix/>
                                       <postfix/>
                                       <title>
                                          <LinkTitle>
                                             <content>
                                                <ptk:l/>
                                             </content>
                                          </LinkTitle>
                                       </title>
                                    </InternalLink>
                                    <Whitespace>
                                       <hasNewline>true</hasNewline>
                                       <content>
                                          <ptk:l>
                                             <ptk:t>
</ptk:t>
                                          </ptk:l>
                                       </content>
                                    </Whitespace>
                                    <InternalLink location="Target:285:3">
                                       <ptk:a name="RTD">
                                          <RtData>c3EAfgAAdXEAfgADAAAAAnVxAH4ABQAAAAF0ABRbW3NpbXBsZTpTb3V0aCBTdWRhbnVxAH4ABQAAAAF0AAJdXQ==</RtData>
                                       </ptk:a>
                                       <target>simple:South Sudan</target>
                                       <prefix/>
                                       <postfix/>
                                       <title>
                                          <LinkTitle>
                                             <content>
                                                <ptk:l/>
                                             </content>
                                          </LinkTitle>
                                       </title>
                                    </InternalLink>
                                    <Whitespace>
                                       <hasNewline>true</hasNewline>
                                       <content>
                                          <ptk:l>
                                             <ptk:t>
</ptk:t>
                                          </ptk:l>
                                       </content>
                                    </Whitespace>
                                    <InternalLink location="Target:286:3">
                                       <ptk:a name="RTD">
                                          <RtData>c3EAfgAAdXEAfgADAAAAAnVxAH4ABQAAAAF0ABNbW3NrOkp1xb5uw70gU3Vkw6FudXEAfgAFAAAAAXQAAl1d</RtData>
                                       </ptk:a>
                                       <target>sk:Južný Sudán</target>
                                       <prefix/>
                                       <postfix/>
                                       <title>
                                          <LinkTitle>
                                             <content>
                                                <ptk:l/>
                                             </content>
                                          </LinkTitle>
                                       </title>
                                    </InternalLink>
                                    <Whitespace>
                                       <hasNewline>true</hasNewline>
                                       <content>
                                          <ptk:l>
                                             <ptk:t>
</ptk:t>
                                          </ptk:l>
                                       </content>
                                    </Whitespace>
                                    <InternalLink location="Target:287:3">
                                       <ptk:a name="RTD">
                                          <RtData>c3EAfgAAdXEAfgADAAAAAnVxAH4ABQAAAAF0ABFbW3NsOkp1xb5uaSBTdWRhbnVxAH4ABQAAAAF0AAJdXQ==</RtData>
                                       </ptk:a>
                                       <target>sl:Južni Sudan</target>
                                       <prefix/>
                                       <postfix/>
                                       <title>
                                          <LinkTitle>
                                             <content>
                                                <ptk:l/>
                                             </content>
                                          </LinkTitle>
                                       </title>
                                    </InternalLink>
                                    <Whitespace>
                                       <hasNewline>true</hasNewline>
                                       <content>
                                          <ptk:l>
                                             <ptk:t>
</ptk:t>
                                          </ptk:l>
                                       </content>
                                    </Whitespace>
                                    <InternalLink location="Target:288:3">
                                       <ptk:a name="RTD">
                                          <RtData>c3EAfgAAdXEAfgADAAAAAnVxAH4ABQAAAAF0ABBbW3NuOlNvdXRoIFN1ZGFudXEAfgAFAAAAAXQAAl1d</RtData>
                                       </ptk:a>
                                       <target>sn:South Sudan</target>
                                       <prefix/>
                                       <postfix/>
                                       <title>
                                          <LinkTitle>
                                             <content>
                                                <ptk:l/>
                                             </content>
                                          </LinkTitle>
                                       </title>
                                    </InternalLink>
                                    <Whitespace>
                                       <hasNewline>true</hasNewline>
                                       <content>
                                          <ptk:l>
                                             <ptk:t>
</ptk:t>
                                          </ptk:l>
                                       </content>
                                    </Whitespace>
                                    <InternalLink location="Target:289:3">
                                       <ptk:a name="RTD">
                                          <RtData>c3EAfgAAdXEAfgADAAAAAnVxAH4ABQAAAAF0ABRbW3NvOktvb25mdXIgU3V1ZGFhbnVxAH4ABQAAAAF0AAJdXQ==</RtData>
                                       </ptk:a>
                                       <target>so:Koonfur Suudaan</target>
                                       <prefix/>
                                       <postfix/>
                                       <title>
                                          <LinkTitle>
                                             <content>
                                                <ptk:l/>
                                             </content>
                                          </LinkTitle>
                                       </title>
                                    </InternalLink>
                                    <Whitespace>
                                       <hasNewline>true</hasNewline>
                                       <content>
                                          <ptk:l>
                                             <ptk:t>
</ptk:t>
                                          </ptk:l>
                                       </content>
                                    </Whitespace>
                                    <InternalLink location="Target:290:3">
                                       <ptk:a name="RTD">
                                          <RtData>c3EAfgAAdXEAfgADAAAAAnVxAH4ABQAAAAF0ABNbW3NxOlN1ZGFuaSBpIEp1Z3V0dXEAfgAFAAAAAXQAAl1d</RtData>
                                       </ptk:a>
                                       <target>sq:Sudani i Jugut</target>
                                       <prefix/>
                                       <postfix/>
                                       <title>
                                          <LinkTitle>
                                             <content>
                                                <ptk:l/>
                                             </content>
                                          </LinkTitle>
                                       </title>
                                    </InternalLink>
                                    <Whitespace>
                                       <hasNewline>true</hasNewline>
                                       <content>
                                          <ptk:l>
                                             <ptk:t>
</ptk:t>
                                          </ptk:l>
                                       </content>
                                    </Whitespace>
                                    <InternalLink location="Target:291:3">
                                       <ptk:a name="RTD">
                                          <RtData>c3EAfgAAdXEAfgADAAAAAnVxAH4ABQAAAAF0ABpbW3NyOtCI0YPQttC90Lgg0KHRg9C00LDQvXVxAH4ABQAAAAF0AAJdXQ==</RtData>
                                       </ptk:a>
                                       <target>sr:Јужни Судан</target>
                                       <prefix/>
                                       <postfix/>
                                       <title>
                                          <LinkTitle>
                                             <content>
                                                <ptk:l/>
                                             </content>
                                          </LinkTitle>
                                       </title>
                                    </InternalLink>
                                    <Whitespace>
                                       <hasNewline>true</hasNewline>
                                       <content>
                                          <ptk:l>
                                             <ptk:t>
</ptk:t>
                                          </ptk:l>
                                       </content>
                                    </Whitespace>
                                    <InternalLink location="Target:292:3">
                                       <ptk:a name="RTD">
                                          <RtData>c3EAfgAAdXEAfgADAAAAAnVxAH4ABQAAAAF0ABBbW3N1OlN1ZGFuIEtpZHVsdXEAfgAFAAAAAXQAAl1d</RtData>
                                       </ptk:a>
                                       <target>su:Sudan Kidul</target>
                                       <prefix/>
                                       <postfix/>
                                       <title>
                                          <LinkTitle>
                                             <content>
                                                <ptk:l/>
                                             </content>
                                          </LinkTitle>
                                       </title>
                                    </InternalLink>
                                    <Whitespace>
                                       <hasNewline>true</hasNewline>
                                       <content>
                                          <ptk:l>
                                             <ptk:t>
</ptk:t>
                                          </ptk:l>
                                       </content>
                                    </Whitespace>
                                    <InternalLink location="Target:293:3">
                                       <ptk:a name="RTD">
                                          <RtData>c3EAfgAAdXEAfgADAAAAAnVxAH4ABQAAAAF0AA1bW3N2OlN5ZHN1ZGFudXEAfgAFAAAAAXQAAl1d</RtData>
                                       </ptk:a>
                                       <target>sv:Sydsudan</target>
                                       <prefix/>
                                       <postfix/>
                                       <title>
                                          <LinkTitle>
                                             <content>
                                                <ptk:l/>
                                             </content>
                                          </LinkTitle>
                                       </title>
                                    </InternalLink>
                                    <Whitespace>
                                       <hasNewline>true</hasNewline>
                                       <content>
                                          <ptk:l>
                                             <ptk:t>
</ptk:t>
                                          </ptk:l>
                                       </content>
                                    </Whitespace>
                                    <InternalLink location="Target:294:3">
                                       <ptk:a name="RTD">
                                          <RtData>c3EAfgAAdXEAfgADAAAAAnVxAH4ABQAAAAF0ABFbW3N3OlN1ZGFuIEt1c2luaXVxAH4ABQAAAAF0AAJdXQ==</RtData>
                                       </ptk:a>
                                       <target>sw:Sudan Kusini</target>
                                       <prefix/>
                                       <postfix/>
                                       <title>
                                          <LinkTitle>
                                             <content>
                                                <ptk:l/>
                                             </content>
                                          </LinkTitle>
                                       </title>
                                    </InternalLink>
                                    <Whitespace>
                                       <hasNewline>true</hasNewline>
                                       <content>
                                          <ptk:l>
                                             <ptk:t>
</ptk:t>
                                          </ptk:l>
                                       </content>
                                    </Whitespace>
                                    <InternalLink location="Target:295:3">
                                       <ptk:a name="RTD">
                                          <RtData>c3EAfgAAdXEAfgADAAAAAnVxAH4ABQAAAAF0ABdbW3N6bDpQb8WCZWTFhG93eSBTdWRhbnVxAH4ABQAAAAF0AAJdXQ==</RtData>
                                       </ptk:a>
                                       <target>szl:Połedńowy Sudan</target>
                                       <prefix/>
                                       <postfix/>
                                       <title>
                                          <LinkTitle>
                                             <content>
                                                <ptk:l/>
                                             </content>
                                          </LinkTitle>
                                       </title>
                                    </InternalLink>
                                    <Whitespace>
                                       <hasNewline>true</hasNewline>
                                       <content>
                                          <ptk:l>
                                             <ptk:t>
</ptk:t>
                                          </ptk:l>
                                       </content>
                                    </Whitespace>
                                    <InternalLink location="Target:296:3">
                                       <ptk:a name="RTD">
                                          <RtData>c3EAfgAAdXEAfgADAAAAAnVxAH4ABQAAAAF0ACpbW3RhOuCupOCvhuCuseCvjeCuleCvgSDgrprgr4Lgrp/grr7grqngr411cQB+AAUAAAABdAACXV0=</RtData>
                                       </ptk:a>
                                       <target>ta:தெற்கு சூடான்</target>
                                       <prefix/>
                                       <postfix/>
                                       <title>
                                          <LinkTitle>
                                             <content>
                                                <ptk:l/>
                                             </content>
                                          </LinkTitle>
                                       </title>
                                    </InternalLink>
                                    <Whitespace>
                                       <hasNewline>true</hasNewline>
                                       <content>
                                          <ptk:l>
                                             <ptk:t>
</ptk:t>
                                          </ptk:l>
                                       </content>
                                    </Whitespace>
                                    <InternalLink location="Target:297:3">
                                       <ptk:a name="RTD">
                                          <RtData>c3EAfgAAdXEAfgADAAAAAnVxAH4ABQAAAAF0ACpbW3RlOuCwpuCwleCxjeCwt+Cwv+CwoyDgsLjgsYLgsKHgsL7gsKjgsY11cQB+AAUAAAABdAACXV0=</RtData>
                                       </ptk:a>
                                       <target>te:దక్షిణ సూడాన్</target>
                                       <prefix/>
                                       <postfix/>
                                       <title>
                                          <LinkTitle>
                                             <content>
                                                <ptk:l/>
                                             </content>
                                          </LinkTitle>
                                       </title>
                                    </InternalLink>
                                    <Whitespace>
                                       <hasNewline>true</hasNewline>
                                       <content>
                                          <ptk:l>
                                             <ptk:t>
</ptk:t>
                                          </ptk:l>
                                       </content>
                                    </Whitespace>
                                    <InternalLink location="Target:298:3">
                                       <ptk:a name="RTD">
                                          <RtData>c3EAfgAAdXEAfgADAAAAAnVxAH4ABQAAAAF0ADVbW3RoOuC4m+C4o+C4sOC5gOC4l+C4qOC5gOC4i+C4suC4l+C5jOC4i+C4ueC4lOC4suC4mXVxAH4ABQAAAAF0AAJdXQ==</RtData>
                                       </ptk:a>
                                       <target>th:ประเทศเซาท์ซูดาน</target>
                                       <prefix/>
                                       <postfix/>
                                       <title>
                                          <LinkTitle>
                                             <content>
                                                <ptk:l/>
                                             </content>
                                          </LinkTitle>
                                       </title>
                                    </InternalLink>
                                    <Whitespace>
                                       <hasNewline>true</hasNewline>
                                       <content>
                                          <ptk:l>
                                             <ptk:t>
</ptk:t>
                                          </ptk:l>
                                       </content>
                                    </Whitespace>
                                    <InternalLink location="Target:299:3">
                                       <ptk:a name="RTD">
                                          <RtData>c3EAfgAAdXEAfgADAAAAAnVxAH4ABQAAAAF0ABNbW3RrOkfDvG5vcnRhIFN1ZGFudXEAfgAFAAAAAXQAAl1d</RtData>
                                       </ptk:a>
                                       <target>tk:Günorta Sudan</target>
                                       <prefix/>
                                       <postfix/>
                                       <title>
                                          <LinkTitle>
                                             <content>
                                                <ptk:l/>
                                             </content>
                                          </LinkTitle>
                                       </title>
                                    </InternalLink>
                                    <Whitespace>
                                       <hasNewline>true</hasNewline>
                                       <content>
                                          <ptk:l>
                                             <ptk:t>
</ptk:t>
                                          </ptk:l>
                                       </content>
                                    </Whitespace>
                                    <InternalLink location="Target:300:3">
                                       <ptk:a name="RTD">
                                          <RtData>c3EAfgAAdXEAfgADAAAAAnVxAH4ABQAAAAF0ABBbW3RsOlRpbW9nIFN1ZGFudXEAfgAFAAAAAXQAAl1d</RtData>
                                       </ptk:a>
                                       <target>tl:Timog Sudan</target>
                                       <prefix/>
                                       <postfix/>
                                       <title>
                                          <LinkTitle>
                                             <content>
                                                <ptk:l/>
                                             </content>
                                          </LinkTitle>
                                       </title>
                                    </InternalLink>
                                    <Whitespace>
                                       <hasNewline>true</hasNewline>
                                       <content>
                                          <ptk:l>
                                             <ptk:t>
</ptk:t>
                                          </ptk:l>
                                       </content>
                                    </Whitespace>
                                    <InternalLink location="Target:301:3">
                                       <ptk:a name="RTD">
                                          <RtData>c3EAfgAAdXEAfgADAAAAAnVxAH4ABQAAAAF0ABFbW3RyOkfDvG5leSBTdWRhbnVxAH4ABQAAAAF0AAJdXQ==</RtData>
                                       </ptk:a>
                                       <target>tr:Güney Sudan</target>
                                       <prefix/>
                                       <postfix/>
                                       <title>
                                          <LinkTitle>
                                             <content>
                                                <ptk:l/>
                                             </content>
                                          </LinkTitle>
                                       </title>
                                    </InternalLink>
                                    <Whitespace>
                                       <hasNewline>true</hasNewline>
                                       <content>
                                          <ptk:l>
                                             <ptk:t>
</ptk:t>
                                          </ptk:l>
                                       </content>
                                    </Whitespace>
                                    <InternalLink location="Target:302:3">
                                       <ptk:a name="RTD">
                                          <RtData>c3EAfgAAdXEAfgADAAAAAnVxAH4ABQAAAAF0ABxbW3R0OtCa06nQvdGM0Y/QuiDQodGD0LTQsNC9dXEAfgAFAAAAAXQAAl1d</RtData>
                                       </ptk:a>
                                       <target>tt:Көньяк Судан</target>
                                       <prefix/>
                                       <postfix/>
                                       <title>
                                          <LinkTitle>
                                             <content>
                                                <ptk:l/>
                                             </content>
                                          </LinkTitle>
                                       </title>
                                    </InternalLink>
                                    <Whitespace>
                                       <hasNewline>true</hasNewline>
                                       <content>
                                          <ptk:l>
                                             <ptk:t>
</ptk:t>
                                          </ptk:l>
                                       </content>
                                    </Whitespace>
                                    <InternalLink location="Target:303:3">
                                       <ptk:a name="RTD">
                                          <RtData>c3EAfgAAdXEAfgADAAAAAnVxAH4ABQAAAAF0AB1bW3VkbTrQm9GL0LzRiNC+0YAg0KHRg9C00LDQvXVxAH4ABQAAAAF0AAJdXQ==</RtData>
                                       </ptk:a>
                                       <target>udm:Лымшор Судан</target>
                                       <prefix/>
                                       <postfix/>
                                       <title>
                                          <LinkTitle>
                                             <content>
                                                <ptk:l/>
                                             </content>
                                          </LinkTitle>
                                       </title>
                                    </InternalLink>
                                    <Whitespace>
                                       <hasNewline>true</hasNewline>
                                       <content>
                                          <ptk:l>
                                             <ptk:t>
</ptk:t>
                                          </ptk:l>
                                       </content>
                                    </Whitespace>
                                    <InternalLink location="Target:304:3">
                                       <ptk:a name="RTD">
                                          <RtData>c3EAfgAAdXEAfgADAAAAAnVxAH4ABQAAAAF0ACJbW3VrOtCf0ZbQstC00LXQvdC90LjQuSDQodGD0LTQsNC9dXEAfgAFAAAAAXQAAl1d</RtData>
                                       </ptk:a>
                                       <target>uk:Південний Судан</target>
                                       <prefix/>
                                       <postfix/>
                                       <title>
                                          <LinkTitle>
                                             <content>
                                                <ptk:l/>
                                             </content>
                                          </LinkTitle>
                                       </title>
                                    </InternalLink>
                                    <Whitespace>
                                       <hasNewline>true</hasNewline>
                                       <content>
                                          <ptk:l>
                                             <ptk:t>
</ptk:t>
                                          </ptk:l>
                                       </content>
                                    </Whitespace>
                                    <InternalLink location="Target:305:3">
                                       <ptk:a name="RTD">
                                          <RtData>c3EAfgAAdXEAfgADAAAAAnVxAH4ABQAAAAF0ABpbW3VyOtis2YbZiNio24wg2LPZiNqI2KfZhnVxAH4ABQAAAAF0AAJdXQ==</RtData>
                                       </ptk:a>
                                       <target>ur:جنوبی سوڈان</target>
                                       <prefix/>
                                       <postfix/>
                                       <title>
                                          <LinkTitle>
                                             <content>
                                                <ptk:l/>
                                             </content>
                                          </LinkTitle>
                                       </title>
                                    </InternalLink>
                                    <Whitespace>
                                       <hasNewline>true</hasNewline>
                                       <content>
                                          <ptk:l>
                                             <ptk:t>
</ptk:t>
                                          </ptk:l>
                                       </content>
                                    </Whitespace>
                                    <InternalLink location="Target:306:3">
                                       <ptk:a name="RTD">
                                          <RtData>c3EAfgAAdXEAfgADAAAAAnVxAH4ABQAAAAF0ABJbW3V6OkphbnViaXkgU3VkYW51cQB+AAUAAAABdAACXV0=</RtData>
                                       </ptk:a>
                                       <target>uz:Janubiy Sudan</target>
                                       <prefix/>
                                       <postfix/>
                                       <title>
                                          <LinkTitle>
                                             <content>
                                                <ptk:l/>
                                             </content>
                                          </LinkTitle>
                                       </title>
                                    </InternalLink>
                                    <Whitespace>
                                       <hasNewline>true</hasNewline>
                                       <content>
                                          <ptk:l>
                                             <ptk:t>
</ptk:t>
                                          </ptk:l>
                                       </content>
                                    </Whitespace>
                                    <InternalLink location="Target:307:3">
                                       <ptk:a name="RTD">
                                          <RtData>c3EAfgAAdXEAfgADAAAAAnVxAH4ABQAAAAF0AA9bW3ZlYzpTdWQgU3VkYW51cQB+AAUAAAABdAACXV0=</RtData>
                                       </ptk:a>
                                       <target>vec:Sud Sudan</target>
                                       <prefix/>
                                       <postfix/>
                                       <title>
                                          <LinkTitle>
                                             <content>
                                                <ptk:l/>
                                             </content>
                                          </LinkTitle>
                                       </title>
                                    </InternalLink>
                                    <Whitespace>
                                       <hasNewline>true</hasNewline>
                                       <content>
                                          <ptk:l>
                                             <ptk:t>
</ptk:t>
                                          </ptk:l>
                                       </content>
                                    </Whitespace>
                                    <InternalLink location="Target:308:3">
                                       <ptk:a name="RTD">
                                          <RtData>c3EAfgAAdXEAfgADAAAAAnVxAH4ABQAAAAF0AA5bW3ZpOk5hbSBTdWRhbnVxAH4ABQAAAAF0AAJdXQ==</RtData>
                                       </ptk:a>
                                       <target>vi:Nam Sudan</target>
                                       <prefix/>
                                       <postfix/>
                                       <title>
                                          <LinkTitle>
                                             <content>
                                                <ptk:l/>
                                             </content>
                                          </LinkTitle>
                                       </title>
                                    </InternalLink>
                                    <Whitespace>
                                       <hasNewline>true</hasNewline>
                                       <content>
                                          <ptk:l>
                                             <ptk:t>
</ptk:t>
                                          </ptk:l>
                                       </content>
                                    </Whitespace>
                                    <InternalLink location="Target:309:3">
                                       <ptk:a name="RTD">
                                          <RtData>c3EAfgAAdXEAfgADAAAAAnVxAH4ABQAAAAF0ABNbW3ZvOlN1bMO8ZGEtU3Vkw6RudXEAfgAFAAAAAXQAAl1d</RtData>
                                       </ptk:a>
                                       <target>vo:Sulüda-Sudän</target>
                                       <prefix/>
                                       <postfix/>
                                       <title>
                                          <LinkTitle>
                                             <content>
                                                <ptk:l/>
                                             </content>
                                          </LinkTitle>
                                       </title>
                                    </InternalLink>
                                    <Whitespace>
                                       <hasNewline>true</hasNewline>
                                       <content>
                                          <ptk:l>
                                             <ptk:t>
</ptk:t>
                                          </ptk:l>
                                       </content>
                                    </Whitespace>
                                    <InternalLink location="Target:310:3">
                                       <ptk:a name="RTD">
                                          <RtData>c3EAfgAAdXEAfgADAAAAAnVxAH4ABQAAAAF0ABdbW3dhcjpTYWxhdGFuIG5nYSBTdWRhbnVxAH4ABQAAAAF0AAJdXQ==</RtData>
                                       </ptk:a>
                                       <target>war:Salatan nga Sudan</target>
                                       <prefix/>
                                       <postfix/>
                                       <title>
                                          <LinkTitle>
                                             <content>
                                                <ptk:l/>
                                             </content>
                                          </LinkTitle>
                                       </title>
                                    </InternalLink>
                                    <Whitespace>
                                       <hasNewline>true</hasNewline>
                                       <content>
                                          <ptk:l>
                                             <ptk:t>
</ptk:t>
                                          </ptk:l>
                                       </content>
                                    </Whitespace>
                                    <InternalLink location="Target:311:3">
                                       <ptk:a name="RTD">
                                          <RtData>c3EAfgAAdXEAfgADAAAAAnVxAH4ABQAAAAF0ABhbW3lpOteT16jXldedINeh15XXk9eQ1591cQB+AAUAAAABdAACXV0=</RtData>
                                       </ptk:a>
                                       <target>yi:דרום סודאן</target>
                                       <prefix/>
                                       <postfix/>
                                       <title>
                                          <LinkTitle>
                                             <content>
                                                <ptk:l/>
                                             </content>
                                          </LinkTitle>
                                       </title>
                                    </InternalLink>
                                    <Whitespace>
                                       <hasNewline>true</hasNewline>
                                       <content>
                                          <ptk:l>
                                             <ptk:t>
</ptk:t>
                                          </ptk:l>
                                       </content>
                                    </Whitespace>
                                    <InternalLink location="Target:312:3">
                                       <ptk:a name="RTD">
                                          <RtData>c3EAfgAAdXEAfgADAAAAAnVxAH4ABQAAAAF0ABNbW3lvOkfDusO6c8O5IFN1ZGFudXEAfgAFAAAAAXQAAl1d</RtData>
                                       </ptk:a>
                                       <target>yo:Gúúsù Sudan</target>
                                       <prefix/>
                                       <postfix/>
                                       <title>
                                          <LinkTitle>
                                             <content>
                                                <ptk:l/>
                                             </content>
                                          </LinkTitle>
                                       </title>
                                    </InternalLink>
                                    <Whitespace>
                                       <hasNewline>true</hasNewline>
                                       <content>
                                          <ptk:l>
                                             <ptk:t>
</ptk:t>
                                          </ptk:l>
                                       </content>
                                    </Whitespace>
                                    <InternalLink location="Target:313:3">
                                       <ptk:a name="RTD">
                                          <RtData>c3EAfgAAdXEAfgADAAAAAnVxAH4ABQAAAAF0AA5bW3poOuWNl+iYh+S4uXVxAH4ABQAAAAF0AAJdXQ==</RtData>
                                       </ptk:a>
                                       <target>zh:南蘇丹</target>
                                       <prefix/>
                                       <postfix/>
                                       <title>
                                          <LinkTitle>
                                             <content>
                                                <ptk:l/>
                                             </content>
                                          </LinkTitle>
                                       </title>
                                    </InternalLink>
                                    <Whitespace>
                                       <hasNewline>true</hasNewline>
                                       <content>
                                          <ptk:l>
                                             <ptk:t>
</ptk:t>
                                          </ptk:l>
                                       </content>
                                    </Whitespace>
                                    <InternalLink location="Target:314:3">
                                       <ptk:a name="RTD">
                                          <RtData>c3EAfgAAdXEAfgADAAAAAnVxAH4ABQAAAAF0ABdbW3poLW1pbi1uYW46TMOibSBTdWRhbnVxAH4ABQAAAAF0AAJdXQ==</RtData>
                                       </ptk:a>
                                       <target>zh-min-nan:Lâm Sudan</target>
                                       <prefix/>
                                       <postfix/>
                                       <title>
                                          <LinkTitle>
                                             <content>
                                                <ptk:l/>
                                             </content>
                                          </LinkTitle>
                                       </title>
                                    </InternalLink>
                                    <Whitespace>
                                       <hasNewline>true</hasNewline>
                                       <content>
                                          <ptk:l>
                                             <ptk:t>
</ptk:t>
                                          </ptk:l>
                                       </content>
                                    </Whitespace>
                                    <InternalLink location="Target:315:3">
                                       <ptk:a name="RTD">
                                          <RtData>c3EAfgAAdXEAfgADAAAAAnVxAH4ABQAAAAF0ABJbW3poLXl1ZTrljZfomIfkuLl1cQB+AAUAAAABdAACXV0=</RtData>
                                       </ptk:a>
                                       <target>zh-yue:南蘇丹</target>
                                       <prefix/>
                                       <postfix/>
                                       <title>
                                          <LinkTitle>
                                             <content>
                                                <ptk:l/>
                                             </content>
                                          </LinkTitle>
                                       </title>
                                    </InternalLink>
                                    <Whitespace>
                                       <hasNewline>true</hasNewline>
                                       <content>
                                          <ptk:l>
                                             <ptk:t>
</ptk:t>
                                          </ptk:l>
                                       </content>
                                    </Whitespace>
                                    <InternalLink location="Target:316:3">
                                       <ptk:a name="RTD">
                                          <RtData>c3EAfgAAdXEAfgADAAAAAnVxAH4ABQAAAAF0ABlbW3p1OklTdWRhbiB5YXNlTmluZ2l6aW11dXEAfgAFAAAAAXQAAl1d</RtData>
                                       </ptk:a>
                                       <target>zu:ISudan yaseNingizimu</target>
                                       <prefix/>
                                       <postfix/>
                                       <title>
                                          <LinkTitle>
                                             <content>
                                                <ptk:l/>
                                             </content>
                                          </LinkTitle>
                                       </title>
                                    </InternalLink>
                                 </ptk:l>
                              </content>
                           </Paragraph>
                        </ptk:l>
                     </body>
                  </Section>
               </ptk:l>
            </content>
         </Page>
      </page>
   </CompiledPage>
</ptk:ast>
Coord/input/ #ifeq: 1 nolat #ifeq: 4 5 6 dec #if: #switch: 4 8 NE NW SE SW y dms #if: #switch: 3 6 NE NW SE SW y dm #if: #switch: 2 4 NE NW SE SW y d ERROR 
 Coord/display/ display inline 
 Coord/input/ #ifeq: 1 nolat #ifeq: 4 5 6 dec #if: #switch: 4 8 NE NW SE SW y dms #if: #switch: 3 6 NE NW SE SW y dm #if: #switch: 2 4 NE NW SE SW y d ERROR 
 Coord/display/ display inline 
 Coord/input/ #ifeq: 1 nolat #ifeq: 4 5 6 dec #if: #switch: 4 8 NE NW SE SW y dms #if: #switch: 3 6 NE NW SE SW y dm #if: #switch: 2 4 NE NW SE SW y d ERROR 
 Coord/display/ display inline 
 Coord/input/ #ifeq: 1 nolat #ifeq: 4 5 6 dec #if: #switch: 4 8 NE NW SE SW y dms #if: #switch: 3 6 NE NW SE SW y dm #if: #switch: 2 4 NE NW SE SW y d ERROR 
 Coord/display/ display inline 
 Coord/input/ #ifeq: 1 nolat #ifeq: 4 5 6 dec #if: #switch: 4 8 NE NW SE SW y dms #if: #switch: 3 6 NE NW SE SW y dm #if: #switch: 2 4 NE NW SE SW y d ERROR 
 Coord/display/ display inline 
 Coord/input/ #ifeq: 1 nolat #ifeq: 4 5 6 dec #if: #switch: 4 8 NE NW SE SW y dms #if: #switch: 3 6 NE NW SE SW y dm #if: #switch: 2 4 NE NW SE SW y d ERROR 
 Coord/display/ display inline 
 Coord/input/ #ifeq: 1 nolat #ifeq: 4 5 6 dec #if: #switch: 4 8 NE NW SE SW y dms #if: #switch: 3 6 NE NW SE SW y dm #if: #switch: 2 4 NE NW SE SW y d ERROR 
 Coord/display/ display inline 
 subst #switch:  1  
 subst #switch:  1  
 subst #switch:  1  
 subst #switch:  1  
 subst #switch:  1  
 subst #switch:  1  
 subst #switch:  1  
 subst #switch:  1  
 subst #switch:  1  
 subst #switch:  1  
 subst #switch:  1  
 subst #switch:  1  
 subst #switch:  1  
 subst #switch:  1  
 subst #switch:  1  
 subst #switch:  1  
 subst #switch:  1  
 subst #switch:  1  
 subst #switch:  1  
 subst #switch:  1  
 subst #switch:  1  
 subst #switch:  1  
 subst #switch:  1  
 subst #switch:  1  
 subst #switch:  1  
 subst #switch:  1  
 subst #switch:  1  
 subst #switch:  1  
 subst #switch:  1  
 subst #switch:  1  
 subst #switch:  1  
 subst #switch:  1  
 subst #switch:  1  
 subst #switch:  1  
 subst #switch:  1  
 subst #switch:  1  
 subst #switch:  1  
 subst #switch:  1  
 subst #switch:  1  
 subst #switch:  1  
 subst #switch:  1  
 subst #switch:  1  
 subst #switch:  1  
 subst #switch:  1  
 subst #switch:  1  
 subst #switch:  1  
 subst #switch:  1  
 subst #switch:  1  
 subst #switch:  1  
 subst #switch:  1  
 subst #switch:  1  
 subst #switch:  1  
 subst #switch:  1  
 subst #switch:  1  
 subst #switch:  1  
 subst #switch:  1  
 subst #switch:  1  
 subst #switch:  1  
 subst #switch:  1  
 subst #switch:  1  
 subst #switch:  1  
 subst #switch:  1  
 subst #switch:  1  
 subst #switch:  1  
 subst #switch:  1  
 subst #switch:  1  
 subst #switch:  1  
 subst #switch:  1  
 subst #switch:  1  
 subst #switch:  1  
 subst #switch:  1  
 subst #switch:  1  
 subst #switch:  1  
 subst #switch:  1  
 subst #switch:  1  
 subst #switch:  1  
 subst #switch:  1  
 subst #switch:  1  
 subst #switch:  1  
 subst #switch:  1  
 subst #switch:  1  
 subst #switch:  1  
 subst #switch:  1  
 subst #switch:  1  
 subst #switch:  1  
 subst #switch:  1  
 subst #switch:  1  
 subst #switch:  1  
 subst #switch:  1  
 subst #switch:  1  
 subst #switch:  1  
 subst #switch:  1  
 subst #switch:  1  
 subst #switch:  1  
 subst #switch:  1  
 subst #switch:  1  
 subst #switch:  1  
 subst #switch:  1  
 subst #switch:  1  
 subst #switch:  1  
 subst #switch:  1  
 subst #switch:  1  
 subst #switch:  1  
 subst #switch:  1  
 subst #switch:  1  
 subst #switch:  1  
 infobox geography vcard float:left; width: 20em; margin-left:-0.8em; font-size: 80% adr 
            3 center mergedtoprow line-height:1.2em; padding:0.25em 0.33em 0.33em; font-size:1.25em;  fn org country-name  جمهورية جنوب السودان 
          mergedtoprow 
           maptable 3 center padding:0.5em 0; center width:100%; background:none; 
                 center width:58%; vertical-align:middle; [[ File :  Flag of the SPLAM.svg 
 | 125px | border | alt = | Flag of  South Sudan 
 ] ] 
                 center width:auto; vertical-align:middle; [[ File :  Coat of Arms of South Sudan.svg 
 | 85px  | alt = |  Emblem of  South Sudan 
 ] ] 
               
                 center #ifexist:Flag of  common_name linking_name name PAGENAME   [[ Flag of   South Sudan
  | Flag ]] 
                 center #ifexist: symbol_type_article  Emblem
  of  common_name linking_name name PAGENAME   [[  Emblem
  of   South Sudan
  |  Emblem
 ]] 
               
           
           3 line-height:1.2em; text-align:center; ال شعار :  "Justice, Liberty, Prosperity" 
 
          
            anthem 3 line-height:1.2em; text-align:center; النشيد :  " South Sudan Oyee! " 
 
          
            3 text-align:center; padding:0.6em 0em; [[ File :  Sudan Sudan (orthographic projection) highlighted.svg 
 | 250px  | center  | alt = | مكان  South Sudan   ] ]   
            
          mergedtoprow 2 ال عاصمه   Juba 
 white-space:nowrap; Coord/display/ display inline 
 1 Coord/input/ #ifeq: 1 nolat #ifeq: 4 5 6 dec #if: #switch: 4 8 NE NW SE SW y dms #if: #switch: 3 6 NE NW SE SW y dm #if: #switch: 2 4 NE NW SE SW y d ERROR 
 1 04 
 2 51 
 3 N 
 4 31 
 5 36 
 6 E
 
 7 type:country 
 8 
 9 
 10 
 format 
 name 
 
                       
            2 vertical-align:middle; white-space:nowrap; لغه  رسميه 
              انجليزى 
 
          mergedbottomrow 
                 2 لغات محليه معترف بيها 
                 vertical-align:middle;   عربى چوبى  is lingua franca around Juba.  Dinka  2–3 million; other major languages are  Nuer ,  Zande ,  Bari ,  Shilluk 
 
               
            2 مجموعات عرقيه 
              Dinka ,  Nuer ,  Bari ,  Lotuko ,  Kuku ,  Zande ,  Mundari ,  Kakwa ,  Pojulu ,  Shilluk ,  Moru ,  Acholi ,  Madi ,  Lulubo ,  Lokoya ,  Toposa ,  Lango ,  Didinga ,  Murle ,  Anuak ,  Makaraka ,  Mundu ,  Jur ,  Kaliko , and others. 
 
          
            2 اسم الأهل 
            #ifexist: demonym  people  [[   [[ South Sudanese ]] 
  people|   [[ South Sudanese ]] 
 ]]     [[ South Sudanese ]] 
 
            
          
            2 نوع الحكومه 
              Federal   presidential   democratic   republic 
 
          mergedrow 
            width:1em; padding:0 0 0 0.6em; - 
            padding-left:0em;   President 
 
              Salva Kiir Mayardit 
 
          mergedbottomrow 
            width:1em; padding:0 0 0 0.6em; - 
            padding-left:0em;   Vice-President 
 
              Riek Machar 
 
          
            2 Legislature 
              Legislative Assembly 
 
        mergedtoprow 2   Independence 
 
                                         from  Sudan 
 mergedrow 
            width:1em; padding:0 0 0 0.6em; - 
            padding-left:0em;   Comprehensive Peace Agreement 
 
             January 6, 2005 
 
          mergedrow 
            width:1em; padding:0 0 0 0.6em; - 
            padding-left:0em;   Autonomy 
 
             July 9, 2005 
 
          mergedbottomrow 
            width:1em; padding:0 0 0 0.6em; - 
            padding-left:0em;   Independence  from  Sudan 
 
             July 9, 2011 
 
          mergedtoprow 
            3 Area 
          
          mergedrow 
            width:1em; padding:0 0 0 0.6em; - 
            padding-left:0em; Total 
            [[   
 Square metre  |   formatnum: area_km2 km 2 ] ] (  45th 
 ) formatnum: #expr:  area_km2  div 2.589988110336 round 0 sq mi 
          mergedtoprow 
 3 السكان 
          mergedrow 
               width:1em; padding:0 0 0 0.6em; - 
               padding-left:0em; 
 estimate 
                7,500,000–9,700,000  (2006, UNFPA)  11,000,000–13,000,000  (Southern Sudan claim, 2009) 
 
             mergedrow 
                 width:1em; padding:0 0 0 0.6em; - 
                 padding-left:0em;  2008 
 census 
                  8,260,490  (disputed) 
 (  94th 
 ) 
               
            2 vertical-align:middle; Currency 
              Sudanese pound 
 (  SDG 
 )  
          
            2 Time zone 
              East Africa Time 
 nowrap ( UTC  +3 nowrap 
 nowrap ) 
          
            2 Calling code 
             249 
 
          
 
 
 200 px | thumb | علم جنوب السودان 
 
 جنوب السودان  هيا  دولة مستقلة  من ساعة اول دقيقة من 9 يوليو سنة 2011، إسمها الرسمى جمهورية جنوب السودان مساحتها ‏619‏ ألف كيلومتر مربع و عاصمتها  جوبا  و كانت قبل كده  منطقة فى  السودان  ، و بقت جنوب السودان  دولة مستقلة  يوم 9 يوليه  2011. و بقت دولة عضو فى  الأمم المتحدة  يوم 14 يوليه  2011. 
 
 جنوب السودان بتضم عشر ولايات. الحكومة السودانية وافقت انها تدّي الحكم الذاتي للمنطقة فى اتفاق السلام الشامل اللي اتعمل يوم 9 يناير 2005 فى نيفاشا ،  كينيا  ، مع الجيش الشعبي لتحرير السودان ، مؤقتا عشان يحطوا حد للحرب الاهلية السودانيه التانيه 1983 -- 2005. و عملو استفتا فى شهر يناير  2011 اذا كان جنوب السودان هتفضل ف السودان وللا هتبقى دولة مستقلة و كانت نتيجته إن أغلبية سكان جنوب السودان طلبو إنفصال  جنوب السودان من السودان. حدود جنوب السودان م الجنوب شرق  اثيوبيا  و  كينيا  و  اوجندا  و  جمهورية الكونجو الديمقراطيه ، وجمهورية  افريقيا الوسطى  من الغرب. و من الشَمَال حدودها مع  السودان  اللى كانت قبل كده  المنطقة العربية و الاسلامية اللي بتخضع لسيطره الحكومة المركزية. 
 
 جنوب السودان عاصمتها هيّ  جوبا  اللي فيها كل مكاتبها الادارية وفيها اكبر عدد من السكان. جنوب السودان فيها منطقة  مستنقعات واسعه إسمها   السدود  اللى  بيشكلها  النيل الأبيض  ، و إسمها  بحر الجبل . 
 
 الحرب الاهلية السودانيه كانت 'أطول حرب أهلية فى تاريخ أفريقيا.  
 [[ Image : Political Regions of Sudan, July 2006.svg | thumb | left | 
 margin:0px; font-size:90%; display:block; border:none; background-color:#f7931d; color:#f7931d; ██ شمال السودان 
 margin:0px; font-size:90%; display:block; border:none; background-color:#8cc63f; color:#8cc63f; ██ دارفور 
 margin:0px; font-size:90%; display:block; border:none; background-color:#800080; color:#800080; ██ الجبهة الشرقية(السودان), منطقة حروب يوليو 2006 
 margin:0px; font-size:90%; display:block; border:none; background-color:#00adef; color:#00adef; ██ جنوب السودان 
 margin:0px; font-size:90%; display:block; border:none; background-color:#FFFF00; color:#FFFF00; ██ حدود ابييه 
 margin:0px; font-size:90%; display:block; border:none; background-color:#fb6282; color:#fb6282; ██ جبال النوبة  و  ��لاية النيل الازرق 
 ابييه, جبال النوبة, و النيل الازرق ح يعملو استفتا في 2011علشان يقررو اذا كانو ح ينضمو لجنوب السودان ولا لأ. ] ] 
 
  خصايص  
 
 
 الجنوب سودانيين في الغالب بيعتنقوا معتقدات محلية او  المسيحية ، بالذات الكنيسة الاسقفية للسودان والكنيسة الكاتوليكية الرومانية. جنوب السودان فيها مجموعات عرقية ولغات اكتر م الموجودة ف الشمال. وعشان مفيش تعداد سليم، وعشان فيه ناس بتتجوز اكتر من واحدة والاسر الكبيرة، فالتقديرات النسبية للجماعات العرقية حاجة صعبة. بس اللي معروف ان اكبر جماعة عرقية هي الدنكا، وبعدها النوير. وناس تانية نيليين اللي فيهم الشيرلوك وباري. 
 
 
 البترول والمعادن التانية موجودة في النوير ومدن النيل من الشمال اللي فيها تجمعات من النويريين. 
 
 بعد ما جون جارانج مات، جيش تحرير الشعب السوداني و قوات دفاع جنوب السودان اتغلبو على خلافاتهم و اندمجو مع بعض في يناير 2006 بعد ما عملو سوااعلان جوبا.نايب رئيس جنوب السودان الحالي د.ريك ماكر هو اللي اسس قوات دفاع جنوب السودان بس بعدين اتخلى عنهم في سنة 2002 و انضم تاني لجيش تحرير الشعب السوداني و ساب الجينيرال باولينو ماتب نهيال يبقى زعيم قوات دفاع جنوب السودان.بناء على اعلان جوبا، الجينيرال ماتيب بقى نايب القائد بتاع جيش تحرير الشعب السوداني و كمان اندمجت معاه قوات الدفاع في جيش التحرير و بكدا اتضاعف اجمالى عدد القوات من 30.000 وبقت 130.000 جندي. 
 
  اللغة  
 
 جنوب السودان فيها مجموعات قبلية و لغات اكتر بكتير من شمال السودان.لغة التعليم و الحكومة والبيزنيس هي الانجليزي، اللي بقت لغة رسمية لجنوب السودان سنة 1928، و اعترف بيها كلغة اساسية لجنوب السودان في اواخر التمانينات.اللغة العربية المتميزة في جنوب السودان(جوبا عربي)واللي اتكونت في القرن التسعتاشر بين احفاد العساكر السودانيين - وهي منحدرة اصلا من لغة قبيلة باري-بتستخدم على نطاق واسع ك لينجوا فرانكا في جنوب السودان.بس الانجليزي بيستعمل ك لينجوا فرانكا في في المناطق اللي بتستخدمش اللغة العربية بتاعة جوبا(جوبا عربي). بالضافة لكل دا، في لغتين افريقيتين بيستعملو بشكل كبير و هما تهونجشانج (30,000 واحد بيتكلموها) و تهوك ناعت(1,400,000 واحد بيتكلوها).لغة النوير بستعمل في ولاية الوحدة(يونيتي) وولاية جونجلاي وولاية اعالي النيل. 
  الحكومه  
 برغم إن فيه الدستور الوطنى المؤقت لجمهورية السودان  ، لكن الدستور الانتقالى لجنوب السودان لسنة 2005 هو القانون الأساسى فى جنوب السودان.  و بينص الدستور على إن السلطة التنفيذية بيرأسها الرئيس اللى هو  رئيس الدولة و رئيس الحكومة و القائد العام للقوات المسلحة لجيش  تحرير الشعب لتحرير السودان .  جون قرنق  ، مؤسس الحركة الشعبية كان أول رئيس لحد وفاته يوم 30 يوليه 2005. 
 0 navbox border-spacing:0;; padding:2px; 0 nowraplinks   navbox-inner border-spacing:0;background:transparent;color:inherit;; navbox-abovebelow  ; font-size:95%;
 6 
 خط مايل  يشير ل  دول ليها الاعتراف المحدود .  nowrap 1  دول تمتد أراضيها على أكتر من قارة.   
 
 
 
  مصادر  
 references-small 7 
 #tag:references group 
 
 جنوب السودان 
 تصنيف:جنوب السودان 
 
 af:Suid-Soedan 
 als:Südsudan 
 am:ደቡብ ሱዳን 
 an:Sudán d'o Sud 
 ang:Sūþsudan 
 ar:جنوب السودان 
 arc:ܬܝܡܢܐ ܕܣܘܕܐܢ 
 ast:Sudán del Sur 
 av:Югалъулаб Судан 
 az:Cənubi Sudan 
 bat-smg:Pėitū Sudans 
 bcl:Habagatan Sudan 
 be:Паўднёвы Судан 
 be-x-old:Паўднёвы Судан 
 bg:Южен Судан 
 bn:দক্ষিণ সুদান 
 br:Soudan ar Su 
 bs:Južni Sudan 
 ca:Sudan del Sud 
 ceb:Habagatang Sudan 
 ckb:باشووری سوودان 
 crh:Cenübiy Sudan 
 cs:Jižní Súdán 
 cv:Кăнтăр Судан 
 cy:De Sudan 
 da:Sydsudan 
 de:Südsudan 
 dsb:Pódpołdnjowy Sudan 
 el:Νότιο Σουδάν 
 en:South Sudan 
 eo:Sud-Sudano 
 es:Sudán del Sur 
 et:Lõuna-Sudaan 
 eu:Hego Sudan 
 ext:Sudán del Sul 
 fa:سودان جنوبی 
 fi:Etelä-Sudan 
 fo:Suðursudan 
 fr:Soudan du Sud 
 frr:Süüdsudaan 
 fy:Súd-Sûdan 
 ga:An tSúdáin Theas 
 gd:Sudàn a Deas 
 gl:Sudán do Sur - South Sudan 
 gv:Yn Toodaan Yiass 
 he:דרום סודאן 
 hi:दक्षिण सूडान 
 hr:Južni Sudan 
 hsb:Južny Sudan 
 hu:Dél-Szudán 
 hy:Հարավային Սուդան 
 ia:Sudan del Sud 
 id:Sudan Selatan 
 ie:Sud-Sudan 
 io:Sud-Sudan 
 is:Suður-Súdan 
 it:Sudan del Sud 
 ja:南スーダン 
 jv:Sudan Kidul 
 ka:სამხრეთი სუდანი 
 kaa:Qubla Sudan 
 kk:Оңтүстік Судан 
 ko:남수단 
 koi:Лунвыв Судан 
 ksh:Südsudan 
 ku:Sûdana Başûr 
 kv:Лунвыв Судан 
 kw:Soudan Soth 
 la:Sudania Australis 
 lad:Sudan del Sud 
 lb:Südsudan 
 lbe:Кьилвалул Судан 
 li:Zuid-Soedan 
 lij:Sudan do Sud 
 lmo:Süd Sudan 
 lt:Pietų Sudanas 
 lv:Dienvidsudāna 
 mdf:Лямбеширень Судан 
 mk:Јужен Судан 
 ml:ദക്ഷിണ സുഡാൻ 
 mr:दक्षिण सुदान 
 mrj:Кечӹвӓлвел Судан 
 ms:Sudan Selatan 
 my:တောင်ဆူဒန်နိုင်ငံ 
 mzn:جنوبی سودان 
 na:South Sudan 
 nah:Sudan Huitztlāmpa 
 nds:Süüdsudan 
 nds-nl:Zuudsoedan 
 nl:Zuid-Soedan 
 nn:Sør-Sudan 
 no:Sør-Sudan 
 nv:Shádiʼááhjí Soodą́ą 
 oc:Sodan del Sud 
 or:ଦକ୍ଷିନ ସୁଦାନ 
 pl:Sudan Południowy 
 pnb:دکھن سوڈان 
 ps:سوېلي سوډان 
 pt:Sudão do Sul 
 qu:Urin Sudan 
 rm:Sudan dal Sid 
 ro:Sudanul de Sud 
 roa-tara:Sudan d'u Sud 
 ru:Южный Судан 
 sc:Sudan Meridionali 
 scn:Sudan dû Sud 
 sco:Sooth Sudan 
 se:Lulli-Sudan 
 sg:Sudäan-Mbongo 
 sh:Južni Sudan 
 simple:South Sudan 
 sk:Južný Sudán 
 sl:Južni Sudan 
 sn:South Sudan 
 so:Koonfur Suudaan 
 sq:Sudani i Jugut 
 sr:Јужни Судан 
 su:Sudan Kidul 
 sv:Sydsudan 
 sw:Sudan Kusini 
 szl:Połedńowy Sudan 
 ta:தெற்கு சூடான் 
 te:దక్షిణ సూడాన్ 
 th:ประเทศเซาท์ซูดาน 
 tk:Günorta Sudan 
 tl:Timog Sudan 
 tr:Güney Sudan 
 tt:Көньяк Судан 
 udm:Лымшор Судан 
 uk:Південний Судан 
 ur:جنوبی سوڈان 
 uz:Janubiy Sudan 
 vec:Sud Sudan 
 vi:Nam Sudan 
 vo:Sulüda-Sudän 
 war:Salatan nga Sudan 
 yi:דרום סודאן 
 yo:Gúúsù Sudan 
 zh:南蘇丹 
 zh-min-nan:Lâm Sudan 
 zh-yue:南蘇丹 
 zu:ISudan yaseNingizimu 
