Warning: Target:195:70: <no content> : 12.2.5.4.7 - R52 (2) @ WtXmlEndTag.
Warning: <no location>: <no content> : 12.2.5.4.7 - R22 (2) @ WtXmlEndTag.
Warning: Target:204:39: <no content> : 12.2.5.4.7 - R52 (2) @ WtXmlEndTag.
Warning: <no location>: <no content> : 12.2.5.4.7 - R22 (2) @ WtXmlEndTag.
Warning: Target:213:42: <no content> : 12.2.5.4.7 - R52 (2) @ WtXmlEndTag.
Warning: <no location>: <no content> : 12.2.5.4.7 - R22 (2) @ WtXmlEndTag.
Warning: Target:222:83: <no content> : 12.2.5.4.7 - R52 (2) @ WtXmlEndTag.
Warning: <no location>: <no content> : 12.2.5.4.7 - R22 (2) @ WtXmlEndTag.
Warning: Target:231:57: <no content> : 12.2.5.4.7 - R52 (2) @ WtXmlEndTag.
Warning: <no location>: <no content> : 12.2.5.4.7 - R22 (2) @ WtXmlEndTag.
Warning: Target:240:50: <no content> : 12.2.5.4.7 - R52 (2) @ WtXmlEndTag.
Warning: <no location>: <no content> : 12.2.5.4.7 - R22 (2) @ WtXmlEndTag.
Warning: Target:249:57: <no content> : 12.2.5.4.7 - R52 (2) @ WtXmlEndTag.
Warning: <no location>: <no content> : 12.2.5.4.7 - R22 (2) @ WtXmlEndTag.
Warning: Target:259:3: <no content> : 12.2.5.4.7 - R52 (2) @ WtXmlEndTag.
Warning: Target:260:3: <no content> : 12.2.5.4.7 - R20 (2) @ WtXmlEndTag.
<?xml version="1.0" encoding="UTF-8"?>جنوب السودان<ptk:ast xmlns:ptk="http://sweble.org/doc/site/tooling/parser-toolkit/ptk-xml-tools">
   <EngCompiledPage>
      <log>rO0ABXNyAC9vcmcuc3dlYmxlLndpa2l0ZXh0LmVuZ2luZS5sb2dub2Rlcy5Db21waWxlckxvZwAAAAAAAAABAgACTAAIcmV2aXNpb250ABBMamF2YS9sYW5nL0xvbmc7TAAFdGl0bGV0ABJMamF2YS9sYW5nL1N0cmluZzt4cgAwb3JnLnN3ZWJsZS53aWtpdGV4dC5lbmdpbmUubG9nbm9kZXMuTG9nQ29udGFpbmVy7Q4ee8hpQHgCAAB4cgAsZGUuZmF1LmNzLm9zci5wdGsuY29tbW9uLmFzdC5Bc3ROb2RlTGlzdEltcGzKfs7OEEjHJgIAAUwACGNoaWxkcmVudAAWTGphdmEvdXRpbC9MaW5rZWRMaXN0O3hyADFkZS5mYXUuY3Mub3NyLnB0ay5jb21tb24uYXN0LkFzdEFic3RyYWN0SW5uZXJOb2RlNo6MRAYzeeQCAAB4cgAoZGUuZmF1LmNzLm9zci5wdGsuY29tbW9uLmFzdC5Bc3ROb2RlSW1wbC5DFf5pXbpSAgACTAAKYXR0cmlidXRlc3QAE0xqYXZhL3V0aWwvSGFzaE1hcDtMAAhsb2NhdGlvbnQAKkxkZS9mYXUvY3Mvb3NyL3B0ay9jb21tb24vYXN0L0FzdExvY2F0aW9uO3hwcHBzcgAUamF2YS51dGlsLkxpbmtlZExpc3QMKVNdSmCIIgMAAHhwdwQAAAAAeHNyAA5qYXZhLmxhbmcuTG9uZzuL5JDMjyPfAgABSgAFdmFsdWV4cgAQamF2YS5sYW5nLk51bWJlcoaslR0LlOCLAgAAeHAAAAAAAAAAAHQABlRhcmdldA==</log>
      <warnings>c3EAfgALdwQAAAAQc3IAO29yZy5zd2VibGUud2lraXRleHQucGFyc2VyLnBvc3Rwcm9jZXNzb3IuVHJlZUJ1aWxkZXJXYXJuaW5nzaL+Wx903gICAAFMAAd0cmlnZ2VydAApTG9yZy9zd2VibGUvd2lraXRleHQvcGFyc2VyL25vZGVzL1d0Tm9kZTt4cgAgZGUuZmF1LmNzLm9zci5wdGsuY29tbW9uLldhcm5pbmcAAAAAAAAAAQIAA0wAB21lc3NhZ2VxAH4AAkwABm9yaWdpbnEAfgACTAAEc3BhbnQAI0xkZS9mYXUvY3Mvb3NyL3B0ay9jb21tb24vYXN0L1NwYW47eHB0ACIxMi4yLjUuNC43IC0gUjUyICgyKSBAIFd0WG1sRW5kVGFndAALVHJlZUJ1aWxkZXJzcgAhZGUuZmF1LmNzLm9zci5wdGsuY29tbW9uLmFzdC5TcGFuAAAAAAAAAAECAANMAAdjb250ZW50cQB+AAJMAARmcm9tcQB+AAlMAAJ0b3EAfgAJeHBwc3IAKGRlLmZhdS5jcy5vc3IucHRrLmNvbW1vbi5hc3QuQXN0TG9jYXRpb24AAAAAAAAAAQIAA0kABmNvbHVtbkkABGxpbmVMAARmaWxlcQB+AAJ4cAAAAEYAAADDdAAGVGFyZ2V0cQB+ABxzcgAsb3JnLnN3ZWJsZS53aWtpdGV4dC5wYXJzZXIubm9kZXMuV3RYbWxFbmRUYWcAAAAAAAAAAQIAAUwABG5hbWVxAH4AAnhyACtvcmcuc3dlYmxlLndpa2l0ZXh0LnBhcnNlci5ub2Rlcy5XdExlYWZOb2Rl4+hqAwMyWRQCAAFMAANydGR0ACVMb3JnL3N3ZWJsZS93aWtpdGV4dC9wYXJzZXIvV3RSdERhdGE7eHIALGRlLmZhdS5jcy5vc3IucHRrLmNvbW1vbi5hc3QuQXN0TGVhZk5vZGVJbXBsKrpBcjG3CY4CAAB4cQB+AAdwcQB+ABxzcgAjb3JnLnN3ZWJsZS53aWtpdGV4dC5wYXJzZXIuV3RSdERhdGEAAAAAAAAAAQIAAHhyACNkZS5mYXUuY3Mub3NyLnB0ay5jb21tb24uYXN0LlJ0RGF0YQAAAAAAAAABAgABWwAGZmllbGRzdAAUW1tMamF2YS9sYW5nL09iamVjdDt4cHVyABRbW0xqYXZhLmxhbmcuT2JqZWN0Oxi/+1Pka9vKAgAAeHAAAAABdXIAE1tMamF2YS5sYW5nLk9iamVjdDuQzlifEHMpbAIAAHhwAAAAAXQABzwvc3Bhbj50AARzcGFuc3EAfgASdAAiMTIuMi41LjQuNyAtIFIyMiAoMikgQCBXdFhtbEVuZFRhZ3QAC1RyZWVCdWlsZGVyc3EAfgAZcHBwc3EAfgAec3IAEWphdmEudXRpbC5IYXNoTWFwBQfawcMWYNEDAAJGAApsb2FkRmFjdG9ySQAJdGhyZXNob2xkeHA/QAAAAAAADHcIAAAAEAAAAAF0AAlzeW50aGV0aWNzcgARamF2YS5sYW5nLkJvb2xlYW7NIHKA1Zz67gIAAVoABXZhbHVleHABeHBwdAABcHNxAH4AEnQAIjEyLjIuNS40LjcgLSBSNTIgKDIpIEAgV3RYbWxFbmRUYWd0AAtUcmVlQnVpbGRlcnNxAH4AGXBzcQB+ABsAAAAnAAAAzHEAfgAdcQB+ADxzcQB+AB5wcQB+ADxzcQB+ACN1cQB+ACcAAAABdXEAfgApAAAAAXQABzwvc3Bhbj50AARzcGFuc3EAfgASdAAiMTIuMi41LjQuNyAtIFIyMiAoMikgQCBXdFhtbEVuZFRhZ3QAC1RyZWVCdWlsZGVyc3EAfgAZcHBwc3EAfgAec3EAfgAyP0AAAAAAAAx3CAAAABAAAAABcQB+ADRxAH4ANnhwcHEAfgA3c3EAfgASdAAiMTIuMi41LjQuNyAtIFI1MiAoMikgQCBXdFhtbEVuZFRhZ3QAC1RyZWVCdWlsZGVyc3EAfgAZcHNxAH4AGwAAACoAAADVcQB+AB1xAH4ATXNxAH4AHnBxAH4ATXNxAH4AI3VxAH4AJwAAAAF1cQB+ACkAAAABdAAHPC9zcGFuPnQABHNwYW5zcQB+ABJ0ACIxMi4yLjUuNC43IC0gUjIyICgyKSBAIFd0WG1sRW5kVGFndAALVHJlZUJ1aWxkZXJzcQB+ABlwcHBzcQB+AB5zcQB+ADI/QAAAAAAADHcIAAAAEAAAAAFxAH4ANHEAfgA2eHBwcQB+ADdzcQB+ABJ0ACIxMi4yLjUuNC43IC0gUjUyICgyKSBAIFd0WG1sRW5kVGFndAALVHJlZUJ1aWxkZXJzcQB+ABlwc3EAfgAbAAAAUwAAAN5xAH4AHXEAfgBec3EAfgAecHEAfgBec3EAfgAjdXEAfgAnAAAAAXVxAH4AKQAAAAF0AAc8L3NwYW4+dAAEc3BhbnNxAH4AEnQAIjEyLjIuNS40LjcgLSBSMjIgKDIpIEAgV3RYbWxFbmRUYWd0AAtUcmVlQnVpbGRlcnNxAH4AGXBwcHNxAH4AHnNxAH4AMj9AAAAAAAAMdwgAAAAQAAAAAXEAfgA0cQB+ADZ4cHBxAH4AN3NxAH4AEnQAIjEyLjIuNS40LjcgLSBSNTIgKDIpIEAgV3RYbWxFbmRUYWd0AAtUcmVlQnVpbGRlcnNxAH4AGXBzcQB+ABsAAAA5AAAA53EAfgAdcQB+AG9zcQB+AB5wcQB+AG9zcQB+ACN1cQB+ACcAAAABdXEAfgApAAAAAXQABzwvc3Bhbj50AARzcGFuc3EAfgASdAAiMTIuMi41LjQuNyAtIFIyMiAoMikgQCBXdFhtbEVuZFRhZ3QAC1RyZWVCdWlsZGVyc3EAfgAZcHBwc3EAfgAec3EAfgAyP0AAAAAAAAx3CAAAABAAAAABcQB+ADRxAH4ANnhwcHEAfgA3c3EAfgASdAAiMTIuMi41LjQuNyAtIFI1MiAoMikgQCBXdFhtbEVuZFRhZ3QAC1RyZWVCdWlsZGVyc3EAfgAZcHNxAH4AGwAAADIAAADwcQB+AB1xAH4AgHNxAH4AHnBxAH4AgHNxAH4AI3VxAH4AJwAAAAF1cQB+ACkAAAABdAAHPC9zcGFuPnQABHNwYW5zcQB+ABJ0ACIxMi4yLjUuNC43IC0gUjIyICgyKSBAIFd0WG1sRW5kVGFndAALVHJlZUJ1aWxkZXJzcQB+ABlwcHBzcQB+AB5zcQB+ADI/QAAAAAAADHcIAAAAEAAAAAFxAH4ANHEAfgA2eHBwcQB+ADdzcQB+ABJ0ACIxMi4yLjUuNC43IC0gUjUyICgyKSBAIFd0WG1sRW5kVGFndAALVHJlZUJ1aWxkZXJzcQB+ABlwc3EAfgAbAAAAOQAAAPlxAH4AHXEAfgCRc3EAfgAecHEAfgCRc3EAfgAjdXEAfgAnAAAAAXVxAH4AKQAAAAF0AAc8L3NwYW4+dAAEc3BhbnNxAH4AEnQAIjEyLjIuNS40LjcgLSBSMjIgKDIpIEAgV3RYbWxFbmRUYWd0AAtUcmVlQnVpbGRlcnNxAH4AGXBwcHNxAH4AHnNxAH4AMj9AAAAAAAAMdwgAAAAQAAAAAXEAfgA0cQB+ADZ4cHBxAH4AN3NxAH4AEnQAIjEyLjIuNS40LjcgLSBSNTIgKDIpIEAgV3RYbWxFbmRUYWd0AAtUcmVlQnVpbGRlcnNxAH4AGXBzcQB+ABsAAAADAAABA3EAfgAdcQB+AKJzcQB+AB5wcQB+AKJzcQB+ACN1cQB+ACcAAAABdXEAfgApAAAAAXQABzwvc3Bhbj50AARzcGFuc3EAfgASdAAiMTIuMi41LjQuNyAtIFIyMCAoMikgQCBXdFhtbEVuZFRhZ3QAC1RyZWVCdWlsZGVyc3EAfgAZcHNxAH4AGwAAAAMAAAEEcQB+AB1xAH4ArXNxAH4AHnBxAH4ArXNxAH4AI3VxAH4AJwAAAAF1cQB+ACkAAAABdAAGPC9kaXY+dAADZGl2eA==</warnings>
      <entityMap null="true"/>
      <page>
         <ptk:l>
            <ptk:l/>
            <WtXmlElement>
               <rtd>c3EAfgAjdXEAfgAnAAAAA3VxAH4AKQAAAAF0AAY8dGFibGV1cQB+ACkAAAABdAABPnVxAH4AKQAAAAA=</rtd>
               <name>table</name>
               <xmlAttributes>
                  <ptk:l location="Target:1:7">
                     <WtXmlAttribute location="Target:1:7">
                        <rtd>c3EAfgAjdXEAfgAnAAAAAnVxAH4AKQAAAAF0AAggY2xhc3M9InVxAH4AKQAAAAF0AAEi</rtd>
                        <name>class</name>
                        <value>
                           <ptk:l location="Target:1:15">
                              <ptk:t location="Target:1:15">infobox geography vcard</ptk:t>
                           </ptk:l>
                        </value>
                     </WtXmlAttribute>
                     <WtXmlAttribute location="Target:1:39">
                        <rtd>c3EAfgAjdXEAfgAnAAAAAnVxAH4AKQAAAAF0AAggc3R5bGU9InVxAH4AKQAAAAF0AAEi</rtd>
                        <name>style</name>
                        <value>
                           <ptk:l location="Target:1:47">
                              <ptk:t location="Target:1:47">float:left; width: 20em; margin-left:-0.8em; font-size: 80%</ptk:t>
                           </ptk:l>
                        </value>
                     </WtXmlAttribute>
                  </ptk:l>
               </xmlAttributes>
               <body>
                  <ptk:l>
                     <WtTableImplicitTableBody>
                        <rtd null="true"/>
                        <body>
                           <ptk:l>
                              <WtXmlElement>
                                 <rtd>c3EAfgAjdXEAfgAnAAAAA3VxAH4AKQAAAAF0AAM8dHJ1cQB+ACkAAAABdAABPnEAfgC6</rtd>
                                 <name>tr</name>
                                 <xmlAttributes>
                                    <ptk:l location="Target:1:111">
                                       <WtXmlAttribute location="Target:1:111">
                                          <rtd>c3EAfgAjdXEAfgAnAAAAAnVxAH4AKQAAAAF0AAggY2xhc3M9InVxAH4AKQAAAAF0AAEi</rtd>
                                          <name>class</name>
                                          <value>
                                             <ptk:l location="Target:1:119">
                                                <ptk:t location="Target:1:119">adr</ptk:t>
                                             </ptk:l>
                                          </value>
                                       </WtXmlAttribute>
                                    </ptk:l>
                                 </xmlAttributes>
                                 <body>
                                    <ptk:l>
                                       <ptk:t>
          </ptk:t>
                                       <WtXmlElement>
                                          <rtd>c3EAfgAjdXEAfgAnAAAAA3VxAH4AKQAAAAF0AAM8dGh1cQB+ACkAAAABdAABPnEAfgC6</rtd>
                                          <name>th</name>
                                          <xmlAttributes>
                                             <ptk:l location="Target:2:14">
                                                <WtXmlAttribute location="Target:2:14">
                                                   <rtd>c3EAfgAjdXEAfgAnAAAAAnVxAH4AKQAAAAF0AAogY29sc3Bhbj0idXEAfgApAAAAAXQAASI=</rtd>
                                                   <name>colspan</name>
                                                   <value>
                                                      <ptk:l location="Target:2:24">
                                                         <ptk:t location="Target:2:24">3</ptk:t>
                                                      </ptk:l>
                                                   </value>
                                                </WtXmlAttribute>
                                                <WtXmlAttribute location="Target:2:26">
                                                   <rtd>c3EAfgAjdXEAfgAnAAAAAnVxAH4AKQAAAAF0AAggYWxpZ249InVxAH4AKQAAAAF0AAEi</rtd>
                                                   <name>align</name>
                                                   <value>
                                                      <ptk:l location="Target:2:34">
                                                         <ptk:t location="Target:2:34">center</ptk:t>
                                                      </ptk:l>
                                                   </value>
                                                </WtXmlAttribute>
                                                <WtXmlAttribute location="Target:2:41">
                                                   <rtd>c3EAfgAjdXEAfgAnAAAAAnVxAH4AKQAAAAF0AAggY2xhc3M9InVxAH4AKQAAAAF0AAEi</rtd>
                                                   <name>class</name>
                                                   <value>
                                                      <ptk:l location="Target:2:49">
                                                         <ptk:t location="Target:2:49">mergedtoprow</ptk:t>
                                                      </ptk:l>
                                                   </value>
                                                </WtXmlAttribute>
                                                <WtXmlAttribute location="Target:2:62">
                                                   <rtd>c3EAfgAjdXEAfgAnAAAAAnVxAH4AKQAAAAF0ABYKICAgICAgICAgICAgICBzdHlsZT0idXEAfgApAAAAAXQAASI=</rtd>
                                                   <name>style</name>
                                                   <value>
                                                      <ptk:l location="Target:3:22">
                                                         <ptk:t location="Target:3:22">line-height:1.2em; padding:0.25em 0.33em 0.33em; font-size:1.25em;</ptk:t>
                                                      </ptk:l>
                                                   </value>
                                                </WtXmlAttribute>
                                             </ptk:l>
                                          </xmlAttributes>
                                          <body>
                                             <ptk:l>
                                                <WtXmlElement>
                                                   <rtd>c3EAfgAjdXEAfgAnAAAAA3VxAH4AKQAAAAF0AAU8c3BhbnVxAH4AKQAAAAF0AAE+dXEAfgApAAAAAXQABzwvc3Bhbj4=</rtd>
                                                   <name>span</name>
                                                   <xmlAttributes>
                                                      <ptk:l location="Target:3:95">
                                                         <WtXmlAttribute location="Target:3:95">
                                                            <rtd>c3EAfgAjdXEAfgAnAAAAAnVxAH4AKQAAAAF0AAggY2xhc3M9InVxAH4AKQAAAAF0AAEi</rtd>
                                                            <name>class</name>
                                                            <value>
                                                               <ptk:l location="Target:3:103">
                                                                  <ptk:t location="Target:3:103"> fn org country-name</ptk:t>
                                                               </ptk:l>
                                                            </value>
                                                         </WtXmlAttribute>
                                                      </ptk:l>
                                                   </xmlAttributes>
                                                   <body>
                                                      <ptk:l>
                                                         <ptk:t location="Target:3:125">جمهورية جنوب السودان</ptk:t>
                                                      </ptk:l>
                                                   </body>
                                                </WtXmlElement>
                                             </ptk:l>
                                          </body>
                                       </WtXmlElement>
                                       <ptk:t>
        </ptk:t>
                                    </ptk:l>
                                 </body>
                              </WtXmlElement>
                              <WtXmlElement>
                                 <rtd>c3EAfgAjdXEAfgAnAAAAA3VxAH4AKQAAAAF0AAM8dHJ1cQB+ACkAAAABdAABPnEAfgC6</rtd>
                                 <name>tr</name>
                                 <xmlAttributes>
                                    <ptk:l location="Target:4:17">
                                       <WtXmlAttribute location="Target:4:17">
                                          <rtd>c3EAfgAjdXEAfgAnAAAAAnVxAH4AKQAAAAF0AAggY2xhc3M9InVxAH4AKQAAAAF0AAEi</rtd>
                                          <name>class</name>
                                          <value>
                                             <ptk:l location="Target:4:25">
                                                <ptk:t location="Target:4:25">mergedtoprow</ptk:t>
                                             </ptk:l>
                                          </value>
                                       </WtXmlAttribute>
                                    </ptk:l>
                                 </xmlAttributes>
                                 <body>
                                    <ptk:l>
                                       <ptk:t>
         </ptk:t>
                                       <WtXmlElement>
                                          <rtd>c3EAfgAjdXEAfgAnAAAAA3VxAH4AKQAAAAF0AAM8dGR1cQB+ACkAAAABdAABPnEAfgC6</rtd>
                                          <name>td</name>
                                          <xmlAttributes>
                                             <ptk:l location="Target:5:13">
                                                <WtXmlAttribute location="Target:5:13">
                                                   <rtd>c3EAfgAjdXEAfgAnAAAAAnVxAH4AKQAAAAF0AAggY2xhc3M9InVxAH4AKQAAAAF0AAEi</rtd>
                                                   <name>class</name>
                                                   <value>
                                                      <ptk:l location="Target:5:21">
                                                         <ptk:t location="Target:5:21">maptable</ptk:t>
                                                      </ptk:l>
                                                   </value>
                                                </WtXmlAttribute>
                                                <WtXmlAttribute location="Target:5:30">
                                                   <rtd>c3EAfgAjdXEAfgAnAAAAAnVxAH4AKQAAAAF0AAogY29sc3Bhbj0idXEAfgApAAAAAXQAASI=</rtd>
                                                   <name>colspan</name>
                                                   <value>
                                                      <ptk:l location="Target:5:40">
                                                         <ptk:t location="Target:5:40">3</ptk:t>
                                                      </ptk:l>
                                                   </value>
                                                </WtXmlAttribute>
                                                <WtXmlAttribute location="Target:5:42">
                                                   <rtd>c3EAfgAjdXEAfgAnAAAAAnVxAH4AKQAAAAF0AAggYWxpZ249InVxAH4AKQAAAAF0AAEi</rtd>
                                                   <name>align</name>
                                                   <value>
                                                      <ptk:l location="Target:5:50">
                                                         <ptk:t location="Target:5:50">center</ptk:t>
                                                      </ptk:l>
                                                   </value>
                                                </WtXmlAttribute>
                                                <WtXmlAttribute location="Target:5:57">
                                                   <rtd>c3EAfgAjdXEAfgAnAAAAAnVxAH4AKQAAAAF0AAggc3R5bGU9InVxAH4AKQAAAAF0AAEi</rtd>
                                                   <name>style</name>
                                                   <value>
                                                      <ptk:l location="Target:5:65">
                                                         <ptk:t location="Target:5:65">padding:0.5em 0;</ptk:t>
                                                      </ptk:l>
                                                   </value>
                                                </WtXmlAttribute>
                                             </ptk:l>
                                          </xmlAttributes>
                                          <body>
                                             <ptk:l>
                                                <WtXmlElement>
                                                   <rtd>c3EAfgAjdXEAfgAnAAAAA3VxAH4AKQAAAAF0AAY8dGFibGV1cQB+ACkAAAABdAABPnEAfgC6</rtd>
                                                   <name>table</name>
                                                   <xmlAttributes>
                                                      <ptk:l location="Target:5:89">
                                                         <WtXmlAttribute location="Target:5:89">
                                                            <rtd>c3EAfgAjdXEAfgAnAAAAAnVxAH4AKQAAAAF0AAggYWxpZ249InVxAH4AKQAAAAF0AAEi</rtd>
                                                            <name>align</name>
                                                            <value>
                                                               <ptk:l location="Target:5:97">
                                                                  <ptk:t location="Target:5:97">center</ptk:t>
                                                               </ptk:l>
                                                            </value>
                                                         </WtXmlAttribute>
                                                         <WtXmlAttribute location="Target:5:104">
                                                            <rtd>c3EAfgAjdXEAfgAnAAAAAnVxAH4AKQAAAAF0AAggc3R5bGU9InVxAH4AKQAAAAF0AAEi</rtd>
                                                            <name>style</name>
                                                            <value>
                                                               <ptk:l location="Target:5:112">
                                                                  <ptk:t location="Target:5:112">width:100%; background:none;</ptk:t>
                                                               </ptk:l>
                                                            </value>
                                                         </WtXmlAttribute>
                                                      </ptk:l>
                                                   </xmlAttributes>
                                                   <body>
                                                      <ptk:l>
                                                         <WtTableImplicitTableBody>
                                                            <rtd null="true"/>
                                                            <body>
                                                               <ptk:l>
                                                                  <WtXmlElement>
                                                                     <rtd>c3EAfgAjdXEAfgAnAAAAA3VxAH4AKQAAAAF0AAM8dHJ1cQB+ACkAAAABdAABPnEAfgC6</rtd>
                                                                     <name>tr</name>
                                                                     <xmlAttributes>
                                                                        <WtXmlAttributes-WtEmptyXmlAttributes/>
                                                                     </xmlAttributes>
                                                                     <body>
                                                                        <ptk:l>
                                                                           <ptk:t>
               </ptk:t>
                                                                           <WtXmlElement>
                                                                              <rtd>c3EAfgAjdXEAfgAnAAAAA3VxAH4AKQAAAAF0AAM8dGR1cQB+ACkAAAABdAABPnEAfgC6</rtd>
                                                                              <name>td</name>
                                                                              <xmlAttributes>
                                                                                 <ptk:l location="Target:6:19">
                                                                                    <WtXmlAttribute location="Target:6:19">
                                                                                       <rtd>c3EAfgAjdXEAfgAnAAAAAnVxAH4AKQAAAAF0AAggYWxpZ249InVxAH4AKQAAAAF0AAEi</rtd>
                                                                                       <name>align</name>
                                                                                       <value>
                                                                                          <ptk:l location="Target:6:27">
                                                                                             <ptk:t location="Target:6:27">center</ptk:t>
                                                                                          </ptk:l>
                                                                                       </value>
                                                                                    </WtXmlAttribute>
                                                                                    <WtXmlAttribute location="Target:6:34">
                                                                                       <rtd>c3EAfgAjdXEAfgAnAAAAAnVxAH4AKQAAAAF0ABsKICAgICAgICAgICAgICAgICAgIHN0eWxlPSJ1cQB+ACkAAAABdAABIg==</rtd>
                                                                                       <name>style</name>
                                                                                       <value>
                                                                                          <ptk:l location="Target:7:27">
                                                                                             <ptk:t location="Target:7:27">width:58%; vertical-align:middle;</ptk:t>
                                                                                          </ptk:l>
                                                                                       </value>
                                                                                    </WtXmlAttribute>
                                                                                 </ptk:l>
                                                                              </xmlAttributes>
                                                                              <body>
                                                                                 <ptk:l>
                                                                                    <WtImageLink>
                                                                                       <rtd>c3EAfgAjdXEAfgAnAAAABHVxAH4AKQAAAAF0AAJbW3EAfgC6cQB+ALp1cQB+ACkAAAABdAACXV0=</rtd>
                                                                                       <width>125</width>
                                                                                       <height>-1</height>
                                                                                       <upright>false</upright>
                                                                                       <hAlign>UNSPECIFIED</hAlign>
                                                                                       <vAlign>MIDDLE</vAlign>
                                                                                       <format>UNRESTRAINED</format>
                                                                                       <border>true</border>
                                                                                       <link>c3IAPG9yZy5zd2VibGUud2lraXRleHQucGFyc2VyLm5vZGVzLld0SW1hZ2VMaW5rJEltYWdlTGlua1RhcmdldGhCkWIiEAZXAgACTAAGdGFyZ2V0dAAvTG9yZy9zd2VibGUvd2lraXRleHQvcGFyc2VyL25vZGVzL1d0TGlua1RhcmdldDtMAAp0YXJnZXRUeXBldAA+TG9yZy9zd2VibGUvd2lraXRleHQvcGFyc2VyL25vZGVzL1d0TGlua1RhcmdldCRMaW5rVGFyZ2V0VHlwZTt4cHNyADZvcmcuc3dlYmxlLndpa2l0ZXh0LnBhcnNlci5ub2Rlcy5XdExpbmtUYXJnZXQkV3ROb0xpbms9h+f2phEDNwIAAHhyADVvcmcuc3dlYmxlLndpa2l0ZXh0LnBhcnNlci5ub2Rlcy5XdEVtcHR5SW1tdXRhYmxlTm9kZY78s/mB0VZ3AgAAeHB+cgA8b3JnLnN3ZWJsZS53aWtpdGV4dC5wYXJzZXIubm9kZXMuV3RMaW5rVGFyZ2V0JExpbmtUYXJnZXRUeXBlAAAAAAAAAAASAAB4cgAOamF2YS5sYW5nLkVudW0AAAAAAAAAABIAAHhwdAAHREVGQVVMVA==</link>
                                                                                       <alt>
                                                                                          <WtLinkOptionAltText-WtLinkOptionAltTextImpl location="Target:7:104">
                                                                                             <rtd>c3EAfgAjdXEAfgAnAAAAAnVxAH4AKQAAAAF0AAV8YWx0PXEAfgC6</rtd>
                                                                                          </WtLinkOptionAltText-WtLinkOptionAltTextImpl>
                                                                                       </alt>
                                                                                       <target>
                                                                                          <WtPageName location="Target:7:64">
                                                                                             <content>File:Flag of the SPLAM.svg</content>
                                                                                             <rtd null="true"/>
                                                                                          </WtPageName>
                                                                                       </target>
                                                                                       <options>
                                                                                          <ptk:l location="Target:7:90">
                                                                                             <WtLinkOptionResize location="Target:7:91">
                                                                                                <rtd>c3EAfgAjdXEAfgAnAAAAAXVxAH4AKQAAAAF0AAZ8MTI1cHg=</rtd>
                                                                                                <width>125</width>
                                                                                                <height>-1</height>
                                                                                             </WtLinkOptionResize>
                                                                                             <WtLinkOptionKeyword location="Target:7:97">
                                                                                                <rtd>c3EAfgAjdXEAfgAnAAAAAXVxAH4AKQAAAAF0AAd8Ym9yZGVy</rtd>
                                                                                                <keyword>border</keyword>
                                                                                             </WtLinkOptionKeyword>
                                                                                             <ptk:l location="Target:7:104"/>
                                                                                          </ptk:l>
                                                                                       </options>
                                                                                       <title>
                                                                                          <ptk:l>
                                                                                             <ptk:t location="Target:7:109">Flag of South Sudan</ptk:t>
                                                                                          </ptk:l>
                                                                                       </title>
                                                                                    </WtImageLink>
                                                                                 </ptk:l>
                                                                              </body>
                                                                           </WtXmlElement>
                                                                           <ptk:t>
               </ptk:t>
                                                                           <WtXmlElement>
                                                                              <rtd>c3EAfgAjdXEAfgAnAAAAA3VxAH4AKQAAAAF0AAM8dGR1cQB+ACkAAAABdAABPnEAfgC6</rtd>
                                                                              <name>td</name>
                                                                              <xmlAttributes>
                                                                                 <ptk:l location="Target:8:19">
                                                                                    <WtXmlAttribute location="Target:8:19">
                                                                                       <rtd>c3EAfgAjdXEAfgAnAAAAAnVxAH4AKQAAAAF0AAggYWxpZ249InVxAH4AKQAAAAF0AAEi</rtd>
                                                                                       <name>align</name>
                                                                                       <value>
                                                                                          <ptk:l location="Target:8:27">
                                                                                             <ptk:t location="Target:8:27">center</ptk:t>
                                                                                          </ptk:l>
                                                                                       </value>
                                                                                    </WtXmlAttribute>
                                                                                    <WtXmlAttribute location="Target:8:34">
                                                                                       <rtd>c3EAfgAjdXEAfgAnAAAAAnVxAH4AKQAAAAF0AAggc3R5bGU9InVxAH4AKQAAAAF0AAEi</rtd>
                                                                                       <name>style</name>
                                                                                       <value>
                                                                                          <ptk:l location="Target:8:42">
                                                                                             <ptk:t location="Target:8:42">width:auto; vertical-align:middle;</ptk:t>
                                                                                          </ptk:l>
                                                                                       </value>
                                                                                    </WtXmlAttribute>
                                                                                 </ptk:l>
                                                                              </xmlAttributes>
                                                                              <body>
                                                                                 <ptk:l>
                                                                                    <WtImageLink>
                                                                                       <rtd>c3EAfgAjdXEAfgAnAAAABHVxAH4AKQAAAAFxAH4BVnEAfgC6cQB+ALp1cQB+ACkAAAABcQB+AVg=</rtd>
                                                                                       <width>85</width>
                                                                                       <height>-1</height>
                                                                                       <upright>false</upright>
                                                                                       <hAlign>UNSPECIFIED</hAlign>
                                                                                       <vAlign>MIDDLE</vAlign>
                                                                                       <format>UNRESTRAINED</format>
                                                                                       <border>false</border>
                                                                                       <link>c3EAfgFZcQB+AV9xAH4BYg==</link>
                                                                                       <alt>
                                                                                          <WtLinkOptionAltText-WtLinkOptionAltTextImpl location="Target:8:124">
                                                                                             <rtd>c3EAfgAjdXEAfgAnAAAAAnVxAH4AKQAAAAF0AAV8YWx0PXEAfgC6</rtd>
                                                                                          </WtLinkOptionAltText-WtLinkOptionAltTextImpl>
                                                                                       </alt>
                                                                                       <target>
                                                                                          <WtPageName location="Target:8:80">
                                                                                             <content>File:Coat of Arms of South Sudan.svg </content>
                                                                                             <rtd null="true"/>
                                                                                          </WtPageName>
                                                                                       </target>
                                                                                       <options>
                                                                                          <ptk:l location="Target:8:117">
                                                                                             <WtLinkOptionResize location="Target:8:118">
                                                                                                <rtd>c3EAfgAjdXEAfgAnAAAAAXVxAH4AKQAAAAF0AAZ8ODVweCA=</rtd>
                                                                                                <width>85</width>
                                                                                                <height>-1</height>
                                                                                             </WtLinkOptionResize>
                                                                                             <ptk:l location="Target:8:124"/>
                                                                                          </ptk:l>
                                                                                       </options>
                                                                                       <title>
                                                                                          <ptk:l>
                                                                                             <ptk:t location="Target:8:129">Emblem of South Sudan</ptk:t>
                                                                                          </ptk:l>
                                                                                       </title>
                                                                                    </WtImageLink>
                                                                                 </ptk:l>
                                                                              </body>
                                                                           </WtXmlElement>
                                                                           <ptk:t>
             </ptk:t>
                                                                        </ptk:l>
                                                                     </body>
                                                                  </WtXmlElement>
                                                                  <WtXmlElement>
                                                                     <rtd>c3EAfgAjdXEAfgAnAAAAA3VxAH4AKQAAAAF0AAM8dHJ1cQB+ACkAAAABdAABPnEAfgC6</rtd>
                                                                     <name>tr</name>
                                                                     <xmlAttributes>
                                                                        <WtXmlAttributes-WtEmptyXmlAttributes/>
                                                                     </xmlAttributes>
                                                                     <body>
                                                                        <ptk:l>
                                                                           <ptk:t>
               </ptk:t>
                                                                           <WtXmlElement>
                                                                              <rtd>c3EAfgAjdXEAfgAnAAAAA3VxAH4AKQAAAAF0AAM8dGR1cQB+ACkAAAABdAABPnEAfgC6</rtd>
                                                                              <name>td</name>
                                                                              <xmlAttributes>
                                                                                 <ptk:l location="Target:10:19">
                                                                                    <WtXmlAttribute location="Target:10:19">
                                                                                       <rtd>c3EAfgAjdXEAfgAnAAAAAnVxAH4AKQAAAAF0AAggYWxpZ249InVxAH4AKQAAAAF0AAEi</rtd>
                                                                                       <name>align</name>
                                                                                       <value>
                                                                                          <ptk:l location="Target:10:27">
                                                                                             <ptk:t location="Target:10:27">center</ptk:t>
                                                                                          </ptk:l>
                                                                                       </value>
                                                                                    </WtXmlAttribute>
                                                                                 </ptk:l>
                                                                              </xmlAttributes>
                                                                              <body>
                                                                                 <ptk:l>
                                                                                    <WtXmlElement>
                                                                                       <rtd>c3EAfgAjdXEAfgAnAAAAA3VxAH4AKQAAAAF0AAY8c21hbGx1cQB+ACkAAAABdAABPnVxAH4AKQAAAAF0AAg8L3NtYWxsPg==</rtd>
                                                                                       <name>small</name>
                                                                                       <xmlAttributes>
                                                                                          <WtXmlAttributes-WtEmptyXmlAttributes/>
                                                                                       </xmlAttributes>
                                                                                       <body>
                                                                                          <ptk:l/>
                                                                                       </body>
                                                                                    </WtXmlElement>
                                                                                 </ptk:l>
                                                                              </body>
                                                                           </WtXmlElement>
                                                                           <ptk:t>
               </ptk:t>
                                                                           <WtXmlElement>
                                                                              <rtd>c3EAfgAjdXEAfgAnAAAAA3VxAH4AKQAAAAF0AAM8dGR1cQB+ACkAAAABdAABPnEAfgC6</rtd>
                                                                              <name>td</name>
                                                                              <xmlAttributes>
                                                                                 <ptk:l location="Target:11:19">
                                                                                    <WtXmlAttribute location="Target:11:19">
                                                                                       <rtd>c3EAfgAjdXEAfgAnAAAAAnVxAH4AKQAAAAF0AAggYWxpZ249InVxAH4AKQAAAAF0AAEi</rtd>
                                                                                       <name>align</name>
                                                                                       <value>
                                                                                          <ptk:l location="Target:11:27">
                                                                                             <ptk:t location="Target:11:27">center</ptk:t>
                                                                                          </ptk:l>
                                                                                       </value>
                                                                                    </WtXmlAttribute>
                                                                                 </ptk:l>
                                                                              </xmlAttributes>
                                                                              <body>
                                                                                 <ptk:l>
                                                                                    <WtXmlElement>
                                                                                       <rtd>c3EAfgAjdXEAfgAnAAAAA3VxAH4AKQAAAAF0AAY8c21hbGx1cQB+ACkAAAABdAABPnVxAH4AKQAAAAF0AAg8L3NtYWxsPg==</rtd>
                                                                                       <name>small</name>
                                                                                       <xmlAttributes>
                                                                                          <WtXmlAttributes-WtEmptyXmlAttributes/>
                                                                                       </xmlAttributes>
                                                                                       <body>
                                                                                          <ptk:l/>
                                                                                       </body>
                                                                                    </WtXmlElement>
                                                                                 </ptk:l>
                                                                              </body>
                                                                           </WtXmlElement>
                                                                           <ptk:t>
             </ptk:t>
                                                                        </ptk:l>
                                                                     </body>
                                                                  </WtXmlElement>
                                                               </ptk:l>
                                                            </body>
                                                         </WtTableImplicitTableBody>
                                                      </ptk:l>
                                                   </body>
                                                </WtXmlElement>
                                                <ptk:t>
         </ptk:t>
                                             </ptk:l>
                                          </body>
                                       </WtXmlElement>
                                       <ptk:t>
       </ptk:t>
                                    </ptk:l>
                                 </body>
                              </WtXmlElement>
                              <WtXmlElement>
                                 <rtd>c3EAfgAjdXEAfgAnAAAAA3VxAH4AKQAAAAF0AAM8dHJ1cQB+ACkAAAABdAABPnEAfgC6</rtd>
                                 <name>tr</name>
                                 <xmlAttributes>
                                    <WtXmlAttributes-WtEmptyXmlAttributes/>
                                 </xmlAttributes>
                                 <body>
                                    <ptk:l>
                                       <ptk:t> </ptk:t>
                                       <WtXmlElement>
                                          <rtd>c3EAfgAjdXEAfgAnAAAAA3VxAH4AKQAAAAF0AAM8dGR1cQB+ACkAAAABdAABPnEAfgC6</rtd>
                                          <name>td</name>
                                          <xmlAttributes>
                                             <ptk:l location="Target:14:21">
                                                <WtXmlAttribute location="Target:14:21">
                                                   <rtd>c3EAfgAjdXEAfgAnAAAAAnVxAH4AKQAAAAF0AAogY29sc3Bhbj0idXEAfgApAAAAAXQAASI=</rtd>
                                                   <name>colspan</name>
                                                   <value>
                                                      <ptk:l location="Target:14:31">
                                                         <ptk:t location="Target:14:31">3</ptk:t>
                                                      </ptk:l>
                                                   </value>
                                                </WtXmlAttribute>
                                                <WtXmlAttribute location="Target:14:33">
                                                   <rtd>c3EAfgAjdXEAfgAnAAAAAnVxAH4AKQAAAAF0AAggc3R5bGU9InVxAH4AKQAAAAF0AAEi</rtd>
                                                   <name>style</name>
                                                   <value>
                                                      <ptk:l location="Target:14:41">
                                                         <ptk:t location="Target:14:41">line-height:1.2em; text-align:center;</ptk:t>
                                                      </ptk:l>
                                                   </value>
                                                </WtXmlAttribute>
                                             </ptk:l>
                                          </xmlAttributes>
                                          <body>
                                             <ptk:l>
                                                <ptk:l>
                                                   <ptk:t location="Target:14:83">ال</ptk:t>
                                                   <WtInternalLink>
                                                      <rtd>c3EAfgAjdXEAfgAnAAAAA3VxAH4AKQAAAAFxAH4BVnEAfgC6dXEAfgApAAAAAXEAfgFY</rtd>
                                                      <prefix/>
                                                      <postfix/>
                                                      <target>
                                                         <WtPageName location="Target:14:87">
                                                            <content>شعار</content>
                                                            <rtd null="true"/>
                                                         </WtPageName>
                                                      </target>
                                                      <title>
                                                         <WtLinkTitle-WtNoLinkTitle/>
                                                      </title>
                                                   </WtInternalLink>
                                                   <ptk:t location="Target:14:93">:</ptk:t>
                                                   <WtXmlEntityRef location="Target:14:95">
                                                      <rtd>c3EAfgAjdXEAfgAnAAAAAXVxAH4AKQAAAAF0AAYmbmJzcDs=</rtd>
                                                      <name>nbsp</name>
                                                      <resolved> </resolved>
                                                   </WtXmlEntityRef>
                                                </ptk:l>
                                                <ptk:t location="Target:14:103">"Justice, Liberty, Prosperity"</ptk:t>
                                             </ptk:l>
                                          </body>
                                       </WtXmlElement>
                                       <ptk:t>
        </ptk:t>
                                    </ptk:l>
                                 </body>
                              </WtXmlElement>
                              <WtXmlElement>
                                 <rtd>c3EAfgAjdXEAfgAnAAAAA3VxAH4AKQAAAAF0AAM8dHJ1cQB+ACkAAAABdAABPnEAfgC6</rtd>
                                 <name>tr</name>
                                 <xmlAttributes>
                                    <WtXmlAttributes-WtEmptyXmlAttributes/>
                                 </xmlAttributes>
                                 <body>
                                    <ptk:l>
                                       <ptk:t>
          </ptk:t>
                                       <WtXmlElement>
                                          <rtd>c3EAfgAjdXEAfgAnAAAAA3VxAH4AKQAAAAF0AAM8dGR1cQB+ACkAAAABdAABPnEAfgC6</rtd>
                                          <name>td</name>
                                          <xmlAttributes>
                                             <ptk:l location="Target:16:14">
                                                <WtXmlAttribute location="Target:16:14">
                                                   <rtd>c3EAfgAjdXEAfgAnAAAAAnVxAH4AKQAAAAF0AAggY2xhc3M9InVxAH4AKQAAAAF0AAEi</rtd>
                                                   <name>class</name>
                                                   <value>
                                                      <ptk:l location="Target:16:22">
                                                         <ptk:t location="Target:16:22">anthem</ptk:t>
                                                      </ptk:l>
                                                   </value>
                                                </WtXmlAttribute>
                                                <WtXmlAttribute location="Target:16:29">
                                                   <rtd>c3EAfgAjdXEAfgAnAAAAAnVxAH4AKQAAAAF0AAogY29sc3Bhbj0idXEAfgApAAAAAXQAASI=</rtd>
                                                   <name>colspan</name>
                                                   <value>
                                                      <ptk:l location="Target:16:39">
                                                         <ptk:t location="Target:16:39">3</ptk:t>
                                                      </ptk:l>
                                                   </value>
                                                </WtXmlAttribute>
                                                <WtXmlAttribute location="Target:16:41">
                                                   <rtd>c3EAfgAjdXEAfgAnAAAAAnVxAH4AKQAAAAF0AAggc3R5bGU9InVxAH4AKQAAAAF0AAEi</rtd>
                                                   <name>style</name>
                                                   <value>
                                                      <ptk:l location="Target:16:49">
                                                         <ptk:t location="Target:16:49">line-height:1.2em; text-align:center;</ptk:t>
                                                      </ptk:l>
                                                   </value>
                                                </WtXmlAttribute>
                                             </ptk:l>
                                          </xmlAttributes>
                                          <body>
                                             <ptk:l>
                                                <ptk:l>
                                                   <WtInternalLink>
                                                      <rtd>c3EAfgAjdXEAfgAnAAAAA3VxAH4AKQAAAAFxAH4BVnEAfgC6dXEAfgApAAAAAXEAfgFY</rtd>
                                                      <prefix/>
                                                      <postfix/>
                                                      <target>
                                                         <WtPageName location="Target:16:93">
                                                            <content>النشيد</content>
                                                            <rtd null="true"/>
                                                         </WtPageName>
                                                      </target>
                                                      <title>
                                                         <WtLinkTitle-WtNoLinkTitle/>
                                                      </title>
                                                   </WtInternalLink>
                                                   <ptk:t location="Target:16:101">:</ptk:t>
                                                   <WtXmlEntityRef location="Target:16:103">
                                                      <rtd>c3EAfgAjdXEAfgAnAAAAAXVxAH4AKQAAAAF0AAYmbmJzcDs=</rtd>
                                                      <name>nbsp</name>
                                                      <resolved> </resolved>
                                                   </WtXmlEntityRef>
                                                </ptk:l>
                                                <ptk:t location="Target:16:111">"</ptk:t>
                                                <WtInternalLink>
                                                   <rtd>c3EAfgAjdXEAfgAnAAAAA3VxAH4AKQAAAAFxAH4BVnEAfgC6dXEAfgApAAAAAXEAfgFY</rtd>
                                                   <prefix/>
                                                   <postfix/>
                                                   <target>
                                                      <WtPageName location="Target:16:114">
                                                         <content>South Sudan Oyee!</content>
                                                         <rtd null="true"/>
                                                      </WtPageName>
                                                   </target>
                                                   <title>
                                                      <WtLinkTitle-WtNoLinkTitle/>
                                                   </title>
                                                </WtInternalLink>
                                                <ptk:t location="Target:16:133">"</ptk:t>
                                                <WtXmlElement>
                                                   <rtd>c3EAfgAjdXEAfgAnAAAAA3VxAH4AKQAAAAF0AAM8YnJ1cQB+ACkAAAABdAACLz5xAH4Aug==</rtd>
                                                   <name>br</name>
                                                   <xmlAttributes>
                                                      <WtXmlAttributes-WtEmptyXmlAttributes/>
                                                   </xmlAttributes>
                                                   <body>
                                                      <WtBody-WtNoBody/>
                                                   </body>
                                                </WtXmlElement>
                                             </ptk:l>
                                          </body>
                                       </WtXmlElement>
                                       <ptk:t>
        </ptk:t>
                                    </ptk:l>
                                 </body>
                              </WtXmlElement>
                              <WtXmlElement>
                                 <rtd>c3EAfgAjdXEAfgAnAAAAA3VxAH4AKQAAAAF0AAM8dHJ1cQB+ACkAAAABdAABPnEAfgC6</rtd>
                                 <name>tr</name>
                                 <xmlAttributes>
                                    <WtXmlAttributes-WtEmptyXmlAttributes/>
                                 </xmlAttributes>
                                 <body>
                                    <ptk:l>
                                       <ptk:t>
          </ptk:t>
                                       <WtXmlElement>
                                          <rtd>c3EAfgAjdXEAfgAnAAAAA3VxAH4AKQAAAAF0AAM8dGR1cQB+ACkAAAABdAABPnEAfgC6</rtd>
                                          <name>td</name>
                                          <xmlAttributes>
                                             <ptk:l location="Target:18:14">
                                                <WtXmlAttribute location="Target:18:14">
                                                   <rtd>c3EAfgAjdXEAfgAnAAAAAnVxAH4AKQAAAAF0AAogY29sc3Bhbj0idXEAfgApAAAAAXQAASI=</rtd>
                                                   <name>colspan</name>
                                                   <value>
                                                      <ptk:l location="Target:18:24">
                                                         <ptk:t location="Target:18:24">3</ptk:t>
                                                      </ptk:l>
                                                   </value>
                                                </WtXmlAttribute>
                                                <WtXmlAttribute location="Target:18:26">
                                                   <rtd>c3EAfgAjdXEAfgAnAAAAAnVxAH4AKQAAAAF0AAggc3R5bGU9InVxAH4AKQAAAAF0AAEi</rtd>
                                                   <name>style</name>
                                                   <value>
                                                      <ptk:l location="Target:18:34">
                                                         <ptk:t location="Target:18:34">text-align:center; padding:0.6em 0em;</ptk:t>
                                                      </ptk:l>
                                                   </value>
                                                </WtXmlAttribute>
                                             </ptk:l>
                                          </xmlAttributes>
                                          <body>
                                             <ptk:l>
                                                <WtImageLink>
                                                   <rtd>c3EAfgAjdXEAfgAnAAAABHVxAH4AKQAAAAFxAH4BVnEAfgC6cQB+ALp1cQB+ACkAAAABcQB+AVg=</rtd>
                                                   <width>250</width>
                                                   <height>-1</height>
                                                   <upright>false</upright>
                                                   <hAlign>CENTER</hAlign>
                                                   <vAlign>MIDDLE</vAlign>
                                                   <format>UNRESTRAINED</format>
                                                   <border>false</border>
                                                   <link>c3EAfgFZcQB+AV9xAH4BYg==</link>
                                                   <alt>
                                                      <WtLinkOptionAltText-WtLinkOptionAltTextImpl location="Target:18:150">
                                                         <rtd>c3EAfgAjdXEAfgAnAAAAAnVxAH4AKQAAAAF0AAV8YWx0PXEAfgC6</rtd>
                                                      </WtLinkOptionAltText-WtLinkOptionAltTextImpl>
                                                   </alt>
                                                   <target>
                                                      <WtPageName location="Target:18:75">
                                                         <content>File:Sudan Sudan (orthographic projection) highlighted.svg </content>
                                                         <rtd null="true"/>
                                                      </WtPageName>
                                                   </target>
                                                   <options>
                                                      <ptk:l location="Target:18:134">
                                                         <WtLinkOptionResize location="Target:18:135">
                                                            <rtd>c3EAfgAjdXEAfgAnAAAAAXVxAH4AKQAAAAF0AAd8MjUwcHgg</rtd>
                                                            <width>250</width>
                                                            <height>-1</height>
                                                         </WtLinkOptionResize>
                                                         <WtLinkOptionKeyword location="Target:18:142">
                                                            <rtd>c3EAfgAjdXEAfgAnAAAAAXVxAH4AKQAAAAF0AAh8Y2VudGVyIA==</rtd>
                                                            <keyword>center</keyword>
                                                         </WtLinkOptionKeyword>
                                                         <ptk:l location="Target:18:150"/>
                                                      </ptk:l>
                                                   </options>
                                                   <title>
                                                      <ptk:l>
                                                         <ptk:t location="Target:18:155">مكان South Sudan  </ptk:t>
                                                      </ptk:l>
                                                   </title>
                                                </WtImageLink>
                                                <ptk:t location="Target:18:175"> </ptk:t>
                                                <WtXmlElement>
                                                   <rtd>c3EAfgAjdXEAfgAnAAAAA3VxAH4AKQAAAAF0AAQ8ZGl2dXEAfgApAAAAAXQAAT51cQB+ACkAAAABdAAGPC9kaXY+</rtd>
                                                   <name>div</name>
                                                   <xmlAttributes>
                                                      <ptk:l location="Target:18:180">
                                                         <WtXmlAttribute location="Target:18:180">
                                                            <rtd>c3EAfgAjdXEAfgAnAAAAAnVxAH4AKQAAAAF0AAggc3R5bGU9InVxAH4AKQAAAAF0AAEi</rtd>
                                                            <name>style</name>
                                                            <value>
                                                               <ptk:l location="Target:18:188">
                                                                  <ptk:t location="Target:18:188">position:relative; top:0.3em;</ptk:t>
                                                               </ptk:l>
                                                            </value>
                                                         </WtXmlAttribute>
                                                      </ptk:l>
                                                   </xmlAttributes>
                                                   <body>
                                                      <ptk:l>
                                                         <WtXmlElement>
                                                            <rtd>c3EAfgAjdXEAfgAnAAAAA3VxAH4AKQAAAAF0AAY8c21hbGx1cQB+ACkAAAABdAABPnVxAH4AKQAAAAF0AAg8L3NtYWxsPg==</rtd>
                                                            <name>small</name>
                                                            <xmlAttributes>
                                                               <WtXmlAttributes-WtEmptyXmlAttributes/>
                                                            </xmlAttributes>
                                                            <body>
                                                               <ptk:l/>
                                                            </body>
                                                         </WtXmlElement>
                                                      </ptk:l>
                                                   </body>
                                                </WtXmlElement>
                                                <ptk:t>
          </ptk:t>
                                             </ptk:l>
                                          </body>
                                       </WtXmlElement>
                                       <ptk:t>
        </ptk:t>
                                    </ptk:l>
                                 </body>
                              </WtXmlElement>
                              <WtXmlElement>
                                 <rtd>c3EAfgAjdXEAfgAnAAAAA3VxAH4AKQAAAAF0AAM8dHJ1cQB+ACkAAAABdAABPnEAfgC6</rtd>
                                 <name>tr</name>
                                 <xmlAttributes>
                                    <ptk:l location="Target:20:17">
                                       <WtXmlAttribute location="Target:20:17">
                                          <rtd>c3EAfgAjdXEAfgAnAAAAAnVxAH4AKQAAAAF0AAggY2xhc3M9InVxAH4AKQAAAAF0AAEi</rtd>
                                          <name>class</name>
                                          <value>
                                             <ptk:l location="Target:20:25">
                                                <ptk:t location="Target:20:25">mergedtoprow</ptk:t>
                                             </ptk:l>
                                          </value>
                                       </WtXmlAttribute>
                                    </ptk:l>
                                 </xmlAttributes>
                                 <body>
                                    <ptk:l>
                                       <WtXmlElement>
                                          <rtd>c3EAfgAjdXEAfgAnAAAAA3VxAH4AKQAAAAF0AAM8dGR1cQB+ACkAAAABdAABPnEAfgC6</rtd>
                                          <name>td</name>
                                          <xmlAttributes>
                                             <ptk:l location="Target:20:42">
                                                <WtXmlAttribute location="Target:20:42">
                                                   <rtd>c3EAfgAjdXEAfgAnAAAAAnVxAH4AKQAAAAF0AAogY29sc3Bhbj0idXEAfgApAAAAAXQAASI=</rtd>
                                                   <name>colspan</name>
                                                   <value>
                                                      <ptk:l location="Target:20:52">
                                                         <ptk:t location="Target:20:52">2</ptk:t>
                                                      </ptk:l>
                                                   </value>
                                                </WtXmlAttribute>
                                             </ptk:l>
                                          </xmlAttributes>
                                          <body>
                                             <ptk:l>
                                                <ptk:l>
                                                   <ptk:t location="Target:20:58">ال</ptk:t>
                                                   <WtInternalLink>
                                                      <rtd>c3EAfgAjdXEAfgAnAAAAA3VxAH4AKQAAAAFxAH4BVnEAfgC6dXEAfgApAAAAAXEAfgFY</rtd>
                                                      <prefix/>
                                                      <postfix/>
                                                      <target>
                                                         <WtPageName location="Target:20:62">
                                                            <content>عاصمه</content>
                                                            <rtd null="true"/>
                                                         </WtPageName>
                                                      </target>
                                                      <title>
                                                         <WtLinkTitle-WtNoLinkTitle/>
                                                      </title>
                                                   </WtInternalLink>
                                                </ptk:l>
                                             </ptk:l>
                                          </body>
                                       </WtXmlElement>
                                       <WtXmlElement>
                                          <rtd>c3EAfgAjdXEAfgAnAAAAA3VxAH4AKQAAAAF0AAM8dGR1cQB+ACkAAAABdAABPnEAfgC6</rtd>
                                          <name>td</name>
                                          <xmlAttributes>
                                             <WtXmlAttributes-WtEmptyXmlAttributes/>
                                          </xmlAttributes>
                                          <body>
                                             <ptk:l>
                                                <WtInternalLink>
                                                   <rtd>c3EAfgAjdXEAfgAnAAAAA3VxAH4AKQAAAAFxAH4BVnEAfgC6dXEAfgApAAAAAXEAfgFY</rtd>
                                                   <prefix/>
                                                   <postfix/>
                                                   <target>
                                                      <WtPageName location="Target:20:83">
                                                         <content>Juba, South Sudan</content>
                                                         <rtd null="true"/>
                                                      </WtPageName>
                                                   </target>
                                                   <title>
                                                      <ptk:l>
                                                         <ptk:t location="Target:20:101">Juba</ptk:t>
                                                      </ptk:l>
                                                   </title>
                                                </WtInternalLink>
                                                <WtXmlElement>
                                                   <rtd>c3EAfgAjdXEAfgAnAAAAA3VxAH4AKQAAAAF0AAM8YnJ1cQB+ACkAAAABdAACLz5xAH4Aug==</rtd>
                                                   <name>br</name>
                                                   <xmlAttributes>
                                                      <WtXmlAttributes-WtEmptyXmlAttributes/>
                                                   </xmlAttributes>
                                                   <body>
                                                      <WtBody-WtNoBody/>
                                                   </body>
                                                </WtXmlElement>
                                                <WtXmlElement>
                                                   <rtd>c3EAfgAjdXEAfgAnAAAAA3VxAH4AKQAAAAF0AAY8c21hbGx1cQB+ACkAAAABdAABPnVxAH4AKQAAAAF0AAg8L3NtYWxsPg==</rtd>
                                                   <name>small</name>
                                                   <xmlAttributes>
                                                      <WtXmlAttributes-WtEmptyXmlAttributes/>
                                                   </xmlAttributes>
                                                   <body>
                                                      <ptk:l>
                                                         <WtXmlElement>
                                                            <rtd>c3EAfgAjdXEAfgAnAAAAA3VxAH4AKQAAAAF0AAU8c3BhbnVxAH4AKQAAAAF0AAE+dXEAfgApAAAAAXQABzwvc3Bhbj4=</rtd>
                                                            <name>span</name>
                                                            <xmlAttributes>
                                                               <ptk:l location="Target:20:124">
                                                                  <WtXmlAttribute location="Target:20:124">
                                                                     <rtd>c3EAfgAjdXEAfgAnAAAAAnVxAH4AKQAAAAF0AAggc3R5bGU9InVxAH4AKQAAAAF0AAEi</rtd>
                                                                     <name>style</name>
                                                                     <value>
                                                                        <ptk:l location="Target:20:132">
                                                                           <ptk:t location="Target:20:132">white-space:nowrap;</ptk:t>
                                                                        </ptk:l>
                                                                     </value>
                                                                  </WtXmlAttribute>
                                                               </ptk:l>
                                                            </xmlAttributes>
                                                            <body>
                                                               <ptk:l>
                                                                  <WtXmlElement>
                                                                     <rtd>c3EAfgAjdXEAfgAnAAAAA3VxAH4AKQAAAAF0AAU8c3BhbnVxAH4AKQAAAAF0AAE+dXEAfgApAAAAAXQABzwvc3Bhbj4=</rtd>
                                                                     <name>span</name>
                                                                     <xmlAttributes>
                                                                        <ptk:l location="Target:20:158">
                                                                           <WtXmlAttribute location="Target:20:158">
                                                                              <rtd>c3EAfgAjdXEAfgAnAAAAAnVxAH4AKQAAAAF0AAggY2xhc3M9InVxAH4AKQAAAAF0AAEi</rtd>
                                                                              <name>class</name>
                                                                              <value>
                                                                                 <ptk:l location="Target:20:166">
                                                                                    <ptk:t location="Target:20:166">plainlinks nourlexpansion</ptk:t>
                                                                                 </ptk:l>
                                                                              </value>
                                                                           </WtXmlAttribute>
                                                                        </ptk:l>
                                                                     </xmlAttributes>
                                                                     <body>
                                                                        <ptk:l>
                                                                           <WtExternalLink>
                                                                              <rtd>c3EAfgAjdXEAfgAnAAAAA3VxAH4AKQAAAAF0AAFbdXEAfgApAAAAAXQAASB1cQB+ACkAAAABdAABXQ==</rtd>
                                                                              <target>
                                                                                 <WtUrl location="Target:20:194">
                                                                                    <rtd>c3EAfgAjdXEAfgAnAAAAAXVxAH4AKQAAAAF0AF5odHRwOi8vdG9vbHNlcnZlci5vcmcvfmdlb2hhY2svZ2VvaGFjay5waHA/cGFnZW5hbWU9VGFyZ2V0JnBhcmFtcz0wNF81MV9OXzMxXzM2X0VfdHlwZTpjb3VudHJ5</rtd>
                                                                                    <protocol>http</protocol>
                                                                                    <path>//toolserver.org/~geohack/geohack.php?pagename=Target&amp;params=04_51_N_31_36_E_type:country</path>
                                                                                 </WtUrl>
                                                                              </target>
                                                                              <title>
                                                                                 <ptk:l>
                                                                                    <WtXmlElement>
                                                                                       <rtd>c3EAfgAjdXEAfgAnAAAAA3VxAH4AKQAAAAF0AAU8c3BhbnVxAH4AKQAAAAF0AAE+dXEAfgApAAAAAXQABzwvc3Bhbj4=</rtd>
                                                                                       <name>span</name>
                                                                                       <xmlAttributes>
                                                                                          <ptk:l location="Target:20:294">
                                                                                             <WtXmlAttribute location="Target:20:294">
                                                                                                <rtd>c3EAfgAjdXEAfgAnAAAAAnVxAH4AKQAAAAF0AAggY2xhc3M9InVxAH4AKQAAAAF0AAEi</rtd>
                                                                                                <name>class</name>
                                                                                                <value>
                                                                                                   <ptk:l location="Target:20:302">
                                                                                                      <ptk:t location="Target:20:302">geo-default</ptk:t>
                                                                                                   </ptk:l>
                                                                                                </value>
                                                                                             </WtXmlAttribute>
                                                                                          </ptk:l>
                                                                                       </xmlAttributes>
                                                                                       <body>
                                                                                          <ptk:l>
                                                                                             <WtXmlElement>
                                                                                                <rtd>c3EAfgAjdXEAfgAnAAAAA3VxAH4AKQAAAAF0AAU8c3BhbnVxAH4AKQAAAAF0AAE+dXEAfgApAAAAAXQABzwvc3Bhbj4=</rtd>
                                                                                                <name>span</name>
                                                                                                <xmlAttributes>
                                                                                                   <ptk:l location="Target:20:320">
                                                                                                      <WtXmlAttribute location="Target:20:320">
                                                                                                         <rtd>c3EAfgAjdXEAfgAnAAAAAnVxAH4AKQAAAAF0AAggY2xhc3M9InVxAH4AKQAAAAF0AAEi</rtd>
                                                                                                         <name>class</name>
                                                                                                         <value>
                                                                                                            <ptk:l location="Target:20:328">
                                                                                                               <ptk:t location="Target:20:328">geo-dms</ptk:t>
                                                                                                            </ptk:l>
                                                                                                         </value>
                                                                                                      </WtXmlAttribute>
                                                                                                      <WtXmlAttribute location="Target:20:336">
                                                                                                         <rtd>c3EAfgAjdXEAfgAnAAAAAnVxAH4AKQAAAAF0AAggdGl0bGU9InVxAH4AKQAAAAF0AAEi</rtd>
                                                                                                         <name>title</name>
                                                                                                         <value>
                                                                                                            <ptk:l location="Target:20:344">
                                                                                                               <ptk:t location="Target:20:344">Maps, aerial photos, and other data for this location</ptk:t>
                                                                                                            </ptk:l>
                                                                                                         </value>
                                                                                                      </WtXmlAttribute>
                                                                                                   </ptk:l>
                                                                                                </xmlAttributes>
                                                                                                <body>
                                                                                                   <ptk:l>
                                                                                                      <WtXmlElement>
                                                                                                         <rtd>c3EAfgAjdXEAfgAnAAAAA3VxAH4AKQAAAAF0AAU8c3BhbnVxAH4AKQAAAAF0AAE+dXEAfgApAAAAAXQABzwvc3Bhbj4=</rtd>
                                                                                                         <name>span</name>
                                                                                                         <xmlAttributes>
                                                                                                            <ptk:l location="Target:20:404">
                                                                                                               <WtXmlAttribute location="Target:20:404">
                                                                                                                  <rtd>c3EAfgAjdXEAfgAnAAAAAnVxAH4AKQAAAAF0AAggY2xhc3M9InVxAH4AKQAAAAF0AAEi</rtd>
                                                                                                                  <name>class</name>
                                                                                                                  <value>
                                                                                                                     <ptk:l location="Target:20:412">
                                                                                                                        <ptk:t location="Target:20:412">latitude</ptk:t>
                                                                                                                     </ptk:l>
                                                                                                                  </value>
                                                                                                               </WtXmlAttribute>
                                                                                                            </ptk:l>
                                                                                                         </xmlAttributes>
                                                                                                         <body>
                                                                                                            <ptk:l>
                                                                                                               <ptk:t location="Target:20:422">04°51′N</ptk:t>
                                                                                                            </ptk:l>
                                                                                                         </body>
                                                                                                      </WtXmlElement>
                                                                                                      <ptk:t location="Target:20:436"> </ptk:t>
                                                                                                      <WtXmlElement>
                                                                                                         <rtd>c3EAfgAjdXEAfgAnAAAAA3VxAH4AKQAAAAF0AAU8c3BhbnVxAH4AKQAAAAF0AAE+dXEAfgApAAAAAXQABzwvc3Bhbj4=</rtd>
                                                                                                         <name>span</name>
                                                                                                         <xmlAttributes>
                                                                                                            <ptk:l location="Target:20:442">
                                                                                                               <WtXmlAttribute location="Target:20:442">
                                                                                                                  <rtd>c3EAfgAjdXEAfgAnAAAAAnVxAH4AKQAAAAF0AAggY2xhc3M9InVxAH4AKQAAAAF0AAEi</rtd>
                                                                                                                  <name>class</name>
                                                                                                                  <value>
                                                                                                                     <ptk:l location="Target:20:450">
                                                                                                                        <ptk:t location="Target:20:450">longitude</ptk:t>
                                                                                                                     </ptk:l>
                                                                                                                  </value>
                                                                                                               </WtXmlAttribute>
                                                                                                            </ptk:l>
                                                                                                         </xmlAttributes>
                                                                                                         <body>
                                                                                                            <ptk:l>
                                                                                                               <ptk:t location="Target:20:461">31°36′E</ptk:t>
                                                                                                            </ptk:l>
                                                                                                         </body>
                                                                                                      </WtXmlElement>
                                                                                                   </ptk:l>
                                                                                                </body>
                                                                                             </WtXmlElement>
                                                                                          </ptk:l>
                                                                                       </body>
                                                                                    </WtXmlElement>
                                                                                    <WtXmlElement>
                                                                                       <rtd>c3EAfgAjdXEAfgAnAAAAA3VxAH4AKQAAAAF0AAU8c3BhbnVxAH4AKQAAAAF0AAE+dXEAfgApAAAAAXQABzwvc3Bhbj4=</rtd>
                                                                                       <name>span</name>
                                                                                       <xmlAttributes>
                                                                                          <ptk:l location="Target:20:494">
                                                                                             <WtXmlAttribute location="Target:20:494">
                                                                                                <rtd>c3EAfgAjdXEAfgAnAAAAAnVxAH4AKQAAAAF0AAggY2xhc3M9InVxAH4AKQAAAAF0AAEi</rtd>
                                                                                                <name>class</name>
                                                                                                <value>
                                                                                                   <ptk:l location="Target:20:502">
                                                                                                      <ptk:t location="Target:20:502">geo-multi-punct</ptk:t>
                                                                                                   </ptk:l>
                                                                                                </value>
                                                                                             </WtXmlAttribute>
                                                                                          </ptk:l>
                                                                                       </xmlAttributes>
                                                                                       <body>
                                                                                          <ptk:l>
                                                                                             <WtXmlCharRef location="Target:20:521">
                                                                                                <rtd>c3EAfgAjdXEAfgAnAAAAAXVxAH4AKQAAAAF0AAgmI3hmZWZmOw==</rtd>
                                                                                                <codePoint>65279</codePoint>
                                                                                             </WtXmlCharRef>
                                                                                             <ptk:t location="Target:20:527"> / </ptk:t>
                                                                                             <WtXmlCharRef location="Target:20:532">
                                                                                                <rtd>c3EAfgAjdXEAfgAnAAAAAXVxAH4AKQAAAAF0AAgmI3hmZWZmOw==</rtd>
                                                                                                <codePoint>65279</codePoint>
                                                                                             </WtXmlCharRef>
                                                                                          </ptk:l>
                                                                                       </body>
                                                                                    </WtXmlElement>
                                                                                    <WtXmlElement>
                                                                                       <rtd>c3EAfgAjdXEAfgAnAAAAA3VxAH4AKQAAAAF0AAU8c3BhbnVxAH4AKQAAAAF0AAE+dXEAfgApAAAAAXQABzwvc3Bhbj4=</rtd>
                                                                                       <name>span</name>
                                                                                       <xmlAttributes>
                                                                                          <ptk:l location="Target:20:550">
                                                                                             <WtXmlAttribute location="Target:20:550">
                                                                                                <rtd>c3EAfgAjdXEAfgAnAAAAAnVxAH4AKQAAAAF0AAggY2xhc3M9InVxAH4AKQAAAAF0AAEi</rtd>
                                                                                                <name>class</name>
                                                                                                <value>
                                                                                                   <ptk:l location="Target:20:558">
                                                                                                      <ptk:t location="Target:20:558">geo-nondefault</ptk:t>
                                                                                                   </ptk:l>
                                                                                                </value>
                                                                                             </WtXmlAttribute>
                                                                                          </ptk:l>
                                                                                       </xmlAttributes>
                                                                                       <body>
                                                                                          <ptk:l>
                                                                                             <WtXmlElement>
                                                                                                <rtd>c3EAfgAjdXEAfgAnAAAAA3VxAH4AKQAAAAF0AAU8c3BhbnVxAH4AKQAAAAF0AAE+dXEAfgApAAAAAXQABzwvc3Bhbj4=</rtd>
                                                                                                <name>span</name>
                                                                                                <xmlAttributes>
                                                                                                   <ptk:l location="Target:20:579">
                                                                                                      <WtXmlAttribute location="Target:20:579">
                                                                                                         <rtd>c3EAfgAjdXEAfgAnAAAAAnVxAH4AKQAAAAF0AAggY2xhc3M9InVxAH4AKQAAAAF0AAEi</rtd>
                                                                                                         <name>class</name>
                                                                                                         <value>
                                                                                                            <ptk:l location="Target:20:587">
                                                                                                               <ptk:t location="Target:20:587">geo-dec</ptk:t>
                                                                                                            </ptk:l>
                                                                                                         </value>
                                                                                                      </WtXmlAttribute>
                                                                                                      <WtXmlAttribute location="Target:20:595">
                                                                                                         <rtd>c3EAfgAjdXEAfgAnAAAAAnVxAH4AKQAAAAF0AAggdGl0bGU9InVxAH4AKQAAAAF0AAEi</rtd>
                                                                                                         <name>title</name>
                                                                                                         <value>
                                                                                                            <ptk:l location="Target:20:603">
                                                                                                               <ptk:t location="Target:20:603">Maps, aerial photos, and other data for this location</ptk:t>
                                                                                                            </ptk:l>
                                                                                                         </value>
                                                                                                      </WtXmlAttribute>
                                                                                                   </ptk:l>
                                                                                                </xmlAttributes>
                                                                                                <body>
                                                                                                   <ptk:l>
                                                                                                      <ptk:t location="Target:20:658">4.85°N 31.6°E</ptk:t>
                                                                                                   </ptk:l>
                                                                                                </body>
                                                                                             </WtXmlElement>
                                                                                             <WtXmlElement>
                                                                                                <rtd>c3EAfgAjdXEAfgAnAAAAA3VxAH4AKQAAAAF0AAU8c3BhbnVxAH4AKQAAAAF0AAE+dXEAfgApAAAAAXQABzwvc3Bhbj4=</rtd>
                                                                                                <name>span</name>
                                                                                                <xmlAttributes>
                                                                                                   <ptk:l location="Target:20:683">
                                                                                                      <WtXmlAttribute location="Target:20:683">
                                                                                                         <rtd>c3EAfgAjdXEAfgAnAAAAAnVxAH4AKQAAAAF0AAggc3R5bGU9InVxAH4AKQAAAAF0AAEi</rtd>
                                                                                                         <name>style</name>
                                                                                                         <value>
                                                                                                            <ptk:l location="Target:20:691">
                                                                                                               <ptk:t location="Target:20:691">display:none</ptk:t>
                                                                                                            </ptk:l>
                                                                                                         </value>
                                                                                                      </WtXmlAttribute>
                                                                                                   </ptk:l>
                                                                                                </xmlAttributes>
                                                                                                <body>
                                                                                                   <ptk:l>
                                                                                                      <WtXmlCharRef location="Target:20:707">
                                                                                                         <rtd>c3EAfgAjdXEAfgAnAAAAAXVxAH4AKQAAAAF0AAgmI3hmZWZmOw==</rtd>
                                                                                                         <codePoint>65279</codePoint>
                                                                                                      </WtXmlCharRef>
                                                                                                      <ptk:t location="Target:20:713"> / </ptk:t>
                                                                                                      <WtXmlElement>
                                                                                                         <rtd>c3EAfgAjdXEAfgAnAAAAA3VxAH4AKQAAAAF0AAU8c3BhbnVxAH4AKQAAAAF0AAE+dXEAfgApAAAAAXQABzwvc3Bhbj4=</rtd>
                                                                                                         <name>span</name>
                                                                                                         <xmlAttributes>
                                                                                                            <ptk:l location="Target:20:721">
                                                                                                               <WtXmlAttribute location="Target:20:721">
                                                                                                                  <rtd>c3EAfgAjdXEAfgAnAAAAAnVxAH4AKQAAAAF0AAggY2xhc3M9InVxAH4AKQAAAAF0AAEi</rtd>
                                                                                                                  <name>class</name>
                                                                                                                  <value>
                                                                                                                     <ptk:l location="Target:20:729">
                                                                                                                        <ptk:t location="Target:20:729">geo</ptk:t>
                                                                                                                     </ptk:l>
                                                                                                                  </value>
                                                                                                               </WtXmlAttribute>
                                                                                                            </ptk:l>
                                                                                                         </xmlAttributes>
                                                                                                         <body>
                                                                                                            <ptk:l>
                                                                                                               <ptk:t location="Target:20:734">4.85; 31.6</ptk:t>
                                                                                                            </ptk:l>
                                                                                                         </body>
                                                                                                      </WtXmlElement>
                                                                                                   </ptk:l>
                                                                                                </body>
                                                                                             </WtXmlElement>
                                                                                          </ptk:l>
                                                                                       </body>
                                                                                    </WtXmlElement>
                                                                                 </ptk:l>
                                                                              </title>
                                                                           </WtExternalLink>
                                                                        </ptk:l>
                                                                     </body>
                                                                  </WtXmlElement>
                                                               </ptk:l>
                                                            </body>
                                                         </WtXmlElement>
                                                      </ptk:l>
                                                   </body>
                                                </WtXmlElement>
                                                <ptk:t>
                     </ptk:t>
                                             </ptk:l>
                                          </body>
                                       </WtXmlElement>
                                    </ptk:l>
                                 </body>
                              </WtXmlElement>
                              <WtXmlElement>
                                 <rtd>c3EAfgAjdXEAfgAnAAAAA3VxAH4AKQAAAAF0AAM8dHJ1cQB+ACkAAAABdAABPnEAfgC6</rtd>
                                 <name>tr</name>
                                 <xmlAttributes>
                                    <WtXmlAttributes-WtEmptyXmlAttributes/>
                                 </xmlAttributes>
                                 <body>
                                    <ptk:l>
                                       <ptk:t>
          </ptk:t>
                                       <WtXmlElement>
                                          <rtd>c3EAfgAjdXEAfgAnAAAAA3VxAH4AKQAAAAF0AAM8dGh1cQB+ACkAAAABdAABPnEAfgC6</rtd>
                                          <name>th</name>
                                          <xmlAttributes>
                                             <ptk:l location="Target:22:14">
                                                <WtXmlAttribute location="Target:22:14">
                                                   <rtd>c3EAfgAjdXEAfgAnAAAAAnVxAH4AKQAAAAF0AAogY29sc3Bhbj0idXEAfgApAAAAAXQAASI=</rtd>
                                                   <name>colspan</name>
                                                   <value>
                                                      <ptk:l location="Target:22:24">
                                                         <ptk:t location="Target:22:24">2</ptk:t>
                                                      </ptk:l>
                                                   </value>
                                                </WtXmlAttribute>
                                                <WtXmlAttribute location="Target:22:26">
                                                   <rtd>c3EAfgAjdXEAfgAnAAAAAnVxAH4AKQAAAAF0AAggc3R5bGU9InVxAH4AKQAAAAF0AAEi</rtd>
                                                   <name>style</name>
                                                   <value>
                                                      <ptk:l location="Target:22:34">
                                                         <ptk:t location="Target:22:34">vertical-align:middle; white-space:nowrap;</ptk:t>
                                                      </ptk:l>
                                                   </value>
                                                </WtXmlAttribute>
                                             </ptk:l>
                                          </xmlAttributes>
                                          <body>
                                             <ptk:l>
                                                <WtInternalLink>
                                                   <rtd>c3EAfgAjdXEAfgAnAAAAA3VxAH4AKQAAAAFxAH4BVnEAfgC6dXEAfgApAAAAAXEAfgFY</rtd>
                                                   <prefix/>
                                                   <postfix/>
                                                   <target>
                                                      <WtPageName location="Target:22:80">
                                                         <content>لغه  رسميه</content>
                                                         <rtd null="true"/>
                                                      </WtPageName>
                                                   </target>
                                                   <title>
                                                      <WtLinkTitle-WtNoLinkTitle/>
                                                   </title>
                                                </WtInternalLink>
                                             </ptk:l>
                                          </body>
                                       </WtXmlElement>
                                       <ptk:t>
          </ptk:t>
                                       <WtXmlElement>
                                          <rtd>c3EAfgAjdXEAfgAnAAAAA3VxAH4AKQAAAAF0AAM8dGR1cQB+ACkAAAABdAABPnEAfgC6</rtd>
                                          <name>td</name>
                                          <xmlAttributes>
                                             <WtXmlAttributes-WtEmptyXmlAttributes/>
                                          </xmlAttributes>
                                          <body>
                                             <ptk:l>
                                                <WtInternalLink>
                                                   <rtd>c3EAfgAjdXEAfgAnAAAAA3VxAH4AKQAAAAFxAH4BVnEAfgC6dXEAfgApAAAAAXEAfgFY</rtd>
                                                   <prefix/>
                                                   <postfix/>
                                                   <target>
                                                      <WtPageName location="Target:23:17">
                                                         <content>انجليزى</content>
                                                         <rtd null="true"/>
                                                      </WtPageName>
                                                   </target>
                                                   <title>
                                                      <WtLinkTitle-WtNoLinkTitle/>
                                                   </title>
                                                </WtInternalLink>
                                             </ptk:l>
                                          </body>
                                       </WtXmlElement>
                                       <ptk:t>
        </ptk:t>
                                    </ptk:l>
                                 </body>
                              </WtXmlElement>
                              <WtXmlElement>
                                 <rtd>c3EAfgAjdXEAfgAnAAAAA3VxAH4AKQAAAAF0AAM8dHJ1cQB+ACkAAAABdAABPnEAfgC6</rtd>
                                 <name>tr</name>
                                 <xmlAttributes>
                                    <ptk:l location="Target:24:17">
                                       <WtXmlAttribute location="Target:24:17">
                                          <rtd>c3EAfgAjdXEAfgAnAAAAAnVxAH4AKQAAAAF0AAggY2xhc3M9InVxAH4AKQAAAAF0AAEi</rtd>
                                          <name>class</name>
                                          <value>
                                             <ptk:l location="Target:24:25">
                                                <ptk:t location="Target:24:25">mergedbottomrow</ptk:t>
                                             </ptk:l>
                                          </value>
                                       </WtXmlAttribute>
                                    </ptk:l>
                                 </xmlAttributes>
                                 <body>
                                    <ptk:l>
                                       <ptk:t>
               </ptk:t>
                                       <WtXmlElement>
                                          <rtd>c3EAfgAjdXEAfgAnAAAAA3VxAH4AKQAAAAF0AAM8dGR1cQB+ACkAAAABdAABPnEAfgC6</rtd>
                                          <name>td</name>
                                          <xmlAttributes>
                                             <ptk:l location="Target:25:19">
                                                <WtXmlAttribute location="Target:25:19">
                                                   <rtd>c3EAfgAjdXEAfgAnAAAAAnVxAH4AKQAAAAF0AAogY29sc3Bhbj0idXEAfgApAAAAAXQAASI=</rtd>
                                                   <name>colspan</name>
                                                   <value>
                                                      <ptk:l location="Target:25:29">
                                                         <ptk:t location="Target:25:29">2</ptk:t>
                                                      </ptk:l>
                                                   </value>
                                                </WtXmlAttribute>
                                             </ptk:l>
                                          </xmlAttributes>
                                          <body>
                                             <ptk:l>
                                                <WtInternalLink>
                                                   <rtd>c3EAfgAjdXEAfgAnAAAAA3VxAH4AKQAAAAFxAH4BVnEAfgC6dXEAfgApAAAAAXEAfgFY</rtd>
                                                   <prefix/>
                                                   <postfix/>
                                                   <target>
                                                      <WtPageName location="Target:25:34">
                                                         <content>لغه محليه</content>
                                                         <rtd null="true"/>
                                                      </WtPageName>
                                                   </target>
                                                   <title>
                                                      <ptk:l>
                                                         <ptk:t location="Target:25:44">لغات محليه</ptk:t>
                                                         <WtXmlEntityRef location="Target:25:55">
                                                            <rtd>c3EAfgAjdXEAfgAnAAAAAXVxAH4AKQAAAAF0AAYmbmJzcDs=</rtd>
                                                            <name>nbsp</name>
                                                            <resolved> </resolved>
                                                         </WtXmlEntityRef>
                                                         <ptk:t location="Target:25:60">معترف بيها</ptk:t>
                                                      </ptk:l>
                                                   </title>
                                                </WtInternalLink>
                                             </ptk:l>
                                          </body>
                                       </WtXmlElement>
                                       <ptk:t>
               </ptk:t>
                                       <WtXmlElement>
                                          <rtd>c3EAfgAjdXEAfgAnAAAAA3VxAH4AKQAAAAF0AAM8dGR1cQB+ACkAAAABdAABPnEAfgC6</rtd>
                                          <name>td</name>
                                          <xmlAttributes>
                                             <ptk:l location="Target:26:19">
                                                <WtXmlAttribute location="Target:26:19">
                                                   <rtd>c3EAfgAjdXEAfgAnAAAAAnVxAH4AKQAAAAF0AAggc3R5bGU9InVxAH4AKQAAAAF0AAEi</rtd>
                                                   <name>style</name>
                                                   <value>
                                                      <ptk:l location="Target:26:27">
                                                         <ptk:t location="Target:26:27">vertical-align:middle;</ptk:t>
                                                      </ptk:l>
                                                   </value>
                                                </WtXmlAttribute>
                                             </ptk:l>
                                          </xmlAttributes>
                                          <body>
                                             <ptk:l>
                                                <WtInternalLink>
                                                   <rtd>c3EAfgAjdXEAfgAnAAAAA3VxAH4AKQAAAAFxAH4BVnEAfgC6dXEAfgApAAAAAXEAfgFY</rtd>
                                                   <prefix/>
                                                   <postfix/>
                                                   <target>
                                                      <WtPageName location="Target:26:53">
                                                         <content>عربى چوبى</content>
                                                         <rtd null="true"/>
                                                      </WtPageName>
                                                   </target>
                                                   <title>
                                                      <WtLinkTitle-WtNoLinkTitle/>
                                                   </title>
                                                </WtInternalLink>
                                                <ptk:t location="Target:26:64"> is lingua franca around Juba. </ptk:t>
                                                <WtInternalLink>
                                                   <rtd>c3EAfgAjdXEAfgAnAAAAA3VxAH4AKQAAAAFxAH4BVnEAfgC6dXEAfgApAAAAAXEAfgFY</rtd>
                                                   <prefix/>
                                                   <postfix/>
                                                   <target>
                                                      <WtPageName location="Target:26:97">
                                                         <content>Dinka language</content>
                                                         <rtd null="true"/>
                                                      </WtPageName>
                                                   </target>
                                                   <title>
                                                      <ptk:l>
                                                         <ptk:t location="Target:26:112">Dinka</ptk:t>
                                                      </ptk:l>
                                                   </title>
                                                </WtInternalLink>
                                                <ptk:t location="Target:26:119"> 2–3 million; other major languages are </ptk:t>
                                                <WtInternalLink>
                                                   <rtd>c3EAfgAjdXEAfgAnAAAAA3VxAH4AKQAAAAFxAH4BVnEAfgC6dXEAfgApAAAAAXEAfgFY</rtd>
                                                   <prefix/>
                                                   <postfix/>
                                                   <target>
                                                      <WtPageName location="Target:26:161">
                                                         <content>Nuer language</content>
                                                         <rtd null="true"/>
                                                      </WtPageName>
                                                   </target>
                                                   <title>
                                                      <ptk:l>
                                                         <ptk:t location="Target:26:175">Nuer</ptk:t>
                                                      </ptk:l>
                                                   </title>
                                                </WtInternalLink>
                                                <ptk:t location="Target:26:181">, </ptk:t>
                                                <WtInternalLink>
                                                   <rtd>c3EAfgAjdXEAfgAnAAAAA3VxAH4AKQAAAAFxAH4BVnEAfgC6dXEAfgApAAAAAXEAfgFY</rtd>
                                                   <prefix/>
                                                   <postfix/>
                                                   <target>
                                                      <WtPageName location="Target:26:185">
                                                         <content>Zande language</content>
                                                         <rtd null="true"/>
                                                      </WtPageName>
                                                   </target>
                                                   <title>
                                                      <ptk:l>
                                                         <ptk:t location="Target:26:200">Zande</ptk:t>
                                                      </ptk:l>
                                                   </title>
                                                </WtInternalLink>
                                                <ptk:t location="Target:26:207">, </ptk:t>
                                                <WtInternalLink>
                                                   <rtd>c3EAfgAjdXEAfgAnAAAAA3VxAH4AKQAAAAFxAH4BVnEAfgC6dXEAfgApAAAAAXEAfgFY</rtd>
                                                   <prefix/>
                                                   <postfix/>
                                                   <target>
                                                      <WtPageName location="Target:26:211">
                                                         <content>Bari language</content>
                                                         <rtd null="true"/>
                                                      </WtPageName>
                                                   </target>
                                                   <title>
                                                      <ptk:l>
                                                         <ptk:t location="Target:26:225">Bari</ptk:t>
                                                      </ptk:l>
                                                   </title>
                                                </WtInternalLink>
                                                <ptk:t location="Target:26:231">, </ptk:t>
                                                <WtInternalLink>
                                                   <rtd>c3EAfgAjdXEAfgAnAAAAA3VxAH4AKQAAAAFxAH4BVnEAfgC6dXEAfgApAAAAAXEAfgFY</rtd>
                                                   <prefix/>
                                                   <postfix/>
                                                   <target>
                                                      <WtPageName location="Target:26:235">
                                                         <content>Shilluk language</content>
                                                         <rtd null="true"/>
                                                      </WtPageName>
                                                   </target>
                                                   <title>
                                                      <ptk:l>
                                                         <ptk:t location="Target:26:252">Shilluk</ptk:t>
                                                      </ptk:l>
                                                   </title>
                                                </WtInternalLink>
                                             </ptk:l>
                                          </body>
                                       </WtXmlElement>
                                       <ptk:t>
             </ptk:t>
                                    </ptk:l>
                                 </body>
                              </WtXmlElement>
                              <WtXmlElement>
                                 <rtd>c3EAfgAjdXEAfgAnAAAAA3VxAH4AKQAAAAF0AAM8dHJ1cQB+ACkAAAABdAABPnEAfgC6</rtd>
                                 <name>tr</name>
                                 <xmlAttributes>
                                    <WtXmlAttributes-WtEmptyXmlAttributes/>
                                 </xmlAttributes>
                                 <body>
                                    <ptk:l>
                                       <ptk:t>
          </ptk:t>
                                       <WtXmlElement>
                                          <rtd>c3EAfgAjdXEAfgAnAAAAA3VxAH4AKQAAAAF0AAM8dGR1cQB+ACkAAAABdAABPnEAfgC6</rtd>
                                          <name>td</name>
                                          <xmlAttributes>
                                             <ptk:l location="Target:28:14">
                                                <WtXmlAttribute location="Target:28:14">
                                                   <rtd>c3EAfgAjdXEAfgAnAAAAAnVxAH4AKQAAAAF0AAogY29sc3Bhbj0idXEAfgApAAAAAXQAASI=</rtd>
                                                   <name>colspan</name>
                                                   <value>
                                                      <ptk:l location="Target:28:24">
                                                         <ptk:t location="Target:28:24">2</ptk:t>
                                                      </ptk:l>
                                                   </value>
                                                </WtXmlAttribute>
                                             </ptk:l>
                                          </xmlAttributes>
                                          <body>
                                             <ptk:l>
                                                <ptk:l>
                                                   <WtInternalLink>
                                                      <rtd>c3EAfgAjdXEAfgAnAAAAA3VxAH4AKQAAAAFxAH4BVnEAfgC6dXEAfgApAAAAAXEAfgFY</rtd>
                                                      <prefix/>
                                                      <postfix/>
                                                      <target>
                                                         <WtPageName location="Target:28:32">
                                                            <content>مجموعه عرقيه</content>
                                                            <rtd null="true"/>
                                                         </WtPageName>
                                                      </target>
                                                      <title>
                                                         <ptk:l>
                                                            <ptk:t location="Target:28:45">مجموعات عرقيه</ptk:t>
                                                         </ptk:l>
                                                      </title>
                                                   </WtInternalLink>
                                                </ptk:l>
                                                <WtXmlEntityRef location="Target:28:64">
                                                   <rtd>c3EAfgAjdXEAfgAnAAAAAXVxAH4AKQAAAAF0AAYmbmJzcDs=</rtd>
                                                   <name>nbsp</name>
                                                   <resolved> </resolved>
                                                </WtXmlEntityRef>
                                             </ptk:l>
                                          </body>
                                       </WtXmlElement>
                                       <ptk:t>
          </ptk:t>
                                       <WtXmlElement>
                                          <rtd>c3EAfgAjdXEAfgAnAAAAA3VxAH4AKQAAAAF0AAM8dGR1cQB+ACkAAAABdAABPnEAfgC6</rtd>
                                          <name>td</name>
                                          <xmlAttributes>
                                             <WtXmlAttributes-WtEmptyXmlAttributes/>
                                          </xmlAttributes>
                                          <body>
                                             <ptk:l>
                                                <WtInternalLink>
                                                   <rtd>c3EAfgAjdXEAfgAnAAAAA3VxAH4AKQAAAAFxAH4BVnEAfgC6dXEAfgApAAAAAXEAfgFY</rtd>
                                                   <prefix/>
                                                   <postfix/>
                                                   <target>
                                                      <WtPageName location="Target:29:17">
                                                         <content>Dinka people</content>
                                                         <rtd null="true"/>
                                                      </WtPageName>
                                                   </target>
                                                   <title>
                                                      <ptk:l>
                                                         <ptk:t location="Target:29:30">Dinka</ptk:t>
                                                      </ptk:l>
                                                   </title>
                                                </WtInternalLink>
                                                <ptk:t location="Target:29:37">, </ptk:t>
                                                <WtInternalLink>
                                                   <rtd>c3EAfgAjdXEAfgAnAAAAA3VxAH4AKQAAAAFxAH4BVnEAfgC6dXEAfgApAAAAAXEAfgFY</rtd>
                                                   <prefix/>
                                                   <postfix/>
                                                   <target>
                                                      <WtPageName location="Target:29:41">
                                                         <content>Nuer people</content>
                                                         <rtd null="true"/>
                                                      </WtPageName>
                                                   </target>
                                                   <title>
                                                      <ptk:l>
                                                         <ptk:t location="Target:29:53">Nuer</ptk:t>
                                                      </ptk:l>
                                                   </title>
                                                </WtInternalLink>
                                                <ptk:t location="Target:29:59">, </ptk:t>
                                                <WtInternalLink>
                                                   <rtd>c3EAfgAjdXEAfgAnAAAAA3VxAH4AKQAAAAFxAH4BVnEAfgC6dXEAfgApAAAAAXEAfgFY</rtd>
                                                   <prefix/>
                                                   <postfix/>
                                                   <target>
                                                      <WtPageName location="Target:29:63">
                                                         <content>Bari people</content>
                                                         <rtd null="true"/>
                                                      </WtPageName>
                                                   </target>
                                                   <title>
                                                      <ptk:l>
                                                         <ptk:t location="Target:29:75">Bari</ptk:t>
                                                      </ptk:l>
                                                   </title>
                                                </WtInternalLink>
                                                <ptk:t location="Target:29:81">, </ptk:t>
                                                <WtInternalLink>
                                                   <rtd>c3EAfgAjdXEAfgAnAAAAA3VxAH4AKQAAAAFxAH4BVnEAfgC6dXEAfgApAAAAAXEAfgFY</rtd>
                                                   <prefix/>
                                                   <postfix/>
                                                   <target>
                                                      <WtPageName location="Target:29:85">
                                                         <content>Lotuko</content>
                                                         <rtd null="true"/>
                                                      </WtPageName>
                                                   </target>
                                                   <title>
                                                      <WtLinkTitle-WtNoLinkTitle/>
                                                   </title>
                                                </WtInternalLink>
                                                <ptk:t location="Target:29:93">, </ptk:t>
                                                <WtInternalLink>
                                                   <rtd>c3EAfgAjdXEAfgAnAAAAA3VxAH4AKQAAAAFxAH4BVnEAfgC6dXEAfgApAAAAAXEAfgFY</rtd>
                                                   <prefix/>
                                                   <postfix/>
                                                   <target>
                                                      <WtPageName location="Target:29:97">
                                                         <content>Kuku people</content>
                                                         <rtd null="true"/>
                                                      </WtPageName>
                                                   </target>
                                                   <title>
                                                      <ptk:l>
                                                         <ptk:t location="Target:29:109">Kuku</ptk:t>
                                                      </ptk:l>
                                                   </title>
                                                </WtInternalLink>
                                                <ptk:t location="Target:29:115">, </ptk:t>
                                                <WtInternalLink>
                                                   <rtd>c3EAfgAjdXEAfgAnAAAAA3VxAH4AKQAAAAFxAH4BVnEAfgC6dXEAfgApAAAAAXEAfgFY</rtd>
                                                   <prefix/>
                                                   <postfix/>
                                                   <target>
                                                      <WtPageName location="Target:29:119">
                                                         <content>Zande people</content>
                                                         <rtd null="true"/>
                                                      </WtPageName>
                                                   </target>
                                                   <title>
                                                      <ptk:l>
                                                         <ptk:t location="Target:29:132">Zande</ptk:t>
                                                      </ptk:l>
                                                   </title>
                                                </WtInternalLink>
                                                <ptk:t location="Target:29:139">, </ptk:t>
                                                <WtInternalLink>
                                                   <rtd>c3EAfgAjdXEAfgAnAAAAA3VxAH4AKQAAAAFxAH4BVnEAfgC6dXEAfgApAAAAAXEAfgFY</rtd>
                                                   <prefix/>
                                                   <postfix/>
                                                   <target>
                                                      <WtPageName location="Target:29:143">
                                                         <content>Mundari (tribe)</content>
                                                         <rtd null="true"/>
                                                      </WtPageName>
                                                   </target>
                                                   <title>
                                                      <ptk:l>
                                                         <ptk:t location="Target:29:159">Mundari</ptk:t>
                                                      </ptk:l>
                                                   </title>
                                                </WtInternalLink>
                                                <ptk:t location="Target:29:168">, </ptk:t>
                                                <WtInternalLink>
                                                   <rtd>c3EAfgAjdXEAfgAnAAAAA3VxAH4AKQAAAAFxAH4BVnEAfgC6dXEAfgApAAAAAXEAfgFY</rtd>
                                                   <prefix/>
                                                   <postfix/>
                                                   <target>
                                                      <WtPageName location="Target:29:172">
                                                         <content>Kakwa people</content>
                                                         <rtd null="true"/>
                                                      </WtPageName>
                                                   </target>
                                                   <title>
                                                      <ptk:l>
                                                         <ptk:t location="Target:29:185">Kakwa</ptk:t>
                                                      </ptk:l>
                                                   </title>
                                                </WtInternalLink>
                                                <ptk:t location="Target:29:192">, </ptk:t>
                                                <WtInternalLink>
                                                   <rtd>c3EAfgAjdXEAfgAnAAAAA3VxAH4AKQAAAAFxAH4BVnEAfgC6dXEAfgApAAAAAXEAfgFY</rtd>
                                                   <prefix/>
                                                   <postfix/>
                                                   <target>
                                                      <WtPageName location="Target:29:196">
                                                         <content>Pojulu people</content>
                                                         <rtd null="true"/>
                                                      </WtPageName>
                                                   </target>
                                                   <title>
                                                      <ptk:l>
                                                         <ptk:t location="Target:29:210">Pojulu</ptk:t>
                                                      </ptk:l>
                                                   </title>
                                                </WtInternalLink>
                                                <ptk:t location="Target:29:218">, </ptk:t>
                                                <WtInternalLink>
                                                   <rtd>c3EAfgAjdXEAfgAnAAAAA3VxAH4AKQAAAAFxAH4BVnEAfgC6dXEAfgApAAAAAXEAfgFY</rtd>
                                                   <prefix/>
                                                   <postfix/>
                                                   <target>
                                                      <WtPageName location="Target:29:222">
                                                         <content>Shilluk people</content>
                                                         <rtd null="true"/>
                                                      </WtPageName>
                                                   </target>
                                                   <title>
                                                      <ptk:l>
                                                         <ptk:t location="Target:29:237">Shilluk</ptk:t>
                                                      </ptk:l>
                                                   </title>
                                                </WtInternalLink>
                                                <ptk:t location="Target:29:246">, </ptk:t>
                                                <WtInternalLink>
                                                   <rtd>c3EAfgAjdXEAfgAnAAAAA3VxAH4AKQAAAAFxAH4BVnEAfgC6dXEAfgApAAAAAXEAfgFY</rtd>
                                                   <prefix/>
                                                   <postfix/>
                                                   <target>
                                                      <WtPageName location="Target:29:250">
                                                         <content>Moru people</content>
                                                         <rtd null="true"/>
                                                      </WtPageName>
                                                   </target>
                                                   <title>
                                                      <ptk:l>
                                                         <ptk:t location="Target:29:262">Moru</ptk:t>
                                                      </ptk:l>
                                                   </title>
                                                </WtInternalLink>
                                                <ptk:t location="Target:29:268">, </ptk:t>
                                                <WtInternalLink>
                                                   <rtd>c3EAfgAjdXEAfgAnAAAAA3VxAH4AKQAAAAFxAH4BVnEAfgC6dXEAfgApAAAAAXEAfgFY</rtd>
                                                   <prefix/>
                                                   <postfix/>
                                                   <target>
                                                      <WtPageName location="Target:29:272">
                                                         <content>Acholi people</content>
                                                         <rtd null="true"/>
                                                      </WtPageName>
                                                   </target>
                                                   <title>
                                                      <ptk:l>
                                                         <ptk:t location="Target:29:286">Acholi</ptk:t>
                                                      </ptk:l>
                                                   </title>
                                                </WtInternalLink>
                                                <ptk:t location="Target:29:294">, </ptk:t>
                                                <WtInternalLink>
                                                   <rtd>c3EAfgAjdXEAfgAnAAAAA3VxAH4AKQAAAAFxAH4BVnEAfgC6dXEAfgApAAAAAXEAfgFY</rtd>
                                                   <prefix/>
                                                   <postfix/>
                                                   <target>
                                                      <WtPageName location="Target:29:298">
                                                         <content>Madi people</content>
                                                         <rtd null="true"/>
                                                      </WtPageName>
                                                   </target>
                                                   <title>
                                                      <ptk:l>
                                                         <ptk:t location="Target:29:310">Madi</ptk:t>
                                                      </ptk:l>
                                                   </title>
                                                </WtInternalLink>
                                                <ptk:t location="Target:29:316">, </ptk:t>
                                                <WtInternalLink>
                                                   <rtd>c3EAfgAjdXEAfgAnAAAAA3VxAH4AKQAAAAFxAH4BVnEAfgC6dXEAfgApAAAAAXEAfgFY</rtd>
                                                   <prefix/>
                                                   <postfix/>
                                                   <target>
                                                      <WtPageName location="Target:29:320">
                                                         <content>Lulubo</content>
                                                         <rtd null="true"/>
                                                      </WtPageName>
                                                   </target>
                                                   <title>
                                                      <WtLinkTitle-WtNoLinkTitle/>
                                                   </title>
                                                </WtInternalLink>
                                                <ptk:t location="Target:29:328">, </ptk:t>
                                                <WtInternalLink>
                                                   <rtd>c3EAfgAjdXEAfgAnAAAAA3VxAH4AKQAAAAFxAH4BVnEAfgC6dXEAfgApAAAAAXEAfgFY</rtd>
                                                   <prefix/>
                                                   <postfix/>
                                                   <target>
                                                      <WtPageName location="Target:29:332">
                                                         <content>Lokoya people</content>
                                                         <rtd null="true"/>
                                                      </WtPageName>
                                                   </target>
                                                   <title>
                                                      <ptk:l>
                                                         <ptk:t location="Target:29:346">Lokoya</ptk:t>
                                                      </ptk:l>
                                                   </title>
                                                </WtInternalLink>
                                                <ptk:t location="Target:29:354">, </ptk:t>
                                                <WtInternalLink>
                                                   <rtd>c3EAfgAjdXEAfgAnAAAAA3VxAH4AKQAAAAFxAH4BVnEAfgC6dXEAfgApAAAAAXEAfgFY</rtd>
                                                   <prefix/>
                                                   <postfix/>
                                                   <target>
                                                      <WtPageName location="Target:29:358">
                                                         <content>Toposa people</content>
                                                         <rtd null="true"/>
                                                      </WtPageName>
                                                   </target>
                                                   <title>
                                                      <ptk:l>
                                                         <ptk:t location="Target:29:372">Toposa</ptk:t>
                                                      </ptk:l>
                                                   </title>
                                                </WtInternalLink>
                                                <ptk:t location="Target:29:380">, </ptk:t>
                                                <WtInternalLink>
                                                   <rtd>c3EAfgAjdXEAfgAnAAAAA3VxAH4AKQAAAAFxAH4BVnEAfgC6dXEAfgApAAAAAXEAfgFY</rtd>
                                                   <prefix/>
                                                   <postfix/>
                                                   <target>
                                                      <WtPageName location="Target:29:384">
                                                         <content>Lango people (Sudan)</content>
                                                         <rtd null="true"/>
                                                      </WtPageName>
                                                   </target>
                                                   <title>
                                                      <ptk:l>
                                                         <ptk:t location="Target:29:405">Lango</ptk:t>
                                                      </ptk:l>
                                                   </title>
                                                </WtInternalLink>
                                                <ptk:t location="Target:29:412">, </ptk:t>
                                                <WtInternalLink>
                                                   <rtd>c3EAfgAjdXEAfgAnAAAAA3VxAH4AKQAAAAFxAH4BVnEAfgC6dXEAfgApAAAAAXEAfgFY</rtd>
                                                   <prefix/>
                                                   <postfix/>
                                                   <target>
                                                      <WtPageName location="Target:29:416">
                                                         <content>Didinga</content>
                                                         <rtd null="true"/>
                                                      </WtPageName>
                                                   </target>
                                                   <title>
                                                      <WtLinkTitle-WtNoLinkTitle/>
                                                   </title>
                                                </WtInternalLink>
                                                <ptk:t location="Target:29:425">, </ptk:t>
                                                <WtInternalLink>
                                                   <rtd>c3EAfgAjdXEAfgAnAAAAA3VxAH4AKQAAAAFxAH4BVnEAfgC6dXEAfgApAAAAAXEAfgFY</rtd>
                                                   <prefix/>
                                                   <postfix/>
                                                   <target>
                                                      <WtPageName location="Target:29:429">
                                                         <content>Murle people</content>
                                                         <rtd null="true"/>
                                                      </WtPageName>
                                                   </target>
                                                   <title>
                                                      <ptk:l>
                                                         <ptk:t location="Target:29:442">Murle</ptk:t>
                                                      </ptk:l>
                                                   </title>
                                                </WtInternalLink>
                                                <ptk:t location="Target:29:449">, </ptk:t>
                                                <WtInternalLink>
                                                   <rtd>c3EAfgAjdXEAfgAnAAAAA3VxAH4AKQAAAAFxAH4BVnEAfgC6dXEAfgApAAAAAXEAfgFY</rtd>
                                                   <prefix/>
                                                   <postfix/>
                                                   <target>
                                                      <WtPageName location="Target:29:453">
                                                         <content>Anuak people</content>
                                                         <rtd null="true"/>
                                                      </WtPageName>
                                                   </target>
                                                   <title>
                                                      <ptk:l>
                                                         <ptk:t location="Target:29:466">Anuak</ptk:t>
                                                      </ptk:l>
                                                   </title>
                                                </WtInternalLink>
                                                <ptk:t location="Target:29:473">, </ptk:t>
                                                <WtInternalLink>
                                                   <rtd>c3EAfgAjdXEAfgAnAAAAA3VxAH4AKQAAAAFxAH4BVnEAfgC6dXEAfgApAAAAAXEAfgFY</rtd>
                                                   <prefix/>
                                                   <postfix/>
                                                   <target>
                                                      <WtPageName location="Target:29:477">
                                                         <content>Makaraka (people)</content>
                                                         <rtd null="true"/>
                                                      </WtPageName>
                                                   </target>
                                                   <title>
                                                      <ptk:l>
                                                         <ptk:t location="Target:29:495">Makaraka</ptk:t>
                                                      </ptk:l>
                                                   </title>
                                                </WtInternalLink>
                                                <ptk:t location="Target:29:505">, </ptk:t>
                                                <WtInternalLink>
                                                   <rtd>c3EAfgAjdXEAfgAnAAAAA3VxAH4AKQAAAAFxAH4BVnEAfgC6dXEAfgApAAAAAXEAfgFY</rtd>
                                                   <prefix/>
                                                   <postfix/>
                                                   <target>
                                                      <WtPageName location="Target:29:509">
                                                         <content>Mundu</content>
                                                         <rtd null="true"/>
                                                      </WtPageName>
                                                   </target>
                                                   <title>
                                                      <WtLinkTitle-WtNoLinkTitle/>
                                                   </title>
                                                </WtInternalLink>
                                                <ptk:t location="Target:29:516">, </ptk:t>
                                                <WtInternalLink>
                                                   <rtd>c3EAfgAjdXEAfgAnAAAAA3VxAH4AKQAAAAFxAH4BVnEAfgC6dXEAfgApAAAAAXEAfgFY</rtd>
                                                   <prefix/>
                                                   <postfix/>
                                                   <target>
                                                      <WtPageName location="Target:29:520">
                                                         <content>Jur</content>
                                                         <rtd null="true"/>
                                                      </WtPageName>
                                                   </target>
                                                   <title>
                                                      <WtLinkTitle-WtNoLinkTitle/>
                                                   </title>
                                                </WtInternalLink>
                                                <ptk:t location="Target:29:525">, </ptk:t>
                                                <WtInternalLink>
                                                   <rtd>c3EAfgAjdXEAfgAnAAAAA3VxAH4AKQAAAAFxAH4BVnEAfgC6dXEAfgApAAAAAXEAfgFY</rtd>
                                                   <prefix/>
                                                   <postfix/>
                                                   <target>
                                                      <WtPageName location="Target:29:529">
                                                         <content>Kaliko</content>
                                                         <rtd null="true"/>
                                                      </WtPageName>
                                                   </target>
                                                   <title>
                                                      <WtLinkTitle-WtNoLinkTitle/>
                                                   </title>
                                                </WtInternalLink>
                                                <ptk:t location="Target:29:537">, and others.</ptk:t>
                                             </ptk:l>
                                          </body>
                                       </WtXmlElement>
                                       <ptk:t>
        </ptk:t>
                                    </ptk:l>
                                 </body>
                              </WtXmlElement>
                              <WtXmlElement>
                                 <rtd>c3EAfgAjdXEAfgAnAAAAA3VxAH4AKQAAAAF0AAM8dHJ1cQB+ACkAAAABdAABPnEAfgC6</rtd>
                                 <name>tr</name>
                                 <xmlAttributes>
                                    <WtXmlAttributes-WtEmptyXmlAttributes/>
                                 </xmlAttributes>
                                 <body>
                                    <ptk:l>
                                       <ptk:t>
          </ptk:t>
                                       <WtXmlElement>
                                          <rtd>c3EAfgAjdXEAfgAnAAAAA3VxAH4AKQAAAAF0AAM8dGh1cQB+ACkAAAABdAABPnEAfgC6</rtd>
                                          <name>th</name>
                                          <xmlAttributes>
                                             <ptk:l location="Target:31:14">
                                                <WtXmlAttribute location="Target:31:14">
                                                   <rtd>c3EAfgAjdXEAfgAnAAAAAnVxAH4AKQAAAAF0AAogY29sc3Bhbj0idXEAfgApAAAAAXQAASI=</rtd>
                                                   <name>colspan</name>
                                                   <value>
                                                      <ptk:l location="Target:31:24">
                                                         <ptk:t location="Target:31:24">2</ptk:t>
                                                      </ptk:l>
                                                   </value>
                                                </WtXmlAttribute>
                                             </ptk:l>
                                          </xmlAttributes>
                                          <body>
                                             <ptk:l>
                                                <WtInternalLink>
                                                   <rtd>c3EAfgAjdXEAfgAnAAAAA3VxAH4AKQAAAAFxAH4BVnEAfgC6dXEAfgApAAAAAXEAfgFY</rtd>
                                                   <prefix/>
                                                   <postfix/>
                                                   <target>
                                                      <WtPageName location="Target:31:29">
                                                         <content>ديمونيم</content>
                                                         <rtd null="true"/>
                                                      </WtPageName>
                                                   </target>
                                                   <title>
                                                      <ptk:l>
                                                         <ptk:t location="Target:31:37">اسم الأهل</ptk:t>
                                                      </ptk:l>
                                                   </title>
                                                </WtInternalLink>
                                             </ptk:l>
                                          </body>
                                       </WtXmlElement>
                                       <ptk:t>
          </ptk:t>
                                       <WtXmlElement>
                                          <rtd>c3EAfgAjdXEAfgAnAAAAA3VxAH4AKQAAAAF0AAM8dGR1cQB+ACkAAAABdAABPnEAfgC6</rtd>
                                          <name>td</name>
                                          <xmlAttributes>
                                             <WtXmlAttributes-WtEmptyXmlAttributes/>
                                          </xmlAttributes>
                                          <body>
                                             <ptk:l>
                                                <WtInternalLink>
                                                   <rtd>c3EAfgAjdXEAfgAnAAAAA3VxAH4AKQAAAAFxAH4BVnEAfgC6dXEAfgApAAAAAXEAfgFY</rtd>
                                                   <prefix/>
                                                   <postfix/>
                                                   <target>
                                                      <WtPageName location="Target:32:17">
                                                         <content>South Sudanese</content>
                                                         <rtd null="true"/>
                                                      </WtPageName>
                                                   </target>
                                                   <title>
                                                      <WtLinkTitle-WtNoLinkTitle/>
                                                   </title>
                                                </WtInternalLink>
                                                <ptk:t>
          </ptk:t>
                                             </ptk:l>
                                          </body>
                                       </WtXmlElement>
                                       <ptk:t>
        </ptk:t>
                                    </ptk:l>
                                 </body>
                              </WtXmlElement>
                              <WtXmlElement>
                                 <rtd>c3EAfgAjdXEAfgAnAAAAA3VxAH4AKQAAAAF0AAM8dHJ1cQB+ACkAAAABdAABPnEAfgC6</rtd>
                                 <name>tr</name>
                                 <xmlAttributes>
                                    <WtXmlAttributes-WtEmptyXmlAttributes/>
                                 </xmlAttributes>
                                 <body>
                                    <ptk:l>
                                       <ptk:t>
          </ptk:t>
                                       <WtXmlElement>
                                          <rtd>c3EAfgAjdXEAfgAnAAAAA3VxAH4AKQAAAAF0AAM8dGh1cQB+ACkAAAABdAABPnEAfgC6</rtd>
                                          <name>th</name>
                                          <xmlAttributes>
                                             <ptk:l location="Target:35:14">
                                                <WtXmlAttribute location="Target:35:14">
                                                   <rtd>c3EAfgAjdXEAfgAnAAAAAnVxAH4AKQAAAAF0AAogY29sc3Bhbj0idXEAfgApAAAAAXQAASI=</rtd>
                                                   <name>colspan</name>
                                                   <value>
                                                      <ptk:l location="Target:35:24">
                                                         <ptk:t location="Target:35:24">2</ptk:t>
                                                      </ptk:l>
                                                   </value>
                                                </WtXmlAttribute>
                                             </ptk:l>
                                          </xmlAttributes>
                                          <body>
                                             <ptk:l>
                                                <WtInternalLink>
                                                   <rtd>c3EAfgAjdXEAfgAnAAAAA3VxAH4AKQAAAAFxAH4BVnEAfgC6dXEAfgApAAAAAXEAfgFY</rtd>
                                                   <prefix/>
                                                   <postfix/>
                                                   <target>
                                                      <WtPageName location="Target:35:29">
                                                         <content>حكومه</content>
                                                         <rtd null="true"/>
                                                      </WtPageName>
                                                   </target>
                                                   <title>
                                                      <ptk:l>
                                                         <ptk:t location="Target:35:35">نوع الحكومه</ptk:t>
                                                      </ptk:l>
                                                   </title>
                                                </WtInternalLink>
                                             </ptk:l>
                                          </body>
                                       </WtXmlElement>
                                       <ptk:t>
          </ptk:t>
                                       <WtXmlElement>
                                          <rtd>c3EAfgAjdXEAfgAnAAAAA3VxAH4AKQAAAAF0AAM8dGR1cQB+ACkAAAABdAABPnEAfgC6</rtd>
                                          <name>td</name>
                                          <xmlAttributes>
                                             <WtXmlAttributes-WtEmptyXmlAttributes/>
                                          </xmlAttributes>
                                          <body>
                                             <ptk:l>
                                                <WtInternalLink>
                                                   <rtd>c3EAfgAjdXEAfgAnAAAAA3VxAH4AKQAAAAFxAH4BVnEAfgC6dXEAfgApAAAAAXEAfgFY</rtd>
                                                   <prefix/>
                                                   <postfix/>
                                                   <target>
                                                      <WtPageName location="Target:36:17">
                                                         <content>Federal republic</content>
                                                         <rtd null="true"/>
                                                      </WtPageName>
                                                   </target>
                                                   <title>
                                                      <ptk:l>
                                                         <ptk:t location="Target:36:34">Federal</ptk:t>
                                                      </ptk:l>
                                                   </title>
                                                </WtInternalLink>
                                                <ptk:t location="Target:36:43"> </ptk:t>
                                                <WtInternalLink>
                                                   <rtd>c3EAfgAjdXEAfgAnAAAAA3VxAH4AKQAAAAFxAH4BVnEAfgC6dXEAfgApAAAAAXEAfgFY</rtd>
                                                   <prefix/>
                                                   <postfix/>
                                                   <target>
                                                      <WtPageName location="Target:36:46">
                                                         <content>presidential system</content>
                                                         <rtd null="true"/>
                                                      </WtPageName>
                                                   </target>
                                                   <title>
                                                      <ptk:l>
                                                         <ptk:t location="Target:36:66">presidential</ptk:t>
                                                      </ptk:l>
                                                   </title>
                                                </WtInternalLink>
                                                <ptk:t location="Target:36:80"> </ptk:t>
                                                <WtInternalLink>
                                                   <rtd>c3EAfgAjdXEAfgAnAAAAA3VxAH4AKQAAAAFxAH4BVnEAfgC6dXEAfgApAAAAAXEAfgFY</rtd>
                                                   <prefix/>
                                                   <postfix/>
                                                   <target>
                                                      <WtPageName location="Target:36:83">
                                                         <content>representative democracy</content>
                                                         <rtd null="true"/>
                                                      </WtPageName>
                                                   </target>
                                                   <title>
                                                      <ptk:l>
                                                         <ptk:t location="Target:36:108">democratic</ptk:t>
                                                      </ptk:l>
                                                   </title>
                                                </WtInternalLink>
                                                <ptk:t location="Target:36:120"> </ptk:t>
                                                <WtInternalLink>
                                                   <rtd>c3EAfgAjdXEAfgAnAAAAA3VxAH4AKQAAAAFxAH4BVnEAfgC6dXEAfgApAAAAAXEAfgFY</rtd>
                                                   <prefix/>
                                                   <postfix/>
                                                   <target>
                                                      <WtPageName location="Target:36:123">
                                                         <content>republic</content>
                                                         <rtd null="true"/>
                                                      </WtPageName>
                                                   </target>
                                                   <title>
                                                      <WtLinkTitle-WtNoLinkTitle/>
                                                   </title>
                                                </WtInternalLink>
                                             </ptk:l>
                                          </body>
                                       </WtXmlElement>
                                       <ptk:t>
        </ptk:t>
                                    </ptk:l>
                                 </body>
                              </WtXmlElement>
                              <WtXmlElement>
                                 <rtd>c3EAfgAjdXEAfgAnAAAAA3VxAH4AKQAAAAF0AAM8dHJ1cQB+ACkAAAABdAABPnEAfgC6</rtd>
                                 <name>tr</name>
                                 <xmlAttributes>
                                    <ptk:l location="Target:37:17">
                                       <WtXmlAttribute location="Target:37:17">
                                          <rtd>c3EAfgAjdXEAfgAnAAAAAnVxAH4AKQAAAAF0AAggY2xhc3M9InVxAH4AKQAAAAF0AAEi</rtd>
                                          <name>class</name>
                                          <value>
                                             <ptk:l location="Target:37:25">
                                                <ptk:t location="Target:37:25">mergedrow</ptk:t>
                                             </ptk:l>
                                          </value>
                                       </WtXmlAttribute>
                                    </ptk:l>
                                 </xmlAttributes>
                                 <body>
                                    <ptk:l>
                                       <ptk:t>
          </ptk:t>
                                       <WtXmlElement>
                                          <rtd>c3EAfgAjdXEAfgAnAAAAA3VxAH4AKQAAAAF0AAM8dGR1cQB+ACkAAAABdAABPnEAfgC6</rtd>
                                          <name>td</name>
                                          <xmlAttributes>
                                             <ptk:l location="Target:38:14">
                                                <WtXmlAttribute location="Target:38:14">
                                                   <rtd>c3EAfgAjdXEAfgAnAAAAAnVxAH4AKQAAAAF0AAggc3R5bGU9InVxAH4AKQAAAAF0AAEi</rtd>
                                                   <name>style</name>
                                                   <value>
                                                      <ptk:l location="Target:38:22">
                                                         <ptk:t location="Target:38:22">width:1em; padding:0 0 0 0.6em;</ptk:t>
                                                      </ptk:l>
                                                   </value>
                                                </WtXmlAttribute>
                                             </ptk:l>
                                          </xmlAttributes>
                                          <body>
                                             <ptk:l>
                                                <WtXmlEntityRef location="Target:38:56">
                                                   <rtd>c3EAfgAjdXEAfgAnAAAAAXVxAH4AKQAAAAF0AAYmbmJzcDs=</rtd>
                                                   <name>nbsp</name>
                                                   <resolved> </resolved>
                                                </WtXmlEntityRef>
                                                <ptk:t location="Target:38:61">-</ptk:t>
                                                <WtXmlEntityRef location="Target:38:63">
                                                   <rtd>c3EAfgAjdXEAfgAnAAAAAXVxAH4AKQAAAAF0AAYmbmJzcDs=</rtd>
                                                   <name>nbsp</name>
                                                   <resolved> </resolved>
                                                </WtXmlEntityRef>
                                             </ptk:l>
                                          </body>
                                       </WtXmlElement>
                                       <ptk:t>
          </ptk:t>
                                       <WtXmlElement>
                                          <rtd>c3EAfgAjdXEAfgAnAAAAA3VxAH4AKQAAAAF0AAM8dGR1cQB+ACkAAAABdAABPnEAfgC6</rtd>
                                          <name>td</name>
                                          <xmlAttributes>
                                             <ptk:l location="Target:39:14">
                                                <WtXmlAttribute location="Target:39:14">
                                                   <rtd>c3EAfgAjdXEAfgAnAAAAAnVxAH4AKQAAAAF0AAggc3R5bGU9InVxAH4AKQAAAAF0AAEi</rtd>
                                                   <name>style</name>
                                                   <value>
                                                      <ptk:l location="Target:39:22">
                                                         <ptk:t location="Target:39:22">padding-left:0em;</ptk:t>
                                                      </ptk:l>
                                                   </value>
                                                </WtXmlAttribute>
                                             </ptk:l>
                                          </xmlAttributes>
                                          <body>
                                             <ptk:l>
                                                <WtInternalLink>
                                                   <rtd>c3EAfgAjdXEAfgAnAAAAA3VxAH4AKQAAAAFxAH4BVnEAfgC6dXEAfgApAAAAAXEAfgFY</rtd>
                                                   <prefix/>
                                                   <postfix/>
                                                   <target>
                                                      <WtPageName location="Target:39:43">
                                                         <content>List of Presidents of South Sudan</content>
                                                         <rtd null="true"/>
                                                      </WtPageName>
                                                   </target>
                                                   <title>
                                                      <ptk:l>
                                                         <ptk:t location="Target:39:77">President</ptk:t>
                                                      </ptk:l>
                                                   </title>
                                                </WtInternalLink>
                                             </ptk:l>
                                          </body>
                                       </WtXmlElement>
                                       <ptk:t>
          </ptk:t>
                                       <WtXmlElement>
                                          <rtd>c3EAfgAjdXEAfgAnAAAAA3VxAH4AKQAAAAF0AAM8dGR1cQB+ACkAAAABdAABPnEAfgC6</rtd>
                                          <name>td</name>
                                          <xmlAttributes>
                                             <WtXmlAttributes-WtEmptyXmlAttributes/>
                                          </xmlAttributes>
                                          <body>
                                             <ptk:l>
                                                <WtInternalLink>
                                                   <rtd>c3EAfgAjdXEAfgAnAAAAA3VxAH4AKQAAAAFxAH4BVnEAfgC6dXEAfgApAAAAAXEAfgFY</rtd>
                                                   <prefix/>
                                                   <postfix/>
                                                   <target>
                                                      <WtPageName location="Target:40:17">
                                                         <content>Salva Kiir Mayardit</content>
                                                         <rtd null="true"/>
                                                      </WtPageName>
                                                   </target>
                                                   <title>
                                                      <WtLinkTitle-WtNoLinkTitle/>
                                                   </title>
                                                </WtInternalLink>
                                             </ptk:l>
                                          </body>
                                       </WtXmlElement>
                                       <ptk:t>
        </ptk:t>
                                    </ptk:l>
                                 </body>
                              </WtXmlElement>
                              <WtXmlElement>
                                 <rtd>c3EAfgAjdXEAfgAnAAAAA3VxAH4AKQAAAAF0AAM8dHJ1cQB+ACkAAAABdAABPnEAfgC6</rtd>
                                 <name>tr</name>
                                 <xmlAttributes>
                                    <ptk:l location="Target:41:17">
                                       <WtXmlAttribute location="Target:41:17">
                                          <rtd>c3EAfgAjdXEAfgAnAAAAAnVxAH4AKQAAAAF0AAggY2xhc3M9InVxAH4AKQAAAAF0AAEi</rtd>
                                          <name>class</name>
                                          <value>
                                             <ptk:l location="Target:41:25">
                                                <ptk:t location="Target:41:25">mergedbottomrow</ptk:t>
                                             </ptk:l>
                                          </value>
                                       </WtXmlAttribute>
                                    </ptk:l>
                                 </xmlAttributes>
                                 <body>
                                    <ptk:l>
                                       <ptk:t>
          </ptk:t>
                                       <WtXmlElement>
                                          <rtd>c3EAfgAjdXEAfgAnAAAAA3VxAH4AKQAAAAF0AAM8dGR1cQB+ACkAAAABdAABPnEAfgC6</rtd>
                                          <name>td</name>
                                          <xmlAttributes>
                                             <ptk:l location="Target:42:14">
                                                <WtXmlAttribute location="Target:42:14">
                                                   <rtd>c3EAfgAjdXEAfgAnAAAAAnVxAH4AKQAAAAF0AAggc3R5bGU9InVxAH4AKQAAAAF0AAEi</rtd>
                                                   <name>style</name>
                                                   <value>
                                                      <ptk:l location="Target:42:22">
                                                         <ptk:t location="Target:42:22">width:1em; padding:0 0 0 0.6em;</ptk:t>
                                                      </ptk:l>
                                                   </value>
                                                </WtXmlAttribute>
                                             </ptk:l>
                                          </xmlAttributes>
                                          <body>
                                             <ptk:l>
                                                <WtXmlEntityRef location="Target:42:56">
                                                   <rtd>c3EAfgAjdXEAfgAnAAAAAXVxAH4AKQAAAAF0AAYmbmJzcDs=</rtd>
                                                   <name>nbsp</name>
                                                   <resolved> </resolved>
                                                </WtXmlEntityRef>
                                                <ptk:t location="Target:42:61">-</ptk:t>
                                                <WtXmlEntityRef location="Target:42:63">
                                                   <rtd>c3EAfgAjdXEAfgAnAAAAAXVxAH4AKQAAAAF0AAYmbmJzcDs=</rtd>
                                                   <name>nbsp</name>
                                                   <resolved> </resolved>
                                                </WtXmlEntityRef>
                                             </ptk:l>
                                          </body>
                                       </WtXmlElement>
                                       <ptk:t>
          </ptk:t>
                                       <WtXmlElement>
                                          <rtd>c3EAfgAjdXEAfgAnAAAAA3VxAH4AKQAAAAF0AAM8dGR1cQB+ACkAAAABdAABPnEAfgC6</rtd>
                                          <name>td</name>
                                          <xmlAttributes>
                                             <ptk:l location="Target:43:14">
                                                <WtXmlAttribute location="Target:43:14">
                                                   <rtd>c3EAfgAjdXEAfgAnAAAAAnVxAH4AKQAAAAF0AAggc3R5bGU9InVxAH4AKQAAAAF0AAEi</rtd>
                                                   <name>style</name>
                                                   <value>
                                                      <ptk:l location="Target:43:22">
                                                         <ptk:t location="Target:43:22">padding-left:0em;</ptk:t>
                                                      </ptk:l>
                                                   </value>
                                                </WtXmlAttribute>
                                             </ptk:l>
                                          </xmlAttributes>
                                          <body>
                                             <ptk:l>
                                                <WtInternalLink>
                                                   <rtd>c3EAfgAjdXEAfgAnAAAAA3VxAH4AKQAAAAFxAH4BVnEAfgC6dXEAfgApAAAAAXEAfgFY</rtd>
                                                   <prefix/>
                                                   <postfix/>
                                                   <target>
                                                      <WtPageName location="Target:43:43">
                                                         <content>List of Vice-Presidents of South Sudan</content>
                                                         <rtd null="true"/>
                                                      </WtPageName>
                                                   </target>
                                                   <title>
                                                      <ptk:l>
                                                         <ptk:t location="Target:43:82">Vice-President</ptk:t>
                                                      </ptk:l>
                                                   </title>
                                                </WtInternalLink>
                                             </ptk:l>
                                          </body>
                                       </WtXmlElement>
                                       <ptk:t>
          </ptk:t>
                                       <WtXmlElement>
                                          <rtd>c3EAfgAjdXEAfgAnAAAAA3VxAH4AKQAAAAF0AAM8dGR1cQB+ACkAAAABdAABPnEAfgC6</rtd>
                                          <name>td</name>
                                          <xmlAttributes>
                                             <WtXmlAttributes-WtEmptyXmlAttributes/>
                                          </xmlAttributes>
                                          <body>
                                             <ptk:l>
                                                <WtInternalLink>
                                                   <rtd>c3EAfgAjdXEAfgAnAAAAA3VxAH4AKQAAAAFxAH4BVnEAfgC6dXEAfgApAAAAAXEAfgFY</rtd>
                                                   <prefix/>
                                                   <postfix/>
                                                   <target>
                                                      <WtPageName location="Target:44:17">
                                                         <content>Riek Machar</content>
                                                         <rtd null="true"/>
                                                      </WtPageName>
                                                   </target>
                                                   <title>
                                                      <WtLinkTitle-WtNoLinkTitle/>
                                                   </title>
                                                </WtInternalLink>
                                             </ptk:l>
                                          </body>
                                       </WtXmlElement>
                                       <ptk:t>
        </ptk:t>
                                    </ptk:l>
                                 </body>
                              </WtXmlElement>
                              <WtXmlElement>
                                 <rtd>c3EAfgAjdXEAfgAnAAAAA3VxAH4AKQAAAAF0AAM8dHJ1cQB+ACkAAAABdAABPnEAfgC6</rtd>
                                 <name>tr</name>
                                 <xmlAttributes>
                                    <WtXmlAttributes-WtEmptyXmlAttributes/>
                                 </xmlAttributes>
                                 <body>
                                    <ptk:l>
                                       <ptk:t>
          </ptk:t>
                                       <WtXmlElement>
                                          <rtd>c3EAfgAjdXEAfgAnAAAAA3VxAH4AKQAAAAF0AAM8dGh1cQB+ACkAAAABdAABPnEAfgC6</rtd>
                                          <name>th</name>
                                          <xmlAttributes>
                                             <ptk:l location="Target:46:14">
                                                <WtXmlAttribute location="Target:46:14">
                                                   <rtd>c3EAfgAjdXEAfgAnAAAAAnVxAH4AKQAAAAF0AAogY29sc3Bhbj0idXEAfgApAAAAAXQAASI=</rtd>
                                                   <name>colspan</name>
                                                   <value>
                                                      <ptk:l location="Target:46:24">
                                                         <ptk:t location="Target:46:24">2</ptk:t>
                                                      </ptk:l>
                                                   </value>
                                                </WtXmlAttribute>
                                             </ptk:l>
                                          </xmlAttributes>
                                          <body>
                                             <ptk:l>
                                                <WtInternalLink>
                                                   <rtd>c3EAfgAjdXEAfgAnAAAAA3VxAH4AKQAAAAFxAH4BVnEAfgC6dXEAfgApAAAAAXEAfgFY</rtd>
                                                   <prefix/>
                                                   <postfix/>
                                                   <target>
                                                      <WtPageName location="Target:46:29">
                                                         <content>Legislature</content>
                                                         <rtd null="true"/>
                                                      </WtPageName>
                                                   </target>
                                                   <title>
                                                      <WtLinkTitle-WtNoLinkTitle/>
                                                   </title>
                                                </WtInternalLink>
                                             </ptk:l>
                                          </body>
                                       </WtXmlElement>
                                       <ptk:t>
          </ptk:t>
                                       <WtXmlElement>
                                          <rtd>c3EAfgAjdXEAfgAnAAAAA3VxAH4AKQAAAAF0AAM8dGR1cQB+ACkAAAABdAABPnEAfgC6</rtd>
                                          <name>td</name>
                                          <xmlAttributes>
                                             <WtXmlAttributes-WtEmptyXmlAttributes/>
                                          </xmlAttributes>
                                          <body>
                                             <ptk:l>
                                                <WtInternalLink>
                                                   <rtd>c3EAfgAjdXEAfgAnAAAAA3VxAH4AKQAAAAFxAH4BVnEAfgC6dXEAfgApAAAAAXEAfgFY</rtd>
                                                   <prefix/>
                                                   <postfix/>
                                                   <target>
                                                      <WtPageName location="Target:47:17">
                                                         <content>South Sudan Legislative Assembly</content>
                                                         <rtd null="true"/>
                                                      </WtPageName>
                                                   </target>
                                                   <title>
                                                      <ptk:l>
                                                         <ptk:t location="Target:47:50">Legislative Assembly</ptk:t>
                                                      </ptk:l>
                                                   </title>
                                                </WtInternalLink>
                                             </ptk:l>
                                          </body>
                                       </WtXmlElement>
                                       <ptk:t>
      </ptk:t>
                                    </ptk:l>
                                 </body>
                              </WtXmlElement>
                              <WtXmlElement>
                                 <rtd>c3EAfgAjdXEAfgAnAAAAA3VxAH4AKQAAAAF0AAM8dHJ1cQB+ACkAAAABdAABPnEAfgC6</rtd>
                                 <name>tr</name>
                                 <xmlAttributes>
                                    <ptk:l location="Target:48:15">
                                       <WtXmlAttribute location="Target:48:15">
                                          <rtd>c3EAfgAjdXEAfgAnAAAAAnVxAH4AKQAAAAF0AAggY2xhc3M9InVxAH4AKQAAAAF0AAEi</rtd>
                                          <name>class</name>
                                          <value>
                                             <ptk:l location="Target:48:23">
                                                <ptk:t location="Target:48:23">mergedtoprow</ptk:t>
                                             </ptk:l>
                                          </value>
                                       </WtXmlAttribute>
                                    </ptk:l>
                                 </xmlAttributes>
                                 <body>
                                    <ptk:l>
                                       <WtXmlElement>
                                          <rtd>c3EAfgAjdXEAfgAnAAAAA3VxAH4AKQAAAAF0AAM8dGh1cQB+ACkAAAABdAABPnEAfgC6</rtd>
                                          <name>th</name>
                                          <xmlAttributes>
                                             <ptk:l location="Target:48:40">
                                                <WtXmlAttribute location="Target:48:40">
                                                   <rtd>c3EAfgAjdXEAfgAnAAAAAnVxAH4AKQAAAAF0AAogY29sc3Bhbj0idXEAfgApAAAAAXQAASI=</rtd>
                                                   <name>colspan</name>
                                                   <value>
                                                      <ptk:l location="Target:48:50">
                                                         <ptk:t location="Target:48:50">2</ptk:t>
                                                      </ptk:l>
                                                   </value>
                                                </WtXmlAttribute>
                                             </ptk:l>
                                          </xmlAttributes>
                                          <body>
                                             <ptk:l>
                                                <WtInternalLink>
                                                   <rtd>c3EAfgAjdXEAfgAnAAAAA3VxAH4AKQAAAAFxAH4BVnEAfgC6dXEAfgApAAAAAXEAfgFY</rtd>
                                                   <prefix/>
                                                   <postfix/>
                                                   <target>
                                                      <WtPageName location="Target:48:55">
                                                         <content>Independence</content>
                                                         <rtd null="true"/>
                                                      </WtPageName>
                                                   </target>
                                                   <title>
                                                      <WtLinkTitle-WtNoLinkTitle/>
                                                   </title>
                                                </WtInternalLink>
                                             </ptk:l>
                                          </body>
                                       </WtXmlElement>
                                       <ptk:t>
                                      </ptk:t>
                                       <WtXmlElement>
                                          <rtd>c3EAfgAjdXEAfgAnAAAAA3VxAH4AKQAAAAF0AAM8dGR1cQB+ACkAAAABdAABPnEAfgC6</rtd>
                                          <name>td</name>
                                          <xmlAttributes>
                                             <WtXmlAttributes-WtEmptyXmlAttributes/>
                                          </xmlAttributes>
                                          <body>
                                             <ptk:l>
                                                <ptk:t location="Target:49:43">from </ptk:t>
                                                <WtInternalLink>
                                                   <rtd>c3EAfgAjdXEAfgAnAAAAA3VxAH4AKQAAAAFxAH4BVnEAfgC6dXEAfgApAAAAAXEAfgFY</rtd>
                                                   <prefix/>
                                                   <postfix/>
                                                   <target>
                                                      <WtPageName location="Target:49:50">
                                                         <content>Sudan</content>
                                                         <rtd null="true"/>
                                                      </WtPageName>
                                                   </target>
                                                   <title>
                                                      <WtLinkTitle-WtNoLinkTitle/>
                                                   </title>
                                                </WtInternalLink>
                                                <WtXmlEntityRef location="Target:49:58">
                                                   <rtd>c3EAfgAjdXEAfgAnAAAAAXVxAH4AKQAAAAF0AAYmbmJzcDs=</rtd>
                                                   <name>nbsp</name>
                                                   <resolved> </resolved>
                                                </WtXmlEntityRef>
                                             </ptk:l>
                                          </body>
                                       </WtXmlElement>
                                    </ptk:l>
                                 </body>
                              </WtXmlElement>
                              <WtXmlElement>
                                 <rtd>c3EAfgAjdXEAfgAnAAAAA3VxAH4AKQAAAAF0AAM8dHJ1cQB+ACkAAAABdAABPnEAfgC6</rtd>
                                 <name>tr</name>
                                 <xmlAttributes>
                                    <ptk:l location="Target:49:76">
                                       <WtXmlAttribute location="Target:49:76">
                                          <rtd>c3EAfgAjdXEAfgAnAAAAAnVxAH4AKQAAAAF0AAggY2xhc3M9InVxAH4AKQAAAAF0AAEi</rtd>
                                          <name>class</name>
                                          <value>
                                             <ptk:l location="Target:49:84">
                                                <ptk:t location="Target:49:84">mergedrow</ptk:t>
                                             </ptk:l>
                                          </value>
                                       </WtXmlAttribute>
                                    </ptk:l>
                                 </xmlAttributes>
                                 <body>
                                    <ptk:l>
                                       <ptk:t>
          </ptk:t>
                                       <WtXmlElement>
                                          <rtd>c3EAfgAjdXEAfgAnAAAAA3VxAH4AKQAAAAF0AAM8dGR1cQB+ACkAAAABdAABPnEAfgC6</rtd>
                                          <name>td</name>
                                          <xmlAttributes>
                                             <ptk:l location="Target:50:14">
                                                <WtXmlAttribute location="Target:50:14">
                                                   <rtd>c3EAfgAjdXEAfgAnAAAAAnVxAH4AKQAAAAF0AAggc3R5bGU9InVxAH4AKQAAAAF0AAEi</rtd>
                                                   <name>style</name>
                                                   <value>
                                                      <ptk:l location="Target:50:22">
                                                         <ptk:t location="Target:50:22">width:1em; padding:0 0 0 0.6em;</ptk:t>
                                                      </ptk:l>
                                                   </value>
                                                </WtXmlAttribute>
                                             </ptk:l>
                                          </xmlAttributes>
                                          <body>
                                             <ptk:l>
                                                <WtXmlEntityRef location="Target:50:56">
                                                   <rtd>c3EAfgAjdXEAfgAnAAAAAXVxAH4AKQAAAAF0AAYmbmJzcDs=</rtd>
                                                   <name>nbsp</name>
                                                   <resolved> </resolved>
                                                </WtXmlEntityRef>
                                                <ptk:t location="Target:50:61">-</ptk:t>
                                                <WtXmlEntityRef location="Target:50:63">
                                                   <rtd>c3EAfgAjdXEAfgAnAAAAAXVxAH4AKQAAAAF0AAYmbmJzcDs=</rtd>
                                                   <name>nbsp</name>
                                                   <resolved> </resolved>
                                                </WtXmlEntityRef>
                                             </ptk:l>
                                          </body>
                                       </WtXmlElement>
                                       <ptk:t>
          </ptk:t>
                                       <WtXmlElement>
                                          <rtd>c3EAfgAjdXEAfgAnAAAAA3VxAH4AKQAAAAF0AAM8dGR1cQB+ACkAAAABdAABPnEAfgC6</rtd>
                                          <name>td</name>
                                          <xmlAttributes>
                                             <ptk:l location="Target:51:14">
                                                <WtXmlAttribute location="Target:51:14">
                                                   <rtd>c3EAfgAjdXEAfgAnAAAAAnVxAH4AKQAAAAF0AAggc3R5bGU9InVxAH4AKQAAAAF0AAEi</rtd>
                                                   <name>style</name>
                                                   <value>
                                                      <ptk:l location="Target:51:22">
                                                         <ptk:t location="Target:51:22">padding-left:0em;</ptk:t>
                                                      </ptk:l>
                                                   </value>
                                                </WtXmlAttribute>
                                             </ptk:l>
                                          </xmlAttributes>
                                          <body>
                                             <ptk:l>
                                                <WtInternalLink>
                                                   <rtd>c3EAfgAjdXEAfgAnAAAAA3VxAH4AKQAAAAFxAH4BVnEAfgC6dXEAfgApAAAAAXEAfgFY</rtd>
                                                   <prefix/>
                                                   <postfix/>
                                                   <target>
                                                      <WtPageName location="Target:51:43">
                                                         <content>Comprehensive Peace Agreement</content>
                                                         <rtd null="true"/>
                                                      </WtPageName>
                                                   </target>
                                                   <title>
                                                      <WtLinkTitle-WtNoLinkTitle/>
                                                   </title>
                                                </WtInternalLink>
                                             </ptk:l>
                                          </body>
                                       </WtXmlElement>
                                       <ptk:t>
          </ptk:t>
                                       <WtXmlElement>
                                          <rtd>c3EAfgAjdXEAfgAnAAAAA3VxAH4AKQAAAAF0AAM8dGR1cQB+ACkAAAABdAABPnEAfgC6</rtd>
                                          <name>td</name>
                                          <xmlAttributes>
                                             <WtXmlAttributes-WtEmptyXmlAttributes/>
                                          </xmlAttributes>
                                          <body>
                                             <ptk:l>
                                                <ptk:t location="Target:52:15">January 6, 2005</ptk:t>
                                                <WtXmlEntityRef location="Target:52:31">
                                                   <rtd>c3EAfgAjdXEAfgAnAAAAAXVxAH4AKQAAAAF0AAYmbmJzcDs=</rtd>
                                                   <name>nbsp</name>
                                                   <resolved> </resolved>
                                                </WtXmlEntityRef>
                                             </ptk:l>
                                          </body>
                                       </WtXmlElement>
                                       <ptk:t>
        </ptk:t>
                                    </ptk:l>
                                 </body>
                              </WtXmlElement>
                              <WtXmlElement>
                                 <rtd>c3EAfgAjdXEAfgAnAAAAA3VxAH4AKQAAAAF0AAM8dHJ1cQB+ACkAAAABdAABPnEAfgC6</rtd>
                                 <name>tr</name>
                                 <xmlAttributes>
                                    <ptk:l location="Target:53:17">
                                       <WtXmlAttribute location="Target:53:17">
                                          <rtd>c3EAfgAjdXEAfgAnAAAAAnVxAH4AKQAAAAF0AAggY2xhc3M9InVxAH4AKQAAAAF0AAEi</rtd>
                                          <name>class</name>
                                          <value>
                                             <ptk:l location="Target:53:25">
                                                <ptk:t location="Target:53:25">mergedrow</ptk:t>
                                             </ptk:l>
                                          </value>
                                       </WtXmlAttribute>
                                    </ptk:l>
                                 </xmlAttributes>
                                 <body>
                                    <ptk:l>
                                       <ptk:t>
          </ptk:t>
                                       <WtXmlElement>
                                          <rtd>c3EAfgAjdXEAfgAnAAAAA3VxAH4AKQAAAAF0AAM8dGR1cQB+ACkAAAABdAABPnEAfgC6</rtd>
                                          <name>td</name>
                                          <xmlAttributes>
                                             <ptk:l location="Target:54:14">
                                                <WtXmlAttribute location="Target:54:14">
                                                   <rtd>c3EAfgAjdXEAfgAnAAAAAnVxAH4AKQAAAAF0AAggc3R5bGU9InVxAH4AKQAAAAF0AAEi</rtd>
                                                   <name>style</name>
                                                   <value>
                                                      <ptk:l location="Target:54:22">
                                                         <ptk:t location="Target:54:22">width:1em; padding:0 0 0 0.6em;</ptk:t>
                                                      </ptk:l>
                                                   </value>
                                                </WtXmlAttribute>
                                             </ptk:l>
                                          </xmlAttributes>
                                          <body>
                                             <ptk:l>
                                                <WtXmlEntityRef location="Target:54:56">
                                                   <rtd>c3EAfgAjdXEAfgAnAAAAAXVxAH4AKQAAAAF0AAYmbmJzcDs=</rtd>
                                                   <name>nbsp</name>
                                                   <resolved> </resolved>
                                                </WtXmlEntityRef>
                                                <ptk:t location="Target:54:61">-</ptk:t>
                                                <WtXmlEntityRef location="Target:54:63">
                                                   <rtd>c3EAfgAjdXEAfgAnAAAAAXVxAH4AKQAAAAF0AAYmbmJzcDs=</rtd>
                                                   <name>nbsp</name>
                                                   <resolved> </resolved>
                                                </WtXmlEntityRef>
                                             </ptk:l>
                                          </body>
                                       </WtXmlElement>
                                       <ptk:t>
          </ptk:t>
                                       <WtXmlElement>
                                          <rtd>c3EAfgAjdXEAfgAnAAAAA3VxAH4AKQAAAAF0AAM8dGR1cQB+ACkAAAABdAABPnEAfgC6</rtd>
                                          <name>td</name>
                                          <xmlAttributes>
                                             <ptk:l location="Target:55:14">
                                                <WtXmlAttribute location="Target:55:14">
                                                   <rtd>c3EAfgAjdXEAfgAnAAAAAnVxAH4AKQAAAAF0AAggc3R5bGU9InVxAH4AKQAAAAF0AAEi</rtd>
                                                   <name>style</name>
                                                   <value>
                                                      <ptk:l location="Target:55:22">
                                                         <ptk:t location="Target:55:22">padding-left:0em;</ptk:t>
                                                      </ptk:l>
                                                   </value>
                                                </WtXmlAttribute>
                                             </ptk:l>
                                          </xmlAttributes>
                                          <body>
                                             <ptk:l>
                                                <WtInternalLink>
                                                   <rtd>c3EAfgAjdXEAfgAnAAAAA3VxAH4AKQAAAAFxAH4BVnEAfgC6dXEAfgApAAAAAXEAfgFY</rtd>
                                                   <prefix/>
                                                   <postfix/>
                                                   <target>
                                                      <WtPageName location="Target:55:43">
                                                         <content>Autonomous Government of Southern Sudan</content>
                                                         <rtd null="true"/>
                                                      </WtPageName>
                                                   </target>
                                                   <title>
                                                      <ptk:l>
                                                         <ptk:t location="Target:55:83">Autonomy</ptk:t>
                                                      </ptk:l>
                                                   </title>
                                                </WtInternalLink>
                                             </ptk:l>
                                          </body>
                                       </WtXmlElement>
                                       <ptk:t>
          </ptk:t>
                                       <WtXmlElement>
                                          <rtd>c3EAfgAjdXEAfgAnAAAAA3VxAH4AKQAAAAF0AAM8dGR1cQB+ACkAAAABdAABPnEAfgC6</rtd>
                                          <name>td</name>
                                          <xmlAttributes>
                                             <WtXmlAttributes-WtEmptyXmlAttributes/>
                                          </xmlAttributes>
                                          <body>
                                             <ptk:l>
                                                <ptk:t location="Target:56:15">July 9, 2005</ptk:t>
                                                <WtXmlEntityRef location="Target:56:28">
                                                   <rtd>c3EAfgAjdXEAfgAnAAAAAXVxAH4AKQAAAAF0AAYmbmJzcDs=</rtd>
                                                   <name>nbsp</name>
                                                   <resolved> </resolved>
                                                </WtXmlEntityRef>
                                             </ptk:l>
                                          </body>
                                       </WtXmlElement>
                                       <ptk:t>
        </ptk:t>
                                    </ptk:l>
                                 </body>
                              </WtXmlElement>
                              <WtXmlElement>
                                 <rtd>c3EAfgAjdXEAfgAnAAAAA3VxAH4AKQAAAAF0AAM8dHJ1cQB+ACkAAAABdAABPnEAfgC6</rtd>
                                 <name>tr</name>
                                 <xmlAttributes>
                                    <ptk:l location="Target:57:17">
                                       <WtXmlAttribute location="Target:57:17">
                                          <rtd>c3EAfgAjdXEAfgAnAAAAAnVxAH4AKQAAAAF0AAggY2xhc3M9InVxAH4AKQAAAAF0AAEi</rtd>
                                          <name>class</name>
                                          <value>
                                             <ptk:l location="Target:57:25">
                                                <ptk:t location="Target:57:25">mergedbottomrow</ptk:t>
                                             </ptk:l>
                                          </value>
                                       </WtXmlAttribute>
                                    </ptk:l>
                                 </xmlAttributes>
                                 <body>
                                    <ptk:l>
                                       <ptk:t>
          </ptk:t>
                                       <WtXmlElement>
                                          <rtd>c3EAfgAjdXEAfgAnAAAAA3VxAH4AKQAAAAF0AAM8dGR1cQB+ACkAAAABdAABPnEAfgC6</rtd>
                                          <name>td</name>
                                          <xmlAttributes>
                                             <ptk:l location="Target:58:14">
                                                <WtXmlAttribute location="Target:58:14">
                                                   <rtd>c3EAfgAjdXEAfgAnAAAAAnVxAH4AKQAAAAF0AAggc3R5bGU9InVxAH4AKQAAAAF0AAEi</rtd>
                                                   <name>style</name>
                                                   <value>
                                                      <ptk:l location="Target:58:22">
                                                         <ptk:t location="Target:58:22">width:1em; padding:0 0 0 0.6em;</ptk:t>
                                                      </ptk:l>
                                                   </value>
                                                </WtXmlAttribute>
                                             </ptk:l>
                                          </xmlAttributes>
                                          <body>
                                             <ptk:l>
                                                <WtXmlEntityRef location="Target:58:56">
                                                   <rtd>c3EAfgAjdXEAfgAnAAAAAXVxAH4AKQAAAAF0AAYmbmJzcDs=</rtd>
                                                   <name>nbsp</name>
                                                   <resolved> </resolved>
                                                </WtXmlEntityRef>
                                                <ptk:t location="Target:58:61">-</ptk:t>
                                                <WtXmlEntityRef location="Target:58:63">
                                                   <rtd>c3EAfgAjdXEAfgAnAAAAAXVxAH4AKQAAAAF0AAYmbmJzcDs=</rtd>
                                                   <name>nbsp</name>
                                                   <resolved> </resolved>
                                                </WtXmlEntityRef>
                                             </ptk:l>
                                          </body>
                                       </WtXmlElement>
                                       <ptk:t>
          </ptk:t>
                                       <WtXmlElement>
                                          <rtd>c3EAfgAjdXEAfgAnAAAAA3VxAH4AKQAAAAF0AAM8dGR1cQB+ACkAAAABdAABPnEAfgC6</rtd>
                                          <name>td</name>
                                          <xmlAttributes>
                                             <ptk:l location="Target:59:14">
                                                <WtXmlAttribute location="Target:59:14">
                                                   <rtd>c3EAfgAjdXEAfgAnAAAAAnVxAH4AKQAAAAF0AAggc3R5bGU9InVxAH4AKQAAAAF0AAEi</rtd>
                                                   <name>style</name>
                                                   <value>
                                                      <ptk:l location="Target:59:22">
                                                         <ptk:t location="Target:59:22">padding-left:0em;</ptk:t>
                                                      </ptk:l>
                                                   </value>
                                                </WtXmlAttribute>
                                             </ptk:l>
                                          </xmlAttributes>
                                          <body>
                                             <ptk:l>
                                                <WtInternalLink>
                                                   <rtd>c3EAfgAjdXEAfgAnAAAAA3VxAH4AKQAAAAFxAH4BVnEAfgC6dXEAfgApAAAAAXEAfgFY</rtd>
                                                   <prefix/>
                                                   <postfix/>
                                                   <target>
                                                      <WtPageName location="Target:59:43">
                                                         <content>Independence</content>
                                                         <rtd null="true"/>
                                                      </WtPageName>
                                                   </target>
                                                   <title>
                                                      <WtLinkTitle-WtNoLinkTitle/>
                                                   </title>
                                                </WtInternalLink>
                                                <ptk:t location="Target:59:57"> from </ptk:t>
                                                <WtInternalLink>
                                                   <rtd>c3EAfgAjdXEAfgAnAAAAA3VxAH4AKQAAAAFxAH4BVnEAfgC6dXEAfgApAAAAAXEAfgFY</rtd>
                                                   <prefix/>
                                                   <postfix/>
                                                   <target>
                                                      <WtPageName location="Target:59:65">
                                                         <content>Sudan</content>
                                                         <rtd null="true"/>
                                                      </WtPageName>
                                                   </target>
                                                   <title>
                                                      <WtLinkTitle-WtNoLinkTitle/>
                                                   </title>
                                                </WtInternalLink>
                                             </ptk:l>
                                          </body>
                                       </WtXmlElement>
                                       <ptk:t>
          </ptk:t>
                                       <WtXmlElement>
                                          <rtd>c3EAfgAjdXEAfgAnAAAAA3VxAH4AKQAAAAF0AAM8dGR1cQB+ACkAAAABdAABPnEAfgC6</rtd>
                                          <name>td</name>
                                          <xmlAttributes>
                                             <WtXmlAttributes-WtEmptyXmlAttributes/>
                                          </xmlAttributes>
                                          <body>
                                             <ptk:l>
                                                <ptk:t location="Target:60:15">July 9, 2011</ptk:t>
                                                <WtXmlEntityRef location="Target:60:28">
                                                   <rtd>c3EAfgAjdXEAfgAnAAAAAXVxAH4AKQAAAAF0AAYmbmJzcDs=</rtd>
                                                   <name>nbsp</name>
                                                   <resolved> </resolved>
                                                </WtXmlEntityRef>
                                             </ptk:l>
                                          </body>
                                       </WtXmlElement>
                                       <ptk:t>
        </ptk:t>
                                    </ptk:l>
                                 </body>
                              </WtXmlElement>
                              <WtXmlElement>
                                 <rtd>c3EAfgAjdXEAfgAnAAAAA3VxAH4AKQAAAAF0AAM8dHJ1cQB+ACkAAAABdAABPnEAfgC6</rtd>
                                 <name>tr</name>
                                 <xmlAttributes>
                                    <ptk:l location="Target:61:17">
                                       <WtXmlAttribute location="Target:61:17">
                                          <rtd>c3EAfgAjdXEAfgAnAAAAAnVxAH4AKQAAAAF0AAggY2xhc3M9InVxAH4AKQAAAAF0AAEi</rtd>
                                          <name>class</name>
                                          <value>
                                             <ptk:l location="Target:61:25">
                                                <ptk:t location="Target:61:25">mergedtoprow</ptk:t>
                                             </ptk:l>
                                          </value>
                                       </WtXmlAttribute>
                                    </ptk:l>
                                 </xmlAttributes>
                                 <body>
                                    <ptk:l>
                                       <ptk:t>
          </ptk:t>
                                       <WtXmlElement>
                                          <rtd>c3EAfgAjdXEAfgAnAAAAA3VxAH4AKQAAAAF0AAM8dGh1cQB+ACkAAAABdAABPnEAfgC6</rtd>
                                          <name>th</name>
                                          <xmlAttributes>
                                             <ptk:l location="Target:62:14">
                                                <WtXmlAttribute location="Target:62:14">
                                                   <rtd>c3EAfgAjdXEAfgAnAAAAAnVxAH4AKQAAAAF0AAogY29sc3Bhbj0idXEAfgApAAAAAXQAASI=</rtd>
                                                   <name>colspan</name>
                                                   <value>
                                                      <ptk:l location="Target:62:24">
                                                         <ptk:t location="Target:62:24">3</ptk:t>
                                                      </ptk:l>
                                                   </value>
                                                </WtXmlAttribute>
                                             </ptk:l>
                                          </xmlAttributes>
                                          <body>
                                             <ptk:l>
                                                <WtInternalLink>
                                                   <rtd>c3EAfgAjdXEAfgAnAAAAA3VxAH4AKQAAAAFxAH4BVnEAfgC6dXEAfgApAAAAAXEAfgFY</rtd>
                                                   <prefix/>
                                                   <postfix/>
                                                   <target>
                                                      <WtPageName location="Target:62:29">
                                                         <content>List of countries and outlying territories by total area</content>
                                                         <rtd null="true"/>
                                                      </WtPageName>
                                                   </target>
                                                   <title>
                                                      <ptk:l>
                                                         <ptk:t location="Target:62:86">Area</ptk:t>
                                                      </ptk:l>
                                                   </title>
                                                </WtInternalLink>
                                             </ptk:l>
                                          </body>
                                       </WtXmlElement>
                                       <ptk:t>
        </ptk:t>
                                    </ptk:l>
                                 </body>
                              </WtXmlElement>
                              <ptk:t>
        </ptk:t>
                              <WtXmlElement>
                                 <rtd>c3EAfgAjdXEAfgAnAAAAA3VxAH4AKQAAAAF0AAM8dHJ1cQB+ACkAAAABdAABPnEAfgC6</rtd>
                                 <name>tr</name>
                                 <xmlAttributes>
                                    <ptk:l location="Target:64:12">
                                       <WtXmlAttribute location="Target:64:12">
                                          <rtd>c3EAfgAjdXEAfgAnAAAAAnVxAH4AKQAAAAF0AAggY2xhc3M9InVxAH4AKQAAAAF0AAEi</rtd>
                                          <name>class</name>
                                          <value>
                                             <ptk:l location="Target:64:20">
                                                <ptk:t location="Target:64:20">mergedrow</ptk:t>
                                             </ptk:l>
                                          </value>
                                       </WtXmlAttribute>
                                    </ptk:l>
                                 </xmlAttributes>
                                 <body>
                                    <ptk:l>
                                       <ptk:t>
          </ptk:t>
                                       <WtXmlElement>
                                          <rtd>c3EAfgAjdXEAfgAnAAAAA3VxAH4AKQAAAAF0AAM8dGR1cQB+ACkAAAABdAABPnEAfgC6</rtd>
                                          <name>td</name>
                                          <xmlAttributes>
                                             <ptk:l location="Target:65:14">
                                                <WtXmlAttribute location="Target:65:14">
                                                   <rtd>c3EAfgAjdXEAfgAnAAAAAnVxAH4AKQAAAAF0AAggc3R5bGU9InVxAH4AKQAAAAF0AAEi</rtd>
                                                   <name>style</name>
                                                   <value>
                                                      <ptk:l location="Target:65:22">
                                                         <ptk:t location="Target:65:22">width:1em; padding:0 0 0 0.6em;</ptk:t>
                                                      </ptk:l>
                                                   </value>
                                                </WtXmlAttribute>
                                             </ptk:l>
                                          </xmlAttributes>
                                          <body>
                                             <ptk:l>
                                                <WtXmlEntityRef location="Target:65:56">
                                                   <rtd>c3EAfgAjdXEAfgAnAAAAAXVxAH4AKQAAAAF0AAYmbmJzcDs=</rtd>
                                                   <name>nbsp</name>
                                                   <resolved> </resolved>
                                                </WtXmlEntityRef>
                                                <ptk:t location="Target:65:61">-</ptk:t>
                                                <WtXmlEntityRef location="Target:65:63">
                                                   <rtd>c3EAfgAjdXEAfgAnAAAAAXVxAH4AKQAAAAF0AAYmbmJzcDs=</rtd>
                                                   <name>nbsp</name>
                                                   <resolved> </resolved>
                                                </WtXmlEntityRef>
                                             </ptk:l>
                                          </body>
                                       </WtXmlElement>
                                       <ptk:t>
          </ptk:t>
                                       <WtXmlElement>
                                          <rtd>c3EAfgAjdXEAfgAnAAAAA3VxAH4AKQAAAAF0AAM8dGR1cQB+ACkAAAABdAABPnEAfgC6</rtd>
                                          <name>td</name>
                                          <xmlAttributes>
                                             <ptk:l location="Target:66:14">
                                                <WtXmlAttribute location="Target:66:14">
                                                   <rtd>c3EAfgAjdXEAfgAnAAAAAnVxAH4AKQAAAAF0AAggc3R5bGU9InVxAH4AKQAAAAF0AAEi</rtd>
                                                   <name>style</name>
                                                   <value>
                                                      <ptk:l location="Target:66:22">
                                                         <ptk:t location="Target:66:22">padding-left:0em;</ptk:t>
                                                      </ptk:l>
                                                   </value>
                                                </WtXmlAttribute>
                                             </ptk:l>
                                          </xmlAttributes>
                                          <body>
                                             <ptk:l>
                                                <ptk:t location="Target:66:41">Total</ptk:t>
                                             </ptk:l>
                                          </body>
                                       </WtXmlElement>
                                       <ptk:t>
          </ptk:t>
                                       <WtXmlElement>
                                          <rtd>c3EAfgAjdXEAfgAnAAAAA3VxAH4AKQAAAAF0AAM8dGR1cQB+ACkAAAABdAABPnEAfgC6</rtd>
                                          <name>td</name>
                                          <xmlAttributes>
                                             <WtXmlAttributes-WtEmptyXmlAttributes/>
                                          </xmlAttributes>
                                          <body>
                                             <ptk:l>
                                                <WtInternalLink>
                                                   <rtd>c3EAfgAjdXEAfgAnAAAAA3VxAH4AKQAAAAFxAH4BVnEAfgC6dXEAfgApAAAAAXEAfgFY</rtd>
                                                   <prefix/>
                                                   <postfix/>
                                                   <target>
                                                      <WtPageName location="Target:67:17">
                                                         <content> Square metre </content>
                                                         <rtd null="true"/>
                                                      </WtPageName>
                                                   </target>
                                                   <title>
                                                      <ptk:l>
                                                         <ptk:t location="Target:67:32"> 619745</ptk:t>
                                                         <WtXmlEntityRef location="Target:67:40">
                                                            <rtd>c3EAfgAjdXEAfgAnAAAAAXVxAH4AKQAAAAF0AAYmbmJzcDs=</rtd>
                                                            <name>nbsp</name>
                                                            <resolved> </resolved>
                                                         </WtXmlEntityRef>
                                                         <ptk:t location="Target:67:45">km</ptk:t>
                                                         <WtXmlElement>
                                                            <rtd>c3EAfgAjdXEAfgAnAAAAA3VxAH4AKQAAAAF0AAQ8c3VwdXEAfgApAAAAAXQAAT51cQB+ACkAAAABdAAGPC9zdXA+</rtd>
                                                            <name>sup</name>
                                                            <xmlAttributes>
                                                               <WtXmlAttributes-WtEmptyXmlAttributes/>
                                                            </xmlAttributes>
                                                            <body>
                                                               <ptk:l>
                                                                  <ptk:t location="Target:67:52">2</ptk:t>
                                                               </ptk:l>
                                                            </body>
                                                         </WtXmlElement>
                                                      </ptk:l>
                                                   </title>
                                                </WtInternalLink>
                                                <WtXmlEntityRef location="Target:67:62">
                                                   <rtd>c3EAfgAjdXEAfgAnAAAAAXVxAH4AKQAAAAF0AAYmbmJzcDs=</rtd>
                                                   <name>nbsp</name>
                                                   <resolved> </resolved>
                                                </WtXmlEntityRef>
                                                <ptk:t location="Target:67:67">(</ptk:t>
                                                <WtInternalLink>
                                                   <rtd>c3EAfgAjdXEAfgAnAAAAA3VxAH4AKQAAAAFxAH4BVnEAfgC6dXEAfgApAAAAAXEAfgFY</rtd>
                                                   <prefix/>
                                                   <postfix/>
                                                   <target>
                                                      <WtPageName location="Target:67:70">
                                                         <content>List of countries and outlying territories by total area</content>
                                                         <rtd null="true"/>
                                                      </WtPageName>
                                                   </target>
                                                   <title>
                                                      <ptk:l>
                                                         <ptk:t location="Target:67:127">45th</ptk:t>
                                                      </ptk:l>
                                                   </title>
                                                </WtInternalLink>
                                                <ptk:t location="Target:67:133">)</ptk:t>
                                                <WtXmlElement>
                                                   <rtd>c3EAfgAjdXEAfgAnAAAAA3VxAH4AKQAAAAF0AAM8YnJ1cQB+ACkAAAABdAACLz5xAH4Aug==</rtd>
                                                   <name>br</name>
                                                   <xmlAttributes>
                                                      <WtXmlAttributes-WtEmptyXmlAttributes/>
                                                   </xmlAttributes>
                                                   <body>
                                                      <WtBody-WtNoBody/>
                                                   </body>
                                                </WtXmlElement>
                                                <ptk:t location="Target:67:139">239285</ptk:t>
                                                <WtXmlEntityRef location="Target:67:146">
                                                   <rtd>c3EAfgAjdXEAfgAnAAAAAXVxAH4AKQAAAAF0AAYmbmJzcDs=</rtd>
                                                   <name>nbsp</name>
                                                   <resolved> </resolved>
                                                </WtXmlEntityRef>
                                                <WtInternalLink>
                                                   <rtd>c3EAfgAjdXEAfgAnAAAAA3VxAH4AKQAAAAFxAH4BVnEAfgC6dXEAfgApAAAAAXEAfgFY</rtd>
                                                   <prefix/>
                                                   <postfix/>
                                                   <target>
                                                      <WtPageName location="Target:67:153">
                                                         <content>Square mile</content>
                                                         <rtd null="true"/>
                                                      </WtPageName>
                                                   </target>
                                                   <title>
                                                      <ptk:l>
                                                         <ptk:t location="Target:67:165">sq</ptk:t>
                                                         <WtXmlEntityRef location="Target:67:168">
                                                            <rtd>c3EAfgAjdXEAfgAnAAAAAXVxAH4AKQAAAAF0AAYmbmJzcDs=</rtd>
                                                            <name>nbsp</name>
                                                            <resolved> </resolved>
                                                         </WtXmlEntityRef>
                                                         <ptk:t location="Target:67:173">mi</ptk:t>
                                                      </ptk:l>
                                                   </title>
                                                </WtInternalLink>
                                                <WtXmlEntityRef location="Target:67:178">
                                                   <rtd>c3EAfgAjdXEAfgAnAAAAAXVxAH4AKQAAAAF0AAYmbmJzcDs=</rtd>
                                                   <name>nbsp</name>
                                                   <resolved> </resolved>
                                                </WtXmlEntityRef>
                                             </ptk:l>
                                          </body>
                                       </WtXmlElement>
                                       <ptk:t>
        </ptk:t>
                                    </ptk:l>
                                 </body>
                              </WtXmlElement>
                              <WtXmlElement>
                                 <rtd>c3EAfgAjdXEAfgAnAAAAA3VxAH4AKQAAAAF0AAM8dHJ1cQB+ACkAAAABdAABPnEAfgC6</rtd>
                                 <name>tr</name>
                                 <xmlAttributes>
                                    <ptk:l location="Target:68:17">
                                       <WtXmlAttribute location="Target:68:17">
                                          <rtd>c3EAfgAjdXEAfgAnAAAAAnVxAH4AKQAAAAF0AAggY2xhc3M9InVxAH4AKQAAAAF0AAEi</rtd>
                                          <name>class</name>
                                          <value>
                                             <ptk:l location="Target:68:25">
                                                <ptk:t location="Target:68:25">mergedtoprow</ptk:t>
                                             </ptk:l>
                                          </value>
                                       </WtXmlAttribute>
                                    </ptk:l>
                                 </xmlAttributes>
                                 <body>
                                    <ptk:l>
                                       <ptk:t>
</ptk:t>
                                       <WtXmlElement>
                                          <rtd>c3EAfgAjdXEAfgAnAAAAA3VxAH4AKQAAAAF0AAM8dGh1cQB+ACkAAAABdAABPnEAfgC6</rtd>
                                          <name>th</name>
                                          <xmlAttributes>
                                             <ptk:l location="Target:69:4">
                                                <WtXmlAttribute location="Target:69:4">
                                                   <rtd>c3EAfgAjdXEAfgAnAAAAAnVxAH4AKQAAAAF0AAogY29sc3Bhbj0idXEAfgApAAAAAXQAASI=</rtd>
                                                   <name>colspan</name>
                                                   <value>
                                                      <ptk:l location="Target:69:14">
                                                         <ptk:t location="Target:69:14">3</ptk:t>
                                                      </ptk:l>
                                                   </value>
                                                </WtXmlAttribute>
                                             </ptk:l>
                                          </xmlAttributes>
                                          <body>
                                             <ptk:l>
                                                <WtInternalLink>
                                                   <rtd>c3EAfgAjdXEAfgAnAAAAA3VxAH4AKQAAAAFxAH4BVnEAfgC6dXEAfgApAAAAAXEAfgFY</rtd>
                                                   <prefix/>
                                                   <postfix/>
                                                   <target>
                                                      <WtPageName location="Target:69:19">
                                                         <content>لستة البلاد حسب عدد السكان</content>
                                                         <rtd null="true"/>
                                                      </WtPageName>
                                                   </target>
                                                   <title>
                                                      <ptk:l>
                                                         <ptk:t location="Target:69:46">السكان</ptk:t>
                                                      </ptk:l>
                                                   </title>
                                                </WtInternalLink>
                                             </ptk:l>
                                          </body>
                                       </WtXmlElement>
                                       <ptk:t>
        </ptk:t>
                                    </ptk:l>
                                 </body>
                              </WtXmlElement>
                              <WtXmlElement>
                                 <rtd>c3EAfgAjdXEAfgAnAAAAA3VxAH4AKQAAAAF0AAM8dHJ1cQB+ACkAAAABdAABPnEAfgC6</rtd>
                                 <name>tr</name>
                                 <xmlAttributes>
                                    <ptk:l location="Target:70:17">
                                       <WtXmlAttribute location="Target:70:17">
                                          <rtd>c3EAfgAjdXEAfgAnAAAAAnVxAH4AKQAAAAF0AAggY2xhc3M9InVxAH4AKQAAAAF0AAEi</rtd>
                                          <name>class</name>
                                          <value>
                                             <ptk:l location="Target:70:25">
                                                <ptk:t location="Target:70:25">mergedrow</ptk:t>
                                             </ptk:l>
                                          </value>
                                       </WtXmlAttribute>
                                    </ptk:l>
                                 </xmlAttributes>
                                 <body>
                                    <ptk:l>
                                       <ptk:t>
             </ptk:t>
                                       <WtXmlElement>
                                          <rtd>c3EAfgAjdXEAfgAnAAAAA3VxAH4AKQAAAAF0AAM8dGR1cQB+ACkAAAABdAABPnEAfgC6</rtd>
                                          <name>td</name>
                                          <xmlAttributes>
                                             <ptk:l location="Target:71:17">
                                                <WtXmlAttribute location="Target:71:17">
                                                   <rtd>c3EAfgAjdXEAfgAnAAAAAnVxAH4AKQAAAAF0AAggc3R5bGU9InVxAH4AKQAAAAF0AAEi</rtd>
                                                   <name>style</name>
                                                   <value>
                                                      <ptk:l location="Target:71:25">
                                                         <ptk:t location="Target:71:25">width:1em; padding:0 0 0 0.6em;</ptk:t>
                                                      </ptk:l>
                                                   </value>
                                                </WtXmlAttribute>
                                             </ptk:l>
                                          </xmlAttributes>
                                          <body>
                                             <ptk:l>
                                                <WtXmlEntityRef location="Target:71:59">
                                                   <rtd>c3EAfgAjdXEAfgAnAAAAAXVxAH4AKQAAAAF0AAYmbmJzcDs=</rtd>
                                                   <name>nbsp</name>
                                                   <resolved> </resolved>
                                                </WtXmlEntityRef>
                                                <ptk:t location="Target:71:64">-</ptk:t>
                                                <WtXmlEntityRef location="Target:71:66">
                                                   <rtd>c3EAfgAjdXEAfgAnAAAAAXVxAH4AKQAAAAF0AAYmbmJzcDs=</rtd>
                                                   <name>nbsp</name>
                                                   <resolved> </resolved>
                                                </WtXmlEntityRef>
                                             </ptk:l>
                                          </body>
                                       </WtXmlElement>
                                       <ptk:t>
             </ptk:t>
                                       <WtXmlElement>
                                          <rtd>c3EAfgAjdXEAfgAnAAAAA3VxAH4AKQAAAAF0AAM8dGR1cQB+ACkAAAABdAABPnEAfgC6</rtd>
                                          <name>td</name>
                                          <xmlAttributes>
                                             <ptk:l location="Target:72:17">
                                                <WtXmlAttribute location="Target:72:17">
                                                   <rtd>c3EAfgAjdXEAfgAnAAAAAnVxAH4AKQAAAAF0AAggc3R5bGU9InVxAH4AKQAAAAF0AAEi</rtd>
                                                   <name>style</name>
                                                   <value>
                                                      <ptk:l location="Target:72:25">
                                                         <ptk:t location="Target:72:25">padding-left:0em;</ptk:t>
                                                      </ptk:l>
                                                   </value>
                                                </WtXmlAttribute>
                                             </ptk:l>
                                          </xmlAttributes>
                                          <body>
                                             <ptk:l>
                                                <WtXmlEntityRef location="Target:72:45">
                                                   <rtd>c3EAfgAjdXEAfgAnAAAAAXVxAH4AKQAAAAF0AAYmbmJzcDs=</rtd>
                                                   <name>nbsp</name>
                                                   <resolved> </resolved>
                                                </WtXmlEntityRef>
                                                <ptk:t location="Target:72:50">estimate</ptk:t>
                                             </ptk:l>
                                          </body>
                                       </WtXmlElement>
                                       <ptk:t>
             </ptk:t>
                                       <WtXmlElement>
                                          <rtd>c3EAfgAjdXEAfgAnAAAAA3VxAH4AKQAAAAF0AAM8dGR1cQB+ACkAAAABdAABPnEAfgC6</rtd>
                                          <name>td</name>
                                          <xmlAttributes>
                                             <WtXmlAttributes-WtEmptyXmlAttributes/>
                                          </xmlAttributes>
                                          <body>
                                             <ptk:l>
                                                <ptk:t location="Target:73:18">7,500,000–9,700,000 </ptk:t>
                                                <ptk:l>
                                                   <ptk:t location="Target:73:40">(2006, UNFPA)</ptk:t>
                                                </ptk:l>
                                                <WtTagExtension location="Target:37:70">
                                                   <ptk:a name="__SKIP__">
                                                      <Boolean>false</Boolean>
                                                   </ptk:a>
                                                   <rtd>c3EAfgAjdXEAfgAnAAAAA3VxAH4AKQAAAAF0AAQ8cmVmdXEAfgApAAAAAXQAAT51cQB+ACkAAAABdAAGPC9yZWY+</rtd>
                                                   <name>ref</name>
                                                   <xmlAttributes>
                                                      <ptk:l location="Target:37:73">
                                                         <WtXmlAttribute location="Target:37:73">
                                                            <rtd>c3EAfgAjdXEAfgAnAAAAAnVxAH4AKQAAAAF0AAcgbmFtZT0idXEAfgApAAAAAXQAASI=</rtd>
                                                            <name>name</name>
                                                            <value>
                                                               <ptk:l location="Target:37:80">
                                                                  <ptk:t location="Target:37:80">unfpa</ptk:t>
                                                               </ptk:l>
                                                            </value>
                                                         </WtXmlAttribute>
                                                      </ptk:l>
                                                   </xmlAttributes>
                                                   <body>
                                                      <WtTagExtensionBody-WtTagExtensionBodyImpl>
                                                         <content>{{Cite web|url=http://sudan.unfpa.org/souther_Sudan/index.htm|title=UNFPA Southern SUDAN|work=UNFPA}}</content>
                                                         <rtd null="true"/>
                                                      </WtTagExtensionBody-WtTagExtensionBodyImpl>
                                                   </body>
                                                </WtTagExtension>
                                                <WtXmlElement>
                                                   <rtd>c3EAfgAjdXEAfgAnAAAAA3VxAH4AKQAAAAF0AAM8YnJ1cQB+ACkAAAABdAADIC8+cQB+ALo=</rtd>
                                                   <name>br</name>
                                                   <xmlAttributes>
                                                      <WtXmlAttributes-WtEmptyXmlAttributes/>
                                                   </xmlAttributes>
                                                   <body>
                                                      <WtBody-WtNoBody/>
                                                   </body>
                                                </WtXmlElement>
                                                <ptk:t location="Target:73:64"> 11,000,000–13,000,000 </ptk:t>
                                                <ptk:l>
                                                   <ptk:t location="Target:73:89">(Southern Sudan claim, 2009)</ptk:t>
                                                </ptk:l>
                                                <WtTagExtension location="Target:37:256">
                                                   <ptk:a name="__SKIP__">
                                                      <Boolean>false</Boolean>
                                                   </ptk:a>
                                                   <rtd>c3EAfgAjdXEAfgAnAAAAA3VxAH4AKQAAAAF0AAQ8cmVmdXEAfgApAAAAAXQAAT51cQB+ACkAAAABdAAGPC9yZWY+</rtd>
                                                   <name>ref</name>
                                                   <xmlAttributes>
                                                      <WtXmlAttributes-WtEmptyXmlAttributes/>
                                                   </xmlAttributes>
                                                   <body>
                                                      <WtTagExtensionBody-WtTagExtensionBodyImpl>
                                                         <content>{{Cite news|url=http://www.sudantribune.com/spip.php?article31005|title=Sudan census committee say population is at 39 million|work=SudanTribune|date=27 April 2009}}</content>
                                                         <rtd null="true"/>
                                                      </WtTagExtensionBody-WtTagExtensionBodyImpl>
                                                   </body>
                                                </WtTagExtension>
                                                <WtXmlEntityRef location="Target:73:123">
                                                   <rtd>c3EAfgAjdXEAfgAnAAAAAXVxAH4AKQAAAAF0AAYmbmJzcDs=</rtd>
                                                   <name>nbsp</name>
                                                   <resolved> </resolved>
                                                </WtXmlEntityRef>
                                             </ptk:l>
                                          </body>
                                       </WtXmlElement>
                                       <ptk:t>
           </ptk:t>
                                    </ptk:l>
                                 </body>
                              </WtXmlElement>
                              <WtXmlElement>
                                 <rtd>c3EAfgAjdXEAfgAnAAAAA3VxAH4AKQAAAAF0AAM8dHJ1cQB+ACkAAAABdAABPnEAfgC6</rtd>
                                 <name>tr</name>
                                 <xmlAttributes>
                                    <ptk:l location="Target:74:20">
                                       <WtXmlAttribute location="Target:74:20">
                                          <rtd>c3EAfgAjdXEAfgAnAAAAAnVxAH4AKQAAAAF0AAggY2xhc3M9InVxAH4AKQAAAAF0AAEi</rtd>
                                          <name>class</name>
                                          <value>
                                             <ptk:l location="Target:74:28">
                                                <ptk:t location="Target:74:28">mergedrow</ptk:t>
                                             </ptk:l>
                                          </value>
                                       </WtXmlAttribute>
                                    </ptk:l>
                                 </xmlAttributes>
                                 <body>
                                    <ptk:l>
                                       <ptk:t>
               </ptk:t>
                                       <WtXmlElement>
                                          <rtd>c3EAfgAjdXEAfgAnAAAAA3VxAH4AKQAAAAF0AAM8dGR1cQB+ACkAAAABdAABPnEAfgC6</rtd>
                                          <name>td</name>
                                          <xmlAttributes>
                                             <ptk:l location="Target:75:19">
                                                <WtXmlAttribute location="Target:75:19">
                                                   <rtd>c3EAfgAjdXEAfgAnAAAAAnVxAH4AKQAAAAF0AAggc3R5bGU9InVxAH4AKQAAAAF0AAEi</rtd>
                                                   <name>style</name>
                                                   <value>
                                                      <ptk:l location="Target:75:27">
                                                         <ptk:t location="Target:75:27">width:1em; padding:0 0 0 0.6em;</ptk:t>
                                                      </ptk:l>
                                                   </value>
                                                </WtXmlAttribute>
                                             </ptk:l>
                                          </xmlAttributes>
                                          <body>
                                             <ptk:l>
                                                <WtXmlEntityRef location="Target:75:61">
                                                   <rtd>c3EAfgAjdXEAfgAnAAAAAXVxAH4AKQAAAAF0AAYmbmJzcDs=</rtd>
                                                   <name>nbsp</name>
                                                   <resolved> </resolved>
                                                </WtXmlEntityRef>
                                                <ptk:t location="Target:75:66">-</ptk:t>
                                                <WtXmlEntityRef location="Target:75:68">
                                                   <rtd>c3EAfgAjdXEAfgAnAAAAAXVxAH4AKQAAAAF0AAYmbmJzcDs=</rtd>
                                                   <name>nbsp</name>
                                                   <resolved> </resolved>
                                                </WtXmlEntityRef>
                                             </ptk:l>
                                          </body>
                                       </WtXmlElement>
                                       <ptk:t>
               </ptk:t>
                                       <WtXmlElement>
                                          <rtd>c3EAfgAjdXEAfgAnAAAAA3VxAH4AKQAAAAF0AAM8dGR1cQB+ACkAAAABdAABPnEAfgC6</rtd>
                                          <name>td</name>
                                          <xmlAttributes>
                                             <ptk:l location="Target:76:19">
                                                <WtXmlAttribute location="Target:76:19">
                                                   <rtd>c3EAfgAjdXEAfgAnAAAAAnVxAH4AKQAAAAF0AAggc3R5bGU9InVxAH4AKQAAAAF0AAEi</rtd>
                                                   <name>style</name>
                                                   <value>
                                                      <ptk:l location="Target:76:27">
                                                         <ptk:t location="Target:76:27">padding-left:0em;</ptk:t>
                                                      </ptk:l>
                                                   </value>
                                                </WtXmlAttribute>
                                             </ptk:l>
                                          </xmlAttributes>
                                          <body>
                                             <ptk:l>
                                                <ptk:t location="Target:76:46">2008</ptk:t>
                                                <WtXmlEntityRef location="Target:76:51">
                                                   <rtd>c3EAfgAjdXEAfgAnAAAAAXVxAH4AKQAAAAF0AAYmbmJzcDs=</rtd>
                                                   <name>nbsp</name>
                                                   <resolved> </resolved>
                                                </WtXmlEntityRef>
                                                <ptk:t location="Target:76:56">census</ptk:t>
                                             </ptk:l>
                                          </body>
                                       </WtXmlElement>
                                       <ptk:t>
               </ptk:t>
                                       <WtXmlElement>
                                          <rtd>c3EAfgAjdXEAfgAnAAAAA3VxAH4AKQAAAAF0AAM8dGR1cQB+ACkAAAABdAABPnEAfgC6</rtd>
                                          <name>td</name>
                                          <xmlAttributes>
                                             <WtXmlAttributes-WtEmptyXmlAttributes/>
                                          </xmlAttributes>
                                          <body>
                                             <ptk:l>
                                                <ptk:t location="Target:77:20">8,260,490 </ptk:t>
                                                <ptk:l>
                                                   <ptk:t location="Target:77:32">(disputed)</ptk:t>
                                                </ptk:l>
                                                <WtTagExtension location="Target:40:57">
                                                   <ptk:a name="__SKIP__">
                                                      <Boolean>false</Boolean>
                                                   </ptk:a>
                                                   <rtd>c3EAfgAjdXEAfgAnAAAAA3VxAH4AKQAAAAF0AAQ8cmVmdXEAfgApAAAAAXQAAT51cQB+ACkAAAABdAAGPC9yZWY+</rtd>
                                                   <name>ref</name>
                                                   <xmlAttributes>
                                                      <ptk:l location="Target:40:60">
                                                         <WtXmlAttribute location="Target:40:60">
                                                            <rtd>c3EAfgAjdXEAfgAnAAAAAnVxAH4AKQAAAAF0AAcgbmFtZT0idXEAfgApAAAAAXQAASI=</rtd>
                                                            <name>name</name>
                                                            <value>
                                                               <ptk:l location="Target:40:67">
                                                                  <ptk:t location="Target:40:67">n24</ptk:t>
                                                               </ptk:l>
                                                            </value>
                                                         </WtXmlAttribute>
                                                      </ptk:l>
                                                   </xmlAttributes>
                                                   <body>
                                                      <WtTagExtensionBody-WtTagExtensionBodyImpl>
                                                         <content>{{Cite news|url=http://www.news24.com/Content/World/News/1073/b52cc36803164f39be83598566f1eb70/21-05-2009-07-23/Discontent_over_Sudan_census|title=Discontent over Sudan census|work=News24.com|date=21 May 2009}}</content>
                                                         <rtd null="true"/>
                                                      </WtTagExtensionBody-WtTagExtensionBodyImpl>
                                                   </body>
                                                </WtTagExtension>
                                                <WtXmlEntityRef location="Target:77:48">
                                                   <rtd>c3EAfgAjdXEAfgAnAAAAAXVxAH4AKQAAAAF0AAYmbmJzcDs=</rtd>
                                                   <name>nbsp</name>
                                                   <resolved> </resolved>
                                                </WtXmlEntityRef>
                                                <ptk:t location="Target:77:53">(</ptk:t>
                                                <WtInternalLink>
                                                   <rtd>c3EAfgAjdXEAfgAnAAAAA3VxAH4AKQAAAAFxAH4BVnEAfgC6dXEAfgApAAAAAXEAfgFY</rtd>
                                                   <prefix/>
                                                   <postfix/>
                                                   <target>
                                                      <WtPageName location="Target:77:56">
                                                         <content>List of countries by population</content>
                                                         <rtd null="true"/>
                                                      </WtPageName>
                                                   </target>
                                                   <title>
                                                      <ptk:l>
                                                         <ptk:t location="Target:77:88">94th</ptk:t>
                                                      </ptk:l>
                                                   </title>
                                                </WtInternalLink>
                                                <ptk:t location="Target:77:94">)</ptk:t>
                                             </ptk:l>
                                          </body>
                                       </WtXmlElement>
                                       <ptk:t>
             </ptk:t>
                                    </ptk:l>
                                 </body>
                              </WtXmlElement>
                              <WtXmlElement>
                                 <rtd>c3EAfgAjdXEAfgAnAAAAA3VxAH4AKQAAAAF0AAM8dHJ1cQB+ACkAAAABdAABPnEAfgC6</rtd>
                                 <name>tr</name>
                                 <xmlAttributes>
                                    <WtXmlAttributes-WtEmptyXmlAttributes/>
                                 </xmlAttributes>
                                 <body>
                                    <ptk:l>
                                       <ptk:t>
          </ptk:t>
                                       <WtXmlElement>
                                          <rtd>c3EAfgAjdXEAfgAnAAAAA3VxAH4AKQAAAAF0AAM8dGh1cQB+ACkAAAABdAABPnEAfgC6</rtd>
                                          <name>th</name>
                                          <xmlAttributes>
                                             <ptk:l location="Target:79:14">
                                                <WtXmlAttribute location="Target:79:14">
                                                   <rtd>c3EAfgAjdXEAfgAnAAAAAnVxAH4AKQAAAAF0AAogY29sc3Bhbj0idXEAfgApAAAAAXQAASI=</rtd>
                                                   <name>colspan</name>
                                                   <value>
                                                      <ptk:l location="Target:79:24">
                                                         <ptk:t location="Target:79:24">2</ptk:t>
                                                      </ptk:l>
                                                   </value>
                                                </WtXmlAttribute>
                                                <WtXmlAttribute location="Target:79:26">
                                                   <rtd>c3EAfgAjdXEAfgAnAAAAAnVxAH4AKQAAAAF0AAggc3R5bGU9InVxAH4AKQAAAAF0AAEi</rtd>
                                                   <name>style</name>
                                                   <value>
                                                      <ptk:l location="Target:79:34">
                                                         <ptk:t location="Target:79:34">vertical-align:middle;</ptk:t>
                                                      </ptk:l>
                                                   </value>
                                                </WtXmlAttribute>
                                             </ptk:l>
                                          </xmlAttributes>
                                          <body>
                                             <ptk:l>
                                                <WtInternalLink>
                                                   <rtd>c3EAfgAjdXEAfgAnAAAAA3VxAH4AKQAAAAFxAH4BVnEAfgC6dXEAfgApAAAAAXEAfgFY</rtd>
                                                   <prefix/>
                                                   <postfix/>
                                                   <target>
                                                      <WtPageName location="Target:79:60">
                                                         <content>Currency</content>
                                                         <rtd null="true"/>
                                                      </WtPageName>
                                                   </target>
                                                   <title>
                                                      <WtLinkTitle-WtNoLinkTitle/>
                                                   </title>
                                                </WtInternalLink>
                                             </ptk:l>
                                          </body>
                                       </WtXmlElement>
                                       <ptk:t>
          </ptk:t>
                                       <WtXmlElement>
                                          <rtd>c3EAfgAjdXEAfgAnAAAAA3VxAH4AKQAAAAF0AAM8dGR1cQB+ACkAAAABdAABPnEAfgC6</rtd>
                                          <name>td</name>
                                          <xmlAttributes>
                                             <WtXmlAttributes-WtEmptyXmlAttributes/>
                                          </xmlAttributes>
                                          <body>
                                             <ptk:l>
                                                <WtInternalLink>
                                                   <rtd>c3EAfgAjdXEAfgAnAAAAA3VxAH4AKQAAAAFxAH4BVnEAfgC6dXEAfgApAAAAAXEAfgFY</rtd>
                                                   <prefix/>
                                                   <postfix/>
                                                   <target>
                                                      <WtPageName location="Target:80:17">
                                                         <content>Sudanese pound</content>
                                                         <rtd null="true"/>
                                                      </WtPageName>
                                                   </target>
                                                   <title>
                                                      <WtLinkTitle-WtNoLinkTitle/>
                                                   </title>
                                                </WtInternalLink>
                                                <ptk:t location="Target:80:33"> (</ptk:t>
                                                <WtXmlElement>
                                                   <rtd>c3EAfgAjdXEAfgAnAAAAA3VxAH4AKQAAAAF0AAU8Y29kZXVxAH4AKQAAAAF0AAE+dXEAfgApAAAAAXQABzwvY29kZT4=</rtd>
                                                   <name>code</name>
                                                   <xmlAttributes>
                                                      <WtXmlAttributes-WtEmptyXmlAttributes/>
                                                   </xmlAttributes>
                                                   <body>
                                                      <ptk:l>
                                                         <WtInternalLink>
                                                            <rtd>c3EAfgAjdXEAfgAnAAAAA3VxAH4AKQAAAAFxAH4BVnEAfgC6dXEAfgApAAAAAXEAfgFY</rtd>
                                                            <prefix/>
                                                            <postfix/>
                                                            <target>
                                                               <WtPageName location="Target:80:43">
                                                                  <content>ISO 4217</content>
                                                                  <rtd null="true"/>
                                                               </WtPageName>
                                                            </target>
                                                            <title>
                                                               <ptk:l>
                                                                  <ptk:t location="Target:80:52">SDG</ptk:t>
                                                               </ptk:l>
                                                            </title>
                                                         </WtInternalLink>
                                                      </ptk:l>
                                                   </body>
                                                </WtXmlElement>
                                                <ptk:t location="Target:80:64">) </ptk:t>
                                             </ptk:l>
                                          </body>
                                       </WtXmlElement>
                                       <ptk:t>
        </ptk:t>
                                    </ptk:l>
                                 </body>
                              </WtXmlElement>
                              <WtXmlElement>
                                 <rtd>c3EAfgAjdXEAfgAnAAAAA3VxAH4AKQAAAAF0AAM8dHJ1cQB+ACkAAAABdAACID5xAH4Aug==</rtd>
                                 <name>tr</name>
                                 <xmlAttributes>
                                    <WtXmlAttributes-WtEmptyXmlAttributes/>
                                 </xmlAttributes>
                                 <body>
                                    <ptk:l>
                                       <ptk:t>
          </ptk:t>
                                       <WtXmlElement>
                                          <rtd>c3EAfgAjdXEAfgAnAAAAA3VxAH4AKQAAAAF0AAM8dGh1cQB+ACkAAAABdAABPnEAfgC6</rtd>
                                          <name>th</name>
                                          <xmlAttributes>
                                             <ptk:l location="Target:82:14">
                                                <WtXmlAttribute location="Target:82:14">
                                                   <rtd>c3EAfgAjdXEAfgAnAAAAAnVxAH4AKQAAAAF0AAogY29sc3Bhbj0idXEAfgApAAAAAXQAASI=</rtd>
                                                   <name>colspan</name>
                                                   <value>
                                                      <ptk:l location="Target:82:24">
                                                         <ptk:t location="Target:82:24">2</ptk:t>
                                                      </ptk:l>
                                                   </value>
                                                </WtXmlAttribute>
                                             </ptk:l>
                                          </xmlAttributes>
                                          <body>
                                             <ptk:l>
                                                <WtInternalLink>
                                                   <rtd>c3EAfgAjdXEAfgAnAAAAA3VxAH4AKQAAAAFxAH4BVnEAfgC6dXEAfgApAAAAAXEAfgFY</rtd>
                                                   <prefix/>
                                                   <postfix/>
                                                   <target>
                                                      <WtPageName location="Target:82:29">
                                                         <content>Time zone</content>
                                                         <rtd null="true"/>
                                                      </WtPageName>
                                                   </target>
                                                   <title>
                                                      <WtLinkTitle-WtNoLinkTitle/>
                                                   </title>
                                                </WtInternalLink>
                                             </ptk:l>
                                          </body>
                                       </WtXmlElement>
                                       <ptk:t>
          </ptk:t>
                                       <WtXmlElement>
                                          <rtd>c3EAfgAjdXEAfgAnAAAAA3VxAH4AKQAAAAF0AAM8dGR1cQB+ACkAAAABdAABPnEAfgC6</rtd>
                                          <name>td</name>
                                          <xmlAttributes>
                                             <WtXmlAttributes-WtEmptyXmlAttributes/>
                                          </xmlAttributes>
                                          <body>
                                             <ptk:l>
                                                <WtInternalLink>
                                                   <rtd>c3EAfgAjdXEAfgAnAAAAA3VxAH4AKQAAAAFxAH4BVnEAfgC6dXEAfgApAAAAAXEAfgFY</rtd>
                                                   <prefix/>
                                                   <postfix/>
                                                   <target>
                                                      <WtPageName location="Target:83:17">
                                                         <content>East Africa Time</content>
                                                         <rtd null="true"/>
                                                      </WtPageName>
                                                   </target>
                                                   <title>
                                                      <WtLinkTitle-WtNoLinkTitle/>
                                                   </title>
                                                </WtInternalLink>
                                                <ptk:t location="Target:83:35"> </ptk:t>
                                                <WtXmlElement>
                                                   <rtd>c3EAfgAjdXEAfgAnAAAAA3VxAH4AKQAAAAF0AAU8c3BhbnVxAH4AKQAAAAF0AAE+dXEAfgApAAAAAXQABzwvc3Bhbj4=</rtd>
                                                   <name>span</name>
                                                   <xmlAttributes>
                                                      <ptk:l location="Target:83:41">
                                                         <WtXmlAttribute location="Target:83:41">
                                                            <rtd>c3EAfgAjdXEAfgAnAAAAAnVxAH4AKQAAAAF0AAggY2xhc3M9InVxAH4AKQAAAAF0AAEi</rtd>
                                                            <name>class</name>
                                                            <value>
                                                               <ptk:l location="Target:83:49">
                                                                  <ptk:t location="Target:83:49">nowrap</ptk:t>
                                                               </ptk:l>
                                                            </value>
                                                         </WtXmlAttribute>
                                                      </ptk:l>
                                                   </xmlAttributes>
                                                   <body>
                                                      <ptk:l>
                                                         <ptk:t location="Target:83:57">(</ptk:t>
                                                         <WtInternalLink>
                                                            <rtd>c3EAfgAjdXEAfgAnAAAAA3VxAH4AKQAAAAFxAH4BVnEAfgC6dXEAfgApAAAAAXEAfgFY</rtd>
                                                            <prefix/>
                                                            <postfix/>
                                                            <target>
                                                               <WtPageName location="Target:83:60">
                                                                  <content>Coordinated Universal Time</content>
                                                                  <rtd null="true"/>
                                                               </WtPageName>
                                                            </target>
                                                            <title>
                                                               <ptk:l>
                                                                  <ptk:t location="Target:83:87">UTC</ptk:t>
                                                               </ptk:l>
                                                            </title>
                                                         </WtInternalLink>
                                                         <ptk:t location="Target:83:92">+3)</ptk:t>
                                                      </ptk:l>
                                                   </body>
                                                </WtXmlElement>
                                             </ptk:l>
                                          </body>
                                       </WtXmlElement>
                                       <ptk:t>
        </ptk:t>
                                    </ptk:l>
                                 </body>
                              </WtXmlElement>
                              <WtXmlElement>
                                 <rtd>c3EAfgAjdXEAfgAnAAAAA3VxAH4AKQAAAAF0AAM8dHJ1cQB+ACkAAAABdAABPnEAfgC6</rtd>
                                 <name>tr</name>
                                 <xmlAttributes>
                                    <WtXmlAttributes-WtEmptyXmlAttributes/>
                                 </xmlAttributes>
                                 <body>
                                    <ptk:l>
                                       <ptk:t>
          </ptk:t>
                                       <WtXmlElement>
                                          <rtd>c3EAfgAjdXEAfgAnAAAAA3VxAH4AKQAAAAF0AAM8dGh1cQB+ACkAAAABdAABPnEAfgC6</rtd>
                                          <name>th</name>
                                          <xmlAttributes>
                                             <ptk:l location="Target:85:14">
                                                <WtXmlAttribute location="Target:85:14">
                                                   <rtd>c3EAfgAjdXEAfgAnAAAAAnVxAH4AKQAAAAF0AAogY29sc3Bhbj0idXEAfgApAAAAAXQAASI=</rtd>
                                                   <name>colspan</name>
                                                   <value>
                                                      <ptk:l location="Target:85:24">
                                                         <ptk:t location="Target:85:24">2</ptk:t>
                                                      </ptk:l>
                                                   </value>
                                                </WtXmlAttribute>
                                             </ptk:l>
                                          </xmlAttributes>
                                          <body>
                                             <ptk:l>
                                                <WtInternalLink>
                                                   <rtd>c3EAfgAjdXEAfgAnAAAAA3VxAH4AKQAAAAFxAH4BVnEAfgC6dXEAfgApAAAAAXEAfgFY</rtd>
                                                   <prefix/>
                                                   <postfix/>
                                                   <target>
                                                      <WtPageName location="Target:85:29">
                                                         <content>List of country calling codes</content>
                                                         <rtd null="true"/>
                                                      </WtPageName>
                                                   </target>
                                                   <title>
                                                      <ptk:l>
                                                         <ptk:t location="Target:85:59">Calling code</ptk:t>
                                                      </ptk:l>
                                                   </title>
                                                </WtInternalLink>
                                             </ptk:l>
                                          </body>
                                       </WtXmlElement>
                                       <ptk:t>
          </ptk:t>
                                       <WtXmlElement>
                                          <rtd>c3EAfgAjdXEAfgAnAAAAA3VxAH4AKQAAAAF0AAM8dGR1cQB+ACkAAAABdAABPnEAfgC6</rtd>
                                          <name>td</name>
                                          <xmlAttributes>
                                             <WtXmlAttributes-WtEmptyXmlAttributes/>
                                          </xmlAttributes>
                                          <body>
                                             <ptk:l>
                                                <ptk:t location="Target:86:15">249</ptk:t>
                                             </ptk:l>
                                          </body>
                                       </WtXmlElement>
                                       <ptk:t>
        </ptk:t>
                                    </ptk:l>
                                 </body>
                              </WtXmlElement>
                           </ptk:l>
                        </body>
                     </WtTableImplicitTableBody>
                  </ptk:l>
               </body>
            </WtXmlElement>
            <ptk:t>

</ptk:t>
            <ptk:l>
               <ptk:t>
</ptk:t>
            </ptk:l>
            <WtImageLink>
               <rtd>c3EAfgAjdXEAfgAnAAAABHVxAH4AKQAAAAFxAH4BVnEAfgC6cQB+ALp1cQB+ACkAAAABcQB+AVg=</rtd>
               <width>200</width>
               <height>-1</height>
               <upright>false</upright>
               <hAlign>UNSPECIFIED</hAlign>
               <vAlign>MIDDLE</vAlign>
               <format>THUMBNAIL</format>
               <border>false</border>
               <link>c3EAfgFZcQB+AV9xAH4BYg==</link>
               <alt>
                  <WtLinkOptionAltText-WtNoLinkOptionAltText/>
               </alt>
               <target>
                  <WtPageName location="Target:90:3">
                     <content>ملف:Flag of the SPLAM.svg</content>
                     <rtd null="true"/>
                  </WtPageName>
               </target>
               <options>
                  <ptk:l location="Target:90:28">
                     <WtLinkOptionResize location="Target:90:29">
                        <rtd>c3EAfgAjdXEAfgAnAAAAAXVxAH4AKQAAAAF0AAd8MjAwIHB4</rtd>
                        <width>200</width>
                        <height>-1</height>
                     </WtLinkOptionResize>
                     <WtLinkOptionKeyword location="Target:90:36">
                        <rtd>c3EAfgAjdXEAfgAnAAAAAXVxAH4AKQAAAAF0AAZ8dGh1bWI=</rtd>
                        <keyword>thumb</keyword>
                     </WtLinkOptionKeyword>
                  </ptk:l>
               </options>
               <title>
                  <ptk:l>
                     <ptk:t location="Target:90:42">علم جنوب السودان</ptk:t>
                  </ptk:l>
               </title>
            </WtImageLink>
            <ptk:t>

</ptk:t>
            <ptk:l>
               <ptk:l>
                  <ptk:t location="Target:92:4">جنوب السودان</ptk:t>
               </ptk:l>
               <ptk:t location="Target:92:19"> هيا </ptk:t>
               <WtInternalLink>
                  <rtd>c3EAfgAjdXEAfgAnAAAAA3VxAH4AKQAAAAFxAH4BVnEAfgC6dXEAfgApAAAAAXEAfgFY</rtd>
                  <prefix/>
                  <postfix/>
                  <target>
                     <WtPageName location="Target:92:26">
                        <content>دولة مستقلة</content>
                        <rtd null="true"/>
                     </WtPageName>
                  </target>
                  <title>
                     <WtLinkTitle-WtNoLinkTitle/>
                  </title>
               </WtInternalLink>
               <ptk:t location="Target:92:39"> من ساعة اول دقيقة من 9 يوليو سنة 2011، إسمها الرسمى جمهورية جنوب السودان</ptk:t>
               <WtTagExtension location="Target:75:113">
                  <ptk:a name="__SKIP__">
                     <Boolean>false</Boolean>
                  </ptk:a>
                  <rtd>c3EAfgAjdXEAfgAnAAAAA3VxAH4AKQAAAAF0AAQ8cmVmdXEAfgApAAAAAXQAAT51cQB+ACkAAAABdAAGPC9yZWY+</rtd>
                  <name>ref</name>
                  <xmlAttributes>
                     <WtXmlAttributes-WtEmptyXmlAttributes/>
                  </xmlAttributes>
                  <body>
                     <WtTagExtensionBody-WtTagExtensionBodyImpl>
                        <content>[http://www.forbes.com/feeds/ap/2011/07/08/general-af-south-sudan-independence_8556235.html South Sudan becomes world's newest nation - Forbes.com]</content>
                        <rtd null="true"/>
                     </WtTagExtensionBody-WtTagExtensionBodyImpl>
                  </body>
               </WtTagExtension>
               <ptk:t location="Target:92:115"> مساحتها ‏619‏ ألف كيلومتر مربع و عاصمتها </ptk:t>
               <WtInternalLink>
                  <rtd>c3EAfgAjdXEAfgAnAAAAA3VxAH4AKQAAAAFxAH4BVnEAfgC6dXEAfgApAAAAAXEAfgFY</rtd>
                  <prefix/>
                  <postfix/>
                  <target>
                     <WtPageName location="Target:92:159">
                        <content>جوبا</content>
                        <rtd null="true"/>
                     </WtPageName>
                  </target>
                  <title>
                     <WtLinkTitle-WtNoLinkTitle/>
                  </title>
               </WtInternalLink>
               <ptk:t location="Target:92:165"> و كانت قبل كده  منطقة فى </ptk:t>
               <WtInternalLink>
                  <rtd>c3EAfgAjdXEAfgAnAAAAA3VxAH4AKQAAAAFxAH4BVnEAfgC6dXEAfgApAAAAAXEAfgFY</rtd>
                  <prefix/>
                  <postfix/>
                  <target>
                     <WtPageName location="Target:92:193">
                        <content>السودان</content>
                        <rtd null="true"/>
                     </WtPageName>
                  </target>
                  <title>
                     <WtLinkTitle-WtNoLinkTitle/>
                  </title>
               </WtInternalLink>
               <ptk:t location="Target:92:202"> ، و بقت جنوب السودان </ptk:t>
               <WtInternalLink>
                  <rtd>c3EAfgAjdXEAfgAnAAAAA3VxAH4AKQAAAAFxAH4BVnEAfgC6dXEAfgApAAAAAXEAfgFY</rtd>
                  <prefix/>
                  <postfix/>
                  <target>
                     <WtPageName location="Target:92:226">
                        <content>دولة مستقلة</content>
                        <rtd null="true"/>
                     </WtPageName>
                  </target>
                  <title>
                     <WtLinkTitle-WtNoLinkTitle/>
                  </title>
               </WtInternalLink>
               <ptk:t location="Target:92:239"> يوم 9 يوليه  2011. و بقت دولة عضو فى </ptk:t>
               <WtInternalLink>
                  <rtd>c3EAfgAjdXEAfgAnAAAAA3VxAH4AKQAAAAFxAH4BVnEAfgC6dXEAfgApAAAAAXEAfgFY</rtd>
                  <prefix/>
                  <postfix/>
                  <target>
                     <WtPageName location="Target:92:279">
                        <content>الأمم المتحده</content>
                        <rtd null="true"/>
                     </WtPageName>
                  </target>
                  <title>
                     <ptk:l>
                        <ptk:t location="Target:92:293">الأمم المتحدة</ptk:t>
                     </ptk:l>
                  </title>
               </WtInternalLink>
               <ptk:t location="Target:92:308"> يوم 14 يوليه  2011.</ptk:t>
            </ptk:l>
            <ptk:t>

</ptk:t>
            <ptk:l>
               <ptk:t location="Target:94:1">جنوب السودان بتضم عشر ولايات. الحكومة السودانية وافقت انها تدّي الحكم الذاتي للمنطقة فى اتفاق السلام الشامل اللي اتعمل يوم 9 يناير 2005 فى نيفاشا ، </ptk:t>
               <WtInternalLink>
                  <rtd>c3EAfgAjdXEAfgAnAAAAA3VxAH4AKQAAAAFxAH4BVnEAfgC6dXEAfgApAAAAAXEAfgFY</rtd>
                  <prefix/>
                  <postfix/>
                  <target>
                     <WtPageName location="Target:94:151">
                        <content>كينيا</content>
                        <rtd null="true"/>
                     </WtPageName>
                  </target>
                  <title>
                     <WtLinkTitle-WtNoLinkTitle/>
                  </title>
               </WtInternalLink>
               <ptk:t location="Target:94:158"> ، مع الجيش الشعبي لتحرير السودان ، مؤقتا عشان يحطوا حد للحرب الاهلية السودانيه التانيه 1983 -- 2005. و عملو استفتا فى شهر يناير  2011 اذا كان جنوب السودان هتفضل ف السودان وللا هتبقى دولة مستقلة و كانت نتيجته إن أغلبية سكان جنوب السودان طلبو إنفصال  جنوب السودان من السودان. حدود جنوب السودان م الجنوب شرق </ptk:t>
               <WtInternalLink>
                  <rtd>c3EAfgAjdXEAfgAnAAAAA3VxAH4AKQAAAAFxAH4BVnEAfgC6dXEAfgApAAAAAXEAfgFY</rtd>
                  <prefix/>
                  <postfix/>
                  <target>
                     <WtPageName location="Target:94:466">
                        <content>اثيوبيا</content>
                        <rtd null="true"/>
                     </WtPageName>
                  </target>
                  <title>
                     <WtLinkTitle-WtNoLinkTitle/>
                  </title>
               </WtInternalLink>
               <ptk:t location="Target:94:475"> و </ptk:t>
               <WtInternalLink>
                  <rtd>c3EAfgAjdXEAfgAnAAAAA3VxAH4AKQAAAAFxAH4BVnEAfgC6dXEAfgApAAAAAXEAfgFY</rtd>
                  <prefix/>
                  <postfix/>
                  <target>
                     <WtPageName location="Target:94:480">
                        <content>كينيا</content>
                        <rtd null="true"/>
                     </WtPageName>
                  </target>
                  <title>
                     <WtLinkTitle-WtNoLinkTitle/>
                  </title>
               </WtInternalLink>
               <ptk:t location="Target:94:487"> و </ptk:t>
               <WtInternalLink>
                  <rtd>c3EAfgAjdXEAfgAnAAAAA3VxAH4AKQAAAAFxAH4BVnEAfgC6dXEAfgApAAAAAXEAfgFY</rtd>
                  <prefix/>
                  <postfix/>
                  <target>
                     <WtPageName location="Target:94:492">
                        <content>اوجندا</content>
                        <rtd null="true"/>
                     </WtPageName>
                  </target>
                  <title>
                     <WtLinkTitle-WtNoLinkTitle/>
                  </title>
               </WtInternalLink>
               <ptk:t location="Target:94:500"> و </ptk:t>
               <WtInternalLink>
                  <rtd>c3EAfgAjdXEAfgAnAAAAA3VxAH4AKQAAAAFxAH4BVnEAfgC6dXEAfgApAAAAAXEAfgFY</rtd>
                  <prefix/>
                  <postfix/>
                  <target>
                     <WtPageName location="Target:94:505">
                        <content>جمهورية كونجو الديموقراطيه</content>
                        <rtd null="true"/>
                     </WtPageName>
                  </target>
                  <title>
                     <ptk:l>
                        <ptk:t location="Target:94:532">جمهورية الكونجو الديمقراطيه</ptk:t>
                     </ptk:l>
                  </title>
               </WtInternalLink>
               <ptk:t location="Target:94:561">، وجمهورية </ptk:t>
               <WtInternalLink>
                  <rtd>c3EAfgAjdXEAfgAnAAAAA3VxAH4AKQAAAAFxAH4BVnEAfgC6dXEAfgApAAAAAXEAfgFY</rtd>
                  <prefix/>
                  <postfix/>
                  <target>
                     <WtPageName location="Target:94:574">
                        <content>افريقيا الوسطى</content>
                        <rtd null="true"/>
                     </WtPageName>
                  </target>
                  <title>
                     <WtLinkTitle-WtNoLinkTitle/>
                  </title>
               </WtInternalLink>
               <ptk:t location="Target:94:590"> من الغرب. و من الشَمَال حدودها مع </ptk:t>
               <WtInternalLink>
                  <rtd>c3EAfgAjdXEAfgAnAAAAA3VxAH4AKQAAAAFxAH4BVnEAfgC6dXEAfgApAAAAAXEAfgFY</rtd>
                  <prefix/>
                  <postfix/>
                  <target>
                     <WtPageName location="Target:94:627">
                        <content>السودان</content>
                        <rtd null="true"/>
                     </WtPageName>
                  </target>
                  <title>
                     <WtLinkTitle-WtNoLinkTitle/>
                  </title>
               </WtInternalLink>
               <ptk:t location="Target:94:636"> اللى كانت قبل كده  المنطقة العربية و الاسلامية اللي بتخضع لسيطره الحكومة المركزية.</ptk:t>
            </ptk:l>
            <ptk:t>

</ptk:t>
            <ptk:l>
               <ptk:t location="Target:96:1">جنوب السودان عاصمتها هيّ </ptk:t>
               <WtInternalLink>
                  <rtd>c3EAfgAjdXEAfgAnAAAAA3VxAH4AKQAAAAFxAH4BVnEAfgC6dXEAfgApAAAAAXEAfgFY</rtd>
                  <prefix/>
                  <postfix/>
                  <target>
                     <WtPageName location="Target:96:28">
                        <content>جوبا</content>
                        <rtd null="true"/>
                     </WtPageName>
                  </target>
                  <title>
                     <WtLinkTitle-WtNoLinkTitle/>
                  </title>
               </WtInternalLink>
               <ptk:t location="Target:96:34"> اللي فيها كل مكاتبها الادارية وفيها اكبر عدد من السكان. جنوب السودان فيها منطقة  مستنقعات واسعه إسمها  </ptk:t>
               <WtInternalLink>
                  <rtd>c3EAfgAjdXEAfgAnAAAAA3VxAH4AKQAAAAFxAH4BVnEAfgC6dXEAfgApAAAAAXEAfgFY</rtd>
                  <prefix/>
                  <postfix/>
                  <target>
                     <WtPageName location="Target:96:140">
                        <content>السدود</content>
                        <rtd null="true"/>
                     </WtPageName>
                  </target>
                  <title>
                     <WtLinkTitle-WtNoLinkTitle/>
                  </title>
               </WtInternalLink>
               <ptk:t location="Target:96:148"> اللى  بيشكلها </ptk:t>
               <WtInternalLink>
                  <rtd>c3EAfgAjdXEAfgAnAAAAA3VxAH4AKQAAAAFxAH4BVnEAfgC6dXEAfgApAAAAAXEAfgFY</rtd>
                  <prefix/>
                  <postfix/>
                  <target>
                     <WtPageName location="Target:96:165">
                        <content>النيل الأبيض</content>
                        <rtd null="true"/>
                     </WtPageName>
                  </target>
                  <title>
                     <WtLinkTitle-WtNoLinkTitle/>
                  </title>
               </WtInternalLink>
               <ptk:t location="Target:96:179"> ، و إسمها </ptk:t>
               <WtInternalLink>
                  <rtd>c3EAfgAjdXEAfgAnAAAAA3VxAH4AKQAAAAFxAH4BVnEAfgC6dXEAfgApAAAAAXEAfgFY</rtd>
                  <prefix/>
                  <postfix/>
                  <target>
                     <WtPageName location="Target:96:192">
                        <content>بحر الجبل</content>
                        <rtd null="true"/>
                     </WtPageName>
                  </target>
                  <title>
                     <WtLinkTitle-WtNoLinkTitle/>
                  </title>
               </WtInternalLink>
               <ptk:t location="Target:96:203">.</ptk:t>
            </ptk:l>
            <ptk:t>

</ptk:t>
            <ptk:l>
               <ptk:t location="Target:98:1">الحرب الاهلية السودانيه كانت 'أطول حرب أهلية فى تاريخ أفريقيا. </ptk:t>
               <WtTagExtension location="Target:81:65">
                  <ptk:a name="__SKIP__">
                     <Boolean>false</Boolean>
                  </ptk:a>
                  <rtd>c3EAfgAjdXEAfgAnAAAAA3VxAH4AKQAAAAF0AAQ8cmVmdXEAfgApAAAAAXQAAT51cQB+ACkAAAABdAAGPC9yZWY+</rtd>
                  <name>ref</name>
                  <xmlAttributes>
                     <WtXmlAttributes-WtEmptyXmlAttributes/>
                  </xmlAttributes>
                  <body>
                     <WtTagExtensionBody-WtTagExtensionBodyImpl>
                        <content>{{Cite news|title=South Sudan gets new government|url=http://news.bbc.co.uk/2/hi/africa/4370100.stm|publisher=BBC News, United Kingdom|first=Jonah|last=Fisher|date=October 23, 2005|accessdate=2008-12-07}}</content>
                        <rtd null="true"/>
                     </WtTagExtensionBody-WtTagExtensionBodyImpl>
                  </body>
               </WtTagExtension>
               <WtTagExtension location="Target:81:280">
                  <ptk:a name="__SKIP__">
                     <Boolean>false</Boolean>
                  </ptk:a>
                  <rtd>c3EAfgAjdXEAfgAnAAAAA3VxAH4AKQAAAAF0AAQ8cmVmdXEAfgApAAAAAXQAAT51cQB+ACkAAAABdAAGPC9yZWY+</rtd>
                  <name>ref</name>
                  <xmlAttributes>
                     <WtXmlAttributes-WtEmptyXmlAttributes/>
                  </xmlAttributes>
                  <body>
                     <WtTagExtensionBody-WtTagExtensionBodyImpl>
                        <content>{{Cite news|title=Southern Sudan fragile peace|url=http://lite.alertnet.org/db/crisisprofiles/SD_PEA.htm?v=timeline|publisher=Thomson Reuters Foundation|first=Reuters|last=News|date=May 27, 2008|accessdate=2008-12-07}}</content>
                        <rtd null="true"/>
                     </WtTagExtensionBody-WtTagExtensionBodyImpl>
                  </body>
               </WtTagExtension>
               <ptk:t>
</ptk:t>
            </ptk:l>
            <WtImageLink>
               <rtd>c3EAfgAjdXEAfgAnAAAABHVxAH4AKQAAAAFxAH4BVnEAfgC6cQB+ALp1cQB+ACkAAAABcQB+AVg=</rtd>
               <width>-1</width>
               <height>-1</height>
               <upright>false</upright>
               <hAlign>LEFT</hAlign>
               <vAlign>MIDDLE</vAlign>
               <format>THUMBNAIL</format>
               <border>false</border>
               <link>c3EAfgFZcQB+AV9xAH4BYg==</link>
               <alt>
                  <WtLinkOptionAltText-WtNoLinkOptionAltText/>
               </alt>
               <target>
                  <WtPageName location="Target:99:3">
                     <content>Image:Political Regions of Sudan, July 2006.svg</content>
                     <rtd null="true"/>
                  </WtPageName>
               </target>
               <options>
                  <ptk:l location="Target:99:50">
                     <WtLinkOptionKeyword location="Target:99:51">
                        <rtd>c3EAfgAjdXEAfgAnAAAAAXVxAH4AKQAAAAF0AAZ8dGh1bWI=</rtd>
                        <keyword>thumb</keyword>
                     </WtLinkOptionKeyword>
                     <WtLinkOptionKeyword location="Target:99:57">
                        <rtd>c3EAfgAjdXEAfgAnAAAAAXVxAH4AKQAAAAF0AAV8bGVmdA==</rtd>
                        <keyword>left</keyword>
                     </WtLinkOptionKeyword>
                  </ptk:l>
               </options>
               <title>
                  <ptk:l>
                     <ptk:t>
</ptk:t>
                     <WtXmlElement>
                        <rtd>c3EAfgAjdXEAfgAnAAAAA3VxAH4AKQAAAAF0AAU8c3BhbnVxAH4AKQAAAAF0AAE+dXEAfgApAAAAAXQABzwvc3Bhbj4=</rtd>
                        <name>span</name>
                        <xmlAttributes>
                           <ptk:l location="Target:100:6">
                              <WtXmlAttribute location="Target:100:6">
                                 <rtd>c3EAfgAjdXEAfgAnAAAAAnVxAH4AKQAAAAF0AAggc3R5bGU9InVxAH4AKQAAAAF0AAEi</rtd>
                                 <name>style</name>
                                 <value>
                                    <ptk:l location="Target:100:14">
                                       <ptk:t location="Target:100:14">margin:0px; font-size:90%; display:block;</ptk:t>
                                    </ptk:l>
                                 </value>
                              </WtXmlAttribute>
                           </ptk:l>
                        </xmlAttributes>
                        <body>
                           <ptk:l>
                              <WtXmlElement>
                                 <rtd>c3EAfgAjdXEAfgAnAAAAA3VxAH4AKQAAAAF0AAU8c3BhbnVxAH4AKQAAAAF0AAE+dXEAfgApAAAAAXQABzwvc3Bhbj4=</rtd>
                                 <name>span</name>
                                 <xmlAttributes>
                                    <ptk:l location="Target:100:62">
                                       <WtXmlAttribute location="Target:100:62">
                                          <rtd>c3EAfgAjdXEAfgAnAAAAAnVxAH4AKQAAAAF0AAggc3R5bGU9InVxAH4AKQAAAAF0AAEi</rtd>
                                          <name>style</name>
                                          <value>
                                             <ptk:l location="Target:100:70">
                                                <ptk:t location="Target:100:70">border:none; background-color:#f7931d; color:#f7931d;</ptk:t>
                                             </ptk:l>
                                          </value>
                                       </WtXmlAttribute>
                                    </ptk:l>
                                 </xmlAttributes>
                                 <body>
                                    <ptk:l>
                                       <ptk:t location="Target:100:125">██</ptk:t>
                                    </ptk:l>
                                 </body>
                              </WtXmlElement>
                              <WtXmlEntityRef location="Target:100:135">
                                 <rtd>c3EAfgAjdXEAfgAnAAAAAXVxAH4AKQAAAAF0AAYmbmJzcDs=</rtd>
                                 <name>nbsp</name>
                                 <resolved> </resolved>
                              </WtXmlEntityRef>
                              <ptk:t location="Target:100:140">شمال السودان</ptk:t>
                           </ptk:l>
                        </body>
                     </WtXmlElement>
                     <ptk:t>
</ptk:t>
                     <WtXmlElement>
                        <rtd>c3EAfgAjdXEAfgAnAAAAA3VxAH4AKQAAAAF0AAU8c3BhbnVxAH4AKQAAAAF0AAE+dXEAfgApAAAAAXQABzwvc3Bhbj4=</rtd>
                        <name>span</name>
                        <xmlAttributes>
                           <ptk:l location="Target:101:6">
                              <WtXmlAttribute location="Target:101:6">
                                 <rtd>c3EAfgAjdXEAfgAnAAAAAnVxAH4AKQAAAAF0AAggc3R5bGU9InVxAH4AKQAAAAF0AAEi</rtd>
                                 <name>style</name>
                                 <value>
                                    <ptk:l location="Target:101:14">
                                       <ptk:t location="Target:101:14">margin:0px; font-size:90%; display:block;</ptk:t>
                                    </ptk:l>
                                 </value>
                              </WtXmlAttribute>
                           </ptk:l>
                        </xmlAttributes>
                        <body>
                           <ptk:l>
                              <WtXmlElement>
                                 <rtd>c3EAfgAjdXEAfgAnAAAAA3VxAH4AKQAAAAF0AAU8c3BhbnVxAH4AKQAAAAF0AAE+dXEAfgApAAAAAXQABzwvc3Bhbj4=</rtd>
                                 <name>span</name>
                                 <xmlAttributes>
                                    <ptk:l location="Target:101:62">
                                       <WtXmlAttribute location="Target:101:62">
                                          <rtd>c3EAfgAjdXEAfgAnAAAAAnVxAH4AKQAAAAF0AAggc3R5bGU9InVxAH4AKQAAAAF0AAEi</rtd>
                                          <name>style</name>
                                          <value>
                                             <ptk:l location="Target:101:70">
                                                <ptk:t location="Target:101:70">border:none; background-color:#8cc63f; color:#8cc63f;</ptk:t>
                                             </ptk:l>
                                          </value>
                                       </WtXmlAttribute>
                                    </ptk:l>
                                 </xmlAttributes>
                                 <body>
                                    <ptk:l>
                                       <ptk:t location="Target:101:125">██</ptk:t>
                                    </ptk:l>
                                 </body>
                              </WtXmlElement>
                              <WtXmlEntityRef location="Target:101:135">
                                 <rtd>c3EAfgAjdXEAfgAnAAAAAXVxAH4AKQAAAAF0AAYmbmJzcDs=</rtd>
                                 <name>nbsp</name>
                                 <resolved> </resolved>
                              </WtXmlEntityRef>
                              <ptk:t location="Target:101:140">دارفور</ptk:t>
                           </ptk:l>
                        </body>
                     </WtXmlElement>
                     <ptk:t>
</ptk:t>
                     <WtXmlElement>
                        <rtd>c3EAfgAjdXEAfgAnAAAAA3VxAH4AKQAAAAF0AAU8c3BhbnVxAH4AKQAAAAF0AAE+dXEAfgApAAAAAXQABzwvc3Bhbj4=</rtd>
                        <name>span</name>
                        <xmlAttributes>
                           <ptk:l location="Target:102:6">
                              <WtXmlAttribute location="Target:102:6">
                                 <rtd>c3EAfgAjdXEAfgAnAAAAAnVxAH4AKQAAAAF0AAggc3R5bGU9InVxAH4AKQAAAAF0AAEi</rtd>
                                 <name>style</name>
                                 <value>
                                    <ptk:l location="Target:102:14">
                                       <ptk:t location="Target:102:14">margin:0px; font-size:90%; display:block;</ptk:t>
                                    </ptk:l>
                                 </value>
                              </WtXmlAttribute>
                           </ptk:l>
                        </xmlAttributes>
                        <body>
                           <ptk:l>
                              <WtXmlElement>
                                 <rtd>c3EAfgAjdXEAfgAnAAAAA3VxAH4AKQAAAAF0AAU8c3BhbnVxAH4AKQAAAAF0AAE+dXEAfgApAAAAAXQABzwvc3Bhbj4=</rtd>
                                 <name>span</name>
                                 <xmlAttributes>
                                    <ptk:l location="Target:102:62">
                                       <WtXmlAttribute location="Target:102:62">
                                          <rtd>c3EAfgAjdXEAfgAnAAAAAnVxAH4AKQAAAAF0AAggc3R5bGU9InVxAH4AKQAAAAF0AAEi</rtd>
                                          <name>style</name>
                                          <value>
                                             <ptk:l location="Target:102:70">
                                                <ptk:t location="Target:102:70">border:none; background-color:#800080; color:#800080;</ptk:t>
                                             </ptk:l>
                                          </value>
                                       </WtXmlAttribute>
                                    </ptk:l>
                                 </xmlAttributes>
                                 <body>
                                    <ptk:l>
                                       <ptk:t location="Target:102:125">██</ptk:t>
                                    </ptk:l>
                                 </body>
                              </WtXmlElement>
                              <WtXmlEntityRef location="Target:102:135">
                                 <rtd>c3EAfgAjdXEAfgAnAAAAAXVxAH4AKQAAAAF0AAYmbmJzcDs=</rtd>
                                 <name>nbsp</name>
                                 <resolved> </resolved>
                              </WtXmlEntityRef>
                              <WtInternalLink>
                                 <rtd>c3EAfgAjdXEAfgAnAAAAA3VxAH4AKQAAAAFxAH4BVnEAfgC6dXEAfgApAAAAAXEAfgFY</rtd>
                                 <prefix/>
                                 <postfix/>
                                 <target>
                                    <WtPageName location="Target:102:142">
                                       <content>الجبهة الشرقية(السودان), منطقة حروب يوليو 2006</content>
                                       <rtd null="true"/>
                                    </WtPageName>
                                 </target>
                                 <title>
                                    <WtLinkTitle-WtNoLinkTitle/>
                                 </title>
                              </WtInternalLink>
                           </ptk:l>
                        </body>
                     </WtXmlElement>
                     <ptk:t>
</ptk:t>
                     <WtXmlElement>
                        <rtd>c3EAfgAjdXEAfgAnAAAAA3VxAH4AKQAAAAF0AAU8c3BhbnVxAH4AKQAAAAF0AAE+dXEAfgApAAAAAXQABzwvc3Bhbj4=</rtd>
                        <name>span</name>
                        <xmlAttributes>
                           <ptk:l location="Target:103:6">
                              <WtXmlAttribute location="Target:103:6">
                                 <rtd>c3EAfgAjdXEAfgAnAAAAAnVxAH4AKQAAAAF0AAggc3R5bGU9InVxAH4AKQAAAAF0AAEi</rtd>
                                 <name>style</name>
                                 <value>
                                    <ptk:l location="Target:103:14">
                                       <ptk:t location="Target:103:14">margin:0px; font-size:90%; display:block;</ptk:t>
                                    </ptk:l>
                                 </value>
                              </WtXmlAttribute>
                           </ptk:l>
                        </xmlAttributes>
                        <body>
                           <ptk:l>
                              <WtXmlElement>
                                 <rtd>c3EAfgAjdXEAfgAnAAAAA3VxAH4AKQAAAAF0AAU8c3BhbnVxAH4AKQAAAAF0AAE+dXEAfgApAAAAAXQABzwvc3Bhbj4=</rtd>
                                 <name>span</name>
                                 <xmlAttributes>
                                    <ptk:l location="Target:103:62">
                                       <WtXmlAttribute location="Target:103:62">
                                          <rtd>c3EAfgAjdXEAfgAnAAAAAnVxAH4AKQAAAAF0AAggc3R5bGU9InVxAH4AKQAAAAF0AAEi</rtd>
                                          <name>style</name>
                                          <value>
                                             <ptk:l location="Target:103:70">
                                                <ptk:t location="Target:103:70">border:none; background-color:#00adef; color:#00adef;</ptk:t>
                                             </ptk:l>
                                          </value>
                                       </WtXmlAttribute>
                                    </ptk:l>
                                 </xmlAttributes>
                                 <body>
                                    <ptk:l>
                                       <ptk:t location="Target:103:125">██</ptk:t>
                                    </ptk:l>
                                 </body>
                              </WtXmlElement>
                              <WtXmlEntityRef location="Target:103:135">
                                 <rtd>c3EAfgAjdXEAfgAnAAAAAXVxAH4AKQAAAAF0AAYmbmJzcDs=</rtd>
                                 <name>nbsp</name>
                                 <resolved> </resolved>
                              </WtXmlEntityRef>
                              <ptk:t location="Target:103:140">جنوب السودان</ptk:t>
                           </ptk:l>
                        </body>
                     </WtXmlElement>
                     <ptk:t>
</ptk:t>
                     <WtXmlElement>
                        <rtd>c3EAfgAjdXEAfgAnAAAAA3VxAH4AKQAAAAF0AAU8c3BhbnVxAH4AKQAAAAF0AAE+dXEAfgApAAAAAXQABzwvc3Bhbj4=</rtd>
                        <name>span</name>
                        <xmlAttributes>
                           <ptk:l location="Target:104:6">
                              <WtXmlAttribute location="Target:104:6">
                                 <rtd>c3EAfgAjdXEAfgAnAAAAAnVxAH4AKQAAAAF0AAggc3R5bGU9InVxAH4AKQAAAAF0AAEi</rtd>
                                 <name>style</name>
                                 <value>
                                    <ptk:l location="Target:104:14">
                                       <ptk:t location="Target:104:14">margin:0px; font-size:90%; display:block;</ptk:t>
                                    </ptk:l>
                                 </value>
                              </WtXmlAttribute>
                           </ptk:l>
                        </xmlAttributes>
                        <body>
                           <ptk:l>
                              <WtXmlElement>
                                 <rtd>c3EAfgAjdXEAfgAnAAAAA3VxAH4AKQAAAAF0AAU8c3BhbnVxAH4AKQAAAAF0AAE+dXEAfgApAAAAAXQABzwvc3Bhbj4=</rtd>
                                 <name>span</name>
                                 <xmlAttributes>
                                    <ptk:l location="Target:104:62">
                                       <WtXmlAttribute location="Target:104:62">
                                          <rtd>c3EAfgAjdXEAfgAnAAAAAnVxAH4AKQAAAAF0AAggc3R5bGU9InVxAH4AKQAAAAF0AAEi</rtd>
                                          <name>style</name>
                                          <value>
                                             <ptk:l location="Target:104:70">
                                                <ptk:t location="Target:104:70">border:none; background-color:#FFFF00; color:#FFFF00;</ptk:t>
                                             </ptk:l>
                                          </value>
                                       </WtXmlAttribute>
                                    </ptk:l>
                                 </xmlAttributes>
                                 <body>
                                    <ptk:l>
                                       <ptk:t location="Target:104:125">██</ptk:t>
                                    </ptk:l>
                                 </body>
                              </WtXmlElement>
                              <WtXmlEntityRef location="Target:104:135">
                                 <rtd>c3EAfgAjdXEAfgAnAAAAAXVxAH4AKQAAAAF0AAYmbmJzcDs=</rtd>
                                 <name>nbsp</name>
                                 <resolved> </resolved>
                              </WtXmlEntityRef>
                              <ptk:t location="Target:104:140">حدود</ptk:t>
                              <WtInternalLink>
                                 <rtd>c3EAfgAjdXEAfgAnAAAAA3VxAH4AKQAAAAFxAH4BVnEAfgC6dXEAfgApAAAAAXEAfgFY</rtd>
                                 <prefix/>
                                 <postfix/>
                                 <target>
                                    <WtPageName location="Target:104:146">
                                       <content>ابييه</content>
                                       <rtd null="true"/>
                                    </WtPageName>
                                 </target>
                                 <title>
                                    <WtLinkTitle-WtNoLinkTitle/>
                                 </title>
                              </WtInternalLink>
                           </ptk:l>
                        </body>
                     </WtXmlElement>
                     <ptk:t>
</ptk:t>
                     <WtXmlElement>
                        <rtd>c3EAfgAjdXEAfgAnAAAAA3VxAH4AKQAAAAF0AAU8c3BhbnVxAH4AKQAAAAF0AAE+dXEAfgApAAAAAXQABzwvc3Bhbj4=</rtd>
                        <name>span</name>
                        <xmlAttributes>
                           <ptk:l location="Target:105:6">
                              <WtXmlAttribute location="Target:105:6">
                                 <rtd>c3EAfgAjdXEAfgAnAAAAAnVxAH4AKQAAAAF0AAggc3R5bGU9InVxAH4AKQAAAAF0AAEi</rtd>
                                 <name>style</name>
                                 <value>
                                    <ptk:l location="Target:105:14">
                                       <ptk:t location="Target:105:14">margin:0px; font-size:90%; display:block;</ptk:t>
                                    </ptk:l>
                                 </value>
                              </WtXmlAttribute>
                           </ptk:l>
                        </xmlAttributes>
                        <body>
                           <ptk:l>
                              <WtXmlElement>
                                 <rtd>c3EAfgAjdXEAfgAnAAAAA3VxAH4AKQAAAAF0AAU8c3BhbnVxAH4AKQAAAAF0AAE+dXEAfgApAAAAAXQABzwvc3Bhbj4=</rtd>
                                 <name>span</name>
                                 <xmlAttributes>
                                    <ptk:l location="Target:105:62">
                                       <WtXmlAttribute location="Target:105:62">
                                          <rtd>c3EAfgAjdXEAfgAnAAAAAnVxAH4AKQAAAAF0AAggc3R5bGU9InVxAH4AKQAAAAF0AAEi</rtd>
                                          <name>style</name>
                                          <value>
                                             <ptk:l location="Target:105:70">
                                                <ptk:t location="Target:105:70">border:none; background-color:#fb6282; color:#fb6282;</ptk:t>
                                             </ptk:l>
                                          </value>
                                       </WtXmlAttribute>
                                    </ptk:l>
                                 </xmlAttributes>
                                 <body>
                                    <ptk:l>
                                       <ptk:t location="Target:105:125">██</ptk:t>
                                    </ptk:l>
                                 </body>
                              </WtXmlElement>
                              <WtXmlEntityRef location="Target:105:135">
                                 <rtd>c3EAfgAjdXEAfgAnAAAAAXVxAH4AKQAAAAF0AAYmbmJzcDs=</rtd>
                                 <name>nbsp</name>
                                 <resolved> </resolved>
                              </WtXmlEntityRef>
                              <WtInternalLink>
                                 <rtd>c3EAfgAjdXEAfgAnAAAAA3VxAH4AKQAAAAFxAH4BVnEAfgC6dXEAfgApAAAAAXEAfgFY</rtd>
                                 <prefix/>
                                 <postfix/>
                                 <target>
                                    <WtPageName location="Target:105:142">
                                       <content>جبال النوبة</content>
                                       <rtd null="true"/>
                                    </WtPageName>
                                 </target>
                                 <title>
                                    <WtLinkTitle-WtNoLinkTitle/>
                                 </title>
                              </WtInternalLink>
                              <ptk:t location="Target:105:155"> و </ptk:t>
                              <WtInternalLink>
                                 <rtd>c3EAfgAjdXEAfgAnAAAAA3VxAH4AKQAAAAFxAH4BVnEAfgC6dXEAfgApAAAAAXEAfgFY</rtd>
                                 <prefix/>
                                 <postfix/>
                                 <target>
                                    <WtPageName location="Target:105:160">
                                       <content>ولاية النيل الازرق</content>
                                       <rtd null="true"/>
                                    </WtPageName>
                                 </target>
                                 <title>
                                    <WtLinkTitle-WtNoLinkTitle/>
                                 </title>
                              </WtInternalLink>
                           </ptk:l>
                        </body>
                     </WtXmlElement>
                     <ptk:t>
</ptk:t>
                     <ptk:l>
                        <ptk:t location="Target:106:3">ابييه, جبال النوبة, و النيل الازرق ح يعملو استفتا في 2011علشان يقررو اذا كانو ح ينضمو لجنوب السودان ولا لأ.</ptk:t>
                     </ptk:l>
                  </ptk:l>
               </title>
            </WtImageLink>
            <ptk:t>

</ptk:t>
            <WtSection>
               <rtd null="true"/>
               <level>2</level>
               <heading>
                  <ptk:l>
                     <ptk:t location="Target:108:3"> خصايص </ptk:t>
                  </ptk:l>
               </heading>
               <body>
                  <ptk:l>
                     <ptk:t>

</ptk:t>
                     <ptk:l>
                        <ptk:t>
الجنوب سودانيين في الغالب بيعتنقوا معتقدات محلية او </ptk:t>
                        <WtInternalLink>
                           <rtd>c3EAfgAjdXEAfgAnAAAAA3VxAH4AKQAAAAFxAH4BVnEAfgC6dXEAfgApAAAAAXEAfgFY</rtd>
                           <prefix/>
                           <postfix/>
                           <target>
                              <WtPageName location="Target:111:55">
                                 <content>مسيحيه</content>
                                 <rtd null="true"/>
                              </WtPageName>
                           </target>
                           <title>
                              <ptk:l>
                                 <ptk:t location="Target:111:62">المسيحية</ptk:t>
                              </ptk:l>
                           </title>
                        </WtInternalLink>
                        <ptk:t location="Target:111:72">، بالذات الكنيسة الاسقفية للسودان والكنيسة الكاتوليكية الرومانية. جنوب السودان فيها مجموعات عرقية ولغات اكتر م الموجودة ف الشمال. وعشان مفيش تعداد سليم، وعشان فيه ناس بتتجوز اكتر من واحدة والاسر الكبيرة، فالتقديرات النسبية للجماعات العرقية حاجة صعبة. بس اللي معروف ان اكبر جماعة عرقية هي الدنكا، وبعدها النوير. وناس تانية نيليين اللي فيهم الشيرلوك وباري.</ptk:t>
                     </ptk:l>
                     <ptk:t>

</ptk:t>
                     <ptk:l>
                        <ptk:t>
البترول والمعادن التانية موجودة في النوير ومدن النيل من الشمال اللي فيها تجمعات من النويريين.</ptk:t>
                     </ptk:l>
                     <ptk:t>

</ptk:t>
                     <ptk:l>
                        <ptk:t location="Target:116:1">بعد ما جون جارانج مات، جيش تحرير الشعب السوداني و قوات دفاع جنوب السودان اتغلبو على خلافاتهم و اندمجو مع بعض في يناير 2006 بعد ما عملو سوااعلان جوبا.نايب رئيس جنوب السودان الحالي د.ريك ماكر هو اللي اسس قوات دفاع جنوب السودان بس بعدين اتخلى عنهم في سنة 2002 و انضم تاني لجيش تحرير الشعب السوداني و ساب الجينيرال باولينو ماتب نهيال يبقى زعيم قوات دفاع جنوب السودان.بناء على اعلان جوبا، الجينيرال ماتيب بقى نايب القائد بتاع جيش تحرير الشعب السوداني و كمان اندمجت معاه قوات الدفاع في جيش التحرير و بكدا اتضاعف اجمالى عدد القوات من 30.000 وبقت 130.000 جندي.</ptk:t>
                     </ptk:l>
                     <ptk:t>

</ptk:t>
                  </ptk:l>
               </body>
            </WtSection>
            <WtSection>
               <rtd null="true"/>
               <level>2</level>
               <heading>
                  <ptk:l>
                     <ptk:t location="Target:118:3"> اللغة </ptk:t>
                  </ptk:l>
               </heading>
               <body>
                  <ptk:l>
                     <ptk:t>

</ptk:t>
                     <ptk:l>
                        <ptk:t location="Target:120:1">جنوب السودان فيها مجموعات قبلية و لغات اكتر بكتير من شمال السودان.لغة التعليم و الحكومة والبيزنيس هي الانجليزي، اللي بقت لغة رسمية لجنوب السودان سنة 1928، و اعترف بيها كلغة اساسية لجنوب السودان في اواخر التمانينات.اللغة العربية المتميزة في جنوب السودان(جوبا عربي)واللي اتكونت في القرن التسعتاشر بين احفاد العساكر السودانيين - وهي منحدرة اصلا من لغة قبيلة باري-بتستخدم على نطاق واسع ك لينجوا فرانكا في جنوب السودان.بس الانجليزي بيستعمل ك لينجوا فرانكا في في المناطق اللي بتستخدمش اللغة العربية بتاعة جوبا(جوبا عربي). بالضافة لكل دا، في لغتين افريقيتين بيستعملو بشكل كبير و هما تهونجشانج (30,000 واحد بيتكلموها) و تهوك ناعت(1,400,000 واحد بيتكلوها).لغة النوير بستعمل في ولاية الوحدة(يونيتي) وولاية جونجلاي وولاية اعالي النيل.</ptk:t>
                     </ptk:l>
                     <ptk:t>
</ptk:t>
                  </ptk:l>
               </body>
            </WtSection>
            <WtSection>
               <rtd null="true"/>
               <level>2</level>
               <heading>
                  <ptk:l>
                     <ptk:t location="Target:121:3"> الحكومه </ptk:t>
                  </ptk:l>
               </heading>
               <body>
                  <ptk:l>
                     <ptk:t>
</ptk:t>
                     <ptk:l>
                        <ptk:t location="Target:122:1">برغم إن فيه الدستور الوطنى المؤقت لجمهورية السودان </ptk:t>
                        <WtTagExtension location="Target:105:53">
                           <ptk:a name="__SKIP__">
                              <Boolean>false</Boolean>
                           </ptk:a>
                           <rtd>c3EAfgAjdXEAfgAnAAAAA3VxAH4AKQAAAAF0AAQ8cmVmdXEAfgApAAAAAXQAAT51cQB+ACkAAAABdAAGPC9yZWY+</rtd>
                           <name>ref</name>
                           <xmlAttributes>
                              <WtXmlAttributes-WtEmptyXmlAttributes/>
                           </xmlAttributes>
                           <body>
                              <WtTagExtensionBody-WtTagExtensionBodyImpl>
                                 <content>{{Cite web|url=http://www.sudan-embassy.de/c_Sudan.pdf|title=Interim National Constitution of the Republic of Sudan, 2005}}</content>
                                 <rtd null="true"/>
                              </WtTagExtensionBody-WtTagExtensionBodyImpl>
                           </body>
                        </WtTagExtension>
                        <ptk:t location="Target:122:55"> ، لكن الدستور الانتقالى لجنوب السودان لسنة 2005 هو القانون الأساسى فى جنوب السودان.</ptk:t>
                        <WtTagExtension location="Target:105:271">
                           <ptk:a name="__SKIP__">
                              <Boolean>false</Boolean>
                           </ptk:a>
                           <rtd>c3EAfgAjdXEAfgAnAAAAA3VxAH4AKQAAAAF0AAQ8cmVmdXEAfgApAAAAAXQAAT51cQB+ACkAAAABdAAGPC9yZWY+</rtd>
                           <name>ref</name>
                           <xmlAttributes>
                              <WtXmlAttributes-WtEmptyXmlAttributes/>
                           </xmlAttributes>
                           <body>
                              <WtTagExtensionBody-WtTagExtensionBodyImpl>
                                 <content>{{Cite web|url=http://gurtong.brandx.eu/LinkClick.aspx?fileticket=1atewJwi6UU%3d&amp;tabid=341|title=Interim Constitution of Southern Sudan of 2005}}</content>
                                 <rtd null="true"/>
                              </WtTagExtensionBody-WtTagExtensionBodyImpl>
                           </body>
                        </WtTagExtension>
                        <ptk:t location="Target:122:142">  و بينص الدستور على إن السلطة التنفيذية بيرأسها الرئيس اللى هو  رئيس الدولة و رئيس الحكومة و القائد العام للقوات المسلحة لجيش  تحرير الشعب لتحرير السودان . </ptk:t>
                        <WtInternalLink>
                           <rtd>c3EAfgAjdXEAfgAnAAAAA3VxAH4AKQAAAAFxAH4BVnEAfgC6dXEAfgApAAAAAXEAfgFY</rtd>
                           <prefix/>
                           <postfix/>
                           <target>
                              <WtPageName location="Target:122:301">
                                 <content>جون قرنق</content>
                                 <rtd null="true"/>
                              </WtPageName>
                           </target>
                           <title>
                              <WtLinkTitle-WtNoLinkTitle/>
                           </title>
                        </WtInternalLink>
                        <ptk:t location="Target:122:311"> ، مؤسس الحركة الشعبية كان أول رئيس لحد وفاته يوم 30 يوليه 2005.
</ptk:t>
                     </ptk:l>
                     <WtXmlElement>
                        <rtd>c3EAfgAjdXEAfgAnAAAAA3VxAH4AKQAAAAF0AAY8dGFibGV1cQB+ACkAAAABdAABPnEAfgC6</rtd>
                        <name>table</name>
                        <xmlAttributes>
                           <ptk:l location="Target:123:7">
                              <WtXmlAttribute location="Target:123:7">
                                 <rtd>c3EAfgAjdXEAfgAnAAAAAnVxAH4AKQAAAAF0AA4gY2VsbHNwYWNpbmc9InVxAH4AKQAAAAF0AAEi</rtd>
                                 <name>cellspacing</name>
                                 <value>
                                    <ptk:l location="Target:123:21">
                                       <ptk:t location="Target:123:21">0</ptk:t>
                                    </ptk:l>
                                 </value>
                              </WtXmlAttribute>
                              <WtXmlAttribute location="Target:123:23">
                                 <rtd>c3EAfgAjdXEAfgAnAAAAAnVxAH4AKQAAAAF0AAggY2xhc3M9InVxAH4AKQAAAAF0AAEi</rtd>
                                 <name>class</name>
                                 <value>
                                    <ptk:l location="Target:123:31">
                                       <ptk:t location="Target:123:31">navbox</ptk:t>
                                    </ptk:l>
                                 </value>
                              </WtXmlAttribute>
                              <WtXmlAttribute location="Target:123:38">
                                 <rtd>c3EAfgAjdXEAfgAnAAAAAnVxAH4AKQAAAAF0AAggc3R5bGU9InVxAH4AKQAAAAF0AAEi</rtd>
                                 <name>style</name>
                                 <value>
                                    <ptk:l location="Target:123:46">
                                       <ptk:t location="Target:123:46">border-spacing:0;;</ptk:t>
                                    </ptk:l>
                                 </value>
                              </WtXmlAttribute>
                           </ptk:l>
                        </xmlAttributes>
                        <body>
                           <ptk:l>
                              <WtTableImplicitTableBody>
                                 <rtd null="true"/>
                                 <body>
                                    <ptk:l>
                                       <WtXmlElement>
                                          <rtd>c3EAfgAjdXEAfgAnAAAAA3VxAH4AKQAAAAF0AAM8dHJ1cQB+ACkAAAABdAABPnEAfgC6</rtd>
                                          <name>tr</name>
                                          <xmlAttributes>
                                             <WtXmlAttributes-WtEmptyXmlAttributes/>
                                          </xmlAttributes>
                                          <body>
                                             <ptk:l>
                                                <WtXmlElement>
                                                   <rtd>c3EAfgAjdXEAfgAnAAAAA3VxAH4AKQAAAAF0AAM8dGR1cQB+ACkAAAABdAABPnEAfgC6</rtd>
                                                   <name>td</name>
                                                   <xmlAttributes>
                                                      <ptk:l location="Target:123:73">
                                                         <WtXmlAttribute location="Target:123:73">
                                                            <rtd>c3EAfgAjdXEAfgAnAAAAAnVxAH4AKQAAAAF0AAggc3R5bGU9InVxAH4AKQAAAAF0AAEi</rtd>
                                                            <name>style</name>
                                                            <value>
                                                               <ptk:l location="Target:123:81">
                                                                  <ptk:t location="Target:123:81">padding:2px;</ptk:t>
                                                               </ptk:l>
                                                            </value>
                                                         </WtXmlAttribute>
                                                      </ptk:l>
                                                   </xmlAttributes>
                                                   <body>
                                                      <ptk:l>
                                                         <WtXmlElement>
                                                            <rtd>c3EAfgAjdXEAfgAnAAAAA3VxAH4AKQAAAAF0AAY8dGFibGV1cQB+ACkAAAABdAABPnEAfgC6</rtd>
                                                            <name>table</name>
                                                            <xmlAttributes>
                                                               <ptk:l location="Target:123:101">
                                                                  <WtXmlAttribute location="Target:123:101">
                                                                     <rtd>c3EAfgAjdXEAfgAnAAAAAnVxAH4AKQAAAAF0AA4gY2VsbHNwYWNpbmc9InVxAH4AKQAAAAF0AAEi</rtd>
                                                                     <name>cellspacing</name>
                                                                     <value>
                                                                        <ptk:l location="Target:123:115">
                                                                           <ptk:t location="Target:123:115">0</ptk:t>
                                                                        </ptk:l>
                                                                     </value>
                                                                  </WtXmlAttribute>
                                                                  <WtXmlAttribute location="Target:123:117">
                                                                     <rtd>c3EAfgAjdXEAfgAnAAAAAnVxAH4AKQAAAAF0AAggY2xhc3M9InVxAH4AKQAAAAF0AAEi</rtd>
                                                                     <name>class</name>
                                                                     <value>
                                                                        <ptk:l location="Target:123:125">
                                                                           <ptk:t location="Target:123:125">nowraplinks  collapsible autocollapse navbox-inner</ptk:t>
                                                                        </ptk:l>
                                                                     </value>
                                                                  </WtXmlAttribute>
                                                                  <WtXmlAttribute location="Target:123:176">
                                                                     <rtd>c3EAfgAjdXEAfgAnAAAAAnVxAH4AKQAAAAF0AAggc3R5bGU9InVxAH4AKQAAAAF0AAEi</rtd>
                                                                     <name>style</name>
                                                                     <value>
                                                                        <ptk:l location="Target:123:184">
                                                                           <ptk:t location="Target:123:184">border-spacing:0;background:transparent;color:inherit;;</ptk:t>
                                                                        </ptk:l>
                                                                     </value>
                                                                  </WtXmlAttribute>
                                                               </ptk:l>
                                                            </xmlAttributes>
                                                            <body>
                                                               <ptk:l>
                                                                  <WtTableImplicitTableBody>
                                                                     <rtd null="true"/>
                                                                     <body>
                                                                        <ptk:l>
                                                                           <WtXmlElement>
                                                                              <rtd>c3EAfgAjdXEAfgAnAAAAA3VxAH4AKQAAAAF0AAM8dHJ1cQB+ACkAAAABdAABPnEAfgC6</rtd>
                                                                              <name>tr</name>
                                                                              <xmlAttributes>
                                                                                 <WtXmlAttributes-WtEmptyXmlAttributes/>
                                                                              </xmlAttributes>
                                                                              <body>
                                                                                 <ptk:l>
                                                                                    <WtXmlElement>
                                                                                       <rtd>c3EAfgAjdXEAfgAnAAAAA3VxAH4AKQAAAAF0AAM8dGh1cQB+ACkAAAABdAABPnEAfgC6</rtd>
                                                                                       <name>th</name>
                                                                                       <xmlAttributes>
                                                                                          <ptk:l location="Target:123:248">
                                                                                             <WtXmlAttribute location="Target:123:248">
                                                                                                <rtd>c3EAfgAjdXEAfgAnAAAAAnVxAH4AKQAAAAF0AAggc2NvcGU9InVxAH4AKQAAAAF0AAEi</rtd>
                                                                                                <name>scope</name>
                                                                                                <value>
                                                                                                   <ptk:l location="Target:123:256">
                                                                                                      <ptk:t location="Target:123:256">col</ptk:t>
                                                                                                   </ptk:l>
                                                                                                </value>
                                                                                             </WtXmlAttribute>
                                                                                             <WtXmlAttribute location="Target:123:260">
                                                                                                <rtd>c3EAfgAjdXEAfgAnAAAAAnVxAH4AKQAAAAF0AAggc3R5bGU9InVxAH4AKQAAAAF0AAEi</rtd>
                                                                                                <name>style</name>
                                                                                                <value>
                                                                                                   <ptk:l location="Target:123:268">
                                                                                                      <ptk:t location="Target:123:268">;</ptk:t>
                                                                                                   </ptk:l>
                                                                                                </value>
                                                                                             </WtXmlAttribute>
                                                                                             <WtXmlAttribute location="Target:123:270">
                                                                                                <rtd>c3EAfgAjdXEAfgAnAAAAAnVxAH4AKQAAAAF0AAggY2xhc3M9InVxAH4AKQAAAAF0AAEi</rtd>
                                                                                                <name>class</name>
                                                                                                <value>
                                                                                                   <ptk:l location="Target:123:278">
                                                                                                      <ptk:t location="Target:123:278">navbox-title</ptk:t>
                                                                                                   </ptk:l>
                                                                                                </value>
                                                                                             </WtXmlAttribute>
                                                                                             <WtXmlAttribute location="Target:123:291">
                                                                                                <rtd>c3EAfgAjdXEAfgAnAAAAAnVxAH4AKQAAAAF0AAkgY29sc3Bhbj1xAH4Aug==</rtd>
                                                                                                <name>colspan</name>
                                                                                                <value>
                                                                                                   <ptk:l location="Target:123:300">
                                                                                                      <ptk:t location="Target:123:300">3</ptk:t>
                                                                                                   </ptk:l>
                                                                                                </value>
                                                                                             </WtXmlAttribute>
                                                                                          </ptk:l>
                                                                                       </xmlAttributes>
                                                                                       <body>
                                                                                          <ptk:l>
                                                                                             <WtXmlElement>
                                                                                                <rtd>c3EAfgAjdXEAfgAnAAAAA3VxAH4AKQAAAAF0AAQ8ZGl2dXEAfgApAAAAAXQAAT51cQB+ACkAAAABdAAGPC9kaXY+</rtd>
                                                                                                <name>div</name>
                                                                                                <xmlAttributes>
                                                                                                   <ptk:l location="Target:123:306">
                                                                                                      <WtXmlAttribute location="Target:123:306">
                                                                                                         <rtd>c3EAfgAjdXEAfgAnAAAAAnVxAH4AKQAAAAF0AAggY2xhc3M9InVxAH4AKQAAAAF0AAEi</rtd>
                                                                                                         <name>class</name>
                                                                                                         <value>
                                                                                                            <ptk:l location="Target:123:314">
                                                                                                               <ptk:t location="Target:123:314">noprint plainlinks navbar</ptk:t>
                                                                                                            </ptk:l>
                                                                                                         </value>
                                                                                                      </WtXmlAttribute>
                                                                                                      <WtXmlAttribute location="Target:123:340">
                                                                                                         <rtd>c3EAfgAjdXEAfgAnAAAAAnVxAH4AKQAAAAF0AAggc3R5bGU9InVxAH4AKQAAAAF0AAEi</rtd>
                                                                                                         <name>style</name>
                                                                                                         <value>
                                                                                                            <ptk:l location="Target:123:348">
                                                                                                               <ptk:t location="Target:123:348">background:none; padding:0; font-weight:normal;;;background:none transparent;border:none;; font-size:xx-small; </ptk:t>
                                                                                                            </ptk:l>
                                                                                                         </value>
                                                                                                      </WtXmlAttribute>
                                                                                                   </ptk:l>
                                                                                                </xmlAttributes>
                                                                                                <body>
                                                                                                   <ptk:l>
                                                                                                      <WtInternalLink>
                                                                                                         <rtd>c3EAfgAjdXEAfgAnAAAAA3VxAH4AKQAAAAFxAH4BVnEAfgC6dXEAfgApAAAAAXEAfgFY</rtd>
                                                                                                         <prefix/>
                                                                                                         <postfix/>
                                                                                                         <target>
                                                                                                            <WtPageName location="Target:123:463">
                                                                                                               <content>Template:افريقيا</content>
                                                                                                               <rtd null="true"/>
                                                                                                            </WtPageName>
                                                                                                         </target>
                                                                                                         <title>
                                                                                                            <ptk:l>
                                                                                                               <WtXmlElement>
                                                                                                                  <rtd>c3EAfgAjdXEAfgAnAAAAA3VxAH4AKQAAAAF0AAU8c3BhbnVxAH4AKQAAAAF0AAE+dXEAfgApAAAAAXQABzwvc3Bhbj4=</rtd>
                                                                                                                  <name>span</name>
                                                                                                                  <xmlAttributes>
                                                                                                                     <ptk:l location="Target:123:485">
                                                                                                                        <WtXmlAttribute location="Target:123:485">
                                                                                                                           <rtd>c3EAfgAjdXEAfgAnAAAAAnVxAH4AKQAAAAF0AAggdGl0bGU9InVxAH4AKQAAAAF0AAEi</rtd>
                                                                                                                           <name>title</name>
                                                                                                                           <value>
                                                                                                                              <ptk:l location="Target:123:493">
                                                                                                                                 <ptk:t location="Target:123:493">شوف القالب ده</ptk:t>
                                                                                                                              </ptk:l>
                                                                                                                           </value>
                                                                                                                        </WtXmlAttribute>
                                                                                                                        <WtXmlAttribute location="Target:123:507">
                                                                                                                           <rtd>c3EAfgAjdXEAfgAnAAAAAnVxAH4AKQAAAAF0AAggc3R5bGU9InVxAH4AKQAAAAF0AAEi</rtd>
                                                                                                                           <name>style</name>
                                                                                                                           <value>
                                                                                                                              <ptk:l location="Target:123:515">
                                                                                                                                 <ptk:t location="Target:123:515">;;background:none transparent;border:none;</ptk:t>
                                                                                                                              </ptk:l>
                                                                                                                           </value>
                                                                                                                        </WtXmlAttribute>
                                                                                                                     </ptk:l>
                                                                                                                  </xmlAttributes>
                                                                                                                  <body>
                                                                                                                     <ptk:l>
                                                                                                                        <ptk:t location="Target:123:559">ش</ptk:t>
                                                                                                                     </ptk:l>
                                                                                                                  </body>
                                                                                                               </WtXmlElement>
                                                                                                            </ptk:l>
                                                                                                         </title>
                                                                                                      </WtInternalLink>
                                                                                                      <WtXmlEntityRef location="Target:123:570">
                                                                                                         <rtd>c3EAfgAjdXEAfgAnAAAAAXVxAH4AKQAAAAF0AAYmbmJzcDs=</rtd>
                                                                                                         <name>nbsp</name>
                                                                                                         <resolved> </resolved>
                                                                                                      </WtXmlEntityRef>
                                                                                                      <WtXmlElement>
                                                                                                         <rtd>c3EAfgAjdXEAfgAnAAAAA3VxAH4AKQAAAAF0AAU8c3BhbnVxAH4AKQAAAAF0AAE+dXEAfgApAAAAAXQABzwvc3Bhbj4=</rtd>
                                                                                                         <name>span</name>
                                                                                                         <xmlAttributes>
                                                                                                            <ptk:l location="Target:123:580">
                                                                                                               <WtXmlAttribute location="Target:123:580">
                                                                                                                  <rtd>c3EAfgAjdXEAfgAnAAAAAnVxAH4AKQAAAAF0AAggc3R5bGU9InVxAH4AKQAAAAF0AAEi</rtd>
                                                                                                                  <name>style</name>
                                                                                                                  <value>
                                                                                                                     <ptk:l location="Target:123:588">
                                                                                                                        <ptk:t location="Target:123:588">font-size:80%;</ptk:t>
                                                                                                                     </ptk:l>
                                                                                                                  </value>
                                                                                                               </WtXmlAttribute>
                                                                                                            </ptk:l>
                                                                                                         </xmlAttributes>
                                                                                                         <body>
                                                                                                            <ptk:l>
                                                                                                               <ptk:t location="Target:123:604">•</ptk:t>
                                                                                                            </ptk:l>
                                                                                                         </body>
                                                                                                      </WtXmlElement>
                                                                                                      <WtXmlEntityRef location="Target:123:613">
                                                                                                         <rtd>c3EAfgAjdXEAfgAnAAAAAXVxAH4AKQAAAAF0AAYmbmJzcDs=</rtd>
                                                                                                         <name>nbsp</name>
                                                                                                         <resolved> </resolved>
                                                                                                      </WtXmlEntityRef>
                                                                                                      <WtInternalLink>
                                                                                                         <rtd>c3EAfgAjdXEAfgAnAAAAA3VxAH4AKQAAAAFxAH4BVnEAfgC6dXEAfgApAAAAAXEAfgFY</rtd>
                                                                                                         <prefix/>
                                                                                                         <postfix/>
                                                                                                         <target>
                                                                                                            <WtPageName location="Target:123:620">
                                                                                                               <content>نقاش_القالب:افريقيا</content>
                                                                                                               <rtd null="true"/>
                                                                                                            </WtPageName>
                                                                                                         </target>
                                                                                                         <title>
                                                                                                            <ptk:l>
                                                                                                               <WtXmlElement>
                                                                                                                  <rtd>c3EAfgAjdXEAfgAnAAAAA3VxAH4AKQAAAAF0AAU8c3BhbnVxAH4AKQAAAAF0AAE+dXEAfgApAAAAAXQABzwvc3Bhbj4=</rtd>
                                                                                                                  <name>span</name>
                                                                                                                  <xmlAttributes>
                                                                                                                     <ptk:l location="Target:123:645">
                                                                                                                        <WtXmlAttribute location="Target:123:645">
                                                                                                                           <rtd>c3EAfgAjdXEAfgAnAAAAAnVxAH4AKQAAAAF0AAggdGl0bGU9InVxAH4AKQAAAAF0AAEi</rtd>
                                                                                                                           <name>title</name>
                                                                                                                           <value>
                                                                                                                              <ptk:l location="Target:123:653">
                                                                                                                                 <ptk:t location="Target:123:653">ناقش القالب ده</ptk:t>
                                                                                                                              </ptk:l>
                                                                                                                           </value>
                                                                                                                        </WtXmlAttribute>
                                                                                                                        <WtXmlAttribute location="Target:123:668">
                                                                                                                           <rtd>c3EAfgAjdXEAfgAnAAAAAnVxAH4AKQAAAAF0AAggc3R5bGU9InVxAH4AKQAAAAF0AAEi</rtd>
                                                                                                                           <name>style</name>
                                                                                                                           <value>
                                                                                                                              <ptk:l location="Target:123:676">
                                                                                                                                 <ptk:t location="Target:123:676">;;background:none transparent;border:none;</ptk:t>
                                                                                                                              </ptk:l>
                                                                                                                           </value>
                                                                                                                        </WtXmlAttribute>
                                                                                                                     </ptk:l>
                                                                                                                  </xmlAttributes>
                                                                                                                  <body>
                                                                                                                     <ptk:l>
                                                                                                                        <ptk:t location="Target:123:720">ن</ptk:t>
                                                                                                                     </ptk:l>
                                                                                                                  </body>
                                                                                                               </WtXmlElement>
                                                                                                            </ptk:l>
                                                                                                         </title>
                                                                                                      </WtInternalLink>
                                                                                                      <WtXmlEntityRef location="Target:123:731">
                                                                                                         <rtd>c3EAfgAjdXEAfgAnAAAAAXVxAH4AKQAAAAF0AAYmbmJzcDs=</rtd>
                                                                                                         <name>nbsp</name>
                                                                                                         <resolved> </resolved>
                                                                                                      </WtXmlEntityRef>
                                                                                                      <WtXmlElement>
                                                                                                         <rtd>c3EAfgAjdXEAfgAnAAAAA3VxAH4AKQAAAAF0AAU8c3BhbnVxAH4AKQAAAAF0AAE+dXEAfgApAAAAAXQABzwvc3Bhbj4=</rtd>
                                                                                                         <name>span</name>
                                                                                                         <xmlAttributes>
                                                                                                            <ptk:l location="Target:123:741">
                                                                                                               <WtXmlAttribute location="Target:123:741">
                                                                                                                  <rtd>c3EAfgAjdXEAfgAnAAAAAnVxAH4AKQAAAAF0AAggc3R5bGU9InVxAH4AKQAAAAF0AAEi</rtd>
                                                                                                                  <name>style</name>
                                                                                                                  <value>
                                                                                                                     <ptk:l location="Target:123:749">
                                                                                                                        <ptk:t location="Target:123:749">font-size:80%;</ptk:t>
                                                                                                                     </ptk:l>
                                                                                                                  </value>
                                                                                                               </WtXmlAttribute>
                                                                                                            </ptk:l>
                                                                                                         </xmlAttributes>
                                                                                                         <body>
                                                                                                            <ptk:l>
                                                                                                               <ptk:t location="Target:123:765">•</ptk:t>
                                                                                                            </ptk:l>
                                                                                                         </body>
                                                                                                      </WtXmlElement>
                                                                                                      <WtXmlEntityRef location="Target:123:774">
                                                                                                         <rtd>c3EAfgAjdXEAfgAnAAAAAXVxAH4AKQAAAAF0AAYmbmJzcDs=</rtd>
                                                                                                         <name>nbsp</name>
                                                                                                         <resolved> </resolved>
                                                                                                      </WtXmlEntityRef>
                                                                                                      <ptk:t location="Target:123:780">[</ptk:t>
                                                                                                      <WtUrl>
                                                                                                         <rtd>c3EAfgAjdXEAfgAnAAAAAXVxAH4AKQAAAAF0AJdodHRwOi8vYXJ6Lndpa2lwZWRpYS5vcmcvd2lraS9UZW1wbGF0ZTolRDglQTclRDklODElRDglQjElRDklOEElRDklODIlRDklOEElRDglQTc/dGl0bGU9VGVtcGxhdGU6JUQ4JUE3JUQ5JTgxJUQ4JUIxJUQ5JThBJUQ5JTgyJUQ5JThBJUQ4JUE3JmFjdGlvbj1lZGl0</rtd>
                                                                                                         <protocol>http</protocol>
                                                                                                         <path>//arz.wikipedia.org/wiki/Template:%D8%A7%D9%81%D8%B1%D9%8A%D9%82%D9%8A%D8%A7?title=Template:%D8%A7%D9%81%D8%B1%D9%8A%D9%82%D9%8A%D8%A7&amp;action=edit</path>
                                                                                                      </WtUrl>
                                                                                                      <WtXmlElement>
                                                                                                         <rtd>c3EAfgAjdXEAfgAnAAAAA3VxAH4AKQAAAAF0AAU8c3BhbnVxAH4AKQAAAAF0AAE+dXEAfgApAAAAAXQABzwvc3Bhbj4=</rtd>
                                                                                                         <name>span</name>
                                                                                                         <xmlAttributes>
                                                                                                            <ptk:l location="Target:123:936">
                                                                                                               <WtXmlAttribute location="Target:123:936">
                                                                                                                  <rtd>c3EAfgAjdXEAfgAnAAAAAnVxAH4AKQAAAAF0AAggdGl0bGU9InVxAH4AKQAAAAF0AAEi</rtd>
                                                                                                                  <name>title</name>
                                                                                                                  <value>
                                                                                                                     <ptk:l location="Target:123:944">
                                                                                                                        <ptk:t location="Target:123:944">عدّل القالب ده</ptk:t>
                                                                                                                     </ptk:l>
                                                                                                                  </value>
                                                                                                               </WtXmlAttribute>
                                                                                                               <WtXmlAttribute location="Target:123:959">
                                                                                                                  <rtd>c3EAfgAjdXEAfgAnAAAAAnVxAH4AKQAAAAF0AAggc3R5bGU9InVxAH4AKQAAAAF0AAEi</rtd>
                                                                                                                  <name>style</name>
                                                                                                                  <value>
                                                                                                                     <ptk:l location="Target:123:967">
                                                                                                                        <ptk:t location="Target:123:967">;;background:none transparent;border:none;;</ptk:t>
                                                                                                                     </ptk:l>
                                                                                                                  </value>
                                                                                                               </WtXmlAttribute>
                                                                                                            </ptk:l>
                                                                                                         </xmlAttributes>
                                                                                                         <body>
                                                                                                            <ptk:l>
                                                                                                               <ptk:t location="Target:123:1012">ع</ptk:t>
                                                                                                            </ptk:l>
                                                                                                         </body>
                                                                                                      </WtXmlElement>
                                                                                                      <ptk:t location="Target:123:1020">]</ptk:t>
                                                                                                   </ptk:l>
                                                                                                </body>
                                                                                             </WtXmlElement>
                                                                                             <WtXmlElement>
                                                                                                <rtd>c3EAfgAjdXEAfgAnAAAAA3VxAH4AKQAAAAF0AAQ8ZGl2dXEAfgApAAAAAXQAAT51cQB+ACkAAAABdAAGPC9kaXY+</rtd>
                                                                                                <name>div</name>
                                                                                                <xmlAttributes>
                                                                                                   <ptk:l location="Target:123:1031">
                                                                                                      <WtXmlAttribute location="Target:123:1031">
                                                                                                         <rtd>c3EAfgAjdXEAfgAnAAAAAnVxAH4AKQAAAAF0AAggY2xhc3M9InVxAH4AKQAAAAF0AAEi</rtd>
                                                                                                         <name>class</name>
                                                                                                         <value>
                                                                                                            <ptk:l location="Target:123:1039"/>
                                                                                                         </value>
                                                                                                      </WtXmlAttribute>
                                                                                                      <WtXmlAttribute location="Target:123:1040">
                                                                                                         <rtd>c3EAfgAjdXEAfgAnAAAAAnVxAH4AKQAAAAF0AAggc3R5bGU9InVxAH4AKQAAAAF0AAEi</rtd>
                                                                                                         <name>style</name>
                                                                                                         <value>
                                                                                                            <ptk:l location="Target:123:1048">
                                                                                                               <ptk:t location="Target:123:1048">font-size:110%;</ptk:t>
                                                                                                            </ptk:l>
                                                                                                         </value>
                                                                                                      </WtXmlAttribute>
                                                                                                   </ptk:l>
                                                                                                </xmlAttributes>
                                                                                                <body>
                                                                                                   <ptk:l>
                                                                                                      <ptk:t>
</ptk:t>
                                                                                                      <WtInternalLink>
                                                                                                         <rtd>c3EAfgAjdXEAfgAnAAAAA3VxAH4AKQAAAAFxAH4BVnEAfgC6dXEAfgApAAAAAXEAfgFY</rtd>
                                                                                                         <prefix/>
                                                                                                         <postfix/>
                                                                                                         <target>
                                                                                                            <WtPageName location="Target:124:3">
                                                                                                               <content> أفريقيا </content>
                                                                                                               <rtd null="true"/>
                                                                                                            </WtPageName>
                                                                                                         </target>
                                                                                                         <title>
                                                                                                            <WtLinkTitle-WtNoLinkTitle/>
                                                                                                         </title>
                                                                                                      </WtInternalLink>
                                                                                                   </ptk:l>
                                                                                                </body>
                                                                                             </WtXmlElement>
                                                                                          </ptk:l>
                                                                                       </body>
                                                                                    </WtXmlElement>
                                                                                 </ptk:l>
                                                                              </body>
                                                                           </WtXmlElement>
                                                                           <WtXmlElement>
                                                                              <rtd>c3EAfgAjdXEAfgAnAAAAA3VxAH4AKQAAAAF0AAM8dHJ1cQB+ACkAAAABdAABPnEAfgC6</rtd>
                                                                              <name>tr</name>
                                                                              <xmlAttributes>
                                                                                 <ptk:l location="Target:124:33">
                                                                                    <WtXmlAttribute location="Target:124:33">
                                                                                       <rtd>c3EAfgAjdXEAfgAnAAAAAnVxAH4AKQAAAAF0AAggc3R5bGU9InVxAH4AKQAAAAF0AAEi</rtd>
                                                                                       <name>style</name>
                                                                                       <value>
                                                                                          <ptk:l location="Target:124:41">
                                                                                             <ptk:t location="Target:124:41">height:2px;</ptk:t>
                                                                                          </ptk:l>
                                                                                       </value>
                                                                                    </WtXmlAttribute>
                                                                                 </ptk:l>
                                                                              </xmlAttributes>
                                                                              <body>
                                                                                 <ptk:l>
                                                                                    <WtXmlElement>
                                                                                       <rtd>c3EAfgAjdXEAfgAnAAAAA3VxAH4AKQAAAAF0AAM8dGR1cQB+ACkAAAABdAABPnEAfgC6</rtd>
                                                                                       <name>td</name>
                                                                                       <xmlAttributes>
                                                                                          <WtXmlAttributes-WtEmptyXmlAttributes/>
                                                                                       </xmlAttributes>
                                                                                       <body>
                                                                                          <ptk:l/>
                                                                                       </body>
                                                                                    </WtXmlElement>
                                                                                 </ptk:l>
                                                                              </body>
                                                                           </WtXmlElement>
                                                                           <WtXmlElement>
                                                                              <rtd>c3EAfgAjdXEAfgAnAAAAA3VxAH4AKQAAAAF0AAM8dHJ1cQB+ACkAAAABdAABPnEAfgC6</rtd>
                                                                              <name>tr</name>
                                                                              <xmlAttributes>
                                                                                 <WtXmlAttributes-WtEmptyXmlAttributes/>
                                                                              </xmlAttributes>
                                                                              <body>
                                                                                 <ptk:l>
                                                                                    <WtXmlElement>
                                                                                       <rtd>c3EAfgAjdXEAfgAnAAAAA3VxAH4AKQAAAAF0AAM8dGh1cQB+ACkAAAABdAABPnEAfgC6</rtd>
                                                                                       <name>th</name>
                                                                                       <xmlAttributes>
                                                                                          <ptk:l location="Target:124:75">
                                                                                             <WtXmlAttribute location="Target:124:75">
                                                                                                <rtd>c3EAfgAjdXEAfgAnAAAAAnVxAH4AKQAAAAF0AAggc2NvcGU9InVxAH4AKQAAAAF0AAEi</rtd>
                                                                                                <name>scope</name>
                                                                                                <value>
                                                                                                   <ptk:l location="Target:124:83">
                                                                                                      <ptk:t location="Target:124:83">row</ptk:t>
                                                                                                   </ptk:l>
                                                                                                </value>
                                                                                             </WtXmlAttribute>
                                                                                             <WtXmlAttribute location="Target:124:87">
                                                                                                <rtd>c3EAfgAjdXEAfgAnAAAAAnVxAH4AKQAAAAF0AAggY2xhc3M9InVxAH4AKQAAAAF0AAEi</rtd>
                                                                                                <name>class</name>
                                                                                                <value>
                                                                                                   <ptk:l location="Target:124:95">
                                                                                                      <ptk:t location="Target:124:95">navbox-group </ptk:t>
                                                                                                   </ptk:l>
                                                                                                </value>
                                                                                             </WtXmlAttribute>
                                                                                             <WtXmlAttribute location="Target:124:109">
                                                                                                <rtd>c3EAfgAjdXEAfgAnAAAAAnVxAH4AKQAAAAF0AAggc3R5bGU9InVxAH4AKQAAAAF0AAEi</rtd>
                                                                                                <name>style</name>
                                                                                                <value>
                                                                                                   <ptk:l location="Target:124:117">
                                                                                                      <ptk:t location="Target:124:117">;padding:0.35em 1.0em; line-height:1.1em;;</ptk:t>
                                                                                                   </ptk:l>
                                                                                                </value>
                                                                                             </WtXmlAttribute>
                                                                                          </ptk:l>
                                                                                       </xmlAttributes>
                                                                                       <body>
                                                                                          <ptk:l>
                                                                                             <WtInternalLink>
                                                                                                <rtd>c3EAfgAjdXEAfgAnAAAAA3VxAH4AKQAAAAFxAH4BVnEAfgC6dXEAfgApAAAAAXEAfgFY</rtd>
                                                                                                <prefix/>
                                                                                                <postfix/>
                                                                                                <target>
                                                                                                   <WtPageName location="Target:124:163">
                                                                                                      <content>لستة الدول المستقله</content>
                                                                                                      <rtd null="true"/>
                                                                                                   </WtPageName>
                                                                                                </target>
                                                                                                <title>
                                                                                                   <ptk:l>
                                                                                                      <ptk:t location="Target:124:183">قائمة الدول</ptk:t>
                                                                                                   </ptk:l>
                                                                                                </title>
                                                                                             </WtInternalLink>
                                                                                          </ptk:l>
                                                                                       </body>
                                                                                    </WtXmlElement>
                                                                                    <WtXmlElement>
                                                                                       <rtd>c3EAfgAjdXEAfgAnAAAAA3VxAH4AKQAAAAF0AAM8dGR1cQB+ACkAAAABdAABPnEAfgC6</rtd>
                                                                                       <name>td</name>
                                                                                       <xmlAttributes>
                                                                                          <ptk:l location="Target:124:204">
                                                                                             <WtXmlAttribute location="Target:124:204">
                                                                                                <rtd>c3EAfgAjdXEAfgAnAAAAAnVxAH4AKQAAAAF0AAggc3R5bGU9InVxAH4AKQAAAAF0AAEi</rtd>
                                                                                                <name>style</name>
                                                                                                <value>
                                                                                                   <ptk:l location="Target:124:212">
                                                                                                      <ptk:t location="Target:124:212">text-align:right;border-right-width:2px;border-right-style:solid;width:100%;padding:0px;font-size:0.95em;;;</ptk:t>
                                                                                                   </ptk:l>
                                                                                                </value>
                                                                                             </WtXmlAttribute>
                                                                                             <WtXmlAttribute location="Target:124:320">
                                                                                                <rtd>c3EAfgAjdXEAfgAnAAAAAnVxAH4AKQAAAAF0AAggY2xhc3M9InVxAH4AKQAAAAF0AAEi</rtd>
                                                                                                <name>class</name>
                                                                                                <value>
                                                                                                   <ptk:l location="Target:124:328">
                                                                                                      <ptk:t location="Target:124:328">navbox-list navbox-odd </ptk:t>
                                                                                                   </ptk:l>
                                                                                                </value>
                                                                                             </WtXmlAttribute>
                                                                                          </ptk:l>
                                                                                       </xmlAttributes>
                                                                                       <body>
                                                                                          <ptk:l>
                                                                                             <WtXmlElement>
                                                                                                <rtd>c3EAfgAjdXEAfgAnAAAAA3VxAH4AKQAAAAF0AAQ8ZGl2dXEAfgApAAAAAXQAAT51cQB+ACkAAAABdAAGPC9kaXY+</rtd>
                                                                                                <name>div</name>
                                                                                                <xmlAttributes>
                                                                                                   <ptk:l location="Target:124:357">
                                                                                                      <WtXmlAttribute location="Target:124:357">
                                                                                                         <rtd>c3EAfgAjdXEAfgAnAAAAAnVxAH4AKQAAAAF0AAggc3R5bGU9InVxAH4AKQAAAAF0AAEi</rtd>
                                                                                                         <name>style</name>
                                                                                                         <value>
                                                                                                            <ptk:l location="Target:124:365">
                                                                                                               <ptk:t location="Target:124:365">padding:0em 0.25em</ptk:t>
                                                                                                            </ptk:l>
                                                                                                         </value>
                                                                                                      </WtXmlAttribute>
                                                                                                   </ptk:l>
                                                                                                </xmlAttributes>
                                                                                                <body>
                                                                                                   <ptk:l>
                                                                                                      <ptk:t>
</ptk:t>
                                                                                                      <WtXmlElement>
                                                                                                         <rtd>c3EAfgAjdXEAfgAnAAAAA3VxAH4AKQAAAAF0AAQ8ZGl2dXEAfgApAAAAAXQAAT51cQB+ACkAAAABdAAGPC9kaXY+</rtd>
                                                                                                         <name>div</name>
                                                                                                         <xmlAttributes>
                                                                                                            <WtXmlAttributes-WtEmptyXmlAttributes/>
                                                                                                         </xmlAttributes>
                                                                                                         <body>
                                                                                                            <ptk:l>
                                                                                                               <ptk:t>
</ptk:t>
                                                                                                               <WtXmlElement>
                                                                                                                  <rtd>c3EAfgAjdXEAfgAnAAAAA3VxAH4AKQAAAAF0AAU8c3BhbnVxAH4AKQAAAAF0AAE+dXEAfgApAAAAAXQABzwvc3Bhbj4=</rtd>
                                                                                                                  <name>span</name>
                                                                                                                  <xmlAttributes>
                                                                                                                     <ptk:l location="Target:126:6">
                                                                                                                        <WtXmlAttribute location="Target:126:6">
                                                                                                                           <rtd>c3EAfgAjdXEAfgAnAAAAAnVxAH4AKQAAAAF0AAggc3R5bGU9InVxAH4AKQAAAAF0AAEi</rtd>
                                                                                                                           <name>style</name>
                                                                                                                           <value>
                                                                                                                              <ptk:l location="Target:126:14">
                                                                                                                                 <ptk:t location="Target:126:14">white-space:nowrap</ptk:t>
                                                                                                                              </ptk:l>
                                                                                                                           </value>
                                                                                                                        </WtXmlAttribute>
                                                                                                                     </ptk:l>
                                                                                                                  </xmlAttributes>
                                                                                                                  <body>
                                                                                                                     <ptk:l>
                                                                                                                        <ptk:t>
</ptk:t>
                                                                                                                        <WtInternalLink>
                                                                                                                           <rtd>c3EAfgAjdXEAfgAnAAAAA3VxAH4AKQAAAAFxAH4BVnEAfgC6dXEAfgApAAAAAXEAfgFY</rtd>
                                                                                                                           <prefix/>
                                                                                                                           <postfix/>
                                                                                                                           <target>
                                                                                                                              <WtPageName location="Target:127:3">
                                                                                                                                 <content> الجزاير </content>
                                                                                                                                 <rtd null="true"/>
                                                                                                                              </WtPageName>
                                                                                                                           </target>
                                                                                                                           <title>
                                                                                                                              <ptk:l>
                                                                                                                                 <ptk:t location="Target:127:13">الجزاير</ptk:t>
                                                                                                                              </ptk:l>
                                                                                                                           </title>
                                                                                                                        </WtInternalLink>
                                                                                                                        <WtXmlEntityRef location="Target:127:23">
                                                                                                                           <rtd>c3EAfgAjdXEAfgAnAAAAAXVxAH4AKQAAAAF0AAYmbmJzcDs=</rtd>
                                                                                                                           <name>nbsp</name>
                                                                                                                           <resolved> </resolved>
                                                                                                                        </WtXmlEntityRef>
                                                                                                                        <ptk:t location="Target:127:28">•</ptk:t>
                                                                                                                     </ptk:l>
                                                                                                                  </body>
                                                                                                               </WtXmlElement>
                                                                                                               <ptk:t location="Target:127:36"> </ptk:t>
                                                                                                               <WtXmlElement>
                                                                                                                  <rtd>c3EAfgAjdXEAfgAnAAAAA3VxAH4AKQAAAAF0AAU8c3BhbnVxAH4AKQAAAAF0AAE+dXEAfgApAAAAAXQABzwvc3Bhbj4=</rtd>
                                                                                                                  <name>span</name>
                                                                                                                  <xmlAttributes>
                                                                                                                     <ptk:l location="Target:127:42">
                                                                                                                        <WtXmlAttribute location="Target:127:42">
                                                                                                                           <rtd>c3EAfgAjdXEAfgAnAAAAAnVxAH4AKQAAAAF0AAggc3R5bGU9InVxAH4AKQAAAAF0AAEi</rtd>
                                                                                                                           <name>style</name>
                                                                                                                           <value>
                                                                                                                              <ptk:l location="Target:127:50">
                                                                                                                                 <ptk:t location="Target:127:50">white-space:nowrap</ptk:t>
                                                                                                                              </ptk:l>
                                                                                                                           </value>
                                                                                                                        </WtXmlAttribute>
                                                                                                                     </ptk:l>
                                                                                                                  </xmlAttributes>
                                                                                                                  <body>
                                                                                                                     <ptk:l>
                                                                                                                        <ptk:t>
</ptk:t>
                                                                                                                        <WtInternalLink>
                                                                                                                           <rtd>c3EAfgAjdXEAfgAnAAAAA3VxAH4AKQAAAAFxAH4BVnEAfgC6dXEAfgApAAAAAXEAfgFY</rtd>
                                                                                                                           <prefix/>
                                                                                                                           <postfix/>
                                                                                                                           <target>
                                                                                                                              <WtPageName location="Target:128:3">
                                                                                                                                 <content> انجولا </content>
                                                                                                                                 <rtd null="true"/>
                                                                                                                              </WtPageName>
                                                                                                                           </target>
                                                                                                                           <title>
                                                                                                                              <ptk:l>
                                                                                                                                 <ptk:t location="Target:128:12">انجولا</ptk:t>
                                                                                                                              </ptk:l>
                                                                                                                           </title>
                                                                                                                        </WtInternalLink>
                                                                                                                        <WtXmlEntityRef location="Target:128:21">
                                                                                                                           <rtd>c3EAfgAjdXEAfgAnAAAAAXVxAH4AKQAAAAF0AAYmbmJzcDs=</rtd>
                                                                                                                           <name>nbsp</name>
                                                                                                                           <resolved> </resolved>
                                                                                                                        </WtXmlEntityRef>
                                                                                                                        <ptk:t location="Target:128:26">•</ptk:t>
                                                                                                                     </ptk:l>
                                                                                                                  </body>
                                                                                                               </WtXmlElement>
                                                                                                               <ptk:t location="Target:128:34"> </ptk:t>
                                                                                                               <WtXmlElement>
                                                                                                                  <rtd>c3EAfgAjdXEAfgAnAAAAA3VxAH4AKQAAAAF0AAU8c3BhbnVxAH4AKQAAAAF0AAE+dXEAfgApAAAAAXQABzwvc3Bhbj4=</rtd>
                                                                                                                  <name>span</name>
                                                                                                                  <xmlAttributes>
                                                                                                                     <ptk:l location="Target:128:40">
                                                                                                                        <WtXmlAttribute location="Target:128:40">
                                                                                                                           <rtd>c3EAfgAjdXEAfgAnAAAAAnVxAH4AKQAAAAF0AAggc3R5bGU9InVxAH4AKQAAAAF0AAEi</rtd>
                                                                                                                           <name>style</name>
                                                                                                                           <value>
                                                                                                                              <ptk:l location="Target:128:48">
                                                                                                                                 <ptk:t location="Target:128:48">white-space:nowrap</ptk:t>
                                                                                                                              </ptk:l>
                                                                                                                           </value>
                                                                                                                        </WtXmlAttribute>
                                                                                                                     </ptk:l>
                                                                                                                  </xmlAttributes>
                                                                                                                  <body>
                                                                                                                     <ptk:l>
                                                                                                                        <ptk:t>
</ptk:t>
                                                                                                                        <WtInternalLink>
                                                                                                                           <rtd>c3EAfgAjdXEAfgAnAAAAA3VxAH4AKQAAAAFxAH4BVnEAfgC6dXEAfgApAAAAAXEAfgFY</rtd>
                                                                                                                           <prefix/>
                                                                                                                           <postfix/>
                                                                                                                           <target>
                                                                                                                              <WtPageName location="Target:129:3">
                                                                                                                                 <content> بنين </content>
                                                                                                                                 <rtd null="true"/>
                                                                                                                              </WtPageName>
                                                                                                                           </target>
                                                                                                                           <title>
                                                                                                                              <ptk:l>
                                                                                                                                 <ptk:t location="Target:129:10">بنين</ptk:t>
                                                                                                                              </ptk:l>
                                                                                                                           </title>
                                                                                                                        </WtInternalLink>
                                                                                                                        <WtXmlEntityRef location="Target:129:17">
                                                                                                                           <rtd>c3EAfgAjdXEAfgAnAAAAAXVxAH4AKQAAAAF0AAYmbmJzcDs=</rtd>
                                                                                                                           <name>nbsp</name>
                                                                                                                           <resolved> </resolved>
                                                                                                                        </WtXmlEntityRef>
                                                                                                                        <ptk:t location="Target:129:22">•</ptk:t>
                                                                                                                     </ptk:l>
                                                                                                                  </body>
                                                                                                               </WtXmlElement>
                                                                                                               <ptk:t location="Target:129:30"> </ptk:t>
                                                                                                               <WtXmlElement>
                                                                                                                  <rtd>c3EAfgAjdXEAfgAnAAAAA3VxAH4AKQAAAAF0AAU8c3BhbnVxAH4AKQAAAAF0AAE+dXEAfgApAAAAAXQABzwvc3Bhbj4=</rtd>
                                                                                                                  <name>span</name>
                                                                                                                  <xmlAttributes>
                                                                                                                     <ptk:l location="Target:129:36">
                                                                                                                        <WtXmlAttribute location="Target:129:36">
                                                                                                                           <rtd>c3EAfgAjdXEAfgAnAAAAAnVxAH4AKQAAAAF0AAggc3R5bGU9InVxAH4AKQAAAAF0AAEi</rtd>
                                                                                                                           <name>style</name>
                                                                                                                           <value>
                                                                                                                              <ptk:l location="Target:129:44">
                                                                                                                                 <ptk:t location="Target:129:44">white-space:nowrap</ptk:t>
                                                                                                                              </ptk:l>
                                                                                                                           </value>
                                                                                                                        </WtXmlAttribute>
                                                                                                                     </ptk:l>
                                                                                                                  </xmlAttributes>
                                                                                                                  <body>
                                                                                                                     <ptk:l>
                                                                                                                        <ptk:t>
</ptk:t>
                                                                                                                        <WtInternalLink>
                                                                                                                           <rtd>c3EAfgAjdXEAfgAnAAAAA3VxAH4AKQAAAAFxAH4BVnEAfgC6dXEAfgApAAAAAXEAfgFY</rtd>
                                                                                                                           <prefix/>
                                                                                                                           <postfix/>
                                                                                                                           <target>
                                                                                                                              <WtPageName location="Target:130:3">
                                                                                                                                 <content> بوتسوانا </content>
                                                                                                                                 <rtd null="true"/>
                                                                                                                              </WtPageName>
                                                                                                                           </target>
                                                                                                                           <title>
                                                                                                                              <ptk:l>
                                                                                                                                 <ptk:t location="Target:130:14">بوتسوانا</ptk:t>
                                                                                                                              </ptk:l>
                                                                                                                           </title>
                                                                                                                        </WtInternalLink>
                                                                                                                        <WtXmlEntityRef location="Target:130:25">
                                                                                                                           <rtd>c3EAfgAjdXEAfgAnAAAAAXVxAH4AKQAAAAF0AAYmbmJzcDs=</rtd>
                                                                                                                           <name>nbsp</name>
                                                                                                                           <resolved> </resolved>
                                                                                                                        </WtXmlEntityRef>
                                                                                                                        <ptk:t location="Target:130:30">•</ptk:t>
                                                                                                                     </ptk:l>
                                                                                                                  </body>
                                                                                                               </WtXmlElement>
                                                                                                               <ptk:t location="Target:130:38"> </ptk:t>
                                                                                                               <WtXmlElement>
                                                                                                                  <rtd>c3EAfgAjdXEAfgAnAAAAA3VxAH4AKQAAAAF0AAU8c3BhbnVxAH4AKQAAAAF0AAE+dXEAfgApAAAAAXQABzwvc3Bhbj4=</rtd>
                                                                                                                  <name>span</name>
                                                                                                                  <xmlAttributes>
                                                                                                                     <ptk:l location="Target:130:44">
                                                                                                                        <WtXmlAttribute location="Target:130:44">
                                                                                                                           <rtd>c3EAfgAjdXEAfgAnAAAAAnVxAH4AKQAAAAF0AAggc3R5bGU9InVxAH4AKQAAAAF0AAEi</rtd>
                                                                                                                           <name>style</name>
                                                                                                                           <value>
                                                                                                                              <ptk:l location="Target:130:52">
                                                                                                                                 <ptk:t location="Target:130:52">white-space:nowrap</ptk:t>
                                                                                                                              </ptk:l>
                                                                                                                           </value>
                                                                                                                        </WtXmlAttribute>
                                                                                                                     </ptk:l>
                                                                                                                  </xmlAttributes>
                                                                                                                  <body>
                                                                                                                     <ptk:l>
                                                                                                                        <ptk:t>
</ptk:t>
                                                                                                                        <WtInternalLink>
                                                                                                                           <rtd>c3EAfgAjdXEAfgAnAAAAA3VxAH4AKQAAAAFxAH4BVnEAfgC6dXEAfgApAAAAAXEAfgFY</rtd>
                                                                                                                           <prefix/>
                                                                                                                           <postfix/>
                                                                                                                           <target>
                                                                                                                              <WtPageName location="Target:131:3">
                                                                                                                                 <content> بوركينا فاسو </content>
                                                                                                                                 <rtd null="true"/>
                                                                                                                              </WtPageName>
                                                                                                                           </target>
                                                                                                                           <title>
                                                                                                                              <ptk:l>
                                                                                                                                 <ptk:t location="Target:131:18">بوركينا فاسو</ptk:t>
                                                                                                                              </ptk:l>
                                                                                                                           </title>
                                                                                                                        </WtInternalLink>
                                                                                                                        <WtXmlEntityRef location="Target:131:33">
                                                                                                                           <rtd>c3EAfgAjdXEAfgAnAAAAAXVxAH4AKQAAAAF0AAYmbmJzcDs=</rtd>
                                                                                                                           <name>nbsp</name>
                                                                                                                           <resolved> </resolved>
                                                                                                                        </WtXmlEntityRef>
                                                                                                                        <ptk:t location="Target:131:38">•</ptk:t>
                                                                                                                     </ptk:l>
                                                                                                                  </body>
                                                                                                               </WtXmlElement>
                                                                                                               <ptk:t location="Target:131:46"> </ptk:t>
                                                                                                               <WtXmlElement>
                                                                                                                  <rtd>c3EAfgAjdXEAfgAnAAAAA3VxAH4AKQAAAAF0AAU8c3BhbnVxAH4AKQAAAAF0AAE+dXEAfgApAAAAAXQABzwvc3Bhbj4=</rtd>
                                                                                                                  <name>span</name>
                                                                                                                  <xmlAttributes>
                                                                                                                     <ptk:l location="Target:131:52">
                                                                                                                        <WtXmlAttribute location="Target:131:52">
                                                                                                                           <rtd>c3EAfgAjdXEAfgAnAAAAAnVxAH4AKQAAAAF0AAggc3R5bGU9InVxAH4AKQAAAAF0AAEi</rtd>
                                                                                                                           <name>style</name>
                                                                                                                           <value>
                                                                                                                              <ptk:l location="Target:131:60">
                                                                                                                                 <ptk:t location="Target:131:60">white-space:nowrap</ptk:t>
                                                                                                                              </ptk:l>
                                                                                                                           </value>
                                                                                                                        </WtXmlAttribute>
                                                                                                                     </ptk:l>
                                                                                                                  </xmlAttributes>
                                                                                                                  <body>
                                                                                                                     <ptk:l>
                                                                                                                        <ptk:t>
</ptk:t>
                                                                                                                        <WtInternalLink>
                                                                                                                           <rtd>c3EAfgAjdXEAfgAnAAAAA3VxAH4AKQAAAAFxAH4BVnEAfgC6dXEAfgApAAAAAXEAfgFY</rtd>
                                                                                                                           <prefix/>
                                                                                                                           <postfix/>
                                                                                                                           <target>
                                                                                                                              <WtPageName location="Target:132:3">
                                                                                                                                 <content> بوروندى </content>
                                                                                                                                 <rtd null="true"/>
                                                                                                                              </WtPageName>
                                                                                                                           </target>
                                                                                                                           <title>
                                                                                                                              <ptk:l>
                                                                                                                                 <ptk:t location="Target:132:13">بوروندى</ptk:t>
                                                                                                                              </ptk:l>
                                                                                                                           </title>
                                                                                                                        </WtInternalLink>
                                                                                                                        <WtXmlEntityRef location="Target:132:23">
                                                                                                                           <rtd>c3EAfgAjdXEAfgAnAAAAAXVxAH4AKQAAAAF0AAYmbmJzcDs=</rtd>
                                                                                                                           <name>nbsp</name>
                                                                                                                           <resolved> </resolved>
                                                                                                                        </WtXmlEntityRef>
                                                                                                                        <ptk:t location="Target:132:28">•</ptk:t>
                                                                                                                     </ptk:l>
                                                                                                                  </body>
                                                                                                               </WtXmlElement>
                                                                                                               <ptk:t location="Target:132:36"> </ptk:t>
                                                                                                               <WtXmlElement>
                                                                                                                  <rtd>c3EAfgAjdXEAfgAnAAAAA3VxAH4AKQAAAAF0AAU8c3BhbnVxAH4AKQAAAAF0AAE+dXEAfgApAAAAAXQABzwvc3Bhbj4=</rtd>
                                                                                                                  <name>span</name>
                                                                                                                  <xmlAttributes>
                                                                                                                     <ptk:l location="Target:132:42">
                                                                                                                        <WtXmlAttribute location="Target:132:42">
                                                                                                                           <rtd>c3EAfgAjdXEAfgAnAAAAAnVxAH4AKQAAAAF0AAggc3R5bGU9InVxAH4AKQAAAAF0AAEi</rtd>
                                                                                                                           <name>style</name>
                                                                                                                           <value>
                                                                                                                              <ptk:l location="Target:132:50">
                                                                                                                                 <ptk:t location="Target:132:50">white-space:nowrap</ptk:t>
                                                                                                                              </ptk:l>
                                                                                                                           </value>
                                                                                                                        </WtXmlAttribute>
                                                                                                                     </ptk:l>
                                                                                                                  </xmlAttributes>
                                                                                                                  <body>
                                                                                                                     <ptk:l>
                                                                                                                        <ptk:t>
</ptk:t>
                                                                                                                        <WtInternalLink>
                                                                                                                           <rtd>c3EAfgAjdXEAfgAnAAAAA3VxAH4AKQAAAAFxAH4BVnEAfgC6dXEAfgApAAAAAXEAfgFY</rtd>
                                                                                                                           <prefix/>
                                                                                                                           <postfix/>
                                                                                                                           <target>
                                                                                                                              <WtPageName location="Target:133:3">
                                                                                                                                 <content> الكاميرون </content>
                                                                                                                                 <rtd null="true"/>
                                                                                                                              </WtPageName>
                                                                                                                           </target>
                                                                                                                           <title>
                                                                                                                              <ptk:l>
                                                                                                                                 <ptk:t location="Target:133:15">الكاميرون</ptk:t>
                                                                                                                              </ptk:l>
                                                                                                                           </title>
                                                                                                                        </WtInternalLink>
                                                                                                                        <WtXmlEntityRef location="Target:133:27">
                                                                                                                           <rtd>c3EAfgAjdXEAfgAnAAAAAXVxAH4AKQAAAAF0AAYmbmJzcDs=</rtd>
                                                                                                                           <name>nbsp</name>
                                                                                                                           <resolved> </resolved>
                                                                                                                        </WtXmlEntityRef>
                                                                                                                        <ptk:t location="Target:133:32">•</ptk:t>
                                                                                                                     </ptk:l>
                                                                                                                  </body>
                                                                                                               </WtXmlElement>
                                                                                                               <ptk:t location="Target:133:40"> </ptk:t>
                                                                                                               <WtXmlElement>
                                                                                                                  <rtd>c3EAfgAjdXEAfgAnAAAAA3VxAH4AKQAAAAF0AAU8c3BhbnVxAH4AKQAAAAF0AAE+dXEAfgApAAAAAXQABzwvc3Bhbj4=</rtd>
                                                                                                                  <name>span</name>
                                                                                                                  <xmlAttributes>
                                                                                                                     <ptk:l location="Target:133:46">
                                                                                                                        <WtXmlAttribute location="Target:133:46">
                                                                                                                           <rtd>c3EAfgAjdXEAfgAnAAAAAnVxAH4AKQAAAAF0AAggc3R5bGU9InVxAH4AKQAAAAF0AAEi</rtd>
                                                                                                                           <name>style</name>
                                                                                                                           <value>
                                                                                                                              <ptk:l location="Target:133:54">
                                                                                                                                 <ptk:t location="Target:133:54">white-space:nowrap</ptk:t>
                                                                                                                              </ptk:l>
                                                                                                                           </value>
                                                                                                                        </WtXmlAttribute>
                                                                                                                     </ptk:l>
                                                                                                                  </xmlAttributes>
                                                                                                                  <body>
                                                                                                                     <ptk:l>
                                                                                                                        <ptk:t>
</ptk:t>
                                                                                                                        <WtInternalLink>
                                                                                                                           <rtd>c3EAfgAjdXEAfgAnAAAAA3VxAH4AKQAAAAFxAH4BVnEAfgC6dXEAfgApAAAAAXEAfgFY</rtd>
                                                                                                                           <prefix/>
                                                                                                                           <postfix/>
                                                                                                                           <target>
                                                                                                                              <WtPageName location="Target:134:3">
                                                                                                                                 <content> ‏كيب ڤيردى </content>
                                                                                                                                 <rtd null="true"/>
                                                                                                                              </WtPageName>
                                                                                                                           </target>
                                                                                                                           <title>
                                                                                                                              <ptk:l>
                                                                                                                                 <ptk:t location="Target:134:16">‏كيب ڤيردى</ptk:t>
                                                                                                                              </ptk:l>
                                                                                                                           </title>
                                                                                                                        </WtInternalLink>
                                                                                                                        <WtXmlEntityRef location="Target:134:29">
                                                                                                                           <rtd>c3EAfgAjdXEAfgAnAAAAAXVxAH4AKQAAAAF0AAYmbmJzcDs=</rtd>
                                                                                                                           <name>nbsp</name>
                                                                                                                           <resolved> </resolved>
                                                                                                                        </WtXmlEntityRef>
                                                                                                                        <ptk:t location="Target:134:34">•</ptk:t>
                                                                                                                     </ptk:l>
                                                                                                                  </body>
                                                                                                               </WtXmlElement>
                                                                                                               <ptk:t location="Target:134:42"> </ptk:t>
                                                                                                               <WtXmlElement>
                                                                                                                  <rtd>c3EAfgAjdXEAfgAnAAAAA3VxAH4AKQAAAAF0AAU8c3BhbnVxAH4AKQAAAAF0AAE+dXEAfgApAAAAAXQABzwvc3Bhbj4=</rtd>
                                                                                                                  <name>span</name>
                                                                                                                  <xmlAttributes>
                                                                                                                     <ptk:l location="Target:134:48">
                                                                                                                        <WtXmlAttribute location="Target:134:48">
                                                                                                                           <rtd>c3EAfgAjdXEAfgAnAAAAAnVxAH4AKQAAAAF0AAggc3R5bGU9InVxAH4AKQAAAAF0AAEi</rtd>
                                                                                                                           <name>style</name>
                                                                                                                           <value>
                                                                                                                              <ptk:l location="Target:134:56">
                                                                                                                                 <ptk:t location="Target:134:56">white-space:nowrap</ptk:t>
                                                                                                                              </ptk:l>
                                                                                                                           </value>
                                                                                                                        </WtXmlAttribute>
                                                                                                                     </ptk:l>
                                                                                                                  </xmlAttributes>
                                                                                                                  <body>
                                                                                                                     <ptk:l>
                                                                                                                        <ptk:t>
</ptk:t>
                                                                                                                        <WtInternalLink>
                                                                                                                           <rtd>c3EAfgAjdXEAfgAnAAAAA3VxAH4AKQAAAAFxAH4BVnEAfgC6dXEAfgApAAAAAXEAfgFY</rtd>
                                                                                                                           <prefix/>
                                                                                                                           <postfix/>
                                                                                                                           <target>
                                                                                                                              <WtPageName location="Target:135:3">
                                                                                                                                 <content> افريقيا الوسطى </content>
                                                                                                                                 <rtd null="true"/>
                                                                                                                              </WtPageName>
                                                                                                                           </target>
                                                                                                                           <title>
                                                                                                                              <ptk:l>
                                                                                                                                 <ptk:t location="Target:135:20">افريقيا الوسطى</ptk:t>
                                                                                                                              </ptk:l>
                                                                                                                           </title>
                                                                                                                        </WtInternalLink>
                                                                                                                        <WtXmlEntityRef location="Target:135:37">
                                                                                                                           <rtd>c3EAfgAjdXEAfgAnAAAAAXVxAH4AKQAAAAF0AAYmbmJzcDs=</rtd>
                                                                                                                           <name>nbsp</name>
                                                                                                                           <resolved> </resolved>
                                                                                                                        </WtXmlEntityRef>
                                                                                                                        <ptk:t location="Target:135:42">•</ptk:t>
                                                                                                                     </ptk:l>
                                                                                                                  </body>
                                                                                                               </WtXmlElement>
                                                                                                               <ptk:t location="Target:135:50"> </ptk:t>
                                                                                                               <WtXmlElement>
                                                                                                                  <rtd>c3EAfgAjdXEAfgAnAAAAA3VxAH4AKQAAAAF0AAU8c3BhbnVxAH4AKQAAAAF0AAE+dXEAfgApAAAAAXQABzwvc3Bhbj4=</rtd>
                                                                                                                  <name>span</name>
                                                                                                                  <xmlAttributes>
                                                                                                                     <ptk:l location="Target:135:56">
                                                                                                                        <WtXmlAttribute location="Target:135:56">
                                                                                                                           <rtd>c3EAfgAjdXEAfgAnAAAAAnVxAH4AKQAAAAF0AAggc3R5bGU9InVxAH4AKQAAAAF0AAEi</rtd>
                                                                                                                           <name>style</name>
                                                                                                                           <value>
                                                                                                                              <ptk:l location="Target:135:64">
                                                                                                                                 <ptk:t location="Target:135:64">white-space:nowrap</ptk:t>
                                                                                                                              </ptk:l>
                                                                                                                           </value>
                                                                                                                        </WtXmlAttribute>
                                                                                                                     </ptk:l>
                                                                                                                  </xmlAttributes>
                                                                                                                  <body>
                                                                                                                     <ptk:l>
                                                                                                                        <ptk:t>
</ptk:t>
                                                                                                                        <WtInternalLink>
                                                                                                                           <rtd>c3EAfgAjdXEAfgAnAAAAA3VxAH4AKQAAAAFxAH4BVnEAfgC6dXEAfgApAAAAAXEAfgFY</rtd>
                                                                                                                           <prefix/>
                                                                                                                           <postfix/>
                                                                                                                           <target>
                                                                                                                              <WtPageName location="Target:136:3">
                                                                                                                                 <content> تشاد </content>
                                                                                                                                 <rtd null="true"/>
                                                                                                                              </WtPageName>
                                                                                                                           </target>
                                                                                                                           <title>
                                                                                                                              <ptk:l>
                                                                                                                                 <ptk:t location="Target:136:10">تشاد</ptk:t>
                                                                                                                              </ptk:l>
                                                                                                                           </title>
                                                                                                                        </WtInternalLink>
                                                                                                                        <WtXmlEntityRef location="Target:136:17">
                                                                                                                           <rtd>c3EAfgAjdXEAfgAnAAAAAXVxAH4AKQAAAAF0AAYmbmJzcDs=</rtd>
                                                                                                                           <name>nbsp</name>
                                                                                                                           <resolved> </resolved>
                                                                                                                        </WtXmlEntityRef>
                                                                                                                        <ptk:t location="Target:136:22">•</ptk:t>
                                                                                                                     </ptk:l>
                                                                                                                  </body>
                                                                                                               </WtXmlElement>
                                                                                                               <ptk:t location="Target:136:30"> </ptk:t>
                                                                                                               <WtXmlElement>
                                                                                                                  <rtd>c3EAfgAjdXEAfgAnAAAAA3VxAH4AKQAAAAF0AAU8c3BhbnVxAH4AKQAAAAF0AAE+dXEAfgApAAAAAXQABzwvc3Bhbj4=</rtd>
                                                                                                                  <name>span</name>
                                                                                                                  <xmlAttributes>
                                                                                                                     <ptk:l location="Target:136:36">
                                                                                                                        <WtXmlAttribute location="Target:136:36">
                                                                                                                           <rtd>c3EAfgAjdXEAfgAnAAAAAnVxAH4AKQAAAAF0AAggc3R5bGU9InVxAH4AKQAAAAF0AAEi</rtd>
                                                                                                                           <name>style</name>
                                                                                                                           <value>
                                                                                                                              <ptk:l location="Target:136:44">
                                                                                                                                 <ptk:t location="Target:136:44">white-space:nowrap</ptk:t>
                                                                                                                              </ptk:l>
                                                                                                                           </value>
                                                                                                                        </WtXmlAttribute>
                                                                                                                     </ptk:l>
                                                                                                                  </xmlAttributes>
                                                                                                                  <body>
                                                                                                                     <ptk:l>
                                                                                                                        <ptk:t>
</ptk:t>
                                                                                                                        <WtInternalLink>
                                                                                                                           <rtd>c3EAfgAjdXEAfgAnAAAAA3VxAH4AKQAAAAFxAH4BVnEAfgC6dXEAfgApAAAAAXEAfgFY</rtd>
                                                                                                                           <prefix/>
                                                                                                                           <postfix/>
                                                                                                                           <target>
                                                                                                                              <WtPageName location="Target:137:3">
                                                                                                                                 <content> جزر القمر </content>
                                                                                                                                 <rtd null="true"/>
                                                                                                                              </WtPageName>
                                                                                                                           </target>
                                                                                                                           <title>
                                                                                                                              <ptk:l>
                                                                                                                                 <ptk:t location="Target:137:15">جزر القمر</ptk:t>
                                                                                                                              </ptk:l>
                                                                                                                           </title>
                                                                                                                        </WtInternalLink>
                                                                                                                        <WtXmlEntityRef location="Target:137:27">
                                                                                                                           <rtd>c3EAfgAjdXEAfgAnAAAAAXVxAH4AKQAAAAF0AAYmbmJzcDs=</rtd>
                                                                                                                           <name>nbsp</name>
                                                                                                                           <resolved> </resolved>
                                                                                                                        </WtXmlEntityRef>
                                                                                                                        <ptk:t location="Target:137:32">•</ptk:t>
                                                                                                                     </ptk:l>
                                                                                                                  </body>
                                                                                                               </WtXmlElement>
                                                                                                               <ptk:t location="Target:137:40"> </ptk:t>
                                                                                                               <WtXmlElement>
                                                                                                                  <rtd>c3EAfgAjdXEAfgAnAAAAA3VxAH4AKQAAAAF0AAU8c3BhbnVxAH4AKQAAAAF0AAE+dXEAfgApAAAAAXQABzwvc3Bhbj4=</rtd>
                                                                                                                  <name>span</name>
                                                                                                                  <xmlAttributes>
                                                                                                                     <ptk:l location="Target:137:46">
                                                                                                                        <WtXmlAttribute location="Target:137:46">
                                                                                                                           <rtd>c3EAfgAjdXEAfgAnAAAAAnVxAH4AKQAAAAF0AAggc3R5bGU9InVxAH4AKQAAAAF0AAEi</rtd>
                                                                                                                           <name>style</name>
                                                                                                                           <value>
                                                                                                                              <ptk:l location="Target:137:54">
                                                                                                                                 <ptk:t location="Target:137:54">white-space:nowrap</ptk:t>
                                                                                                                              </ptk:l>
                                                                                                                           </value>
                                                                                                                        </WtXmlAttribute>
                                                                                                                     </ptk:l>
                                                                                                                  </xmlAttributes>
                                                                                                                  <body>
                                                                                                                     <ptk:l>
                                                                                                                        <ptk:t>
</ptk:t>
                                                                                                                        <WtInternalLink>
                                                                                                                           <rtd>c3EAfgAjdXEAfgAnAAAAA3VxAH4AKQAAAAFxAH4BVnEAfgC6dXEAfgApAAAAAXEAfgFY</rtd>
                                                                                                                           <prefix/>
                                                                                                                           <postfix/>
                                                                                                                           <target>
                                                                                                                              <WtPageName location="Target:138:3">
                                                                                                                                 <content> جمهورية كونجو الديموقراطيه </content>
                                                                                                                                 <rtd null="true"/>
                                                                                                                              </WtPageName>
                                                                                                                           </target>
                                                                                                                           <title>
                                                                                                                              <ptk:l>
                                                                                                                                 <ptk:t location="Target:138:32">جمهورية كونجو الديموقراطيه</ptk:t>
                                                                                                                              </ptk:l>
                                                                                                                           </title>
                                                                                                                        </WtInternalLink>
                                                                                                                        <WtXmlEntityRef location="Target:138:61">
                                                                                                                           <rtd>c3EAfgAjdXEAfgAnAAAAAXVxAH4AKQAAAAF0AAYmbmJzcDs=</rtd>
                                                                                                                           <name>nbsp</name>
                                                                                                                           <resolved> </resolved>
                                                                                                                        </WtXmlEntityRef>
                                                                                                                        <ptk:t location="Target:138:66">•</ptk:t>
                                                                                                                     </ptk:l>
                                                                                                                  </body>
                                                                                                               </WtXmlElement>
                                                                                                               <ptk:t location="Target:138:74"> </ptk:t>
                                                                                                               <WtXmlElement>
                                                                                                                  <rtd>c3EAfgAjdXEAfgAnAAAAA3VxAH4AKQAAAAF0AAU8c3BhbnVxAH4AKQAAAAF0AAE+dXEAfgApAAAAAXQABzwvc3Bhbj4=</rtd>
                                                                                                                  <name>span</name>
                                                                                                                  <xmlAttributes>
                                                                                                                     <ptk:l location="Target:138:80">
                                                                                                                        <WtXmlAttribute location="Target:138:80">
                                                                                                                           <rtd>c3EAfgAjdXEAfgAnAAAAAnVxAH4AKQAAAAF0AAggc3R5bGU9InVxAH4AKQAAAAF0AAEi</rtd>
                                                                                                                           <name>style</name>
                                                                                                                           <value>
                                                                                                                              <ptk:l location="Target:138:88">
                                                                                                                                 <ptk:t location="Target:138:88">white-space:nowrap</ptk:t>
                                                                                                                              </ptk:l>
                                                                                                                           </value>
                                                                                                                        </WtXmlAttribute>
                                                                                                                     </ptk:l>
                                                                                                                  </xmlAttributes>
                                                                                                                  <body>
                                                                                                                     <ptk:l>
                                                                                                                        <ptk:t>
</ptk:t>
                                                                                                                        <WtInternalLink>
                                                                                                                           <rtd>c3EAfgAjdXEAfgAnAAAAA3VxAH4AKQAAAAFxAH4BVnEAfgC6dXEAfgApAAAAAXEAfgFY</rtd>
                                                                                                                           <prefix/>
                                                                                                                           <postfix/>
                                                                                                                           <target>
                                                                                                                              <WtPageName location="Target:139:3">
                                                                                                                                 <content> الكونجو </content>
                                                                                                                                 <rtd null="true"/>
                                                                                                                              </WtPageName>
                                                                                                                           </target>
                                                                                                                           <title>
                                                                                                                              <ptk:l>
                                                                                                                                 <ptk:t location="Target:139:13">الكونجو</ptk:t>
                                                                                                                              </ptk:l>
                                                                                                                           </title>
                                                                                                                        </WtInternalLink>
                                                                                                                        <WtXmlEntityRef location="Target:139:23">
                                                                                                                           <rtd>c3EAfgAjdXEAfgAnAAAAAXVxAH4AKQAAAAF0AAYmbmJzcDs=</rtd>
                                                                                                                           <name>nbsp</name>
                                                                                                                           <resolved> </resolved>
                                                                                                                        </WtXmlEntityRef>
                                                                                                                        <ptk:t location="Target:139:28">•</ptk:t>
                                                                                                                     </ptk:l>
                                                                                                                  </body>
                                                                                                               </WtXmlElement>
                                                                                                               <ptk:t location="Target:139:36"> </ptk:t>
                                                                                                               <WtXmlElement>
                                                                                                                  <rtd>c3EAfgAjdXEAfgAnAAAAA3VxAH4AKQAAAAF0AAU8c3BhbnVxAH4AKQAAAAF0AAE+dXEAfgApAAAAAXQABzwvc3Bhbj4=</rtd>
                                                                                                                  <name>span</name>
                                                                                                                  <xmlAttributes>
                                                                                                                     <ptk:l location="Target:139:42">
                                                                                                                        <WtXmlAttribute location="Target:139:42">
                                                                                                                           <rtd>c3EAfgAjdXEAfgAnAAAAAnVxAH4AKQAAAAF0AAggc3R5bGU9InVxAH4AKQAAAAF0AAEi</rtd>
                                                                                                                           <name>style</name>
                                                                                                                           <value>
                                                                                                                              <ptk:l location="Target:139:50">
                                                                                                                                 <ptk:t location="Target:139:50">white-space:nowrap</ptk:t>
                                                                                                                              </ptk:l>
                                                                                                                           </value>
                                                                                                                        </WtXmlAttribute>
                                                                                                                     </ptk:l>
                                                                                                                  </xmlAttributes>
                                                                                                                  <body>
                                                                                                                     <ptk:l>
                                                                                                                        <ptk:t>
</ptk:t>
                                                                                                                        <WtInternalLink>
                                                                                                                           <rtd>c3EAfgAjdXEAfgAnAAAAA3VxAH4AKQAAAAFxAH4BVnEAfgC6dXEAfgApAAAAAXEAfgFY</rtd>
                                                                                                                           <prefix/>
                                                                                                                           <postfix/>
                                                                                                                           <target>
                                                                                                                              <WtPageName location="Target:140:3">
                                                                                                                                 <content> كوت ديفوار </content>
                                                                                                                                 <rtd null="true"/>
                                                                                                                              </WtPageName>
                                                                                                                           </target>
                                                                                                                           <title>
                                                                                                                              <ptk:l>
                                                                                                                                 <ptk:t location="Target:140:16">كوت ديفوار</ptk:t>
                                                                                                                              </ptk:l>
                                                                                                                           </title>
                                                                                                                        </WtInternalLink>
                                                                                                                        <WtXmlEntityRef location="Target:140:29">
                                                                                                                           <rtd>c3EAfgAjdXEAfgAnAAAAAXVxAH4AKQAAAAF0AAYmbmJzcDs=</rtd>
                                                                                                                           <name>nbsp</name>
                                                                                                                           <resolved> </resolved>
                                                                                                                        </WtXmlEntityRef>
                                                                                                                        <ptk:t location="Target:140:34">•</ptk:t>
                                                                                                                     </ptk:l>
                                                                                                                  </body>
                                                                                                               </WtXmlElement>
                                                                                                               <ptk:t location="Target:140:42"> </ptk:t>
                                                                                                               <WtXmlElement>
                                                                                                                  <rtd>c3EAfgAjdXEAfgAnAAAAA3VxAH4AKQAAAAF0AAU8c3BhbnVxAH4AKQAAAAF0AAE+dXEAfgApAAAAAXQABzwvc3Bhbj4=</rtd>
                                                                                                                  <name>span</name>
                                                                                                                  <xmlAttributes>
                                                                                                                     <ptk:l location="Target:140:48">
                                                                                                                        <WtXmlAttribute location="Target:140:48">
                                                                                                                           <rtd>c3EAfgAjdXEAfgAnAAAAAnVxAH4AKQAAAAF0AAggc3R5bGU9InVxAH4AKQAAAAF0AAEi</rtd>
                                                                                                                           <name>style</name>
                                                                                                                           <value>
                                                                                                                              <ptk:l location="Target:140:56">
                                                                                                                                 <ptk:t location="Target:140:56">white-space:nowrap</ptk:t>
                                                                                                                              </ptk:l>
                                                                                                                           </value>
                                                                                                                        </WtXmlAttribute>
                                                                                                                     </ptk:l>
                                                                                                                  </xmlAttributes>
                                                                                                                  <body>
                                                                                                                     <ptk:l>
                                                                                                                        <ptk:t>
</ptk:t>
                                                                                                                        <WtInternalLink>
                                                                                                                           <rtd>c3EAfgAjdXEAfgAnAAAAA3VxAH4AKQAAAAFxAH4BVnEAfgC6dXEAfgApAAAAAXEAfgFY</rtd>
                                                                                                                           <prefix/>
                                                                                                                           <postfix/>
                                                                                                                           <target>
                                                                                                                              <WtPageName location="Target:141:3">
                                                                                                                                 <content> جيبوتى </content>
                                                                                                                                 <rtd null="true"/>
                                                                                                                              </WtPageName>
                                                                                                                           </target>
                                                                                                                           <title>
                                                                                                                              <ptk:l>
                                                                                                                                 <ptk:t location="Target:141:12">جيبوتى</ptk:t>
                                                                                                                              </ptk:l>
                                                                                                                           </title>
                                                                                                                        </WtInternalLink>
                                                                                                                        <WtXmlEntityRef location="Target:141:21">
                                                                                                                           <rtd>c3EAfgAjdXEAfgAnAAAAAXVxAH4AKQAAAAF0AAYmbmJzcDs=</rtd>
                                                                                                                           <name>nbsp</name>
                                                                                                                           <resolved> </resolved>
                                                                                                                        </WtXmlEntityRef>
                                                                                                                        <ptk:t location="Target:141:26">•</ptk:t>
                                                                                                                     </ptk:l>
                                                                                                                  </body>
                                                                                                               </WtXmlElement>
                                                                                                               <ptk:t location="Target:141:34"> </ptk:t>
                                                                                                               <WtXmlElement>
                                                                                                                  <rtd>c3EAfgAjdXEAfgAnAAAAA3VxAH4AKQAAAAF0AAU8c3BhbnVxAH4AKQAAAAF0AAE+dXEAfgApAAAAAXQABzwvc3Bhbj4=</rtd>
                                                                                                                  <name>span</name>
                                                                                                                  <xmlAttributes>
                                                                                                                     <ptk:l location="Target:141:40">
                                                                                                                        <WtXmlAttribute location="Target:141:40">
                                                                                                                           <rtd>c3EAfgAjdXEAfgAnAAAAAnVxAH4AKQAAAAF0AAggc3R5bGU9InVxAH4AKQAAAAF0AAEi</rtd>
                                                                                                                           <name>style</name>
                                                                                                                           <value>
                                                                                                                              <ptk:l location="Target:141:48">
                                                                                                                                 <ptk:t location="Target:141:48">white-space:nowrap</ptk:t>
                                                                                                                              </ptk:l>
                                                                                                                           </value>
                                                                                                                        </WtXmlAttribute>
                                                                                                                     </ptk:l>
                                                                                                                  </xmlAttributes>
                                                                                                                  <body>
                                                                                                                     <ptk:l>
                                                                                                                        <ptk:t>
</ptk:t>
                                                                                                                        <WtInternalLink>
                                                                                                                           <rtd>c3EAfgAjdXEAfgAnAAAAA3VxAH4AKQAAAAFxAH4BVnEAfgC6dXEAfgApAAAAAXEAfgFY</rtd>
                                                                                                                           <prefix/>
                                                                                                                           <postfix/>
                                                                                                                           <target>
                                                                                                                              <WtPageName location="Target:142:3">
                                                                                                                                 <content> مصر </content>
                                                                                                                                 <rtd null="true"/>
                                                                                                                              </WtPageName>
                                                                                                                           </target>
                                                                                                                           <title>
                                                                                                                              <ptk:l>
                                                                                                                                 <ptk:t location="Target:142:9">مصر</ptk:t>
                                                                                                                              </ptk:l>
                                                                                                                           </title>
                                                                                                                        </WtInternalLink>
                                                                                                                        <WtXmlElement>
                                                                                                                           <rtd>c3EAfgAjdXEAfgAnAAAAA3VxAH4AKQAAAAF0AAQ8c3VwdXEAfgApAAAAAXQAAT51cQB+ACkAAAABdAAGPC9zdXA+</rtd>
                                                                                                                           <name>sup</name>
                                                                                                                           <xmlAttributes>
                                                                                                                              <WtXmlAttributes-WtEmptyXmlAttributes/>
                                                                                                                           </xmlAttributes>
                                                                                                                           <body>
                                                                                                                              <ptk:l>
                                                                                                                                 <WtXmlElement>
                                                                                                                                    <rtd>c3EAfgAjdXEAfgAnAAAAA3VxAH4AKQAAAAF0AAY8c21hbGx1cQB+ACkAAAABdAABPnVxAH4AKQAAAAF0AAg8L3NtYWxsPg==</rtd>
                                                                                                                                    <name>small</name>
                                                                                                                                    <xmlAttributes>
                                                                                                                                       <WtXmlAttributes-WtEmptyXmlAttributes/>
                                                                                                                                    </xmlAttributes>
                                                                                                                                    <body>
                                                                                                                                       <ptk:l>
                                                                                                                                          <ptk:t location="Target:142:26">1</ptk:t>
                                                                                                                                       </ptk:l>
                                                                                                                                    </body>
                                                                                                                                 </WtXmlElement>
                                                                                                                              </ptk:l>
                                                                                                                           </body>
                                                                                                                        </WtXmlElement>
                                                                                                                        <WtXmlEntityRef location="Target:142:42">
                                                                                                                           <rtd>c3EAfgAjdXEAfgAnAAAAAXVxAH4AKQAAAAF0AAYmbmJzcDs=</rtd>
                                                                                                                           <name>nbsp</name>
                                                                                                                           <resolved> </resolved>
                                                                                                                        </WtXmlEntityRef>
                                                                                                                        <ptk:t location="Target:142:47">•</ptk:t>
                                                                                                                     </ptk:l>
                                                                                                                  </body>
                                                                                                               </WtXmlElement>
                                                                                                               <ptk:t location="Target:142:55"> </ptk:t>
                                                                                                               <WtXmlElement>
                                                                                                                  <rtd>c3EAfgAjdXEAfgAnAAAAA3VxAH4AKQAAAAF0AAU8c3BhbnVxAH4AKQAAAAF0AAE+dXEAfgApAAAAAXQABzwvc3Bhbj4=</rtd>
                                                                                                                  <name>span</name>
                                                                                                                  <xmlAttributes>
                                                                                                                     <ptk:l location="Target:142:61">
                                                                                                                        <WtXmlAttribute location="Target:142:61">
                                                                                                                           <rtd>c3EAfgAjdXEAfgAnAAAAAnVxAH4AKQAAAAF0AAggc3R5bGU9InVxAH4AKQAAAAF0AAEi</rtd>
                                                                                                                           <name>style</name>
                                                                                                                           <value>
                                                                                                                              <ptk:l location="Target:142:69">
                                                                                                                                 <ptk:t location="Target:142:69">white-space:nowrap</ptk:t>
                                                                                                                              </ptk:l>
                                                                                                                           </value>
                                                                                                                        </WtXmlAttribute>
                                                                                                                     </ptk:l>
                                                                                                                  </xmlAttributes>
                                                                                                                  <body>
                                                                                                                     <ptk:l>
                                                                                                                        <ptk:t>
</ptk:t>
                                                                                                                        <WtInternalLink>
                                                                                                                           <rtd>c3EAfgAjdXEAfgAnAAAAA3VxAH4AKQAAAAFxAH4BVnEAfgC6dXEAfgApAAAAAXEAfgFY</rtd>
                                                                                                                           <prefix/>
                                                                                                                           <postfix/>
                                                                                                                           <target>
                                                                                                                              <WtPageName location="Target:143:3">
                                                                                                                                 <content> جينيا الاستوائيه </content>
                                                                                                                                 <rtd null="true"/>
                                                                                                                              </WtPageName>
                                                                                                                           </target>
                                                                                                                           <title>
                                                                                                                              <ptk:l>
                                                                                                                                 <ptk:t location="Target:143:22">جينيا الاستوائيه</ptk:t>
                                                                                                                              </ptk:l>
                                                                                                                           </title>
                                                                                                                        </WtInternalLink>
                                                                                                                        <WtXmlEntityRef location="Target:143:41">
                                                                                                                           <rtd>c3EAfgAjdXEAfgAnAAAAAXVxAH4AKQAAAAF0AAYmbmJzcDs=</rtd>
                                                                                                                           <name>nbsp</name>
                                                                                                                           <resolved> </resolved>
                                                                                                                        </WtXmlEntityRef>
                                                                                                                        <ptk:t location="Target:143:46">•</ptk:t>
                                                                                                                     </ptk:l>
                                                                                                                  </body>
                                                                                                               </WtXmlElement>
                                                                                                               <ptk:t location="Target:143:54"> </ptk:t>
                                                                                                               <WtXmlElement>
                                                                                                                  <rtd>c3EAfgAjdXEAfgAnAAAAA3VxAH4AKQAAAAF0AAU8c3BhbnVxAH4AKQAAAAF0AAE+dXEAfgApAAAAAXQABzwvc3Bhbj4=</rtd>
                                                                                                                  <name>span</name>
                                                                                                                  <xmlAttributes>
                                                                                                                     <ptk:l location="Target:143:60">
                                                                                                                        <WtXmlAttribute location="Target:143:60">
                                                                                                                           <rtd>c3EAfgAjdXEAfgAnAAAAAnVxAH4AKQAAAAF0AAggc3R5bGU9InVxAH4AKQAAAAF0AAEi</rtd>
                                                                                                                           <name>style</name>
                                                                                                                           <value>
                                                                                                                              <ptk:l location="Target:143:68">
                                                                                                                                 <ptk:t location="Target:143:68">white-space:nowrap</ptk:t>
                                                                                                                              </ptk:l>
                                                                                                                           </value>
                                                                                                                        </WtXmlAttribute>
                                                                                                                     </ptk:l>
                                                                                                                  </xmlAttributes>
                                                                                                                  <body>
                                                                                                                     <ptk:l>
                                                                                                                        <ptk:t>
</ptk:t>
                                                                                                                        <WtInternalLink>
                                                                                                                           <rtd>c3EAfgAjdXEAfgAnAAAAA3VxAH4AKQAAAAFxAH4BVnEAfgC6dXEAfgApAAAAAXEAfgFY</rtd>
                                                                                                                           <prefix/>
                                                                                                                           <postfix/>
                                                                                                                           <target>
                                                                                                                              <WtPageName location="Target:144:3">
                                                                                                                                 <content> اريتريا </content>
                                                                                                                                 <rtd null="true"/>
                                                                                                                              </WtPageName>
                                                                                                                           </target>
                                                                                                                           <title>
                                                                                                                              <ptk:l>
                                                                                                                                 <ptk:t location="Target:144:13">اريتريا</ptk:t>
                                                                                                                              </ptk:l>
                                                                                                                           </title>
                                                                                                                        </WtInternalLink>
                                                                                                                        <WtXmlEntityRef location="Target:144:23">
                                                                                                                           <rtd>c3EAfgAjdXEAfgAnAAAAAXVxAH4AKQAAAAF0AAYmbmJzcDs=</rtd>
                                                                                                                           <name>nbsp</name>
                                                                                                                           <resolved> </resolved>
                                                                                                                        </WtXmlEntityRef>
                                                                                                                        <ptk:t location="Target:144:28">•</ptk:t>
                                                                                                                     </ptk:l>
                                                                                                                  </body>
                                                                                                               </WtXmlElement>
                                                                                                               <ptk:t location="Target:144:36"> </ptk:t>
                                                                                                               <WtXmlElement>
                                                                                                                  <rtd>c3EAfgAjdXEAfgAnAAAAA3VxAH4AKQAAAAF0AAU8c3BhbnVxAH4AKQAAAAF0AAE+dXEAfgApAAAAAXQABzwvc3Bhbj4=</rtd>
                                                                                                                  <name>span</name>
                                                                                                                  <xmlAttributes>
                                                                                                                     <ptk:l location="Target:144:42">
                                                                                                                        <WtXmlAttribute location="Target:144:42">
                                                                                                                           <rtd>c3EAfgAjdXEAfgAnAAAAAnVxAH4AKQAAAAF0AAggc3R5bGU9InVxAH4AKQAAAAF0AAEi</rtd>
                                                                                                                           <name>style</name>
                                                                                                                           <value>
                                                                                                                              <ptk:l location="Target:144:50">
                                                                                                                                 <ptk:t location="Target:144:50">white-space:nowrap</ptk:t>
                                                                                                                              </ptk:l>
                                                                                                                           </value>
                                                                                                                        </WtXmlAttribute>
                                                                                                                     </ptk:l>
                                                                                                                  </xmlAttributes>
                                                                                                                  <body>
                                                                                                                     <ptk:l>
                                                                                                                        <ptk:t>
</ptk:t>
                                                                                                                        <WtInternalLink>
                                                                                                                           <rtd>c3EAfgAjdXEAfgAnAAAAA3VxAH4AKQAAAAFxAH4BVnEAfgC6dXEAfgApAAAAAXEAfgFY</rtd>
                                                                                                                           <prefix/>
                                                                                                                           <postfix/>
                                                                                                                           <target>
                                                                                                                              <WtPageName location="Target:145:3">
                                                                                                                                 <content> اثيوبيا </content>
                                                                                                                                 <rtd null="true"/>
                                                                                                                              </WtPageName>
                                                                                                                           </target>
                                                                                                                           <title>
                                                                                                                              <ptk:l>
                                                                                                                                 <ptk:t location="Target:145:13">اثيوبيا</ptk:t>
                                                                                                                              </ptk:l>
                                                                                                                           </title>
                                                                                                                        </WtInternalLink>
                                                                                                                        <WtXmlEntityRef location="Target:145:23">
                                                                                                                           <rtd>c3EAfgAjdXEAfgAnAAAAAXVxAH4AKQAAAAF0AAYmbmJzcDs=</rtd>
                                                                                                                           <name>nbsp</name>
                                                                                                                           <resolved> </resolved>
                                                                                                                        </WtXmlEntityRef>
                                                                                                                        <ptk:t location="Target:145:28">•</ptk:t>
                                                                                                                     </ptk:l>
                                                                                                                  </body>
                                                                                                               </WtXmlElement>
                                                                                                               <ptk:t location="Target:145:36"> </ptk:t>
                                                                                                               <WtXmlElement>
                                                                                                                  <rtd>c3EAfgAjdXEAfgAnAAAAA3VxAH4AKQAAAAF0AAU8c3BhbnVxAH4AKQAAAAF0AAE+dXEAfgApAAAAAXQABzwvc3Bhbj4=</rtd>
                                                                                                                  <name>span</name>
                                                                                                                  <xmlAttributes>
                                                                                                                     <ptk:l location="Target:145:42">
                                                                                                                        <WtXmlAttribute location="Target:145:42">
                                                                                                                           <rtd>c3EAfgAjdXEAfgAnAAAAAnVxAH4AKQAAAAF0AAggc3R5bGU9InVxAH4AKQAAAAF0AAEi</rtd>
                                                                                                                           <name>style</name>
                                                                                                                           <value>
                                                                                                                              <ptk:l location="Target:145:50">
                                                                                                                                 <ptk:t location="Target:145:50">white-space:nowrap</ptk:t>
                                                                                                                              </ptk:l>
                                                                                                                           </value>
                                                                                                                        </WtXmlAttribute>
                                                                                                                     </ptk:l>
                                                                                                                  </xmlAttributes>
                                                                                                                  <body>
                                                                                                                     <ptk:l>
                                                                                                                        <ptk:t>
</ptk:t>
                                                                                                                        <WtInternalLink>
                                                                                                                           <rtd>c3EAfgAjdXEAfgAnAAAAA3VxAH4AKQAAAAFxAH4BVnEAfgC6dXEAfgApAAAAAXEAfgFY</rtd>
                                                                                                                           <prefix/>
                                                                                                                           <postfix/>
                                                                                                                           <target>
                                                                                                                              <WtPageName location="Target:146:3">
                                                                                                                                 <content> الجابون </content>
                                                                                                                                 <rtd null="true"/>
                                                                                                                              </WtPageName>
                                                                                                                           </target>
                                                                                                                           <title>
                                                                                                                              <ptk:l>
                                                                                                                                 <ptk:t location="Target:146:13">الجابون</ptk:t>
                                                                                                                              </ptk:l>
                                                                                                                           </title>
                                                                                                                        </WtInternalLink>
                                                                                                                        <WtXmlEntityRef location="Target:146:23">
                                                                                                                           <rtd>c3EAfgAjdXEAfgAnAAAAAXVxAH4AKQAAAAF0AAYmbmJzcDs=</rtd>
                                                                                                                           <name>nbsp</name>
                                                                                                                           <resolved> </resolved>
                                                                                                                        </WtXmlEntityRef>
                                                                                                                        <ptk:t location="Target:146:28">•</ptk:t>
                                                                                                                     </ptk:l>
                                                                                                                  </body>
                                                                                                               </WtXmlElement>
                                                                                                               <ptk:t location="Target:146:36"> </ptk:t>
                                                                                                               <WtXmlElement>
                                                                                                                  <rtd>c3EAfgAjdXEAfgAnAAAAA3VxAH4AKQAAAAF0AAU8c3BhbnVxAH4AKQAAAAF0AAE+dXEAfgApAAAAAXQABzwvc3Bhbj4=</rtd>
                                                                                                                  <name>span</name>
                                                                                                                  <xmlAttributes>
                                                                                                                     <ptk:l location="Target:146:42">
                                                                                                                        <WtXmlAttribute location="Target:146:42">
                                                                                                                           <rtd>c3EAfgAjdXEAfgAnAAAAAnVxAH4AKQAAAAF0AAggc3R5bGU9InVxAH4AKQAAAAF0AAEi</rtd>
                                                                                                                           <name>style</name>
                                                                                                                           <value>
                                                                                                                              <ptk:l location="Target:146:50">
                                                                                                                                 <ptk:t location="Target:146:50">white-space:nowrap</ptk:t>
                                                                                                                              </ptk:l>
                                                                                                                           </value>
                                                                                                                        </WtXmlAttribute>
                                                                                                                     </ptk:l>
                                                                                                                  </xmlAttributes>
                                                                                                                  <body>
                                                                                                                     <ptk:l>
                                                                                                                        <ptk:t>
</ptk:t>
                                                                                                                        <WtInternalLink>
                                                                                                                           <rtd>c3EAfgAjdXEAfgAnAAAAA3VxAH4AKQAAAAFxAH4BVnEAfgC6dXEAfgApAAAAAXEAfgFY</rtd>
                                                                                                                           <prefix/>
                                                                                                                           <postfix/>
                                                                                                                           <target>
                                                                                                                              <WtPageName location="Target:147:3">
                                                                                                                                 <content> جامبيا </content>
                                                                                                                                 <rtd null="true"/>
                                                                                                                              </WtPageName>
                                                                                                                           </target>
                                                                                                                           <title>
                                                                                                                              <ptk:l>
                                                                                                                                 <ptk:t location="Target:147:12">جامبيا</ptk:t>
                                                                                                                              </ptk:l>
                                                                                                                           </title>
                                                                                                                        </WtInternalLink>
                                                                                                                        <WtXmlEntityRef location="Target:147:21">
                                                                                                                           <rtd>c3EAfgAjdXEAfgAnAAAAAXVxAH4AKQAAAAF0AAYmbmJzcDs=</rtd>
                                                                                                                           <name>nbsp</name>
                                                                                                                           <resolved> </resolved>
                                                                                                                        </WtXmlEntityRef>
                                                                                                                        <ptk:t location="Target:147:26">•</ptk:t>
                                                                                                                     </ptk:l>
                                                                                                                  </body>
                                                                                                               </WtXmlElement>
                                                                                                               <ptk:t location="Target:147:34"> </ptk:t>
                                                                                                               <WtXmlElement>
                                                                                                                  <rtd>c3EAfgAjdXEAfgAnAAAAA3VxAH4AKQAAAAF0AAU8c3BhbnVxAH4AKQAAAAF0AAE+dXEAfgApAAAAAXQABzwvc3Bhbj4=</rtd>
                                                                                                                  <name>span</name>
                                                                                                                  <xmlAttributes>
                                                                                                                     <ptk:l location="Target:147:40">
                                                                                                                        <WtXmlAttribute location="Target:147:40">
                                                                                                                           <rtd>c3EAfgAjdXEAfgAnAAAAAnVxAH4AKQAAAAF0AAggc3R5bGU9InVxAH4AKQAAAAF0AAEi</rtd>
                                                                                                                           <name>style</name>
                                                                                                                           <value>
                                                                                                                              <ptk:l location="Target:147:48">
                                                                                                                                 <ptk:t location="Target:147:48">white-space:nowrap</ptk:t>
                                                                                                                              </ptk:l>
                                                                                                                           </value>
                                                                                                                        </WtXmlAttribute>
                                                                                                                     </ptk:l>
                                                                                                                  </xmlAttributes>
                                                                                                                  <body>
                                                                                                                     <ptk:l>
                                                                                                                        <ptk:t>
</ptk:t>
                                                                                                                        <WtInternalLink>
                                                                                                                           <rtd>c3EAfgAjdXEAfgAnAAAAA3VxAH4AKQAAAAFxAH4BVnEAfgC6dXEAfgApAAAAAXEAfgFY</rtd>
                                                                                                                           <prefix/>
                                                                                                                           <postfix/>
                                                                                                                           <target>
                                                                                                                              <WtPageName location="Target:148:3">
                                                                                                                                 <content> جانا </content>
                                                                                                                                 <rtd null="true"/>
                                                                                                                              </WtPageName>
                                                                                                                           </target>
                                                                                                                           <title>
                                                                                                                              <ptk:l>
                                                                                                                                 <ptk:t location="Target:148:10">جانا</ptk:t>
                                                                                                                              </ptk:l>
                                                                                                                           </title>
                                                                                                                        </WtInternalLink>
                                                                                                                        <WtXmlEntityRef location="Target:148:17">
                                                                                                                           <rtd>c3EAfgAjdXEAfgAnAAAAAXVxAH4AKQAAAAF0AAYmbmJzcDs=</rtd>
                                                                                                                           <name>nbsp</name>
                                                                                                                           <resolved> </resolved>
                                                                                                                        </WtXmlEntityRef>
                                                                                                                        <ptk:t location="Target:148:22">•</ptk:t>
                                                                                                                     </ptk:l>
                                                                                                                  </body>
                                                                                                               </WtXmlElement>
                                                                                                               <ptk:t location="Target:148:30"> </ptk:t>
                                                                                                               <WtXmlElement>
                                                                                                                  <rtd>c3EAfgAjdXEAfgAnAAAAA3VxAH4AKQAAAAF0AAU8c3BhbnVxAH4AKQAAAAF0AAE+dXEAfgApAAAAAXQABzwvc3Bhbj4=</rtd>
                                                                                                                  <name>span</name>
                                                                                                                  <xmlAttributes>
                                                                                                                     <ptk:l location="Target:148:36">
                                                                                                                        <WtXmlAttribute location="Target:148:36">
                                                                                                                           <rtd>c3EAfgAjdXEAfgAnAAAAAnVxAH4AKQAAAAF0AAggc3R5bGU9InVxAH4AKQAAAAF0AAEi</rtd>
                                                                                                                           <name>style</name>
                                                                                                                           <value>
                                                                                                                              <ptk:l location="Target:148:44">
                                                                                                                                 <ptk:t location="Target:148:44">white-space:nowrap</ptk:t>
                                                                                                                              </ptk:l>
                                                                                                                           </value>
                                                                                                                        </WtXmlAttribute>
                                                                                                                     </ptk:l>
                                                                                                                  </xmlAttributes>
                                                                                                                  <body>
                                                                                                                     <ptk:l>
                                                                                                                        <ptk:t>
</ptk:t>
                                                                                                                        <WtInternalLink>
                                                                                                                           <rtd>c3EAfgAjdXEAfgAnAAAAA3VxAH4AKQAAAAFxAH4BVnEAfgC6dXEAfgApAAAAAXEAfgFY</rtd>
                                                                                                                           <prefix/>
                                                                                                                           <postfix/>
                                                                                                                           <target>
                                                                                                                              <WtPageName location="Target:149:3">
                                                                                                                                 <content> غينيا </content>
                                                                                                                                 <rtd null="true"/>
                                                                                                                              </WtPageName>
                                                                                                                           </target>
                                                                                                                           <title>
                                                                                                                              <ptk:l>
                                                                                                                                 <ptk:t location="Target:149:11">غينيا</ptk:t>
                                                                                                                              </ptk:l>
                                                                                                                           </title>
                                                                                                                        </WtInternalLink>
                                                                                                                        <WtXmlEntityRef location="Target:149:19">
                                                                                                                           <rtd>c3EAfgAjdXEAfgAnAAAAAXVxAH4AKQAAAAF0AAYmbmJzcDs=</rtd>
                                                                                                                           <name>nbsp</name>
                                                                                                                           <resolved> </resolved>
                                                                                                                        </WtXmlEntityRef>
                                                                                                                        <ptk:t location="Target:149:24">•</ptk:t>
                                                                                                                     </ptk:l>
                                                                                                                  </body>
                                                                                                               </WtXmlElement>
                                                                                                               <ptk:t location="Target:149:32"> </ptk:t>
                                                                                                               <WtXmlElement>
                                                                                                                  <rtd>c3EAfgAjdXEAfgAnAAAAA3VxAH4AKQAAAAF0AAU8c3BhbnVxAH4AKQAAAAF0AAE+dXEAfgApAAAAAXQABzwvc3Bhbj4=</rtd>
                                                                                                                  <name>span</name>
                                                                                                                  <xmlAttributes>
                                                                                                                     <ptk:l location="Target:149:38">
                                                                                                                        <WtXmlAttribute location="Target:149:38">
                                                                                                                           <rtd>c3EAfgAjdXEAfgAnAAAAAnVxAH4AKQAAAAF0AAggc3R5bGU9InVxAH4AKQAAAAF0AAEi</rtd>
                                                                                                                           <name>style</name>
                                                                                                                           <value>
                                                                                                                              <ptk:l location="Target:149:46">
                                                                                                                                 <ptk:t location="Target:149:46">white-space:nowrap</ptk:t>
                                                                                                                              </ptk:l>
                                                                                                                           </value>
                                                                                                                        </WtXmlAttribute>
                                                                                                                     </ptk:l>
                                                                                                                  </xmlAttributes>
                                                                                                                  <body>
                                                                                                                     <ptk:l>
                                                                                                                        <ptk:t>
</ptk:t>
                                                                                                                        <WtInternalLink>
                                                                                                                           <rtd>c3EAfgAjdXEAfgAnAAAAA3VxAH4AKQAAAAFxAH4BVnEAfgC6dXEAfgApAAAAAXEAfgFY</rtd>
                                                                                                                           <prefix/>
                                                                                                                           <postfix/>
                                                                                                                           <target>
                                                                                                                              <WtPageName location="Target:150:3">
                                                                                                                                 <content> جينيا بيساو </content>
                                                                                                                                 <rtd null="true"/>
                                                                                                                              </WtPageName>
                                                                                                                           </target>
                                                                                                                           <title>
                                                                                                                              <ptk:l>
                                                                                                                                 <ptk:t location="Target:150:17">جينيا بيساو</ptk:t>
                                                                                                                              </ptk:l>
                                                                                                                           </title>
                                                                                                                        </WtInternalLink>
                                                                                                                        <WtXmlEntityRef location="Target:150:31">
                                                                                                                           <rtd>c3EAfgAjdXEAfgAnAAAAAXVxAH4AKQAAAAF0AAYmbmJzcDs=</rtd>
                                                                                                                           <name>nbsp</name>
                                                                                                                           <resolved> </resolved>
                                                                                                                        </WtXmlEntityRef>
                                                                                                                        <ptk:t location="Target:150:36">•</ptk:t>
                                                                                                                     </ptk:l>
                                                                                                                  </body>
                                                                                                               </WtXmlElement>
                                                                                                               <ptk:t location="Target:150:44"> </ptk:t>
                                                                                                               <WtXmlElement>
                                                                                                                  <rtd>c3EAfgAjdXEAfgAnAAAAA3VxAH4AKQAAAAF0AAU8c3BhbnVxAH4AKQAAAAF0AAE+dXEAfgApAAAAAXQABzwvc3Bhbj4=</rtd>
                                                                                                                  <name>span</name>
                                                                                                                  <xmlAttributes>
                                                                                                                     <ptk:l location="Target:150:50">
                                                                                                                        <WtXmlAttribute location="Target:150:50">
                                                                                                                           <rtd>c3EAfgAjdXEAfgAnAAAAAnVxAH4AKQAAAAF0AAggc3R5bGU9InVxAH4AKQAAAAF0AAEi</rtd>
                                                                                                                           <name>style</name>
                                                                                                                           <value>
                                                                                                                              <ptk:l location="Target:150:58">
                                                                                                                                 <ptk:t location="Target:150:58">white-space:nowrap</ptk:t>
                                                                                                                              </ptk:l>
                                                                                                                           </value>
                                                                                                                        </WtXmlAttribute>
                                                                                                                     </ptk:l>
                                                                                                                  </xmlAttributes>
                                                                                                                  <body>
                                                                                                                     <ptk:l>
                                                                                                                        <ptk:t>
</ptk:t>
                                                                                                                        <WtInternalLink>
                                                                                                                           <rtd>c3EAfgAjdXEAfgAnAAAAA3VxAH4AKQAAAAFxAH4BVnEAfgC6dXEAfgApAAAAAXEAfgFY</rtd>
                                                                                                                           <prefix/>
                                                                                                                           <postfix/>
                                                                                                                           <target>
                                                                                                                              <WtPageName location="Target:151:3">
                                                                                                                                 <content> كينيا </content>
                                                                                                                                 <rtd null="true"/>
                                                                                                                              </WtPageName>
                                                                                                                           </target>
                                                                                                                           <title>
                                                                                                                              <ptk:l>
                                                                                                                                 <ptk:t location="Target:151:11">كينيا</ptk:t>
                                                                                                                              </ptk:l>
                                                                                                                           </title>
                                                                                                                        </WtInternalLink>
                                                                                                                        <WtXmlEntityRef location="Target:151:19">
                                                                                                                           <rtd>c3EAfgAjdXEAfgAnAAAAAXVxAH4AKQAAAAF0AAYmbmJzcDs=</rtd>
                                                                                                                           <name>nbsp</name>
                                                                                                                           <resolved> </resolved>
                                                                                                                        </WtXmlEntityRef>
                                                                                                                        <ptk:t location="Target:151:24">•</ptk:t>
                                                                                                                     </ptk:l>
                                                                                                                  </body>
                                                                                                               </WtXmlElement>
                                                                                                               <ptk:t location="Target:151:32"> </ptk:t>
                                                                                                               <WtXmlElement>
                                                                                                                  <rtd>c3EAfgAjdXEAfgAnAAAAA3VxAH4AKQAAAAF0AAU8c3BhbnVxAH4AKQAAAAF0AAE+dXEAfgApAAAAAXQABzwvc3Bhbj4=</rtd>
                                                                                                                  <name>span</name>
                                                                                                                  <xmlAttributes>
                                                                                                                     <ptk:l location="Target:151:38">
                                                                                                                        <WtXmlAttribute location="Target:151:38">
                                                                                                                           <rtd>c3EAfgAjdXEAfgAnAAAAAnVxAH4AKQAAAAF0AAggc3R5bGU9InVxAH4AKQAAAAF0AAEi</rtd>
                                                                                                                           <name>style</name>
                                                                                                                           <value>
                                                                                                                              <ptk:l location="Target:151:46">
                                                                                                                                 <ptk:t location="Target:151:46">white-space:nowrap</ptk:t>
                                                                                                                              </ptk:l>
                                                                                                                           </value>
                                                                                                                        </WtXmlAttribute>
                                                                                                                     </ptk:l>
                                                                                                                  </xmlAttributes>
                                                                                                                  <body>
                                                                                                                     <ptk:l>
                                                                                                                        <ptk:t>
</ptk:t>
                                                                                                                        <WtInternalLink>
                                                                                                                           <rtd>c3EAfgAjdXEAfgAnAAAAA3VxAH4AKQAAAAFxAH4BVnEAfgC6dXEAfgApAAAAAXEAfgFY</rtd>
                                                                                                                           <prefix/>
                                                                                                                           <postfix/>
                                                                                                                           <target>
                                                                                                                              <WtPageName location="Target:152:3">
                                                                                                                                 <content> ليسوتو </content>
                                                                                                                                 <rtd null="true"/>
                                                                                                                              </WtPageName>
                                                                                                                           </target>
                                                                                                                           <title>
                                                                                                                              <ptk:l>
                                                                                                                                 <ptk:t location="Target:152:12">ليسوتو</ptk:t>
                                                                                                                              </ptk:l>
                                                                                                                           </title>
                                                                                                                        </WtInternalLink>
                                                                                                                        <WtXmlEntityRef location="Target:152:21">
                                                                                                                           <rtd>c3EAfgAjdXEAfgAnAAAAAXVxAH4AKQAAAAF0AAYmbmJzcDs=</rtd>
                                                                                                                           <name>nbsp</name>
                                                                                                                           <resolved> </resolved>
                                                                                                                        </WtXmlEntityRef>
                                                                                                                        <ptk:t location="Target:152:26">•</ptk:t>
                                                                                                                     </ptk:l>
                                                                                                                  </body>
                                                                                                               </WtXmlElement>
                                                                                                               <ptk:t location="Target:152:34"> </ptk:t>
                                                                                                               <WtXmlElement>
                                                                                                                  <rtd>c3EAfgAjdXEAfgAnAAAAA3VxAH4AKQAAAAF0AAU8c3BhbnVxAH4AKQAAAAF0AAE+dXEAfgApAAAAAXQABzwvc3Bhbj4=</rtd>
                                                                                                                  <name>span</name>
                                                                                                                  <xmlAttributes>
                                                                                                                     <ptk:l location="Target:152:40">
                                                                                                                        <WtXmlAttribute location="Target:152:40">
                                                                                                                           <rtd>c3EAfgAjdXEAfgAnAAAAAnVxAH4AKQAAAAF0AAggc3R5bGU9InVxAH4AKQAAAAF0AAEi</rtd>
                                                                                                                           <name>style</name>
                                                                                                                           <value>
                                                                                                                              <ptk:l location="Target:152:48">
                                                                                                                                 <ptk:t location="Target:152:48">white-space:nowrap</ptk:t>
                                                                                                                              </ptk:l>
                                                                                                                           </value>
                                                                                                                        </WtXmlAttribute>
                                                                                                                     </ptk:l>
                                                                                                                  </xmlAttributes>
                                                                                                                  <body>
                                                                                                                     <ptk:l>
                                                                                                                        <ptk:t>
</ptk:t>
                                                                                                                        <WtInternalLink>
                                                                                                                           <rtd>c3EAfgAjdXEAfgAnAAAAA3VxAH4AKQAAAAFxAH4BVnEAfgC6dXEAfgApAAAAAXEAfgFY</rtd>
                                                                                                                           <prefix/>
                                                                                                                           <postfix/>
                                                                                                                           <target>
                                                                                                                              <WtPageName location="Target:153:3">
                                                                                                                                 <content> ليبيريا </content>
                                                                                                                                 <rtd null="true"/>
                                                                                                                              </WtPageName>
                                                                                                                           </target>
                                                                                                                           <title>
                                                                                                                              <ptk:l>
                                                                                                                                 <ptk:t location="Target:153:13">ليبيريا</ptk:t>
                                                                                                                              </ptk:l>
                                                                                                                           </title>
                                                                                                                        </WtInternalLink>
                                                                                                                        <WtXmlEntityRef location="Target:153:23">
                                                                                                                           <rtd>c3EAfgAjdXEAfgAnAAAAAXVxAH4AKQAAAAF0AAYmbmJzcDs=</rtd>
                                                                                                                           <name>nbsp</name>
                                                                                                                           <resolved> </resolved>
                                                                                                                        </WtXmlEntityRef>
                                                                                                                        <ptk:t location="Target:153:28">•</ptk:t>
                                                                                                                     </ptk:l>
                                                                                                                  </body>
                                                                                                               </WtXmlElement>
                                                                                                               <ptk:t location="Target:153:36"> </ptk:t>
                                                                                                               <WtXmlElement>
                                                                                                                  <rtd>c3EAfgAjdXEAfgAnAAAAA3VxAH4AKQAAAAF0AAU8c3BhbnVxAH4AKQAAAAF0AAE+dXEAfgApAAAAAXQABzwvc3Bhbj4=</rtd>
                                                                                                                  <name>span</name>
                                                                                                                  <xmlAttributes>
                                                                                                                     <ptk:l location="Target:153:42">
                                                                                                                        <WtXmlAttribute location="Target:153:42">
                                                                                                                           <rtd>c3EAfgAjdXEAfgAnAAAAAnVxAH4AKQAAAAF0AAggc3R5bGU9InVxAH4AKQAAAAF0AAEi</rtd>
                                                                                                                           <name>style</name>
                                                                                                                           <value>
                                                                                                                              <ptk:l location="Target:153:50">
                                                                                                                                 <ptk:t location="Target:153:50">white-space:nowrap</ptk:t>
                                                                                                                              </ptk:l>
                                                                                                                           </value>
                                                                                                                        </WtXmlAttribute>
                                                                                                                     </ptk:l>
                                                                                                                  </xmlAttributes>
                                                                                                                  <body>
                                                                                                                     <ptk:l>
                                                                                                                        <ptk:t>
</ptk:t>
                                                                                                                        <WtInternalLink>
                                                                                                                           <rtd>c3EAfgAjdXEAfgAnAAAAA3VxAH4AKQAAAAFxAH4BVnEAfgC6dXEAfgApAAAAAXEAfgFY</rtd>
                                                                                                                           <prefix/>
                                                                                                                           <postfix/>
                                                                                                                           <target>
                                                                                                                              <WtPageName location="Target:154:3">
                                                                                                                                 <content> ليبيا </content>
                                                                                                                                 <rtd null="true"/>
                                                                                                                              </WtPageName>
                                                                                                                           </target>
                                                                                                                           <title>
                                                                                                                              <ptk:l>
                                                                                                                                 <ptk:t location="Target:154:11">ليبيا</ptk:t>
                                                                                                                              </ptk:l>
                                                                                                                           </title>
                                                                                                                        </WtInternalLink>
                                                                                                                        <WtXmlEntityRef location="Target:154:19">
                                                                                                                           <rtd>c3EAfgAjdXEAfgAnAAAAAXVxAH4AKQAAAAF0AAYmbmJzcDs=</rtd>
                                                                                                                           <name>nbsp</name>
                                                                                                                           <resolved> </resolved>
                                                                                                                        </WtXmlEntityRef>
                                                                                                                        <ptk:t location="Target:154:24">•</ptk:t>
                                                                                                                     </ptk:l>
                                                                                                                  </body>
                                                                                                               </WtXmlElement>
                                                                                                               <ptk:t location="Target:154:32"> </ptk:t>
                                                                                                               <WtXmlElement>
                                                                                                                  <rtd>c3EAfgAjdXEAfgAnAAAAA3VxAH4AKQAAAAF0AAU8c3BhbnVxAH4AKQAAAAF0AAE+dXEAfgApAAAAAXQABzwvc3Bhbj4=</rtd>
                                                                                                                  <name>span</name>
                                                                                                                  <xmlAttributes>
                                                                                                                     <ptk:l location="Target:154:38">
                                                                                                                        <WtXmlAttribute location="Target:154:38">
                                                                                                                           <rtd>c3EAfgAjdXEAfgAnAAAAAnVxAH4AKQAAAAF0AAggc3R5bGU9InVxAH4AKQAAAAF0AAEi</rtd>
                                                                                                                           <name>style</name>
                                                                                                                           <value>
                                                                                                                              <ptk:l location="Target:154:46">
                                                                                                                                 <ptk:t location="Target:154:46">white-space:nowrap</ptk:t>
                                                                                                                              </ptk:l>
                                                                                                                           </value>
                                                                                                                        </WtXmlAttribute>
                                                                                                                     </ptk:l>
                                                                                                                  </xmlAttributes>
                                                                                                                  <body>
                                                                                                                     <ptk:l>
                                                                                                                        <ptk:t>
</ptk:t>
                                                                                                                        <WtInternalLink>
                                                                                                                           <rtd>c3EAfgAjdXEAfgAnAAAAA3VxAH4AKQAAAAFxAH4BVnEAfgC6dXEAfgApAAAAAXEAfgFY</rtd>
                                                                                                                           <prefix/>
                                                                                                                           <postfix/>
                                                                                                                           <target>
                                                                                                                              <WtPageName location="Target:155:3">
                                                                                                                                 <content> مدغشقر </content>
                                                                                                                                 <rtd null="true"/>
                                                                                                                              </WtPageName>
                                                                                                                           </target>
                                                                                                                           <title>
                                                                                                                              <ptk:l>
                                                                                                                                 <ptk:t location="Target:155:12">مدغشقر</ptk:t>
                                                                                                                              </ptk:l>
                                                                                                                           </title>
                                                                                                                        </WtInternalLink>
                                                                                                                        <WtXmlEntityRef location="Target:155:21">
                                                                                                                           <rtd>c3EAfgAjdXEAfgAnAAAAAXVxAH4AKQAAAAF0AAYmbmJzcDs=</rtd>
                                                                                                                           <name>nbsp</name>
                                                                                                                           <resolved> </resolved>
                                                                                                                        </WtXmlEntityRef>
                                                                                                                        <ptk:t location="Target:155:26">•</ptk:t>
                                                                                                                     </ptk:l>
                                                                                                                  </body>
                                                                                                               </WtXmlElement>
                                                                                                               <ptk:t location="Target:155:34"> </ptk:t>
                                                                                                               <WtXmlElement>
                                                                                                                  <rtd>c3EAfgAjdXEAfgAnAAAAA3VxAH4AKQAAAAF0AAU8c3BhbnVxAH4AKQAAAAF0AAE+dXEAfgApAAAAAXQABzwvc3Bhbj4=</rtd>
                                                                                                                  <name>span</name>
                                                                                                                  <xmlAttributes>
                                                                                                                     <ptk:l location="Target:155:40">
                                                                                                                        <WtXmlAttribute location="Target:155:40">
                                                                                                                           <rtd>c3EAfgAjdXEAfgAnAAAAAnVxAH4AKQAAAAF0AAggc3R5bGU9InVxAH4AKQAAAAF0AAEi</rtd>
                                                                                                                           <name>style</name>
                                                                                                                           <value>
                                                                                                                              <ptk:l location="Target:155:48">
                                                                                                                                 <ptk:t location="Target:155:48">white-space:nowrap</ptk:t>
                                                                                                                              </ptk:l>
                                                                                                                           </value>
                                                                                                                        </WtXmlAttribute>
                                                                                                                     </ptk:l>
                                                                                                                  </xmlAttributes>
                                                                                                                  <body>
                                                                                                                     <ptk:l>
                                                                                                                        <ptk:t>
</ptk:t>
                                                                                                                        <WtInternalLink>
                                                                                                                           <rtd>c3EAfgAjdXEAfgAnAAAAA3VxAH4AKQAAAAFxAH4BVnEAfgC6dXEAfgApAAAAAXEAfgFY</rtd>
                                                                                                                           <prefix/>
                                                                                                                           <postfix/>
                                                                                                                           <target>
                                                                                                                              <WtPageName location="Target:156:3">
                                                                                                                                 <content> مالاوى </content>
                                                                                                                                 <rtd null="true"/>
                                                                                                                              </WtPageName>
                                                                                                                           </target>
                                                                                                                           <title>
                                                                                                                              <ptk:l>
                                                                                                                                 <ptk:t location="Target:156:12">مالاوى</ptk:t>
                                                                                                                              </ptk:l>
                                                                                                                           </title>
                                                                                                                        </WtInternalLink>
                                                                                                                        <WtXmlEntityRef location="Target:156:21">
                                                                                                                           <rtd>c3EAfgAjdXEAfgAnAAAAAXVxAH4AKQAAAAF0AAYmbmJzcDs=</rtd>
                                                                                                                           <name>nbsp</name>
                                                                                                                           <resolved> </resolved>
                                                                                                                        </WtXmlEntityRef>
                                                                                                                        <ptk:t location="Target:156:26">•</ptk:t>
                                                                                                                     </ptk:l>
                                                                                                                  </body>
                                                                                                               </WtXmlElement>
                                                                                                               <ptk:t location="Target:156:34"> </ptk:t>
                                                                                                               <WtXmlElement>
                                                                                                                  <rtd>c3EAfgAjdXEAfgAnAAAAA3VxAH4AKQAAAAF0AAU8c3BhbnVxAH4AKQAAAAF0AAE+dXEAfgApAAAAAXQABzwvc3Bhbj4=</rtd>
                                                                                                                  <name>span</name>
                                                                                                                  <xmlAttributes>
                                                                                                                     <ptk:l location="Target:156:40">
                                                                                                                        <WtXmlAttribute location="Target:156:40">
                                                                                                                           <rtd>c3EAfgAjdXEAfgAnAAAAAnVxAH4AKQAAAAF0AAggc3R5bGU9InVxAH4AKQAAAAF0AAEi</rtd>
                                                                                                                           <name>style</name>
                                                                                                                           <value>
                                                                                                                              <ptk:l location="Target:156:48">
                                                                                                                                 <ptk:t location="Target:156:48">white-space:nowrap</ptk:t>
                                                                                                                              </ptk:l>
                                                                                                                           </value>
                                                                                                                        </WtXmlAttribute>
                                                                                                                     </ptk:l>
                                                                                                                  </xmlAttributes>
                                                                                                                  <body>
                                                                                                                     <ptk:l>
                                                                                                                        <ptk:t>
</ptk:t>
                                                                                                                        <WtInternalLink>
                                                                                                                           <rtd>c3EAfgAjdXEAfgAnAAAAA3VxAH4AKQAAAAFxAH4BVnEAfgC6dXEAfgApAAAAAXEAfgFY</rtd>
                                                                                                                           <prefix/>
                                                                                                                           <postfix/>
                                                                                                                           <target>
                                                                                                                              <WtPageName location="Target:157:3">
                                                                                                                                 <content> مالى </content>
                                                                                                                                 <rtd null="true"/>
                                                                                                                              </WtPageName>
                                                                                                                           </target>
                                                                                                                           <title>
                                                                                                                              <ptk:l>
                                                                                                                                 <ptk:t location="Target:157:10">مالى</ptk:t>
                                                                                                                              </ptk:l>
                                                                                                                           </title>
                                                                                                                        </WtInternalLink>
                                                                                                                        <WtXmlEntityRef location="Target:157:17">
                                                                                                                           <rtd>c3EAfgAjdXEAfgAnAAAAAXVxAH4AKQAAAAF0AAYmbmJzcDs=</rtd>
                                                                                                                           <name>nbsp</name>
                                                                                                                           <resolved> </resolved>
                                                                                                                        </WtXmlEntityRef>
                                                                                                                        <ptk:t location="Target:157:22">•</ptk:t>
                                                                                                                     </ptk:l>
                                                                                                                  </body>
                                                                                                               </WtXmlElement>
                                                                                                               <ptk:t location="Target:157:30"> </ptk:t>
                                                                                                               <WtXmlElement>
                                                                                                                  <rtd>c3EAfgAjdXEAfgAnAAAAA3VxAH4AKQAAAAF0AAU8c3BhbnVxAH4AKQAAAAF0AAE+dXEAfgApAAAAAXQABzwvc3Bhbj4=</rtd>
                                                                                                                  <name>span</name>
                                                                                                                  <xmlAttributes>
                                                                                                                     <ptk:l location="Target:157:36">
                                                                                                                        <WtXmlAttribute location="Target:157:36">
                                                                                                                           <rtd>c3EAfgAjdXEAfgAnAAAAAnVxAH4AKQAAAAF0AAggc3R5bGU9InVxAH4AKQAAAAF0AAEi</rtd>
                                                                                                                           <name>style</name>
                                                                                                                           <value>
                                                                                                                              <ptk:l location="Target:157:44">
                                                                                                                                 <ptk:t location="Target:157:44">white-space:nowrap</ptk:t>
                                                                                                                              </ptk:l>
                                                                                                                           </value>
                                                                                                                        </WtXmlAttribute>
                                                                                                                     </ptk:l>
                                                                                                                  </xmlAttributes>
                                                                                                                  <body>
                                                                                                                     <ptk:l>
                                                                                                                        <ptk:t>
</ptk:t>
                                                                                                                        <WtInternalLink>
                                                                                                                           <rtd>c3EAfgAjdXEAfgAnAAAAA3VxAH4AKQAAAAFxAH4BVnEAfgC6dXEAfgApAAAAAXEAfgFY</rtd>
                                                                                                                           <prefix/>
                                                                                                                           <postfix/>
                                                                                                                           <target>
                                                                                                                              <WtPageName location="Target:158:3">
                                                                                                                                 <content> موريتانيا </content>
                                                                                                                                 <rtd null="true"/>
                                                                                                                              </WtPageName>
                                                                                                                           </target>
                                                                                                                           <title>
                                                                                                                              <ptk:l>
                                                                                                                                 <ptk:t location="Target:158:15">موريتانيا</ptk:t>
                                                                                                                              </ptk:l>
                                                                                                                           </title>
                                                                                                                        </WtInternalLink>
                                                                                                                        <WtXmlEntityRef location="Target:158:27">
                                                                                                                           <rtd>c3EAfgAjdXEAfgAnAAAAAXVxAH4AKQAAAAF0AAYmbmJzcDs=</rtd>
                                                                                                                           <name>nbsp</name>
                                                                                                                           <resolved> </resolved>
                                                                                                                        </WtXmlEntityRef>
                                                                                                                        <ptk:t location="Target:158:32">•</ptk:t>
                                                                                                                     </ptk:l>
                                                                                                                  </body>
                                                                                                               </WtXmlElement>
                                                                                                               <ptk:t location="Target:158:40"> </ptk:t>
                                                                                                               <WtXmlElement>
                                                                                                                  <rtd>c3EAfgAjdXEAfgAnAAAAA3VxAH4AKQAAAAF0AAU8c3BhbnVxAH4AKQAAAAF0AAE+dXEAfgApAAAAAXQABzwvc3Bhbj4=</rtd>
                                                                                                                  <name>span</name>
                                                                                                                  <xmlAttributes>
                                                                                                                     <ptk:l location="Target:158:46">
                                                                                                                        <WtXmlAttribute location="Target:158:46">
                                                                                                                           <rtd>c3EAfgAjdXEAfgAnAAAAAnVxAH4AKQAAAAF0AAggc3R5bGU9InVxAH4AKQAAAAF0AAEi</rtd>
                                                                                                                           <name>style</name>
                                                                                                                           <value>
                                                                                                                              <ptk:l location="Target:158:54">
                                                                                                                                 <ptk:t location="Target:158:54">white-space:nowrap</ptk:t>
                                                                                                                              </ptk:l>
                                                                                                                           </value>
                                                                                                                        </WtXmlAttribute>
                                                                                                                     </ptk:l>
                                                                                                                  </xmlAttributes>
                                                                                                                  <body>
                                                                                                                     <ptk:l>
                                                                                                                        <ptk:t>
</ptk:t>
                                                                                                                        <WtInternalLink>
                                                                                                                           <rtd>c3EAfgAjdXEAfgAnAAAAA3VxAH4AKQAAAAFxAH4BVnEAfgC6dXEAfgApAAAAAXEAfgFY</rtd>
                                                                                                                           <prefix/>
                                                                                                                           <postfix/>
                                                                                                                           <target>
                                                                                                                              <WtPageName location="Target:159:3">
                                                                                                                                 <content> موريشيوس </content>
                                                                                                                                 <rtd null="true"/>
                                                                                                                              </WtPageName>
                                                                                                                           </target>
                                                                                                                           <title>
                                                                                                                              <ptk:l>
                                                                                                                                 <ptk:t location="Target:159:14">موريشيوس</ptk:t>
                                                                                                                              </ptk:l>
                                                                                                                           </title>
                                                                                                                        </WtInternalLink>
                                                                                                                        <WtXmlEntityRef location="Target:159:25">
                                                                                                                           <rtd>c3EAfgAjdXEAfgAnAAAAAXVxAH4AKQAAAAF0AAYmbmJzcDs=</rtd>
                                                                                                                           <name>nbsp</name>
                                                                                                                           <resolved> </resolved>
                                                                                                                        </WtXmlEntityRef>
                                                                                                                        <ptk:t location="Target:159:30">•</ptk:t>
                                                                                                                     </ptk:l>
                                                                                                                  </body>
                                                                                                               </WtXmlElement>
                                                                                                               <ptk:t location="Target:159:38"> </ptk:t>
                                                                                                               <WtXmlElement>
                                                                                                                  <rtd>c3EAfgAjdXEAfgAnAAAAA3VxAH4AKQAAAAF0AAU8c3BhbnVxAH4AKQAAAAF0AAE+dXEAfgApAAAAAXQABzwvc3Bhbj4=</rtd>
                                                                                                                  <name>span</name>
                                                                                                                  <xmlAttributes>
                                                                                                                     <ptk:l location="Target:159:44">
                                                                                                                        <WtXmlAttribute location="Target:159:44">
                                                                                                                           <rtd>c3EAfgAjdXEAfgAnAAAAAnVxAH4AKQAAAAF0AAggc3R5bGU9InVxAH4AKQAAAAF0AAEi</rtd>
                                                                                                                           <name>style</name>
                                                                                                                           <value>
                                                                                                                              <ptk:l location="Target:159:52">
                                                                                                                                 <ptk:t location="Target:159:52">white-space:nowrap</ptk:t>
                                                                                                                              </ptk:l>
                                                                                                                           </value>
                                                                                                                        </WtXmlAttribute>
                                                                                                                     </ptk:l>
                                                                                                                  </xmlAttributes>
                                                                                                                  <body>
                                                                                                                     <ptk:l>
                                                                                                                        <ptk:t>
</ptk:t>
                                                                                                                        <WtInternalLink>
                                                                                                                           <rtd>c3EAfgAjdXEAfgAnAAAAA3VxAH4AKQAAAAFxAH4BVnEAfgC6dXEAfgApAAAAAXEAfgFY</rtd>
                                                                                                                           <prefix/>
                                                                                                                           <postfix/>
                                                                                                                           <target>
                                                                                                                              <WtPageName location="Target:160:3">
                                                                                                                                 <content> المغرب </content>
                                                                                                                                 <rtd null="true"/>
                                                                                                                              </WtPageName>
                                                                                                                           </target>
                                                                                                                           <title>
                                                                                                                              <ptk:l>
                                                                                                                                 <ptk:t location="Target:160:12">المغرب</ptk:t>
                                                                                                                              </ptk:l>
                                                                                                                           </title>
                                                                                                                        </WtInternalLink>
                                                                                                                        <WtXmlEntityRef location="Target:160:21">
                                                                                                                           <rtd>c3EAfgAjdXEAfgAnAAAAAXVxAH4AKQAAAAF0AAYmbmJzcDs=</rtd>
                                                                                                                           <name>nbsp</name>
                                                                                                                           <resolved> </resolved>
                                                                                                                        </WtXmlEntityRef>
                                                                                                                        <ptk:t location="Target:160:26">•</ptk:t>
                                                                                                                     </ptk:l>
                                                                                                                  </body>
                                                                                                               </WtXmlElement>
                                                                                                               <ptk:t location="Target:160:34"> </ptk:t>
                                                                                                               <WtXmlElement>
                                                                                                                  <rtd>c3EAfgAjdXEAfgAnAAAAA3VxAH4AKQAAAAF0AAU8c3BhbnVxAH4AKQAAAAF0AAE+dXEAfgApAAAAAXQABzwvc3Bhbj4=</rtd>
                                                                                                                  <name>span</name>
                                                                                                                  <xmlAttributes>
                                                                                                                     <ptk:l location="Target:160:40">
                                                                                                                        <WtXmlAttribute location="Target:160:40">
                                                                                                                           <rtd>c3EAfgAjdXEAfgAnAAAAAnVxAH4AKQAAAAF0AAggc3R5bGU9InVxAH4AKQAAAAF0AAEi</rtd>
                                                                                                                           <name>style</name>
                                                                                                                           <value>
                                                                                                                              <ptk:l location="Target:160:48">
                                                                                                                                 <ptk:t location="Target:160:48">white-space:nowrap</ptk:t>
                                                                                                                              </ptk:l>
                                                                                                                           </value>
                                                                                                                        </WtXmlAttribute>
                                                                                                                     </ptk:l>
                                                                                                                  </xmlAttributes>
                                                                                                                  <body>
                                                                                                                     <ptk:l>
                                                                                                                        <ptk:t>
</ptk:t>
                                                                                                                        <WtInternalLink>
                                                                                                                           <rtd>c3EAfgAjdXEAfgAnAAAAA3VxAH4AKQAAAAFxAH4BVnEAfgC6dXEAfgApAAAAAXEAfgFY</rtd>
                                                                                                                           <prefix/>
                                                                                                                           <postfix/>
                                                                                                                           <target>
                                                                                                                              <WtPageName location="Target:161:3">
                                                                                                                                 <content> موزمبيق </content>
                                                                                                                                 <rtd null="true"/>
                                                                                                                              </WtPageName>
                                                                                                                           </target>
                                                                                                                           <title>
                                                                                                                              <ptk:l>
                                                                                                                                 <ptk:t location="Target:161:13">موزمبيق</ptk:t>
                                                                                                                              </ptk:l>
                                                                                                                           </title>
                                                                                                                        </WtInternalLink>
                                                                                                                        <WtXmlEntityRef location="Target:161:23">
                                                                                                                           <rtd>c3EAfgAjdXEAfgAnAAAAAXVxAH4AKQAAAAF0AAYmbmJzcDs=</rtd>
                                                                                                                           <name>nbsp</name>
                                                                                                                           <resolved> </resolved>
                                                                                                                        </WtXmlEntityRef>
                                                                                                                        <ptk:t location="Target:161:28">•</ptk:t>
                                                                                                                     </ptk:l>
                                                                                                                  </body>
                                                                                                               </WtXmlElement>
                                                                                                               <ptk:t location="Target:161:36"> </ptk:t>
                                                                                                               <WtXmlElement>
                                                                                                                  <rtd>c3EAfgAjdXEAfgAnAAAAA3VxAH4AKQAAAAF0AAU8c3BhbnVxAH4AKQAAAAF0AAE+dXEAfgApAAAAAXQABzwvc3Bhbj4=</rtd>
                                                                                                                  <name>span</name>
                                                                                                                  <xmlAttributes>
                                                                                                                     <ptk:l location="Target:161:42">
                                                                                                                        <WtXmlAttribute location="Target:161:42">
                                                                                                                           <rtd>c3EAfgAjdXEAfgAnAAAAAnVxAH4AKQAAAAF0AAggc3R5bGU9InVxAH4AKQAAAAF0AAEi</rtd>
                                                                                                                           <name>style</name>
                                                                                                                           <value>
                                                                                                                              <ptk:l location="Target:161:50">
                                                                                                                                 <ptk:t location="Target:161:50">white-space:nowrap</ptk:t>
                                                                                                                              </ptk:l>
                                                                                                                           </value>
                                                                                                                        </WtXmlAttribute>
                                                                                                                     </ptk:l>
                                                                                                                  </xmlAttributes>
                                                                                                                  <body>
                                                                                                                     <ptk:l>
                                                                                                                        <ptk:t>
</ptk:t>
                                                                                                                        <WtInternalLink>
                                                                                                                           <rtd>c3EAfgAjdXEAfgAnAAAAA3VxAH4AKQAAAAFxAH4BVnEAfgC6dXEAfgApAAAAAXEAfgFY</rtd>
                                                                                                                           <prefix/>
                                                                                                                           <postfix/>
                                                                                                                           <target>
                                                                                                                              <WtPageName location="Target:162:3">
                                                                                                                                 <content> ناميبيا </content>
                                                                                                                                 <rtd null="true"/>
                                                                                                                              </WtPageName>
                                                                                                                           </target>
                                                                                                                           <title>
                                                                                                                              <ptk:l>
                                                                                                                                 <ptk:t location="Target:162:13">ناميبيا</ptk:t>
                                                                                                                              </ptk:l>
                                                                                                                           </title>
                                                                                                                        </WtInternalLink>
                                                                                                                        <WtXmlEntityRef location="Target:162:23">
                                                                                                                           <rtd>c3EAfgAjdXEAfgAnAAAAAXVxAH4AKQAAAAF0AAYmbmJzcDs=</rtd>
                                                                                                                           <name>nbsp</name>
                                                                                                                           <resolved> </resolved>
                                                                                                                        </WtXmlEntityRef>
                                                                                                                        <ptk:t location="Target:162:28">•</ptk:t>
                                                                                                                     </ptk:l>
                                                                                                                  </body>
                                                                                                               </WtXmlElement>
                                                                                                               <ptk:t location="Target:162:36"> </ptk:t>
                                                                                                               <WtXmlElement>
                                                                                                                  <rtd>c3EAfgAjdXEAfgAnAAAAA3VxAH4AKQAAAAF0AAU8c3BhbnVxAH4AKQAAAAF0AAE+dXEAfgApAAAAAXQABzwvc3Bhbj4=</rtd>
                                                                                                                  <name>span</name>
                                                                                                                  <xmlAttributes>
                                                                                                                     <ptk:l location="Target:162:42">
                                                                                                                        <WtXmlAttribute location="Target:162:42">
                                                                                                                           <rtd>c3EAfgAjdXEAfgAnAAAAAnVxAH4AKQAAAAF0AAggc3R5bGU9InVxAH4AKQAAAAF0AAEi</rtd>
                                                                                                                           <name>style</name>
                                                                                                                           <value>
                                                                                                                              <ptk:l location="Target:162:50">
                                                                                                                                 <ptk:t location="Target:162:50">white-space:nowrap</ptk:t>
                                                                                                                              </ptk:l>
                                                                                                                           </value>
                                                                                                                        </WtXmlAttribute>
                                                                                                                     </ptk:l>
                                                                                                                  </xmlAttributes>
                                                                                                                  <body>
                                                                                                                     <ptk:l>
                                                                                                                        <ptk:t>
</ptk:t>
                                                                                                                        <WtInternalLink>
                                                                                                                           <rtd>c3EAfgAjdXEAfgAnAAAAA3VxAH4AKQAAAAFxAH4BVnEAfgC6dXEAfgApAAAAAXEAfgFY</rtd>
                                                                                                                           <prefix/>
                                                                                                                           <postfix/>
                                                                                                                           <target>
                                                                                                                              <WtPageName location="Target:163:3">
                                                                                                                                 <content> النيجر </content>
                                                                                                                                 <rtd null="true"/>
                                                                                                                              </WtPageName>
                                                                                                                           </target>
                                                                                                                           <title>
                                                                                                                              <ptk:l>
                                                                                                                                 <ptk:t location="Target:163:12">النيجر</ptk:t>
                                                                                                                              </ptk:l>
                                                                                                                           </title>
                                                                                                                        </WtInternalLink>
                                                                                                                        <WtXmlEntityRef location="Target:163:21">
                                                                                                                           <rtd>c3EAfgAjdXEAfgAnAAAAAXVxAH4AKQAAAAF0AAYmbmJzcDs=</rtd>
                                                                                                                           <name>nbsp</name>
                                                                                                                           <resolved> </resolved>
                                                                                                                        </WtXmlEntityRef>
                                                                                                                        <ptk:t location="Target:163:26">•</ptk:t>
                                                                                                                     </ptk:l>
                                                                                                                  </body>
                                                                                                               </WtXmlElement>
                                                                                                               <ptk:t location="Target:163:34"> </ptk:t>
                                                                                                               <WtXmlElement>
                                                                                                                  <rtd>c3EAfgAjdXEAfgAnAAAAA3VxAH4AKQAAAAF0AAU8c3BhbnVxAH4AKQAAAAF0AAE+dXEAfgApAAAAAXQABzwvc3Bhbj4=</rtd>
                                                                                                                  <name>span</name>
                                                                                                                  <xmlAttributes>
                                                                                                                     <ptk:l location="Target:163:40">
                                                                                                                        <WtXmlAttribute location="Target:163:40">
                                                                                                                           <rtd>c3EAfgAjdXEAfgAnAAAAAnVxAH4AKQAAAAF0AAggc3R5bGU9InVxAH4AKQAAAAF0AAEi</rtd>
                                                                                                                           <name>style</name>
                                                                                                                           <value>
                                                                                                                              <ptk:l location="Target:163:48">
                                                                                                                                 <ptk:t location="Target:163:48">white-space:nowrap</ptk:t>
                                                                                                                              </ptk:l>
                                                                                                                           </value>
                                                                                                                        </WtXmlAttribute>
                                                                                                                     </ptk:l>
                                                                                                                  </xmlAttributes>
                                                                                                                  <body>
                                                                                                                     <ptk:l>
                                                                                                                        <ptk:t>
</ptk:t>
                                                                                                                        <WtInternalLink>
                                                                                                                           <rtd>c3EAfgAjdXEAfgAnAAAAA3VxAH4AKQAAAAFxAH4BVnEAfgC6dXEAfgApAAAAAXEAfgFY</rtd>
                                                                                                                           <prefix/>
                                                                                                                           <postfix/>
                                                                                                                           <target>
                                                                                                                              <WtPageName location="Target:164:3">
                                                                                                                                 <content> نيجيريا </content>
                                                                                                                                 <rtd null="true"/>
                                                                                                                              </WtPageName>
                                                                                                                           </target>
                                                                                                                           <title>
                                                                                                                              <ptk:l>
                                                                                                                                 <ptk:t location="Target:164:13">نيجيريا</ptk:t>
                                                                                                                              </ptk:l>
                                                                                                                           </title>
                                                                                                                        </WtInternalLink>
                                                                                                                        <WtXmlEntityRef location="Target:164:23">
                                                                                                                           <rtd>c3EAfgAjdXEAfgAnAAAAAXVxAH4AKQAAAAF0AAYmbmJzcDs=</rtd>
                                                                                                                           <name>nbsp</name>
                                                                                                                           <resolved> </resolved>
                                                                                                                        </WtXmlEntityRef>
                                                                                                                        <ptk:t location="Target:164:28">•</ptk:t>
                                                                                                                     </ptk:l>
                                                                                                                  </body>
                                                                                                               </WtXmlElement>
                                                                                                               <ptk:t location="Target:164:36"> </ptk:t>
                                                                                                               <WtXmlElement>
                                                                                                                  <rtd>c3EAfgAjdXEAfgAnAAAAA3VxAH4AKQAAAAF0AAU8c3BhbnVxAH4AKQAAAAF0AAE+dXEAfgApAAAAAXQABzwvc3Bhbj4=</rtd>
                                                                                                                  <name>span</name>
                                                                                                                  <xmlAttributes>
                                                                                                                     <ptk:l location="Target:164:42">
                                                                                                                        <WtXmlAttribute location="Target:164:42">
                                                                                                                           <rtd>c3EAfgAjdXEAfgAnAAAAAnVxAH4AKQAAAAF0AAggc3R5bGU9InVxAH4AKQAAAAF0AAEi</rtd>
                                                                                                                           <name>style</name>
                                                                                                                           <value>
                                                                                                                              <ptk:l location="Target:164:50">
                                                                                                                                 <ptk:t location="Target:164:50">white-space:nowrap</ptk:t>
                                                                                                                              </ptk:l>
                                                                                                                           </value>
                                                                                                                        </WtXmlAttribute>
                                                                                                                     </ptk:l>
                                                                                                                  </xmlAttributes>
                                                                                                                  <body>
                                                                                                                     <ptk:l>
                                                                                                                        <ptk:t>
</ptk:t>
                                                                                                                        <WtInternalLink>
                                                                                                                           <rtd>c3EAfgAjdXEAfgAnAAAAA3VxAH4AKQAAAAFxAH4BVnEAfgC6dXEAfgApAAAAAXEAfgFY</rtd>
                                                                                                                           <prefix/>
                                                                                                                           <postfix/>
                                                                                                                           <target>
                                                                                                                              <WtPageName location="Target:165:3">
                                                                                                                                 <content> رواندا </content>
                                                                                                                                 <rtd null="true"/>
                                                                                                                              </WtPageName>
                                                                                                                           </target>
                                                                                                                           <title>
                                                                                                                              <ptk:l>
                                                                                                                                 <ptk:t location="Target:165:12">رواندا</ptk:t>
                                                                                                                              </ptk:l>
                                                                                                                           </title>
                                                                                                                        </WtInternalLink>
                                                                                                                        <WtXmlEntityRef location="Target:165:21">
                                                                                                                           <rtd>c3EAfgAjdXEAfgAnAAAAAXVxAH4AKQAAAAF0AAYmbmJzcDs=</rtd>
                                                                                                                           <name>nbsp</name>
                                                                                                                           <resolved> </resolved>
                                                                                                                        </WtXmlEntityRef>
                                                                                                                        <ptk:t location="Target:165:26">•</ptk:t>
                                                                                                                     </ptk:l>
                                                                                                                  </body>
                                                                                                               </WtXmlElement>
                                                                                                               <ptk:t location="Target:165:34"> </ptk:t>
                                                                                                               <WtXmlElement>
                                                                                                                  <rtd>c3EAfgAjdXEAfgAnAAAAA3VxAH4AKQAAAAF0AAU8c3BhbnVxAH4AKQAAAAF0AAE+dXEAfgApAAAAAXQABzwvc3Bhbj4=</rtd>
                                                                                                                  <name>span</name>
                                                                                                                  <xmlAttributes>
                                                                                                                     <ptk:l location="Target:165:40">
                                                                                                                        <WtXmlAttribute location="Target:165:40">
                                                                                                                           <rtd>c3EAfgAjdXEAfgAnAAAAAnVxAH4AKQAAAAF0AAggc3R5bGU9InVxAH4AKQAAAAF0AAEi</rtd>
                                                                                                                           <name>style</name>
                                                                                                                           <value>
                                                                                                                              <ptk:l location="Target:165:48">
                                                                                                                                 <ptk:t location="Target:165:48">white-space:nowrap</ptk:t>
                                                                                                                              </ptk:l>
                                                                                                                           </value>
                                                                                                                        </WtXmlAttribute>
                                                                                                                     </ptk:l>
                                                                                                                  </xmlAttributes>
                                                                                                                  <body>
                                                                                                                     <ptk:l>
                                                                                                                        <ptk:t>
</ptk:t>
                                                                                                                        <WtInternalLink>
                                                                                                                           <rtd>c3EAfgAjdXEAfgAnAAAAA3VxAH4AKQAAAAFxAH4BVnEAfgC6dXEAfgApAAAAAXEAfgFY</rtd>
                                                                                                                           <prefix/>
                                                                                                                           <postfix/>
                                                                                                                           <target>
                                                                                                                              <WtPageName location="Target:166:3">
                                                                                                                                 <content> ساو تومى و برينسيبى </content>
                                                                                                                                 <rtd null="true"/>
                                                                                                                              </WtPageName>
                                                                                                                           </target>
                                                                                                                           <title>
                                                                                                                              <ptk:l>
                                                                                                                                 <ptk:t location="Target:166:25">ساو تومى و برينسيبى</ptk:t>
                                                                                                                              </ptk:l>
                                                                                                                           </title>
                                                                                                                        </WtInternalLink>
                                                                                                                        <WtXmlEntityRef location="Target:166:47">
                                                                                                                           <rtd>c3EAfgAjdXEAfgAnAAAAAXVxAH4AKQAAAAF0AAYmbmJzcDs=</rtd>
                                                                                                                           <name>nbsp</name>
                                                                                                                           <resolved> </resolved>
                                                                                                                        </WtXmlEntityRef>
                                                                                                                        <ptk:t location="Target:166:52">•</ptk:t>
                                                                                                                     </ptk:l>
                                                                                                                  </body>
                                                                                                               </WtXmlElement>
                                                                                                               <ptk:t location="Target:166:60"> </ptk:t>
                                                                                                               <WtXmlElement>
                                                                                                                  <rtd>c3EAfgAjdXEAfgAnAAAAA3VxAH4AKQAAAAF0AAU8c3BhbnVxAH4AKQAAAAF0AAE+dXEAfgApAAAAAXQABzwvc3Bhbj4=</rtd>
                                                                                                                  <name>span</name>
                                                                                                                  <xmlAttributes>
                                                                                                                     <ptk:l location="Target:166:66">
                                                                                                                        <WtXmlAttribute location="Target:166:66">
                                                                                                                           <rtd>c3EAfgAjdXEAfgAnAAAAAnVxAH4AKQAAAAF0AAggc3R5bGU9InVxAH4AKQAAAAF0AAEi</rtd>
                                                                                                                           <name>style</name>
                                                                                                                           <value>
                                                                                                                              <ptk:l location="Target:166:74">
                                                                                                                                 <ptk:t location="Target:166:74">white-space:nowrap</ptk:t>
                                                                                                                              </ptk:l>
                                                                                                                           </value>
                                                                                                                        </WtXmlAttribute>
                                                                                                                     </ptk:l>
                                                                                                                  </xmlAttributes>
                                                                                                                  <body>
                                                                                                                     <ptk:l>
                                                                                                                        <ptk:t>
</ptk:t>
                                                                                                                        <WtInternalLink>
                                                                                                                           <rtd>c3EAfgAjdXEAfgAnAAAAA3VxAH4AKQAAAAFxAH4BVnEAfgC6dXEAfgApAAAAAXEAfgFY</rtd>
                                                                                                                           <prefix/>
                                                                                                                           <postfix/>
                                                                                                                           <target>
                                                                                                                              <WtPageName location="Target:167:3">
                                                                                                                                 <content> السنغال </content>
                                                                                                                                 <rtd null="true"/>
                                                                                                                              </WtPageName>
                                                                                                                           </target>
                                                                                                                           <title>
                                                                                                                              <ptk:l>
                                                                                                                                 <ptk:t location="Target:167:13">السنغال</ptk:t>
                                                                                                                              </ptk:l>
                                                                                                                           </title>
                                                                                                                        </WtInternalLink>
                                                                                                                        <WtXmlEntityRef location="Target:167:23">
                                                                                                                           <rtd>c3EAfgAjdXEAfgAnAAAAAXVxAH4AKQAAAAF0AAYmbmJzcDs=</rtd>
                                                                                                                           <name>nbsp</name>
                                                                                                                           <resolved> </resolved>
                                                                                                                        </WtXmlEntityRef>
                                                                                                                        <ptk:t location="Target:167:28">•</ptk:t>
                                                                                                                     </ptk:l>
                                                                                                                  </body>
                                                                                                               </WtXmlElement>
                                                                                                               <ptk:t location="Target:167:36"> </ptk:t>
                                                                                                               <WtXmlElement>
                                                                                                                  <rtd>c3EAfgAjdXEAfgAnAAAAA3VxAH4AKQAAAAF0AAU8c3BhbnVxAH4AKQAAAAF0AAE+dXEAfgApAAAAAXQABzwvc3Bhbj4=</rtd>
                                                                                                                  <name>span</name>
                                                                                                                  <xmlAttributes>
                                                                                                                     <ptk:l location="Target:167:42">
                                                                                                                        <WtXmlAttribute location="Target:167:42">
                                                                                                                           <rtd>c3EAfgAjdXEAfgAnAAAAAnVxAH4AKQAAAAF0AAggc3R5bGU9InVxAH4AKQAAAAF0AAEi</rtd>
                                                                                                                           <name>style</name>
                                                                                                                           <value>
                                                                                                                              <ptk:l location="Target:167:50">
                                                                                                                                 <ptk:t location="Target:167:50">white-space:nowrap</ptk:t>
                                                                                                                              </ptk:l>
                                                                                                                           </value>
                                                                                                                        </WtXmlAttribute>
                                                                                                                     </ptk:l>
                                                                                                                  </xmlAttributes>
                                                                                                                  <body>
                                                                                                                     <ptk:l>
                                                                                                                        <ptk:t>
</ptk:t>
                                                                                                                        <WtInternalLink>
                                                                                                                           <rtd>c3EAfgAjdXEAfgAnAAAAA3VxAH4AKQAAAAFxAH4BVnEAfgC6dXEAfgApAAAAAXEAfgFY</rtd>
                                                                                                                           <prefix/>
                                                                                                                           <postfix/>
                                                                                                                           <target>
                                                                                                                              <WtPageName location="Target:168:3">
                                                                                                                                 <content> سيشيل </content>
                                                                                                                                 <rtd null="true"/>
                                                                                                                              </WtPageName>
                                                                                                                           </target>
                                                                                                                           <title>
                                                                                                                              <ptk:l>
                                                                                                                                 <ptk:t location="Target:168:11">سيشيل</ptk:t>
                                                                                                                              </ptk:l>
                                                                                                                           </title>
                                                                                                                        </WtInternalLink>
                                                                                                                        <WtXmlEntityRef location="Target:168:19">
                                                                                                                           <rtd>c3EAfgAjdXEAfgAnAAAAAXVxAH4AKQAAAAF0AAYmbmJzcDs=</rtd>
                                                                                                                           <name>nbsp</name>
                                                                                                                           <resolved> </resolved>
                                                                                                                        </WtXmlEntityRef>
                                                                                                                        <ptk:t location="Target:168:24">•</ptk:t>
                                                                                                                     </ptk:l>
                                                                                                                  </body>
                                                                                                               </WtXmlElement>
                                                                                                               <ptk:t location="Target:168:32"> </ptk:t>
                                                                                                               <WtXmlElement>
                                                                                                                  <rtd>c3EAfgAjdXEAfgAnAAAAA3VxAH4AKQAAAAF0AAU8c3BhbnVxAH4AKQAAAAF0AAE+dXEAfgApAAAAAXQABzwvc3Bhbj4=</rtd>
                                                                                                                  <name>span</name>
                                                                                                                  <xmlAttributes>
                                                                                                                     <ptk:l location="Target:168:38">
                                                                                                                        <WtXmlAttribute location="Target:168:38">
                                                                                                                           <rtd>c3EAfgAjdXEAfgAnAAAAAnVxAH4AKQAAAAF0AAggc3R5bGU9InVxAH4AKQAAAAF0AAEi</rtd>
                                                                                                                           <name>style</name>
                                                                                                                           <value>
                                                                                                                              <ptk:l location="Target:168:46">
                                                                                                                                 <ptk:t location="Target:168:46">white-space:nowrap</ptk:t>
                                                                                                                              </ptk:l>
                                                                                                                           </value>
                                                                                                                        </WtXmlAttribute>
                                                                                                                     </ptk:l>
                                                                                                                  </xmlAttributes>
                                                                                                                  <body>
                                                                                                                     <ptk:l>
                                                                                                                        <ptk:t>
</ptk:t>
                                                                                                                        <WtInternalLink>
                                                                                                                           <rtd>c3EAfgAjdXEAfgAnAAAAA3VxAH4AKQAAAAFxAH4BVnEAfgC6dXEAfgApAAAAAXEAfgFY</rtd>
                                                                                                                           <prefix/>
                                                                                                                           <postfix/>
                                                                                                                           <target>
                                                                                                                              <WtPageName location="Target:169:3">
                                                                                                                                 <content> سيراليون </content>
                                                                                                                                 <rtd null="true"/>
                                                                                                                              </WtPageName>
                                                                                                                           </target>
                                                                                                                           <title>
                                                                                                                              <ptk:l>
                                                                                                                                 <ptk:t location="Target:169:14">سيراليون</ptk:t>
                                                                                                                              </ptk:l>
                                                                                                                           </title>
                                                                                                                        </WtInternalLink>
                                                                                                                        <WtXmlEntityRef location="Target:169:25">
                                                                                                                           <rtd>c3EAfgAjdXEAfgAnAAAAAXVxAH4AKQAAAAF0AAYmbmJzcDs=</rtd>
                                                                                                                           <name>nbsp</name>
                                                                                                                           <resolved> </resolved>
                                                                                                                        </WtXmlEntityRef>
                                                                                                                        <ptk:t location="Target:169:30">•</ptk:t>
                                                                                                                     </ptk:l>
                                                                                                                  </body>
                                                                                                               </WtXmlElement>
                                                                                                               <ptk:t location="Target:169:38"> </ptk:t>
                                                                                                               <WtXmlElement>
                                                                                                                  <rtd>c3EAfgAjdXEAfgAnAAAAA3VxAH4AKQAAAAF0AAU8c3BhbnVxAH4AKQAAAAF0AAE+dXEAfgApAAAAAXQABzwvc3Bhbj4=</rtd>
                                                                                                                  <name>span</name>
                                                                                                                  <xmlAttributes>
                                                                                                                     <ptk:l location="Target:169:44">
                                                                                                                        <WtXmlAttribute location="Target:169:44">
                                                                                                                           <rtd>c3EAfgAjdXEAfgAnAAAAAnVxAH4AKQAAAAF0AAggc3R5bGU9InVxAH4AKQAAAAF0AAEi</rtd>
                                                                                                                           <name>style</name>
                                                                                                                           <value>
                                                                                                                              <ptk:l location="Target:169:52">
                                                                                                                                 <ptk:t location="Target:169:52">white-space:nowrap</ptk:t>
                                                                                                                              </ptk:l>
                                                                                                                           </value>
                                                                                                                        </WtXmlAttribute>
                                                                                                                     </ptk:l>
                                                                                                                  </xmlAttributes>
                                                                                                                  <body>
                                                                                                                     <ptk:l>
                                                                                                                        <ptk:t>
</ptk:t>
                                                                                                                        <WtInternalLink>
                                                                                                                           <rtd>c3EAfgAjdXEAfgAnAAAAA3VxAH4AKQAAAAFxAH4BVnEAfgC6dXEAfgApAAAAAXEAfgFY</rtd>
                                                                                                                           <prefix/>
                                                                                                                           <postfix/>
                                                                                                                           <target>
                                                                                                                              <WtPageName location="Target:170:3">
                                                                                                                                 <content> الصومال </content>
                                                                                                                                 <rtd null="true"/>
                                                                                                                              </WtPageName>
                                                                                                                           </target>
                                                                                                                           <title>
                                                                                                                              <ptk:l>
                                                                                                                                 <ptk:t location="Target:170:13">الصومال</ptk:t>
                                                                                                                              </ptk:l>
                                                                                                                           </title>
                                                                                                                        </WtInternalLink>
                                                                                                                        <WtXmlEntityRef location="Target:170:23">
                                                                                                                           <rtd>c3EAfgAjdXEAfgAnAAAAAXVxAH4AKQAAAAF0AAYmbmJzcDs=</rtd>
                                                                                                                           <name>nbsp</name>
                                                                                                                           <resolved> </resolved>
                                                                                                                        </WtXmlEntityRef>
                                                                                                                        <ptk:t location="Target:170:28">•</ptk:t>
                                                                                                                     </ptk:l>
                                                                                                                  </body>
                                                                                                               </WtXmlElement>
                                                                                                               <ptk:t location="Target:170:36"> </ptk:t>
                                                                                                               <WtXmlElement>
                                                                                                                  <rtd>c3EAfgAjdXEAfgAnAAAAA3VxAH4AKQAAAAF0AAU8c3BhbnVxAH4AKQAAAAF0AAE+dXEAfgApAAAAAXQABzwvc3Bhbj4=</rtd>
                                                                                                                  <name>span</name>
                                                                                                                  <xmlAttributes>
                                                                                                                     <ptk:l location="Target:170:42">
                                                                                                                        <WtXmlAttribute location="Target:170:42">
                                                                                                                           <rtd>c3EAfgAjdXEAfgAnAAAAAnVxAH4AKQAAAAF0AAggc3R5bGU9InVxAH4AKQAAAAF0AAEi</rtd>
                                                                                                                           <name>style</name>
                                                                                                                           <value>
                                                                                                                              <ptk:l location="Target:170:50">
                                                                                                                                 <ptk:t location="Target:170:50">white-space:nowrap</ptk:t>
                                                                                                                              </ptk:l>
                                                                                                                           </value>
                                                                                                                        </WtXmlAttribute>
                                                                                                                     </ptk:l>
                                                                                                                  </xmlAttributes>
                                                                                                                  <body>
                                                                                                                     <ptk:l>
                                                                                                                        <ptk:t>
</ptk:t>
                                                                                                                        <WtInternalLink>
                                                                                                                           <rtd>c3EAfgAjdXEAfgAnAAAAA3VxAH4AKQAAAAFxAH4BVnEAfgC6dXEAfgApAAAAAXEAfgFY</rtd>
                                                                                                                           <prefix/>
                                                                                                                           <postfix/>
                                                                                                                           <target>
                                                                                                                              <WtPageName location="Target:171:3">
                                                                                                                                 <content> جنوب افريقيا </content>
                                                                                                                                 <rtd null="true"/>
                                                                                                                              </WtPageName>
                                                                                                                           </target>
                                                                                                                           <title>
                                                                                                                              <ptk:l>
                                                                                                                                 <ptk:t location="Target:171:18">جنوب افريقيا</ptk:t>
                                                                                                                              </ptk:l>
                                                                                                                           </title>
                                                                                                                        </WtInternalLink>
                                                                                                                        <WtXmlEntityRef location="Target:171:33">
                                                                                                                           <rtd>c3EAfgAjdXEAfgAnAAAAAXVxAH4AKQAAAAF0AAYmbmJzcDs=</rtd>
                                                                                                                           <name>nbsp</name>
                                                                                                                           <resolved> </resolved>
                                                                                                                        </WtXmlEntityRef>
                                                                                                                        <ptk:t location="Target:171:38">•</ptk:t>
                                                                                                                     </ptk:l>
                                                                                                                  </body>
                                                                                                               </WtXmlElement>
                                                                                                               <ptk:t location="Target:171:46"> </ptk:t>
                                                                                                               <WtXmlElement>
                                                                                                                  <rtd>c3EAfgAjdXEAfgAnAAAAA3VxAH4AKQAAAAF0AAU8c3BhbnVxAH4AKQAAAAF0AAE+dXEAfgApAAAAAXQABzwvc3Bhbj4=</rtd>
                                                                                                                  <name>span</name>
                                                                                                                  <xmlAttributes>
                                                                                                                     <ptk:l location="Target:171:52">
                                                                                                                        <WtXmlAttribute location="Target:171:52">
                                                                                                                           <rtd>c3EAfgAjdXEAfgAnAAAAAnVxAH4AKQAAAAF0AAggc3R5bGU9InVxAH4AKQAAAAF0AAEi</rtd>
                                                                                                                           <name>style</name>
                                                                                                                           <value>
                                                                                                                              <ptk:l location="Target:171:60">
                                                                                                                                 <ptk:t location="Target:171:60">white-space:nowrap</ptk:t>
                                                                                                                              </ptk:l>
                                                                                                                           </value>
                                                                                                                        </WtXmlAttribute>
                                                                                                                     </ptk:l>
                                                                                                                  </xmlAttributes>
                                                                                                                  <body>
                                                                                                                     <ptk:l>
                                                                                                                        <ptk:t>
</ptk:t>
                                                                                                                        <WtInternalLink>
                                                                                                                           <rtd>c3EAfgAjdXEAfgAnAAAAA3VxAH4AKQAAAAFxAH4BVnEAfgC6dXEAfgApAAAAAXEAfgFY</rtd>
                                                                                                                           <prefix/>
                                                                                                                           <postfix/>
                                                                                                                           <target>
                                                                                                                              <WtPageName location="Target:172:3">
                                                                                                                                 <content> جنوب السودان </content>
                                                                                                                                 <rtd null="true"/>
                                                                                                                              </WtPageName>
                                                                                                                           </target>
                                                                                                                           <title>
                                                                                                                              <ptk:l>
                                                                                                                                 <ptk:t location="Target:172:18">جنوب السودان</ptk:t>
                                                                                                                              </ptk:l>
                                                                                                                           </title>
                                                                                                                        </WtInternalLink>
                                                                                                                        <WtXmlEntityRef location="Target:172:33">
                                                                                                                           <rtd>c3EAfgAjdXEAfgAnAAAAAXVxAH4AKQAAAAF0AAYmbmJzcDs=</rtd>
                                                                                                                           <name>nbsp</name>
                                                                                                                           <resolved> </resolved>
                                                                                                                        </WtXmlEntityRef>
                                                                                                                        <ptk:t location="Target:172:38">•</ptk:t>
                                                                                                                     </ptk:l>
                                                                                                                  </body>
                                                                                                               </WtXmlElement>
                                                                                                               <ptk:t location="Target:172:46"> </ptk:t>
                                                                                                               <WtXmlElement>
                                                                                                                  <rtd>c3EAfgAjdXEAfgAnAAAAA3VxAH4AKQAAAAF0AAU8c3BhbnVxAH4AKQAAAAF0AAE+dXEAfgApAAAAAXQABzwvc3Bhbj4=</rtd>
                                                                                                                  <name>span</name>
                                                                                                                  <xmlAttributes>
                                                                                                                     <ptk:l location="Target:172:52">
                                                                                                                        <WtXmlAttribute location="Target:172:52">
                                                                                                                           <rtd>c3EAfgAjdXEAfgAnAAAAAnVxAH4AKQAAAAF0AAggc3R5bGU9InVxAH4AKQAAAAF0AAEi</rtd>
                                                                                                                           <name>style</name>
                                                                                                                           <value>
                                                                                                                              <ptk:l location="Target:172:60">
                                                                                                                                 <ptk:t location="Target:172:60">white-space:nowrap</ptk:t>
                                                                                                                              </ptk:l>
                                                                                                                           </value>
                                                                                                                        </WtXmlAttribute>
                                                                                                                     </ptk:l>
                                                                                                                  </xmlAttributes>
                                                                                                                  <body>
                                                                                                                     <ptk:l>
                                                                                                                        <ptk:t>
</ptk:t>
                                                                                                                        <WtInternalLink>
                                                                                                                           <rtd>c3EAfgAjdXEAfgAnAAAAA3VxAH4AKQAAAAFxAH4BVnEAfgC6dXEAfgApAAAAAXEAfgFY</rtd>
                                                                                                                           <prefix/>
                                                                                                                           <postfix/>
                                                                                                                           <target>
                                                                                                                              <WtPageName location="Target:173:3">
                                                                                                                                 <content> السودان </content>
                                                                                                                                 <rtd null="true"/>
                                                                                                                              </WtPageName>
                                                                                                                           </target>
                                                                                                                           <title>
                                                                                                                              <ptk:l>
                                                                                                                                 <ptk:t location="Target:173:13">السودان</ptk:t>
                                                                                                                              </ptk:l>
                                                                                                                           </title>
                                                                                                                        </WtInternalLink>
                                                                                                                        <WtXmlEntityRef location="Target:173:23">
                                                                                                                           <rtd>c3EAfgAjdXEAfgAnAAAAAXVxAH4AKQAAAAF0AAYmbmJzcDs=</rtd>
                                                                                                                           <name>nbsp</name>
                                                                                                                           <resolved> </resolved>
                                                                                                                        </WtXmlEntityRef>
                                                                                                                        <ptk:t location="Target:173:28">•</ptk:t>
                                                                                                                     </ptk:l>
                                                                                                                  </body>
                                                                                                               </WtXmlElement>
                                                                                                               <ptk:t location="Target:173:36"> </ptk:t>
                                                                                                               <WtXmlElement>
                                                                                                                  <rtd>c3EAfgAjdXEAfgAnAAAAA3VxAH4AKQAAAAF0AAU8c3BhbnVxAH4AKQAAAAF0AAE+dXEAfgApAAAAAXQABzwvc3Bhbj4=</rtd>
                                                                                                                  <name>span</name>
                                                                                                                  <xmlAttributes>
                                                                                                                     <ptk:l location="Target:173:42">
                                                                                                                        <WtXmlAttribute location="Target:173:42">
                                                                                                                           <rtd>c3EAfgAjdXEAfgAnAAAAAnVxAH4AKQAAAAF0AAggc3R5bGU9InVxAH4AKQAAAAF0AAEi</rtd>
                                                                                                                           <name>style</name>
                                                                                                                           <value>
                                                                                                                              <ptk:l location="Target:173:50">
                                                                                                                                 <ptk:t location="Target:173:50">white-space:nowrap</ptk:t>
                                                                                                                              </ptk:l>
                                                                                                                           </value>
                                                                                                                        </WtXmlAttribute>
                                                                                                                     </ptk:l>
                                                                                                                  </xmlAttributes>
                                                                                                                  <body>
                                                                                                                     <ptk:l>
                                                                                                                        <ptk:t>
</ptk:t>
                                                                                                                        <WtInternalLink>
                                                                                                                           <rtd>c3EAfgAjdXEAfgAnAAAAA3VxAH4AKQAAAAFxAH4BVnEAfgC6dXEAfgApAAAAAXEAfgFY</rtd>
                                                                                                                           <prefix/>
                                                                                                                           <postfix/>
                                                                                                                           <target>
                                                                                                                              <WtPageName location="Target:174:3">
                                                                                                                                 <content> سوازيلاند </content>
                                                                                                                                 <rtd null="true"/>
                                                                                                                              </WtPageName>
                                                                                                                           </target>
                                                                                                                           <title>
                                                                                                                              <ptk:l>
                                                                                                                                 <ptk:t location="Target:174:15">سوازيلاند</ptk:t>
                                                                                                                              </ptk:l>
                                                                                                                           </title>
                                                                                                                        </WtInternalLink>
                                                                                                                        <WtXmlEntityRef location="Target:174:27">
                                                                                                                           <rtd>c3EAfgAjdXEAfgAnAAAAAXVxAH4AKQAAAAF0AAYmbmJzcDs=</rtd>
                                                                                                                           <name>nbsp</name>
                                                                                                                           <resolved> </resolved>
                                                                                                                        </WtXmlEntityRef>
                                                                                                                        <ptk:t location="Target:174:32">•</ptk:t>
                                                                                                                     </ptk:l>
                                                                                                                  </body>
                                                                                                               </WtXmlElement>
                                                                                                               <ptk:t location="Target:174:40"> </ptk:t>
                                                                                                               <WtXmlElement>
                                                                                                                  <rtd>c3EAfgAjdXEAfgAnAAAAA3VxAH4AKQAAAAF0AAU8c3BhbnVxAH4AKQAAAAF0AAE+dXEAfgApAAAAAXQABzwvc3Bhbj4=</rtd>
                                                                                                                  <name>span</name>
                                                                                                                  <xmlAttributes>
                                                                                                                     <ptk:l location="Target:174:46">
                                                                                                                        <WtXmlAttribute location="Target:174:46">
                                                                                                                           <rtd>c3EAfgAjdXEAfgAnAAAAAnVxAH4AKQAAAAF0AAggc3R5bGU9InVxAH4AKQAAAAF0AAEi</rtd>
                                                                                                                           <name>style</name>
                                                                                                                           <value>
                                                                                                                              <ptk:l location="Target:174:54">
                                                                                                                                 <ptk:t location="Target:174:54">white-space:nowrap</ptk:t>
                                                                                                                              </ptk:l>
                                                                                                                           </value>
                                                                                                                        </WtXmlAttribute>
                                                                                                                     </ptk:l>
                                                                                                                  </xmlAttributes>
                                                                                                                  <body>
                                                                                                                     <ptk:l>
                                                                                                                        <ptk:t>
</ptk:t>
                                                                                                                        <WtInternalLink>
                                                                                                                           <rtd>c3EAfgAjdXEAfgAnAAAAA3VxAH4AKQAAAAFxAH4BVnEAfgC6dXEAfgApAAAAAXEAfgFY</rtd>
                                                                                                                           <prefix/>
                                                                                                                           <postfix/>
                                                                                                                           <target>
                                                                                                                              <WtPageName location="Target:175:3">
                                                                                                                                 <content> تنزانيا </content>
                                                                                                                                 <rtd null="true"/>
                                                                                                                              </WtPageName>
                                                                                                                           </target>
                                                                                                                           <title>
                                                                                                                              <ptk:l>
                                                                                                                                 <ptk:t location="Target:175:13">تنزانيا</ptk:t>
                                                                                                                              </ptk:l>
                                                                                                                           </title>
                                                                                                                        </WtInternalLink>
                                                                                                                        <WtXmlEntityRef location="Target:175:23">
                                                                                                                           <rtd>c3EAfgAjdXEAfgAnAAAAAXVxAH4AKQAAAAF0AAYmbmJzcDs=</rtd>
                                                                                                                           <name>nbsp</name>
                                                                                                                           <resolved> </resolved>
                                                                                                                        </WtXmlEntityRef>
                                                                                                                        <ptk:t location="Target:175:28">•</ptk:t>
                                                                                                                     </ptk:l>
                                                                                                                  </body>
                                                                                                               </WtXmlElement>
                                                                                                               <ptk:t location="Target:175:36"> </ptk:t>
                                                                                                               <WtXmlElement>
                                                                                                                  <rtd>c3EAfgAjdXEAfgAnAAAAA3VxAH4AKQAAAAF0AAU8c3BhbnVxAH4AKQAAAAF0AAE+dXEAfgApAAAAAXQABzwvc3Bhbj4=</rtd>
                                                                                                                  <name>span</name>
                                                                                                                  <xmlAttributes>
                                                                                                                     <ptk:l location="Target:175:42">
                                                                                                                        <WtXmlAttribute location="Target:175:42">
                                                                                                                           <rtd>c3EAfgAjdXEAfgAnAAAAAnVxAH4AKQAAAAF0AAggc3R5bGU9InVxAH4AKQAAAAF0AAEi</rtd>
                                                                                                                           <name>style</name>
                                                                                                                           <value>
                                                                                                                              <ptk:l location="Target:175:50">
                                                                                                                                 <ptk:t location="Target:175:50">white-space:nowrap</ptk:t>
                                                                                                                              </ptk:l>
                                                                                                                           </value>
                                                                                                                        </WtXmlAttribute>
                                                                                                                     </ptk:l>
                                                                                                                  </xmlAttributes>
                                                                                                                  <body>
                                                                                                                     <ptk:l>
                                                                                                                        <ptk:t>
</ptk:t>
                                                                                                                        <WtInternalLink>
                                                                                                                           <rtd>c3EAfgAjdXEAfgAnAAAAA3VxAH4AKQAAAAFxAH4BVnEAfgC6dXEAfgApAAAAAXEAfgFY</rtd>
                                                                                                                           <prefix/>
                                                                                                                           <postfix/>
                                                                                                                           <target>
                                                                                                                              <WtPageName location="Target:176:3">
                                                                                                                                 <content> توجو </content>
                                                                                                                                 <rtd null="true"/>
                                                                                                                              </WtPageName>
                                                                                                                           </target>
                                                                                                                           <title>
                                                                                                                              <ptk:l>
                                                                                                                                 <ptk:t location="Target:176:10">توجو</ptk:t>
                                                                                                                              </ptk:l>
                                                                                                                           </title>
                                                                                                                        </WtInternalLink>
                                                                                                                        <WtXmlEntityRef location="Target:176:17">
                                                                                                                           <rtd>c3EAfgAjdXEAfgAnAAAAAXVxAH4AKQAAAAF0AAYmbmJzcDs=</rtd>
                                                                                                                           <name>nbsp</name>
                                                                                                                           <resolved> </resolved>
                                                                                                                        </WtXmlEntityRef>
                                                                                                                        <ptk:t location="Target:176:22">•</ptk:t>
                                                                                                                     </ptk:l>
                                                                                                                  </body>
                                                                                                               </WtXmlElement>
                                                                                                               <ptk:t location="Target:176:30"> </ptk:t>
                                                                                                               <WtXmlElement>
                                                                                                                  <rtd>c3EAfgAjdXEAfgAnAAAAA3VxAH4AKQAAAAF0AAU8c3BhbnVxAH4AKQAAAAF0AAE+dXEAfgApAAAAAXQABzwvc3Bhbj4=</rtd>
                                                                                                                  <name>span</name>
                                                                                                                  <xmlAttributes>
                                                                                                                     <ptk:l location="Target:176:36">
                                                                                                                        <WtXmlAttribute location="Target:176:36">
                                                                                                                           <rtd>c3EAfgAjdXEAfgAnAAAAAnVxAH4AKQAAAAF0AAggc3R5bGU9InVxAH4AKQAAAAF0AAEi</rtd>
                                                                                                                           <name>style</name>
                                                                                                                           <value>
                                                                                                                              <ptk:l location="Target:176:44">
                                                                                                                                 <ptk:t location="Target:176:44">white-space:nowrap</ptk:t>
                                                                                                                              </ptk:l>
                                                                                                                           </value>
                                                                                                                        </WtXmlAttribute>
                                                                                                                     </ptk:l>
                                                                                                                  </xmlAttributes>
                                                                                                                  <body>
                                                                                                                     <ptk:l>
                                                                                                                        <ptk:t>
</ptk:t>
                                                                                                                        <WtInternalLink>
                                                                                                                           <rtd>c3EAfgAjdXEAfgAnAAAAA3VxAH4AKQAAAAFxAH4BVnEAfgC6dXEAfgApAAAAAXEAfgFY</rtd>
                                                                                                                           <prefix/>
                                                                                                                           <postfix/>
                                                                                                                           <target>
                                                                                                                              <WtPageName location="Target:177:3">
                                                                                                                                 <content> تونس </content>
                                                                                                                                 <rtd null="true"/>
                                                                                                                              </WtPageName>
                                                                                                                           </target>
                                                                                                                           <title>
                                                                                                                              <ptk:l>
                                                                                                                                 <ptk:t location="Target:177:10">تونس</ptk:t>
                                                                                                                              </ptk:l>
                                                                                                                           </title>
                                                                                                                        </WtInternalLink>
                                                                                                                        <WtXmlEntityRef location="Target:177:17">
                                                                                                                           <rtd>c3EAfgAjdXEAfgAnAAAAAXVxAH4AKQAAAAF0AAYmbmJzcDs=</rtd>
                                                                                                                           <name>nbsp</name>
                                                                                                                           <resolved> </resolved>
                                                                                                                        </WtXmlEntityRef>
                                                                                                                        <ptk:t location="Target:177:22">•</ptk:t>
                                                                                                                     </ptk:l>
                                                                                                                  </body>
                                                                                                               </WtXmlElement>
                                                                                                               <ptk:t location="Target:177:30"> </ptk:t>
                                                                                                               <WtXmlElement>
                                                                                                                  <rtd>c3EAfgAjdXEAfgAnAAAAA3VxAH4AKQAAAAF0AAU8c3BhbnVxAH4AKQAAAAF0AAE+dXEAfgApAAAAAXQABzwvc3Bhbj4=</rtd>
                                                                                                                  <name>span</name>
                                                                                                                  <xmlAttributes>
                                                                                                                     <ptk:l location="Target:177:36">
                                                                                                                        <WtXmlAttribute location="Target:177:36">
                                                                                                                           <rtd>c3EAfgAjdXEAfgAnAAAAAnVxAH4AKQAAAAF0AAggc3R5bGU9InVxAH4AKQAAAAF0AAEi</rtd>
                                                                                                                           <name>style</name>
                                                                                                                           <value>
                                                                                                                              <ptk:l location="Target:177:44">
                                                                                                                                 <ptk:t location="Target:177:44">white-space:nowrap</ptk:t>
                                                                                                                              </ptk:l>
                                                                                                                           </value>
                                                                                                                        </WtXmlAttribute>
                                                                                                                     </ptk:l>
                                                                                                                  </xmlAttributes>
                                                                                                                  <body>
                                                                                                                     <ptk:l>
                                                                                                                        <ptk:t>
</ptk:t>
                                                                                                                        <WtInternalLink>
                                                                                                                           <rtd>c3EAfgAjdXEAfgAnAAAAA3VxAH4AKQAAAAFxAH4BVnEAfgC6dXEAfgApAAAAAXEAfgFY</rtd>
                                                                                                                           <prefix/>
                                                                                                                           <postfix/>
                                                                                                                           <target>
                                                                                                                              <WtPageName location="Target:178:3">
                                                                                                                                 <content> اوجاندا </content>
                                                                                                                                 <rtd null="true"/>
                                                                                                                              </WtPageName>
                                                                                                                           </target>
                                                                                                                           <title>
                                                                                                                              <ptk:l>
                                                                                                                                 <ptk:t location="Target:178:13">اوجاندا</ptk:t>
                                                                                                                              </ptk:l>
                                                                                                                           </title>
                                                                                                                        </WtInternalLink>
                                                                                                                        <WtXmlEntityRef location="Target:178:23">
                                                                                                                           <rtd>c3EAfgAjdXEAfgAnAAAAAXVxAH4AKQAAAAF0AAYmbmJzcDs=</rtd>
                                                                                                                           <name>nbsp</name>
                                                                                                                           <resolved> </resolved>
                                                                                                                        </WtXmlEntityRef>
                                                                                                                        <ptk:t location="Target:178:28">•</ptk:t>
                                                                                                                     </ptk:l>
                                                                                                                  </body>
                                                                                                               </WtXmlElement>
                                                                                                               <ptk:t location="Target:178:36"> </ptk:t>
                                                                                                               <WtXmlElement>
                                                                                                                  <rtd>c3EAfgAjdXEAfgAnAAAAA3VxAH4AKQAAAAF0AAU8c3BhbnVxAH4AKQAAAAF0AAE+dXEAfgApAAAAAXQABzwvc3Bhbj4=</rtd>
                                                                                                                  <name>span</name>
                                                                                                                  <xmlAttributes>
                                                                                                                     <ptk:l location="Target:178:42">
                                                                                                                        <WtXmlAttribute location="Target:178:42">
                                                                                                                           <rtd>c3EAfgAjdXEAfgAnAAAAAnVxAH4AKQAAAAF0AAggc3R5bGU9InVxAH4AKQAAAAF0AAEi</rtd>
                                                                                                                           <name>style</name>
                                                                                                                           <value>
                                                                                                                              <ptk:l location="Target:178:50">
                                                                                                                                 <ptk:t location="Target:178:50">white-space:nowrap</ptk:t>
                                                                                                                              </ptk:l>
                                                                                                                           </value>
                                                                                                                        </WtXmlAttribute>
                                                                                                                     </ptk:l>
                                                                                                                  </xmlAttributes>
                                                                                                                  <body>
                                                                                                                     <ptk:l>
                                                                                                                        <ptk:t>
</ptk:t>
                                                                                                                        <WtInternalLink>
                                                                                                                           <rtd>c3EAfgAjdXEAfgAnAAAAA3VxAH4AKQAAAAFxAH4BVnEAfgC6dXEAfgApAAAAAXEAfgFY</rtd>
                                                                                                                           <prefix/>
                                                                                                                           <postfix/>
                                                                                                                           <target>
                                                                                                                              <WtPageName location="Target:179:3">
                                                                                                                                 <content> زامبيا </content>
                                                                                                                                 <rtd null="true"/>
                                                                                                                              </WtPageName>
                                                                                                                           </target>
                                                                                                                           <title>
                                                                                                                              <ptk:l>
                                                                                                                                 <ptk:t location="Target:179:12">زامبيا</ptk:t>
                                                                                                                              </ptk:l>
                                                                                                                           </title>
                                                                                                                        </WtInternalLink>
                                                                                                                        <WtXmlEntityRef location="Target:179:21">
                                                                                                                           <rtd>c3EAfgAjdXEAfgAnAAAAAXVxAH4AKQAAAAF0AAYmbmJzcDs=</rtd>
                                                                                                                           <name>nbsp</name>
                                                                                                                           <resolved> </resolved>
                                                                                                                        </WtXmlEntityRef>
                                                                                                                        <ptk:t location="Target:179:26">•</ptk:t>
                                                                                                                     </ptk:l>
                                                                                                                  </body>
                                                                                                               </WtXmlElement>
                                                                                                               <ptk:t location="Target:179:34"> </ptk:t>
                                                                                                               <WtXmlElement>
                                                                                                                  <rtd>c3EAfgAjdXEAfgAnAAAAA3VxAH4AKQAAAAF0AAU8c3BhbnVxAH4AKQAAAAF0AAE+dXEAfgApAAAAAXQABzwvc3Bhbj4=</rtd>
                                                                                                                  <name>span</name>
                                                                                                                  <xmlAttributes>
                                                                                                                     <ptk:l location="Target:179:40">
                                                                                                                        <WtXmlAttribute location="Target:179:40">
                                                                                                                           <rtd>c3EAfgAjdXEAfgAnAAAAAnVxAH4AKQAAAAF0AAggc3R5bGU9InVxAH4AKQAAAAF0AAEi</rtd>
                                                                                                                           <name>style</name>
                                                                                                                           <value>
                                                                                                                              <ptk:l location="Target:179:48">
                                                                                                                                 <ptk:t location="Target:179:48">white-space:nowrap</ptk:t>
                                                                                                                              </ptk:l>
                                                                                                                           </value>
                                                                                                                        </WtXmlAttribute>
                                                                                                                     </ptk:l>
                                                                                                                  </xmlAttributes>
                                                                                                                  <body>
                                                                                                                     <ptk:l>
                                                                                                                        <ptk:t>
</ptk:t>
                                                                                                                        <WtInternalLink>
                                                                                                                           <rtd>c3EAfgAjdXEAfgAnAAAAA3VxAH4AKQAAAAFxAH4BVnEAfgC6dXEAfgApAAAAAXEAfgFY</rtd>
                                                                                                                           <prefix/>
                                                                                                                           <postfix/>
                                                                                                                           <target>
                                                                                                                              <WtPageName location="Target:180:3">
                                                                                                                                 <content> زيمبابوى </content>
                                                                                                                                 <rtd null="true"/>
                                                                                                                              </WtPageName>
                                                                                                                           </target>
                                                                                                                           <title>
                                                                                                                              <ptk:l>
                                                                                                                                 <ptk:t location="Target:180:14">زيمبابوى</ptk:t>
                                                                                                                              </ptk:l>
                                                                                                                           </title>
                                                                                                                        </WtInternalLink>
                                                                                                                        <WtXmlEntityRef location="Target:180:25">
                                                                                                                           <rtd>c3EAfgAjdXEAfgAnAAAAAXVxAH4AKQAAAAF0AAYmbmJzcDs=</rtd>
                                                                                                                           <name>nbsp</name>
                                                                                                                           <resolved> </resolved>
                                                                                                                        </WtXmlEntityRef>
                                                                                                                        <ptk:t location="Target:180:30">•</ptk:t>
                                                                                                                     </ptk:l>
                                                                                                                  </body>
                                                                                                               </WtXmlElement>
                                                                                                               <ptk:t location="Target:180:38"> </ptk:t>
                                                                                                               <WtXmlElement>
                                                                                                                  <rtd>c3EAfgAjdXEAfgAnAAAAA3VxAH4AKQAAAAF0AAU8c3BhbnVxAH4AKQAAAAF0AAE+dXEAfgApAAAAAXQABzwvc3Bhbj4=</rtd>
                                                                                                                  <name>span</name>
                                                                                                                  <xmlAttributes>
                                                                                                                     <ptk:l location="Target:180:44">
                                                                                                                        <WtXmlAttribute location="Target:180:44">
                                                                                                                           <rtd>c3EAfgAjdXEAfgAnAAAAAnVxAH4AKQAAAAF0AAggc3R5bGU9InVxAH4AKQAAAAF0AAEi</rtd>
                                                                                                                           <name>style</name>
                                                                                                                           <value>
                                                                                                                              <ptk:l location="Target:180:52">
                                                                                                                                 <ptk:t location="Target:180:52">white-space:nowrap</ptk:t>
                                                                                                                              </ptk:l>
                                                                                                                           </value>
                                                                                                                        </WtXmlAttribute>
                                                                                                                     </ptk:l>
                                                                                                                  </xmlAttributes>
                                                                                                                  <body>
                                                                                                                     <ptk:l>
                                                                                                                        <ptk:t>
</ptk:t>
                                                                                                                     </ptk:l>
                                                                                                                  </body>
                                                                                                               </WtXmlElement>
                                                                                                               <ptk:t>
</ptk:t>
                                                                                                            </ptk:l>
                                                                                                         </body>
                                                                                                      </WtXmlElement>
                                                                                                   </ptk:l>
                                                                                                </body>
                                                                                             </WtXmlElement>
                                                                                          </ptk:l>
                                                                                       </body>
                                                                                    </WtXmlElement>
                                                                                    <WtXmlElement>
                                                                                       <rtd>c3EAfgAjdXEAfgAnAAAAA3VxAH4AKQAAAAF0AAM8dGR1cQB+ACkAAAABdAABPnEAfgC6</rtd>
                                                                                       <name>td</name>
                                                                                       <xmlAttributes>
                                                                                          <ptk:l location="Target:182:21">
                                                                                             <WtXmlAttribute location="Target:182:21">
                                                                                                <rtd>c3EAfgAjdXEAfgAnAAAAAnVxAH4AKQAAAAF0AAggY2xhc3M9InVxAH4AKQAAAAF0AAEi</rtd>
                                                                                                <name>class</name>
                                                                                                <value>
                                                                                                   <ptk:l location="Target:182:29">
                                                                                                      <ptk:t location="Target:182:29">navbox-image </ptk:t>
                                                                                                   </ptk:l>
                                                                                                </value>
                                                                                             </WtXmlAttribute>
                                                                                             <WtXmlAttribute location="Target:182:43">
                                                                                                <rtd>c3EAfgAjdXEAfgAnAAAAAnVxAH4AKQAAAAF0AAggc3R5bGU9InVxAH4AKQAAAAF0AAEi</rtd>
                                                                                                <name>style</name>
                                                                                                <value>
                                                                                                   <ptk:l location="Target:182:51">
                                                                                                      <ptk:t location="Target:182:51">width:0%;padding:0px 0px 0px 2px;</ptk:t>
                                                                                                   </ptk:l>
                                                                                                </value>
                                                                                             </WtXmlAttribute>
                                                                                             <WtXmlAttribute location="Target:182:85">
                                                                                                <rtd>c3EAfgAjdXEAfgAnAAAAAnVxAH4AKQAAAAF0AAkgcm93c3Bhbj1xAH4Aug==</rtd>
                                                                                                <name>rowspan</name>
                                                                                                <value>
                                                                                                   <ptk:l location="Target:182:94">
                                                                                                      <ptk:t location="Target:182:94">3</ptk:t>
                                                                                                   </ptk:l>
                                                                                                </value>
                                                                                             </WtXmlAttribute>
                                                                                          </ptk:l>
                                                                                       </xmlAttributes>
                                                                                       <body>
                                                                                          <ptk:l>
                                                                                             <WtXmlElement>
                                                                                                <rtd>c3EAfgAjdXEAfgAnAAAAA3VxAH4AKQAAAAF0AAQ8ZGl2dXEAfgApAAAAAXQAAT51cQB+ACkAAAABdAAGPC9kaXY+</rtd>
                                                                                                <name>div</name>
                                                                                                <xmlAttributes>
                                                                                                   <WtXmlAttributes-WtEmptyXmlAttributes/>
                                                                                                </xmlAttributes>
                                                                                                <body>
                                                                                                   <ptk:l>
                                                                                                      <ptk:t>
</ptk:t>
                                                                                                      <WtImageLink>
                                                                                                         <rtd>c3EAfgAjdXEAfgAnAAAABHVxAH4AKQAAAAFxAH4BVnEAfgC6cQB+ALp1cQB+ACkAAAABcQB+AVg=</rtd>
                                                                                                         <width>-1</width>
                                                                                                         <height>-1</height>
                                                                                                         <upright>false</upright>
                                                                                                         <hAlign>UNSPECIFIED</hAlign>
                                                                                                         <vAlign>MIDDLE</vAlign>
                                                                                                         <format>UNRESTRAINED</format>
                                                                                                         <border>false</border>
                                                                                                         <link>c3EAfgFZcQB+AV9xAH4BYg==</link>
                                                                                                         <alt>
                                                                                                            <WtLinkOptionAltText-WtNoLinkOptionAltText/>
                                                                                                         </alt>
                                                                                                         <target>
                                                                                                            <WtPageName location="Target:183:3">
                                                                                                               <content>ملف:AfricaLocation.svg</content>
                                                                                                               <rtd null="true"/>
                                                                                                            </WtPageName>
                                                                                                         </target>
                                                                                                         <options>
                                                                                                            <ptk:l location="Target:183:25"/>
                                                                                                         </options>
                                                                                                         <title>
                                                                                                            <ptk:l>
                                                                                                               <ptk:t location="Target:183:26">200بك</ptk:t>
                                                                                                            </ptk:l>
                                                                                                         </title>
                                                                                                      </WtImageLink>
                                                                                                   </ptk:l>
                                                                                                </body>
                                                                                             </WtXmlElement>
                                                                                          </ptk:l>
                                                                                       </body>
                                                                                    </WtXmlElement>
                                                                                 </ptk:l>
                                                                              </body>
                                                                           </WtXmlElement>
                                                                           <WtXmlElement>
                                                                              <rtd>c3EAfgAjdXEAfgAnAAAAA3VxAH4AKQAAAAF0AAM8dHJ1cQB+ACkAAAABdAABPnEAfgC6</rtd>
                                                                              <name>tr</name>
                                                                              <xmlAttributes>
                                                                                 <ptk:l location="Target:183:52">
                                                                                    <WtXmlAttribute location="Target:183:52">
                                                                                       <rtd>c3EAfgAjdXEAfgAnAAAAAnVxAH4AKQAAAAF0AAggc3R5bGU9InVxAH4AKQAAAAF0AAEi</rtd>
                                                                                       <name>style</name>
                                                                                       <value>
                                                                                          <ptk:l location="Target:183:60">
                                                                                             <ptk:t location="Target:183:60">height:2px</ptk:t>
                                                                                          </ptk:l>
                                                                                       </value>
                                                                                    </WtXmlAttribute>
                                                                                 </ptk:l>
                                                                              </xmlAttributes>
                                                                              <body>
                                                                                 <ptk:l>
                                                                                    <WtXmlElement>
                                                                                       <rtd>c3EAfgAjdXEAfgAnAAAAA3VxAH4AKQAAAAF0AAM8dGR1cQB+ACkAAAABdAABPnEAfgC6</rtd>
                                                                                       <name>td</name>
                                                                                       <xmlAttributes>
                                                                                          <WtXmlAttributes-WtEmptyXmlAttributes/>
                                                                                       </xmlAttributes>
                                                                                       <body>
                                                                                          <ptk:l/>
                                                                                       </body>
                                                                                    </WtXmlElement>
                                                                                 </ptk:l>
                                                                              </body>
                                                                           </WtXmlElement>
                                                                           <WtXmlElement>
                                                                              <rtd>c3EAfgAjdXEAfgAnAAAAA3VxAH4AKQAAAAF0AAM8dHJ1cQB+ACkAAAABdAABPnEAfgC6</rtd>
                                                                              <name>tr</name>
                                                                              <xmlAttributes>
                                                                                 <WtXmlAttributes-WtEmptyXmlAttributes/>
                                                                              </xmlAttributes>
                                                                              <body>
                                                                                 <ptk:l>
                                                                                    <WtXmlElement>
                                                                                       <rtd>c3EAfgAjdXEAfgAnAAAAA3VxAH4AKQAAAAF0AAM8dGh1cQB+ACkAAAABdAABPnEAfgC6</rtd>
                                                                                       <name>th</name>
                                                                                       <xmlAttributes>
                                                                                          <ptk:l location="Target:183:93">
                                                                                             <WtXmlAttribute location="Target:183:93">
                                                                                                <rtd>c3EAfgAjdXEAfgAnAAAAAnVxAH4AKQAAAAF0AAggc2NvcGU9InVxAH4AKQAAAAF0AAEi</rtd>
                                                                                                <name>scope</name>
                                                                                                <value>
                                                                                                   <ptk:l location="Target:183:101">
                                                                                                      <ptk:t location="Target:183:101">row</ptk:t>
                                                                                                   </ptk:l>
                                                                                                </value>
                                                                                             </WtXmlAttribute>
                                                                                             <WtXmlAttribute location="Target:183:105">
                                                                                                <rtd>c3EAfgAjdXEAfgAnAAAAAnVxAH4AKQAAAAF0AAggY2xhc3M9InVxAH4AKQAAAAF0AAEi</rtd>
                                                                                                <name>class</name>
                                                                                                <value>
                                                                                                   <ptk:l location="Target:183:113">
                                                                                                      <ptk:t location="Target:183:113">navbox-group </ptk:t>
                                                                                                   </ptk:l>
                                                                                                </value>
                                                                                             </WtXmlAttribute>
                                                                                             <WtXmlAttribute location="Target:183:127">
                                                                                                <rtd>c3EAfgAjdXEAfgAnAAAAAnVxAH4AKQAAAAF0AAggc3R5bGU9InVxAH4AKQAAAAF0AAEi</rtd>
                                                                                                <name>style</name>
                                                                                                <value>
                                                                                                   <ptk:l location="Target:183:135">
                                                                                                      <ptk:t location="Target:183:135">;padding:0.35em 1.0em; line-height:1.1em;;</ptk:t>
                                                                                                   </ptk:l>
                                                                                                </value>
                                                                                             </WtXmlAttribute>
                                                                                          </ptk:l>
                                                                                       </xmlAttributes>
                                                                                       <body>
                                                                                          <ptk:l>
                                                                                             <WtInternalLink>
                                                                                                <rtd>c3EAfgAjdXEAfgAnAAAAA3VxAH4AKQAAAAFxAH4BVnEAfgC6dXEAfgApAAAAAXEAfgFY</rtd>
                                                                                                <prefix/>
                                                                                                <postfix/>
                                                                                                <target>
                                                                                                   <WtPageName location="Target:183:181">
                                                                                                      <content>لستة الدول المستقله</content>
                                                                                                      <rtd null="true"/>
                                                                                                   </WtPageName>
                                                                                                </target>
                                                                                                <title>
                                                                                                   <ptk:l>
                                                                                                      <ptk:t location="Target:183:201">جمهوريات و اقاليم</ptk:t>
                                                                                                      <WtXmlElement>
                                                                                                         <rtd>c3EAfgAjdXEAfgAnAAAAA3VxAH4AKQAAAAF0AAM8YnJ1cQB+ACkAAAABdAADIC8+cQB+ALo=</rtd>
                                                                                                         <name>br</name>
                                                                                                         <xmlAttributes>
                                                                                                            <WtXmlAttributes-WtEmptyXmlAttributes/>
                                                                                                         </xmlAttributes>
                                                                                                         <body>
                                                                                                            <WtBody-WtNoBody/>
                                                                                                         </body>
                                                                                                      </WtXmlElement>
                                                                                                      <ptk:t location="Target:183:224"> بتحكم نفسيها</ptk:t>
                                                                                                   </ptk:l>
                                                                                                </title>
                                                                                             </WtInternalLink>
                                                                                          </ptk:l>
                                                                                       </body>
                                                                                    </WtXmlElement>
                                                                                    <WtXmlElement>
                                                                                       <rtd>c3EAfgAjdXEAfgAnAAAAA3VxAH4AKQAAAAF0AAM8dGR1cQB+ACkAAAABdAABPnEAfgC6</rtd>
                                                                                       <name>td</name>
                                                                                       <xmlAttributes>
                                                                                          <ptk:l location="Target:183:247">
                                                                                             <WtXmlAttribute location="Target:183:247">
                                                                                                <rtd>c3EAfgAjdXEAfgAnAAAAAnVxAH4AKQAAAAF0AAggc3R5bGU9InVxAH4AKQAAAAF0AAEi</rtd>
                                                                                                <name>style</name>
                                                                                                <value>
                                                                                                   <ptk:l location="Target:183:255">
                                                                                                      <ptk:t location="Target:183:255">text-align:right;border-right-width:2px;border-right-style:solid;width:100%;padding:0px;font-size:0.95em;;;</ptk:t>
                                                                                                   </ptk:l>
                                                                                                </value>
                                                                                             </WtXmlAttribute>
                                                                                             <WtXmlAttribute location="Target:183:363">
                                                                                                <rtd>c3EAfgAjdXEAfgAnAAAAAnVxAH4AKQAAAAF0AAggY2xhc3M9InVxAH4AKQAAAAF0AAEi</rtd>
                                                                                                <name>class</name>
                                                                                                <value>
                                                                                                   <ptk:l location="Target:183:371">
                                                                                                      <ptk:t location="Target:183:371">navbox-list navbox-even </ptk:t>
                                                                                                   </ptk:l>
                                                                                                </value>
                                                                                             </WtXmlAttribute>
                                                                                          </ptk:l>
                                                                                       </xmlAttributes>
                                                                                       <body>
                                                                                          <ptk:l>
                                                                                             <WtXmlElement>
                                                                                                <rtd>c3EAfgAjdXEAfgAnAAAAA3VxAH4AKQAAAAF0AAQ8ZGl2dXEAfgApAAAAAXQAAT51cQB+ACkAAAABdAAGPC9kaXY+</rtd>
                                                                                                <name>div</name>
                                                                                                <xmlAttributes>
                                                                                                   <ptk:l location="Target:183:401">
                                                                                                      <WtXmlAttribute location="Target:183:401">
                                                                                                         <rtd>c3EAfgAjdXEAfgAnAAAAAnVxAH4AKQAAAAF0AAggc3R5bGU9InVxAH4AKQAAAAF0AAEi</rtd>
                                                                                                         <name>style</name>
                                                                                                         <value>
                                                                                                            <ptk:l location="Target:183:409">
                                                                                                               <ptk:t location="Target:183:409">padding:0em 0.25em</ptk:t>
                                                                                                            </ptk:l>
                                                                                                         </value>
                                                                                                      </WtXmlAttribute>
                                                                                                   </ptk:l>
                                                                                                </xmlAttributes>
                                                                                                <body>
                                                                                                   <ptk:l>
                                                                                                      <ptk:t>
</ptk:t>
                                                                                                      <WtXmlElement>
                                                                                                         <rtd>c3EAfgAjdXEAfgAnAAAAA3VxAH4AKQAAAAF0AAQ8ZGl2dXEAfgApAAAAAXQAAT51cQB+ACkAAAABcQB+ALI=</rtd>
                                                                                                         <name>div</name>
                                                                                                         <xmlAttributes>
                                                                                                            <WtXmlAttributes-WtEmptyXmlAttributes/>
                                                                                                         </xmlAttributes>
                                                                                                         <body>
                                                                                                            <ptk:l>
                                                                                                               <ptk:t>
</ptk:t>
                                                                                                               <WtXmlElement>
                                                                                                                  <rtd>c3EAfgAjdXEAfgAnAAAAA3VxAH4AKQAAAAF0AAU8c3BhbnVxAH4AKQAAAAF0AAE+dXEAfgApAAAAAXQABzwvc3Bhbj4=</rtd>
                                                                                                                  <name>span</name>
                                                                                                                  <xmlAttributes>
                                                                                                                     <ptk:l location="Target:185:6">
                                                                                                                        <WtXmlAttribute location="Target:185:6">
                                                                                                                           <rtd>c3EAfgAjdXEAfgAnAAAAAnVxAH4AKQAAAAF0AAggc3R5bGU9InVxAH4AKQAAAAF0AAEi</rtd>
                                                                                                                           <name>style</name>
                                                                                                                           <value>
                                                                                                                              <ptk:l location="Target:185:14">
                                                                                                                                 <ptk:t location="Target:185:14">white-space:nowrap</ptk:t>
                                                                                                                              </ptk:l>
                                                                                                                           </value>
                                                                                                                        </WtXmlAttribute>
                                                                                                                     </ptk:l>
                                                                                                                  </xmlAttributes>
                                                                                                                  <body>
                                                                                                                     <ptk:l>
                                                                                                                        <ptk:t>
</ptk:t>
                                                                                                                        <WtInternalLink>
                                                                                                                           <rtd>c3EAfgAjdXEAfgAnAAAAA3VxAH4AKQAAAAFxAH4BVnEAfgC6dXEAfgApAAAAAXEAfgFY</rtd>
                                                                                                                           <prefix/>
                                                                                                                           <postfix/>
                                                                                                                           <target>
                                                                                                                              <WtPageName location="Target:186:3">
                                                                                                                                 <content> _جزر الكنارى </content>
                                                                                                                                 <rtd null="true"/>
                                                                                                                              </WtPageName>
                                                                                                                           </target>
                                                                                                                           <title>
                                                                                                                              <ptk:l>
                                                                                                                                 <ptk:t location="Target:186:18">جزر الكنارى</ptk:t>
                                                                                                                              </ptk:l>
                                                                                                                           </title>
                                                                                                                        </WtInternalLink>
                                                                                                                        <WtXmlEntityRef location="Target:186:32">
                                                                                                                           <rtd>c3EAfgAjdXEAfgAnAAAAAXVxAH4AKQAAAAF0AAYmbmJzcDs=</rtd>
                                                                                                                           <name>nbsp</name>
                                                                                                                           <resolved> </resolved>
                                                                                                                        </WtXmlEntityRef>
                                                                                                                        <ptk:t location="Target:186:37">/</ptk:t>
                                                                                                                     </ptk:l>
                                                                                                                  </body>
                                                                                                               </WtXmlElement>
                                                                                                               <ptk:t location="Target:186:45"> </ptk:t>
                                                                                                               <WtXmlElement>
                                                                                                                  <rtd>c3EAfgAjdXEAfgAnAAAAA3VxAH4AKQAAAAF0AAU8c3BhbnVxAH4AKQAAAAF0AAE+dXEAfgApAAAAAXQABzwvc3Bhbj4=</rtd>
                                                                                                                  <name>span</name>
                                                                                                                  <xmlAttributes>
                                                                                                                     <ptk:l location="Target:186:51">
                                                                                                                        <WtXmlAttribute location="Target:186:51">
                                                                                                                           <rtd>c3EAfgAjdXEAfgAnAAAAAnVxAH4AKQAAAAF0AAggc3R5bGU9InVxAH4AKQAAAAF0AAEi</rtd>
                                                                                                                           <name>style</name>
                                                                                                                           <value>
                                                                                                                              <ptk:l location="Target:186:59">
                                                                                                                                 <ptk:t location="Target:186:59">white-space:nowrap;</ptk:t>
                                                                                                                              </ptk:l>
                                                                                                                           </value>
                                                                                                                        </WtXmlAttribute>
                                                                                                                     </ptk:l>
                                                                                                                  </xmlAttributes>
                                                                                                                  <body>
                                                                                                                     <ptk:l>
                                                                                                                        <ptk:t location="Target:186:80"> </ptk:t>
                                                                                                                        <WtInternalLink>
                                                                                                                           <rtd>c3EAfgAjdXEAfgAnAAAAA3VxAH4AKQAAAAFxAH4BVnEAfgC6dXEAfgApAAAAAXEAfgFY</rtd>
                                                                                                                           <prefix/>
                                                                                                                           <postfix/>
                                                                                                                           <target>
                                                                                                                              <WtPageName location="Target:186:83">
                                                                                                                                 <content> ثيويتا </content>
                                                                                                                                 <rtd null="true"/>
                                                                                                                              </WtPageName>
                                                                                                                           </target>
                                                                                                                           <title>
                                                                                                                              <ptk:l>
                                                                                                                                 <ptk:t location="Target:186:92">ثيويتا</ptk:t>
                                                                                                                              </ptk:l>
                                                                                                                           </title>
                                                                                                                        </WtInternalLink>
                                                                                                                        <WtXmlEntityRef location="Target:186:101">
                                                                                                                           <rtd>c3EAfgAjdXEAfgAnAAAAAXVxAH4AKQAAAAF0AAYmbmJzcDs=</rtd>
                                                                                                                           <name>nbsp</name>
                                                                                                                           <resolved> </resolved>
                                                                                                                        </WtXmlEntityRef>
                                                                                                                        <ptk:t location="Target:186:106">/</ptk:t>
                                                                                                                     </ptk:l>
                                                                                                                  </body>
                                                                                                               </WtXmlElement>
                                                                                                               <ptk:t location="Target:186:114"> </ptk:t>
                                                                                                               <WtXmlElement>
                                                                                                                  <rtd>c3EAfgAjdXEAfgAnAAAAA3VxAH4AKQAAAAF0AAU8c3BhbnVxAH4AKQAAAAF0AAE+dXEAfgApAAAAAXQABzwvc3Bhbj4=</rtd>
                                                                                                                  <name>span</name>
                                                                                                                  <xmlAttributes>
                                                                                                                     <ptk:l location="Target:186:120">
                                                                                                                        <WtXmlAttribute location="Target:186:120">
                                                                                                                           <rtd>c3EAfgAjdXEAfgAnAAAAAnVxAH4AKQAAAAF0AAggc3R5bGU9InVxAH4AKQAAAAF0AAEi</rtd>
                                                                                                                           <name>style</name>
                                                                                                                           <value>
                                                                                                                              <ptk:l location="Target:186:128">
                                                                                                                                 <ptk:t location="Target:186:128">white-space:nowrap;</ptk:t>
                                                                                                                              </ptk:l>
                                                                                                                           </value>
                                                                                                                        </WtXmlAttribute>
                                                                                                                     </ptk:l>
                                                                                                                  </xmlAttributes>
                                                                                                                  <body>
                                                                                                                     <ptk:l>
                                                                                                                        <ptk:t location="Target:186:149"> </ptk:t>
                                                                                                                        <WtInternalLink>
                                                                                                                           <rtd>c3EAfgAjdXEAfgAnAAAAA3VxAH4AKQAAAAFxAH4BVnEAfgC6dXEAfgApAAAAAXEAfgFY</rtd>
                                                                                                                           <prefix/>
                                                                                                                           <postfix/>
                                                                                                                           <target>
                                                                                                                              <WtPageName location="Target:186:152">
                                                                                                                                 <content> ميلييا</content>
                                                                                                                                 <rtd null="true"/>
                                                                                                                              </WtPageName>
                                                                                                                           </target>
                                                                                                                           <title>
                                                                                                                              <ptk:l>
                                                                                                                                 <ptk:t location="Target:186:160">ميلييا</ptk:t>
                                                                                                                              </ptk:l>
                                                                                                                           </title>
                                                                                                                        </WtInternalLink>
                                                                                                                        <ptk:t location="Target:186:168"> </ptk:t>
                                                                                                                        <WtXmlElement>
                                                                                                                           <rtd>c3EAfgAjdXEAfgAnAAAAA3VxAH4AKQAAAAF0AAY8c21hbGx1cQB+ACkAAAABdAABPnVxAH4AKQAAAAF0AAg8L3NtYWxsPg==</rtd>
                                                                                                                           <name>small</name>
                                                                                                                           <xmlAttributes>
                                                                                                                              <WtXmlAttributes-WtEmptyXmlAttributes/>
                                                                                                                           </xmlAttributes>
                                                                                                                           <body>
                                                                                                                              <ptk:l>
                                                                                                                                 <ptk:t location="Target:186:176">(</ptk:t>
                                                                                                                                 <WtInternalLink>
                                                                                                                                    <rtd>c3EAfgAjdXEAfgAnAAAAA3VxAH4AKQAAAAFxAH4BVnEAfgC6dXEAfgApAAAAAXEAfgFY</rtd>
                                                                                                                                    <prefix/>
                                                                                                                                    <postfix/>
                                                                                                                                    <target>
                                                                                                                                       <WtPageName location="Target:186:179">
                                                                                                                                          <content>اسبانيا</content>
                                                                                                                                          <rtd null="true"/>
                                                                                                                                       </WtPageName>
                                                                                                                                    </target>
                                                                                                                                    <title>
                                                                                                                                       <WtLinkTitle-WtNoLinkTitle/>
                                                                                                                                    </title>
                                                                                                                                 </WtInternalLink>
                                                                                                                                 <ptk:t location="Target:186:188">)</ptk:t>
                                                                                                                              </ptk:l>
                                                                                                                           </body>
                                                                                                                        </WtXmlElement>
                                                                                                                        <WtXmlEntityRef location="Target:186:198">
                                                                                                                           <rtd>c3EAfgAjdXEAfgAnAAAAAXVxAH4AKQAAAAF0AAYmbmJzcDs=</rtd>
                                                                                                                           <name>nbsp</name>
                                                                                                                           <resolved> </resolved>
                                                                                                                        </WtXmlEntityRef>
                                                                                                                        <WtXmlElement>
                                                                                                                           <rtd>c3EAfgAjdXEAfgAnAAAAA3VxAH4AKQAAAAF0AAI8YnVxAH4AKQAAAAF0AAE+dXEAfgApAAAAAXQABDwvYj4=</rtd>
                                                                                                                           <name>b</name>
                                                                                                                           <xmlAttributes>
                                                                                                                              <WtXmlAttributes-WtEmptyXmlAttributes/>
                                                                                                                           </xmlAttributes>
                                                                                                                           <body>
                                                                                                                              <ptk:l>
                                                                                                                                 <ptk:t location="Target:186:206">·</ptk:t>
                                                                                                                              </ptk:l>
                                                                                                                           </body>
                                                                                                                        </WtXmlElement>
                                                                                                                     </ptk:l>
                                                                                                                  </body>
                                                                                                               </WtXmlElement>
                                                                                                               <ptk:t location="Target:186:218"> </ptk:t>
                                                                                                               <WtXmlElement>
                                                                                                                  <rtd>c3EAfgAjdXEAfgAnAAAAA3VxAH4AKQAAAAF0AAU8c3BhbnVxAH4AKQAAAAF0AAE+cQB+ALo=</rtd>
                                                                                                                  <name>span</name>
                                                                                                                  <xmlAttributes>
                                                                                                                     <ptk:l location="Target:186:224">
                                                                                                                        <WtXmlAttribute location="Target:186:224">
                                                                                                                           <rtd>c3EAfgAjdXEAfgAnAAAAAnVxAH4AKQAAAAF0AAggc3R5bGU9InVxAH4AKQAAAAF0AAEi</rtd>
                                                                                                                           <name>style</name>
                                                                                                                           <value>
                                                                                                                              <ptk:l location="Target:186:232">
                                                                                                                                 <ptk:t location="Target:186:232">white-space:nowrap</ptk:t>
                                                                                                                              </ptk:l>
                                                                                                                           </value>
                                                                                                                        </WtXmlAttribute>
                                                                                                                     </ptk:l>
                                                                                                                  </xmlAttributes>
                                                                                                                  <body>
                                                                                                                     <ptk:l>
                                                                                                                        <ptk:t>
</ptk:t>
                                                                                                                        <WtXmlEntityRef location="Target:187:2">
                                                                                                                           <rtd>c3EAfgAjdXEAfgAnAAAAAXVxAH4AKQAAAAF0AAYmbmJzcDs=</rtd>
                                                                                                                           <name>nbsp</name>
                                                                                                                           <resolved> </resolved>
                                                                                                                        </WtXmlEntityRef>
                                                                                                                        <ptk:t>
</ptk:t>
                                                                                                                        <WtHorizontalRule>
                                                                                                                           <rtd>c3EAfgAjdXEAfgAnAAAAAXVxAH4AKQAAAAF0AAQtLS0t</rtd>
                                                                                                                        </WtHorizontalRule>
                                                                                                                        <ptk:t>
</ptk:t>
                                                                                                                        <ptk:l>
                                                                                                                           <ptk:t location="Target:189:1">This template name redirects to </ptk:t>
                                                                                                                           <WtXmlElement>
                                                                                                                              <rtd>c3EAfgAjdXEAfgAnAAAAA3VxAH4AKQAAAAF0AAM8dHR1cQB+ACkAAAABdAABPnVxAH4AKQAAAAF0AAU8L3R0Pg==</rtd>
                                                                                                                              <name>tt</name>
                                                                                                                              <xmlAttributes>
                                                                                                                                 <WtXmlAttributes-WtEmptyXmlAttributes/>
                                                                                                                              </xmlAttributes>
                                                                                                                              <body>
                                                                                                                                 <ptk:l>
                                                                                                                                    <EngNowiki location="Target:189:37">
                                                                                                                                       <content>{{</content>
                                                                                                                                       <rtd>c3EAfgAjdXEAfgAnAAAAAXVxAH4AKQAAAAF0ABM8bm93aWtpPnt7PC9ub3dpa2k+</rtd>
                                                                                                                                    </EngNowiki>
                                                                                                                                    <WtInternalLink>
                                                                                                                                       <rtd>c3EAfgAjdXEAfgAnAAAAA3VxAH4AKQAAAAFxAH4BVnEAfgC6dXEAfgApAAAAAXEAfgFY</rtd>
                                                                                                                                       <prefix/>
                                                                                                                                       <postfix/>
                                                                                                                                       <target>
                                                                                                                                          <WtPageName location="Target:189:42">
                                                                                                                                             <content>قالب:·wrap</content>
                                                                                                                                             <rtd null="true"/>
                                                                                                                                          </WtPageName>
                                                                                                                                       </target>
                                                                                                                                       <title>
                                                                                                                                          <ptk:l>
                                                                                                                                             <ptk:t location="Target:189:53">·wrap</ptk:t>
                                                                                                                                          </ptk:l>
                                                                                                                                       </title>
                                                                                                                                    </WtInternalLink>
                                                                                                                                    <EngNowiki location="Target:189:60">
                                                                                                                                       <content>}}</content>
                                                                                                                                       <rtd>c3EAfgAjdXEAfgAnAAAAAXVxAH4AKQAAAAF0ABM8bm93aWtpPn19PC9ub3dpa2k+</rtd>
                                                                                                                                    </EngNowiki>
                                                                                                                                 </ptk:l>
                                                                                                                              </body>
                                                                                                                           </WtXmlElement>
                                                                                                                           <ptk:t location="Target:189:68"> which may be edited using [</ptk:t>
                                                                                                                           <WtExternalLink>
                                                                                                                              <rtd>c3EAfgAjdXEAfgAnAAAAA3VxAH4AKQAAAAF0AAFbdXEAfgApAAAAAXQAASB1cQB+ACkAAAABdAABXQ==</rtd>
                                                                                                                              <target>
                                                                                                                                 <WtUrl location="Target:189:97">
                                                                                                                                    <rtd>c3EAfgAjdXEAfgAnAAAAAXVxAH4AKQAAAAF0AFdodHRwOi8vYXJ6Lndpa2lwZWRpYS5vcmcvd2lraS9UZW1wbGF0ZTolQzIlQjd3cmFwP3RpdGxlPVRlbXBsYXRlOiVDMiVCN3dyYXAmYWN0aW9uPWVkaXQ=</rtd>
                                                                                                                                    <protocol>http</protocol>
                                                                                                                                    <path>//arz.wikipedia.org/wiki/Template:%C2%B7wrap?title=Template:%C2%B7wrap&amp;action=edit</path>
                                                                                                                                 </WtUrl>
                                                                                                                              </target>
                                                                                                                              <title>
                                                                                                                                 <ptk:l>
                                                                                                                                    <ptk:t location="Target:189:185">edit</ptk:t>
                                                                                                                                 </ptk:l>
                                                                                                                              </title>
                                                                                                                           </WtExternalLink>
                                                                                                                           <ptk:t location="Target:189:190">].
</ptk:t>
                                                                                                                           <ptk:l>
                                                                                                                              <ptk:t location="Target:190:4">See also</ptk:t>
                                                                                                                           </ptk:l>
                                                                                                                        </ptk:l>
                                                                                                                        <ptk:t>
</ptk:t>
                                                                                                                        <ptk:l>
                                                                                                                           <ptk:l>
                                                                                                                              <WtInternalLink>
                                                                                                                                 <rtd>c3EAfgAjdXEAfgAnAAAAA3VxAH4AKQAAAAFxAH4BVnEAfgC6dXEAfgApAAAAAXEAfgFY</rtd>
                                                                                                                                 <prefix/>
                                                                                                                                 <postfix/>
                                                                                                                                 <target>
                                                                                                                                    <WtPageName location="Target:191:4">
                                                                                                                                       <content>:Category:Redirect templates</content>
                                                                                                                                       <rtd null="true"/>
                                                                                                                                    </WtPageName>
                                                                                                                                 </target>
                                                                                                                                 <title>
                                                                                                                                    <WtLinkTitle-WtNoLinkTitle/>
                                                                                                                                 </title>
                                                                                                                              </WtInternalLink>
                                                                                                                           </ptk:l>
                                                                                                                           <ptk:l>
                                                                                                                              <WtInternalLink>
                                                                                                                                 <rtd>c3EAfgAjdXEAfgAnAAAAA3VxAH4AKQAAAAFxAH4BVnEAfgC6dXEAfgApAAAAAXEAfgFY</rtd>
                                                                                                                                 <prefix/>
                                                                                                                                 <postfix/>
                                                                                                                                 <target>
                                                                                                                                    <WtPageName location="Target:192:4">
                                                                                                                                       <content>:Category:Redirects from other templates</content>
                                                                                                                                       <rtd null="true"/>
                                                                                                                                    </WtPageName>
                                                                                                                                 </target>
                                                                                                                                 <title>
                                                                                                                                    <WtLinkTitle-WtNoLinkTitle/>
                                                                                                                                 </title>
                                                                                                                              </WtInternalLink>
                                                                                                                           </ptk:l>
                                                                                                                           <ptk:l>
                                                                                                                              <WtInternalLink>
                                                                                                                                 <rtd>c3EAfgAjdXEAfgAnAAAAA3VxAH4AKQAAAAFxAH4BVnEAfgC6dXEAfgApAAAAAXEAfgFY</rtd>
                                                                                                                                 <prefix/>
                                                                                                                                 <postfix/>
                                                                                                                                 <target>
                                                                                                                                    <WtPageName location="Target:193:4">
                                                                                                                                       <content>Wikipedia:Redirects</content>
                                                                                                                                       <rtd null="true"/>
                                                                                                                                    </WtPageName>
                                                                                                                                 </target>
                                                                                                                                 <title>
                                                                                                                                    <WtLinkTitle-WtNoLinkTitle/>
                                                                                                                                 </title>
                                                                                                                              </WtInternalLink>
                                                                                                                           </ptk:l>
                                                                                                                           <ptk:l>
                                                                                                                              <WtInternalLink>
                                                                                                                                 <rtd>c3EAfgAjdXEAfgAnAAAAA3VxAH4AKQAAAAFxAH4BVnEAfgC6dXEAfgApAAAAAXEAfgFY</rtd>
                                                                                                                                 <prefix/>
                                                                                                                                 <postfix/>
                                                                                                                                 <target>
                                                                                                                                    <WtPageName location="Target:194:4">
                                                                                                                                       <content>Wikipedia:Template messages/Redirect pages</content>
                                                                                                                                       <rtd null="true"/>
                                                                                                                                    </WtPageName>
                                                                                                                                 </target>
                                                                                                                                 <title>
                                                                                                                                    <WtLinkTitle-WtNoLinkTitle/>
                                                                                                                                 </title>
                                                                                                                              </WtInternalLink>
                                                                                                                              <WtInternalLink>
                                                                                                                                 <rtd>c3EAfgAjdXEAfgAnAAAAA3VxAH4AKQAAAAFxAH4BVnEAfgC6dXEAfgApAAAAAXEAfgFY</rtd>
                                                                                                                                 <prefix/>
                                                                                                                                 <postfix/>
                                                                                                                                 <target>
                                                                                                                                    <WtPageName location="Target:194:50">
                                                                                                                                       <content>Category:Redirects from other templates</content>
                                                                                                                                       <rtd null="true"/>
                                                                                                                                    </WtPageName>
                                                                                                                                 </target>
                                                                                                                                 <title>
                                                                                                                                    <ptk:l>
                                                                                                                                       <ptk:t location="Target:194:90">Target</ptk:t>
                                                                                                                                    </ptk:l>
                                                                                                                                 </title>
                                                                                                                              </WtInternalLink>
                                                                                                                           </ptk:l>
                                                                                                                        </ptk:l>
                                                                                                                        <ptk:t>
</ptk:t>
                                                                                                                        <ptk:l>
                                                                                                                           <WtInternalLink>
                                                                                                                              <rtd>c3EAfgAjdXEAfgAnAAAAA3VxAH4AKQAAAAFxAH4BVnEAfgC6dXEAfgApAAAAAXEAfgFY</rtd>
                                                                                                                              <prefix/>
                                                                                                                              <postfix/>
                                                                                                                              <target>
                                                                                                                                 <WtPageName location="Target:195:3">
                                                                                                                                    <content> جزر ماديرا </content>
                                                                                                                                    <rtd null="true"/>
                                                                                                                                 </WtPageName>
                                                                                                                              </target>
                                                                                                                              <title>
                                                                                                                                 <ptk:l>
                                                                                                                                    <ptk:t location="Target:195:16">جزر ماديرا</ptk:t>
                                                                                                                                 </ptk:l>
                                                                                                                              </title>
                                                                                                                           </WtInternalLink>
                                                                                                                           <ptk:t location="Target:195:28"> </ptk:t>
                                                                                                                           <WtXmlElement>
                                                                                                                              <rtd>c3EAfgAjdXEAfgAnAAAAA3VxAH4AKQAAAAF0AAY8c21hbGx1cQB+ACkAAAABdAABPnVxAH4AKQAAAAF0AAg8L3NtYWxsPg==</rtd>
                                                                                                                              <name>small</name>
                                                                                                                              <xmlAttributes>
                                                                                                                                 <WtXmlAttributes-WtEmptyXmlAttributes/>
                                                                                                                              </xmlAttributes>
                                                                                                                              <body>
                                                                                                                                 <ptk:l>
                                                                                                                                    <ptk:t location="Target:195:36">(البرتغال)</ptk:t>
                                                                                                                                 </ptk:l>
                                                                                                                              </body>
                                                                                                                           </WtXmlElement>
                                                                                                                           <WtXmlEntityRef location="Target:195:55">
                                                                                                                              <rtd>c3EAfgAjdXEAfgAnAAAAAXVxAH4AKQAAAAF0AAYmbmJzcDs=</rtd>
                                                                                                                              <name>nbsp</name>
                                                                                                                              <resolved> </resolved>
                                                                                                                           </WtXmlEntityRef>
                                                                                                                           <WtXmlElement>
                                                                                                                              <rtd>c3EAfgAjdXEAfgAnAAAAA3VxAH4AKQAAAAF0AAI8YnVxAH4AKQAAAAF0AAE+dXEAfgApAAAAAXQABDwvYj4=</rtd>
                                                                                                                              <name>b</name>
                                                                                                                              <xmlAttributes>
                                                                                                                                 <WtXmlAttributes-WtEmptyXmlAttributes/>
                                                                                                                              </xmlAttributes>
                                                                                                                              <body>
                                                                                                                                 <ptk:l>
                                                                                                                                    <ptk:t location="Target:195:63">·</ptk:t>
                                                                                                                                 </ptk:l>
                                                                                                                              </body>
                                                                                                                           </WtXmlElement>
                                                                                                                           <WtXmlEndTag location="Target:195:70">
                                                                                                                              <rtd>cQB+ACY=</rtd>
                                                                                                                              <name>span</name>
                                                                                                                           </WtXmlEndTag>
                                                                                                                           <ptk:t location="Target:195:75"> </ptk:t>
                                                                                                                           <WtXmlElement>
                                                                                                                              <rtd>c3EAfgAjdXEAfgAnAAAAA3VxAH4AKQAAAAF0AAU8c3BhbnVxAH4AKQAAAAF0AAE+cQB+ALo=</rtd>
                                                                                                                              <name>span</name>
                                                                                                                              <xmlAttributes>
                                                                                                                                 <ptk:l location="Target:195:81">
                                                                                                                                    <WtXmlAttribute location="Target:195:81">
                                                                                                                                       <rtd>c3EAfgAjdXEAfgAnAAAAAnVxAH4AKQAAAAF0AAggc3R5bGU9InVxAH4AKQAAAAF0AAEi</rtd>
                                                                                                                                       <name>style</name>
                                                                                                                                       <value>
                                                                                                                                          <ptk:l location="Target:195:89">
                                                                                                                                             <ptk:t location="Target:195:89">white-space:nowrap</ptk:t>
                                                                                                                                          </ptk:l>
                                                                                                                                       </value>
                                                                                                                                    </WtXmlAttribute>
                                                                                                                                 </ptk:l>
                                                                                                                              </xmlAttributes>
                                                                                                                              <body>
                                                                                                                                 <ptk:l>
                                                                                                                                    <ptk:t>
</ptk:t>
                                                                                                                                    <WtXmlEntityRef location="Target:196:2">
                                                                                                                                       <rtd>c3EAfgAjdXEAfgAnAAAAAXVxAH4AKQAAAAF0AAYmbmJzcDs=</rtd>
                                                                                                                                       <name>nbsp</name>
                                                                                                                                       <resolved> </resolved>
                                                                                                                                    </WtXmlEntityRef>
                                                                                                                                 </ptk:l>
                                                                                                                              </body>
                                                                                                                           </WtXmlElement>
                                                                                                                        </ptk:l>
                                                                                                                        <ptk:t>
</ptk:t>
                                                                                                                        <WtHorizontalRule>
                                                                                                                           <rtd>c3EAfgAjdXEAfgAnAAAAAXVxAH4AKQAAAAF0AAQtLS0t</rtd>
                                                                                                                        </WtHorizontalRule>
                                                                                                                        <ptk:t>
</ptk:t>
                                                                                                                        <ptk:l>
                                                                                                                           <ptk:t location="Target:198:1">This template name redirects to </ptk:t>
                                                                                                                           <WtXmlElement>
                                                                                                                              <rtd>c3EAfgAjdXEAfgAnAAAAA3VxAH4AKQAAAAF0AAM8dHR1cQB+ACkAAAABdAABPnVxAH4AKQAAAAF0AAU8L3R0Pg==</rtd>
                                                                                                                              <name>tt</name>
                                                                                                                              <xmlAttributes>
                                                                                                                                 <WtXmlAttributes-WtEmptyXmlAttributes/>
                                                                                                                              </xmlAttributes>
                                                                                                                              <body>
                                                                                                                                 <ptk:l>
                                                                                                                                    <EngNowiki location="Target:198:37">
                                                                                                                                       <content>{{</content>
                                                                                                                                       <rtd>c3EAfgAjdXEAfgAnAAAAAXVxAH4AKQAAAAF0ABM8bm93aWtpPnt7PC9ub3dpa2k+</rtd>
                                                                                                                                    </EngNowiki>
                                                                                                                                    <WtInternalLink>
                                                                                                                                       <rtd>c3EAfgAjdXEAfgAnAAAAA3VxAH4AKQAAAAFxAH4BVnEAfgC6dXEAfgApAAAAAXEAfgFY</rtd>
                                                                                                                                       <prefix/>
                                                                                                                                       <postfix/>
                                                                                                                                       <target>
                                                                                                                                          <WtPageName location="Target:198:43">
                                                                                                                                             <content>قالب:·wrap</content>
                                                                                                                                             <rtd null="true"/>
                                                                                                                                          </WtPageName>
                                                                                                                                       </target>
                                                                                                                                       <title>
                                                                                                                                          <ptk:l>
                                                                                                                                             <ptk:t location="Target:198:54">·wrap</ptk:t>
                                                                                                                                          </ptk:l>
                                                                                                                                       </title>
                                                                                                                                    </WtInternalLink>
                                                                                                                                    <EngNowiki location="Target:198:61">
                                                                                                                                       <content>}}</content>
                                                                                                                                       <rtd>c3EAfgAjdXEAfgAnAAAAAXVxAH4AKQAAAAF0ABM8bm93aWtpPn19PC9ub3dpa2k+</rtd>
                                                                                                                                    </EngNowiki>
                                                                                                                                 </ptk:l>
                                                                                                                              </body>
                                                                                                                           </WtXmlElement>
                                                                                                                           <ptk:t location="Target:198:70"> which may be edited using [</ptk:t>
                                                                                                                           <WtExternalLink>
                                                                                                                              <rtd>c3EAfgAjdXEAfgAnAAAAA3VxAH4AKQAAAAF0AAFbdXEAfgApAAAAAXQAASB1cQB+ACkAAAABdAABXQ==</rtd>
                                                                                                                              <target>
                                                                                                                                 <WtUrl location="Target:198:99">
                                                                                                                                    <rtd>c3EAfgAjdXEAfgAnAAAAAXVxAH4AKQAAAAF0AFdodHRwOi8vYXJ6Lndpa2lwZWRpYS5vcmcvd2lraS9UZW1wbGF0ZTolQzIlQjd3cmFwP3RpdGxlPVRlbXBsYXRlOiVDMiVCN3dyYXAmYWN0aW9uPWVkaXQ=</rtd>
                                                                                                                                    <protocol>http</protocol>
                                                                                                                                    <path>//arz.wikipedia.org/wiki/Template:%C2%B7wrap?title=Template:%C2%B7wrap&amp;action=edit</path>
                                                                                                                                 </WtUrl>
                                                                                                                              </target>
                                                                                                                              <title>
                                                                                                                                 <ptk:l>
                                                                                                                                    <ptk:t location="Target:198:187">edit</ptk:t>
                                                                                                                                 </ptk:l>
                                                                                                                              </title>
                                                                                                                           </WtExternalLink>
                                                                                                                           <ptk:t location="Target:198:192">].
</ptk:t>
                                                                                                                           <ptk:l>
                                                                                                                              <ptk:t location="Target:199:4">See also</ptk:t>
                                                                                                                           </ptk:l>
                                                                                                                        </ptk:l>
                                                                                                                        <ptk:t>
</ptk:t>
                                                                                                                        <ptk:l>
                                                                                                                           <ptk:l>
                                                                                                                              <WtInternalLink>
                                                                                                                                 <rtd>c3EAfgAjdXEAfgAnAAAAA3VxAH4AKQAAAAFxAH4BVnEAfgC6dXEAfgApAAAAAXEAfgFY</rtd>
                                                                                                                                 <prefix/>
                                                                                                                                 <postfix/>
                                                                                                                                 <target>
                                                                                                                                    <WtPageName location="Target:200:4">
                                                                                                                                       <content>:Category:Redirect templates</content>
                                                                                                                                       <rtd null="true"/>
                                                                                                                                    </WtPageName>
                                                                                                                                 </target>
                                                                                                                                 <title>
                                                                                                                                    <WtLinkTitle-WtNoLinkTitle/>
                                                                                                                                 </title>
                                                                                                                              </WtInternalLink>
                                                                                                                           </ptk:l>
                                                                                                                           <ptk:l>
                                                                                                                              <WtInternalLink>
                                                                                                                                 <rtd>c3EAfgAjdXEAfgAnAAAAA3VxAH4AKQAAAAFxAH4BVnEAfgC6dXEAfgApAAAAAXEAfgFY</rtd>
                                                                                                                                 <prefix/>
                                                                                                                                 <postfix/>
                                                                                                                                 <target>
                                                                                                                                    <WtPageName location="Target:201:4">
                                                                                                                                       <content>:Category:Redirects from other templates</content>
                                                                                                                                       <rtd null="true"/>
                                                                                                                                    </WtPageName>
                                                                                                                                 </target>
                                                                                                                                 <title>
                                                                                                                                    <WtLinkTitle-WtNoLinkTitle/>
                                                                                                                                 </title>
                                                                                                                              </WtInternalLink>
                                                                                                                           </ptk:l>
                                                                                                                           <ptk:l>
                                                                                                                              <WtInternalLink>
                                                                                                                                 <rtd>c3EAfgAjdXEAfgAnAAAAA3VxAH4AKQAAAAFxAH4BVnEAfgC6dXEAfgApAAAAAXEAfgFY</rtd>
                                                                                                                                 <prefix/>
                                                                                                                                 <postfix/>
                                                                                                                                 <target>
                                                                                                                                    <WtPageName location="Target:202:4">
                                                                                                                                       <content>Wikipedia:Redirects</content>
                                                                                                                                       <rtd null="true"/>
                                                                                                                                    </WtPageName>
                                                                                                                                 </target>
                                                                                                                                 <title>
                                                                                                                                    <WtLinkTitle-WtNoLinkTitle/>
                                                                                                                                 </title>
                                                                                                                              </WtInternalLink>
                                                                                                                           </ptk:l>
                                                                                                                           <ptk:l>
                                                                                                                              <WtInternalLink>
                                                                                                                                 <rtd>c3EAfgAjdXEAfgAnAAAAA3VxAH4AKQAAAAFxAH4BVnEAfgC6dXEAfgApAAAAAXEAfgFY</rtd>
                                                                                                                                 <prefix/>
                                                                                                                                 <postfix/>
                                                                                                                                 <target>
                                                                                                                                    <WtPageName location="Target:203:4">
                                                                                                                                       <content>Wikipedia:Template messages/Redirect pages</content>
                                                                                                                                       <rtd null="true"/>
                                                                                                                                    </WtPageName>
                                                                                                                                 </target>
                                                                                                                                 <title>
                                                                                                                                    <WtLinkTitle-WtNoLinkTitle/>
                                                                                                                                 </title>
                                                                                                                              </WtInternalLink>
                                                                                                                              <WtInternalLink>
                                                                                                                                 <rtd>c3EAfgAjdXEAfgAnAAAAA3VxAH4AKQAAAAFxAH4BVnEAfgC6dXEAfgApAAAAAXEAfgFY</rtd>
                                                                                                                                 <prefix/>
                                                                                                                                 <postfix/>
                                                                                                                                 <target>
                                                                                                                                    <WtPageName location="Target:203:50">
                                                                                                                                       <content>Category:Redirects from other templates</content>
                                                                                                                                       <rtd null="true"/>
                                                                                                                                    </WtPageName>
                                                                                                                                 </target>
                                                                                                                                 <title>
                                                                                                                                    <ptk:l>
                                                                                                                                       <ptk:t location="Target:203:90">Target</ptk:t>
                                                                                                                                    </ptk:l>
                                                                                                                                 </title>
                                                                                                                              </WtInternalLink>
                                                                                                                           </ptk:l>
                                                                                                                        </ptk:l>
                                                                                                                        <ptk:t>
</ptk:t>
                                                                                                                        <ptk:l>
                                                                                                                           <WtInternalLink>
                                                                                                                              <rtd>c3EAfgAjdXEAfgAnAAAAA3VxAH4AKQAAAAFxAH4BVnEAfgC6dXEAfgApAAAAAXEAfgFY</rtd>
                                                                                                                              <prefix/>
                                                                                                                              <postfix/>
                                                                                                                              <target>
                                                                                                                                 <WtPageName location="Target:204:3">
                                                                                                                                    <content> جزيرة الموت </content>
                                                                                                                                    <rtd null="true"/>
                                                                                                                                 </WtPageName>
                                                                                                                              </target>
                                                                                                                              <title>
                                                                                                                                 <ptk:l>
                                                                                                                                    <ptk:t location="Target:204:17">جزيرة الموت</ptk:t>
                                                                                                                                 </ptk:l>
                                                                                                                              </title>
                                                                                                                           </WtInternalLink>
                                                                                                                           <WtXmlEntityRef location="Target:204:31">
                                                                                                                              <rtd>c3EAfgAjdXEAfgAnAAAAAXVxAH4AKQAAAAF0AAYmbmJzcDs=</rtd>
                                                                                                                              <name>nbsp</name>
                                                                                                                              <resolved> </resolved>
                                                                                                                           </WtXmlEntityRef>
                                                                                                                           <ptk:t location="Target:204:36">/</ptk:t>
                                                                                                                           <WtXmlEndTag location="Target:204:39">
                                                                                                                              <rtd>cQB+AD4=</rtd>
                                                                                                                              <name>span</name>
                                                                                                                           </WtXmlEndTag>
                                                                                                                           <ptk:t location="Target:204:44"> </ptk:t>
                                                                                                                           <WtXmlElement>
                                                                                                                              <rtd>c3EAfgAjdXEAfgAnAAAAA3VxAH4AKQAAAAF0AAU8c3BhbnVxAH4AKQAAAAF0AAE+dXEAfgApAAAAAXQABzwvc3Bhbj4=</rtd>
                                                                                                                              <name>span</name>
                                                                                                                              <xmlAttributes>
                                                                                                                                 <ptk:l location="Target:204:50">
                                                                                                                                    <WtXmlAttribute location="Target:204:50">
                                                                                                                                       <rtd>c3EAfgAjdXEAfgAnAAAAAnVxAH4AKQAAAAF0AAggc3R5bGU9InVxAH4AKQAAAAF0AAEi</rtd>
                                                                                                                                       <name>style</name>
                                                                                                                                       <value>
                                                                                                                                          <ptk:l location="Target:204:58">
                                                                                                                                             <ptk:t location="Target:204:58">white-space:nowrap;</ptk:t>
                                                                                                                                          </ptk:l>
                                                                                                                                       </value>
                                                                                                                                    </WtXmlAttribute>
                                                                                                                                 </ptk:l>
                                                                                                                              </xmlAttributes>
                                                                                                                              <body>
                                                                                                                                 <ptk:l>
                                                                                                                                    <ptk:t location="Target:204:79"> </ptk:t>
                                                                                                                                    <WtInternalLink>
                                                                                                                                       <rtd>c3EAfgAjdXEAfgAnAAAAA3VxAH4AKQAAAAFxAH4BVnEAfgC6dXEAfgApAAAAAXEAfgFY</rtd>
                                                                                                                                       <prefix/>
                                                                                                                                       <postfix/>
                                                                                                                                       <target>
                                                                                                                                          <WtPageName location="Target:204:82">
                                                                                                                                             <content> ريونيون </content>
                                                                                                                                             <rtd null="true"/>
                                                                                                                                          </WtPageName>
                                                                                                                                       </target>
                                                                                                                                       <title>
                                                                                                                                          <ptk:l>
                                                                                                                                             <ptk:t location="Target:204:92">ريونيون</ptk:t>
                                                                                                                                          </ptk:l>
                                                                                                                                       </title>
                                                                                                                                    </WtInternalLink>
                                                                                                                                    <ptk:t location="Target:204:101"> </ptk:t>
                                                                                                                                    <WtXmlElement>
                                                                                                                                       <rtd>c3EAfgAjdXEAfgAnAAAAA3VxAH4AKQAAAAF0AAY8c21hbGx1cQB+ACkAAAABdAABPnVxAH4AKQAAAAF0AAg8L3NtYWxsPg==</rtd>
                                                                                                                                       <name>small</name>
                                                                                                                                       <xmlAttributes>
                                                                                                                                          <WtXmlAttributes-WtEmptyXmlAttributes/>
                                                                                                                                       </xmlAttributes>
                                                                                                                                       <body>
                                                                                                                                          <ptk:l>
                                                                                                                                             <ptk:t location="Target:204:109">(فرنسا)</ptk:t>
                                                                                                                                          </ptk:l>
                                                                                                                                       </body>
                                                                                                                                    </WtXmlElement>
                                                                                                                                    <WtXmlEntityRef location="Target:204:125">
                                                                                                                                       <rtd>c3EAfgAjdXEAfgAnAAAAAXVxAH4AKQAAAAF0AAYmbmJzcDs=</rtd>
                                                                                                                                       <name>nbsp</name>
                                                                                                                                       <resolved> </resolved>
                                                                                                                                    </WtXmlEntityRef>
                                                                                                                                    <WtXmlElement>
                                                                                                                                       <rtd>c3EAfgAjdXEAfgAnAAAAA3VxAH4AKQAAAAF0AAI8YnVxAH4AKQAAAAF0AAE+dXEAfgApAAAAAXQABDwvYj4=</rtd>
                                                                                                                                       <name>b</name>
                                                                                                                                       <xmlAttributes>
                                                                                                                                          <WtXmlAttributes-WtEmptyXmlAttributes/>
                                                                                                                                       </xmlAttributes>
                                                                                                                                       <body>
                                                                                                                                          <ptk:l>
                                                                                                                                             <ptk:t location="Target:204:133">·</ptk:t>
                                                                                                                                          </ptk:l>
                                                                                                                                       </body>
                                                                                                                                    </WtXmlElement>
                                                                                                                                 </ptk:l>
                                                                                                                              </body>
                                                                                                                           </WtXmlElement>
                                                                                                                           <ptk:t location="Target:204:145"> </ptk:t>
                                                                                                                           <WtXmlElement>
                                                                                                                              <rtd>c3EAfgAjdXEAfgAnAAAAA3VxAH4AKQAAAAF0AAU8c3BhbnVxAH4AKQAAAAF0AAE+cQB+ALo=</rtd>
                                                                                                                              <name>span</name>
                                                                                                                              <xmlAttributes>
                                                                                                                                 <ptk:l location="Target:204:151">
                                                                                                                                    <WtXmlAttribute location="Target:204:151">
                                                                                                                                       <rtd>c3EAfgAjdXEAfgAnAAAAAnVxAH4AKQAAAAF0AAggc3R5bGU9InVxAH4AKQAAAAF0AAEi</rtd>
                                                                                                                                       <name>style</name>
                                                                                                                                       <value>
                                                                                                                                          <ptk:l location="Target:204:159">
                                                                                                                                             <ptk:t location="Target:204:159">white-space:nowrap</ptk:t>
                                                                                                                                          </ptk:l>
                                                                                                                                       </value>
                                                                                                                                    </WtXmlAttribute>
                                                                                                                                 </ptk:l>
                                                                                                                              </xmlAttributes>
                                                                                                                              <body>
                                                                                                                                 <ptk:l>
                                                                                                                                    <ptk:t>
</ptk:t>
                                                                                                                                    <WtXmlEntityRef location="Target:205:2">
                                                                                                                                       <rtd>c3EAfgAjdXEAfgAnAAAAAXVxAH4AKQAAAAF0AAYmbmJzcDs=</rtd>
                                                                                                                                       <name>nbsp</name>
                                                                                                                                       <resolved> </resolved>
                                                                                                                                    </WtXmlEntityRef>
                                                                                                                                 </ptk:l>
                                                                                                                              </body>
                                                                                                                           </WtXmlElement>
                                                                                                                        </ptk:l>
                                                                                                                        <ptk:t>
</ptk:t>
                                                                                                                        <WtHorizontalRule>
                                                                                                                           <rtd>c3EAfgAjdXEAfgAnAAAAAXVxAH4AKQAAAAF0AAQtLS0t</rtd>
                                                                                                                        </WtHorizontalRule>
                                                                                                                        <ptk:t>
</ptk:t>
                                                                                                                        <ptk:l>
                                                                                                                           <ptk:t location="Target:207:1">This template name redirects to </ptk:t>
                                                                                                                           <WtXmlElement>
                                                                                                                              <rtd>c3EAfgAjdXEAfgAnAAAAA3VxAH4AKQAAAAF0AAM8dHR1cQB+ACkAAAABdAABPnVxAH4AKQAAAAF0AAU8L3R0Pg==</rtd>
                                                                                                                              <name>tt</name>
                                                                                                                              <xmlAttributes>
                                                                                                                                 <WtXmlAttributes-WtEmptyXmlAttributes/>
                                                                                                                              </xmlAttributes>
                                                                                                                              <body>
                                                                                                                                 <ptk:l>
                                                                                                                                    <EngNowiki location="Target:207:37">
                                                                                                                                       <content>{{</content>
                                                                                                                                       <rtd>c3EAfgAjdXEAfgAnAAAAAXVxAH4AKQAAAAF0ABM8bm93aWtpPnt7PC9ub3dpa2k+</rtd>
                                                                                                                                    </EngNowiki>
                                                                                                                                    <WtInternalLink>
                                                                                                                                       <rtd>c3EAfgAjdXEAfgAnAAAAA3VxAH4AKQAAAAFxAH4BVnEAfgC6dXEAfgApAAAAAXEAfgFY</rtd>
                                                                                                                                       <prefix/>
                                                                                                                                       <postfix/>
                                                                                                                                       <target>
                                                                                                                                          <WtPageName location="Target:207:43">
                                                                                                                                             <content>قالب:·wrap</content>
                                                                                                                                             <rtd null="true"/>
                                                                                                                                          </WtPageName>
                                                                                                                                       </target>
                                                                                                                                       <title>
                                                                                                                                          <ptk:l>
                                                                                                                                             <ptk:t location="Target:207:54">·wrap</ptk:t>
                                                                                                                                          </ptk:l>
                                                                                                                                       </title>
                                                                                                                                    </WtInternalLink>
                                                                                                                                    <EngNowiki location="Target:207:61">
                                                                                                                                       <content>}}</content>
                                                                                                                                       <rtd>c3EAfgAjdXEAfgAnAAAAAXVxAH4AKQAAAAF0ABM8bm93aWtpPn19PC9ub3dpa2k+</rtd>
                                                                                                                                    </EngNowiki>
                                                                                                                                 </ptk:l>
                                                                                                                              </body>
                                                                                                                           </WtXmlElement>
                                                                                                                           <ptk:t location="Target:207:70"> which may be edited using [</ptk:t>
                                                                                                                           <WtExternalLink>
                                                                                                                              <rtd>c3EAfgAjdXEAfgAnAAAAA3VxAH4AKQAAAAF0AAFbdXEAfgApAAAAAXQAASB1cQB+ACkAAAABdAABXQ==</rtd>
                                                                                                                              <target>
                                                                                                                                 <WtUrl location="Target:207:99">
                                                                                                                                    <rtd>c3EAfgAjdXEAfgAnAAAAAXVxAH4AKQAAAAF0AFdodHRwOi8vYXJ6Lndpa2lwZWRpYS5vcmcvd2lraS9UZW1wbGF0ZTolQzIlQjd3cmFwP3RpdGxlPVRlbXBsYXRlOiVDMiVCN3dyYXAmYWN0aW9uPWVkaXQ=</rtd>
                                                                                                                                    <protocol>http</protocol>
                                                                                                                                    <path>//arz.wikipedia.org/wiki/Template:%C2%B7wrap?title=Template:%C2%B7wrap&amp;action=edit</path>
                                                                                                                                 </WtUrl>
                                                                                                                              </target>
                                                                                                                              <title>
                                                                                                                                 <ptk:l>
                                                                                                                                    <ptk:t location="Target:207:187">edit</ptk:t>
                                                                                                                                 </ptk:l>
                                                                                                                              </title>
                                                                                                                           </WtExternalLink>
                                                                                                                           <ptk:t location="Target:207:192">].
</ptk:t>
                                                                                                                           <ptk:l>
                                                                                                                              <ptk:t location="Target:208:4">See also</ptk:t>
                                                                                                                           </ptk:l>
                                                                                                                        </ptk:l>
                                                                                                                        <ptk:t>
</ptk:t>
                                                                                                                        <ptk:l>
                                                                                                                           <ptk:l>
                                                                                                                              <WtInternalLink>
                                                                                                                                 <rtd>c3EAfgAjdXEAfgAnAAAAA3VxAH4AKQAAAAFxAH4BVnEAfgC6dXEAfgApAAAAAXEAfgFY</rtd>
                                                                                                                                 <prefix/>
                                                                                                                                 <postfix/>
                                                                                                                                 <target>
                                                                                                                                    <WtPageName location="Target:209:4">
                                                                                                                                       <content>:Category:Redirect templates</content>
                                                                                                                                       <rtd null="true"/>
                                                                                                                                    </WtPageName>
                                                                                                                                 </target>
                                                                                                                                 <title>
                                                                                                                                    <WtLinkTitle-WtNoLinkTitle/>
                                                                                                                                 </title>
                                                                                                                              </WtInternalLink>
                                                                                                                           </ptk:l>
                                                                                                                           <ptk:l>
                                                                                                                              <WtInternalLink>
                                                                                                                                 <rtd>c3EAfgAjdXEAfgAnAAAAA3VxAH4AKQAAAAFxAH4BVnEAfgC6dXEAfgApAAAAAXEAfgFY</rtd>
                                                                                                                                 <prefix/>
                                                                                                                                 <postfix/>
                                                                                                                                 <target>
                                                                                                                                    <WtPageName location="Target:210:4">
                                                                                                                                       <content>:Category:Redirects from other templates</content>
                                                                                                                                       <rtd null="true"/>
                                                                                                                                    </WtPageName>
                                                                                                                                 </target>
                                                                                                                                 <title>
                                                                                                                                    <WtLinkTitle-WtNoLinkTitle/>
                                                                                                                                 </title>
                                                                                                                              </WtInternalLink>
                                                                                                                           </ptk:l>
                                                                                                                           <ptk:l>
                                                                                                                              <WtInternalLink>
                                                                                                                                 <rtd>c3EAfgAjdXEAfgAnAAAAA3VxAH4AKQAAAAFxAH4BVnEAfgC6dXEAfgApAAAAAXEAfgFY</rtd>
                                                                                                                                 <prefix/>
                                                                                                                                 <postfix/>
                                                                                                                                 <target>
                                                                                                                                    <WtPageName location="Target:211:4">
                                                                                                                                       <content>Wikipedia:Redirects</content>
                                                                                                                                       <rtd null="true"/>
                                                                                                                                    </WtPageName>
                                                                                                                                 </target>
                                                                                                                                 <title>
                                                                                                                                    <WtLinkTitle-WtNoLinkTitle/>
                                                                                                                                 </title>
                                                                                                                              </WtInternalLink>
                                                                                                                           </ptk:l>
                                                                                                                           <ptk:l>
                                                                                                                              <WtInternalLink>
                                                                                                                                 <rtd>c3EAfgAjdXEAfgAnAAAAA3VxAH4AKQAAAAFxAH4BVnEAfgC6dXEAfgApAAAAAXEAfgFY</rtd>
                                                                                                                                 <prefix/>
                                                                                                                                 <postfix/>
                                                                                                                                 <target>
                                                                                                                                    <WtPageName location="Target:212:4">
                                                                                                                                       <content>Wikipedia:Template messages/Redirect pages</content>
                                                                                                                                       <rtd null="true"/>
                                                                                                                                    </WtPageName>
                                                                                                                                 </target>
                                                                                                                                 <title>
                                                                                                                                    <WtLinkTitle-WtNoLinkTitle/>
                                                                                                                                 </title>
                                                                                                                              </WtInternalLink>
                                                                                                                              <WtInternalLink>
                                                                                                                                 <rtd>c3EAfgAjdXEAfgAnAAAAA3VxAH4AKQAAAAFxAH4BVnEAfgC6dXEAfgApAAAAAXEAfgFY</rtd>
                                                                                                                                 <prefix/>
                                                                                                                                 <postfix/>
                                                                                                                                 <target>
                                                                                                                                    <WtPageName location="Target:212:50">
                                                                                                                                       <content>Category:Redirects from other templates</content>
                                                                                                                                       <rtd null="true"/>
                                                                                                                                    </WtPageName>
                                                                                                                                 </target>
                                                                                                                                 <title>
                                                                                                                                    <ptk:l>
                                                                                                                                       <ptk:t location="Target:212:90">Target</ptk:t>
                                                                                                                                    </ptk:l>
                                                                                                                                 </title>
                                                                                                                              </WtInternalLink>
                                                                                                                           </ptk:l>
                                                                                                                        </ptk:l>
                                                                                                                        <ptk:t>
</ptk:t>
                                                                                                                        <ptk:l>
                                                                                                                           <WtInternalLink>
                                                                                                                              <rtd>c3EAfgAjdXEAfgAnAAAAA3VxAH4AKQAAAAFxAH4BVnEAfgC6dXEAfgApAAAAAXEAfgFY</rtd>
                                                                                                                              <prefix/>
                                                                                                                              <postfix/>
                                                                                                                              <target>
                                                                                                                                 <WtPageName location="Target:213:3">
                                                                                                                                    <content> أرض البنط </content>
                                                                                                                                    <rtd null="true"/>
                                                                                                                                 </WtPageName>
                                                                                                                              </target>
                                                                                                                              <title>
                                                                                                                                 <ptk:l>
                                                                                                                                    <ptk:t location="Target:213:15">أرض البنط</ptk:t>
                                                                                                                                 </ptk:l>
                                                                                                                              </title>
                                                                                                                           </WtInternalLink>
                                                                                                                           <WtXmlEntityRef location="Target:213:27">
                                                                                                                              <rtd>c3EAfgAjdXEAfgAnAAAAAXVxAH4AKQAAAAF0AAYmbmJzcDs=</rtd>
                                                                                                                              <name>nbsp</name>
                                                                                                                              <resolved> </resolved>
                                                                                                                           </WtXmlEntityRef>
                                                                                                                           <WtXmlElement>
                                                                                                                              <rtd>c3EAfgAjdXEAfgAnAAAAA3VxAH4AKQAAAAF0AAI8YnVxAH4AKQAAAAF0AAE+dXEAfgApAAAAAXQABDwvYj4=</rtd>
                                                                                                                              <name>b</name>
                                                                                                                              <xmlAttributes>
                                                                                                                                 <WtXmlAttributes-WtEmptyXmlAttributes/>
                                                                                                                              </xmlAttributes>
                                                                                                                              <body>
                                                                                                                                 <ptk:l>
                                                                                                                                    <ptk:t location="Target:213:35">·</ptk:t>
                                                                                                                                 </ptk:l>
                                                                                                                              </body>
                                                                                                                           </WtXmlElement>
                                                                                                                           <WtXmlEndTag location="Target:213:42">
                                                                                                                              <rtd>cQB+AE8=</rtd>
                                                                                                                              <name>span</name>
                                                                                                                           </WtXmlEndTag>
                                                                                                                           <ptk:t location="Target:213:47"> </ptk:t>
                                                                                                                           <WtXmlElement>
                                                                                                                              <rtd>c3EAfgAjdXEAfgAnAAAAA3VxAH4AKQAAAAF0AAU8c3BhbnVxAH4AKQAAAAF0AAE+cQB+ALo=</rtd>
                                                                                                                              <name>span</name>
                                                                                                                              <xmlAttributes>
                                                                                                                                 <ptk:l location="Target:213:53">
                                                                                                                                    <WtXmlAttribute location="Target:213:53">
                                                                                                                                       <rtd>c3EAfgAjdXEAfgAnAAAAAnVxAH4AKQAAAAF0AAggc3R5bGU9InVxAH4AKQAAAAF0AAEi</rtd>
                                                                                                                                       <name>style</name>
                                                                                                                                       <value>
                                                                                                                                          <ptk:l location="Target:213:61">
                                                                                                                                             <ptk:t location="Target:213:61">white-space:nowrap</ptk:t>
                                                                                                                                          </ptk:l>
                                                                                                                                       </value>
                                                                                                                                    </WtXmlAttribute>
                                                                                                                                 </ptk:l>
                                                                                                                              </xmlAttributes>
                                                                                                                              <body>
                                                                                                                                 <ptk:l>
                                                                                                                                    <ptk:t>
</ptk:t>
                                                                                                                                    <WtXmlEntityRef location="Target:214:2">
                                                                                                                                       <rtd>c3EAfgAjdXEAfgAnAAAAAXVxAH4AKQAAAAF0AAYmbmJzcDs=</rtd>
                                                                                                                                       <name>nbsp</name>
                                                                                                                                       <resolved> </resolved>
                                                                                                                                    </WtXmlEntityRef>
                                                                                                                                 </ptk:l>
                                                                                                                              </body>
                                                                                                                           </WtXmlElement>
                                                                                                                        </ptk:l>
                                                                                                                        <ptk:t>
</ptk:t>
                                                                                                                        <WtHorizontalRule>
                                                                                                                           <rtd>c3EAfgAjdXEAfgAnAAAAAXVxAH4AKQAAAAF0AAQtLS0t</rtd>
                                                                                                                        </WtHorizontalRule>
                                                                                                                        <ptk:t>
</ptk:t>
                                                                                                                        <ptk:l>
                                                                                                                           <ptk:t location="Target:216:1">This template name redirects to </ptk:t>
                                                                                                                           <WtXmlElement>
                                                                                                                              <rtd>c3EAfgAjdXEAfgAnAAAAA3VxAH4AKQAAAAF0AAM8dHR1cQB+ACkAAAABdAABPnVxAH4AKQAAAAF0AAU8L3R0Pg==</rtd>
                                                                                                                              <name>tt</name>
                                                                                                                              <xmlAttributes>
                                                                                                                                 <WtXmlAttributes-WtEmptyXmlAttributes/>
                                                                                                                              </xmlAttributes>
                                                                                                                              <body>
                                                                                                                                 <ptk:l>
                                                                                                                                    <EngNowiki location="Target:216:37">
                                                                                                                                       <content>{{</content>
                                                                                                                                       <rtd>c3EAfgAjdXEAfgAnAAAAAXVxAH4AKQAAAAF0ABM8bm93aWtpPnt7PC9ub3dpa2k+</rtd>
                                                                                                                                    </EngNowiki>
                                                                                                                                    <WtInternalLink>
                                                                                                                                       <rtd>c3EAfgAjdXEAfgAnAAAAA3VxAH4AKQAAAAFxAH4BVnEAfgC6dXEAfgApAAAAAXEAfgFY</rtd>
                                                                                                                                       <prefix/>
                                                                                                                                       <postfix/>
                                                                                                                                       <target>
                                                                                                                                          <WtPageName location="Target:216:43">
                                                                                                                                             <content>قالب:·wrap</content>
                                                                                                                                             <rtd null="true"/>
                                                                                                                                          </WtPageName>
                                                                                                                                       </target>
                                                                                                                                       <title>
                                                                                                                                          <ptk:l>
                                                                                                                                             <ptk:t location="Target:216:54">·wrap</ptk:t>
                                                                                                                                          </ptk:l>
                                                                                                                                       </title>
                                                                                                                                    </WtInternalLink>
                                                                                                                                    <EngNowiki location="Target:216:61">
                                                                                                                                       <content>}}</content>
                                                                                                                                       <rtd>c3EAfgAjdXEAfgAnAAAAAXVxAH4AKQAAAAF0ABM8bm93aWtpPn19PC9ub3dpa2k+</rtd>
                                                                                                                                    </EngNowiki>
                                                                                                                                 </ptk:l>
                                                                                                                              </body>
                                                                                                                           </WtXmlElement>
                                                                                                                           <ptk:t location="Target:216:70"> which may be edited using [</ptk:t>
                                                                                                                           <WtExternalLink>
                                                                                                                              <rtd>c3EAfgAjdXEAfgAnAAAAA3VxAH4AKQAAAAF0AAFbdXEAfgApAAAAAXQAASB1cQB+ACkAAAABdAABXQ==</rtd>
                                                                                                                              <target>
                                                                                                                                 <WtUrl location="Target:216:99">
                                                                                                                                    <rtd>c3EAfgAjdXEAfgAnAAAAAXVxAH4AKQAAAAF0AFdodHRwOi8vYXJ6Lndpa2lwZWRpYS5vcmcvd2lraS9UZW1wbGF0ZTolQzIlQjd3cmFwP3RpdGxlPVRlbXBsYXRlOiVDMiVCN3dyYXAmYWN0aW9uPWVkaXQ=</rtd>
                                                                                                                                    <protocol>http</protocol>
                                                                                                                                    <path>//arz.wikipedia.org/wiki/Template:%C2%B7wrap?title=Template:%C2%B7wrap&amp;action=edit</path>
                                                                                                                                 </WtUrl>
                                                                                                                              </target>
                                                                                                                              <title>
                                                                                                                                 <ptk:l>
                                                                                                                                    <ptk:t location="Target:216:187">edit</ptk:t>
                                                                                                                                 </ptk:l>
                                                                                                                              </title>
                                                                                                                           </WtExternalLink>
                                                                                                                           <ptk:t location="Target:216:192">].
</ptk:t>
                                                                                                                           <ptk:l>
                                                                                                                              <ptk:t location="Target:217:4">See also</ptk:t>
                                                                                                                           </ptk:l>
                                                                                                                        </ptk:l>
                                                                                                                        <ptk:t>
</ptk:t>
                                                                                                                        <ptk:l>
                                                                                                                           <ptk:l>
                                                                                                                              <WtInternalLink>
                                                                                                                                 <rtd>c3EAfgAjdXEAfgAnAAAAA3VxAH4AKQAAAAFxAH4BVnEAfgC6dXEAfgApAAAAAXEAfgFY</rtd>
                                                                                                                                 <prefix/>
                                                                                                                                 <postfix/>
                                                                                                                                 <target>
                                                                                                                                    <WtPageName location="Target:218:4">
                                                                                                                                       <content>:Category:Redirect templates</content>
                                                                                                                                       <rtd null="true"/>
                                                                                                                                    </WtPageName>
                                                                                                                                 </target>
                                                                                                                                 <title>
                                                                                                                                    <WtLinkTitle-WtNoLinkTitle/>
                                                                                                                                 </title>
                                                                                                                              </WtInternalLink>
                                                                                                                           </ptk:l>
                                                                                                                           <ptk:l>
                                                                                                                              <WtInternalLink>
                                                                                                                                 <rtd>c3EAfgAjdXEAfgAnAAAAA3VxAH4AKQAAAAFxAH4BVnEAfgC6dXEAfgApAAAAAXEAfgFY</rtd>
                                                                                                                                 <prefix/>
                                                                                                                                 <postfix/>
                                                                                                                                 <target>
                                                                                                                                    <WtPageName location="Target:219:4">
                                                                                                                                       <content>:Category:Redirects from other templates</content>
                                                                                                                                       <rtd null="true"/>
                                                                                                                                    </WtPageName>
                                                                                                                                 </target>
                                                                                                                                 <title>
                                                                                                                                    <WtLinkTitle-WtNoLinkTitle/>
                                                                                                                                 </title>
                                                                                                                              </WtInternalLink>
                                                                                                                           </ptk:l>
                                                                                                                           <ptk:l>
                                                                                                                              <WtInternalLink>
                                                                                                                                 <rtd>c3EAfgAjdXEAfgAnAAAAA3VxAH4AKQAAAAFxAH4BVnEAfgC6dXEAfgApAAAAAXEAfgFY</rtd>
                                                                                                                                 <prefix/>
                                                                                                                                 <postfix/>
                                                                                                                                 <target>
                                                                                                                                    <WtPageName location="Target:220:4">
                                                                                                                                       <content>Wikipedia:Redirects</content>
                                                                                                                                       <rtd null="true"/>
                                                                                                                                    </WtPageName>
                                                                                                                                 </target>
                                                                                                                                 <title>
                                                                                                                                    <WtLinkTitle-WtNoLinkTitle/>
                                                                                                                                 </title>
                                                                                                                              </WtInternalLink>
                                                                                                                           </ptk:l>
                                                                                                                           <ptk:l>
                                                                                                                              <WtInternalLink>
                                                                                                                                 <rtd>c3EAfgAjdXEAfgAnAAAAA3VxAH4AKQAAAAFxAH4BVnEAfgC6dXEAfgApAAAAAXEAfgFY</rtd>
                                                                                                                                 <prefix/>
                                                                                                                                 <postfix/>
                                                                                                                                 <target>
                                                                                                                                    <WtPageName location="Target:221:4">
                                                                                                                                       <content>Wikipedia:Template messages/Redirect pages</content>
                                                                                                                                       <rtd null="true"/>
                                                                                                                                    </WtPageName>
                                                                                                                                 </target>
                                                                                                                                 <title>
                                                                                                                                    <WtLinkTitle-WtNoLinkTitle/>
                                                                                                                                 </title>
                                                                                                                              </WtInternalLink>
                                                                                                                              <WtInternalLink>
                                                                                                                                 <rtd>c3EAfgAjdXEAfgAnAAAAA3VxAH4AKQAAAAFxAH4BVnEAfgC6dXEAfgApAAAAAXEAfgFY</rtd>
                                                                                                                                 <prefix/>
                                                                                                                                 <postfix/>
                                                                                                                                 <target>
                                                                                                                                    <WtPageName location="Target:221:50">
                                                                                                                                       <content>Category:Redirects from other templates</content>
                                                                                                                                       <rtd null="true"/>
                                                                                                                                    </WtPageName>
                                                                                                                                 </target>
                                                                                                                                 <title>
                                                                                                                                    <ptk:l>
                                                                                                                                       <ptk:t location="Target:221:90">Target</ptk:t>
                                                                                                                                    </ptk:l>
                                                                                                                                 </title>
                                                                                                                              </WtInternalLink>
                                                                                                                           </ptk:l>
                                                                                                                        </ptk:l>
                                                                                                                        <ptk:t>
</ptk:t>
                                                                                                                        <ptk:l>
                                                                                                                           <WtInternalLink>
                                                                                                                              <rtd>c3EAfgAjdXEAfgAnAAAAA3VxAH4AKQAAAAFxAH4BVnEAfgC6dXEAfgApAAAAAXEAfgFY</rtd>
                                                                                                                              <prefix/>
                                                                                                                              <postfix/>
                                                                                                                              <target>
                                                                                                                                 <WtPageName location="Target:222:3">
                                                                                                                                    <content> سانت هيلينا </content>
                                                                                                                                    <rtd null="true"/>
                                                                                                                                 </WtPageName>
                                                                                                                              </target>
                                                                                                                              <title>
                                                                                                                                 <ptk:l>
                                                                                                                                    <ptk:t location="Target:222:17">سانت هيلينا</ptk:t>
                                                                                                                                 </ptk:l>
                                                                                                                              </title>
                                                                                                                           </WtInternalLink>
                                                                                                                           <ptk:t location="Target:222:30"> </ptk:t>
                                                                                                                           <WtXmlElement>
                                                                                                                              <rtd>c3EAfgAjdXEAfgAnAAAAA3VxAH4AKQAAAAF0AAY8c21hbGx1cQB+ACkAAAABdAABPnVxAH4AKQAAAAF0AAg8L3NtYWxsPg==</rtd>
                                                                                                                              <name>small</name>
                                                                                                                              <xmlAttributes>
                                                                                                                                 <WtXmlAttributes-WtEmptyXmlAttributes/>
                                                                                                                              </xmlAttributes>
                                                                                                                              <body>
                                                                                                                                 <ptk:l>
                                                                                                                                    <ptk:t location="Target:222:38">(</ptk:t>
                                                                                                                                    <WtInternalLink>
                                                                                                                                       <rtd>c3EAfgAjdXEAfgAnAAAAA3VxAH4AKQAAAAFxAH4BVnEAfgC6dXEAfgApAAAAAXEAfgFY</rtd>
                                                                                                                                       <prefix/>
                                                                                                                                       <postfix/>
                                                                                                                                       <target>
                                                                                                                                          <WtPageName location="Target:222:41">
                                                                                                                                             <content>المملكه المتحده</content>
                                                                                                                                             <rtd null="true"/>
                                                                                                                                          </WtPageName>
                                                                                                                                       </target>
                                                                                                                                       <title>
                                                                                                                                          <WtLinkTitle-WtNoLinkTitle/>
                                                                                                                                       </title>
                                                                                                                                    </WtInternalLink>
                                                                                                                                    <ptk:t location="Target:222:58">)</ptk:t>
                                                                                                                                 </ptk:l>
                                                                                                                              </body>
                                                                                                                           </WtXmlElement>
                                                                                                                           <WtXmlEntityRef location="Target:222:68">
                                                                                                                              <rtd>c3EAfgAjdXEAfgAnAAAAAXVxAH4AKQAAAAF0AAYmbmJzcDs=</rtd>
                                                                                                                              <name>nbsp</name>
                                                                                                                              <resolved> </resolved>
                                                                                                                           </WtXmlEntityRef>
                                                                                                                           <WtXmlElement>
                                                                                                                              <rtd>c3EAfgAjdXEAfgAnAAAAA3VxAH4AKQAAAAF0AAI8YnVxAH4AKQAAAAF0AAE+dXEAfgApAAAAAXQABDwvYj4=</rtd>
                                                                                                                              <name>b</name>
                                                                                                                              <xmlAttributes>
                                                                                                                                 <WtXmlAttributes-WtEmptyXmlAttributes/>
                                                                                                                              </xmlAttributes>
                                                                                                                              <body>
                                                                                                                                 <ptk:l>
                                                                                                                                    <ptk:t location="Target:222:76">·</ptk:t>
                                                                                                                                 </ptk:l>
                                                                                                                              </body>
                                                                                                                           </WtXmlElement>
                                                                                                                           <WtXmlEndTag location="Target:222:83">
                                                                                                                              <rtd>cQB+AGA=</rtd>
                                                                                                                              <name>span</name>
                                                                                                                           </WtXmlEndTag>
                                                                                                                           <ptk:t location="Target:222:88"> </ptk:t>
                                                                                                                           <WtXmlElement>
                                                                                                                              <rtd>c3EAfgAjdXEAfgAnAAAAA3VxAH4AKQAAAAF0AAU8c3BhbnVxAH4AKQAAAAF0AAE+cQB+ALo=</rtd>
                                                                                                                              <name>span</name>
                                                                                                                              <xmlAttributes>
                                                                                                                                 <ptk:l location="Target:222:94">
                                                                                                                                    <WtXmlAttribute location="Target:222:94">
                                                                                                                                       <rtd>c3EAfgAjdXEAfgAnAAAAAnVxAH4AKQAAAAF0AAggc3R5bGU9InVxAH4AKQAAAAF0AAEi</rtd>
                                                                                                                                       <name>style</name>
                                                                                                                                       <value>
                                                                                                                                          <ptk:l location="Target:222:102">
                                                                                                                                             <ptk:t location="Target:222:102">white-space:nowrap</ptk:t>
                                                                                                                                          </ptk:l>
                                                                                                                                       </value>
                                                                                                                                    </WtXmlAttribute>
                                                                                                                                 </ptk:l>
                                                                                                                              </xmlAttributes>
                                                                                                                              <body>
                                                                                                                                 <ptk:l>
                                                                                                                                    <ptk:t>
</ptk:t>
                                                                                                                                    <WtXmlEntityRef location="Target:223:2">
                                                                                                                                       <rtd>c3EAfgAjdXEAfgAnAAAAAXVxAH4AKQAAAAF0AAYmbmJzcDs=</rtd>
                                                                                                                                       <name>nbsp</name>
                                                                                                                                       <resolved> </resolved>
                                                                                                                                    </WtXmlEntityRef>
                                                                                                                                 </ptk:l>
                                                                                                                              </body>
                                                                                                                           </WtXmlElement>
                                                                                                                        </ptk:l>
                                                                                                                        <ptk:t>
</ptk:t>
                                                                                                                        <WtHorizontalRule>
                                                                                                                           <rtd>c3EAfgAjdXEAfgAnAAAAAXVxAH4AKQAAAAF0AAQtLS0t</rtd>
                                                                                                                        </WtHorizontalRule>
                                                                                                                        <ptk:t>
</ptk:t>
                                                                                                                        <ptk:l>
                                                                                                                           <ptk:t location="Target:225:1">This template name redirects to </ptk:t>
                                                                                                                           <WtXmlElement>
                                                                                                                              <rtd>c3EAfgAjdXEAfgAnAAAAA3VxAH4AKQAAAAF0AAM8dHR1cQB+ACkAAAABdAABPnVxAH4AKQAAAAF0AAU8L3R0Pg==</rtd>
                                                                                                                              <name>tt</name>
                                                                                                                              <xmlAttributes>
                                                                                                                                 <WtXmlAttributes-WtEmptyXmlAttributes/>
                                                                                                                              </xmlAttributes>
                                                                                                                              <body>
                                                                                                                                 <ptk:l>
                                                                                                                                    <EngNowiki location="Target:225:37">
                                                                                                                                       <content>{{</content>
                                                                                                                                       <rtd>c3EAfgAjdXEAfgAnAAAAAXVxAH4AKQAAAAF0ABM8bm93aWtpPnt7PC9ub3dpa2k+</rtd>
                                                                                                                                    </EngNowiki>
                                                                                                                                    <WtInternalLink>
                                                                                                                                       <rtd>c3EAfgAjdXEAfgAnAAAAA3VxAH4AKQAAAAFxAH4BVnEAfgC6dXEAfgApAAAAAXEAfgFY</rtd>
                                                                                                                                       <prefix/>
                                                                                                                                       <postfix/>
                                                                                                                                       <target>
                                                                                                                                          <WtPageName location="Target:225:43">
                                                                                                                                             <content>قالب:·wrap</content>
                                                                                                                                             <rtd null="true"/>
                                                                                                                                          </WtPageName>
                                                                                                                                       </target>
                                                                                                                                       <title>
                                                                                                                                          <ptk:l>
                                                                                                                                             <ptk:t location="Target:225:54">·wrap</ptk:t>
                                                                                                                                          </ptk:l>
                                                                                                                                       </title>
                                                                                                                                    </WtInternalLink>
                                                                                                                                    <EngNowiki location="Target:225:61">
                                                                                                                                       <content>}}</content>
                                                                                                                                       <rtd>c3EAfgAjdXEAfgAnAAAAAXVxAH4AKQAAAAF0ABM8bm93aWtpPn19PC9ub3dpa2k+</rtd>
                                                                                                                                    </EngNowiki>
                                                                                                                                 </ptk:l>
                                                                                                                              </body>
                                                                                                                           </WtXmlElement>
                                                                                                                           <ptk:t location="Target:225:70"> which may be edited using [</ptk:t>
                                                                                                                           <WtExternalLink>
                                                                                                                              <rtd>c3EAfgAjdXEAfgAnAAAAA3VxAH4AKQAAAAF0AAFbdXEAfgApAAAAAXQAASB1cQB+ACkAAAABdAABXQ==</rtd>
                                                                                                                              <target>
                                                                                                                                 <WtUrl location="Target:225:99">
                                                                                                                                    <rtd>c3EAfgAjdXEAfgAnAAAAAXVxAH4AKQAAAAF0AFdodHRwOi8vYXJ6Lndpa2lwZWRpYS5vcmcvd2lraS9UZW1wbGF0ZTolQzIlQjd3cmFwP3RpdGxlPVRlbXBsYXRlOiVDMiVCN3dyYXAmYWN0aW9uPWVkaXQ=</rtd>
                                                                                                                                    <protocol>http</protocol>
                                                                                                                                    <path>//arz.wikipedia.org/wiki/Template:%C2%B7wrap?title=Template:%C2%B7wrap&amp;action=edit</path>
                                                                                                                                 </WtUrl>
                                                                                                                              </target>
                                                                                                                              <title>
                                                                                                                                 <ptk:l>
                                                                                                                                    <ptk:t location="Target:225:187">edit</ptk:t>
                                                                                                                                 </ptk:l>
                                                                                                                              </title>
                                                                                                                           </WtExternalLink>
                                                                                                                           <ptk:t location="Target:225:192">].
</ptk:t>
                                                                                                                           <ptk:l>
                                                                                                                              <ptk:t location="Target:226:4">See also</ptk:t>
                                                                                                                           </ptk:l>
                                                                                                                        </ptk:l>
                                                                                                                        <ptk:t>
</ptk:t>
                                                                                                                        <ptk:l>
                                                                                                                           <ptk:l>
                                                                                                                              <WtInternalLink>
                                                                                                                                 <rtd>c3EAfgAjdXEAfgAnAAAAA3VxAH4AKQAAAAFxAH4BVnEAfgC6dXEAfgApAAAAAXEAfgFY</rtd>
                                                                                                                                 <prefix/>
                                                                                                                                 <postfix/>
                                                                                                                                 <target>
                                                                                                                                    <WtPageName location="Target:227:4">
                                                                                                                                       <content>:Category:Redirect templates</content>
                                                                                                                                       <rtd null="true"/>
                                                                                                                                    </WtPageName>
                                                                                                                                 </target>
                                                                                                                                 <title>
                                                                                                                                    <WtLinkTitle-WtNoLinkTitle/>
                                                                                                                                 </title>
                                                                                                                              </WtInternalLink>
                                                                                                                           </ptk:l>
                                                                                                                           <ptk:l>
                                                                                                                              <WtInternalLink>
                                                                                                                                 <rtd>c3EAfgAjdXEAfgAnAAAAA3VxAH4AKQAAAAFxAH4BVnEAfgC6dXEAfgApAAAAAXEAfgFY</rtd>
                                                                                                                                 <prefix/>
                                                                                                                                 <postfix/>
                                                                                                                                 <target>
                                                                                                                                    <WtPageName location="Target:228:4">
                                                                                                                                       <content>:Category:Redirects from other templates</content>
                                                                                                                                       <rtd null="true"/>
                                                                                                                                    </WtPageName>
                                                                                                                                 </target>
                                                                                                                                 <title>
                                                                                                                                    <WtLinkTitle-WtNoLinkTitle/>
                                                                                                                                 </title>
                                                                                                                              </WtInternalLink>
                                                                                                                           </ptk:l>
                                                                                                                           <ptk:l>
                                                                                                                              <WtInternalLink>
                                                                                                                                 <rtd>c3EAfgAjdXEAfgAnAAAAA3VxAH4AKQAAAAFxAH4BVnEAfgC6dXEAfgApAAAAAXEAfgFY</rtd>
                                                                                                                                 <prefix/>
                                                                                                                                 <postfix/>
                                                                                                                                 <target>
                                                                                                                                    <WtPageName location="Target:229:4">
                                                                                                                                       <content>Wikipedia:Redirects</content>
                                                                                                                                       <rtd null="true"/>
                                                                                                                                    </WtPageName>
                                                                                                                                 </target>
                                                                                                                                 <title>
                                                                                                                                    <WtLinkTitle-WtNoLinkTitle/>
                                                                                                                                 </title>
                                                                                                                              </WtInternalLink>
                                                                                                                           </ptk:l>
                                                                                                                           <ptk:l>
                                                                                                                              <WtInternalLink>
                                                                                                                                 <rtd>c3EAfgAjdXEAfgAnAAAAA3VxAH4AKQAAAAFxAH4BVnEAfgC6dXEAfgApAAAAAXEAfgFY</rtd>
                                                                                                                                 <prefix/>
                                                                                                                                 <postfix/>
                                                                                                                                 <target>
                                                                                                                                    <WtPageName location="Target:230:4">
                                                                                                                                       <content>Wikipedia:Template messages/Redirect pages</content>
                                                                                                                                       <rtd null="true"/>
                                                                                                                                    </WtPageName>
                                                                                                                                 </target>
                                                                                                                                 <title>
                                                                                                                                    <WtLinkTitle-WtNoLinkTitle/>
                                                                                                                                 </title>
                                                                                                                              </WtInternalLink>
                                                                                                                              <WtInternalLink>
                                                                                                                                 <rtd>c3EAfgAjdXEAfgAnAAAAA3VxAH4AKQAAAAFxAH4BVnEAfgC6dXEAfgApAAAAAXEAfgFY</rtd>
                                                                                                                                 <prefix/>
                                                                                                                                 <postfix/>
                                                                                                                                 <target>
                                                                                                                                    <WtPageName location="Target:230:50">
                                                                                                                                       <content>Category:Redirects from other templates</content>
                                                                                                                                       <rtd null="true"/>
                                                                                                                                    </WtPageName>
                                                                                                                                 </target>
                                                                                                                                 <title>
                                                                                                                                    <ptk:l>
                                                                                                                                       <ptk:t location="Target:230:90">Target</ptk:t>
                                                                                                                                    </ptk:l>
                                                                                                                                 </title>
                                                                                                                              </WtInternalLink>
                                                                                                                           </ptk:l>
                                                                                                                        </ptk:l>
                                                                                                                        <ptk:t>
</ptk:t>
                                                                                                                        <ptk:l>
                                                                                                                           <WtInternalLink>
                                                                                                                              <rtd>c3EAfgAjdXEAfgAnAAAAA3VxAH4AKQAAAAFxAH4BVnEAfgC6dXEAfgApAAAAAXEAfgFY</rtd>
                                                                                                                              <prefix/>
                                                                                                                              <postfix/>
                                                                                                                              <target>
                                                                                                                                 <WtPageName location="Target:231:3">
                                                                                                                                    <content> سقطرى </content>
                                                                                                                                    <rtd null="true"/>
                                                                                                                                 </WtPageName>
                                                                                                                              </target>
                                                                                                                              <title>
                                                                                                                                 <ptk:l>
                                                                                                                                    <ptk:t location="Target:231:11">سقطرى</ptk:t>
                                                                                                                                 </ptk:l>
                                                                                                                              </title>
                                                                                                                           </WtInternalLink>
                                                                                                                           <ptk:t location="Target:231:18"> </ptk:t>
                                                                                                                           <WtXmlElement>
                                                                                                                              <rtd>c3EAfgAjdXEAfgAnAAAAA3VxAH4AKQAAAAF0AAY8c21hbGx1cQB+ACkAAAABdAABPnVxAH4AKQAAAAF0AAg8L3NtYWxsPg==</rtd>
                                                                                                                              <name>small</name>
                                                                                                                              <xmlAttributes>
                                                                                                                                 <WtXmlAttributes-WtEmptyXmlAttributes/>
                                                                                                                              </xmlAttributes>
                                                                                                                              <body>
                                                                                                                                 <ptk:l>
                                                                                                                                    <ptk:t location="Target:231:26">(اليمن)</ptk:t>
                                                                                                                                 </ptk:l>
                                                                                                                              </body>
                                                                                                                           </WtXmlElement>
                                                                                                                           <WtXmlEntityRef location="Target:231:42">
                                                                                                                              <rtd>c3EAfgAjdXEAfgAnAAAAAXVxAH4AKQAAAAF0AAYmbmJzcDs=</rtd>
                                                                                                                              <name>nbsp</name>
                                                                                                                              <resolved> </resolved>
                                                                                                                           </WtXmlEntityRef>
                                                                                                                           <WtXmlElement>
                                                                                                                              <rtd>c3EAfgAjdXEAfgAnAAAAA3VxAH4AKQAAAAF0AAI8YnVxAH4AKQAAAAF0AAE+dXEAfgApAAAAAXQABDwvYj4=</rtd>
                                                                                                                              <name>b</name>
                                                                                                                              <xmlAttributes>
                                                                                                                                 <WtXmlAttributes-WtEmptyXmlAttributes/>
                                                                                                                              </xmlAttributes>
                                                                                                                              <body>
                                                                                                                                 <ptk:l>
                                                                                                                                    <ptk:t location="Target:231:50">·</ptk:t>
                                                                                                                                 </ptk:l>
                                                                                                                              </body>
                                                                                                                           </WtXmlElement>
                                                                                                                           <WtXmlEndTag location="Target:231:57">
                                                                                                                              <rtd>cQB+AHE=</rtd>
                                                                                                                              <name>span</name>
                                                                                                                           </WtXmlEndTag>
                                                                                                                           <ptk:t location="Target:231:62"> </ptk:t>
                                                                                                                           <WtXmlElement>
                                                                                                                              <rtd>c3EAfgAjdXEAfgAnAAAAA3VxAH4AKQAAAAF0AAU8c3BhbnVxAH4AKQAAAAF0AAE+cQB+ALo=</rtd>
                                                                                                                              <name>span</name>
                                                                                                                              <xmlAttributes>
                                                                                                                                 <ptk:l location="Target:231:68">
                                                                                                                                    <WtXmlAttribute location="Target:231:68">
                                                                                                                                       <rtd>c3EAfgAjdXEAfgAnAAAAAnVxAH4AKQAAAAF0AAggc3R5bGU9InVxAH4AKQAAAAF0AAEi</rtd>
                                                                                                                                       <name>style</name>
                                                                                                                                       <value>
                                                                                                                                          <ptk:l location="Target:231:76">
                                                                                                                                             <ptk:t location="Target:231:76">white-space:nowrap</ptk:t>
                                                                                                                                          </ptk:l>
                                                                                                                                       </value>
                                                                                                                                    </WtXmlAttribute>
                                                                                                                                 </ptk:l>
                                                                                                                              </xmlAttributes>
                                                                                                                              <body>
                                                                                                                                 <ptk:l>
                                                                                                                                    <ptk:t>
</ptk:t>
                                                                                                                                    <WtXmlEntityRef location="Target:232:2">
                                                                                                                                       <rtd>c3EAfgAjdXEAfgAnAAAAAXVxAH4AKQAAAAF0AAYmbmJzcDs=</rtd>
                                                                                                                                       <name>nbsp</name>
                                                                                                                                       <resolved> </resolved>
                                                                                                                                    </WtXmlEntityRef>
                                                                                                                                 </ptk:l>
                                                                                                                              </body>
                                                                                                                           </WtXmlElement>
                                                                                                                        </ptk:l>
                                                                                                                        <ptk:t>
</ptk:t>
                                                                                                                        <WtHorizontalRule>
                                                                                                                           <rtd>c3EAfgAjdXEAfgAnAAAAAXVxAH4AKQAAAAF0AAQtLS0t</rtd>
                                                                                                                        </WtHorizontalRule>
                                                                                                                        <ptk:t>
</ptk:t>
                                                                                                                        <ptk:l>
                                                                                                                           <ptk:t location="Target:234:1">This template name redirects to </ptk:t>
                                                                                                                           <WtXmlElement>
                                                                                                                              <rtd>c3EAfgAjdXEAfgAnAAAAA3VxAH4AKQAAAAF0AAM8dHR1cQB+ACkAAAABdAABPnVxAH4AKQAAAAF0AAU8L3R0Pg==</rtd>
                                                                                                                              <name>tt</name>
                                                                                                                              <xmlAttributes>
                                                                                                                                 <WtXmlAttributes-WtEmptyXmlAttributes/>
                                                                                                                              </xmlAttributes>
                                                                                                                              <body>
                                                                                                                                 <ptk:l>
                                                                                                                                    <EngNowiki location="Target:234:37">
                                                                                                                                       <content>{{</content>
                                                                                                                                       <rtd>c3EAfgAjdXEAfgAnAAAAAXVxAH4AKQAAAAF0ABM8bm93aWtpPnt7PC9ub3dpa2k+</rtd>
                                                                                                                                    </EngNowiki>
                                                                                                                                    <WtInternalLink>
                                                                                                                                       <rtd>c3EAfgAjdXEAfgAnAAAAA3VxAH4AKQAAAAFxAH4BVnEAfgC6dXEAfgApAAAAAXEAfgFY</rtd>
                                                                                                                                       <prefix/>
                                                                                                                                       <postfix/>
                                                                                                                                       <target>
                                                                                                                                          <WtPageName location="Target:234:43">
                                                                                                                                             <content>قالب:·wrap</content>
                                                                                                                                             <rtd null="true"/>
                                                                                                                                          </WtPageName>
                                                                                                                                       </target>
                                                                                                                                       <title>
                                                                                                                                          <ptk:l>
                                                                                                                                             <ptk:t location="Target:234:54">·wrap</ptk:t>
                                                                                                                                          </ptk:l>
                                                                                                                                       </title>
                                                                                                                                    </WtInternalLink>
                                                                                                                                    <EngNowiki location="Target:234:61">
                                                                                                                                       <content>}}</content>
                                                                                                                                       <rtd>c3EAfgAjdXEAfgAnAAAAAXVxAH4AKQAAAAF0ABM8bm93aWtpPn19PC9ub3dpa2k+</rtd>
                                                                                                                                    </EngNowiki>
                                                                                                                                 </ptk:l>
                                                                                                                              </body>
                                                                                                                           </WtXmlElement>
                                                                                                                           <ptk:t location="Target:234:70"> which may be edited using [</ptk:t>
                                                                                                                           <WtExternalLink>
                                                                                                                              <rtd>c3EAfgAjdXEAfgAnAAAAA3VxAH4AKQAAAAF0AAFbdXEAfgApAAAAAXQAASB1cQB+ACkAAAABdAABXQ==</rtd>
                                                                                                                              <target>
                                                                                                                                 <WtUrl location="Target:234:99">
                                                                                                                                    <rtd>c3EAfgAjdXEAfgAnAAAAAXVxAH4AKQAAAAF0AFdodHRwOi8vYXJ6Lndpa2lwZWRpYS5vcmcvd2lraS9UZW1wbGF0ZTolQzIlQjd3cmFwP3RpdGxlPVRlbXBsYXRlOiVDMiVCN3dyYXAmYWN0aW9uPWVkaXQ=</rtd>
                                                                                                                                    <protocol>http</protocol>
                                                                                                                                    <path>//arz.wikipedia.org/wiki/Template:%C2%B7wrap?title=Template:%C2%B7wrap&amp;action=edit</path>
                                                                                                                                 </WtUrl>
                                                                                                                              </target>
                                                                                                                              <title>
                                                                                                                                 <ptk:l>
                                                                                                                                    <ptk:t location="Target:234:187">edit</ptk:t>
                                                                                                                                 </ptk:l>
                                                                                                                              </title>
                                                                                                                           </WtExternalLink>
                                                                                                                           <ptk:t location="Target:234:192">].
</ptk:t>
                                                                                                                           <ptk:l>
                                                                                                                              <ptk:t location="Target:235:4">See also</ptk:t>
                                                                                                                           </ptk:l>
                                                                                                                        </ptk:l>
                                                                                                                        <ptk:t>
</ptk:t>
                                                                                                                        <ptk:l>
                                                                                                                           <ptk:l>
                                                                                                                              <WtInternalLink>
                                                                                                                                 <rtd>c3EAfgAjdXEAfgAnAAAAA3VxAH4AKQAAAAFxAH4BVnEAfgC6dXEAfgApAAAAAXEAfgFY</rtd>
                                                                                                                                 <prefix/>
                                                                                                                                 <postfix/>
                                                                                                                                 <target>
                                                                                                                                    <WtPageName location="Target:236:4">
                                                                                                                                       <content>:Category:Redirect templates</content>
                                                                                                                                       <rtd null="true"/>
                                                                                                                                    </WtPageName>
                                                                                                                                 </target>
                                                                                                                                 <title>
                                                                                                                                    <WtLinkTitle-WtNoLinkTitle/>
                                                                                                                                 </title>
                                                                                                                              </WtInternalLink>
                                                                                                                           </ptk:l>
                                                                                                                           <ptk:l>
                                                                                                                              <WtInternalLink>
                                                                                                                                 <rtd>c3EAfgAjdXEAfgAnAAAAA3VxAH4AKQAAAAFxAH4BVnEAfgC6dXEAfgApAAAAAXEAfgFY</rtd>
                                                                                                                                 <prefix/>
                                                                                                                                 <postfix/>
                                                                                                                                 <target>
                                                                                                                                    <WtPageName location="Target:237:4">
                                                                                                                                       <content>:Category:Redirects from other templates</content>
                                                                                                                                       <rtd null="true"/>
                                                                                                                                    </WtPageName>
                                                                                                                                 </target>
                                                                                                                                 <title>
                                                                                                                                    <WtLinkTitle-WtNoLinkTitle/>
                                                                                                                                 </title>
                                                                                                                              </WtInternalLink>
                                                                                                                           </ptk:l>
                                                                                                                           <ptk:l>
                                                                                                                              <WtInternalLink>
                                                                                                                                 <rtd>c3EAfgAjdXEAfgAnAAAAA3VxAH4AKQAAAAFxAH4BVnEAfgC6dXEAfgApAAAAAXEAfgFY</rtd>
                                                                                                                                 <prefix/>
                                                                                                                                 <postfix/>
                                                                                                                                 <target>
                                                                                                                                    <WtPageName location="Target:238:4">
                                                                                                                                       <content>Wikipedia:Redirects</content>
                                                                                                                                       <rtd null="true"/>
                                                                                                                                    </WtPageName>
                                                                                                                                 </target>
                                                                                                                                 <title>
                                                                                                                                    <WtLinkTitle-WtNoLinkTitle/>
                                                                                                                                 </title>
                                                                                                                              </WtInternalLink>
                                                                                                                           </ptk:l>
                                                                                                                           <ptk:l>
                                                                                                                              <WtInternalLink>
                                                                                                                                 <rtd>c3EAfgAjdXEAfgAnAAAAA3VxAH4AKQAAAAFxAH4BVnEAfgC6dXEAfgApAAAAAXEAfgFY</rtd>
                                                                                                                                 <prefix/>
                                                                                                                                 <postfix/>
                                                                                                                                 <target>
                                                                                                                                    <WtPageName location="Target:239:4">
                                                                                                                                       <content>Wikipedia:Template messages/Redirect pages</content>
                                                                                                                                       <rtd null="true"/>
                                                                                                                                    </WtPageName>
                                                                                                                                 </target>
                                                                                                                                 <title>
                                                                                                                                    <WtLinkTitle-WtNoLinkTitle/>
                                                                                                                                 </title>
                                                                                                                              </WtInternalLink>
                                                                                                                              <WtInternalLink>
                                                                                                                                 <rtd>c3EAfgAjdXEAfgAnAAAAA3VxAH4AKQAAAAFxAH4BVnEAfgC6dXEAfgApAAAAAXEAfgFY</rtd>
                                                                                                                                 <prefix/>
                                                                                                                                 <postfix/>
                                                                                                                                 <target>
                                                                                                                                    <WtPageName location="Target:239:50">
                                                                                                                                       <content>Category:Redirects from other templates</content>
                                                                                                                                       <rtd null="true"/>
                                                                                                                                    </WtPageName>
                                                                                                                                 </target>
                                                                                                                                 <title>
                                                                                                                                    <ptk:l>
                                                                                                                                       <ptk:t location="Target:239:90">Target</ptk:t>
                                                                                                                                    </ptk:l>
                                                                                                                                 </title>
                                                                                                                              </WtInternalLink>
                                                                                                                           </ptk:l>
                                                                                                                        </ptk:l>
                                                                                                                        <ptk:t>
</ptk:t>
                                                                                                                        <ptk:l>
                                                                                                                           <ptk:l>
                                                                                                                              <WtInternalLink>
                                                                                                                                 <rtd>c3EAfgAjdXEAfgAnAAAAA3VxAH4AKQAAAAFxAH4BVnEAfgC6dXEAfgApAAAAAXEAfgFY</rtd>
                                                                                                                                 <prefix/>
                                                                                                                                 <postfix/>
                                                                                                                                 <target>
                                                                                                                                    <WtPageName location="Target:240:5">
                                                                                                                                       <content> أرض الصومال </content>
                                                                                                                                       <rtd null="true"/>
                                                                                                                                    </WtPageName>
                                                                                                                                 </target>
                                                                                                                                 <title>
                                                                                                                                    <ptk:l>
                                                                                                                                       <ptk:t location="Target:240:19">أرض الصومال</ptk:t>
                                                                                                                                    </ptk:l>
                                                                                                                                 </title>
                                                                                                                              </WtInternalLink>
                                                                                                                           </ptk:l>
                                                                                                                           <WtXmlEntityRef location="Target:240:35">
                                                                                                                              <rtd>c3EAfgAjdXEAfgAnAAAAAXVxAH4AKQAAAAF0AAYmbmJzcDs=</rtd>
                                                                                                                              <name>nbsp</name>
                                                                                                                              <resolved> </resolved>
                                                                                                                           </WtXmlEntityRef>
                                                                                                                           <WtXmlElement>
                                                                                                                              <rtd>c3EAfgAjdXEAfgAnAAAAA3VxAH4AKQAAAAF0AAI8YnVxAH4AKQAAAAF0AAE+dXEAfgApAAAAAXQABDwvYj4=</rtd>
                                                                                                                              <name>b</name>
                                                                                                                              <xmlAttributes>
                                                                                                                                 <WtXmlAttributes-WtEmptyXmlAttributes/>
                                                                                                                              </xmlAttributes>
                                                                                                                              <body>
                                                                                                                                 <ptk:l>
                                                                                                                                    <ptk:t location="Target:240:43">·</ptk:t>
                                                                                                                                 </ptk:l>
                                                                                                                              </body>
                                                                                                                           </WtXmlElement>
                                                                                                                           <WtXmlEndTag location="Target:240:50">
                                                                                                                              <rtd>cQB+AII=</rtd>
                                                                                                                              <name>span</name>
                                                                                                                           </WtXmlEndTag>
                                                                                                                           <ptk:t location="Target:240:55"> </ptk:t>
                                                                                                                           <WtXmlElement>
                                                                                                                              <rtd>c3EAfgAjdXEAfgAnAAAAA3VxAH4AKQAAAAF0AAU8c3BhbnVxAH4AKQAAAAF0AAE+cQB+ALo=</rtd>
                                                                                                                              <name>span</name>
                                                                                                                              <xmlAttributes>
                                                                                                                                 <ptk:l location="Target:240:61">
                                                                                                                                    <WtXmlAttribute location="Target:240:61">
                                                                                                                                       <rtd>c3EAfgAjdXEAfgAnAAAAAnVxAH4AKQAAAAF0AAggc3R5bGU9InVxAH4AKQAAAAF0AAEi</rtd>
                                                                                                                                       <name>style</name>
                                                                                                                                       <value>
                                                                                                                                          <ptk:l location="Target:240:69">
                                                                                                                                             <ptk:t location="Target:240:69">white-space:nowrap</ptk:t>
                                                                                                                                          </ptk:l>
                                                                                                                                       </value>
                                                                                                                                    </WtXmlAttribute>
                                                                                                                                 </ptk:l>
                                                                                                                              </xmlAttributes>
                                                                                                                              <body>
                                                                                                                                 <ptk:l>
                                                                                                                                    <ptk:t>
</ptk:t>
                                                                                                                                    <WtXmlEntityRef location="Target:241:2">
                                                                                                                                       <rtd>c3EAfgAjdXEAfgAnAAAAAXVxAH4AKQAAAAF0AAYmbmJzcDs=</rtd>
                                                                                                                                       <name>nbsp</name>
                                                                                                                                       <resolved> </resolved>
                                                                                                                                    </WtXmlEntityRef>
                                                                                                                                 </ptk:l>
                                                                                                                              </body>
                                                                                                                           </WtXmlElement>
                                                                                                                        </ptk:l>
                                                                                                                        <ptk:t>
</ptk:t>
                                                                                                                        <WtHorizontalRule>
                                                                                                                           <rtd>c3EAfgAjdXEAfgAnAAAAAXVxAH4AKQAAAAF0AAQtLS0t</rtd>
                                                                                                                        </WtHorizontalRule>
                                                                                                                        <ptk:t>
</ptk:t>
                                                                                                                        <ptk:l>
                                                                                                                           <ptk:t location="Target:243:1">This template name redirects to </ptk:t>
                                                                                                                           <WtXmlElement>
                                                                                                                              <rtd>c3EAfgAjdXEAfgAnAAAAA3VxAH4AKQAAAAF0AAM8dHR1cQB+ACkAAAABdAABPnVxAH4AKQAAAAF0AAU8L3R0Pg==</rtd>
                                                                                                                              <name>tt</name>
                                                                                                                              <xmlAttributes>
                                                                                                                                 <WtXmlAttributes-WtEmptyXmlAttributes/>
                                                                                                                              </xmlAttributes>
                                                                                                                              <body>
                                                                                                                                 <ptk:l>
                                                                                                                                    <EngNowiki location="Target:243:37">
                                                                                                                                       <content>{{</content>
                                                                                                                                       <rtd>c3EAfgAjdXEAfgAnAAAAAXVxAH4AKQAAAAF0ABM8bm93aWtpPnt7PC9ub3dpa2k+</rtd>
                                                                                                                                    </EngNowiki>
                                                                                                                                    <WtInternalLink>
                                                                                                                                       <rtd>c3EAfgAjdXEAfgAnAAAAA3VxAH4AKQAAAAFxAH4BVnEAfgC6dXEAfgApAAAAAXEAfgFY</rtd>
                                                                                                                                       <prefix/>
                                                                                                                                       <postfix/>
                                                                                                                                       <target>
                                                                                                                                          <WtPageName location="Target:243:43">
                                                                                                                                             <content>قالب:·wrap</content>
                                                                                                                                             <rtd null="true"/>
                                                                                                                                          </WtPageName>
                                                                                                                                       </target>
                                                                                                                                       <title>
                                                                                                                                          <ptk:l>
                                                                                                                                             <ptk:t location="Target:243:54">·wrap</ptk:t>
                                                                                                                                          </ptk:l>
                                                                                                                                       </title>
                                                                                                                                    </WtInternalLink>
                                                                                                                                    <EngNowiki location="Target:243:61">
                                                                                                                                       <content>}}</content>
                                                                                                                                       <rtd>c3EAfgAjdXEAfgAnAAAAAXVxAH4AKQAAAAF0ABM8bm93aWtpPn19PC9ub3dpa2k+</rtd>
                                                                                                                                    </EngNowiki>
                                                                                                                                 </ptk:l>
                                                                                                                              </body>
                                                                                                                           </WtXmlElement>
                                                                                                                           <ptk:t location="Target:243:70"> which may be edited using [</ptk:t>
                                                                                                                           <WtExternalLink>
                                                                                                                              <rtd>c3EAfgAjdXEAfgAnAAAAA3VxAH4AKQAAAAF0AAFbdXEAfgApAAAAAXQAASB1cQB+ACkAAAABdAABXQ==</rtd>
                                                                                                                              <target>
                                                                                                                                 <WtUrl location="Target:243:99">
                                                                                                                                    <rtd>c3EAfgAjdXEAfgAnAAAAAXVxAH4AKQAAAAF0AFdodHRwOi8vYXJ6Lndpa2lwZWRpYS5vcmcvd2lraS9UZW1wbGF0ZTolQzIlQjd3cmFwP3RpdGxlPVRlbXBsYXRlOiVDMiVCN3dyYXAmYWN0aW9uPWVkaXQ=</rtd>
                                                                                                                                    <protocol>http</protocol>
                                                                                                                                    <path>//arz.wikipedia.org/wiki/Template:%C2%B7wrap?title=Template:%C2%B7wrap&amp;action=edit</path>
                                                                                                                                 </WtUrl>
                                                                                                                              </target>
                                                                                                                              <title>
                                                                                                                                 <ptk:l>
                                                                                                                                    <ptk:t location="Target:243:187">edit</ptk:t>
                                                                                                                                 </ptk:l>
                                                                                                                              </title>
                                                                                                                           </WtExternalLink>
                                                                                                                           <ptk:t location="Target:243:192">].
</ptk:t>
                                                                                                                           <ptk:l>
                                                                                                                              <ptk:t location="Target:244:4">See also</ptk:t>
                                                                                                                           </ptk:l>
                                                                                                                        </ptk:l>
                                                                                                                        <ptk:t>
</ptk:t>
                                                                                                                        <ptk:l>
                                                                                                                           <ptk:l>
                                                                                                                              <WtInternalLink>
                                                                                                                                 <rtd>c3EAfgAjdXEAfgAnAAAAA3VxAH4AKQAAAAFxAH4BVnEAfgC6dXEAfgApAAAAAXEAfgFY</rtd>
                                                                                                                                 <prefix/>
                                                                                                                                 <postfix/>
                                                                                                                                 <target>
                                                                                                                                    <WtPageName location="Target:245:4">
                                                                                                                                       <content>:Category:Redirect templates</content>
                                                                                                                                       <rtd null="true"/>
                                                                                                                                    </WtPageName>
                                                                                                                                 </target>
                                                                                                                                 <title>
                                                                                                                                    <WtLinkTitle-WtNoLinkTitle/>
                                                                                                                                 </title>
                                                                                                                              </WtInternalLink>
                                                                                                                           </ptk:l>
                                                                                                                           <ptk:l>
                                                                                                                              <WtInternalLink>
                                                                                                                                 <rtd>c3EAfgAjdXEAfgAnAAAAA3VxAH4AKQAAAAFxAH4BVnEAfgC6dXEAfgApAAAAAXEAfgFY</rtd>
                                                                                                                                 <prefix/>
                                                                                                                                 <postfix/>
                                                                                                                                 <target>
                                                                                                                                    <WtPageName location="Target:246:4">
                                                                                                                                       <content>:Category:Redirects from other templates</content>
                                                                                                                                       <rtd null="true"/>
                                                                                                                                    </WtPageName>
                                                                                                                                 </target>
                                                                                                                                 <title>
                                                                                                                                    <WtLinkTitle-WtNoLinkTitle/>
                                                                                                                                 </title>
                                                                                                                              </WtInternalLink>
                                                                                                                           </ptk:l>
                                                                                                                           <ptk:l>
                                                                                                                              <WtInternalLink>
                                                                                                                                 <rtd>c3EAfgAjdXEAfgAnAAAAA3VxAH4AKQAAAAFxAH4BVnEAfgC6dXEAfgApAAAAAXEAfgFY</rtd>
                                                                                                                                 <prefix/>
                                                                                                                                 <postfix/>
                                                                                                                                 <target>
                                                                                                                                    <WtPageName location="Target:247:4">
                                                                                                                                       <content>Wikipedia:Redirects</content>
                                                                                                                                       <rtd null="true"/>
                                                                                                                                    </WtPageName>
                                                                                                                                 </target>
                                                                                                                                 <title>
                                                                                                                                    <WtLinkTitle-WtNoLinkTitle/>
                                                                                                                                 </title>
                                                                                                                              </WtInternalLink>
                                                                                                                           </ptk:l>
                                                                                                                           <ptk:l>
                                                                                                                              <WtInternalLink>
                                                                                                                                 <rtd>c3EAfgAjdXEAfgAnAAAAA3VxAH4AKQAAAAFxAH4BVnEAfgC6dXEAfgApAAAAAXEAfgFY</rtd>
                                                                                                                                 <prefix/>
                                                                                                                                 <postfix/>
                                                                                                                                 <target>
                                                                                                                                    <WtPageName location="Target:248:4">
                                                                                                                                       <content>Wikipedia:Template messages/Redirect pages</content>
                                                                                                                                       <rtd null="true"/>
                                                                                                                                    </WtPageName>
                                                                                                                                 </target>
                                                                                                                                 <title>
                                                                                                                                    <WtLinkTitle-WtNoLinkTitle/>
                                                                                                                                 </title>
                                                                                                                              </WtInternalLink>
                                                                                                                              <WtInternalLink>
                                                                                                                                 <rtd>c3EAfgAjdXEAfgAnAAAAA3VxAH4AKQAAAAFxAH4BVnEAfgC6dXEAfgApAAAAAXEAfgFY</rtd>
                                                                                                                                 <prefix/>
                                                                                                                                 <postfix/>
                                                                                                                                 <target>
                                                                                                                                    <WtPageName location="Target:248:50">
                                                                                                                                       <content>Category:Redirects from other templates</content>
                                                                                                                                       <rtd null="true"/>
                                                                                                                                    </WtPageName>
                                                                                                                                 </target>
                                                                                                                                 <title>
                                                                                                                                    <ptk:l>
                                                                                                                                       <ptk:t location="Target:248:90">Target</ptk:t>
                                                                                                                                    </ptk:l>
                                                                                                                                 </title>
                                                                                                                              </WtInternalLink>
                                                                                                                           </ptk:l>
                                                                                                                        </ptk:l>
                                                                                                                        <ptk:t>
</ptk:t>
                                                                                                                        <ptk:l>
                                                                                                                           <ptk:l>
                                                                                                                              <WtInternalLink>
                                                                                                                                 <rtd>c3EAfgAjdXEAfgAnAAAAA3VxAH4AKQAAAAFxAH4BVnEAfgC6dXEAfgApAAAAAXEAfgFY</rtd>
                                                                                                                                 <prefix/>
                                                                                                                                 <postfix/>
                                                                                                                                 <target>
                                                                                                                                    <WtPageName location="Target:249:5">
                                                                                                                                       <content> الصحرا الغربيه </content>
                                                                                                                                       <rtd null="true"/>
                                                                                                                                    </WtPageName>
                                                                                                                                 </target>
                                                                                                                                 <title>
                                                                                                                                    <ptk:l>
                                                                                                                                       <ptk:t location="Target:249:22">الصحراء الغربية</ptk:t>
                                                                                                                                    </ptk:l>
                                                                                                                                 </title>
                                                                                                                              </WtInternalLink>
                                                                                                                           </ptk:l>
                                                                                                                           <WtXmlEntityRef location="Target:249:42">
                                                                                                                              <rtd>c3EAfgAjdXEAfgAnAAAAAXVxAH4AKQAAAAF0AAYmbmJzcDs=</rtd>
                                                                                                                              <name>nbsp</name>
                                                                                                                              <resolved> </resolved>
                                                                                                                           </WtXmlEntityRef>
                                                                                                                           <WtXmlElement>
                                                                                                                              <rtd>c3EAfgAjdXEAfgAnAAAAA3VxAH4AKQAAAAF0AAI8YnVxAH4AKQAAAAF0AAE+dXEAfgApAAAAAXQABDwvYj4=</rtd>
                                                                                                                              <name>b</name>
                                                                                                                              <xmlAttributes>
                                                                                                                                 <WtXmlAttributes-WtEmptyXmlAttributes/>
                                                                                                                              </xmlAttributes>
                                                                                                                              <body>
                                                                                                                                 <ptk:l>
                                                                                                                                    <ptk:t location="Target:249:50">·</ptk:t>
                                                                                                                                 </ptk:l>
                                                                                                                              </body>
                                                                                                                           </WtXmlElement>
                                                                                                                           <WtXmlEndTag location="Target:249:57">
                                                                                                                              <rtd>cQB+AJM=</rtd>
                                                                                                                              <name>span</name>
                                                                                                                           </WtXmlEndTag>
                                                                                                                           <ptk:t location="Target:249:62"> </ptk:t>
                                                                                                                           <WtXmlElement>
                                                                                                                              <rtd>c3EAfgAjdXEAfgAnAAAAA3VxAH4AKQAAAAF0AAU8c3BhbnVxAH4AKQAAAAF0AAE+cQB+ALo=</rtd>
                                                                                                                              <name>span</name>
                                                                                                                              <xmlAttributes>
                                                                                                                                 <ptk:l location="Target:249:68">
                                                                                                                                    <WtXmlAttribute location="Target:249:68">
                                                                                                                                       <rtd>c3EAfgAjdXEAfgAnAAAAAnVxAH4AKQAAAAF0AAggc3R5bGU9InVxAH4AKQAAAAF0AAEi</rtd>
                                                                                                                                       <name>style</name>
                                                                                                                                       <value>
                                                                                                                                          <ptk:l location="Target:249:76">
                                                                                                                                             <ptk:t location="Target:249:76">white-space:nowrap</ptk:t>
                                                                                                                                          </ptk:l>
                                                                                                                                       </value>
                                                                                                                                    </WtXmlAttribute>
                                                                                                                                 </ptk:l>
                                                                                                                              </xmlAttributes>
                                                                                                                              <body>
                                                                                                                                 <ptk:l>
                                                                                                                                    <ptk:t>
</ptk:t>
                                                                                                                                    <WtXmlEntityRef location="Target:250:2">
                                                                                                                                       <rtd>c3EAfgAjdXEAfgAnAAAAAXVxAH4AKQAAAAF0AAYmbmJzcDs=</rtd>
                                                                                                                                       <name>nbsp</name>
                                                                                                                                       <resolved> </resolved>
                                                                                                                                    </WtXmlEntityRef>
                                                                                                                                 </ptk:l>
                                                                                                                              </body>
                                                                                                                           </WtXmlElement>
                                                                                                                        </ptk:l>
                                                                                                                        <ptk:t>
</ptk:t>
                                                                                                                        <WtHorizontalRule>
                                                                                                                           <rtd>c3EAfgAjdXEAfgAnAAAAAXVxAH4AKQAAAAF0AAQtLS0t</rtd>
                                                                                                                        </WtHorizontalRule>
                                                                                                                        <ptk:t>
</ptk:t>
                                                                                                                        <ptk:l>
                                                                                                                           <ptk:t location="Target:252:1">This template name redirects to </ptk:t>
                                                                                                                           <WtXmlElement>
                                                                                                                              <rtd>c3EAfgAjdXEAfgAnAAAAA3VxAH4AKQAAAAF0AAM8dHR1cQB+ACkAAAABdAABPnVxAH4AKQAAAAF0AAU8L3R0Pg==</rtd>
                                                                                                                              <name>tt</name>
                                                                                                                              <xmlAttributes>
                                                                                                                                 <WtXmlAttributes-WtEmptyXmlAttributes/>
                                                                                                                              </xmlAttributes>
                                                                                                                              <body>
                                                                                                                                 <ptk:l>
                                                                                                                                    <EngNowiki location="Target:252:37">
                                                                                                                                       <content>{{</content>
                                                                                                                                       <rtd>c3EAfgAjdXEAfgAnAAAAAXVxAH4AKQAAAAF0ABM8bm93aWtpPnt7PC9ub3dpa2k+</rtd>
                                                                                                                                    </EngNowiki>
                                                                                                                                    <WtInternalLink>
                                                                                                                                       <rtd>c3EAfgAjdXEAfgAnAAAAA3VxAH4AKQAAAAFxAH4BVnEAfgC6dXEAfgApAAAAAXEAfgFY</rtd>
                                                                                                                                       <prefix/>
                                                                                                                                       <postfix/>
                                                                                                                                       <target>
                                                                                                                                          <WtPageName location="Target:252:43">
                                                                                                                                             <content>قالب:·wrap</content>
                                                                                                                                             <rtd null="true"/>
                                                                                                                                          </WtPageName>
                                                                                                                                       </target>
                                                                                                                                       <title>
                                                                                                                                          <ptk:l>
                                                                                                                                             <ptk:t location="Target:252:54">·wrap</ptk:t>
                                                                                                                                          </ptk:l>
                                                                                                                                       </title>
                                                                                                                                    </WtInternalLink>
                                                                                                                                    <EngNowiki location="Target:252:61">
                                                                                                                                       <content>}}</content>
                                                                                                                                       <rtd>c3EAfgAjdXEAfgAnAAAAAXVxAH4AKQAAAAF0ABM8bm93aWtpPn19PC9ub3dpa2k+</rtd>
                                                                                                                                    </EngNowiki>
                                                                                                                                 </ptk:l>
                                                                                                                              </body>
                                                                                                                           </WtXmlElement>
                                                                                                                           <ptk:t location="Target:252:70"> which may be edited using [</ptk:t>
                                                                                                                           <WtExternalLink>
                                                                                                                              <rtd>c3EAfgAjdXEAfgAnAAAAA3VxAH4AKQAAAAF0AAFbdXEAfgApAAAAAXQAASB1cQB+ACkAAAABdAABXQ==</rtd>
                                                                                                                              <target>
                                                                                                                                 <WtUrl location="Target:252:99">
                                                                                                                                    <rtd>c3EAfgAjdXEAfgAnAAAAAXVxAH4AKQAAAAF0AFdodHRwOi8vYXJ6Lndpa2lwZWRpYS5vcmcvd2lraS9UZW1wbGF0ZTolQzIlQjd3cmFwP3RpdGxlPVRlbXBsYXRlOiVDMiVCN3dyYXAmYWN0aW9uPWVkaXQ=</rtd>
                                                                                                                                    <protocol>http</protocol>
                                                                                                                                    <path>//arz.wikipedia.org/wiki/Template:%C2%B7wrap?title=Template:%C2%B7wrap&amp;action=edit</path>
                                                                                                                                 </WtUrl>
                                                                                                                              </target>
                                                                                                                              <title>
                                                                                                                                 <ptk:l>
                                                                                                                                    <ptk:t location="Target:252:187">edit</ptk:t>
                                                                                                                                 </ptk:l>
                                                                                                                              </title>
                                                                                                                           </WtExternalLink>
                                                                                                                           <ptk:t location="Target:252:192">].
</ptk:t>
                                                                                                                           <ptk:l>
                                                                                                                              <ptk:t location="Target:253:4">See also</ptk:t>
                                                                                                                           </ptk:l>
                                                                                                                        </ptk:l>
                                                                                                                        <ptk:t>
</ptk:t>
                                                                                                                        <ptk:l>
                                                                                                                           <ptk:l>
                                                                                                                              <WtInternalLink>
                                                                                                                                 <rtd>c3EAfgAjdXEAfgAnAAAAA3VxAH4AKQAAAAFxAH4BVnEAfgC6dXEAfgApAAAAAXEAfgFY</rtd>
                                                                                                                                 <prefix/>
                                                                                                                                 <postfix/>
                                                                                                                                 <target>
                                                                                                                                    <WtPageName location="Target:254:4">
                                                                                                                                       <content>:Category:Redirect templates</content>
                                                                                                                                       <rtd null="true"/>
                                                                                                                                    </WtPageName>
                                                                                                                                 </target>
                                                                                                                                 <title>
                                                                                                                                    <WtLinkTitle-WtNoLinkTitle/>
                                                                                                                                 </title>
                                                                                                                              </WtInternalLink>
                                                                                                                           </ptk:l>
                                                                                                                           <ptk:l>
                                                                                                                              <WtInternalLink>
                                                                                                                                 <rtd>c3EAfgAjdXEAfgAnAAAAA3VxAH4AKQAAAAFxAH4BVnEAfgC6dXEAfgApAAAAAXEAfgFY</rtd>
                                                                                                                                 <prefix/>
                                                                                                                                 <postfix/>
                                                                                                                                 <target>
                                                                                                                                    <WtPageName location="Target:255:4">
                                                                                                                                       <content>:Category:Redirects from other templates</content>
                                                                                                                                       <rtd null="true"/>
                                                                                                                                    </WtPageName>
                                                                                                                                 </target>
                                                                                                                                 <title>
                                                                                                                                    <WtLinkTitle-WtNoLinkTitle/>
                                                                                                                                 </title>
                                                                                                                              </WtInternalLink>
                                                                                                                           </ptk:l>
                                                                                                                           <ptk:l>
                                                                                                                              <WtInternalLink>
                                                                                                                                 <rtd>c3EAfgAjdXEAfgAnAAAAA3VxAH4AKQAAAAFxAH4BVnEAfgC6dXEAfgApAAAAAXEAfgFY</rtd>
                                                                                                                                 <prefix/>
                                                                                                                                 <postfix/>
                                                                                                                                 <target>
                                                                                                                                    <WtPageName location="Target:256:4">
                                                                                                                                       <content>Wikipedia:Redirects</content>
                                                                                                                                       <rtd null="true"/>
                                                                                                                                    </WtPageName>
                                                                                                                                 </target>
                                                                                                                                 <title>
                                                                                                                                    <WtLinkTitle-WtNoLinkTitle/>
                                                                                                                                 </title>
                                                                                                                              </WtInternalLink>
                                                                                                                           </ptk:l>
                                                                                                                           <ptk:l>
                                                                                                                              <WtInternalLink>
                                                                                                                                 <rtd>c3EAfgAjdXEAfgAnAAAAA3VxAH4AKQAAAAFxAH4BVnEAfgC6dXEAfgApAAAAAXEAfgFY</rtd>
                                                                                                                                 <prefix/>
                                                                                                                                 <postfix/>
                                                                                                                                 <target>
                                                                                                                                    <WtPageName location="Target:257:4">
                                                                                                                                       <content>Wikipedia:Template messages/Redirect pages</content>
                                                                                                                                       <rtd null="true"/>
                                                                                                                                    </WtPageName>
                                                                                                                                 </target>
                                                                                                                                 <title>
                                                                                                                                    <WtLinkTitle-WtNoLinkTitle/>
                                                                                                                                 </title>
                                                                                                                              </WtInternalLink>
                                                                                                                              <WtInternalLink>
                                                                                                                                 <rtd>c3EAfgAjdXEAfgAnAAAAA3VxAH4AKQAAAAFxAH4BVnEAfgC6dXEAfgApAAAAAXEAfgFY</rtd>
                                                                                                                                 <prefix/>
                                                                                                                                 <postfix/>
                                                                                                                                 <target>
                                                                                                                                    <WtPageName location="Target:257:50">
                                                                                                                                       <content>Category:Redirects from other templates</content>
                                                                                                                                       <rtd null="true"/>
                                                                                                                                    </WtPageName>
                                                                                                                                 </target>
                                                                                                                                 <title>
                                                                                                                                    <ptk:l>
                                                                                                                                       <ptk:t location="Target:257:90">Target</ptk:t>
                                                                                                                                    </ptk:l>
                                                                                                                                 </title>
                                                                                                                              </WtInternalLink>
                                                                                                                           </ptk:l>
                                                                                                                        </ptk:l>
                                                                                                                        <ptk:t>
</ptk:t>
                                                                                                                        <ptk:l>
                                                                                                                           <WtInternalLink>
                                                                                                                              <rtd>c3EAfgAjdXEAfgAnAAAAA3VxAH4AKQAAAAFxAH4BVnEAfgC6dXEAfgApAAAAAXEAfgFY</rtd>
                                                                                                                              <prefix/>
                                                                                                                              <postfix/>
                                                                                                                              <target>
                                                                                                                                 <WtPageName location="Target:258:3">
                                                                                                                                    <content> زنجبار </content>
                                                                                                                                    <rtd null="true"/>
                                                                                                                                 </WtPageName>
                                                                                                                              </target>
                                                                                                                              <title>
                                                                                                                                 <ptk:l>
                                                                                                                                    <ptk:t location="Target:258:12">زنجبار</ptk:t>
                                                                                                                                 </ptk:l>
                                                                                                                              </title>
                                                                                                                           </WtInternalLink>
                                                                                                                           <ptk:t location="Target:258:20"> </ptk:t>
                                                                                                                           <WtXmlElement>
                                                                                                                              <rtd>c3EAfgAjdXEAfgAnAAAAA3VxAH4AKQAAAAF0AAY8c21hbGx1cQB+ACkAAAABdAABPnVxAH4AKQAAAAF0AAg8L3NtYWxsPg==</rtd>
                                                                                                                              <name>small</name>
                                                                                                                              <xmlAttributes>
                                                                                                                                 <WtXmlAttributes-WtEmptyXmlAttributes/>
                                                                                                                              </xmlAttributes>
                                                                                                                              <body>
                                                                                                                                 <ptk:l>
                                                                                                                                    <ptk:t location="Target:258:28">(تنزانيا)</ptk:t>
                                                                                                                                 </ptk:l>
                                                                                                                              </body>
                                                                                                                           </WtXmlElement>
                                                                                                                           <ptk:t>
</ptk:t>
                                                                                                                           <WtXmlEndTag location="Target:259:3">
                                                                                                                              <rtd>cQB+AKQ=</rtd>
                                                                                                                              <name>span</name>
                                                                                                                           </WtXmlEndTag>
                                                                                                                           <ptk:t>
</ptk:t>
                                                                                                                        </ptk:l>
                                                                                                                     </ptk:l>
                                                                                                                  </body>
                                                                                                               </WtXmlElement>
                                                                                                            </ptk:l>
                                                                                                         </body>
                                                                                                      </WtXmlElement>
                                                                                                   </ptk:l>
                                                                                                </body>
                                                                                             </WtXmlElement>
                                                                                          </ptk:l>
                                                                                       </body>
                                                                                    </WtXmlElement>
                                                                                 </ptk:l>
                                                                              </body>
                                                                           </WtXmlElement>
                                                                           <WtXmlElement>
                                                                              <rtd>c3EAfgAjdXEAfgAnAAAAA3VxAH4AKQAAAAF0AAM8dHJ1cQB+ACkAAAABdAABPnEAfgC6</rtd>
                                                                              <name>tr</name>
                                                                              <xmlAttributes>
                                                                                 <ptk:l location="Target:260:26">
                                                                                    <WtXmlAttribute location="Target:260:26">
                                                                                       <rtd>c3EAfgAjdXEAfgAnAAAAAnVxAH4AKQAAAAF0AAggc3R5bGU9InVxAH4AKQAAAAF0AAEi</rtd>
                                                                                       <name>style</name>
                                                                                       <value>
                                                                                          <ptk:l location="Target:260:34">
                                                                                             <ptk:t location="Target:260:34">height:2px;</ptk:t>
                                                                                          </ptk:l>
                                                                                       </value>
                                                                                    </WtXmlAttribute>
                                                                                 </ptk:l>
                                                                              </xmlAttributes>
                                                                              <body>
                                                                                 <ptk:l>
                                                                                    <WtXmlElement>
                                                                                       <rtd>c3EAfgAjdXEAfgAnAAAAA3VxAH4AKQAAAAF0AAM8dGR1cQB+ACkAAAABdAABPnEAfgC6</rtd>
                                                                                       <name>td</name>
                                                                                       <xmlAttributes>
                                                                                          <WtXmlAttributes-WtEmptyXmlAttributes/>
                                                                                       </xmlAttributes>
                                                                                       <body>
                                                                                          <ptk:l/>
                                                                                       </body>
                                                                                    </WtXmlElement>
                                                                                 </ptk:l>
                                                                              </body>
                                                                           </WtXmlElement>
                                                                           <WtXmlElement>
                                                                              <rtd>c3EAfgAjdXEAfgAnAAAAA3VxAH4AKQAAAAF0AAM8dHJ1cQB+ACkAAAABdAABPnEAfgC6</rtd>
                                                                              <name>tr</name>
                                                                              <xmlAttributes>
                                                                                 <WtXmlAttributes-WtEmptyXmlAttributes/>
                                                                              </xmlAttributes>
                                                                              <body>
                                                                                 <ptk:l>
                                                                                    <WtXmlElement>
                                                                                       <rtd>c3EAfgAjdXEAfgAnAAAAA3VxAH4AKQAAAAF0AAM8dGR1cQB+ACkAAAABdAABPnEAfgC6</rtd>
                                                                                       <name>td</name>
                                                                                       <xmlAttributes>
                                                                                          <ptk:l location="Target:260:68">
                                                                                             <WtXmlAttribute location="Target:260:68">
                                                                                                <rtd>c3EAfgAjdXEAfgAnAAAAAnVxAH4AKQAAAAF0AAggY2xhc3M9InVxAH4AKQAAAAF0AAEi</rtd>
                                                                                                <name>class</name>
                                                                                                <value>
                                                                                                   <ptk:l location="Target:260:76">
                                                                                                      <ptk:t location="Target:260:76">navbox-abovebelow </ptk:t>
                                                                                                   </ptk:l>
                                                                                                </value>
                                                                                             </WtXmlAttribute>
                                                                                             <WtXmlAttribute location="Target:260:95">
                                                                                                <rtd>c3EAfgAjdXEAfgAnAAAAAnVxAH4AKQAAAAF0AAggc3R5bGU9InVxAH4AKQAAAAF0AAEi</rtd>
                                                                                                <name>style</name>
                                                                                                <value>
                                                                                                   <ptk:l location="Target:260:103">
                                                                                                      <ptk:t location="Target:260:103">;font-size:95%;</ptk:t>
                                                                                                   </ptk:l>
                                                                                                </value>
                                                                                             </WtXmlAttribute>
                                                                                             <WtXmlAttribute location="Target:260:119">
                                                                                                <rtd>c3EAfgAjdXEAfgAnAAAAAnVxAH4AKQAAAAF0AAogY29sc3Bhbj0idXEAfgApAAAAAXQAASI=</rtd>
                                                                                                <name>colspan</name>
                                                                                                <value>
                                                                                                   <ptk:l location="Target:260:129">
                                                                                                      <ptk:t location="Target:260:129">3</ptk:t>
                                                                                                   </ptk:l>
                                                                                                </value>
                                                                                             </WtXmlAttribute>
                                                                                          </ptk:l>
                                                                                       </xmlAttributes>
                                                                                       <body>
                                                                                          <ptk:l>
                                                                                             <WtXmlElement>
                                                                                                <rtd>c3EAfgAjdXEAfgAnAAAAA3VxAH4AKQAAAAF0AAQ8ZGl2dXEAfgApAAAAAXQAAT51cQB+ACkAAAABdAAGPC9kaXY+</rtd>
                                                                                                <name>div</name>
                                                                                                <xmlAttributes>
                                                                                                   <WtXmlAttributes-WtEmptyXmlAttributes/>
                                                                                                </xmlAttributes>
                                                                                                <body>
                                                                                                   <ptk:l>
                                                                                                      <ptk:t>
</ptk:t>
                                                                                                      <ptk:l>
                                                                                                         <ptk:t location="Target:261:3">خط مايل</ptk:t>
                                                                                                      </ptk:l>
                                                                                                      <ptk:t location="Target:261:12"> يشير ل </ptk:t>
                                                                                                      <WtInternalLink>
                                                                                                         <rtd>c3EAfgAjdXEAfgAnAAAAA3VxAH4AKQAAAAFxAH4BVnEAfgC6dXEAfgApAAAAAXEAfgFY</rtd>
                                                                                                         <prefix/>
                                                                                                         <postfix/>
                                                                                                         <target>
                                                                                                            <WtPageName location="Target:261:22">
                                                                                                               <content>قائمة الدول ذات الاعتراف المحدود</content>
                                                                                                               <rtd null="true"/>
                                                                                                            </WtPageName>
                                                                                                         </target>
                                                                                                         <title>
                                                                                                            <ptk:l>
                                                                                                               <ptk:t location="Target:261:55">دول ليها الاعتراف المحدود</ptk:t>
                                                                                                            </ptk:l>
                                                                                                         </title>
                                                                                                      </WtInternalLink>
                                                                                                      <ptk:t location="Target:261:82">. </ptk:t>
                                                                                                      <WtXmlElement>
                                                                                                         <rtd>c3EAfgAjdXEAfgAnAAAAA3VxAH4AKQAAAAF0AAU8c3BhbnVxAH4AKQAAAAF0AAE+dXEAfgApAAAAAXQABzwvc3Bhbj4=</rtd>
                                                                                                         <name>span</name>
                                                                                                         <xmlAttributes>
                                                                                                            <ptk:l location="Target:261:89">
                                                                                                               <WtXmlAttribute location="Target:261:89">
                                                                                                                  <rtd>c3EAfgAjdXEAfgAnAAAAAnVxAH4AKQAAAAF0AAggY2xhc3M9InVxAH4AKQAAAAF0AAEi</rtd>
                                                                                                                  <name>class</name>
                                                                                                                  <value>
                                                                                                                     <ptk:l location="Target:261:97">
                                                                                                                        <ptk:t location="Target:261:97">nowrap</ptk:t>
                                                                                                                     </ptk:l>
                                                                                                                  </value>
                                                                                                               </WtXmlAttribute>
                                                                                                            </ptk:l>
                                                                                                         </xmlAttributes>
                                                                                                         <body>
                                                                                                            <ptk:l>
                                                                                                               <WtXmlElement>
                                                                                                                  <rtd>c3EAfgAjdXEAfgAnAAAAA3VxAH4AKQAAAAF0AAQ8c3VwdXEAfgApAAAAAXQAAT51cQB+ACkAAAABdAAGPC9zdXA+</rtd>
                                                                                                                  <name>sup</name>
                                                                                                                  <xmlAttributes>
                                                                                                                     <WtXmlAttributes-WtEmptyXmlAttributes/>
                                                                                                                  </xmlAttributes>
                                                                                                                  <body>
                                                                                                                     <ptk:l>
                                                                                                                        <WtXmlElement>
                                                                                                                           <rtd>c3EAfgAjdXEAfgAnAAAAA3VxAH4AKQAAAAF0AAY8c21hbGx1cQB+ACkAAAABdAABPnVxAH4AKQAAAAF0AAg8L3NtYWxsPg==</rtd>
                                                                                                                           <name>small</name>
                                                                                                                           <xmlAttributes>
                                                                                                                              <WtXmlAttributes-WtEmptyXmlAttributes/>
                                                                                                                           </xmlAttributes>
                                                                                                                           <body>
                                                                                                                              <ptk:l>
                                                                                                                                 <ptk:t location="Target:261:117">1</ptk:t>
                                                                                                                              </ptk:l>
                                                                                                                           </body>
                                                                                                                        </WtXmlElement>
                                                                                                                     </ptk:l>
                                                                                                                  </body>
                                                                                                               </WtXmlElement>
                                                                                                               <ptk:t location="Target:261:132"> دول تمتد أراضيها على أكتر من قارة.</ptk:t>
                                                                                                               <WtXmlEntityRef location="Target:261:168">
                                                                                                                  <rtd>c3EAfgAjdXEAfgAnAAAAAXVxAH4AKQAAAAF0AAYmbmJzcDs=</rtd>
                                                                                                                  <name>nbsp</name>
                                                                                                                  <resolved> </resolved>
                                                                                                               </WtXmlEntityRef>
                                                                                                            </ptk:l>
                                                                                                         </body>
                                                                                                      </WtXmlElement>
                                                                                                   </ptk:l>
                                                                                                </body>
                                                                                             </WtXmlElement>
                                                                                          </ptk:l>
                                                                                       </body>
                                                                                    </WtXmlElement>
                                                                                 </ptk:l>
                                                                              </body>
                                                                           </WtXmlElement>
                                                                        </ptk:l>
                                                                     </body>
                                                                  </WtTableImplicitTableBody>
                                                               </ptk:l>
                                                            </body>
                                                         </WtXmlElement>
                                                      </ptk:l>
                                                   </body>
                                                </WtXmlElement>
                                             </ptk:l>
                                          </body>
                                       </WtXmlElement>
                                    </ptk:l>
                                 </body>
                              </WtTableImplicitTableBody>
                           </ptk:l>
                        </body>
                     </WtXmlElement>
                     <ptk:t>

</ptk:t>
                  </ptk:l>
               </body>
            </WtSection>
            <WtSection>
               <rtd null="true"/>
               <level>2</level>
               <heading>
                  <ptk:l>
                     <ptk:t location="Target:263:3"> مصادر </ptk:t>
                  </ptk:l>
               </heading>
               <body>
                  <ptk:l>
                     <ptk:t>
</ptk:t>
                     <ptk:l/>
                     <WtXmlElement>
                        <rtd>c3EAfgAjdXEAfgAnAAAAA3VxAH4AKQAAAAF0AAQ8ZGl2dXEAfgApAAAAAXQAAT51cQB+ACkAAAABdAAGPC9kaXY+</rtd>
                        <name>div</name>
                        <xmlAttributes>
                           <ptk:l location="Target:264:5">
                              <WtXmlAttribute location="Target:264:5">
                                 <rtd>c3EAfgAjdXEAfgAnAAAAAnVxAH4AKQAAAAF0AAggY2xhc3M9InVxAH4AKQAAAAF0AAEi</rtd>
                                 <name>class</name>
                                 <value>
                                    <ptk:l location="Target:264:13">
                                       <ptk:t location="Target:264:13">references-small </ptk:t>
                                    </ptk:l>
                                 </value>
                              </WtXmlAttribute>
                              <WtXmlAttribute location="Target:264:31">
                                 <rtd>c3EAfgAjdXEAfgAnAAAAAnVxAH4AKQAAAAF0AAggc3R5bGU9InVxAH4AKQAAAAF0AAEi</rtd>
                                 <name>style</name>
                                 <value>
                                    <ptk:l location="Target:264:39"/>
                                 </value>
                              </WtXmlAttribute>
                           </ptk:l>
                        </xmlAttributes>
                        <body>
                           <ptk:l>
                              <ptk:t>
</ptk:t>
                              <WtTagExtension location="Target:265:1">
                                 <ptk:a name="__SKIP__">
                                    <Boolean>false</Boolean>
                                 </ptk:a>
                                 <rtd>c3EAfgAjdXEAfgAnAAAAA3VxAH4AKQAAAAF0AAs8cmVmZXJlbmNlc3VxAH4AKQAAAAF0AAE+dXEAfgApAAAAAXQADTwvcmVmZXJlbmNlcz4=</rtd>
                                 <name>references</name>
                                 <xmlAttributes>
                                    <ptk:l>
                                       <WtXmlAttribute>
                                          <rtd>c3EAfgAjdXEAfgAnAAAAAnVxAH4AKQAAAAF0AAggZ3JvdXA9InVxAH4AKQAAAAF0AAEi</rtd>
                                          <name>group</name>
                                          <value>
                                             <ptk:l>
                                                <ptk:t/>
                                             </ptk:l>
                                          </value>
                                       </WtXmlAttribute>
                                    </ptk:l>
                                 </xmlAttributes>
                                 <body>
                                    <WtTagExtensionBody-WtTagExtensionBodyImpl>
                                       <content/>
                                       <rtd null="true"/>
                                    </WtTagExtensionBody-WtTagExtensionBodyImpl>
                                 </body>
                              </WtTagExtension>
                           </ptk:l>
                        </body>
                     </WtXmlElement>
                     <ptk:t>

</ptk:t>
                     <ptk:l>
                        <WtInternalLink>
                           <rtd>c3EAfgAjdXEAfgAnAAAAA3VxAH4AKQAAAAFxAH4BVnEAfgC6dXEAfgApAAAAAXEAfgFY</rtd>
                           <prefix/>
                           <postfix/>
                           <target>
                              <WtPageName location="Target:267:3">
                                 <content>تصنيف:بلاد</content>
                                 <rtd null="true"/>
                              </WtPageName>
                           </target>
                           <title>
                              <ptk:l>
                                 <ptk:t location="Target:267:14">جنوب السودان</ptk:t>
                              </ptk:l>
                           </title>
                        </WtInternalLink>
                        <ptk:t>
</ptk:t>
                        <WtInternalLink>
                           <rtd>c3EAfgAjdXEAfgAnAAAAA3VxAH4AKQAAAAFxAH4BVnEAfgC6dXEAfgApAAAAAXEAfgFY</rtd>
                           <prefix/>
                           <postfix/>
                           <target>
                              <WtPageName location="Target:268:3">
                                 <content>تصنيف:جنوب السودان</content>
                                 <rtd null="true"/>
                              </WtPageName>
                           </target>
                           <title>
                              <WtLinkTitle-WtNoLinkTitle/>
                           </title>
                        </WtInternalLink>
                     </ptk:l>
                     <ptk:t>

</ptk:t>
                     <ptk:l>
                        <WtInternalLink>
                           <rtd>c3EAfgAjdXEAfgAnAAAAA3VxAH4AKQAAAAFxAH4BVnEAfgC6dXEAfgApAAAAAXEAfgFY</rtd>
                           <prefix/>
                           <postfix/>
                           <target>
                              <WtPageName location="Target:270:3">
                                 <content>af:Suid-Soedan</content>
                                 <rtd null="true"/>
                              </WtPageName>
                           </target>
                           <title>
                              <WtLinkTitle-WtNoLinkTitle/>
                           </title>
                        </WtInternalLink>
                        <ptk:t>
</ptk:t>
                        <WtInternalLink>
                           <rtd>c3EAfgAjdXEAfgAnAAAAA3VxAH4AKQAAAAFxAH4BVnEAfgC6dXEAfgApAAAAAXEAfgFY</rtd>
                           <prefix/>
                           <postfix/>
                           <target>
                              <WtPageName location="Target:271:3">
                                 <content>als:Südsudan</content>
                                 <rtd null="true"/>
                              </WtPageName>
                           </target>
                           <title>
                              <WtLinkTitle-WtNoLinkTitle/>
                           </title>
                        </WtInternalLink>
                        <ptk:t>
</ptk:t>
                        <WtInternalLink>
                           <rtd>c3EAfgAjdXEAfgAnAAAAA3VxAH4AKQAAAAFxAH4BVnEAfgC6dXEAfgApAAAAAXEAfgFY</rtd>
                           <prefix/>
                           <postfix/>
                           <target>
                              <WtPageName location="Target:272:3">
                                 <content>am:ደቡብ ሱዳን</content>
                                 <rtd null="true"/>
                              </WtPageName>
                           </target>
                           <title>
                              <WtLinkTitle-WtNoLinkTitle/>
                           </title>
                        </WtInternalLink>
                        <ptk:t>
</ptk:t>
                        <WtInternalLink>
                           <rtd>c3EAfgAjdXEAfgAnAAAAA3VxAH4AKQAAAAFxAH4BVnEAfgC6dXEAfgApAAAAAXEAfgFY</rtd>
                           <prefix/>
                           <postfix/>
                           <target>
                              <WtPageName location="Target:273:3">
                                 <content>an:Sudán d'o Sud</content>
                                 <rtd null="true"/>
                              </WtPageName>
                           </target>
                           <title>
                              <WtLinkTitle-WtNoLinkTitle/>
                           </title>
                        </WtInternalLink>
                        <ptk:t>
</ptk:t>
                        <WtInternalLink>
                           <rtd>c3EAfgAjdXEAfgAnAAAAA3VxAH4AKQAAAAFxAH4BVnEAfgC6dXEAfgApAAAAAXEAfgFY</rtd>
                           <prefix/>
                           <postfix/>
                           <target>
                              <WtPageName location="Target:274:3">
                                 <content>ang:Sūþsudan</content>
                                 <rtd null="true"/>
                              </WtPageName>
                           </target>
                           <title>
                              <WtLinkTitle-WtNoLinkTitle/>
                           </title>
                        </WtInternalLink>
                        <ptk:t>
</ptk:t>
                        <WtInternalLink>
                           <rtd>c3EAfgAjdXEAfgAnAAAAA3VxAH4AKQAAAAFxAH4BVnEAfgC6dXEAfgApAAAAAXEAfgFY</rtd>
                           <prefix/>
                           <postfix/>
                           <target>
                              <WtPageName location="Target:275:3">
                                 <content>ar:جنوب السودان</content>
                                 <rtd null="true"/>
                              </WtPageName>
                           </target>
                           <title>
                              <WtLinkTitle-WtNoLinkTitle/>
                           </title>
                        </WtInternalLink>
                        <ptk:t>
</ptk:t>
                        <WtInternalLink>
                           <rtd>c3EAfgAjdXEAfgAnAAAAA3VxAH4AKQAAAAFxAH4BVnEAfgC6dXEAfgApAAAAAXEAfgFY</rtd>
                           <prefix/>
                           <postfix/>
                           <target>
                              <WtPageName location="Target:276:3">
                                 <content>arc:ܬܝܡܢܐ ܕܣܘܕܐܢ</content>
                                 <rtd null="true"/>
                              </WtPageName>
                           </target>
                           <title>
                              <WtLinkTitle-WtNoLinkTitle/>
                           </title>
                        </WtInternalLink>
                        <ptk:t>
</ptk:t>
                        <WtInternalLink>
                           <rtd>c3EAfgAjdXEAfgAnAAAAA3VxAH4AKQAAAAFxAH4BVnEAfgC6dXEAfgApAAAAAXEAfgFY</rtd>
                           <prefix/>
                           <postfix/>
                           <target>
                              <WtPageName location="Target:277:3">
                                 <content>ast:Sudán del Sur</content>
                                 <rtd null="true"/>
                              </WtPageName>
                           </target>
                           <title>
                              <WtLinkTitle-WtNoLinkTitle/>
                           </title>
                        </WtInternalLink>
                        <ptk:t>
</ptk:t>
                        <WtInternalLink>
                           <rtd>c3EAfgAjdXEAfgAnAAAAA3VxAH4AKQAAAAFxAH4BVnEAfgC6dXEAfgApAAAAAXEAfgFY</rtd>
                           <prefix/>
                           <postfix/>
                           <target>
                              <WtPageName location="Target:278:3">
                                 <content>av:Югалъулаб Судан</content>
                                 <rtd null="true"/>
                              </WtPageName>
                           </target>
                           <title>
                              <WtLinkTitle-WtNoLinkTitle/>
                           </title>
                        </WtInternalLink>
                        <ptk:t>
</ptk:t>
                        <WtInternalLink>
                           <rtd>c3EAfgAjdXEAfgAnAAAAA3VxAH4AKQAAAAFxAH4BVnEAfgC6dXEAfgApAAAAAXEAfgFY</rtd>
                           <prefix/>
                           <postfix/>
                           <target>
                              <WtPageName location="Target:279:3">
                                 <content>az:Cənubi Sudan</content>
                                 <rtd null="true"/>
                              </WtPageName>
                           </target>
                           <title>
                              <WtLinkTitle-WtNoLinkTitle/>
                           </title>
                        </WtInternalLink>
                        <ptk:t>
</ptk:t>
                        <WtInternalLink>
                           <rtd>c3EAfgAjdXEAfgAnAAAAA3VxAH4AKQAAAAFxAH4BVnEAfgC6dXEAfgApAAAAAXEAfgFY</rtd>
                           <prefix/>
                           <postfix/>
                           <target>
                              <WtPageName location="Target:280:3">
                                 <content>bat-smg:Pėitū Sudans</content>
                                 <rtd null="true"/>
                              </WtPageName>
                           </target>
                           <title>
                              <WtLinkTitle-WtNoLinkTitle/>
                           </title>
                        </WtInternalLink>
                        <ptk:t>
</ptk:t>
                        <WtInternalLink>
                           <rtd>c3EAfgAjdXEAfgAnAAAAA3VxAH4AKQAAAAFxAH4BVnEAfgC6dXEAfgApAAAAAXEAfgFY</rtd>
                           <prefix/>
                           <postfix/>
                           <target>
                              <WtPageName location="Target:281:3">
                                 <content>bcl:Habagatan Sudan</content>
                                 <rtd null="true"/>
                              </WtPageName>
                           </target>
                           <title>
                              <WtLinkTitle-WtNoLinkTitle/>
                           </title>
                        </WtInternalLink>
                        <ptk:t>
</ptk:t>
                        <WtInternalLink>
                           <rtd>c3EAfgAjdXEAfgAnAAAAA3VxAH4AKQAAAAFxAH4BVnEAfgC6dXEAfgApAAAAAXEAfgFY</rtd>
                           <prefix/>
                           <postfix/>
                           <target>
                              <WtPageName location="Target:282:3">
                                 <content>be:Паўднёвы Судан</content>
                                 <rtd null="true"/>
                              </WtPageName>
                           </target>
                           <title>
                              <WtLinkTitle-WtNoLinkTitle/>
                           </title>
                        </WtInternalLink>
                        <ptk:t>
</ptk:t>
                        <WtInternalLink>
                           <rtd>c3EAfgAjdXEAfgAnAAAAA3VxAH4AKQAAAAFxAH4BVnEAfgC6dXEAfgApAAAAAXEAfgFY</rtd>
                           <prefix/>
                           <postfix/>
                           <target>
                              <WtPageName location="Target:283:3">
                                 <content>be-x-old:Паўднёвы Судан</content>
                                 <rtd null="true"/>
                              </WtPageName>
                           </target>
                           <title>
                              <WtLinkTitle-WtNoLinkTitle/>
                           </title>
                        </WtInternalLink>
                        <ptk:t>
</ptk:t>
                        <WtInternalLink>
                           <rtd>c3EAfgAjdXEAfgAnAAAAA3VxAH4AKQAAAAFxAH4BVnEAfgC6dXEAfgApAAAAAXEAfgFY</rtd>
                           <prefix/>
                           <postfix/>
                           <target>
                              <WtPageName location="Target:284:3">
                                 <content>bg:Южен Судан</content>
                                 <rtd null="true"/>
                              </WtPageName>
                           </target>
                           <title>
                              <WtLinkTitle-WtNoLinkTitle/>
                           </title>
                        </WtInternalLink>
                        <ptk:t>
</ptk:t>
                        <WtInternalLink>
                           <rtd>c3EAfgAjdXEAfgAnAAAAA3VxAH4AKQAAAAFxAH4BVnEAfgC6dXEAfgApAAAAAXEAfgFY</rtd>
                           <prefix/>
                           <postfix/>
                           <target>
                              <WtPageName location="Target:285:3">
                                 <content>bn:দক্ষিণ সুদান</content>
                                 <rtd null="true"/>
                              </WtPageName>
                           </target>
                           <title>
                              <WtLinkTitle-WtNoLinkTitle/>
                           </title>
                        </WtInternalLink>
                        <ptk:t>
</ptk:t>
                        <WtInternalLink>
                           <rtd>c3EAfgAjdXEAfgAnAAAAA3VxAH4AKQAAAAFxAH4BVnEAfgC6dXEAfgApAAAAAXEAfgFY</rtd>
                           <prefix/>
                           <postfix/>
                           <target>
                              <WtPageName location="Target:286:3">
                                 <content>br:Soudan ar Su</content>
                                 <rtd null="true"/>
                              </WtPageName>
                           </target>
                           <title>
                              <WtLinkTitle-WtNoLinkTitle/>
                           </title>
                        </WtInternalLink>
                        <ptk:t>
</ptk:t>
                        <WtInternalLink>
                           <rtd>c3EAfgAjdXEAfgAnAAAAA3VxAH4AKQAAAAFxAH4BVnEAfgC6dXEAfgApAAAAAXEAfgFY</rtd>
                           <prefix/>
                           <postfix/>
                           <target>
                              <WtPageName location="Target:287:3">
                                 <content>bs:Južni Sudan</content>
                                 <rtd null="true"/>
                              </WtPageName>
                           </target>
                           <title>
                              <WtLinkTitle-WtNoLinkTitle/>
                           </title>
                        </WtInternalLink>
                        <ptk:t>
</ptk:t>
                        <WtInternalLink>
                           <rtd>c3EAfgAjdXEAfgAnAAAAA3VxAH4AKQAAAAFxAH4BVnEAfgC6dXEAfgApAAAAAXEAfgFY</rtd>
                           <prefix/>
                           <postfix/>
                           <target>
                              <WtPageName location="Target:288:3">
                                 <content>ca:Sudan del Sud</content>
                                 <rtd null="true"/>
                              </WtPageName>
                           </target>
                           <title>
                              <WtLinkTitle-WtNoLinkTitle/>
                           </title>
                        </WtInternalLink>
                        <ptk:t>
</ptk:t>
                        <WtInternalLink>
                           <rtd>c3EAfgAjdXEAfgAnAAAAA3VxAH4AKQAAAAFxAH4BVnEAfgC6dXEAfgApAAAAAXEAfgFY</rtd>
                           <prefix/>
                           <postfix/>
                           <target>
                              <WtPageName location="Target:289:3">
                                 <content>ceb:Habagatang Sudan</content>
                                 <rtd null="true"/>
                              </WtPageName>
                           </target>
                           <title>
                              <WtLinkTitle-WtNoLinkTitle/>
                           </title>
                        </WtInternalLink>
                        <ptk:t>
</ptk:t>
                        <WtInternalLink>
                           <rtd>c3EAfgAjdXEAfgAnAAAAA3VxAH4AKQAAAAFxAH4BVnEAfgC6dXEAfgApAAAAAXEAfgFY</rtd>
                           <prefix/>
                           <postfix/>
                           <target>
                              <WtPageName location="Target:290:3">
                                 <content>ckb:باشووری سوودان</content>
                                 <rtd null="true"/>
                              </WtPageName>
                           </target>
                           <title>
                              <WtLinkTitle-WtNoLinkTitle/>
                           </title>
                        </WtInternalLink>
                        <ptk:t>
</ptk:t>
                        <WtInternalLink>
                           <rtd>c3EAfgAjdXEAfgAnAAAAA3VxAH4AKQAAAAFxAH4BVnEAfgC6dXEAfgApAAAAAXEAfgFY</rtd>
                           <prefix/>
                           <postfix/>
                           <target>
                              <WtPageName location="Target:291:3">
                                 <content>crh:Cenübiy Sudan</content>
                                 <rtd null="true"/>
                              </WtPageName>
                           </target>
                           <title>
                              <WtLinkTitle-WtNoLinkTitle/>
                           </title>
                        </WtInternalLink>
                        <ptk:t>
</ptk:t>
                        <WtInternalLink>
                           <rtd>c3EAfgAjdXEAfgAnAAAAA3VxAH4AKQAAAAFxAH4BVnEAfgC6dXEAfgApAAAAAXEAfgFY</rtd>
                           <prefix/>
                           <postfix/>
                           <target>
                              <WtPageName location="Target:292:3">
                                 <content>cs:Jižní Súdán</content>
                                 <rtd null="true"/>
                              </WtPageName>
                           </target>
                           <title>
                              <WtLinkTitle-WtNoLinkTitle/>
                           </title>
                        </WtInternalLink>
                        <ptk:t>
</ptk:t>
                        <WtInternalLink>
                           <rtd>c3EAfgAjdXEAfgAnAAAAA3VxAH4AKQAAAAFxAH4BVnEAfgC6dXEAfgApAAAAAXEAfgFY</rtd>
                           <prefix/>
                           <postfix/>
                           <target>
                              <WtPageName location="Target:293:3">
                                 <content>cv:Кăнтăр Судан</content>
                                 <rtd null="true"/>
                              </WtPageName>
                           </target>
                           <title>
                              <WtLinkTitle-WtNoLinkTitle/>
                           </title>
                        </WtInternalLink>
                        <ptk:t>
</ptk:t>
                        <WtInternalLink>
                           <rtd>c3EAfgAjdXEAfgAnAAAAA3VxAH4AKQAAAAFxAH4BVnEAfgC6dXEAfgApAAAAAXEAfgFY</rtd>
                           <prefix/>
                           <postfix/>
                           <target>
                              <WtPageName location="Target:294:3">
                                 <content>cy:De Sudan</content>
                                 <rtd null="true"/>
                              </WtPageName>
                           </target>
                           <title>
                              <WtLinkTitle-WtNoLinkTitle/>
                           </title>
                        </WtInternalLink>
                        <ptk:t>
</ptk:t>
                        <WtInternalLink>
                           <rtd>c3EAfgAjdXEAfgAnAAAAA3VxAH4AKQAAAAFxAH4BVnEAfgC6dXEAfgApAAAAAXEAfgFY</rtd>
                           <prefix/>
                           <postfix/>
                           <target>
                              <WtPageName location="Target:295:3">
                                 <content>da:Sydsudan</content>
                                 <rtd null="true"/>
                              </WtPageName>
                           </target>
                           <title>
                              <WtLinkTitle-WtNoLinkTitle/>
                           </title>
                        </WtInternalLink>
                        <ptk:t>
</ptk:t>
                        <WtInternalLink>
                           <rtd>c3EAfgAjdXEAfgAnAAAAA3VxAH4AKQAAAAFxAH4BVnEAfgC6dXEAfgApAAAAAXEAfgFY</rtd>
                           <prefix/>
                           <postfix/>
                           <target>
                              <WtPageName location="Target:296:3">
                                 <content>de:Südsudan</content>
                                 <rtd null="true"/>
                              </WtPageName>
                           </target>
                           <title>
                              <WtLinkTitle-WtNoLinkTitle/>
                           </title>
                        </WtInternalLink>
                        <ptk:t>
</ptk:t>
                        <WtInternalLink>
                           <rtd>c3EAfgAjdXEAfgAnAAAAA3VxAH4AKQAAAAFxAH4BVnEAfgC6dXEAfgApAAAAAXEAfgFY</rtd>
                           <prefix/>
                           <postfix/>
                           <target>
                              <WtPageName location="Target:297:3">
                                 <content>dsb:Pódpołdnjowy Sudan</content>
                                 <rtd null="true"/>
                              </WtPageName>
                           </target>
                           <title>
                              <WtLinkTitle-WtNoLinkTitle/>
                           </title>
                        </WtInternalLink>
                        <ptk:t>
</ptk:t>
                        <WtInternalLink>
                           <rtd>c3EAfgAjdXEAfgAnAAAAA3VxAH4AKQAAAAFxAH4BVnEAfgC6dXEAfgApAAAAAXEAfgFY</rtd>
                           <prefix/>
                           <postfix/>
                           <target>
                              <WtPageName location="Target:298:3">
                                 <content>el:Νότιο Σουδάν</content>
                                 <rtd null="true"/>
                              </WtPageName>
                           </target>
                           <title>
                              <WtLinkTitle-WtNoLinkTitle/>
                           </title>
                        </WtInternalLink>
                        <ptk:t>
</ptk:t>
                        <WtInternalLink>
                           <rtd>c3EAfgAjdXEAfgAnAAAAA3VxAH4AKQAAAAFxAH4BVnEAfgC6dXEAfgApAAAAAXEAfgFY</rtd>
                           <prefix/>
                           <postfix/>
                           <target>
                              <WtPageName location="Target:299:3">
                                 <content>en:South Sudan</content>
                                 <rtd null="true"/>
                              </WtPageName>
                           </target>
                           <title>
                              <WtLinkTitle-WtNoLinkTitle/>
                           </title>
                        </WtInternalLink>
                        <ptk:t>
</ptk:t>
                        <WtInternalLink>
                           <rtd>c3EAfgAjdXEAfgAnAAAAA3VxAH4AKQAAAAFxAH4BVnEAfgC6dXEAfgApAAAAAXEAfgFY</rtd>
                           <prefix/>
                           <postfix/>
                           <target>
                              <WtPageName location="Target:300:3">
                                 <content>eo:Sud-Sudano</content>
                                 <rtd null="true"/>
                              </WtPageName>
                           </target>
                           <title>
                              <WtLinkTitle-WtNoLinkTitle/>
                           </title>
                        </WtInternalLink>
                        <ptk:t>
</ptk:t>
                        <WtInternalLink>
                           <rtd>c3EAfgAjdXEAfgAnAAAAA3VxAH4AKQAAAAFxAH4BVnEAfgC6dXEAfgApAAAAAXEAfgFY</rtd>
                           <prefix/>
                           <postfix/>
                           <target>
                              <WtPageName location="Target:301:3">
                                 <content>es:Sudán del Sur</content>
                                 <rtd null="true"/>
                              </WtPageName>
                           </target>
                           <title>
                              <WtLinkTitle-WtNoLinkTitle/>
                           </title>
                        </WtInternalLink>
                        <ptk:t>
</ptk:t>
                        <WtInternalLink>
                           <rtd>c3EAfgAjdXEAfgAnAAAAA3VxAH4AKQAAAAFxAH4BVnEAfgC6dXEAfgApAAAAAXEAfgFY</rtd>
                           <prefix/>
                           <postfix/>
                           <target>
                              <WtPageName location="Target:302:3">
                                 <content>et:Lõuna-Sudaan</content>
                                 <rtd null="true"/>
                              </WtPageName>
                           </target>
                           <title>
                              <WtLinkTitle-WtNoLinkTitle/>
                           </title>
                        </WtInternalLink>
                        <ptk:t>
</ptk:t>
                        <WtInternalLink>
                           <rtd>c3EAfgAjdXEAfgAnAAAAA3VxAH4AKQAAAAFxAH4BVnEAfgC6dXEAfgApAAAAAXEAfgFY</rtd>
                           <prefix/>
                           <postfix/>
                           <target>
                              <WtPageName location="Target:303:3">
                                 <content>eu:Hego Sudan</content>
                                 <rtd null="true"/>
                              </WtPageName>
                           </target>
                           <title>
                              <WtLinkTitle-WtNoLinkTitle/>
                           </title>
                        </WtInternalLink>
                        <ptk:t>
</ptk:t>
                        <WtInternalLink>
                           <rtd>c3EAfgAjdXEAfgAnAAAAA3VxAH4AKQAAAAFxAH4BVnEAfgC6dXEAfgApAAAAAXEAfgFY</rtd>
                           <prefix/>
                           <postfix/>
                           <target>
                              <WtPageName location="Target:304:3">
                                 <content>ext:Sudán del Sul</content>
                                 <rtd null="true"/>
                              </WtPageName>
                           </target>
                           <title>
                              <WtLinkTitle-WtNoLinkTitle/>
                           </title>
                        </WtInternalLink>
                        <ptk:t>
</ptk:t>
                        <WtInternalLink>
                           <rtd>c3EAfgAjdXEAfgAnAAAAA3VxAH4AKQAAAAFxAH4BVnEAfgC6dXEAfgApAAAAAXEAfgFY</rtd>
                           <prefix/>
                           <postfix/>
                           <target>
                              <WtPageName location="Target:305:3">
                                 <content>fa:سودان جنوبی</content>
                                 <rtd null="true"/>
                              </WtPageName>
                           </target>
                           <title>
                              <WtLinkTitle-WtNoLinkTitle/>
                           </title>
                        </WtInternalLink>
                        <ptk:t>
</ptk:t>
                        <WtInternalLink>
                           <rtd>c3EAfgAjdXEAfgAnAAAAA3VxAH4AKQAAAAFxAH4BVnEAfgC6dXEAfgApAAAAAXEAfgFY</rtd>
                           <prefix/>
                           <postfix/>
                           <target>
                              <WtPageName location="Target:306:3">
                                 <content>fi:Etelä-Sudan</content>
                                 <rtd null="true"/>
                              </WtPageName>
                           </target>
                           <title>
                              <WtLinkTitle-WtNoLinkTitle/>
                           </title>
                        </WtInternalLink>
                        <ptk:t>
</ptk:t>
                        <WtInternalLink>
                           <rtd>c3EAfgAjdXEAfgAnAAAAA3VxAH4AKQAAAAFxAH4BVnEAfgC6dXEAfgApAAAAAXEAfgFY</rtd>
                           <prefix/>
                           <postfix/>
                           <target>
                              <WtPageName location="Target:307:3">
                                 <content>fo:Suðursudan</content>
                                 <rtd null="true"/>
                              </WtPageName>
                           </target>
                           <title>
                              <WtLinkTitle-WtNoLinkTitle/>
                           </title>
                        </WtInternalLink>
                        <ptk:t>
</ptk:t>
                        <WtInternalLink>
                           <rtd>c3EAfgAjdXEAfgAnAAAAA3VxAH4AKQAAAAFxAH4BVnEAfgC6dXEAfgApAAAAAXEAfgFY</rtd>
                           <prefix/>
                           <postfix/>
                           <target>
                              <WtPageName location="Target:308:3">
                                 <content>fr:Soudan du Sud</content>
                                 <rtd null="true"/>
                              </WtPageName>
                           </target>
                           <title>
                              <WtLinkTitle-WtNoLinkTitle/>
                           </title>
                        </WtInternalLink>
                        <ptk:t>
</ptk:t>
                        <WtInternalLink>
                           <rtd>c3EAfgAjdXEAfgAnAAAAA3VxAH4AKQAAAAFxAH4BVnEAfgC6dXEAfgApAAAAAXEAfgFY</rtd>
                           <prefix/>
                           <postfix/>
                           <target>
                              <WtPageName location="Target:309:3">
                                 <content>frr:Süüdsudaan</content>
                                 <rtd null="true"/>
                              </WtPageName>
                           </target>
                           <title>
                              <WtLinkTitle-WtNoLinkTitle/>
                           </title>
                        </WtInternalLink>
                        <ptk:t>
</ptk:t>
                        <WtInternalLink>
                           <rtd>c3EAfgAjdXEAfgAnAAAAA3VxAH4AKQAAAAFxAH4BVnEAfgC6dXEAfgApAAAAAXEAfgFY</rtd>
                           <prefix/>
                           <postfix/>
                           <target>
                              <WtPageName location="Target:310:3">
                                 <content>fy:Súd-Sûdan</content>
                                 <rtd null="true"/>
                              </WtPageName>
                           </target>
                           <title>
                              <WtLinkTitle-WtNoLinkTitle/>
                           </title>
                        </WtInternalLink>
                        <ptk:t>
</ptk:t>
                        <WtInternalLink>
                           <rtd>c3EAfgAjdXEAfgAnAAAAA3VxAH4AKQAAAAFxAH4BVnEAfgC6dXEAfgApAAAAAXEAfgFY</rtd>
                           <prefix/>
                           <postfix/>
                           <target>
                              <WtPageName location="Target:311:3">
                                 <content>ga:An tSúdáin Theas</content>
                                 <rtd null="true"/>
                              </WtPageName>
                           </target>
                           <title>
                              <WtLinkTitle-WtNoLinkTitle/>
                           </title>
                        </WtInternalLink>
                        <ptk:t>
</ptk:t>
                        <WtInternalLink>
                           <rtd>c3EAfgAjdXEAfgAnAAAAA3VxAH4AKQAAAAFxAH4BVnEAfgC6dXEAfgApAAAAAXEAfgFY</rtd>
                           <prefix/>
                           <postfix/>
                           <target>
                              <WtPageName location="Target:312:3">
                                 <content>gd:Sudàn a Deas</content>
                                 <rtd null="true"/>
                              </WtPageName>
                           </target>
                           <title>
                              <WtLinkTitle-WtNoLinkTitle/>
                           </title>
                        </WtInternalLink>
                        <ptk:t>
</ptk:t>
                        <WtInternalLink>
                           <rtd>c3EAfgAjdXEAfgAnAAAAA3VxAH4AKQAAAAFxAH4BVnEAfgC6dXEAfgApAAAAAXEAfgFY</rtd>
                           <prefix/>
                           <postfix/>
                           <target>
                              <WtPageName location="Target:313:3">
                                 <content>gl:Sudán do Sur - South Sudan</content>
                                 <rtd null="true"/>
                              </WtPageName>
                           </target>
                           <title>
                              <WtLinkTitle-WtNoLinkTitle/>
                           </title>
                        </WtInternalLink>
                        <ptk:t>
</ptk:t>
                        <WtInternalLink>
                           <rtd>c3EAfgAjdXEAfgAnAAAAA3VxAH4AKQAAAAFxAH4BVnEAfgC6dXEAfgApAAAAAXEAfgFY</rtd>
                           <prefix/>
                           <postfix/>
                           <target>
                              <WtPageName location="Target:314:3">
                                 <content>gv:Yn Toodaan Yiass</content>
                                 <rtd null="true"/>
                              </WtPageName>
                           </target>
                           <title>
                              <WtLinkTitle-WtNoLinkTitle/>
                           </title>
                        </WtInternalLink>
                        <ptk:t>
</ptk:t>
                        <WtInternalLink>
                           <rtd>c3EAfgAjdXEAfgAnAAAAA3VxAH4AKQAAAAFxAH4BVnEAfgC6dXEAfgApAAAAAXEAfgFY</rtd>
                           <prefix/>
                           <postfix/>
                           <target>
                              <WtPageName location="Target:315:3">
                                 <content>he:דרום סודאן</content>
                                 <rtd null="true"/>
                              </WtPageName>
                           </target>
                           <title>
                              <WtLinkTitle-WtNoLinkTitle/>
                           </title>
                        </WtInternalLink>
                        <ptk:t>
</ptk:t>
                        <WtInternalLink>
                           <rtd>c3EAfgAjdXEAfgAnAAAAA3VxAH4AKQAAAAFxAH4BVnEAfgC6dXEAfgApAAAAAXEAfgFY</rtd>
                           <prefix/>
                           <postfix/>
                           <target>
                              <WtPageName location="Target:316:3">
                                 <content>hi:दक्षिण सूडान</content>
                                 <rtd null="true"/>
                              </WtPageName>
                           </target>
                           <title>
                              <WtLinkTitle-WtNoLinkTitle/>
                           </title>
                        </WtInternalLink>
                        <ptk:t>
</ptk:t>
                        <WtInternalLink>
                           <rtd>c3EAfgAjdXEAfgAnAAAAA3VxAH4AKQAAAAFxAH4BVnEAfgC6dXEAfgApAAAAAXEAfgFY</rtd>
                           <prefix/>
                           <postfix/>
                           <target>
                              <WtPageName location="Target:317:3">
                                 <content>hr:Južni Sudan</content>
                                 <rtd null="true"/>
                              </WtPageName>
                           </target>
                           <title>
                              <WtLinkTitle-WtNoLinkTitle/>
                           </title>
                        </WtInternalLink>
                        <ptk:t>
</ptk:t>
                        <WtInternalLink>
                           <rtd>c3EAfgAjdXEAfgAnAAAAA3VxAH4AKQAAAAFxAH4BVnEAfgC6dXEAfgApAAAAAXEAfgFY</rtd>
                           <prefix/>
                           <postfix/>
                           <target>
                              <WtPageName location="Target:318:3">
                                 <content>hsb:Južny Sudan</content>
                                 <rtd null="true"/>
                              </WtPageName>
                           </target>
                           <title>
                              <WtLinkTitle-WtNoLinkTitle/>
                           </title>
                        </WtInternalLink>
                        <ptk:t>
</ptk:t>
                        <WtInternalLink>
                           <rtd>c3EAfgAjdXEAfgAnAAAAA3VxAH4AKQAAAAFxAH4BVnEAfgC6dXEAfgApAAAAAXEAfgFY</rtd>
                           <prefix/>
                           <postfix/>
                           <target>
                              <WtPageName location="Target:319:3">
                                 <content>hu:Dél-Szudán</content>
                                 <rtd null="true"/>
                              </WtPageName>
                           </target>
                           <title>
                              <WtLinkTitle-WtNoLinkTitle/>
                           </title>
                        </WtInternalLink>
                        <ptk:t>
</ptk:t>
                        <WtInternalLink>
                           <rtd>c3EAfgAjdXEAfgAnAAAAA3VxAH4AKQAAAAFxAH4BVnEAfgC6dXEAfgApAAAAAXEAfgFY</rtd>
                           <prefix/>
                           <postfix/>
                           <target>
                              <WtPageName location="Target:320:3">
                                 <content>hy:Հարավային Սուդան</content>
                                 <rtd null="true"/>
                              </WtPageName>
                           </target>
                           <title>
                              <WtLinkTitle-WtNoLinkTitle/>
                           </title>
                        </WtInternalLink>
                        <ptk:t>
</ptk:t>
                        <WtInternalLink>
                           <rtd>c3EAfgAjdXEAfgAnAAAAA3VxAH4AKQAAAAFxAH4BVnEAfgC6dXEAfgApAAAAAXEAfgFY</rtd>
                           <prefix/>
                           <postfix/>
                           <target>
                              <WtPageName location="Target:321:3">
                                 <content>ia:Sudan del Sud</content>
                                 <rtd null="true"/>
                              </WtPageName>
                           </target>
                           <title>
                              <WtLinkTitle-WtNoLinkTitle/>
                           </title>
                        </WtInternalLink>
                        <ptk:t>
</ptk:t>
                        <WtInternalLink>
                           <rtd>c3EAfgAjdXEAfgAnAAAAA3VxAH4AKQAAAAFxAH4BVnEAfgC6dXEAfgApAAAAAXEAfgFY</rtd>
                           <prefix/>
                           <postfix/>
                           <target>
                              <WtPageName location="Target:322:3">
                                 <content>id:Sudan Selatan</content>
                                 <rtd null="true"/>
                              </WtPageName>
                           </target>
                           <title>
                              <WtLinkTitle-WtNoLinkTitle/>
                           </title>
                        </WtInternalLink>
                        <ptk:t>
</ptk:t>
                        <WtInternalLink>
                           <rtd>c3EAfgAjdXEAfgAnAAAAA3VxAH4AKQAAAAFxAH4BVnEAfgC6dXEAfgApAAAAAXEAfgFY</rtd>
                           <prefix/>
                           <postfix/>
                           <target>
                              <WtPageName location="Target:323:3">
                                 <content>ie:Sud-Sudan</content>
                                 <rtd null="true"/>
                              </WtPageName>
                           </target>
                           <title>
                              <WtLinkTitle-WtNoLinkTitle/>
                           </title>
                        </WtInternalLink>
                        <ptk:t>
</ptk:t>
                        <WtInternalLink>
                           <rtd>c3EAfgAjdXEAfgAnAAAAA3VxAH4AKQAAAAFxAH4BVnEAfgC6dXEAfgApAAAAAXEAfgFY</rtd>
                           <prefix/>
                           <postfix/>
                           <target>
                              <WtPageName location="Target:324:3">
                                 <content>io:Sud-Sudan</content>
                                 <rtd null="true"/>
                              </WtPageName>
                           </target>
                           <title>
                              <WtLinkTitle-WtNoLinkTitle/>
                           </title>
                        </WtInternalLink>
                        <ptk:t>
</ptk:t>
                        <WtInternalLink>
                           <rtd>c3EAfgAjdXEAfgAnAAAAA3VxAH4AKQAAAAFxAH4BVnEAfgC6dXEAfgApAAAAAXEAfgFY</rtd>
                           <prefix/>
                           <postfix/>
                           <target>
                              <WtPageName location="Target:325:3">
                                 <content>is:Suður-Súdan</content>
                                 <rtd null="true"/>
                              </WtPageName>
                           </target>
                           <title>
                              <WtLinkTitle-WtNoLinkTitle/>
                           </title>
                        </WtInternalLink>
                        <ptk:t>
</ptk:t>
                        <WtInternalLink>
                           <rtd>c3EAfgAjdXEAfgAnAAAAA3VxAH4AKQAAAAFxAH4BVnEAfgC6dXEAfgApAAAAAXEAfgFY</rtd>
                           <prefix/>
                           <postfix/>
                           <target>
                              <WtPageName location="Target:326:3">
                                 <content>it:Sudan del Sud</content>
                                 <rtd null="true"/>
                              </WtPageName>
                           </target>
                           <title>
                              <WtLinkTitle-WtNoLinkTitle/>
                           </title>
                        </WtInternalLink>
                        <ptk:t>
</ptk:t>
                        <WtInternalLink>
                           <rtd>c3EAfgAjdXEAfgAnAAAAA3VxAH4AKQAAAAFxAH4BVnEAfgC6dXEAfgApAAAAAXEAfgFY</rtd>
                           <prefix/>
                           <postfix/>
                           <target>
                              <WtPageName location="Target:327:3">
                                 <content>ja:南スーダン</content>
                                 <rtd null="true"/>
                              </WtPageName>
                           </target>
                           <title>
                              <WtLinkTitle-WtNoLinkTitle/>
                           </title>
                        </WtInternalLink>
                        <ptk:t>
</ptk:t>
                        <WtInternalLink>
                           <rtd>c3EAfgAjdXEAfgAnAAAAA3VxAH4AKQAAAAFxAH4BVnEAfgC6dXEAfgApAAAAAXEAfgFY</rtd>
                           <prefix/>
                           <postfix/>
                           <target>
                              <WtPageName location="Target:328:3">
                                 <content>jv:Sudan Kidul</content>
                                 <rtd null="true"/>
                              </WtPageName>
                           </target>
                           <title>
                              <WtLinkTitle-WtNoLinkTitle/>
                           </title>
                        </WtInternalLink>
                        <ptk:t>
</ptk:t>
                        <WtInternalLink>
                           <rtd>c3EAfgAjdXEAfgAnAAAAA3VxAH4AKQAAAAFxAH4BVnEAfgC6dXEAfgApAAAAAXEAfgFY</rtd>
                           <prefix/>
                           <postfix/>
                           <target>
                              <WtPageName location="Target:329:3">
                                 <content>ka:სამხრეთი სუდანი</content>
                                 <rtd null="true"/>
                              </WtPageName>
                           </target>
                           <title>
                              <WtLinkTitle-WtNoLinkTitle/>
                           </title>
                        </WtInternalLink>
                        <ptk:t>
</ptk:t>
                        <WtInternalLink>
                           <rtd>c3EAfgAjdXEAfgAnAAAAA3VxAH4AKQAAAAFxAH4BVnEAfgC6dXEAfgApAAAAAXEAfgFY</rtd>
                           <prefix/>
                           <postfix/>
                           <target>
                              <WtPageName location="Target:330:3">
                                 <content>kaa:Qubla Sudan</content>
                                 <rtd null="true"/>
                              </WtPageName>
                           </target>
                           <title>
                              <WtLinkTitle-WtNoLinkTitle/>
                           </title>
                        </WtInternalLink>
                        <ptk:t>
</ptk:t>
                        <WtInternalLink>
                           <rtd>c3EAfgAjdXEAfgAnAAAAA3VxAH4AKQAAAAFxAH4BVnEAfgC6dXEAfgApAAAAAXEAfgFY</rtd>
                           <prefix/>
                           <postfix/>
                           <target>
                              <WtPageName location="Target:331:3">
                                 <content>kk:Оңтүстік Судан</content>
                                 <rtd null="true"/>
                              </WtPageName>
                           </target>
                           <title>
                              <WtLinkTitle-WtNoLinkTitle/>
                           </title>
                        </WtInternalLink>
                        <ptk:t>
</ptk:t>
                        <WtInternalLink>
                           <rtd>c3EAfgAjdXEAfgAnAAAAA3VxAH4AKQAAAAFxAH4BVnEAfgC6dXEAfgApAAAAAXEAfgFY</rtd>
                           <prefix/>
                           <postfix/>
                           <target>
                              <WtPageName location="Target:332:3">
                                 <content>ko:남수단</content>
                                 <rtd null="true"/>
                              </WtPageName>
                           </target>
                           <title>
                              <WtLinkTitle-WtNoLinkTitle/>
                           </title>
                        </WtInternalLink>
                        <ptk:t>
</ptk:t>
                        <WtInternalLink>
                           <rtd>c3EAfgAjdXEAfgAnAAAAA3VxAH4AKQAAAAFxAH4BVnEAfgC6dXEAfgApAAAAAXEAfgFY</rtd>
                           <prefix/>
                           <postfix/>
                           <target>
                              <WtPageName location="Target:333:3">
                                 <content>koi:Лунвыв Судан</content>
                                 <rtd null="true"/>
                              </WtPageName>
                           </target>
                           <title>
                              <WtLinkTitle-WtNoLinkTitle/>
                           </title>
                        </WtInternalLink>
                        <ptk:t>
</ptk:t>
                        <WtInternalLink>
                           <rtd>c3EAfgAjdXEAfgAnAAAAA3VxAH4AKQAAAAFxAH4BVnEAfgC6dXEAfgApAAAAAXEAfgFY</rtd>
                           <prefix/>
                           <postfix/>
                           <target>
                              <WtPageName location="Target:334:3">
                                 <content>ksh:Südsudan</content>
                                 <rtd null="true"/>
                              </WtPageName>
                           </target>
                           <title>
                              <WtLinkTitle-WtNoLinkTitle/>
                           </title>
                        </WtInternalLink>
                        <ptk:t>
</ptk:t>
                        <WtInternalLink>
                           <rtd>c3EAfgAjdXEAfgAnAAAAA3VxAH4AKQAAAAFxAH4BVnEAfgC6dXEAfgApAAAAAXEAfgFY</rtd>
                           <prefix/>
                           <postfix/>
                           <target>
                              <WtPageName location="Target:335:3">
                                 <content>ku:Sûdana Başûr</content>
                                 <rtd null="true"/>
                              </WtPageName>
                           </target>
                           <title>
                              <WtLinkTitle-WtNoLinkTitle/>
                           </title>
                        </WtInternalLink>
                        <ptk:t>
</ptk:t>
                        <WtInternalLink>
                           <rtd>c3EAfgAjdXEAfgAnAAAAA3VxAH4AKQAAAAFxAH4BVnEAfgC6dXEAfgApAAAAAXEAfgFY</rtd>
                           <prefix/>
                           <postfix/>
                           <target>
                              <WtPageName location="Target:336:3">
                                 <content>kv:Лунвыв Судан</content>
                                 <rtd null="true"/>
                              </WtPageName>
                           </target>
                           <title>
                              <WtLinkTitle-WtNoLinkTitle/>
                           </title>
                        </WtInternalLink>
                        <ptk:t>
</ptk:t>
                        <WtInternalLink>
                           <rtd>c3EAfgAjdXEAfgAnAAAAA3VxAH4AKQAAAAFxAH4BVnEAfgC6dXEAfgApAAAAAXEAfgFY</rtd>
                           <prefix/>
                           <postfix/>
                           <target>
                              <WtPageName location="Target:337:3">
                                 <content>kw:Soudan Soth</content>
                                 <rtd null="true"/>
                              </WtPageName>
                           </target>
                           <title>
                              <WtLinkTitle-WtNoLinkTitle/>
                           </title>
                        </WtInternalLink>
                        <ptk:t>
</ptk:t>
                        <WtInternalLink>
                           <rtd>c3EAfgAjdXEAfgAnAAAAA3VxAH4AKQAAAAFxAH4BVnEAfgC6dXEAfgApAAAAAXEAfgFY</rtd>
                           <prefix/>
                           <postfix/>
                           <target>
                              <WtPageName location="Target:338:3">
                                 <content>la:Sudania Australis</content>
                                 <rtd null="true"/>
                              </WtPageName>
                           </target>
                           <title>
                              <WtLinkTitle-WtNoLinkTitle/>
                           </title>
                        </WtInternalLink>
                        <ptk:t>
</ptk:t>
                        <WtInternalLink>
                           <rtd>c3EAfgAjdXEAfgAnAAAAA3VxAH4AKQAAAAFxAH4BVnEAfgC6dXEAfgApAAAAAXEAfgFY</rtd>
                           <prefix/>
                           <postfix/>
                           <target>
                              <WtPageName location="Target:339:3">
                                 <content>lad:Sudan del Sud</content>
                                 <rtd null="true"/>
                              </WtPageName>
                           </target>
                           <title>
                              <WtLinkTitle-WtNoLinkTitle/>
                           </title>
                        </WtInternalLink>
                        <ptk:t>
</ptk:t>
                        <WtInternalLink>
                           <rtd>c3EAfgAjdXEAfgAnAAAAA3VxAH4AKQAAAAFxAH4BVnEAfgC6dXEAfgApAAAAAXEAfgFY</rtd>
                           <prefix/>
                           <postfix/>
                           <target>
                              <WtPageName location="Target:340:3">
                                 <content>lb:Südsudan</content>
                                 <rtd null="true"/>
                              </WtPageName>
                           </target>
                           <title>
                              <WtLinkTitle-WtNoLinkTitle/>
                           </title>
                        </WtInternalLink>
                        <ptk:t>
</ptk:t>
                        <WtInternalLink>
                           <rtd>c3EAfgAjdXEAfgAnAAAAA3VxAH4AKQAAAAFxAH4BVnEAfgC6dXEAfgApAAAAAXEAfgFY</rtd>
                           <prefix/>
                           <postfix/>
                           <target>
                              <WtPageName location="Target:341:3">
                                 <content>lbe:Кьилвалул Судан</content>
                                 <rtd null="true"/>
                              </WtPageName>
                           </target>
                           <title>
                              <WtLinkTitle-WtNoLinkTitle/>
                           </title>
                        </WtInternalLink>
                        <ptk:t>
</ptk:t>
                        <WtInternalLink>
                           <rtd>c3EAfgAjdXEAfgAnAAAAA3VxAH4AKQAAAAFxAH4BVnEAfgC6dXEAfgApAAAAAXEAfgFY</rtd>
                           <prefix/>
                           <postfix/>
                           <target>
                              <WtPageName location="Target:342:3">
                                 <content>li:Zuid-Soedan</content>
                                 <rtd null="true"/>
                              </WtPageName>
                           </target>
                           <title>
                              <WtLinkTitle-WtNoLinkTitle/>
                           </title>
                        </WtInternalLink>
                        <ptk:t>
</ptk:t>
                        <WtInternalLink>
                           <rtd>c3EAfgAjdXEAfgAnAAAAA3VxAH4AKQAAAAFxAH4BVnEAfgC6dXEAfgApAAAAAXEAfgFY</rtd>
                           <prefix/>
                           <postfix/>
                           <target>
                              <WtPageName location="Target:343:3">
                                 <content>lij:Sudan do Sud</content>
                                 <rtd null="true"/>
                              </WtPageName>
                           </target>
                           <title>
                              <WtLinkTitle-WtNoLinkTitle/>
                           </title>
                        </WtInternalLink>
                        <ptk:t>
</ptk:t>
                        <WtInternalLink>
                           <rtd>c3EAfgAjdXEAfgAnAAAAA3VxAH4AKQAAAAFxAH4BVnEAfgC6dXEAfgApAAAAAXEAfgFY</rtd>
                           <prefix/>
                           <postfix/>
                           <target>
                              <WtPageName location="Target:344:3">
                                 <content>lmo:Süd Sudan</content>
                                 <rtd null="true"/>
                              </WtPageName>
                           </target>
                           <title>
                              <WtLinkTitle-WtNoLinkTitle/>
                           </title>
                        </WtInternalLink>
                        <ptk:t>
</ptk:t>
                        <WtInternalLink>
                           <rtd>c3EAfgAjdXEAfgAnAAAAA3VxAH4AKQAAAAFxAH4BVnEAfgC6dXEAfgApAAAAAXEAfgFY</rtd>
                           <prefix/>
                           <postfix/>
                           <target>
                              <WtPageName location="Target:345:3">
                                 <content>lt:Pietų Sudanas</content>
                                 <rtd null="true"/>
                              </WtPageName>
                           </target>
                           <title>
                              <WtLinkTitle-WtNoLinkTitle/>
                           </title>
                        </WtInternalLink>
                        <ptk:t>
</ptk:t>
                        <WtInternalLink>
                           <rtd>c3EAfgAjdXEAfgAnAAAAA3VxAH4AKQAAAAFxAH4BVnEAfgC6dXEAfgApAAAAAXEAfgFY</rtd>
                           <prefix/>
                           <postfix/>
                           <target>
                              <WtPageName location="Target:346:3">
                                 <content>lv:Dienvidsudāna</content>
                                 <rtd null="true"/>
                              </WtPageName>
                           </target>
                           <title>
                              <WtLinkTitle-WtNoLinkTitle/>
                           </title>
                        </WtInternalLink>
                        <ptk:t>
</ptk:t>
                        <WtInternalLink>
                           <rtd>c3EAfgAjdXEAfgAnAAAAA3VxAH4AKQAAAAFxAH4BVnEAfgC6dXEAfgApAAAAAXEAfgFY</rtd>
                           <prefix/>
                           <postfix/>
                           <target>
                              <WtPageName location="Target:347:3">
                                 <content>mdf:Лямбеширень Судан</content>
                                 <rtd null="true"/>
                              </WtPageName>
                           </target>
                           <title>
                              <WtLinkTitle-WtNoLinkTitle/>
                           </title>
                        </WtInternalLink>
                        <ptk:t>
</ptk:t>
                        <WtInternalLink>
                           <rtd>c3EAfgAjdXEAfgAnAAAAA3VxAH4AKQAAAAFxAH4BVnEAfgC6dXEAfgApAAAAAXEAfgFY</rtd>
                           <prefix/>
                           <postfix/>
                           <target>
                              <WtPageName location="Target:348:3">
                                 <content>mk:Јужен Судан</content>
                                 <rtd null="true"/>
                              </WtPageName>
                           </target>
                           <title>
                              <WtLinkTitle-WtNoLinkTitle/>
                           </title>
                        </WtInternalLink>
                        <ptk:t>
</ptk:t>
                        <WtInternalLink>
                           <rtd>c3EAfgAjdXEAfgAnAAAAA3VxAH4AKQAAAAFxAH4BVnEAfgC6dXEAfgApAAAAAXEAfgFY</rtd>
                           <prefix/>
                           <postfix/>
                           <target>
                              <WtPageName location="Target:349:3">
                                 <content>ml:ദക്ഷിണ സുഡാൻ</content>
                                 <rtd null="true"/>
                              </WtPageName>
                           </target>
                           <title>
                              <WtLinkTitle-WtNoLinkTitle/>
                           </title>
                        </WtInternalLink>
                        <ptk:t>
</ptk:t>
                        <WtInternalLink>
                           <rtd>c3EAfgAjdXEAfgAnAAAAA3VxAH4AKQAAAAFxAH4BVnEAfgC6dXEAfgApAAAAAXEAfgFY</rtd>
                           <prefix/>
                           <postfix/>
                           <target>
                              <WtPageName location="Target:350:3">
                                 <content>mr:दक्षिण सुदान</content>
                                 <rtd null="true"/>
                              </WtPageName>
                           </target>
                           <title>
                              <WtLinkTitle-WtNoLinkTitle/>
                           </title>
                        </WtInternalLink>
                        <ptk:t>
</ptk:t>
                        <WtInternalLink>
                           <rtd>c3EAfgAjdXEAfgAnAAAAA3VxAH4AKQAAAAFxAH4BVnEAfgC6dXEAfgApAAAAAXEAfgFY</rtd>
                           <prefix/>
                           <postfix/>
                           <target>
                              <WtPageName location="Target:351:3">
                                 <content>mrj:Кечӹвӓлвел Судан</content>
                                 <rtd null="true"/>
                              </WtPageName>
                           </target>
                           <title>
                              <WtLinkTitle-WtNoLinkTitle/>
                           </title>
                        </WtInternalLink>
                        <ptk:t>
</ptk:t>
                        <WtInternalLink>
                           <rtd>c3EAfgAjdXEAfgAnAAAAA3VxAH4AKQAAAAFxAH4BVnEAfgC6dXEAfgApAAAAAXEAfgFY</rtd>
                           <prefix/>
                           <postfix/>
                           <target>
                              <WtPageName location="Target:352:3">
                                 <content>ms:Sudan Selatan</content>
                                 <rtd null="true"/>
                              </WtPageName>
                           </target>
                           <title>
                              <WtLinkTitle-WtNoLinkTitle/>
                           </title>
                        </WtInternalLink>
                        <ptk:t>
</ptk:t>
                        <WtInternalLink>
                           <rtd>c3EAfgAjdXEAfgAnAAAAA3VxAH4AKQAAAAFxAH4BVnEAfgC6dXEAfgApAAAAAXEAfgFY</rtd>
                           <prefix/>
                           <postfix/>
                           <target>
                              <WtPageName location="Target:353:3">
                                 <content>my:တောင်ဆူဒန်နိုင်ငံ</content>
                                 <rtd null="true"/>
                              </WtPageName>
                           </target>
                           <title>
                              <WtLinkTitle-WtNoLinkTitle/>
                           </title>
                        </WtInternalLink>
                        <ptk:t>
</ptk:t>
                        <WtInternalLink>
                           <rtd>c3EAfgAjdXEAfgAnAAAAA3VxAH4AKQAAAAFxAH4BVnEAfgC6dXEAfgApAAAAAXEAfgFY</rtd>
                           <prefix/>
                           <postfix/>
                           <target>
                              <WtPageName location="Target:354:3">
                                 <content>mzn:جنوبی سودان</content>
                                 <rtd null="true"/>
                              </WtPageName>
                           </target>
                           <title>
                              <WtLinkTitle-WtNoLinkTitle/>
                           </title>
                        </WtInternalLink>
                        <ptk:t>
</ptk:t>
                        <WtInternalLink>
                           <rtd>c3EAfgAjdXEAfgAnAAAAA3VxAH4AKQAAAAFxAH4BVnEAfgC6dXEAfgApAAAAAXEAfgFY</rtd>
                           <prefix/>
                           <postfix/>
                           <target>
                              <WtPageName location="Target:355:3">
                                 <content>na:South Sudan</content>
                                 <rtd null="true"/>
                              </WtPageName>
                           </target>
                           <title>
                              <WtLinkTitle-WtNoLinkTitle/>
                           </title>
                        </WtInternalLink>
                        <ptk:t>
</ptk:t>
                        <WtInternalLink>
                           <rtd>c3EAfgAjdXEAfgAnAAAAA3VxAH4AKQAAAAFxAH4BVnEAfgC6dXEAfgApAAAAAXEAfgFY</rtd>
                           <prefix/>
                           <postfix/>
                           <target>
                              <WtPageName location="Target:356:3">
                                 <content>nah:Sudan Huitztlāmpa</content>
                                 <rtd null="true"/>
                              </WtPageName>
                           </target>
                           <title>
                              <WtLinkTitle-WtNoLinkTitle/>
                           </title>
                        </WtInternalLink>
                        <ptk:t>
</ptk:t>
                        <WtInternalLink>
                           <rtd>c3EAfgAjdXEAfgAnAAAAA3VxAH4AKQAAAAFxAH4BVnEAfgC6dXEAfgApAAAAAXEAfgFY</rtd>
                           <prefix/>
                           <postfix/>
                           <target>
                              <WtPageName location="Target:357:3">
                                 <content>nds:Süüdsudan</content>
                                 <rtd null="true"/>
                              </WtPageName>
                           </target>
                           <title>
                              <WtLinkTitle-WtNoLinkTitle/>
                           </title>
                        </WtInternalLink>
                        <ptk:t>
</ptk:t>
                        <WtInternalLink>
                           <rtd>c3EAfgAjdXEAfgAnAAAAA3VxAH4AKQAAAAFxAH4BVnEAfgC6dXEAfgApAAAAAXEAfgFY</rtd>
                           <prefix/>
                           <postfix/>
                           <target>
                              <WtPageName location="Target:358:3">
                                 <content>nds-nl:Zuudsoedan</content>
                                 <rtd null="true"/>
                              </WtPageName>
                           </target>
                           <title>
                              <WtLinkTitle-WtNoLinkTitle/>
                           </title>
                        </WtInternalLink>
                        <ptk:t>
</ptk:t>
                        <WtInternalLink>
                           <rtd>c3EAfgAjdXEAfgAnAAAAA3VxAH4AKQAAAAFxAH4BVnEAfgC6dXEAfgApAAAAAXEAfgFY</rtd>
                           <prefix/>
                           <postfix/>
                           <target>
                              <WtPageName location="Target:359:3">
                                 <content>nl:Zuid-Soedan</content>
                                 <rtd null="true"/>
                              </WtPageName>
                           </target>
                           <title>
                              <WtLinkTitle-WtNoLinkTitle/>
                           </title>
                        </WtInternalLink>
                        <ptk:t>
</ptk:t>
                        <WtInternalLink>
                           <rtd>c3EAfgAjdXEAfgAnAAAAA3VxAH4AKQAAAAFxAH4BVnEAfgC6dXEAfgApAAAAAXEAfgFY</rtd>
                           <prefix/>
                           <postfix/>
                           <target>
                              <WtPageName location="Target:360:3">
                                 <content>nn:Sør-Sudan</content>
                                 <rtd null="true"/>
                              </WtPageName>
                           </target>
                           <title>
                              <WtLinkTitle-WtNoLinkTitle/>
                           </title>
                        </WtInternalLink>
                        <ptk:t>
</ptk:t>
                        <WtInternalLink>
                           <rtd>c3EAfgAjdXEAfgAnAAAAA3VxAH4AKQAAAAFxAH4BVnEAfgC6dXEAfgApAAAAAXEAfgFY</rtd>
                           <prefix/>
                           <postfix/>
                           <target>
                              <WtPageName location="Target:361:3">
                                 <content>no:Sør-Sudan</content>
                                 <rtd null="true"/>
                              </WtPageName>
                           </target>
                           <title>
                              <WtLinkTitle-WtNoLinkTitle/>
                           </title>
                        </WtInternalLink>
                        <ptk:t>
</ptk:t>
                        <WtInternalLink>
                           <rtd>c3EAfgAjdXEAfgAnAAAAA3VxAH4AKQAAAAFxAH4BVnEAfgC6dXEAfgApAAAAAXEAfgFY</rtd>
                           <prefix/>
                           <postfix/>
                           <target>
                              <WtPageName location="Target:362:3">
                                 <content>nv:Shádiʼááhjí Soodą́ą</content>
                                 <rtd null="true"/>
                              </WtPageName>
                           </target>
                           <title>
                              <WtLinkTitle-WtNoLinkTitle/>
                           </title>
                        </WtInternalLink>
                        <ptk:t>
</ptk:t>
                        <WtInternalLink>
                           <rtd>c3EAfgAjdXEAfgAnAAAAA3VxAH4AKQAAAAFxAH4BVnEAfgC6dXEAfgApAAAAAXEAfgFY</rtd>
                           <prefix/>
                           <postfix/>
                           <target>
                              <WtPageName location="Target:363:3">
                                 <content>oc:Sodan del Sud</content>
                                 <rtd null="true"/>
                              </WtPageName>
                           </target>
                           <title>
                              <WtLinkTitle-WtNoLinkTitle/>
                           </title>
                        </WtInternalLink>
                        <ptk:t>
</ptk:t>
                        <WtInternalLink>
                           <rtd>c3EAfgAjdXEAfgAnAAAAA3VxAH4AKQAAAAFxAH4BVnEAfgC6dXEAfgApAAAAAXEAfgFY</rtd>
                           <prefix/>
                           <postfix/>
                           <target>
                              <WtPageName location="Target:364:3">
                                 <content>or:ଦକ୍ଷିନ ସୁଦାନ</content>
                                 <rtd null="true"/>
                              </WtPageName>
                           </target>
                           <title>
                              <WtLinkTitle-WtNoLinkTitle/>
                           </title>
                        </WtInternalLink>
                        <ptk:t>
</ptk:t>
                        <WtInternalLink>
                           <rtd>c3EAfgAjdXEAfgAnAAAAA3VxAH4AKQAAAAFxAH4BVnEAfgC6dXEAfgApAAAAAXEAfgFY</rtd>
                           <prefix/>
                           <postfix/>
                           <target>
                              <WtPageName location="Target:365:3">
                                 <content>pl:Sudan Południowy</content>
                                 <rtd null="true"/>
                              </WtPageName>
                           </target>
                           <title>
                              <WtLinkTitle-WtNoLinkTitle/>
                           </title>
                        </WtInternalLink>
                        <ptk:t>
</ptk:t>
                        <WtInternalLink>
                           <rtd>c3EAfgAjdXEAfgAnAAAAA3VxAH4AKQAAAAFxAH4BVnEAfgC6dXEAfgApAAAAAXEAfgFY</rtd>
                           <prefix/>
                           <postfix/>
                           <target>
                              <WtPageName location="Target:366:3">
                                 <content>pnb:دکھن سوڈان</content>
                                 <rtd null="true"/>
                              </WtPageName>
                           </target>
                           <title>
                              <WtLinkTitle-WtNoLinkTitle/>
                           </title>
                        </WtInternalLink>
                        <ptk:t>
</ptk:t>
                        <WtInternalLink>
                           <rtd>c3EAfgAjdXEAfgAnAAAAA3VxAH4AKQAAAAFxAH4BVnEAfgC6dXEAfgApAAAAAXEAfgFY</rtd>
                           <prefix/>
                           <postfix/>
                           <target>
                              <WtPageName location="Target:367:3">
                                 <content>ps:سوېلي سوډان</content>
                                 <rtd null="true"/>
                              </WtPageName>
                           </target>
                           <title>
                              <WtLinkTitle-WtNoLinkTitle/>
                           </title>
                        </WtInternalLink>
                        <ptk:t>
</ptk:t>
                        <WtInternalLink>
                           <rtd>c3EAfgAjdXEAfgAnAAAAA3VxAH4AKQAAAAFxAH4BVnEAfgC6dXEAfgApAAAAAXEAfgFY</rtd>
                           <prefix/>
                           <postfix/>
                           <target>
                              <WtPageName location="Target:368:3">
                                 <content>pt:Sudão do Sul</content>
                                 <rtd null="true"/>
                              </WtPageName>
                           </target>
                           <title>
                              <WtLinkTitle-WtNoLinkTitle/>
                           </title>
                        </WtInternalLink>
                        <ptk:t>
</ptk:t>
                        <WtInternalLink>
                           <rtd>c3EAfgAjdXEAfgAnAAAAA3VxAH4AKQAAAAFxAH4BVnEAfgC6dXEAfgApAAAAAXEAfgFY</rtd>
                           <prefix/>
                           <postfix/>
                           <target>
                              <WtPageName location="Target:369:3">
                                 <content>qu:Urin Sudan</content>
                                 <rtd null="true"/>
                              </WtPageName>
                           </target>
                           <title>
                              <WtLinkTitle-WtNoLinkTitle/>
                           </title>
                        </WtInternalLink>
                        <ptk:t>
</ptk:t>
                        <WtInternalLink>
                           <rtd>c3EAfgAjdXEAfgAnAAAAA3VxAH4AKQAAAAFxAH4BVnEAfgC6dXEAfgApAAAAAXEAfgFY</rtd>
                           <prefix/>
                           <postfix/>
                           <target>
                              <WtPageName location="Target:370:3">
                                 <content>rm:Sudan dal Sid</content>
                                 <rtd null="true"/>
                              </WtPageName>
                           </target>
                           <title>
                              <WtLinkTitle-WtNoLinkTitle/>
                           </title>
                        </WtInternalLink>
                        <ptk:t>
</ptk:t>
                        <WtInternalLink>
                           <rtd>c3EAfgAjdXEAfgAnAAAAA3VxAH4AKQAAAAFxAH4BVnEAfgC6dXEAfgApAAAAAXEAfgFY</rtd>
                           <prefix/>
                           <postfix/>
                           <target>
                              <WtPageName location="Target:371:3">
                                 <content>ro:Sudanul de Sud</content>
                                 <rtd null="true"/>
                              </WtPageName>
                           </target>
                           <title>
                              <WtLinkTitle-WtNoLinkTitle/>
                           </title>
                        </WtInternalLink>
                        <ptk:t>
</ptk:t>
                        <WtInternalLink>
                           <rtd>c3EAfgAjdXEAfgAnAAAAA3VxAH4AKQAAAAFxAH4BVnEAfgC6dXEAfgApAAAAAXEAfgFY</rtd>
                           <prefix/>
                           <postfix/>
                           <target>
                              <WtPageName location="Target:372:3">
                                 <content>roa-tara:Sudan d'u Sud</content>
                                 <rtd null="true"/>
                              </WtPageName>
                           </target>
                           <title>
                              <WtLinkTitle-WtNoLinkTitle/>
                           </title>
                        </WtInternalLink>
                        <ptk:t>
</ptk:t>
                        <WtInternalLink>
                           <rtd>c3EAfgAjdXEAfgAnAAAAA3VxAH4AKQAAAAFxAH4BVnEAfgC6dXEAfgApAAAAAXEAfgFY</rtd>
                           <prefix/>
                           <postfix/>
                           <target>
                              <WtPageName location="Target:373:3">
                                 <content>ru:Южный Судан</content>
                                 <rtd null="true"/>
                              </WtPageName>
                           </target>
                           <title>
                              <WtLinkTitle-WtNoLinkTitle/>
                           </title>
                        </WtInternalLink>
                        <ptk:t>
</ptk:t>
                        <WtInternalLink>
                           <rtd>c3EAfgAjdXEAfgAnAAAAA3VxAH4AKQAAAAFxAH4BVnEAfgC6dXEAfgApAAAAAXEAfgFY</rtd>
                           <prefix/>
                           <postfix/>
                           <target>
                              <WtPageName location="Target:374:3">
                                 <content>sc:Sudan Meridionali</content>
                                 <rtd null="true"/>
                              </WtPageName>
                           </target>
                           <title>
                              <WtLinkTitle-WtNoLinkTitle/>
                           </title>
                        </WtInternalLink>
                        <ptk:t>
</ptk:t>
                        <WtInternalLink>
                           <rtd>c3EAfgAjdXEAfgAnAAAAA3VxAH4AKQAAAAFxAH4BVnEAfgC6dXEAfgApAAAAAXEAfgFY</rtd>
                           <prefix/>
                           <postfix/>
                           <target>
                              <WtPageName location="Target:375:3">
                                 <content>scn:Sudan dû Sud</content>
                                 <rtd null="true"/>
                              </WtPageName>
                           </target>
                           <title>
                              <WtLinkTitle-WtNoLinkTitle/>
                           </title>
                        </WtInternalLink>
                        <ptk:t>
</ptk:t>
                        <WtInternalLink>
                           <rtd>c3EAfgAjdXEAfgAnAAAAA3VxAH4AKQAAAAFxAH4BVnEAfgC6dXEAfgApAAAAAXEAfgFY</rtd>
                           <prefix/>
                           <postfix/>
                           <target>
                              <WtPageName location="Target:376:3">
                                 <content>sco:Sooth Sudan</content>
                                 <rtd null="true"/>
                              </WtPageName>
                           </target>
                           <title>
                              <WtLinkTitle-WtNoLinkTitle/>
                           </title>
                        </WtInternalLink>
                        <ptk:t>
</ptk:t>
                        <WtInternalLink>
                           <rtd>c3EAfgAjdXEAfgAnAAAAA3VxAH4AKQAAAAFxAH4BVnEAfgC6dXEAfgApAAAAAXEAfgFY</rtd>
                           <prefix/>
                           <postfix/>
                           <target>
                              <WtPageName location="Target:377:3">
                                 <content>se:Lulli-Sudan</content>
                                 <rtd null="true"/>
                              </WtPageName>
                           </target>
                           <title>
                              <WtLinkTitle-WtNoLinkTitle/>
                           </title>
                        </WtInternalLink>
                        <ptk:t>
</ptk:t>
                        <WtInternalLink>
                           <rtd>c3EAfgAjdXEAfgAnAAAAA3VxAH4AKQAAAAFxAH4BVnEAfgC6dXEAfgApAAAAAXEAfgFY</rtd>
                           <prefix/>
                           <postfix/>
                           <target>
                              <WtPageName location="Target:378:3">
                                 <content>sg:Sudäan-Mbongo</content>
                                 <rtd null="true"/>
                              </WtPageName>
                           </target>
                           <title>
                              <WtLinkTitle-WtNoLinkTitle/>
                           </title>
                        </WtInternalLink>
                        <ptk:t>
</ptk:t>
                        <WtInternalLink>
                           <rtd>c3EAfgAjdXEAfgAnAAAAA3VxAH4AKQAAAAFxAH4BVnEAfgC6dXEAfgApAAAAAXEAfgFY</rtd>
                           <prefix/>
                           <postfix/>
                           <target>
                              <WtPageName location="Target:379:3">
                                 <content>sh:Južni Sudan</content>
                                 <rtd null="true"/>
                              </WtPageName>
                           </target>
                           <title>
                              <WtLinkTitle-WtNoLinkTitle/>
                           </title>
                        </WtInternalLink>
                        <ptk:t>
</ptk:t>
                        <WtInternalLink>
                           <rtd>c3EAfgAjdXEAfgAnAAAAA3VxAH4AKQAAAAFxAH4BVnEAfgC6dXEAfgApAAAAAXEAfgFY</rtd>
                           <prefix/>
                           <postfix/>
                           <target>
                              <WtPageName location="Target:380:3">
                                 <content>simple:South Sudan</content>
                                 <rtd null="true"/>
                              </WtPageName>
                           </target>
                           <title>
                              <WtLinkTitle-WtNoLinkTitle/>
                           </title>
                        </WtInternalLink>
                        <ptk:t>
</ptk:t>
                        <WtInternalLink>
                           <rtd>c3EAfgAjdXEAfgAnAAAAA3VxAH4AKQAAAAFxAH4BVnEAfgC6dXEAfgApAAAAAXEAfgFY</rtd>
                           <prefix/>
                           <postfix/>
                           <target>
                              <WtPageName location="Target:381:3">
                                 <content>sk:Južný Sudán</content>
                                 <rtd null="true"/>
                              </WtPageName>
                           </target>
                           <title>
                              <WtLinkTitle-WtNoLinkTitle/>
                           </title>
                        </WtInternalLink>
                        <ptk:t>
</ptk:t>
                        <WtInternalLink>
                           <rtd>c3EAfgAjdXEAfgAnAAAAA3VxAH4AKQAAAAFxAH4BVnEAfgC6dXEAfgApAAAAAXEAfgFY</rtd>
                           <prefix/>
                           <postfix/>
                           <target>
                              <WtPageName location="Target:382:3">
                                 <content>sl:Južni Sudan</content>
                                 <rtd null="true"/>
                              </WtPageName>
                           </target>
                           <title>
                              <WtLinkTitle-WtNoLinkTitle/>
                           </title>
                        </WtInternalLink>
                        <ptk:t>
</ptk:t>
                        <WtInternalLink>
                           <rtd>c3EAfgAjdXEAfgAnAAAAA3VxAH4AKQAAAAFxAH4BVnEAfgC6dXEAfgApAAAAAXEAfgFY</rtd>
                           <prefix/>
                           <postfix/>
                           <target>
                              <WtPageName location="Target:383:3">
                                 <content>sn:South Sudan</content>
                                 <rtd null="true"/>
                              </WtPageName>
                           </target>
                           <title>
                              <WtLinkTitle-WtNoLinkTitle/>
                           </title>
                        </WtInternalLink>
                        <ptk:t>
</ptk:t>
                        <WtInternalLink>
                           <rtd>c3EAfgAjdXEAfgAnAAAAA3VxAH4AKQAAAAFxAH4BVnEAfgC6dXEAfgApAAAAAXEAfgFY</rtd>
                           <prefix/>
                           <postfix/>
                           <target>
                              <WtPageName location="Target:384:3">
                                 <content>so:Koonfur Suudaan</content>
                                 <rtd null="true"/>
                              </WtPageName>
                           </target>
                           <title>
                              <WtLinkTitle-WtNoLinkTitle/>
                           </title>
                        </WtInternalLink>
                        <ptk:t>
</ptk:t>
                        <WtInternalLink>
                           <rtd>c3EAfgAjdXEAfgAnAAAAA3VxAH4AKQAAAAFxAH4BVnEAfgC6dXEAfgApAAAAAXEAfgFY</rtd>
                           <prefix/>
                           <postfix/>
                           <target>
                              <WtPageName location="Target:385:3">
                                 <content>sq:Sudani i Jugut</content>
                                 <rtd null="true"/>
                              </WtPageName>
                           </target>
                           <title>
                              <WtLinkTitle-WtNoLinkTitle/>
                           </title>
                        </WtInternalLink>
                        <ptk:t>
</ptk:t>
                        <WtInternalLink>
                           <rtd>c3EAfgAjdXEAfgAnAAAAA3VxAH4AKQAAAAFxAH4BVnEAfgC6dXEAfgApAAAAAXEAfgFY</rtd>
                           <prefix/>
                           <postfix/>
                           <target>
                              <WtPageName location="Target:386:3">
                                 <content>sr:Јужни Судан</content>
                                 <rtd null="true"/>
                              </WtPageName>
                           </target>
                           <title>
                              <WtLinkTitle-WtNoLinkTitle/>
                           </title>
                        </WtInternalLink>
                        <ptk:t>
</ptk:t>
                        <WtInternalLink>
                           <rtd>c3EAfgAjdXEAfgAnAAAAA3VxAH4AKQAAAAFxAH4BVnEAfgC6dXEAfgApAAAAAXEAfgFY</rtd>
                           <prefix/>
                           <postfix/>
                           <target>
                              <WtPageName location="Target:387:3">
                                 <content>su:Sudan Kidul</content>
                                 <rtd null="true"/>
                              </WtPageName>
                           </target>
                           <title>
                              <WtLinkTitle-WtNoLinkTitle/>
                           </title>
                        </WtInternalLink>
                        <ptk:t>
</ptk:t>
                        <WtInternalLink>
                           <rtd>c3EAfgAjdXEAfgAnAAAAA3VxAH4AKQAAAAFxAH4BVnEAfgC6dXEAfgApAAAAAXEAfgFY</rtd>
                           <prefix/>
                           <postfix/>
                           <target>
                              <WtPageName location="Target:388:3">
                                 <content>sv:Sydsudan</content>
                                 <rtd null="true"/>
                              </WtPageName>
                           </target>
                           <title>
                              <WtLinkTitle-WtNoLinkTitle/>
                           </title>
                        </WtInternalLink>
                        <ptk:t>
</ptk:t>
                        <WtInternalLink>
                           <rtd>c3EAfgAjdXEAfgAnAAAAA3VxAH4AKQAAAAFxAH4BVnEAfgC6dXEAfgApAAAAAXEAfgFY</rtd>
                           <prefix/>
                           <postfix/>
                           <target>
                              <WtPageName location="Target:389:3">
                                 <content>sw:Sudan Kusini</content>
                                 <rtd null="true"/>
                              </WtPageName>
                           </target>
                           <title>
                              <WtLinkTitle-WtNoLinkTitle/>
                           </title>
                        </WtInternalLink>
                        <ptk:t>
</ptk:t>
                        <WtInternalLink>
                           <rtd>c3EAfgAjdXEAfgAnAAAAA3VxAH4AKQAAAAFxAH4BVnEAfgC6dXEAfgApAAAAAXEAfgFY</rtd>
                           <prefix/>
                           <postfix/>
                           <target>
                              <WtPageName location="Target:390:3">
                                 <content>szl:Połedńowy Sudan</content>
                                 <rtd null="true"/>
                              </WtPageName>
                           </target>
                           <title>
                              <WtLinkTitle-WtNoLinkTitle/>
                           </title>
                        </WtInternalLink>
                        <ptk:t>
</ptk:t>
                        <WtInternalLink>
                           <rtd>c3EAfgAjdXEAfgAnAAAAA3VxAH4AKQAAAAFxAH4BVnEAfgC6dXEAfgApAAAAAXEAfgFY</rtd>
                           <prefix/>
                           <postfix/>
                           <target>
                              <WtPageName location="Target:391:3">
                                 <content>ta:தெற்கு சூடான்</content>
                                 <rtd null="true"/>
                              </WtPageName>
                           </target>
                           <title>
                              <WtLinkTitle-WtNoLinkTitle/>
                           </title>
                        </WtInternalLink>
                        <ptk:t>
</ptk:t>
                        <WtInternalLink>
                           <rtd>c3EAfgAjdXEAfgAnAAAAA3VxAH4AKQAAAAFxAH4BVnEAfgC6dXEAfgApAAAAAXEAfgFY</rtd>
                           <prefix/>
                           <postfix/>
                           <target>
                              <WtPageName location="Target:392:3">
                                 <content>te:దక్షిణ సూడాన్</content>
                                 <rtd null="true"/>
                              </WtPageName>
                           </target>
                           <title>
                              <WtLinkTitle-WtNoLinkTitle/>
                           </title>
                        </WtInternalLink>
                        <ptk:t>
</ptk:t>
                        <WtInternalLink>
                           <rtd>c3EAfgAjdXEAfgAnAAAAA3VxAH4AKQAAAAFxAH4BVnEAfgC6dXEAfgApAAAAAXEAfgFY</rtd>
                           <prefix/>
                           <postfix/>
                           <target>
                              <WtPageName location="Target:393:3">
                                 <content>th:ประเทศเซาท์ซูดาน</content>
                                 <rtd null="true"/>
                              </WtPageName>
                           </target>
                           <title>
                              <WtLinkTitle-WtNoLinkTitle/>
                           </title>
                        </WtInternalLink>
                        <ptk:t>
</ptk:t>
                        <WtInternalLink>
                           <rtd>c3EAfgAjdXEAfgAnAAAAA3VxAH4AKQAAAAFxAH4BVnEAfgC6dXEAfgApAAAAAXEAfgFY</rtd>
                           <prefix/>
                           <postfix/>
                           <target>
                              <WtPageName location="Target:394:3">
                                 <content>tk:Günorta Sudan</content>
                                 <rtd null="true"/>
                              </WtPageName>
                           </target>
                           <title>
                              <WtLinkTitle-WtNoLinkTitle/>
                           </title>
                        </WtInternalLink>
                        <ptk:t>
</ptk:t>
                        <WtInternalLink>
                           <rtd>c3EAfgAjdXEAfgAnAAAAA3VxAH4AKQAAAAFxAH4BVnEAfgC6dXEAfgApAAAAAXEAfgFY</rtd>
                           <prefix/>
                           <postfix/>
                           <target>
                              <WtPageName location="Target:395:3">
                                 <content>tl:Timog Sudan</content>
                                 <rtd null="true"/>
                              </WtPageName>
                           </target>
                           <title>
                              <WtLinkTitle-WtNoLinkTitle/>
                           </title>
                        </WtInternalLink>
                        <ptk:t>
</ptk:t>
                        <WtInternalLink>
                           <rtd>c3EAfgAjdXEAfgAnAAAAA3VxAH4AKQAAAAFxAH4BVnEAfgC6dXEAfgApAAAAAXEAfgFY</rtd>
                           <prefix/>
                           <postfix/>
                           <target>
                              <WtPageName location="Target:396:3">
                                 <content>tr:Güney Sudan</content>
                                 <rtd null="true"/>
                              </WtPageName>
                           </target>
                           <title>
                              <WtLinkTitle-WtNoLinkTitle/>
                           </title>
                        </WtInternalLink>
                        <ptk:t>
</ptk:t>
                        <WtInternalLink>
                           <rtd>c3EAfgAjdXEAfgAnAAAAA3VxAH4AKQAAAAFxAH4BVnEAfgC6dXEAfgApAAAAAXEAfgFY</rtd>
                           <prefix/>
                           <postfix/>
                           <target>
                              <WtPageName location="Target:397:3">
                                 <content>tt:Көньяк Судан</content>
                                 <rtd null="true"/>
                              </WtPageName>
                           </target>
                           <title>
                              <WtLinkTitle-WtNoLinkTitle/>
                           </title>
                        </WtInternalLink>
                        <ptk:t>
</ptk:t>
                        <WtInternalLink>
                           <rtd>c3EAfgAjdXEAfgAnAAAAA3VxAH4AKQAAAAFxAH4BVnEAfgC6dXEAfgApAAAAAXEAfgFY</rtd>
                           <prefix/>
                           <postfix/>
                           <target>
                              <WtPageName location="Target:398:3">
                                 <content>udm:Лымшор Судан</content>
                                 <rtd null="true"/>
                              </WtPageName>
                           </target>
                           <title>
                              <WtLinkTitle-WtNoLinkTitle/>
                           </title>
                        </WtInternalLink>
                        <ptk:t>
</ptk:t>
                        <WtInternalLink>
                           <rtd>c3EAfgAjdXEAfgAnAAAAA3VxAH4AKQAAAAFxAH4BVnEAfgC6dXEAfgApAAAAAXEAfgFY</rtd>
                           <prefix/>
                           <postfix/>
                           <target>
                              <WtPageName location="Target:399:3">
                                 <content>uk:Південний Судан</content>
                                 <rtd null="true"/>
                              </WtPageName>
                           </target>
                           <title>
                              <WtLinkTitle-WtNoLinkTitle/>
                           </title>
                        </WtInternalLink>
                        <ptk:t>
</ptk:t>
                        <WtInternalLink>
                           <rtd>c3EAfgAjdXEAfgAnAAAAA3VxAH4AKQAAAAFxAH4BVnEAfgC6dXEAfgApAAAAAXEAfgFY</rtd>
                           <prefix/>
                           <postfix/>
                           <target>
                              <WtPageName location="Target:400:3">
                                 <content>ur:جنوبی سوڈان</content>
                                 <rtd null="true"/>
                              </WtPageName>
                           </target>
                           <title>
                              <WtLinkTitle-WtNoLinkTitle/>
                           </title>
                        </WtInternalLink>
                        <ptk:t>
</ptk:t>
                        <WtInternalLink>
                           <rtd>c3EAfgAjdXEAfgAnAAAAA3VxAH4AKQAAAAFxAH4BVnEAfgC6dXEAfgApAAAAAXEAfgFY</rtd>
                           <prefix/>
                           <postfix/>
                           <target>
                              <WtPageName location="Target:401:3">
                                 <content>uz:Janubiy Sudan</content>
                                 <rtd null="true"/>
                              </WtPageName>
                           </target>
                           <title>
                              <WtLinkTitle-WtNoLinkTitle/>
                           </title>
                        </WtInternalLink>
                        <ptk:t>
</ptk:t>
                        <WtInternalLink>
                           <rtd>c3EAfgAjdXEAfgAnAAAAA3VxAH4AKQAAAAFxAH4BVnEAfgC6dXEAfgApAAAAAXEAfgFY</rtd>
                           <prefix/>
                           <postfix/>
                           <target>
                              <WtPageName location="Target:402:3">
                                 <content>vec:Sud Sudan</content>
                                 <rtd null="true"/>
                              </WtPageName>
                           </target>
                           <title>
                              <WtLinkTitle-WtNoLinkTitle/>
                           </title>
                        </WtInternalLink>
                        <ptk:t>
</ptk:t>
                        <WtInternalLink>
                           <rtd>c3EAfgAjdXEAfgAnAAAAA3VxAH4AKQAAAAFxAH4BVnEAfgC6dXEAfgApAAAAAXEAfgFY</rtd>
                           <prefix/>
                           <postfix/>
                           <target>
                              <WtPageName location="Target:403:3">
                                 <content>vi:Nam Sudan</content>
                                 <rtd null="true"/>
                              </WtPageName>
                           </target>
                           <title>
                              <WtLinkTitle-WtNoLinkTitle/>
                           </title>
                        </WtInternalLink>
                        <ptk:t>
</ptk:t>
                        <WtInternalLink>
                           <rtd>c3EAfgAjdXEAfgAnAAAAA3VxAH4AKQAAAAFxAH4BVnEAfgC6dXEAfgApAAAAAXEAfgFY</rtd>
                           <prefix/>
                           <postfix/>
                           <target>
                              <WtPageName location="Target:404:3">
                                 <content>vo:Sulüda-Sudän</content>
                                 <rtd null="true"/>
                              </WtPageName>
                           </target>
                           <title>
                              <WtLinkTitle-WtNoLinkTitle/>
                           </title>
                        </WtInternalLink>
                        <ptk:t>
</ptk:t>
                        <WtInternalLink>
                           <rtd>c3EAfgAjdXEAfgAnAAAAA3VxAH4AKQAAAAFxAH4BVnEAfgC6dXEAfgApAAAAAXEAfgFY</rtd>
                           <prefix/>
                           <postfix/>
                           <target>
                              <WtPageName location="Target:405:3">
                                 <content>war:Salatan nga Sudan</content>
                                 <rtd null="true"/>
                              </WtPageName>
                           </target>
                           <title>
                              <WtLinkTitle-WtNoLinkTitle/>
                           </title>
                        </WtInternalLink>
                        <ptk:t>
</ptk:t>
                        <WtInternalLink>
                           <rtd>c3EAfgAjdXEAfgAnAAAAA3VxAH4AKQAAAAFxAH4BVnEAfgC6dXEAfgApAAAAAXEAfgFY</rtd>
                           <prefix/>
                           <postfix/>
                           <target>
                              <WtPageName location="Target:406:3">
                                 <content>yi:דרום סודאן</content>
                                 <rtd null="true"/>
                              </WtPageName>
                           </target>
                           <title>
                              <WtLinkTitle-WtNoLinkTitle/>
                           </title>
                        </WtInternalLink>
                        <ptk:t>
</ptk:t>
                        <WtInternalLink>
                           <rtd>c3EAfgAjdXEAfgAnAAAAA3VxAH4AKQAAAAFxAH4BVnEAfgC6dXEAfgApAAAAAXEAfgFY</rtd>
                           <prefix/>
                           <postfix/>
                           <target>
                              <WtPageName location="Target:407:3">
                                 <content>yo:Gúúsù Sudan</content>
                                 <rtd null="true"/>
                              </WtPageName>
                           </target>
                           <title>
                              <WtLinkTitle-WtNoLinkTitle/>
                           </title>
                        </WtInternalLink>
                        <ptk:t>
</ptk:t>
                        <WtInternalLink>
                           <rtd>c3EAfgAjdXEAfgAnAAAAA3VxAH4AKQAAAAFxAH4BVnEAfgC6dXEAfgApAAAAAXEAfgFY</rtd>
                           <prefix/>
                           <postfix/>
                           <target>
                              <WtPageName location="Target:408:3">
                                 <content>zh:南蘇丹</content>
                                 <rtd null="true"/>
                              </WtPageName>
                           </target>
                           <title>
                              <WtLinkTitle-WtNoLinkTitle/>
                           </title>
                        </WtInternalLink>
                        <ptk:t>
</ptk:t>
                        <WtInternalLink>
                           <rtd>c3EAfgAjdXEAfgAnAAAAA3VxAH4AKQAAAAFxAH4BVnEAfgC6dXEAfgApAAAAAXEAfgFY</rtd>
                           <prefix/>
                           <postfix/>
                           <target>
                              <WtPageName location="Target:409:3">
                                 <content>zh-min-nan:Lâm Sudan</content>
                                 <rtd null="true"/>
                              </WtPageName>
                           </target>
                           <title>
                              <WtLinkTitle-WtNoLinkTitle/>
                           </title>
                        </WtInternalLink>
                        <ptk:t>
</ptk:t>
                        <WtInternalLink>
                           <rtd>c3EAfgAjdXEAfgAnAAAAA3VxAH4AKQAAAAFxAH4BVnEAfgC6dXEAfgApAAAAAXEAfgFY</rtd>
                           <prefix/>
                           <postfix/>
                           <target>
                              <WtPageName location="Target:410:3">
                                 <content>zh-yue:南蘇丹</content>
                                 <rtd null="true"/>
                              </WtPageName>
                           </target>
                           <title>
                              <WtLinkTitle-WtNoLinkTitle/>
                           </title>
                        </WtInternalLink>
                        <ptk:t>
</ptk:t>
                        <WtInternalLink>
                           <rtd>c3EAfgAjdXEAfgAnAAAAA3VxAH4AKQAAAAFxAH4BVnEAfgC6dXEAfgApAAAAAXEAfgFY</rtd>
                           <prefix/>
                           <postfix/>
                           <target>
                              <WtPageName location="Target:411:3">
                                 <content>zu:ISudan yaseNingizimu</content>
                                 <rtd null="true"/>
                              </WtPageName>
                           </target>
                           <title>
                              <WtLinkTitle-WtNoLinkTitle/>
                           </title>
                        </WtInternalLink>
                     </ptk:l>
                  </ptk:l>
               </body>
            </WtSection>
         </ptk:l>
      </page>
   </EngCompiledPage>
</ptk:ast>

          جمهورية جنوب السودان
        
         
               Flag of South Sudan
               Emblem of South Sudan
             
               
               
             
         
        الشعار:"Justice, Liberty, Prosperity"
        
          النشيد:"South Sudan Oyee!"
        
          مكان South Sudan   
          
        العاصمهJuba04°51′N 31°36′E / 4.85°N 31.6°E / 4.85; 31.6
                     
          لغه  رسميه
          انجليزى
        
               لغات محليهمعترف بيها
               عربى چوبى is lingua franca around Juba. Dinka 2–3 million; other major languages are Nuer, Zande, Bari, Shilluk
             
          مجموعات عرقيه
          Dinka, Nuer, Bari, Lotuko, Kuku, Zande, Mundari, Kakwa, Pojulu, Shilluk, Moru, Acholi, Madi, Lulubo, Lokoya, Toposa, Lango, Didinga, Murle, Anuak, Makaraka, Mundu, Jur, Kaliko, and others.
        
          اسم الأهل
          South Sudanese
          
        
          نوع الحكومه
          Federal presidential democratic republic
        
          -
          President
          Salva Kiir Mayardit
        
          -
          Vice-President
          Riek Machar
        
          Legislature
          Legislative Assembly
      Independence
                                      from Sudan
          -
          Comprehensive Peace Agreement
          January 6, 2005
        
          -
          Autonomy
          July 9, 2005
        
          -
          Independence from Sudan
          July 9, 2011
        
          Area
        
        
          -
          Total
           619745km2(45th)239285sqmi
        
السكان
        
             -
             estimate
             7,500,000–9,700,000 (2006, UNFPA) 11,000,000–13,000,000 (Southern Sudan claim, 2009)
           
               -
               2008census
               8,260,490 (disputed)(94th)
             
          Currency
          Sudanese pound (SDG) 
        
          Time zone
          East Africa Time (UTC+3)
        
          Calling code
          249
        


علم جنوب السودان

جنوب السودان هيا دولة مستقلة من ساعة اول دقيقة من 9 يوليو سنة 2011، إسمها الرسمى جمهورية جنوب السودان مساحتها ‏619‏ ألف كيلومتر مربع و عاصمتها جوبا و كانت قبل كده  منطقة فى السودان ، و بقت جنوب السودان دولة مستقلة يوم 9 يوليه  2011. و بقت دولة عضو فى الأمم المتحدة يوم 14 يوليه  2011.

جنوب السودان بتضم عشر ولايات. الحكومة السودانية وافقت انها تدّي الحكم الذاتي للمنطقة فى اتفاق السلام الشامل اللي اتعمل يوم 9 يناير 2005 فى نيفاشا ، كينيا ، مع الجيش الشعبي لتحرير السودان ، مؤقتا عشان يحطوا حد للحرب الاهلية السودانيه التانيه 1983 -- 2005. و عملو استفتا فى شهر يناير  2011 اذا كان جنوب السودان هتفضل ف السودان وللا هتبقى دولة مستقلة و كانت نتيجته إن أغلبية سكان جنوب السودان طلبو إنفصال  جنوب السودان من السودان. حدود جنوب السودان م الجنوب شرق اثيوبيا و كينيا و اوجندا و جمهورية الكونجو الديمقراطيه، وجمهورية افريقيا الوسطى من الغرب. و من الشَمَال حدودها مع السودان اللى كانت قبل كده  المنطقة العربية و الاسلامية اللي بتخضع لسيطره الحكومة المركزية.

جنوب السودان عاصمتها هيّ جوبا اللي فيها كل مكاتبها الادارية وفيها اكبر عدد من السكان. جنوب السودان فيها منطقة  مستنقعات واسعه إسمها  السدود اللى  بيشكلها النيل الأبيض ، و إسمها بحر الجبل.

الحرب الاهلية السودانيه كانت 'أطول حرب أهلية فى تاريخ أفريقيا. 

██شمال السودان
██دارفور
██الجبهة الشرقية(السودان), منطقة حروب يوليو 2006
██جنوب السودان
██حدودابييه
██جبال النوبة و ولاية النيل الازرق
ابييه, جبال النوبة, و النيل الازرق ح يعملو استفتا في 2011علشان يقررو اذا كانو ح ينضمو لجنوب السودان ولا لأ.

 خصايص 


الجنوب سودانيين في الغالب بيعتنقوا معتقدات محلية او المسيحية، بالذات الكنيسة الاسقفية للسودان والكنيسة الكاتوليكية الرومانية. جنوب السودان فيها مجموعات عرقية ولغات اكتر م الموجودة ف الشمال. وعشان مفيش تعداد سليم، وعشان فيه ناس بتتجوز اكتر من واحدة والاسر الكبيرة، فالتقديرات النسبية للجماعات العرقية حاجة صعبة. بس اللي معروف ان اكبر جماعة عرقية هي الدنكا، وبعدها النوير. وناس تانية نيليين اللي فيهم الشيرلوك وباري.


البترول والمعادن التانية موجودة في النوير ومدن النيل من الشمال اللي فيها تجمعات من النويريين.

بعد ما جون جارانج مات، جيش تحرير الشعب السوداني و قوات دفاع جنوب السودان اتغلبو على خلافاتهم و اندمجو مع بعض في يناير 2006 بعد ما عملو سوااعلان جوبا.نايب رئيس جنوب السودان الحالي د.ريك ماكر هو اللي اسس قوات دفاع جنوب السودان بس بعدين اتخلى عنهم في سنة 2002 و انضم تاني لجيش تحرير الشعب السوداني و ساب الجينيرال باولينو ماتب نهيال يبقى زعيم قوات دفاع جنوب السودان.بناء على اعلان جوبا، الجينيرال ماتيب بقى نايب القائد بتاع جيش تحرير الشعب السوداني و كمان اندمجت معاه قوات الدفاع في جيش التحرير و بكدا اتضاعف اجمالى عدد القوات من 30.000 وبقت 130.000 جندي.

 اللغة 

جنوب السودان فيها مجموعات قبلية و لغات اكتر بكتير من شمال السودان.لغة التعليم و الحكومة والبيزنيس هي الانجليزي، اللي بقت لغة رسمية لجنوب السودان سنة 1928، و اعترف بيها كلغة اساسية لجنوب السودان في اواخر التمانينات.اللغة العربية المتميزة في جنوب السودان(جوبا عربي)واللي اتكونت في القرن التسعتاشر بين احفاد العساكر السودانيين - وهي منحدرة اصلا من لغة قبيلة باري-بتستخدم على نطاق واسع ك لينجوا فرانكا في جنوب السودان.بس الانجليزي بيستعمل ك لينجوا فرانكا في في المناطق اللي بتستخدمش اللغة العربية بتاعة جوبا(جوبا عربي). بالضافة لكل دا، في لغتين افريقيتين بيستعملو بشكل كبير و هما تهونجشانج (30,000 واحد بيتكلموها) و تهوك ناعت(1,400,000 واحد بيتكلوها).لغة النوير بستعمل في ولاية الوحدة(يونيتي) وولاية جونجلاي وولاية اعالي النيل.
 الحكومه 
برغم إن فيه الدستور الوطنى المؤقت لجمهورية السودان  ، لكن الدستور الانتقالى لجنوب السودان لسنة 2005 هو القانون الأساسى فى جنوب السودان.  و بينص الدستور على إن السلطة التنفيذية بيرأسها الرئيس اللى هو  رئيس الدولة و رئيس الحكومة و القائد العام للقوات المسلحة لجيش  تحرير الشعب لتحرير السودان . جون قرنق ، مؤسس الحركة الشعبية كان أول رئيس لحد وفاته يوم 30 يوليه 2005.
ش•ن•[ع]
 أفريقيا قائمة الدول


الجزاير• 
انجولا• 
بنين• 
بوتسوانا• 
بوركينا فاسو• 
بوروندى• 
الكاميرون• 
‏كيب ڤيردى• 
افريقيا الوسطى• 
تشاد• 
جزر القمر• 
جمهورية كونجو الديموقراطيه• 
الكونجو• 
كوت ديفوار• 
جيبوتى• 
مصر1• 
جينيا الاستوائيه• 
اريتريا• 
اثيوبيا• 
الجابون• 
جامبيا• 
جانا• 
غينيا• 
جينيا بيساو• 
كينيا• 
ليسوتو• 
ليبيريا• 
ليبيا• 
مدغشقر• 
مالاوى• 
مالى• 
موريتانيا• 
موريشيوس• 
المغرب• 
موزمبيق• 
ناميبيا• 
النيجر• 
نيجيريا• 
رواندا• 
ساو تومى و برينسيبى• 
السنغال• 
سيشيل• 
سيراليون• 
الصومال• 
جنوب افريقيا• 
جنوب السودان• 
السودان• 
سوازيلاند• 
تنزانيا• 
توجو• 
تونس• 
اوجاندا• 
زامبيا• 
زيمبابوى• 


200بكجمهوريات و اقاليم بتحكم نفسيها


جزر الكنارى/  ثيويتا/  ميلييا (اسبانيا)· 


This template name redirects to ·wrap which may be edited using [edit].
See also
:Category:Redirect templates:Category:Redirects from other templatesWikipedia:RedirectsWikipedia:Template messages/Redirect pagesTarget
جزر ماديرا (البرتغال)· 


This template name redirects to ·wrap which may be edited using [edit].
See also
:Category:Redirect templates:Category:Redirects from other templatesWikipedia:RedirectsWikipedia:Template messages/Redirect pagesTarget
جزيرة الموت/  ريونيون (فرنسا)· 


This template name redirects to ·wrap which may be edited using [edit].
See also
:Category:Redirect templates:Category:Redirects from other templatesWikipedia:RedirectsWikipedia:Template messages/Redirect pagesTarget
أرض البنط· 


This template name redirects to ·wrap which may be edited using [edit].
See also
:Category:Redirect templates:Category:Redirects from other templatesWikipedia:RedirectsWikipedia:Template messages/Redirect pagesTarget
سانت هيلينا (المملكه المتحده)· 


This template name redirects to ·wrap which may be edited using [edit].
See also
:Category:Redirect templates:Category:Redirects from other templatesWikipedia:RedirectsWikipedia:Template messages/Redirect pagesTarget
سقطرى (اليمن)· 


This template name redirects to ·wrap which may be edited using [edit].
See also
:Category:Redirect templates:Category:Redirects from other templatesWikipedia:RedirectsWikipedia:Template messages/Redirect pagesTarget
أرض الصومال· 


This template name redirects to ·wrap which may be edited using [edit].
See also
:Category:Redirect templates:Category:Redirects from other templatesWikipedia:RedirectsWikipedia:Template messages/Redirect pagesTarget
الصحراء الغربية· 


This template name redirects to ·wrap which may be edited using [edit].
See also
:Category:Redirect templates:Category:Redirects from other templatesWikipedia:RedirectsWikipedia:Template messages/Redirect pagesTarget
زنجبار (تنزانيا)


خط مايل يشير ل دول ليها الاعتراف المحدود. 1 دول تمتد أراضيها على أكتر من قارة.

 مصادر 



جنوب السودان
تصنيف:جنوب السودان














































































































































 
