Can't resolve ref as tag extension.
Can't resolve ref as tag extension.
Can't resolve ref as tag extension.
Can't resolve ref as tag extension.
Can't resolve ref as tag extension.
Can't resolve ref as tag extension.
Can't resolve ref as tag extension.
Can't resolve ref as tag extension.
Can't resolve references as tag extension.
<?xml version="1.0" encoding="UTF-8"?>
<ptk:ast xmlns:ptk="http://sweble.org/doc/site/tooling/parser-toolkit/ptk-xml-tools"
         xmlns:swc="http://sweble.org/doc/site/tooling/sweble/sweble-wikitext">
   <swc:EngCompiledPage>
      <swc:log>rO0ABXNyAC9vcmcuc3dlYmxlLndpa2l0ZXh0LmVuZ2luZS5sb2dub2Rlcy5Db21waWxlckxvZwAAAAAAAAABAgACTAAIcmV2aXNpb250ABBMamF2YS9sYW5nL0xvbmc7TAAFdGl0bGV0ABJMamF2YS9sYW5nL1N0cmluZzt4cgAwb3JnLnN3ZWJsZS53aWtpdGV4dC5lbmdpbmUubG9nbm9kZXMuTG9nQ29udGFpbmVy7Q4ee8hpQHgCAAB4cgAsZGUuZmF1LmNzLm9zci5wdGsuY29tbW9uLmFzdC5Bc3ROb2RlTGlzdEltcGzKfs7OEEjHJgIAAUwACGNoaWxkcmVudAAWTGphdmEvdXRpbC9MaW5rZWRMaXN0O3hyADFkZS5mYXUuY3Mub3NyLnB0ay5jb21tb24uYXN0LkFzdEFic3RyYWN0SW5uZXJOb2RlNo6MRAYzeeQCAAB4cgAoZGUuZmF1LmNzLm9zci5wdGsuY29tbW9uLmFzdC5Bc3ROb2RlSW1wbC5DFf5pXbpSAgACTAAKYXR0cmlidXRlc3QAE0xqYXZhL3V0aWwvSGFzaE1hcDtMAAhsb2NhdGlvbnQAKkxkZS9mYXUvY3Mvb3NyL3B0ay9jb21tb24vYXN0L0FzdExvY2F0aW9uO3hwcHBzcgAUamF2YS51dGlsLkxpbmtlZExpc3QMKVNdSmCIIgMAAHhwdwQAAAAAeHNyAA5qYXZhLmxhbmcuTG9uZzuL5JDMjyPfAgABSgAFdmFsdWV4cgAQamF2YS5sYW5nLk51bWJlcoaslR0LlOCLAgAAeHAAAAAAAAAAAHQABUlucHV0</swc:log>
      <swc:warnings>
         <swc:warning>Warning: Input:4:938: &lt;no content&gt; : 12.2.5.4.7 - R52 (2) @ WtXmlEndTag.</swc:warning>
         <swc:warning>Warning: Input:130:190: &lt;no content&gt; : 12.2.5.4.7 - R30 (3) @ WtXmlEndTag.</swc:warning>
         <swc:warning>Warning: Input:151:269: &lt;no content&gt; : 12.2.5.4.7 - R20 (1) @ WtXmlEndTag.</swc:warning>
      </swc:warnings>
      <swc:entityMap ptk:null="true"/>
      <swc:page>
         <swc:EngPage>
            <swc:rtd ptk:null="true"/>
            <swc:WtParagraph>
               <swc:rtd ptk:null="true"/>
               <swc:WtXmlElement>
                  <swc:rtd>c3IAI29yZy5zd2VibGUud2lraXRleHQucGFyc2VyLld0UnREYXRhAAAAAAAAAAECAAB4cgAjZGUuZmF1LmNzLm9zci5wdGsuY29tbW9uLmFzdC5SdERhdGEAAAAAAAAAAQIAAVsABmZpZWxkc3QAFFtbTGphdmEvbGFuZy9PYmplY3Q7eHB1cgAUW1tMamF2YS5sYW5nLk9iamVjdDsYv/tT5GvbygIAAHhwAAAAA3VyABNbTGphdmEubGFuZy5PYmplY3Q7kM5YnxBzKWwCAAB4cAAAAAF0AAU8c3BhbnVxAH4AFwAAAAF0AAE+dXEAfgAXAAAAAXQABzwvc3Bhbj4=</swc:rtd>
                  <swc:name>span</swc:name>
                  <swc:xmlAttributes>
                     <swc:WtXmlAttributes-WtXmlAttributesImpl ptk:location="Input:1:6">
                        <swc:rtd ptk:null="true"/>
                        <swc:WtXmlAttribute ptk:location="Input:1:6">
                           <swc:rtd>c3EAfgARdXEAfgAVAAAAAnVxAH4AFwAAAAF0AAggc3R5bGU9InVxAH4AFwAAAAF0AAEi</swc:rtd>
                           <swc:name>style</swc:name>
                           <swc:value>
                              <swc:WtValue-WtValueImpl ptk:location="Input:1:14">
                                 <swc:rtd ptk:null="true"/>
                                 <ptk:t ptk:location="Input:1:14">float:left;font-size: small;</ptk:t>
                              </swc:WtValue-WtValueImpl>
                           </swc:value>
                        </swc:WtXmlAttribute>
                     </swc:WtXmlAttributes-WtXmlAttributesImpl>
                  </swc:xmlAttributes>
                  <swc:body>
                     <swc:WtBody-WtBodyImpl>
                        <swc:rtd ptk:null="true"/>
                        <swc:WtXmlElement>
                           <swc:rtd>c3EAfgARdXEAfgAVAAAAA3VxAH4AFwAAAAF0AAU8c3BhbnVxAH4AFwAAAAF0AAE+dXEAfgAXAAAAAXQABzwvc3Bhbj4=</swc:rtd>
                           <swc:name>span</swc:name>
                           <swc:xmlAttributes>
                              <swc:WtXmlAttributes-WtXmlAttributesImpl ptk:location="Input:1:49">
                                 <swc:rtd ptk:null="true"/>
                                 <swc:WtXmlAttribute ptk:location="Input:1:49">
                                    <swc:rtd>c3EAfgARdXEAfgAVAAAAAnVxAH4AFwAAAAF0AAUgaWQ9InVxAH4AFwAAAAF0AAEi</swc:rtd>
                                    <swc:name>id</swc:name>
                                    <swc:value>
                                       <swc:WtValue-WtValueImpl ptk:location="Input:1:54">
                                          <swc:rtd ptk:null="true"/>
                                          <ptk:t ptk:location="Input:1:54">coordinates</ptk:t>
                                       </swc:WtValue-WtValueImpl>
                                    </swc:value>
                                 </swc:WtXmlAttribute>
                              </swc:WtXmlAttributes-WtXmlAttributesImpl>
                           </swc:xmlAttributes>
                           <swc:body>
                              <swc:WtBody-WtBodyImpl>
                                 <swc:rtd ptk:null="true"/>
                                 <swc:WtInternalLink>
                                    <swc:rtd>c3EAfgARdXEAfgAVAAAAA3VxAH4AFwAAAAF0AAJbW3VxAH4AFwAAAAB1cQB+ABcAAAABdAACXV0=</swc:rtd>
                                    <swc:prefix/>
                                    <swc:postfix/>
                                    <swc:target>
                                       <swc:WtPageName ptk:location="Input:1:69">
                                          <swc:content>نظام تحديد المكان الجغرافى</swc:content>
                                          <swc:rtd ptk:null="true"/>
                                       </swc:WtPageName>
                                    </swc:target>
                                    <swc:title>
                                       <swc:WtLinkTitle-WtLinkTitleImpl>
                                          <swc:rtd>c3EAfgARdXEAfgAVAAAAAnVxAH4AFwAAAAF0AAF8cQB+ADY=</swc:rtd>
                                          <ptk:t ptk:location="Input:1:96">تحديد المكان</ptk:t>
                                       </swc:WtLinkTitle-WtLinkTitleImpl>
                                    </swc:title>
                                 </swc:WtInternalLink>
                                 <ptk:t ptk:location="Input:1:110">: </ptk:t>
                                 <swc:WtXmlElement>
                                    <swc:rtd>c3EAfgARdXEAfgAVAAAAA3VxAH4AFwAAAAF0AAU8c3BhbnVxAH4AFwAAAAF0AAE+dXEAfgAXAAAAAXQABzwvc3Bhbj4=</swc:rtd>
                                    <swc:name>span</swc:name>
                                    <swc:xmlAttributes>
                                       <swc:WtXmlAttributes-WtXmlAttributesImpl ptk:location="Input:1:117">
                                          <swc:rtd ptk:null="true"/>
                                          <swc:WtXmlAttribute ptk:location="Input:1:117">
                                             <swc:rtd>c3EAfgARdXEAfgAVAAAAAnVxAH4AFwAAAAF0AAggY2xhc3M9InVxAH4AFwAAAAF0AAEi</swc:rtd>
                                             <swc:name>class</swc:name>
                                             <swc:value>
                                                <swc:WtValue-WtValueImpl ptk:location="Input:1:125">
                                                   <swc:rtd ptk:null="true"/>
                                                   <ptk:t ptk:location="Input:1:125">plainlinks nourlexpansion</ptk:t>
                                                </swc:WtValue-WtValueImpl>
                                             </swc:value>
                                          </swc:WtXmlAttribute>
                                       </swc:WtXmlAttributes-WtXmlAttributesImpl>
                                    </swc:xmlAttributes>
                                    <swc:body>
                                       <swc:WtBody-WtBodyImpl>
                                          <swc:rtd ptk:null="true"/>
                                          <swc:WtExternalLink>
                                             <swc:rtd>c3EAfgARdXEAfgAVAAAAA3VxAH4AFwAAAAF0AAFbdXEAfgAXAAAAAXQAASB1cQB+ABcAAAABdAABXQ==</swc:rtd>
                                             <swc:target>
                                                <swc:WtUrl ptk:location="Input:1:153">
                                                   <swc:rtd>c3EAfgARdXEAfgAVAAAAAXVxAH4AFwAAAAF0AG5odHRwOi8vdG9vbHNlcnZlci5vcmcvfmdlb2hhY2svZ2VvaGFjay5waHA/cGFnZW5hbWU9SW5wdXQmcGFyYW1zPThfTl8xMF9FX3JlZ2lvbjpOSV90eXBlOmNvdW50cnlfc291cmNlOmRld2lraQ==</swc:rtd>
                                                   <swc:protocol>http</swc:protocol>
                                                   <swc:path>//toolserver.org/~geohack/geohack.php?pagename=Input&amp;params=8_N_10_E_region:NI_type:country_source:dewiki</swc:path>
                                                </swc:WtUrl>
                                             </swc:target>
                                             <swc:title>
                                                <swc:WtLinkTitle-WtLinkTitleImpl>
                                                   <swc:rtd ptk:null="true"/>
                                                   <swc:WtXmlElement>
                                                      <swc:rtd>c3EAfgARdXEAfgAVAAAAA3VxAH4AFwAAAAF0AAU8c3BhbnVxAH4AFwAAAAF0AAE+dXEAfgAXAAAAAXQABzwvc3Bhbj4=</swc:rtd>
                                                      <swc:name>span</swc:name>
                                                      <swc:xmlAttributes>
                                                         <swc:WtXmlAttributes-WtXmlAttributesImpl ptk:location="Input:1:269">
                                                            <swc:rtd ptk:null="true"/>
                                                            <swc:WtXmlAttribute ptk:location="Input:1:269">
                                                               <swc:rtd>c3EAfgARdXEAfgAVAAAAAnVxAH4AFwAAAAF0AAggY2xhc3M9InVxAH4AFwAAAAF0AAEi</swc:rtd>
                                                               <swc:name>class</swc:name>
                                                               <swc:value>
                                                                  <swc:WtValue-WtValueImpl ptk:location="Input:1:277">
                                                                     <swc:rtd ptk:null="true"/>
                                                                     <ptk:t ptk:location="Input:1:277">geo-default</ptk:t>
                                                                  </swc:WtValue-WtValueImpl>
                                                               </swc:value>
                                                            </swc:WtXmlAttribute>
                                                         </swc:WtXmlAttributes-WtXmlAttributesImpl>
                                                      </swc:xmlAttributes>
                                                      <swc:body>
                                                         <swc:WtBody-WtBodyImpl>
                                                            <swc:rtd ptk:null="true"/>
                                                            <swc:WtXmlElement>
                                                               <swc:rtd>c3EAfgARdXEAfgAVAAAAA3VxAH4AFwAAAAF0AAU8c3BhbnVxAH4AFwAAAAF0AAE+dXEAfgAXAAAAAXQABzwvc3Bhbj4=</swc:rtd>
                                                               <swc:name>span</swc:name>
                                                               <swc:xmlAttributes>
                                                                  <swc:WtXmlAttributes-WtXmlAttributesImpl ptk:location="Input:1:295">
                                                                     <swc:rtd ptk:null="true"/>
                                                                     <swc:WtXmlAttribute ptk:location="Input:1:295">
                                                                        <swc:rtd>c3EAfgARdXEAfgAVAAAAAnVxAH4AFwAAAAF0AAggY2xhc3M9InVxAH4AFwAAAAF0AAEi</swc:rtd>
                                                                        <swc:name>class</swc:name>
                                                                        <swc:value>
                                                                           <swc:WtValue-WtValueImpl ptk:location="Input:1:303">
                                                                              <swc:rtd ptk:null="true"/>
                                                                              <ptk:t ptk:location="Input:1:303">geo-dms</ptk:t>
                                                                           </swc:WtValue-WtValueImpl>
                                                                        </swc:value>
                                                                     </swc:WtXmlAttribute>
                                                                     <swc:WtXmlAttribute ptk:location="Input:1:311">
                                                                        <swc:rtd>c3EAfgARdXEAfgAVAAAAAnVxAH4AFwAAAAF0AAggdGl0bGU9InVxAH4AFwAAAAF0AAEi</swc:rtd>
                                                                        <swc:name>title</swc:name>
                                                                        <swc:value>
                                                                           <swc:WtValue-WtValueImpl ptk:location="Input:1:319">
                                                                              <swc:rtd ptk:null="true"/>
                                                                              <ptk:t ptk:location="Input:1:319">Maps, aerial photos, and other data for this location</ptk:t>
                                                                           </swc:WtValue-WtValueImpl>
                                                                        </swc:value>
                                                                     </swc:WtXmlAttribute>
                                                                  </swc:WtXmlAttributes-WtXmlAttributesImpl>
                                                               </swc:xmlAttributes>
                                                               <swc:body>
                                                                  <swc:WtBody-WtBodyImpl>
                                                                     <swc:rtd ptk:null="true"/>
                                                                     <swc:WtXmlElement>
                                                                        <swc:rtd>c3EAfgARdXEAfgAVAAAAA3VxAH4AFwAAAAF0AAU8c3BhbnVxAH4AFwAAAAF0AAE+dXEAfgAXAAAAAXQABzwvc3Bhbj4=</swc:rtd>
                                                                        <swc:name>span</swc:name>
                                                                        <swc:xmlAttributes>
                                                                           <swc:WtXmlAttributes-WtXmlAttributesImpl ptk:location="Input:1:379">
                                                                              <swc:rtd ptk:null="true"/>
                                                                              <swc:WtXmlAttribute ptk:location="Input:1:379">
                                                                                 <swc:rtd>c3EAfgARdXEAfgAVAAAAAnVxAH4AFwAAAAF0AAggY2xhc3M9InVxAH4AFwAAAAF0AAEi</swc:rtd>
                                                                                 <swc:name>class</swc:name>
                                                                                 <swc:value>
                                                                                    <swc:WtValue-WtValueImpl ptk:location="Input:1:387">
                                                                                       <swc:rtd ptk:null="true"/>
                                                                                       <ptk:t ptk:location="Input:1:387">latitude</ptk:t>
                                                                                    </swc:WtValue-WtValueImpl>
                                                                                 </swc:value>
                                                                              </swc:WtXmlAttribute>
                                                                           </swc:WtXmlAttributes-WtXmlAttributesImpl>
                                                                        </swc:xmlAttributes>
                                                                        <swc:body>
                                                                           <swc:WtBody-WtBodyImpl>
                                                                              <swc:rtd ptk:null="true"/>
                                                                              <ptk:t ptk:location="Input:1:397">8°N</ptk:t>
                                                                           </swc:WtBody-WtBodyImpl>
                                                                        </swc:body>
                                                                     </swc:WtXmlElement>
                                                                     <ptk:t ptk:location="Input:1:407"> </ptk:t>
                                                                     <swc:WtXmlElement>
                                                                        <swc:rtd>c3EAfgARdXEAfgAVAAAAA3VxAH4AFwAAAAF0AAU8c3BhbnVxAH4AFwAAAAF0AAE+dXEAfgAXAAAAAXQABzwvc3Bhbj4=</swc:rtd>
                                                                        <swc:name>span</swc:name>
                                                                        <swc:xmlAttributes>
                                                                           <swc:WtXmlAttributes-WtXmlAttributesImpl ptk:location="Input:1:413">
                                                                              <swc:rtd ptk:null="true"/>
                                                                              <swc:WtXmlAttribute ptk:location="Input:1:413">
                                                                                 <swc:rtd>c3EAfgARdXEAfgAVAAAAAnVxAH4AFwAAAAF0AAggY2xhc3M9InVxAH4AFwAAAAF0AAEi</swc:rtd>
                                                                                 <swc:name>class</swc:name>
                                                                                 <swc:value>
                                                                                    <swc:WtValue-WtValueImpl ptk:location="Input:1:421">
                                                                                       <swc:rtd ptk:null="true"/>
                                                                                       <ptk:t ptk:location="Input:1:421">longitude</ptk:t>
                                                                                    </swc:WtValue-WtValueImpl>
                                                                                 </swc:value>
                                                                              </swc:WtXmlAttribute>
                                                                           </swc:WtXmlAttributes-WtXmlAttributesImpl>
                                                                        </swc:xmlAttributes>
                                                                        <swc:body>
                                                                           <swc:WtBody-WtBodyImpl>
                                                                              <swc:rtd ptk:null="true"/>
                                                                              <ptk:t ptk:location="Input:1:432">10°E</ptk:t>
                                                                           </swc:WtBody-WtBodyImpl>
                                                                        </swc:body>
                                                                     </swc:WtXmlElement>
                                                                  </swc:WtBody-WtBodyImpl>
                                                               </swc:body>
                                                            </swc:WtXmlElement>
                                                         </swc:WtBody-WtBodyImpl>
                                                      </swc:body>
                                                   </swc:WtXmlElement>
                                                   <swc:WtXmlElement>
                                                      <swc:rtd>c3EAfgARdXEAfgAVAAAAA3VxAH4AFwAAAAF0AAU8c3BhbnVxAH4AFwAAAAF0AAE+dXEAfgAXAAAAAXQABzwvc3Bhbj4=</swc:rtd>
                                                      <swc:name>span</swc:name>
                                                      <swc:xmlAttributes>
                                                         <swc:WtXmlAttributes-WtXmlAttributesImpl ptk:location="Input:1:462">
                                                            <swc:rtd ptk:null="true"/>
                                                            <swc:WtXmlAttribute ptk:location="Input:1:462">
                                                               <swc:rtd>c3EAfgARdXEAfgAVAAAAAnVxAH4AFwAAAAF0AAggY2xhc3M9InVxAH4AFwAAAAF0AAEi</swc:rtd>
                                                               <swc:name>class</swc:name>
                                                               <swc:value>
                                                                  <swc:WtValue-WtValueImpl ptk:location="Input:1:470">
                                                                     <swc:rtd ptk:null="true"/>
                                                                     <ptk:t ptk:location="Input:1:470">geo-multi-punct</ptk:t>
                                                                  </swc:WtValue-WtValueImpl>
                                                               </swc:value>
                                                            </swc:WtXmlAttribute>
                                                         </swc:WtXmlAttributes-WtXmlAttributesImpl>
                                                      </swc:xmlAttributes>
                                                      <swc:body>
                                                         <swc:WtBody-WtBodyImpl>
                                                            <swc:rtd ptk:null="true"/>
                                                            <swc:WtXmlCharRef ptk:location="Input:1:489">
                                                               <swc:rtd>c3EAfgARdXEAfgAVAAAAAXVxAH4AFwAAAAF0AAgmI3hmZWZmOw==</swc:rtd>
                                                               <swc:codePoint>65279</swc:codePoint>
                                                            </swc:WtXmlCharRef>
                                                            <ptk:t ptk:location="Input:1:495"> / </ptk:t>
                                                            <swc:WtXmlCharRef ptk:location="Input:1:500">
                                                               <swc:rtd>c3EAfgARdXEAfgAVAAAAAXVxAH4AFwAAAAF0AAgmI3hmZWZmOw==</swc:rtd>
                                                               <swc:codePoint>65279</swc:codePoint>
                                                            </swc:WtXmlCharRef>
                                                         </swc:WtBody-WtBodyImpl>
                                                      </swc:body>
                                                   </swc:WtXmlElement>
                                                   <swc:WtXmlElement>
                                                      <swc:rtd>c3EAfgARdXEAfgAVAAAAA3VxAH4AFwAAAAF0AAU8c3BhbnVxAH4AFwAAAAF0AAE+dXEAfgAXAAAAAXQABzwvc3Bhbj4=</swc:rtd>
                                                      <swc:name>span</swc:name>
                                                      <swc:xmlAttributes>
                                                         <swc:WtXmlAttributes-WtXmlAttributesImpl ptk:location="Input:1:518">
                                                            <swc:rtd ptk:null="true"/>
                                                            <swc:WtXmlAttribute ptk:location="Input:1:518">
                                                               <swc:rtd>c3EAfgARdXEAfgAVAAAAAnVxAH4AFwAAAAF0AAggY2xhc3M9InVxAH4AFwAAAAF0AAEi</swc:rtd>
                                                               <swc:name>class</swc:name>
                                                               <swc:value>
                                                                  <swc:WtValue-WtValueImpl ptk:location="Input:1:526">
                                                                     <swc:rtd ptk:null="true"/>
                                                                     <ptk:t ptk:location="Input:1:526">geo-nondefault</ptk:t>
                                                                  </swc:WtValue-WtValueImpl>
                                                               </swc:value>
                                                            </swc:WtXmlAttribute>
                                                         </swc:WtXmlAttributes-WtXmlAttributesImpl>
                                                      </swc:xmlAttributes>
                                                      <swc:body>
                                                         <swc:WtBody-WtBodyImpl>
                                                            <swc:rtd ptk:null="true"/>
                                                            <swc:WtXmlElement>
                                                               <swc:rtd>c3EAfgARdXEAfgAVAAAAA3VxAH4AFwAAAAF0AAU8c3BhbnVxAH4AFwAAAAF0AAE+dXEAfgAXAAAAAXQABzwvc3Bhbj4=</swc:rtd>
                                                               <swc:name>span</swc:name>
                                                               <swc:xmlAttributes>
                                                                  <swc:WtXmlAttributes-WtXmlAttributesImpl ptk:location="Input:1:547">
                                                                     <swc:rtd ptk:null="true"/>
                                                                     <swc:WtXmlAttribute ptk:location="Input:1:547">
                                                                        <swc:rtd>c3EAfgARdXEAfgAVAAAAAnVxAH4AFwAAAAF0AAggY2xhc3M9InVxAH4AFwAAAAF0AAEi</swc:rtd>
                                                                        <swc:name>class</swc:name>
                                                                        <swc:value>
                                                                           <swc:WtValue-WtValueImpl ptk:location="Input:1:555">
                                                                              <swc:rtd ptk:null="true"/>
                                                                              <ptk:t ptk:location="Input:1:555">geo-dec</ptk:t>
                                                                           </swc:WtValue-WtValueImpl>
                                                                        </swc:value>
                                                                     </swc:WtXmlAttribute>
                                                                     <swc:WtXmlAttribute ptk:location="Input:1:563">
                                                                        <swc:rtd>c3EAfgARdXEAfgAVAAAAAnVxAH4AFwAAAAF0AAggdGl0bGU9InVxAH4AFwAAAAF0AAEi</swc:rtd>
                                                                        <swc:name>title</swc:name>
                                                                        <swc:value>
                                                                           <swc:WtValue-WtValueImpl ptk:location="Input:1:571">
                                                                              <swc:rtd ptk:null="true"/>
                                                                              <ptk:t ptk:location="Input:1:571">Maps, aerial photos, and other data for this location</ptk:t>
                                                                           </swc:WtValue-WtValueImpl>
                                                                        </swc:value>
                                                                     </swc:WtXmlAttribute>
                                                                  </swc:WtXmlAttributes-WtXmlAttributesImpl>
                                                               </swc:xmlAttributes>
                                                               <swc:body>
                                                                  <swc:WtBody-WtBodyImpl>
                                                                     <swc:rtd ptk:null="true"/>
                                                                     <ptk:t ptk:location="Input:1:626">8°N 10°E</ptk:t>
                                                                  </swc:WtBody-WtBodyImpl>
                                                               </swc:body>
                                                            </swc:WtXmlElement>
                                                            <swc:WtXmlElement>
                                                               <swc:rtd>c3EAfgARdXEAfgAVAAAAA3VxAH4AFwAAAAF0AAU8c3BhbnVxAH4AFwAAAAF0AAE+dXEAfgAXAAAAAXQABzwvc3Bhbj4=</swc:rtd>
                                                               <swc:name>span</swc:name>
                                                               <swc:xmlAttributes>
                                                                  <swc:WtXmlAttributes-WtXmlAttributesImpl ptk:location="Input:1:646">
                                                                     <swc:rtd ptk:null="true"/>
                                                                     <swc:WtXmlAttribute ptk:location="Input:1:646">
                                                                        <swc:rtd>c3EAfgARdXEAfgAVAAAAAnVxAH4AFwAAAAF0AAggc3R5bGU9InVxAH4AFwAAAAF0AAEi</swc:rtd>
                                                                        <swc:name>style</swc:name>
                                                                        <swc:value>
                                                                           <swc:WtValue-WtValueImpl ptk:location="Input:1:654">
                                                                              <swc:rtd ptk:null="true"/>
                                                                              <ptk:t ptk:location="Input:1:654">display:none</ptk:t>
                                                                           </swc:WtValue-WtValueImpl>
                                                                        </swc:value>
                                                                     </swc:WtXmlAttribute>
                                                                  </swc:WtXmlAttributes-WtXmlAttributesImpl>
                                                               </swc:xmlAttributes>
                                                               <swc:body>
                                                                  <swc:WtBody-WtBodyImpl>
                                                                     <swc:rtd ptk:null="true"/>
                                                                     <swc:WtXmlCharRef ptk:location="Input:1:670">
                                                                        <swc:rtd>c3EAfgARdXEAfgAVAAAAAXVxAH4AFwAAAAF0AAgmI3hmZWZmOw==</swc:rtd>
                                                                        <swc:codePoint>65279</swc:codePoint>
                                                                     </swc:WtXmlCharRef>
                                                                     <ptk:t ptk:location="Input:1:676"> / </ptk:t>
                                                                     <swc:WtXmlElement>
                                                                        <swc:rtd>c3EAfgARdXEAfgAVAAAAA3VxAH4AFwAAAAF0AAU8c3BhbnVxAH4AFwAAAAF0AAE+dXEAfgAXAAAAAXQABzwvc3Bhbj4=</swc:rtd>
                                                                        <swc:name>span</swc:name>
                                                                        <swc:xmlAttributes>
                                                                           <swc:WtXmlAttributes-WtXmlAttributesImpl ptk:location="Input:1:684">
                                                                              <swc:rtd ptk:null="true"/>
                                                                              <swc:WtXmlAttribute ptk:location="Input:1:684">
                                                                                 <swc:rtd>c3EAfgARdXEAfgAVAAAAAnVxAH4AFwAAAAF0AAggY2xhc3M9InVxAH4AFwAAAAF0AAEi</swc:rtd>
                                                                                 <swc:name>class</swc:name>
                                                                                 <swc:value>
                                                                                    <swc:WtValue-WtValueImpl ptk:location="Input:1:692">
                                                                                       <swc:rtd ptk:null="true"/>
                                                                                       <ptk:t ptk:location="Input:1:692">geo</ptk:t>
                                                                                    </swc:WtValue-WtValueImpl>
                                                                                 </swc:value>
                                                                              </swc:WtXmlAttribute>
                                                                           </swc:WtXmlAttributes-WtXmlAttributesImpl>
                                                                        </swc:xmlAttributes>
                                                                        <swc:body>
                                                                           <swc:WtBody-WtBodyImpl>
                                                                              <swc:rtd ptk:null="true"/>
                                                                              <ptk:t ptk:location="Input:1:697">8; 10</ptk:t>
                                                                           </swc:WtBody-WtBodyImpl>
                                                                        </swc:body>
                                                                     </swc:WtXmlElement>
                                                                  </swc:WtBody-WtBodyImpl>
                                                               </swc:body>
                                                            </swc:WtXmlElement>
                                                         </swc:WtBody-WtBodyImpl>
                                                      </swc:body>
                                                   </swc:WtXmlElement>
                                                </swc:WtLinkTitle-WtLinkTitleImpl>
                                             </swc:title>
                                          </swc:WtExternalLink>
                                       </swc:WtBody-WtBodyImpl>
                                    </swc:body>
                                 </swc:WtXmlElement>
                              </swc:WtBody-WtBodyImpl>
                           </swc:body>
                        </swc:WtXmlElement>
                     </swc:WtBody-WtBodyImpl>
                  </swc:body>
               </swc:WtXmlElement>
               <ptk:t>
</ptk:t>
            </swc:WtParagraph>
            <swc:WtXmlElement>
               <swc:rtd>c3EAfgARdXEAfgAVAAAAA3VxAH4AFwAAAAF0AAY8dGFibGV1cQB+ABcAAAABdAABPnEAfgA2</swc:rtd>
               <swc:name>table</swc:name>
               <swc:xmlAttributes>
                  <swc:WtXmlAttributes-WtXmlAttributesImpl ptk:location="Input:2:7">
                     <swc:rtd ptk:null="true"/>
                     <swc:WtXmlAttribute ptk:location="Input:2:7">
                        <swc:rtd>c3EAfgARdXEAfgAVAAAAAnVxAH4AFwAAAAF0AAggY2xhc3M9InVxAH4AFwAAAAF0AAEi</swc:rtd>
                        <swc:name>class</swc:name>
                        <swc:value>
                           <swc:WtValue-WtValueImpl ptk:location="Input:2:15">
                              <swc:rtd ptk:null="true"/>
                              <ptk:t ptk:location="Input:2:15">infobox geography vcard</ptk:t>
                           </swc:WtValue-WtValueImpl>
                        </swc:value>
                     </swc:WtXmlAttribute>
                     <swc:WtXmlAttribute ptk:location="Input:2:39">
                        <swc:rtd>c3EAfgARdXEAfgAVAAAAAnVxAH4AFwAAAAF0AAggc3R5bGU9InVxAH4AFwAAAAF0AAEi</swc:rtd>
                        <swc:name>style</swc:name>
                        <swc:value>
                           <swc:WtValue-WtValueImpl ptk:location="Input:2:47">
                              <swc:rtd ptk:null="true"/>
                              <ptk:t ptk:location="Input:2:47">float:left; width: 20em; margin-left:-0.8em; font-size: 80%</ptk:t>
                           </swc:WtValue-WtValueImpl>
                        </swc:value>
                     </swc:WtXmlAttribute>
                  </swc:WtXmlAttributes-WtXmlAttributesImpl>
               </swc:xmlAttributes>
               <swc:body>
                  <swc:WtBody-WtBodyImpl>
                     <swc:rtd ptk:null="true"/>
                     <swc:WtTableImplicitTableBody>
                        <swc:rtd ptk:null="true"/>
                        <swc:body>
                           <swc:WtBody-WtBodyImpl>
                              <swc:rtd ptk:null="true"/>
                              <swc:WtXmlElement>
                                 <swc:rtd>c3EAfgARdXEAfgAVAAAAA3VxAH4AFwAAAAF0AAM8dHJ1cQB+ABcAAAABdAABPnEAfgA2</swc:rtd>
                                 <swc:name>tr</swc:name>
                                 <swc:xmlAttributes>
                                    <swc:WtXmlAttributes-WtXmlAttributesImpl ptk:location="Input:2:111">
                                       <swc:rtd ptk:null="true"/>
                                       <swc:WtXmlAttribute ptk:location="Input:2:111">
                                          <swc:rtd>c3EAfgARdXEAfgAVAAAAAnVxAH4AFwAAAAF0AAggY2xhc3M9InVxAH4AFwAAAAF0AAEi</swc:rtd>
                                          <swc:name>class</swc:name>
                                          <swc:value>
                                             <swc:WtValue-WtValueImpl ptk:location="Input:2:119">
                                                <swc:rtd ptk:null="true"/>
                                                <ptk:t ptk:location="Input:2:119">adr</ptk:t>
                                             </swc:WtValue-WtValueImpl>
                                          </swc:value>
                                       </swc:WtXmlAttribute>
                                    </swc:WtXmlAttributes-WtXmlAttributesImpl>
                                 </swc:xmlAttributes>
                                 <swc:body>
                                    <swc:WtBody-WtBodyImpl>
                                       <swc:rtd ptk:null="true"/>
                                       <ptk:t>
          </ptk:t>
                                       <swc:WtXmlElement>
                                          <swc:rtd>c3EAfgARdXEAfgAVAAAAA3VxAH4AFwAAAAF0AAM8dGh1cQB+ABcAAAABdAABPnEAfgA2</swc:rtd>
                                          <swc:name>th</swc:name>
                                          <swc:xmlAttributes>
                                             <swc:WtXmlAttributes-WtXmlAttributesImpl ptk:location="Input:3:14">
                                                <swc:rtd ptk:null="true"/>
                                                <swc:WtXmlAttribute ptk:location="Input:3:14">
                                                   <swc:rtd>c3EAfgARdXEAfgAVAAAAAnVxAH4AFwAAAAF0AAogY29sc3Bhbj0idXEAfgAXAAAAAXQAASI=</swc:rtd>
                                                   <swc:name>colspan</swc:name>
                                                   <swc:value>
                                                      <swc:WtValue-WtValueImpl ptk:location="Input:3:24">
                                                         <swc:rtd ptk:null="true"/>
                                                         <ptk:t ptk:location="Input:3:24">3</ptk:t>
                                                      </swc:WtValue-WtValueImpl>
                                                   </swc:value>
                                                </swc:WtXmlAttribute>
                                                <swc:WtXmlAttribute ptk:location="Input:3:26">
                                                   <swc:rtd>c3EAfgARdXEAfgAVAAAAAnVxAH4AFwAAAAF0AAggYWxpZ249InVxAH4AFwAAAAF0AAEi</swc:rtd>
                                                   <swc:name>align</swc:name>
                                                   <swc:value>
                                                      <swc:WtValue-WtValueImpl ptk:location="Input:3:34">
                                                         <swc:rtd ptk:null="true"/>
                                                         <ptk:t ptk:location="Input:3:34">center</ptk:t>
                                                      </swc:WtValue-WtValueImpl>
                                                   </swc:value>
                                                </swc:WtXmlAttribute>
                                                <swc:WtXmlAttribute ptk:location="Input:3:41">
                                                   <swc:rtd>c3EAfgARdXEAfgAVAAAAAnVxAH4AFwAAAAF0AAggY2xhc3M9InVxAH4AFwAAAAF0AAEi</swc:rtd>
                                                   <swc:name>class</swc:name>
                                                   <swc:value>
                                                      <swc:WtValue-WtValueImpl ptk:location="Input:3:49">
                                                         <swc:rtd ptk:null="true"/>
                                                         <ptk:t ptk:location="Input:3:49">mergedtoprow</ptk:t>
                                                      </swc:WtValue-WtValueImpl>
                                                   </swc:value>
                                                </swc:WtXmlAttribute>
                                                <swc:WtXmlAttribute ptk:location="Input:3:62">
                                                   <swc:rtd>c3EAfgARdXEAfgAVAAAAAnVxAH4AFwAAAAF0ABYKICAgICAgICAgICAgICBzdHlsZT0idXEAfgAXAAAAAXQAASI=</swc:rtd>
                                                   <swc:name>style</swc:name>
                                                   <swc:value>
                                                      <swc:WtValue-WtValueImpl ptk:location="Input:4:22">
                                                         <swc:rtd ptk:null="true"/>
                                                         <ptk:t ptk:location="Input:4:22">line-height:1.2em; padding:0.25em 0.33em 0.33em; font-size:1.25em;</ptk:t>
                                                      </swc:WtValue-WtValueImpl>
                                                   </swc:value>
                                                </swc:WtXmlAttribute>
                                             </swc:WtXmlAttributes-WtXmlAttributesImpl>
                                          </swc:xmlAttributes>
                                          <swc:body>
                                             <swc:WtBody-WtBodyImpl>
                                                <swc:rtd ptk:null="true"/>
                                                <swc:WtXmlElement>
                                                   <swc:rtd>c3EAfgARdXEAfgAVAAAAA3VxAH4AFwAAAAF0AAU8c3BhbnVxAH4AFwAAAAF0AAE+dXEAfgAXAAAAAXQABzwvc3Bhbj4=</swc:rtd>
                                                   <swc:name>span</swc:name>
                                                   <swc:xmlAttributes>
                                                      <swc:WtXmlAttributes-WtXmlAttributesImpl ptk:location="Input:4:95">
                                                         <swc:rtd ptk:null="true"/>
                                                         <swc:WtXmlAttribute ptk:location="Input:4:95">
                                                            <swc:rtd>c3EAfgARdXEAfgAVAAAAAnVxAH4AFwAAAAF0AAggY2xhc3M9InVxAH4AFwAAAAF0AAEi</swc:rtd>
                                                            <swc:name>class</swc:name>
                                                            <swc:value>
                                                               <swc:WtValue-WtValueImpl ptk:location="Input:4:103">
                                                                  <swc:rtd ptk:null="true"/>
                                                                  <ptk:t ptk:location="Input:4:103"> fn org country-name</ptk:t>
                                                               </swc:WtValue-WtValueImpl>
                                                            </swc:value>
                                                         </swc:WtXmlAttribute>
                                                      </swc:WtXmlAttributes-WtXmlAttributesImpl>
                                                   </swc:xmlAttributes>
                                                   <swc:body>
                                                      <swc:WtBody-WtBodyImpl>
                                                         <swc:rtd ptk:null="true"/>
                                                         <ptk:t ptk:location="Input:4:125">جمهورية نايچيريا الفيدراليه</ptk:t>
                                                      </swc:WtBody-WtBodyImpl>
                                                   </swc:body>
                                                </swc:WtXmlElement>
                                                <swc:WtXmlElement>
                                                   <swc:rtd>c3EAfgARdXEAfgAVAAAAA3VxAH4AFwAAAAF0AAQ8ZGl2dXEAfgAXAAAAAXQAAT51cQB+ABcAAAABdAAGPC9kaXY+</swc:rtd>
                                                   <swc:name>div</swc:name>
                                                   <swc:xmlAttributes>
                                                      <swc:WtXmlAttributes-WtXmlAttributesImpl ptk:location="Input:4:163">
                                                         <swc:rtd ptk:null="true"/>
                                                         <swc:WtXmlAttribute ptk:location="Input:4:163">
                                                            <swc:rtd>c3EAfgARdXEAfgAVAAAAAnVxAH4AFwAAAAF0AAggc3R5bGU9InVxAH4AFwAAAAF0AAEi</swc:rtd>
                                                            <swc:name>style</swc:name>
                                                            <swc:value>
                                                               <swc:WtValue-WtValueImpl ptk:location="Input:4:171">
                                                                  <swc:rtd ptk:null="true"/>
                                                                  <ptk:t ptk:location="Input:4:171">padding-top:0.25em;</ptk:t>
                                                               </swc:WtValue-WtValueImpl>
                                                            </swc:value>
                                                         </swc:WtXmlAttribute>
                                                      </swc:WtXmlAttributes-WtXmlAttributesImpl>
                                                   </swc:xmlAttributes>
                                                   <swc:body>
                                                      <swc:WtBody-WtBodyImpl>
                                                         <swc:rtd ptk:null="true"/>
                                                         <swc:WtXmlElement>
                                                            <swc:rtd>c3EAfgARdXEAfgAVAAAAA3VxAH4AFwAAAAF0AAM8YnJ1cQB+ABcAAAABdAADIC8+cQB+ADY=</swc:rtd>
                                                            <swc:name>br</swc:name>
                                                            <swc:xmlAttributes>
                                                               <swc:WtXmlAttributes-WtEmptyXmlAttributes/>
                                                            </swc:xmlAttributes>
                                                            <swc:body>
                                                               <swc:WtBody-WtNoBody/>
                                                            </swc:body>
                                                         </swc:WtXmlElement>
                                                         <swc:WtItalics>
                                                            <swc:rtd>c3EAfgARdXEAfgAVAAAAAnVxAH4AFwAAAAF0AAInJ3VxAH4AFwAAAAF0AAInJw==</swc:rtd>
                                                            <ptk:t ptk:location="Input:4:200">Jamhuriyar Tarayyar Najeriya</ptk:t>
                                                         </swc:WtItalics>
                                                         <swc:WtXmlElement>
                                                            <swc:rtd>c3EAfgARdXEAfgAVAAAAA3VxAH4AFwAAAAF0AAU8c3BhbnVxAH4AFwAAAAF0AAE+dXEAfgAXAAAAAXQABzwvc3Bhbj4=</swc:rtd>
                                                            <swc:name>span</swc:name>
                                                            <swc:xmlAttributes>
                                                               <swc:WtXmlAttributes-WtXmlAttributesImpl ptk:location="Input:4:235">
                                                                  <swc:rtd ptk:null="true"/>
                                                                  <swc:WtXmlAttribute ptk:location="Input:4:235">
                                                                     <swc:rtd>c3EAfgARdXEAfgAVAAAAAnVxAH4AFwAAAAF0AAggY2xhc3M9InVxAH4AFwAAAAF0AAEi</swc:rtd>
                                                                     <swc:name>class</swc:name>
                                                                     <swc:value>
                                                                        <swc:WtValue-WtValueImpl ptk:location="Input:4:243">
                                                                           <swc:rtd ptk:null="true"/>
                                                                           <ptk:t ptk:location="Input:4:243">languageicon</ptk:t>
                                                                        </swc:WtValue-WtValueImpl>
                                                                     </swc:value>
                                                                  </swc:WtXmlAttribute>
                                                                  <swc:WtXmlAttribute ptk:location="Input:4:256">
                                                                     <swc:rtd>c3EAfgARdXEAfgAVAAAAAnVxAH4AFwAAAAF0AAggc3R5bGU9InVxAH4AFwAAAAF0AAEi</swc:rtd>
                                                                     <swc:name>style</swc:name>
                                                                     <swc:value>
                                                                        <swc:WtValue-WtValueImpl ptk:location="Input:4:264">
                                                                           <swc:rtd ptk:null="true"/>
                                                                           <ptk:t ptk:location="Input:4:264">font-size:0.95em; font-weight:bold; color:#555;</ptk:t>
                                                                        </swc:WtValue-WtValueImpl>
                                                                     </swc:value>
                                                                  </swc:WtXmlAttribute>
                                                               </swc:WtXmlAttributes-WtXmlAttributesImpl>
                                                            </swc:xmlAttributes>
                                                            <swc:body>
                                                               <swc:WtBody-WtBodyImpl>
                                                                  <swc:rtd ptk:null="true"/>
                                                                  <ptk:t ptk:location="Input:4:313">(Hausa)</ptk:t>
                                                               </swc:WtBody-WtBodyImpl>
                                                            </swc:body>
                                                         </swc:WtXmlElement>
                                                         <swc:WtInternalLink>
                                                            <swc:rtd>c3EAfgARdXEAfgAVAAAAA3VxAH4AFwAAAAFxAH4ANXEAfgA2dXEAfgAXAAAAAXEAfgA4</swc:rtd>
                                                            <swc:prefix/>
                                                            <swc:postfix/>
                                                            <swc:target>
                                                               <swc:WtPageName ptk:location="Input:4:329">
                                                                  <swc:content>Category:Articles with Hausa language external links</swc:content>
                                                                  <swc:rtd ptk:null="true"/>
                                                               </swc:WtPageName>
                                                            </swc:target>
                                                            <swc:title>
                                                               <swc:WtLinkTitle-WtNoLinkTitle/>
                                                            </swc:title>
                                                         </swc:WtInternalLink>
                                                         <swc:WtInternalLink>
                                                            <swc:rtd>c3EAfgARdXEAfgAVAAAAA3VxAH4AFwAAAAFxAH4ANXEAfgA2dXEAfgAXAAAAAXEAfgA4</swc:rtd>
                                                            <swc:prefix/>
                                                            <swc:postfix/>
                                                            <swc:target>
                                                               <swc:WtPageName ptk:location="Input:4:385">
                                                                  <swc:content>Category:Articles with Hausa language external links</swc:content>
                                                                  <swc:rtd ptk:null="true"/>
                                                               </swc:WtPageName>
                                                            </swc:target>
                                                            <swc:title>
                                                               <swc:WtLinkTitle-WtNoLinkTitle/>
                                                            </swc:title>
                                                         </swc:WtInternalLink>
                                                         <ptk:t ptk:location="Input:4:439"> </ptk:t>
                                                         <swc:WtXmlElement>
                                                            <swc:rtd>c3EAfgARdXEAfgAVAAAAA3VxAH4AFwAAAAF0AAM8YnJ1cQB+ABcAAAABdAADIC8+cQB+ADY=</swc:rtd>
                                                            <swc:name>br</swc:name>
                                                            <swc:xmlAttributes>
                                                               <swc:WtXmlAttributes-WtEmptyXmlAttributes/>
                                                            </swc:xmlAttributes>
                                                            <swc:body>
                                                               <swc:WtBody-WtNoBody/>
                                                            </swc:body>
                                                         </swc:WtXmlElement>
                                                         <swc:WtItalics>
                                                            <swc:rtd>c3EAfgARdXEAfgAVAAAAAnVxAH4AFwAAAAF0AAInJ3VxAH4AFwAAAAF0AAInJw==</swc:rtd>
                                                            <ptk:t ptk:location="Input:4:448">Njíkötá Óchíchìiwù Naíjíríà</ptk:t>
                                                         </swc:WtItalics>
                                                         <swc:WtXmlElement>
                                                            <swc:rtd>c3EAfgARdXEAfgAVAAAAA3VxAH4AFwAAAAF0AAU8c3BhbnVxAH4AFwAAAAF0AAE+dXEAfgAXAAAAAXQABzwvc3Bhbj4=</swc:rtd>
                                                            <swc:name>span</swc:name>
                                                            <swc:xmlAttributes>
                                                               <swc:WtXmlAttributes-WtXmlAttributesImpl ptk:location="Input:4:482">
                                                                  <swc:rtd ptk:null="true"/>
                                                                  <swc:WtXmlAttribute ptk:location="Input:4:482">
                                                                     <swc:rtd>c3EAfgARdXEAfgAVAAAAAnVxAH4AFwAAAAF0AAggY2xhc3M9InVxAH4AFwAAAAF0AAEi</swc:rtd>
                                                                     <swc:name>class</swc:name>
                                                                     <swc:value>
                                                                        <swc:WtValue-WtValueImpl ptk:location="Input:4:490">
                                                                           <swc:rtd ptk:null="true"/>
                                                                           <ptk:t ptk:location="Input:4:490">languageicon</ptk:t>
                                                                        </swc:WtValue-WtValueImpl>
                                                                     </swc:value>
                                                                  </swc:WtXmlAttribute>
                                                                  <swc:WtXmlAttribute ptk:location="Input:4:503">
                                                                     <swc:rtd>c3EAfgARdXEAfgAVAAAAAnVxAH4AFwAAAAF0AAggc3R5bGU9InVxAH4AFwAAAAF0AAEi</swc:rtd>
                                                                     <swc:name>style</swc:name>
                                                                     <swc:value>
                                                                        <swc:WtValue-WtValueImpl ptk:location="Input:4:511">
                                                                           <swc:rtd ptk:null="true"/>
                                                                           <ptk:t ptk:location="Input:4:511">font-size:0.95em; font-weight:bold; color:#555;</ptk:t>
                                                                        </swc:WtValue-WtValueImpl>
                                                                     </swc:value>
                                                                  </swc:WtXmlAttribute>
                                                               </swc:WtXmlAttributes-WtXmlAttributesImpl>
                                                            </swc:xmlAttributes>
                                                            <swc:body>
                                                               <swc:WtBody-WtBodyImpl>
                                                                  <swc:rtd ptk:null="true"/>
                                                                  <ptk:t ptk:location="Input:4:560">(Igbo)</ptk:t>
                                                               </swc:WtBody-WtBodyImpl>
                                                            </swc:body>
                                                         </swc:WtXmlElement>
                                                         <swc:WtInternalLink>
                                                            <swc:rtd>c3EAfgARdXEAfgAVAAAAA3VxAH4AFwAAAAFxAH4ANXEAfgA2dXEAfgAXAAAAAXEAfgA4</swc:rtd>
                                                            <swc:prefix/>
                                                            <swc:postfix/>
                                                            <swc:target>
                                                               <swc:WtPageName ptk:location="Input:4:575">
                                                                  <swc:content>Category:Articles with Igbo language external links</swc:content>
                                                                  <swc:rtd ptk:null="true"/>
                                                               </swc:WtPageName>
                                                            </swc:target>
                                                            <swc:title>
                                                               <swc:WtLinkTitle-WtNoLinkTitle/>
                                                            </swc:title>
                                                         </swc:WtInternalLink>
                                                         <swc:WtInternalLink>
                                                            <swc:rtd>c3EAfgARdXEAfgAVAAAAA3VxAH4AFwAAAAFxAH4ANXEAfgA2dXEAfgAXAAAAAXEAfgA4</swc:rtd>
                                                            <swc:prefix/>
                                                            <swc:postfix/>
                                                            <swc:target>
                                                               <swc:WtPageName ptk:location="Input:4:630">
                                                                  <swc:content>Category:Articles with Igbo language external links</swc:content>
                                                                  <swc:rtd ptk:null="true"/>
                                                               </swc:WtPageName>
                                                            </swc:target>
                                                            <swc:title>
                                                               <swc:WtLinkTitle-WtNoLinkTitle/>
                                                            </swc:title>
                                                         </swc:WtInternalLink>
                                                         <swc:WtXmlElement>
                                                            <swc:rtd>c3EAfgARdXEAfgAVAAAAA3VxAH4AFwAAAAF0AAM8YnJ1cQB+ABcAAAABdAADIC8+cQB+ADY=</swc:rtd>
                                                            <swc:name>br</swc:name>
                                                            <swc:xmlAttributes>
                                                               <swc:WtXmlAttributes-WtEmptyXmlAttributes/>
                                                            </swc:xmlAttributes>
                                                            <swc:body>
                                                               <swc:WtBody-WtNoBody/>
                                                            </swc:body>
                                                         </swc:WtXmlElement>
                                                         <ptk:t ptk:location="Input:4:689"> </ptk:t>
                                                         <swc:WtItalics>
                                                            <swc:rtd>c3EAfgARdXEAfgAVAAAAAnVxAH4AFwAAAAF0AAInJ3VxAH4AFwAAAAF0AAInJw==</swc:rtd>
                                                            <ptk:t ptk:location="Input:4:692">Àpapọ̀ Olómìnira ilẹ̀ Nàìjíríà</ptk:t>
                                                         </swc:WtItalics>
                                                         <swc:WtXmlElement>
                                                            <swc:rtd>c3EAfgARdXEAfgAVAAAAA3VxAH4AFwAAAAF0AAU8c3BhbnVxAH4AFwAAAAF0AAE+dXEAfgAXAAAAAXQABzwvc3Bhbj4=</swc:rtd>
                                                            <swc:name>span</swc:name>
                                                            <swc:xmlAttributes>
                                                               <swc:WtXmlAttributes-WtXmlAttributesImpl ptk:location="Input:4:729">
                                                                  <swc:rtd ptk:null="true"/>
                                                                  <swc:WtXmlAttribute ptk:location="Input:4:729">
                                                                     <swc:rtd>c3EAfgARdXEAfgAVAAAAAnVxAH4AFwAAAAF0AAggY2xhc3M9InVxAH4AFwAAAAF0AAEi</swc:rtd>
                                                                     <swc:name>class</swc:name>
                                                                     <swc:value>
                                                                        <swc:WtValue-WtValueImpl ptk:location="Input:4:737">
                                                                           <swc:rtd ptk:null="true"/>
                                                                           <ptk:t ptk:location="Input:4:737">languageicon</ptk:t>
                                                                        </swc:WtValue-WtValueImpl>
                                                                     </swc:value>
                                                                  </swc:WtXmlAttribute>
                                                                  <swc:WtXmlAttribute ptk:location="Input:4:750">
                                                                     <swc:rtd>c3EAfgARdXEAfgAVAAAAAnVxAH4AFwAAAAF0AAggc3R5bGU9InVxAH4AFwAAAAF0AAEi</swc:rtd>
                                                                     <swc:name>style</swc:name>
                                                                     <swc:value>
                                                                        <swc:WtValue-WtValueImpl ptk:location="Input:4:758">
                                                                           <swc:rtd ptk:null="true"/>
                                                                           <ptk:t ptk:location="Input:4:758">font-size:0.95em; font-weight:bold; color:#555;</ptk:t>
                                                                        </swc:WtValue-WtValueImpl>
                                                                     </swc:value>
                                                                  </swc:WtXmlAttribute>
                                                               </swc:WtXmlAttributes-WtXmlAttributesImpl>
                                                            </swc:xmlAttributes>
                                                            <swc:body>
                                                               <swc:WtBody-WtBodyImpl>
                                                                  <swc:rtd ptk:null="true"/>
                                                                  <ptk:t ptk:location="Input:4:807">(Yoruba)</ptk:t>
                                                               </swc:WtBody-WtBodyImpl>
                                                            </swc:body>
                                                         </swc:WtXmlElement>
                                                         <swc:WtInternalLink>
                                                            <swc:rtd>c3EAfgARdXEAfgAVAAAAA3VxAH4AFwAAAAFxAH4ANXEAfgA2dXEAfgAXAAAAAXEAfgA4</swc:rtd>
                                                            <swc:prefix/>
                                                            <swc:postfix/>
                                                            <swc:target>
                                                               <swc:WtPageName ptk:location="Input:4:824">
                                                                  <swc:content>Category:Articles with Yoruba language external links</swc:content>
                                                                  <swc:rtd ptk:null="true"/>
                                                               </swc:WtPageName>
                                                            </swc:target>
                                                            <swc:title>
                                                               <swc:WtLinkTitle-WtNoLinkTitle/>
                                                            </swc:title>
                                                         </swc:WtInternalLink>
                                                         <swc:WtInternalLink>
                                                            <swc:rtd>c3EAfgARdXEAfgAVAAAAA3VxAH4AFwAAAAFxAH4ANXEAfgA2dXEAfgAXAAAAAXEAfgA4</swc:rtd>
                                                            <swc:prefix/>
                                                            <swc:postfix/>
                                                            <swc:target>
                                                               <swc:WtPageName ptk:location="Input:4:881">
                                                                  <swc:content>Category:Articles with Yoruba language external links</swc:content>
                                                                  <swc:rtd ptk:null="true"/>
                                                               </swc:WtPageName>
                                                            </swc:target>
                                                            <swc:title>
                                                               <swc:WtLinkTitle-WtNoLinkTitle/>
                                                            </swc:title>
                                                         </swc:WtInternalLink>
                                                         <swc:WtXmlEndTag ptk:location="Input:4:938">
                                                            <swc:rtd>c3EAfgARdXEAfgAVAAAAAXVxAH4AFwAAAAF0AAg8L3NtYWxsPg==</swc:rtd>
                                                            <swc:name>small</swc:name>
                                                         </swc:WtXmlEndTag>
                                                         <swc:WtXmlElement>
                                                            <swc:rtd>c3EAfgARdXEAfgAVAAAAA3VxAH4AFwAAAAF0AAU8c3BhbnVxAH4AFwAAAAF0AAE+dXEAfgAXAAAAAXQABzwvc3Bhbj4=</swc:rtd>
                                                            <swc:name>span</swc:name>
                                                            <swc:xmlAttributes>
                                                               <swc:WtXmlAttributes-WtXmlAttributesImpl ptk:location="Input:4:949">
                                                                  <swc:rtd ptk:null="true"/>
                                                                  <swc:WtXmlAttribute ptk:location="Input:4:949">
                                                                     <swc:rtd>c3EAfgARdXEAfgAVAAAAAnVxAH4AFwAAAAF0AAggY2xhc3M9InVxAH4AFwAAAAF0AAEi</swc:rtd>
                                                                     <swc:name>class</swc:name>
                                                                     <swc:value>
                                                                        <swc:WtValue-WtValueImpl ptk:location="Input:4:957">
                                                                           <swc:rtd ptk:null="true"/>
                                                                           <ptk:t ptk:location="Input:4:957">fn org country-name</ptk:t>
                                                                        </swc:WtValue-WtValueImpl>
                                                                     </swc:value>
                                                                  </swc:WtXmlAttribute>
                                                               </swc:WtXmlAttributes-WtXmlAttributesImpl>
                                                            </swc:xmlAttributes>
                                                            <swc:body>
                                                               <swc:WtBody-WtBodyImpl>
                                                                  <swc:rtd ptk:null="true"/>
                                                               </swc:WtBody-WtBodyImpl>
                                                            </swc:body>
                                                         </swc:WtXmlElement>
                                                      </swc:WtBody-WtBodyImpl>
                                                   </swc:body>
                                                </swc:WtXmlElement>
                                             </swc:WtBody-WtBodyImpl>
                                          </swc:body>
                                       </swc:WtXmlElement>
                                       <ptk:t>
        </ptk:t>
                                    </swc:WtBody-WtBodyImpl>
                                 </swc:body>
                              </swc:WtXmlElement>
                              <swc:WtXmlElement>
                                 <swc:rtd>c3EAfgARdXEAfgAVAAAAA3VxAH4AFwAAAAF0AAM8dHJ1cQB+ABcAAAABdAABPnEAfgA2</swc:rtd>
                                 <swc:name>tr</swc:name>
                                 <swc:xmlAttributes>
                                    <swc:WtXmlAttributes-WtXmlAttributesImpl ptk:location="Input:5:17">
                                       <swc:rtd ptk:null="true"/>
                                       <swc:WtXmlAttribute ptk:location="Input:5:17">
                                          <swc:rtd>c3EAfgARdXEAfgAVAAAAAnVxAH4AFwAAAAF0AAggY2xhc3M9InVxAH4AFwAAAAF0AAEi</swc:rtd>
                                          <swc:name>class</swc:name>
                                          <swc:value>
                                             <swc:WtValue-WtValueImpl ptk:location="Input:5:25">
                                                <swc:rtd ptk:null="true"/>
                                                <ptk:t ptk:location="Input:5:25">mergedtoprow</ptk:t>
                                             </swc:WtValue-WtValueImpl>
                                          </swc:value>
                                       </swc:WtXmlAttribute>
                                    </swc:WtXmlAttributes-WtXmlAttributesImpl>
                                 </swc:xmlAttributes>
                                 <swc:body>
                                    <swc:WtBody-WtBodyImpl>
                                       <swc:rtd ptk:null="true"/>
                                       <ptk:t>
         </ptk:t>
                                       <swc:WtXmlElement>
                                          <swc:rtd>c3EAfgARdXEAfgAVAAAAA3VxAH4AFwAAAAF0AAM8dGR1cQB+ABcAAAABdAABPnEAfgA2</swc:rtd>
                                          <swc:name>td</swc:name>
                                          <swc:xmlAttributes>
                                             <swc:WtXmlAttributes-WtXmlAttributesImpl ptk:location="Input:6:13">
                                                <swc:rtd ptk:null="true"/>
                                                <swc:WtXmlAttribute ptk:location="Input:6:13">
                                                   <swc:rtd>c3EAfgARdXEAfgAVAAAAAnVxAH4AFwAAAAF0AAggY2xhc3M9InVxAH4AFwAAAAF0AAEi</swc:rtd>
                                                   <swc:name>class</swc:name>
                                                   <swc:value>
                                                      <swc:WtValue-WtValueImpl ptk:location="Input:6:21">
                                                         <swc:rtd ptk:null="true"/>
                                                         <ptk:t ptk:location="Input:6:21">maptable</ptk:t>
                                                      </swc:WtValue-WtValueImpl>
                                                   </swc:value>
                                                </swc:WtXmlAttribute>
                                                <swc:WtXmlAttribute ptk:location="Input:6:30">
                                                   <swc:rtd>c3EAfgARdXEAfgAVAAAAAnVxAH4AFwAAAAF0AAogY29sc3Bhbj0idXEAfgAXAAAAAXQAASI=</swc:rtd>
                                                   <swc:name>colspan</swc:name>
                                                   <swc:value>
                                                      <swc:WtValue-WtValueImpl ptk:location="Input:6:40">
                                                         <swc:rtd ptk:null="true"/>
                                                         <ptk:t ptk:location="Input:6:40">3</ptk:t>
                                                      </swc:WtValue-WtValueImpl>
                                                   </swc:value>
                                                </swc:WtXmlAttribute>
                                                <swc:WtXmlAttribute ptk:location="Input:6:42">
                                                   <swc:rtd>c3EAfgARdXEAfgAVAAAAAnVxAH4AFwAAAAF0AAggYWxpZ249InVxAH4AFwAAAAF0AAEi</swc:rtd>
                                                   <swc:name>align</swc:name>
                                                   <swc:value>
                                                      <swc:WtValue-WtValueImpl ptk:location="Input:6:50">
                                                         <swc:rtd ptk:null="true"/>
                                                         <ptk:t ptk:location="Input:6:50">center</ptk:t>
                                                      </swc:WtValue-WtValueImpl>
                                                   </swc:value>
                                                </swc:WtXmlAttribute>
                                                <swc:WtXmlAttribute ptk:location="Input:6:57">
                                                   <swc:rtd>c3EAfgARdXEAfgAVAAAAAnVxAH4AFwAAAAF0AAggc3R5bGU9InVxAH4AFwAAAAF0AAEi</swc:rtd>
                                                   <swc:name>style</swc:name>
                                                   <swc:value>
                                                      <swc:WtValue-WtValueImpl ptk:location="Input:6:65">
                                                         <swc:rtd ptk:null="true"/>
                                                         <ptk:t ptk:location="Input:6:65">padding:0.5em 0;</ptk:t>
                                                      </swc:WtValue-WtValueImpl>
                                                   </swc:value>
                                                </swc:WtXmlAttribute>
                                             </swc:WtXmlAttributes-WtXmlAttributesImpl>
                                          </swc:xmlAttributes>
                                          <swc:body>
                                             <swc:WtBody-WtBodyImpl>
                                                <swc:rtd ptk:null="true"/>
                                                <swc:WtXmlElement>
                                                   <swc:rtd>c3EAfgARdXEAfgAVAAAAA3VxAH4AFwAAAAF0AAY8dGFibGV1cQB+ABcAAAABdAABPnEAfgA2</swc:rtd>
                                                   <swc:name>table</swc:name>
                                                   <swc:xmlAttributes>
                                                      <swc:WtXmlAttributes-WtXmlAttributesImpl ptk:location="Input:6:89">
                                                         <swc:rtd ptk:null="true"/>
                                                         <swc:WtXmlAttribute ptk:location="Input:6:89">
                                                            <swc:rtd>c3EAfgARdXEAfgAVAAAAAnVxAH4AFwAAAAF0AAggYWxpZ249InVxAH4AFwAAAAF0AAEi</swc:rtd>
                                                            <swc:name>align</swc:name>
                                                            <swc:value>
                                                               <swc:WtValue-WtValueImpl ptk:location="Input:6:97">
                                                                  <swc:rtd ptk:null="true"/>
                                                                  <ptk:t ptk:location="Input:6:97">center</ptk:t>
                                                               </swc:WtValue-WtValueImpl>
                                                            </swc:value>
                                                         </swc:WtXmlAttribute>
                                                         <swc:WtXmlAttribute ptk:location="Input:6:104">
                                                            <swc:rtd>c3EAfgARdXEAfgAVAAAAAnVxAH4AFwAAAAF0AAggc3R5bGU9InVxAH4AFwAAAAF0AAEi</swc:rtd>
                                                            <swc:name>style</swc:name>
                                                            <swc:value>
                                                               <swc:WtValue-WtValueImpl ptk:location="Input:6:112">
                                                                  <swc:rtd ptk:null="true"/>
                                                                  <ptk:t ptk:location="Input:6:112">width:100%; background:none;</ptk:t>
                                                               </swc:WtValue-WtValueImpl>
                                                            </swc:value>
                                                         </swc:WtXmlAttribute>
                                                      </swc:WtXmlAttributes-WtXmlAttributesImpl>
                                                   </swc:xmlAttributes>
                                                   <swc:body>
                                                      <swc:WtBody-WtBodyImpl>
                                                         <swc:rtd ptk:null="true"/>
                                                         <swc:WtTableImplicitTableBody>
                                                            <swc:rtd ptk:null="true"/>
                                                            <swc:body>
                                                               <swc:WtBody-WtBodyImpl>
                                                                  <swc:rtd ptk:null="true"/>
                                                                  <swc:WtXmlElement>
                                                                     <swc:rtd>c3EAfgARdXEAfgAVAAAAA3VxAH4AFwAAAAF0AAM8dHJ1cQB+ABcAAAABdAABPnEAfgA2</swc:rtd>
                                                                     <swc:name>tr</swc:name>
                                                                     <swc:xmlAttributes>
                                                                        <swc:WtXmlAttributes-WtEmptyXmlAttributes/>
                                                                     </swc:xmlAttributes>
                                                                     <swc:body>
                                                                        <swc:WtBody-WtBodyImpl>
                                                                           <swc:rtd ptk:null="true"/>
                                                                           <ptk:t>
               </ptk:t>
                                                                           <swc:WtXmlElement>
                                                                              <swc:rtd>c3EAfgARdXEAfgAVAAAAA3VxAH4AFwAAAAF0AAM8dGR1cQB+ABcAAAABdAABPnEAfgA2</swc:rtd>
                                                                              <swc:name>td</swc:name>
                                                                              <swc:xmlAttributes>
                                                                                 <swc:WtXmlAttributes-WtXmlAttributesImpl ptk:location="Input:7:19">
                                                                                    <swc:rtd ptk:null="true"/>
                                                                                    <swc:WtXmlAttribute ptk:location="Input:7:19">
                                                                                       <swc:rtd>c3EAfgARdXEAfgAVAAAAAnVxAH4AFwAAAAF0AAggYWxpZ249InVxAH4AFwAAAAF0AAEi</swc:rtd>
                                                                                       <swc:name>align</swc:name>
                                                                                       <swc:value>
                                                                                          <swc:WtValue-WtValueImpl ptk:location="Input:7:27">
                                                                                             <swc:rtd ptk:null="true"/>
                                                                                             <ptk:t ptk:location="Input:7:27">center</ptk:t>
                                                                                          </swc:WtValue-WtValueImpl>
                                                                                       </swc:value>
                                                                                    </swc:WtXmlAttribute>
                                                                                    <swc:WtXmlAttribute ptk:location="Input:7:34">
                                                                                       <swc:rtd>c3EAfgARdXEAfgAVAAAAAnVxAH4AFwAAAAF0ABsKICAgICAgICAgICAgICAgICAgIHN0eWxlPSJ1cQB+ABcAAAABdAABIg==</swc:rtd>
                                                                                       <swc:name>style</swc:name>
                                                                                       <swc:value>
                                                                                          <swc:WtValue-WtValueImpl ptk:location="Input:8:27">
                                                                                             <swc:rtd ptk:null="true"/>
                                                                                             <ptk:t ptk:location="Input:8:27">width:58%; vertical-align:middle;</ptk:t>
                                                                                          </swc:WtValue-WtValueImpl>
                                                                                       </swc:value>
                                                                                    </swc:WtXmlAttribute>
                                                                                 </swc:WtXmlAttributes-WtXmlAttributesImpl>
                                                                              </swc:xmlAttributes>
                                                                              <swc:body>
                                                                                 <swc:WtBody-WtBodyImpl>
                                                                                    <swc:rtd ptk:null="true"/>
                                                                                    <swc:WtImageLink>
                                                                                       <swc:rtd>c3EAfgARdXEAfgAVAAAABHVxAH4AFwAAAAFxAH4ANXEAfgA2cQB+ADZ1cQB+ABcAAAABcQB+ADg=</swc:rtd>
                                                                                       <swc:width>125</swc:width>
                                                                                       <swc:height>-1</swc:height>
                                                                                       <swc:upright>false</swc:upright>
                                                                                       <swc:hAlign>UNSPECIFIED</swc:hAlign>
                                                                                       <swc:vAlign>MIDDLE</swc:vAlign>
                                                                                       <swc:format>UNRESTRAINED</swc:format>
                                                                                       <swc:border>true</swc:border>
                                                                                       <swc:link>c3IAPG9yZy5zd2VibGUud2lraXRleHQucGFyc2VyLm5vZGVzLld0SW1hZ2VMaW5rJEltYWdlTGlua1RhcmdldGhCkWIiEAZXAgACTAAGdGFyZ2V0dAAvTG9yZy9zd2VibGUvd2lraXRleHQvcGFyc2VyL25vZGVzL1d0TGlua1RhcmdldDtMAAp0YXJnZXRUeXBldAA+TG9yZy9zd2VibGUvd2lraXRleHQvcGFyc2VyL25vZGVzL1d0TGlua1RhcmdldCRMaW5rVGFyZ2V0VHlwZTt4cHNyADZvcmcuc3dlYmxlLndpa2l0ZXh0LnBhcnNlci5ub2Rlcy5XdExpbmtUYXJnZXQkV3ROb0xpbms9h+f2phEDNwIAAHhyADVvcmcuc3dlYmxlLndpa2l0ZXh0LnBhcnNlci5ub2Rlcy5XdEVtcHR5SW1tdXRhYmxlTm9kZY78s/mB0VZ3AgAAeHB+cgA8b3JnLnN3ZWJsZS53aWtpdGV4dC5wYXJzZXIubm9kZXMuV3RMaW5rVGFyZ2V0JExpbmtUYXJnZXRUeXBlAAAAAAAAAAASAAB4cgAOamF2YS5sYW5nLkVudW0AAAAAAAAAABIAAHhwdAAHREVGQVVMVA==</swc:link>
                                                                                       <swc:alt>
                                                                                          <swc:WtLinkOptionAltText-WtLinkOptionAltTextImpl ptk:location="Input:8:102">
                                                                                             <swc:rtd>c3EAfgARdXEAfgAVAAAAAnVxAH4AFwAAAAF0AAV8YWx0PXEAfgA2</swc:rtd>
                                                                                          </swc:WtLinkOptionAltText-WtLinkOptionAltTextImpl>
                                                                                       </swc:alt>
                                                                                       <swc:target>
                                                                                          <swc:WtPageName ptk:location="Input:8:64">
                                                                                             <swc:content>File:Flag of Nigeria.svg</swc:content>
                                                                                             <swc:rtd ptk:null="true"/>
                                                                                          </swc:WtPageName>
                                                                                       </swc:target>
                                                                                       <swc:options>
                                                                                          <swc:WtLinkOptions-WtLinkOptionsImpl ptk:location="Input:8:88">
                                                                                             <swc:rtd ptk:null="true"/>
                                                                                             <swc:WtLinkOptionResize ptk:location="Input:8:89">
                                                                                                <swc:rtd>c3EAfgARdXEAfgAVAAAAAXVxAH4AFwAAAAF0AAZ8MTI1cHg=</swc:rtd>
                                                                                                <swc:width>125</swc:width>
                                                                                                <swc:height>-1</swc:height>
                                                                                             </swc:WtLinkOptionResize>
                                                                                             <swc:WtLinkOptionKeyword ptk:location="Input:8:95">
                                                                                                <swc:rtd>c3EAfgARdXEAfgAVAAAAAXVxAH4AFwAAAAF0AAd8Ym9yZGVy</swc:rtd>
                                                                                                <swc:keyword>border</swc:keyword>
                                                                                             </swc:WtLinkOptionKeyword>
                                                                                             <swc:WtLinkOptionAltText-WtLinkOptionAltTextImpl ptk:location="Input:8:102">
                                                                                                <swc:rtd>cQB+AjI=</swc:rtd>
                                                                                             </swc:WtLinkOptionAltText-WtLinkOptionAltTextImpl>
                                                                                          </swc:WtLinkOptions-WtLinkOptionsImpl>
                                                                                       </swc:options>
                                                                                       <swc:title>
                                                                                          <swc:WtLinkTitle-WtLinkTitleImpl>
                                                                                             <swc:rtd>c3EAfgARdXEAfgAVAAAAAnVxAH4AFwAAAAF0AAF8cQB+ADY=</swc:rtd>
                                                                                             <ptk:t ptk:location="Input:8:107">Flag of نايچيريا</ptk:t>
                                                                                          </swc:WtLinkTitle-WtLinkTitleImpl>
                                                                                       </swc:title>
                                                                                    </swc:WtImageLink>
                                                                                 </swc:WtBody-WtBodyImpl>
                                                                              </swc:body>
                                                                           </swc:WtXmlElement>
                                                                           <ptk:t>
               </ptk:t>
                                                                           <swc:WtXmlElement>
                                                                              <swc:rtd>c3EAfgARdXEAfgAVAAAAA3VxAH4AFwAAAAF0AAM8dGR1cQB+ABcAAAABdAABPnEAfgA2</swc:rtd>
                                                                              <swc:name>td</swc:name>
                                                                              <swc:xmlAttributes>
                                                                                 <swc:WtXmlAttributes-WtXmlAttributesImpl ptk:location="Input:9:19">
                                                                                    <swc:rtd ptk:null="true"/>
                                                                                    <swc:WtXmlAttribute ptk:location="Input:9:19">
                                                                                       <swc:rtd>c3EAfgARdXEAfgAVAAAAAnVxAH4AFwAAAAF0AAggYWxpZ249InVxAH4AFwAAAAF0AAEi</swc:rtd>
                                                                                       <swc:name>align</swc:name>
                                                                                       <swc:value>
                                                                                          <swc:WtValue-WtValueImpl ptk:location="Input:9:27">
                                                                                             <swc:rtd ptk:null="true"/>
                                                                                             <ptk:t ptk:location="Input:9:27">center</ptk:t>
                                                                                          </swc:WtValue-WtValueImpl>
                                                                                       </swc:value>
                                                                                    </swc:WtXmlAttribute>
                                                                                    <swc:WtXmlAttribute ptk:location="Input:9:34">
                                                                                       <swc:rtd>c3EAfgARdXEAfgAVAAAAAnVxAH4AFwAAAAF0AAggc3R5bGU9InVxAH4AFwAAAAF0AAEi</swc:rtd>
                                                                                       <swc:name>style</swc:name>
                                                                                       <swc:value>
                                                                                          <swc:WtValue-WtValueImpl ptk:location="Input:9:42">
                                                                                             <swc:rtd ptk:null="true"/>
                                                                                             <ptk:t ptk:location="Input:9:42">width:auto; vertical-align:middle;</ptk:t>
                                                                                          </swc:WtValue-WtValueImpl>
                                                                                       </swc:value>
                                                                                    </swc:WtXmlAttribute>
                                                                                 </swc:WtXmlAttributes-WtXmlAttributesImpl>
                                                                              </swc:xmlAttributes>
                                                                              <swc:body>
                                                                                 <swc:WtBody-WtBodyImpl>
                                                                                    <swc:rtd ptk:null="true"/>
                                                                                    <swc:WtImageLink>
                                                                                       <swc:rtd>c3EAfgARdXEAfgAVAAAABHVxAH4AFwAAAAFxAH4ANXEAfgA2cQB+ADZ1cQB+ABcAAAABcQB+ADg=</swc:rtd>
                                                                                       <swc:width>85</swc:width>
                                                                                       <swc:height>-1</swc:height>
                                                                                       <swc:upright>false</swc:upright>
                                                                                       <swc:hAlign>UNSPECIFIED</swc:hAlign>
                                                                                       <swc:vAlign>MIDDLE</swc:vAlign>
                                                                                       <swc:format>UNRESTRAINED</swc:format>
                                                                                       <swc:border>false</swc:border>
                                                                                       <swc:link>c3EAfgIncQB+Ai1xAH4CMA==</swc:link>
                                                                                       <swc:alt>
                                                                                          <swc:WtLinkOptionAltText-WtLinkOptionAltTextImpl ptk:location="Input:9:120">
                                                                                             <swc:rtd>c3EAfgARdXEAfgAVAAAAAnVxAH4AFwAAAAF0AAV8YWx0PXEAfgA2</swc:rtd>
                                                                                          </swc:WtLinkOptionAltText-WtLinkOptionAltTextImpl>
                                                                                       </swc:alt>
                                                                                       <swc:target>
                                                                                          <swc:WtPageName ptk:location="Input:9:80">
                                                                                             <swc:content>File:Coat of arms of nigeria.png </swc:content>
                                                                                             <swc:rtd ptk:null="true"/>
                                                                                          </swc:WtPageName>
                                                                                       </swc:target>
                                                                                       <swc:options>
                                                                                          <swc:WtLinkOptions-WtLinkOptionsImpl ptk:location="Input:9:113">
                                                                                             <swc:rtd ptk:null="true"/>
                                                                                             <swc:WtLinkOptionResize ptk:location="Input:9:114">
                                                                                                <swc:rtd>c3EAfgARdXEAfgAVAAAAAXVxAH4AFwAAAAF0AAZ8ODVweCA=</swc:rtd>
                                                                                                <swc:width>85</swc:width>
                                                                                                <swc:height>-1</swc:height>
                                                                                             </swc:WtLinkOptionResize>
                                                                                             <swc:WtLinkOptionAltText-WtLinkOptionAltTextImpl ptk:location="Input:9:120">
                                                                                                <swc:rtd>cQB+Alk=</swc:rtd>
                                                                                             </swc:WtLinkOptionAltText-WtLinkOptionAltTextImpl>
                                                                                          </swc:WtLinkOptions-WtLinkOptionsImpl>
                                                                                       </swc:options>
                                                                                       <swc:title>
                                                                                          <swc:WtLinkTitle-WtLinkTitleImpl>
                                                                                             <swc:rtd>c3EAfgARdXEAfgAVAAAAAnVxAH4AFwAAAAF0AAF8cQB+ADY=</swc:rtd>
                                                                                             <ptk:t ptk:location="Input:9:125">Coat of arms of نايچيريا</ptk:t>
                                                                                          </swc:WtLinkTitle-WtLinkTitleImpl>
                                                                                       </swc:title>
                                                                                    </swc:WtImageLink>
                                                                                 </swc:WtBody-WtBodyImpl>
                                                                              </swc:body>
                                                                           </swc:WtXmlElement>
                                                                           <ptk:t>
             </ptk:t>
                                                                        </swc:WtBody-WtBodyImpl>
                                                                     </swc:body>
                                                                  </swc:WtXmlElement>
                                                                  <swc:WtXmlElement>
                                                                     <swc:rtd>c3EAfgARdXEAfgAVAAAAA3VxAH4AFwAAAAF0AAM8dHJ1cQB+ABcAAAABdAABPnEAfgA2</swc:rtd>
                                                                     <swc:name>tr</swc:name>
                                                                     <swc:xmlAttributes>
                                                                        <swc:WtXmlAttributes-WtEmptyXmlAttributes/>
                                                                     </swc:xmlAttributes>
                                                                     <swc:body>
                                                                        <swc:WtBody-WtBodyImpl>
                                                                           <swc:rtd ptk:null="true"/>
                                                                           <ptk:t>
               </ptk:t>
                                                                           <swc:WtXmlElement>
                                                                              <swc:rtd>c3EAfgARdXEAfgAVAAAAA3VxAH4AFwAAAAF0AAM8dGR1cQB+ABcAAAABdAABPnEAfgA2</swc:rtd>
                                                                              <swc:name>td</swc:name>
                                                                              <swc:xmlAttributes>
                                                                                 <swc:WtXmlAttributes-WtXmlAttributesImpl ptk:location="Input:11:19">
                                                                                    <swc:rtd ptk:null="true"/>
                                                                                    <swc:WtXmlAttribute ptk:location="Input:11:19">
                                                                                       <swc:rtd>c3EAfgARdXEAfgAVAAAAAnVxAH4AFwAAAAF0AAggYWxpZ249InVxAH4AFwAAAAF0AAEi</swc:rtd>
                                                                                       <swc:name>align</swc:name>
                                                                                       <swc:value>
                                                                                          <swc:WtValue-WtValueImpl ptk:location="Input:11:27">
                                                                                             <swc:rtd ptk:null="true"/>
                                                                                             <ptk:t ptk:location="Input:11:27">center</ptk:t>
                                                                                          </swc:WtValue-WtValueImpl>
                                                                                       </swc:value>
                                                                                    </swc:WtXmlAttribute>
                                                                                 </swc:WtXmlAttributes-WtXmlAttributesImpl>
                                                                              </swc:xmlAttributes>
                                                                              <swc:body>
                                                                                 <swc:WtBody-WtBodyImpl>
                                                                                    <swc:rtd ptk:null="true"/>
                                                                                    <swc:WtXmlElement>
                                                                                       <swc:rtd>c3EAfgARdXEAfgAVAAAAA3VxAH4AFwAAAAF0AAY8c21hbGx1cQB+ABcAAAABdAABPnVxAH4AFwAAAAF0AAg8L3NtYWxsPg==</swc:rtd>
                                                                                       <swc:name>small</swc:name>
                                                                                       <swc:xmlAttributes>
                                                                                          <swc:WtXmlAttributes-WtEmptyXmlAttributes/>
                                                                                       </swc:xmlAttributes>
                                                                                       <swc:body>
                                                                                          <swc:WtBody-WtBodyImpl>
                                                                                             <swc:rtd ptk:null="true"/>
                                                                                          </swc:WtBody-WtBodyImpl>
                                                                                       </swc:body>
                                                                                    </swc:WtXmlElement>
                                                                                 </swc:WtBody-WtBodyImpl>
                                                                              </swc:body>
                                                                           </swc:WtXmlElement>
                                                                           <ptk:t>
               </ptk:t>
                                                                           <swc:WtXmlElement>
                                                                              <swc:rtd>c3EAfgARdXEAfgAVAAAAA3VxAH4AFwAAAAF0AAM8dGR1cQB+ABcAAAABdAABPnEAfgA2</swc:rtd>
                                                                              <swc:name>td</swc:name>
                                                                              <swc:xmlAttributes>
                                                                                 <swc:WtXmlAttributes-WtXmlAttributesImpl ptk:location="Input:12:19">
                                                                                    <swc:rtd ptk:null="true"/>
                                                                                    <swc:WtXmlAttribute ptk:location="Input:12:19">
                                                                                       <swc:rtd>c3EAfgARdXEAfgAVAAAAAnVxAH4AFwAAAAF0AAggYWxpZ249InVxAH4AFwAAAAF0AAEi</swc:rtd>
                                                                                       <swc:name>align</swc:name>
                                                                                       <swc:value>
                                                                                          <swc:WtValue-WtValueImpl ptk:location="Input:12:27">
                                                                                             <swc:rtd ptk:null="true"/>
                                                                                             <ptk:t ptk:location="Input:12:27">center</ptk:t>
                                                                                          </swc:WtValue-WtValueImpl>
                                                                                       </swc:value>
                                                                                    </swc:WtXmlAttribute>
                                                                                 </swc:WtXmlAttributes-WtXmlAttributesImpl>
                                                                              </swc:xmlAttributes>
                                                                              <swc:body>
                                                                                 <swc:WtBody-WtBodyImpl>
                                                                                    <swc:rtd ptk:null="true"/>
                                                                                    <swc:WtXmlElement>
                                                                                       <swc:rtd>c3EAfgARdXEAfgAVAAAAA3VxAH4AFwAAAAF0AAY8c21hbGx1cQB+ABcAAAABdAABPnVxAH4AFwAAAAF0AAg8L3NtYWxsPg==</swc:rtd>
                                                                                       <swc:name>small</swc:name>
                                                                                       <swc:xmlAttributes>
                                                                                          <swc:WtXmlAttributes-WtEmptyXmlAttributes/>
                                                                                       </swc:xmlAttributes>
                                                                                       <swc:body>
                                                                                          <swc:WtBody-WtBodyImpl>
                                                                                             <swc:rtd ptk:null="true"/>
                                                                                          </swc:WtBody-WtBodyImpl>
                                                                                       </swc:body>
                                                                                    </swc:WtXmlElement>
                                                                                 </swc:WtBody-WtBodyImpl>
                                                                              </swc:body>
                                                                           </swc:WtXmlElement>
                                                                           <ptk:t>
             </ptk:t>
                                                                        </swc:WtBody-WtBodyImpl>
                                                                     </swc:body>
                                                                  </swc:WtXmlElement>
                                                               </swc:WtBody-WtBodyImpl>
                                                            </swc:body>
                                                         </swc:WtTableImplicitTableBody>
                                                      </swc:WtBody-WtBodyImpl>
                                                   </swc:body>
                                                </swc:WtXmlElement>
                                                <ptk:t>
         </ptk:t>
                                             </swc:WtBody-WtBodyImpl>
                                          </swc:body>
                                       </swc:WtXmlElement>
                                       <ptk:t>
       </ptk:t>
                                    </swc:WtBody-WtBodyImpl>
                                 </swc:body>
                              </swc:WtXmlElement>
                              <swc:WtXmlElement>
                                 <swc:rtd>c3EAfgARdXEAfgAVAAAAA3VxAH4AFwAAAAF0AAM8dHJ1cQB+ABcAAAABdAABPnEAfgA2</swc:rtd>
                                 <swc:name>tr</swc:name>
                                 <swc:xmlAttributes>
                                    <swc:WtXmlAttributes-WtEmptyXmlAttributes/>
                                 </swc:xmlAttributes>
                                 <swc:body>
                                    <swc:WtBody-WtBodyImpl>
                                       <swc:rtd ptk:null="true"/>
                                       <ptk:t> </ptk:t>
                                       <swc:WtXmlElement>
                                          <swc:rtd>c3EAfgARdXEAfgAVAAAAA3VxAH4AFwAAAAF0AAM8dGR1cQB+ABcAAAABdAABPnEAfgA2</swc:rtd>
                                          <swc:name>td</swc:name>
                                          <swc:xmlAttributes>
                                             <swc:WtXmlAttributes-WtXmlAttributesImpl ptk:location="Input:15:21">
                                                <swc:rtd ptk:null="true"/>
                                                <swc:WtXmlAttribute ptk:location="Input:15:21">
                                                   <swc:rtd>c3EAfgARdXEAfgAVAAAAAnVxAH4AFwAAAAF0AAogY29sc3Bhbj0idXEAfgAXAAAAAXQAASI=</swc:rtd>
                                                   <swc:name>colspan</swc:name>
                                                   <swc:value>
                                                      <swc:WtValue-WtValueImpl ptk:location="Input:15:31">
                                                         <swc:rtd ptk:null="true"/>
                                                         <ptk:t ptk:location="Input:15:31">3</ptk:t>
                                                      </swc:WtValue-WtValueImpl>
                                                   </swc:value>
                                                </swc:WtXmlAttribute>
                                                <swc:WtXmlAttribute ptk:location="Input:15:33">
                                                   <swc:rtd>c3EAfgARdXEAfgAVAAAAAnVxAH4AFwAAAAF0AAggc3R5bGU9InVxAH4AFwAAAAF0AAEi</swc:rtd>
                                                   <swc:name>style</swc:name>
                                                   <swc:value>
                                                      <swc:WtValue-WtValueImpl ptk:location="Input:15:41">
                                                         <swc:rtd ptk:null="true"/>
                                                         <ptk:t ptk:location="Input:15:41">line-height:1.2em; text-align:center;</ptk:t>
                                                      </swc:WtValue-WtValueImpl>
                                                   </swc:value>
                                                </swc:WtXmlAttribute>
                                             </swc:WtXmlAttributes-WtXmlAttributesImpl>
                                          </swc:xmlAttributes>
                                          <swc:body>
                                             <swc:WtBody-WtBodyImpl>
                                                <swc:rtd ptk:null="true"/>
                                                <swc:WtBold>
                                                   <swc:rtd>c3EAfgARdXEAfgAVAAAAAnVxAH4AFwAAAAF0AAMnJyd1cQB+ABcAAAABdAADJycn</swc:rtd>
                                                   <ptk:t ptk:location="Input:15:83">ال</ptk:t>
                                                   <swc:WtInternalLink>
                                                      <swc:rtd>c3EAfgARdXEAfgAVAAAAA3VxAH4AFwAAAAFxAH4ANXEAfgA2dXEAfgAXAAAAAXEAfgA4</swc:rtd>
                                                      <swc:prefix/>
                                                      <swc:postfix/>
                                                      <swc:target>
                                                         <swc:WtPageName ptk:location="Input:15:87">
                                                            <swc:content>شعار</swc:content>
                                                            <swc:rtd ptk:null="true"/>
                                                         </swc:WtPageName>
                                                      </swc:target>
                                                      <swc:title>
                                                         <swc:WtLinkTitle-WtNoLinkTitle/>
                                                      </swc:title>
                                                   </swc:WtInternalLink>
                                                   <ptk:t ptk:location="Input:15:93">:</ptk:t>
                                                   <swc:WtXmlEntityRef ptk:location="Input:15:95">
                                                      <swc:rtd>c3EAfgARdXEAfgAVAAAAAXVxAH4AFwAAAAF0AAYmbmJzcDs=</swc:rtd>
                                                      <swc:name>nbsp</swc:name>
                                                      <swc:resolved> </swc:resolved>
                                                   </swc:WtXmlEntityRef>
                                                </swc:WtBold>
                                                <ptk:t ptk:location="Input:15:103">"Unity and Faith, Peace and Progress"</ptk:t>
                                             </swc:WtBody-WtBodyImpl>
                                          </swc:body>
                                       </swc:WtXmlElement>
                                       <ptk:t>
        </ptk:t>
                                    </swc:WtBody-WtBodyImpl>
                                 </swc:body>
                              </swc:WtXmlElement>
                              <swc:WtXmlElement>
                                 <swc:rtd>c3EAfgARdXEAfgAVAAAAA3VxAH4AFwAAAAF0AAM8dHJ1cQB+ABcAAAABdAABPnEAfgA2</swc:rtd>
                                 <swc:name>tr</swc:name>
                                 <swc:xmlAttributes>
                                    <swc:WtXmlAttributes-WtEmptyXmlAttributes/>
                                 </swc:xmlAttributes>
                                 <swc:body>
                                    <swc:WtBody-WtBodyImpl>
                                       <swc:rtd ptk:null="true"/>
                                       <ptk:t>
          </ptk:t>
                                       <swc:WtXmlElement>
                                          <swc:rtd>c3EAfgARdXEAfgAVAAAAA3VxAH4AFwAAAAF0AAM8dGR1cQB+ABcAAAABdAABPnEAfgA2</swc:rtd>
                                          <swc:name>td</swc:name>
                                          <swc:xmlAttributes>
                                             <swc:WtXmlAttributes-WtXmlAttributesImpl ptk:location="Input:17:14">
                                                <swc:rtd ptk:null="true"/>
                                                <swc:WtXmlAttribute ptk:location="Input:17:14">
                                                   <swc:rtd>c3EAfgARdXEAfgAVAAAAAnVxAH4AFwAAAAF0AAggY2xhc3M9InVxAH4AFwAAAAF0AAEi</swc:rtd>
                                                   <swc:name>class</swc:name>
                                                   <swc:value>
                                                      <swc:WtValue-WtValueImpl ptk:location="Input:17:22">
                                                         <swc:rtd ptk:null="true"/>
                                                         <ptk:t ptk:location="Input:17:22">anthem</ptk:t>
                                                      </swc:WtValue-WtValueImpl>
                                                   </swc:value>
                                                </swc:WtXmlAttribute>
                                                <swc:WtXmlAttribute ptk:location="Input:17:29">
                                                   <swc:rtd>c3EAfgARdXEAfgAVAAAAAnVxAH4AFwAAAAF0AAogY29sc3Bhbj0idXEAfgAXAAAAAXQAASI=</swc:rtd>
                                                   <swc:name>colspan</swc:name>
                                                   <swc:value>
                                                      <swc:WtValue-WtValueImpl ptk:location="Input:17:39">
                                                         <swc:rtd ptk:null="true"/>
                                                         <ptk:t ptk:location="Input:17:39">3</ptk:t>
                                                      </swc:WtValue-WtValueImpl>
                                                   </swc:value>
                                                </swc:WtXmlAttribute>
                                                <swc:WtXmlAttribute ptk:location="Input:17:41">
                                                   <swc:rtd>c3EAfgARdXEAfgAVAAAAAnVxAH4AFwAAAAF0AAggc3R5bGU9InVxAH4AFwAAAAF0AAEi</swc:rtd>
                                                   <swc:name>style</swc:name>
                                                   <swc:value>
                                                      <swc:WtValue-WtValueImpl ptk:location="Input:17:49">
                                                         <swc:rtd ptk:null="true"/>
                                                         <ptk:t ptk:location="Input:17:49">line-height:1.2em; text-align:center;</ptk:t>
                                                      </swc:WtValue-WtValueImpl>
                                                   </swc:value>
                                                </swc:WtXmlAttribute>
                                             </swc:WtXmlAttributes-WtXmlAttributesImpl>
                                          </swc:xmlAttributes>
                                          <swc:body>
                                             <swc:WtBody-WtBodyImpl>
                                                <swc:rtd ptk:null="true"/>
                                                <swc:WtBold>
                                                   <swc:rtd>c3EAfgARdXEAfgAVAAAAAnVxAH4AFwAAAAF0AAMnJyd1cQB+ABcAAAABdAADJycn</swc:rtd>
                                                   <swc:WtInternalLink>
                                                      <swc:rtd>c3EAfgARdXEAfgAVAAAAA3VxAH4AFwAAAAFxAH4ANXEAfgA2dXEAfgAXAAAAAXEAfgA4</swc:rtd>
                                                      <swc:prefix/>
                                                      <swc:postfix/>
                                                      <swc:target>
                                                         <swc:WtPageName ptk:location="Input:17:93">
                                                            <swc:content>النشيد الوطنى</swc:content>
                                                            <swc:rtd ptk:null="true"/>
                                                         </swc:WtPageName>
                                                      </swc:target>
                                                      <swc:title>
                                                         <swc:WtLinkTitle-WtLinkTitleImpl>
                                                            <swc:rtd>c3EAfgARdXEAfgAVAAAAAnVxAH4AFwAAAAF0AAF8cQB+ADY=</swc:rtd>
                                                            <ptk:t ptk:location="Input:17:107">النشيد</ptk:t>
                                                         </swc:WtLinkTitle-WtLinkTitleImpl>
                                                      </swc:title>
                                                   </swc:WtInternalLink>
                                                   <ptk:t ptk:location="Input:17:115">:</ptk:t>
                                                   <swc:WtXmlEntityRef ptk:location="Input:17:117">
                                                      <swc:rtd>c3EAfgARdXEAfgAVAAAAAXVxAH4AFwAAAAF0AAYmbmJzcDs=</swc:rtd>
                                                      <swc:name>nbsp</swc:name>
                                                      <swc:resolved> </swc:resolved>
                                                   </swc:WtXmlEntityRef>
                                                </swc:WtBold>
                                                <ptk:t ptk:location="Input:17:125">"</ptk:t>
                                                <swc:WtInternalLink>
                                                   <swc:rtd>c3EAfgARdXEAfgAVAAAAA3VxAH4AFwAAAAFxAH4ANXEAfgA2dXEAfgAXAAAAAXEAfgA4</swc:rtd>
                                                   <swc:prefix/>
                                                   <swc:postfix/>
                                                   <swc:target>
                                                      <swc:WtPageName ptk:location="Input:17:128">
                                                         <swc:content>Arise, O Compatriots</swc:content>
                                                         <swc:rtd ptk:null="true"/>
                                                      </swc:WtPageName>
                                                   </swc:target>
                                                   <swc:title>
                                                      <swc:WtLinkTitle-WtNoLinkTitle/>
                                                   </swc:title>
                                                </swc:WtInternalLink>
                                                <ptk:t ptk:location="Input:17:150">"
</ptk:t>
                                                <swc:WtImageLink>
                                                   <swc:rtd>c3EAfgARdXEAfgAVAAAABHVxAH4AFwAAAAFxAH4ANXEAfgA2cQB+ADZ1cQB+ABcAAAABcQB+ADg=</swc:rtd>
                                                   <swc:width>-1</swc:width>
                                                   <swc:height>-1</swc:height>
                                                   <swc:upright>false</swc:upright>
                                                   <swc:hAlign>UNSPECIFIED</swc:hAlign>
                                                   <swc:vAlign>MIDDLE</swc:vAlign>
                                                   <swc:format>UNRESTRAINED</swc:format>
                                                   <swc:border>false</swc:border>
                                                   <swc:link>c3EAfgIncQB+Ai1xAH4CMA==</swc:link>
                                                   <swc:alt>
                                                      <swc:WtLinkOptionAltText-WtNoLinkOptionAltText/>
                                                   </swc:alt>
                                                   <swc:target>
                                                      <swc:WtPageName ptk:location="Input:18:3">
                                                         <swc:content>File:United States Navy Band - Arise O Compatriots.ogg</swc:content>
                                                         <swc:rtd ptk:null="true"/>
                                                      </swc:WtPageName>
                                                   </swc:target>
                                                   <swc:options>
                                                      <swc:WtLinkOptions-WtLinkOptionsImpl ptk:location="Input:18:57">
                                                         <swc:rtd ptk:null="true"/>
                                                      </swc:WtLinkOptions-WtLinkOptionsImpl>
                                                   </swc:options>
                                                   <swc:title>
                                                      <swc:WtLinkTitle-WtNoLinkTitle/>
                                                   </swc:title>
                                                </swc:WtImageLink>
                                                <swc:WtXmlElement>
                                                   <swc:rtd>c3EAfgARdXEAfgAVAAAAA3VxAH4AFwAAAAF0AAM8YnJ1cQB+ABcAAAABdAACLz5xAH4ANg==</swc:rtd>
                                                   <swc:name>br</swc:name>
                                                   <swc:xmlAttributes>
                                                      <swc:WtXmlAttributes-WtEmptyXmlAttributes/>
                                                   </swc:xmlAttributes>
                                                   <swc:body>
                                                      <swc:WtBody-WtNoBody/>
                                                   </swc:body>
                                                </swc:WtXmlElement>
                                             </swc:WtBody-WtBodyImpl>
                                          </swc:body>
                                       </swc:WtXmlElement>
                                       <ptk:t>
        </ptk:t>
                                    </swc:WtBody-WtBodyImpl>
                                 </swc:body>
                              </swc:WtXmlElement>
                              <swc:WtXmlElement>
                                 <swc:rtd>c3EAfgARdXEAfgAVAAAAA3VxAH4AFwAAAAF0AAM8dHJ1cQB+ABcAAAABdAABPnEAfgA2</swc:rtd>
                                 <swc:name>tr</swc:name>
                                 <swc:xmlAttributes>
                                    <swc:WtXmlAttributes-WtEmptyXmlAttributes/>
                                 </swc:xmlAttributes>
                                 <swc:body>
                                    <swc:WtBody-WtBodyImpl>
                                       <swc:rtd ptk:null="true"/>
                                       <ptk:t>
          </ptk:t>
                                       <swc:WtXmlElement>
                                          <swc:rtd>c3EAfgARdXEAfgAVAAAAA3VxAH4AFwAAAAF0AAM8dGR1cQB+ABcAAAABdAABPnEAfgA2</swc:rtd>
                                          <swc:name>td</swc:name>
                                          <swc:xmlAttributes>
                                             <swc:WtXmlAttributes-WtXmlAttributesImpl ptk:location="Input:20:14">
                                                <swc:rtd ptk:null="true"/>
                                                <swc:WtXmlAttribute ptk:location="Input:20:14">
                                                   <swc:rtd>c3EAfgARdXEAfgAVAAAAAnVxAH4AFwAAAAF0AAogY29sc3Bhbj0idXEAfgAXAAAAAXQAASI=</swc:rtd>
                                                   <swc:name>colspan</swc:name>
                                                   <swc:value>
                                                      <swc:WtValue-WtValueImpl ptk:location="Input:20:24">
                                                         <swc:rtd ptk:null="true"/>
                                                         <ptk:t ptk:location="Input:20:24">3</ptk:t>
                                                      </swc:WtValue-WtValueImpl>
                                                   </swc:value>
                                                </swc:WtXmlAttribute>
                                                <swc:WtXmlAttribute ptk:location="Input:20:26">
                                                   <swc:rtd>c3EAfgARdXEAfgAVAAAAAnVxAH4AFwAAAAF0AAggc3R5bGU9InVxAH4AFwAAAAF0AAEi</swc:rtd>
                                                   <swc:name>style</swc:name>
                                                   <swc:value>
                                                      <swc:WtValue-WtValueImpl ptk:location="Input:20:34">
                                                         <swc:rtd ptk:null="true"/>
                                                         <ptk:t ptk:location="Input:20:34">text-align:center; padding:0.6em 0em;</ptk:t>
                                                      </swc:WtValue-WtValueImpl>
                                                   </swc:value>
                                                </swc:WtXmlAttribute>
                                             </swc:WtXmlAttributes-WtXmlAttributesImpl>
                                          </swc:xmlAttributes>
                                          <swc:body>
                                             <swc:WtBody-WtBodyImpl>
                                                <swc:rtd ptk:null="true"/>
                                                <swc:WtImageLink>
                                                   <swc:rtd>c3EAfgARdXEAfgAVAAAABHVxAH4AFwAAAAFxAH4ANXEAfgA2cQB+ADZ1cQB+ABcAAAABcQB+ADg=</swc:rtd>
                                                   <swc:width>250</swc:width>
                                                   <swc:height>-1</swc:height>
                                                   <swc:upright>false</swc:upright>
                                                   <swc:hAlign>CENTER</swc:hAlign>
                                                   <swc:vAlign>MIDDLE</swc:vAlign>
                                                   <swc:format>UNRESTRAINED</swc:format>
                                                   <swc:border>false</swc:border>
                                                   <swc:link>c3EAfgIncQB+Ai1xAH4CMA==</swc:link>
                                                   <swc:alt>
                                                      <swc:WtLinkOptionAltText-WtLinkOptionAltTextImpl ptk:location="Input:20:134">
                                                         <swc:rtd>c3EAfgARdXEAfgAVAAAAAnVxAH4AFwAAAAF0AAV8YWx0PXEAfgA2</swc:rtd>
                                                      </swc:WtLinkOptionAltText-WtLinkOptionAltTextImpl>
                                                   </swc:alt>
                                                   <swc:target>
                                                      <swc:WtPageName ptk:location="Input:20:75">
                                                         <swc:content>File:Nigeria (orthographic projection).svg </swc:content>
                                                         <swc:rtd ptk:null="true"/>
                                                      </swc:WtPageName>
                                                   </swc:target>
                                                   <swc:options>
                                                      <swc:WtLinkOptions-WtLinkOptionsImpl ptk:location="Input:20:118">
                                                         <swc:rtd ptk:null="true"/>
                                                         <swc:WtLinkOptionResize ptk:location="Input:20:119">
                                                            <swc:rtd>c3EAfgARdXEAfgAVAAAAAXVxAH4AFwAAAAF0AAd8MjUwcHgg</swc:rtd>
                                                            <swc:width>250</swc:width>
                                                            <swc:height>-1</swc:height>
                                                         </swc:WtLinkOptionResize>
                                                         <swc:WtLinkOptionKeyword ptk:location="Input:20:126">
                                                            <swc:rtd>c3EAfgARdXEAfgAVAAAAAXVxAH4AFwAAAAF0AAh8Y2VudGVyIA==</swc:rtd>
                                                            <swc:keyword>center</swc:keyword>
                                                         </swc:WtLinkOptionKeyword>
                                                         <swc:WtLinkOptionAltText-WtLinkOptionAltTextImpl ptk:location="Input:20:134">
                                                            <swc:rtd>cQB+AxU=</swc:rtd>
                                                         </swc:WtLinkOptionAltText-WtLinkOptionAltTextImpl>
                                                      </swc:WtLinkOptions-WtLinkOptionsImpl>
                                                   </swc:options>
                                                   <swc:title>
                                                      <swc:WtLinkTitle-WtLinkTitleImpl>
                                                         <swc:rtd>c3EAfgARdXEAfgAVAAAAAnVxAH4AFwAAAAF0AAF8cQB+ADY=</swc:rtd>
                                                         <ptk:t ptk:location="Input:20:139">مكان نايچيريا  </ptk:t>
                                                      </swc:WtLinkTitle-WtLinkTitleImpl>
                                                   </swc:title>
                                                </swc:WtImageLink>
                                                <ptk:t ptk:location="Input:20:156"> </ptk:t>
                                                <swc:WtXmlElement>
                                                   <swc:rtd>c3EAfgARdXEAfgAVAAAAA3VxAH4AFwAAAAF0AAQ8ZGl2dXEAfgAXAAAAAXQAAT51cQB+ABcAAAABdAAGPC9kaXY+</swc:rtd>
                                                   <swc:name>div</swc:name>
                                                   <swc:xmlAttributes>
                                                      <swc:WtXmlAttributes-WtXmlAttributesImpl ptk:location="Input:20:161">
                                                         <swc:rtd ptk:null="true"/>
                                                         <swc:WtXmlAttribute ptk:location="Input:20:161">
                                                            <swc:rtd>c3EAfgARdXEAfgAVAAAAAnVxAH4AFwAAAAF0AAggc3R5bGU9InVxAH4AFwAAAAF0AAEi</swc:rtd>
                                                            <swc:name>style</swc:name>
                                                            <swc:value>
                                                               <swc:WtValue-WtValueImpl ptk:location="Input:20:169">
                                                                  <swc:rtd ptk:null="true"/>
                                                                  <ptk:t ptk:location="Input:20:169">position:relative; top:0.3em;</ptk:t>
                                                               </swc:WtValue-WtValueImpl>
                                                            </swc:value>
                                                         </swc:WtXmlAttribute>
                                                      </swc:WtXmlAttributes-WtXmlAttributesImpl>
                                                   </swc:xmlAttributes>
                                                   <swc:body>
                                                      <swc:WtBody-WtBodyImpl>
                                                         <swc:rtd ptk:null="true"/>
                                                         <swc:WtXmlElement>
                                                            <swc:rtd>c3EAfgARdXEAfgAVAAAAA3VxAH4AFwAAAAF0AAY8c21hbGx1cQB+ABcAAAABdAABPnVxAH4AFwAAAAF0AAg8L3NtYWxsPg==</swc:rtd>
                                                            <swc:name>small</swc:name>
                                                            <swc:xmlAttributes>
                                                               <swc:WtXmlAttributes-WtEmptyXmlAttributes/>
                                                            </swc:xmlAttributes>
                                                            <swc:body>
                                                               <swc:WtBody-WtBodyImpl>
                                                                  <swc:rtd ptk:null="true"/>
                                                               </swc:WtBody-WtBodyImpl>
                                                            </swc:body>
                                                         </swc:WtXmlElement>
                                                      </swc:WtBody-WtBodyImpl>
                                                   </swc:body>
                                                </swc:WtXmlElement>
                                                <ptk:t>
          </ptk:t>
                                             </swc:WtBody-WtBodyImpl>
                                          </swc:body>
                                       </swc:WtXmlElement>
                                       <ptk:t>
        </ptk:t>
                                    </swc:WtBody-WtBodyImpl>
                                 </swc:body>
                              </swc:WtXmlElement>
                              <swc:WtXmlElement>
                                 <swc:rtd>c3EAfgARdXEAfgAVAAAAA3VxAH4AFwAAAAF0AAM8dHJ1cQB+ABcAAAABdAABPnEAfgA2</swc:rtd>
                                 <swc:name>tr</swc:name>
                                 <swc:xmlAttributes>
                                    <swc:WtXmlAttributes-WtXmlAttributesImpl ptk:location="Input:22:17">
                                       <swc:rtd ptk:null="true"/>
                                       <swc:WtXmlAttribute ptk:location="Input:22:17">
                                          <swc:rtd>c3EAfgARdXEAfgAVAAAAAnVxAH4AFwAAAAF0AAggY2xhc3M9InVxAH4AFwAAAAF0AAEi</swc:rtd>
                                          <swc:name>class</swc:name>
                                          <swc:value>
                                             <swc:WtValue-WtValueImpl ptk:location="Input:22:25">
                                                <swc:rtd ptk:null="true"/>
                                                <ptk:t ptk:location="Input:22:25">mergedtoprow</ptk:t>
                                             </swc:WtValue-WtValueImpl>
                                          </swc:value>
                                       </swc:WtXmlAttribute>
                                    </swc:WtXmlAttributes-WtXmlAttributesImpl>
                                 </swc:xmlAttributes>
                                 <swc:body>
                                    <swc:WtBody-WtBodyImpl>
                                       <swc:rtd ptk:null="true"/>
                                       <swc:WtXmlElement>
                                          <swc:rtd>c3EAfgARdXEAfgAVAAAAA3VxAH4AFwAAAAF0AAM8dGR1cQB+ABcAAAABdAABPnEAfgA2</swc:rtd>
                                          <swc:name>td</swc:name>
                                          <swc:xmlAttributes>
                                             <swc:WtXmlAttributes-WtXmlAttributesImpl ptk:location="Input:22:42">
                                                <swc:rtd ptk:null="true"/>
                                                <swc:WtXmlAttribute ptk:location="Input:22:42">
                                                   <swc:rtd>c3EAfgARdXEAfgAVAAAAAnVxAH4AFwAAAAF0AAogY29sc3Bhbj0idXEAfgAXAAAAAXQAASI=</swc:rtd>
                                                   <swc:name>colspan</swc:name>
                                                   <swc:value>
                                                      <swc:WtValue-WtValueImpl ptk:location="Input:22:52">
                                                         <swc:rtd ptk:null="true"/>
                                                         <ptk:t ptk:location="Input:22:52">2</ptk:t>
                                                      </swc:WtValue-WtValueImpl>
                                                   </swc:value>
                                                </swc:WtXmlAttribute>
                                             </swc:WtXmlAttributes-WtXmlAttributesImpl>
                                          </swc:xmlAttributes>
                                          <swc:body>
                                             <swc:WtBody-WtBodyImpl>
                                                <swc:rtd ptk:null="true"/>
                                                <swc:WtBold>
                                                   <swc:rtd>c3EAfgARdXEAfgAVAAAAAnVxAH4AFwAAAAF0AAMnJyd1cQB+ABcAAAABdAADJycn</swc:rtd>
                                                   <ptk:t ptk:location="Input:22:58">ال</ptk:t>
                                                   <swc:WtInternalLink>
                                                      <swc:rtd>c3EAfgARdXEAfgAVAAAAA3VxAH4AFwAAAAFxAH4ANXEAfgA2dXEAfgAXAAAAAXEAfgA4</swc:rtd>
                                                      <swc:prefix/>
                                                      <swc:postfix/>
                                                      <swc:target>
                                                         <swc:WtPageName ptk:location="Input:22:62">
                                                            <swc:content>عاصمه</swc:content>
                                                            <swc:rtd ptk:null="true"/>
                                                         </swc:WtPageName>
                                                      </swc:target>
                                                      <swc:title>
                                                         <swc:WtLinkTitle-WtNoLinkTitle/>
                                                      </swc:title>
                                                   </swc:WtInternalLink>
                                                </swc:WtBold>
                                             </swc:WtBody-WtBodyImpl>
                                          </swc:body>
                                       </swc:WtXmlElement>
                                       <swc:WtXmlElement>
                                          <swc:rtd>c3EAfgARdXEAfgAVAAAAA3VxAH4AFwAAAAF0AAM8dGR1cQB+ABcAAAABdAABPnEAfgA2</swc:rtd>
                                          <swc:name>td</swc:name>
                                          <swc:xmlAttributes>
                                             <swc:WtXmlAttributes-WtEmptyXmlAttributes/>
                                          </swc:xmlAttributes>
                                          <swc:body>
                                             <swc:WtBody-WtBodyImpl>
                                                <swc:rtd ptk:null="true"/>
                                                <swc:WtInternalLink>
                                                   <swc:rtd>c3EAfgARdXEAfgAVAAAAA3VxAH4AFwAAAAFxAH4ANXEAfgA2dXEAfgAXAAAAAXEAfgA4</swc:rtd>
                                                   <swc:prefix/>
                                                   <swc:postfix/>
                                                   <swc:target>
                                                      <swc:WtPageName ptk:location="Input:22:83">
                                                         <swc:content>Abuja</swc:content>
                                                         <swc:rtd ptk:null="true"/>
                                                      </swc:WtPageName>
                                                   </swc:target>
                                                   <swc:title>
                                                      <swc:WtLinkTitle-WtNoLinkTitle/>
                                                   </swc:title>
                                                </swc:WtInternalLink>
                                                <swc:WtXmlElement>
                                                   <swc:rtd>c3EAfgARdXEAfgAVAAAAA3VxAH4AFwAAAAF0AAM8YnJ1cQB+ABcAAAABdAACLz5xAH4ANg==</swc:rtd>
                                                   <swc:name>br</swc:name>
                                                   <swc:xmlAttributes>
                                                      <swc:WtXmlAttributes-WtEmptyXmlAttributes/>
                                                   </swc:xmlAttributes>
                                                   <swc:body>
                                                      <swc:WtBody-WtNoBody/>
                                                   </swc:body>
                                                </swc:WtXmlElement>
                                                <swc:WtXmlElement>
                                                   <swc:rtd>c3EAfgARdXEAfgAVAAAAA3VxAH4AFwAAAAF0AAY8c21hbGx1cQB+ABcAAAABdAABPnVxAH4AFwAAAAF0AAg8L3NtYWxsPg==</swc:rtd>
                                                   <swc:name>small</swc:name>
                                                   <swc:xmlAttributes>
                                                      <swc:WtXmlAttributes-WtEmptyXmlAttributes/>
                                                   </swc:xmlAttributes>
                                                   <swc:body>
                                                      <swc:WtBody-WtBodyImpl>
                                                         <swc:rtd ptk:null="true"/>
                                                         <swc:WtXmlElement>
                                                            <swc:rtd>c3EAfgARdXEAfgAVAAAAA3VxAH4AFwAAAAF0AAU8c3BhbnVxAH4AFwAAAAF0AAE+dXEAfgAXAAAAAXQABzwvc3Bhbj4=</swc:rtd>
                                                            <swc:name>span</swc:name>
                                                            <swc:xmlAttributes>
                                                               <swc:WtXmlAttributes-WtXmlAttributesImpl ptk:location="Input:22:107">
                                                                  <swc:rtd ptk:null="true"/>
                                                                  <swc:WtXmlAttribute ptk:location="Input:22:107">
                                                                     <swc:rtd>c3EAfgARdXEAfgAVAAAAAnVxAH4AFwAAAAF0AAggc3R5bGU9InVxAH4AFwAAAAF0AAEi</swc:rtd>
                                                                     <swc:name>style</swc:name>
                                                                     <swc:value>
                                                                        <swc:WtValue-WtValueImpl ptk:location="Input:22:115">
                                                                           <swc:rtd ptk:null="true"/>
                                                                           <ptk:t ptk:location="Input:22:115">white-space:nowrap;</ptk:t>
                                                                        </swc:WtValue-WtValueImpl>
                                                                     </swc:value>
                                                                  </swc:WtXmlAttribute>
                                                               </swc:WtXmlAttributes-WtXmlAttributesImpl>
                                                            </swc:xmlAttributes>
                                                            <swc:body>
                                                               <swc:WtBody-WtBodyImpl>
                                                                  <swc:rtd ptk:null="true"/>
                                                                  <swc:WtXmlElement>
                                                                     <swc:rtd>c3EAfgARdXEAfgAVAAAAA3VxAH4AFwAAAAF0AAU8c3BhbnVxAH4AFwAAAAF0AAE+dXEAfgAXAAAAAXQABzwvc3Bhbj4=</swc:rtd>
                                                                     <swc:name>span</swc:name>
                                                                     <swc:xmlAttributes>
                                                                        <swc:WtXmlAttributes-WtXmlAttributesImpl ptk:location="Input:22:141">
                                                                           <swc:rtd ptk:null="true"/>
                                                                           <swc:WtXmlAttribute ptk:location="Input:22:141">
                                                                              <swc:rtd>c3EAfgARdXEAfgAVAAAAAnVxAH4AFwAAAAF0AAggY2xhc3M9InVxAH4AFwAAAAF0AAEi</swc:rtd>
                                                                              <swc:name>class</swc:name>
                                                                              <swc:value>
                                                                                 <swc:WtValue-WtValueImpl ptk:location="Input:22:149">
                                                                                    <swc:rtd ptk:null="true"/>
                                                                                    <ptk:t ptk:location="Input:22:149">plainlinks nourlexpansion</ptk:t>
                                                                                 </swc:WtValue-WtValueImpl>
                                                                              </swc:value>
                                                                           </swc:WtXmlAttribute>
                                                                        </swc:WtXmlAttributes-WtXmlAttributesImpl>
                                                                     </swc:xmlAttributes>
                                                                     <swc:body>
                                                                        <swc:WtBody-WtBodyImpl>
                                                                           <swc:rtd ptk:null="true"/>
                                                                           <swc:WtExternalLink>
                                                                              <swc:rtd>c3EAfgARdXEAfgAVAAAAA3VxAH4AFwAAAAF0AAFbdXEAfgAXAAAAAXQAASB1cQB+ABcAAAABdAABXQ==</swc:rtd>
                                                                              <swc:target>
                                                                                 <swc:WtUrl ptk:location="Input:22:177">
                                                                                    <swc:rtd>c3EAfgARdXEAfgAVAAAAAXVxAH4AFwAAAAF0AFpodHRwOi8vdG9vbHNlcnZlci5vcmcvfmdlb2hhY2svZ2VvaGFjay5waHA/cGFnZW5hbWU9SW5wdXQmcGFyYW1zPTlfNF9OXzdfMjlfRV90eXBlOmNvdW50cnk=</swc:rtd>
                                                                                    <swc:protocol>http</swc:protocol>
                                                                                    <swc:path>//toolserver.org/~geohack/geohack.php?pagename=Input&amp;params=9_4_N_7_29_E_type:country</swc:path>
                                                                                 </swc:WtUrl>
                                                                              </swc:target>
                                                                              <swc:title>
                                                                                 <swc:WtLinkTitle-WtLinkTitleImpl>
                                                                                    <swc:rtd ptk:null="true"/>
                                                                                    <swc:WtXmlElement>
                                                                                       <swc:rtd>c3EAfgARdXEAfgAVAAAAA3VxAH4AFwAAAAF0AAU8c3BhbnVxAH4AFwAAAAF0AAE+dXEAfgAXAAAAAXQABzwvc3Bhbj4=</swc:rtd>
                                                                                       <swc:name>span</swc:name>
                                                                                       <swc:xmlAttributes>
                                                                                          <swc:WtXmlAttributes-WtXmlAttributesImpl ptk:location="Input:22:273">
                                                                                             <swc:rtd ptk:null="true"/>
                                                                                             <swc:WtXmlAttribute ptk:location="Input:22:273">
                                                                                                <swc:rtd>c3EAfgARdXEAfgAVAAAAAnVxAH4AFwAAAAF0AAggY2xhc3M9InVxAH4AFwAAAAF0AAEi</swc:rtd>
                                                                                                <swc:name>class</swc:name>
                                                                                                <swc:value>
                                                                                                   <swc:WtValue-WtValueImpl ptk:location="Input:22:281">
                                                                                                      <swc:rtd ptk:null="true"/>
                                                                                                      <ptk:t ptk:location="Input:22:281">geo-default</ptk:t>
                                                                                                   </swc:WtValue-WtValueImpl>
                                                                                                </swc:value>
                                                                                             </swc:WtXmlAttribute>
                                                                                          </swc:WtXmlAttributes-WtXmlAttributesImpl>
                                                                                       </swc:xmlAttributes>
                                                                                       <swc:body>
                                                                                          <swc:WtBody-WtBodyImpl>
                                                                                             <swc:rtd ptk:null="true"/>
                                                                                             <swc:WtXmlElement>
                                                                                                <swc:rtd>c3EAfgARdXEAfgAVAAAAA3VxAH4AFwAAAAF0AAU8c3BhbnVxAH4AFwAAAAF0AAE+dXEAfgAXAAAAAXQABzwvc3Bhbj4=</swc:rtd>
                                                                                                <swc:name>span</swc:name>
                                                                                                <swc:xmlAttributes>
                                                                                                   <swc:WtXmlAttributes-WtXmlAttributesImpl ptk:location="Input:22:299">
                                                                                                      <swc:rtd ptk:null="true"/>
                                                                                                      <swc:WtXmlAttribute ptk:location="Input:22:299">
                                                                                                         <swc:rtd>c3EAfgARdXEAfgAVAAAAAnVxAH4AFwAAAAF0AAggY2xhc3M9InVxAH4AFwAAAAF0AAEi</swc:rtd>
                                                                                                         <swc:name>class</swc:name>
                                                                                                         <swc:value>
                                                                                                            <swc:WtValue-WtValueImpl ptk:location="Input:22:307">
                                                                                                               <swc:rtd ptk:null="true"/>
                                                                                                               <ptk:t ptk:location="Input:22:307">geo-dms</ptk:t>
                                                                                                            </swc:WtValue-WtValueImpl>
                                                                                                         </swc:value>
                                                                                                      </swc:WtXmlAttribute>
                                                                                                      <swc:WtXmlAttribute ptk:location="Input:22:315">
                                                                                                         <swc:rtd>c3EAfgARdXEAfgAVAAAAAnVxAH4AFwAAAAF0AAggdGl0bGU9InVxAH4AFwAAAAF0AAEi</swc:rtd>
                                                                                                         <swc:name>title</swc:name>
                                                                                                         <swc:value>
                                                                                                            <swc:WtValue-WtValueImpl ptk:location="Input:22:323">
                                                                                                               <swc:rtd ptk:null="true"/>
                                                                                                               <ptk:t ptk:location="Input:22:323">Maps, aerial photos, and other data for this location</ptk:t>
                                                                                                            </swc:WtValue-WtValueImpl>
                                                                                                         </swc:value>
                                                                                                      </swc:WtXmlAttribute>
                                                                                                   </swc:WtXmlAttributes-WtXmlAttributesImpl>
                                                                                                </swc:xmlAttributes>
                                                                                                <swc:body>
                                                                                                   <swc:WtBody-WtBodyImpl>
                                                                                                      <swc:rtd ptk:null="true"/>
                                                                                                      <swc:WtXmlElement>
                                                                                                         <swc:rtd>c3EAfgARdXEAfgAVAAAAA3VxAH4AFwAAAAF0AAU8c3BhbnVxAH4AFwAAAAF0AAE+dXEAfgAXAAAAAXQABzwvc3Bhbj4=</swc:rtd>
                                                                                                         <swc:name>span</swc:name>
                                                                                                         <swc:xmlAttributes>
                                                                                                            <swc:WtXmlAttributes-WtXmlAttributesImpl ptk:location="Input:22:383">
                                                                                                               <swc:rtd ptk:null="true"/>
                                                                                                               <swc:WtXmlAttribute ptk:location="Input:22:383">
                                                                                                                  <swc:rtd>c3EAfgARdXEAfgAVAAAAAnVxAH4AFwAAAAF0AAggY2xhc3M9InVxAH4AFwAAAAF0AAEi</swc:rtd>
                                                                                                                  <swc:name>class</swc:name>
                                                                                                                  <swc:value>
                                                                                                                     <swc:WtValue-WtValueImpl ptk:location="Input:22:391">
                                                                                                                        <swc:rtd ptk:null="true"/>
                                                                                                                        <ptk:t ptk:location="Input:22:391">latitude</ptk:t>
                                                                                                                     </swc:WtValue-WtValueImpl>
                                                                                                                  </swc:value>
                                                                                                               </swc:WtXmlAttribute>
                                                                                                            </swc:WtXmlAttributes-WtXmlAttributesImpl>
                                                                                                         </swc:xmlAttributes>
                                                                                                         <swc:body>
                                                                                                            <swc:WtBody-WtBodyImpl>
                                                                                                               <swc:rtd ptk:null="true"/>
                                                                                                               <ptk:t ptk:location="Input:22:401">9°4′N</ptk:t>
                                                                                                            </swc:WtBody-WtBodyImpl>
                                                                                                         </swc:body>
                                                                                                      </swc:WtXmlElement>
                                                                                                      <ptk:t ptk:location="Input:22:413"> </ptk:t>
                                                                                                      <swc:WtXmlElement>
                                                                                                         <swc:rtd>c3EAfgARdXEAfgAVAAAAA3VxAH4AFwAAAAF0AAU8c3BhbnVxAH4AFwAAAAF0AAE+dXEAfgAXAAAAAXQABzwvc3Bhbj4=</swc:rtd>
                                                                                                         <swc:name>span</swc:name>
                                                                                                         <swc:xmlAttributes>
                                                                                                            <swc:WtXmlAttributes-WtXmlAttributesImpl ptk:location="Input:22:419">
                                                                                                               <swc:rtd ptk:null="true"/>
                                                                                                               <swc:WtXmlAttribute ptk:location="Input:22:419">
                                                                                                                  <swc:rtd>c3EAfgARdXEAfgAVAAAAAnVxAH4AFwAAAAF0AAggY2xhc3M9InVxAH4AFwAAAAF0AAEi</swc:rtd>
                                                                                                                  <swc:name>class</swc:name>
                                                                                                                  <swc:value>
                                                                                                                     <swc:WtValue-WtValueImpl ptk:location="Input:22:427">
                                                                                                                        <swc:rtd ptk:null="true"/>
                                                                                                                        <ptk:t ptk:location="Input:22:427">longitude</ptk:t>
                                                                                                                     </swc:WtValue-WtValueImpl>
                                                                                                                  </swc:value>
                                                                                                               </swc:WtXmlAttribute>
                                                                                                            </swc:WtXmlAttributes-WtXmlAttributesImpl>
                                                                                                         </swc:xmlAttributes>
                                                                                                         <swc:body>
                                                                                                            <swc:WtBody-WtBodyImpl>
                                                                                                               <swc:rtd ptk:null="true"/>
                                                                                                               <ptk:t ptk:location="Input:22:438">7°29′E</ptk:t>
                                                                                                            </swc:WtBody-WtBodyImpl>
                                                                                                         </swc:body>
                                                                                                      </swc:WtXmlElement>
                                                                                                   </swc:WtBody-WtBodyImpl>
                                                                                                </swc:body>
                                                                                             </swc:WtXmlElement>
                                                                                          </swc:WtBody-WtBodyImpl>
                                                                                       </swc:body>
                                                                                    </swc:WtXmlElement>
                                                                                    <swc:WtXmlElement>
                                                                                       <swc:rtd>c3EAfgARdXEAfgAVAAAAA3VxAH4AFwAAAAF0AAU8c3BhbnVxAH4AFwAAAAF0AAE+dXEAfgAXAAAAAXQABzwvc3Bhbj4=</swc:rtd>
                                                                                       <swc:name>span</swc:name>
                                                                                       <swc:xmlAttributes>
                                                                                          <swc:WtXmlAttributes-WtXmlAttributesImpl ptk:location="Input:22:470">
                                                                                             <swc:rtd ptk:null="true"/>
                                                                                             <swc:WtXmlAttribute ptk:location="Input:22:470">
                                                                                                <swc:rtd>c3EAfgARdXEAfgAVAAAAAnVxAH4AFwAAAAF0AAggY2xhc3M9InVxAH4AFwAAAAF0AAEi</swc:rtd>
                                                                                                <swc:name>class</swc:name>
                                                                                                <swc:value>
                                                                                                   <swc:WtValue-WtValueImpl ptk:location="Input:22:478">
                                                                                                      <swc:rtd ptk:null="true"/>
                                                                                                      <ptk:t ptk:location="Input:22:478">geo-multi-punct</ptk:t>
                                                                                                   </swc:WtValue-WtValueImpl>
                                                                                                </swc:value>
                                                                                             </swc:WtXmlAttribute>
                                                                                          </swc:WtXmlAttributes-WtXmlAttributesImpl>
                                                                                       </swc:xmlAttributes>
                                                                                       <swc:body>
                                                                                          <swc:WtBody-WtBodyImpl>
                                                                                             <swc:rtd ptk:null="true"/>
                                                                                             <swc:WtXmlCharRef ptk:location="Input:22:497">
                                                                                                <swc:rtd>c3EAfgARdXEAfgAVAAAAAXVxAH4AFwAAAAF0AAgmI3hmZWZmOw==</swc:rtd>
                                                                                                <swc:codePoint>65279</swc:codePoint>
                                                                                             </swc:WtXmlCharRef>
                                                                                             <ptk:t ptk:location="Input:22:503"> / </ptk:t>
                                                                                             <swc:WtXmlCharRef ptk:location="Input:22:508">
                                                                                                <swc:rtd>c3EAfgARdXEAfgAVAAAAAXVxAH4AFwAAAAF0AAgmI3hmZWZmOw==</swc:rtd>
                                                                                                <swc:codePoint>65279</swc:codePoint>
                                                                                             </swc:WtXmlCharRef>
                                                                                          </swc:WtBody-WtBodyImpl>
                                                                                       </swc:body>
                                                                                    </swc:WtXmlElement>
                                                                                    <swc:WtXmlElement>
                                                                                       <swc:rtd>c3EAfgARdXEAfgAVAAAAA3VxAH4AFwAAAAF0AAU8c3BhbnVxAH4AFwAAAAF0AAE+dXEAfgAXAAAAAXQABzwvc3Bhbj4=</swc:rtd>
                                                                                       <swc:name>span</swc:name>
                                                                                       <swc:xmlAttributes>
                                                                                          <swc:WtXmlAttributes-WtXmlAttributesImpl ptk:location="Input:22:526">
                                                                                             <swc:rtd ptk:null="true"/>
                                                                                             <swc:WtXmlAttribute ptk:location="Input:22:526">
                                                                                                <swc:rtd>c3EAfgARdXEAfgAVAAAAAnVxAH4AFwAAAAF0AAggY2xhc3M9InVxAH4AFwAAAAF0AAEi</swc:rtd>
                                                                                                <swc:name>class</swc:name>
                                                                                                <swc:value>
                                                                                                   <swc:WtValue-WtValueImpl ptk:location="Input:22:534">
                                                                                                      <swc:rtd ptk:null="true"/>
                                                                                                      <ptk:t ptk:location="Input:22:534">geo-nondefault</ptk:t>
                                                                                                   </swc:WtValue-WtValueImpl>
                                                                                                </swc:value>
                                                                                             </swc:WtXmlAttribute>
                                                                                          </swc:WtXmlAttributes-WtXmlAttributesImpl>
                                                                                       </swc:xmlAttributes>
                                                                                       <swc:body>
                                                                                          <swc:WtBody-WtBodyImpl>
                                                                                             <swc:rtd ptk:null="true"/>
                                                                                             <swc:WtXmlElement>
                                                                                                <swc:rtd>c3EAfgARdXEAfgAVAAAAA3VxAH4AFwAAAAF0AAU8c3BhbnVxAH4AFwAAAAF0AAE+dXEAfgAXAAAAAXQABzwvc3Bhbj4=</swc:rtd>
                                                                                                <swc:name>span</swc:name>
                                                                                                <swc:xmlAttributes>
                                                                                                   <swc:WtXmlAttributes-WtXmlAttributesImpl ptk:location="Input:22:555">
                                                                                                      <swc:rtd ptk:null="true"/>
                                                                                                      <swc:WtXmlAttribute ptk:location="Input:22:555">
                                                                                                         <swc:rtd>c3EAfgARdXEAfgAVAAAAAnVxAH4AFwAAAAF0AAggY2xhc3M9InVxAH4AFwAAAAF0AAEi</swc:rtd>
                                                                                                         <swc:name>class</swc:name>
                                                                                                         <swc:value>
                                                                                                            <swc:WtValue-WtValueImpl ptk:location="Input:22:563">
                                                                                                               <swc:rtd ptk:null="true"/>
                                                                                                               <ptk:t ptk:location="Input:22:563">geo-dec</ptk:t>
                                                                                                            </swc:WtValue-WtValueImpl>
                                                                                                         </swc:value>
                                                                                                      </swc:WtXmlAttribute>
                                                                                                      <swc:WtXmlAttribute ptk:location="Input:22:571">
                                                                                                         <swc:rtd>c3EAfgARdXEAfgAVAAAAAnVxAH4AFwAAAAF0AAggdGl0bGU9InVxAH4AFwAAAAF0AAEi</swc:rtd>
                                                                                                         <swc:name>title</swc:name>
                                                                                                         <swc:value>
                                                                                                            <swc:WtValue-WtValueImpl ptk:location="Input:22:579">
                                                                                                               <swc:rtd ptk:null="true"/>
                                                                                                               <ptk:t ptk:location="Input:22:579">Maps, aerial photos, and other data for this location</ptk:t>
                                                                                                            </swc:WtValue-WtValueImpl>
                                                                                                         </swc:value>
                                                                                                      </swc:WtXmlAttribute>
                                                                                                   </swc:WtXmlAttributes-WtXmlAttributesImpl>
                                                                                                </swc:xmlAttributes>
                                                                                                <swc:body>
                                                                                                   <swc:WtBody-WtBodyImpl>
                                                                                                      <swc:rtd ptk:null="true"/>
                                                                                                      <ptk:t ptk:location="Input:22:634">9.067°N 7.483°E</ptk:t>
                                                                                                   </swc:WtBody-WtBodyImpl>
                                                                                                </swc:body>
                                                                                             </swc:WtXmlElement>
                                                                                             <swc:WtXmlElement>
                                                                                                <swc:rtd>c3EAfgARdXEAfgAVAAAAA3VxAH4AFwAAAAF0AAU8c3BhbnVxAH4AFwAAAAF0AAE+dXEAfgAXAAAAAXQABzwvc3Bhbj4=</swc:rtd>
                                                                                                <swc:name>span</swc:name>
                                                                                                <swc:xmlAttributes>
                                                                                                   <swc:WtXmlAttributes-WtXmlAttributesImpl ptk:location="Input:22:661">
                                                                                                      <swc:rtd ptk:null="true"/>
                                                                                                      <swc:WtXmlAttribute ptk:location="Input:22:661">
                                                                                                         <swc:rtd>c3EAfgARdXEAfgAVAAAAAnVxAH4AFwAAAAF0AAggc3R5bGU9InVxAH4AFwAAAAF0AAEi</swc:rtd>
                                                                                                         <swc:name>style</swc:name>
                                                                                                         <swc:value>
                                                                                                            <swc:WtValue-WtValueImpl ptk:location="Input:22:669">
                                                                                                               <swc:rtd ptk:null="true"/>
                                                                                                               <ptk:t ptk:location="Input:22:669">display:none</ptk:t>
                                                                                                            </swc:WtValue-WtValueImpl>
                                                                                                         </swc:value>
                                                                                                      </swc:WtXmlAttribute>
                                                                                                   </swc:WtXmlAttributes-WtXmlAttributesImpl>
                                                                                                </swc:xmlAttributes>
                                                                                                <swc:body>
                                                                                                   <swc:WtBody-WtBodyImpl>
                                                                                                      <swc:rtd ptk:null="true"/>
                                                                                                      <swc:WtXmlCharRef ptk:location="Input:22:685">
                                                                                                         <swc:rtd>c3EAfgARdXEAfgAVAAAAAXVxAH4AFwAAAAF0AAgmI3hmZWZmOw==</swc:rtd>
                                                                                                         <swc:codePoint>65279</swc:codePoint>
                                                                                                      </swc:WtXmlCharRef>
                                                                                                      <ptk:t ptk:location="Input:22:691"> / </ptk:t>
                                                                                                      <swc:WtXmlElement>
                                                                                                         <swc:rtd>c3EAfgARdXEAfgAVAAAAA3VxAH4AFwAAAAF0AAU8c3BhbnVxAH4AFwAAAAF0AAE+dXEAfgAXAAAAAXQABzwvc3Bhbj4=</swc:rtd>
                                                                                                         <swc:name>span</swc:name>
                                                                                                         <swc:xmlAttributes>
                                                                                                            <swc:WtXmlAttributes-WtXmlAttributesImpl ptk:location="Input:22:699">
                                                                                                               <swc:rtd ptk:null="true"/>
                                                                                                               <swc:WtXmlAttribute ptk:location="Input:22:699">
                                                                                                                  <swc:rtd>c3EAfgARdXEAfgAVAAAAAnVxAH4AFwAAAAF0AAggY2xhc3M9InVxAH4AFwAAAAF0AAEi</swc:rtd>
                                                                                                                  <swc:name>class</swc:name>
                                                                                                                  <swc:value>
                                                                                                                     <swc:WtValue-WtValueImpl ptk:location="Input:22:707">
                                                                                                                        <swc:rtd ptk:null="true"/>
                                                                                                                        <ptk:t ptk:location="Input:22:707">geo</ptk:t>
                                                                                                                     </swc:WtValue-WtValueImpl>
                                                                                                                  </swc:value>
                                                                                                               </swc:WtXmlAttribute>
                                                                                                            </swc:WtXmlAttributes-WtXmlAttributesImpl>
                                                                                                         </swc:xmlAttributes>
                                                                                                         <swc:body>
                                                                                                            <swc:WtBody-WtBodyImpl>
                                                                                                               <swc:rtd ptk:null="true"/>
                                                                                                               <ptk:t ptk:location="Input:22:712">9.067; 7.483</ptk:t>
                                                                                                            </swc:WtBody-WtBodyImpl>
                                                                                                         </swc:body>
                                                                                                      </swc:WtXmlElement>
                                                                                                   </swc:WtBody-WtBodyImpl>
                                                                                                </swc:body>
                                                                                             </swc:WtXmlElement>
                                                                                          </swc:WtBody-WtBodyImpl>
                                                                                       </swc:body>
                                                                                    </swc:WtXmlElement>
                                                                                 </swc:WtLinkTitle-WtLinkTitleImpl>
                                                                              </swc:title>
                                                                           </swc:WtExternalLink>
                                                                        </swc:WtBody-WtBodyImpl>
                                                                     </swc:body>
                                                                  </swc:WtXmlElement>
                                                               </swc:WtBody-WtBodyImpl>
                                                            </swc:body>
                                                         </swc:WtXmlElement>
                                                      </swc:WtBody-WtBodyImpl>
                                                   </swc:body>
                                                </swc:WtXmlElement>
                                                <ptk:t>
                     </ptk:t>
                                             </swc:WtBody-WtBodyImpl>
                                          </swc:body>
                                       </swc:WtXmlElement>
                                    </swc:WtBody-WtBodyImpl>
                                 </swc:body>
                              </swc:WtXmlElement>
                              <swc:WtXmlElement>
                                 <swc:rtd>c3EAfgARdXEAfgAVAAAAA3VxAH4AFwAAAAF0AAM8dHJ1cQB+ABcAAAABdAABPnEAfgA2</swc:rtd>
                                 <swc:name>tr</swc:name>
                                 <swc:xmlAttributes>
                                    <swc:WtXmlAttributes-WtEmptyXmlAttributes/>
                                 </swc:xmlAttributes>
                                 <swc:body>
                                    <swc:WtBody-WtBodyImpl>
                                       <swc:rtd ptk:null="true"/>
                                       <ptk:t>
          </ptk:t>
                                       <swc:WtXmlElement>
                                          <swc:rtd>c3EAfgARdXEAfgAVAAAAA3VxAH4AFwAAAAF0AAM8dGh1cQB+ABcAAAABdAABPnEAfgA2</swc:rtd>
                                          <swc:name>th</swc:name>
                                          <swc:xmlAttributes>
                                             <swc:WtXmlAttributes-WtXmlAttributesImpl ptk:location="Input:24:14">
                                                <swc:rtd ptk:null="true"/>
                                                <swc:WtXmlAttribute ptk:location="Input:24:14">
                                                   <swc:rtd>c3EAfgARdXEAfgAVAAAAAnVxAH4AFwAAAAF0AAogY29sc3Bhbj0idXEAfgAXAAAAAXQAASI=</swc:rtd>
                                                   <swc:name>colspan</swc:name>
                                                   <swc:value>
                                                      <swc:WtValue-WtValueImpl ptk:location="Input:24:24">
                                                         <swc:rtd ptk:null="true"/>
                                                         <ptk:t ptk:location="Input:24:24">2</ptk:t>
                                                      </swc:WtValue-WtValueImpl>
                                                   </swc:value>
                                                </swc:WtXmlAttribute>
                                                <swc:WtXmlAttribute ptk:location="Input:24:26">
                                                   <swc:rtd>c3EAfgARdXEAfgAVAAAAAnVxAH4AFwAAAAF0AAggc3R5bGU9InVxAH4AFwAAAAF0AAEi</swc:rtd>
                                                   <swc:name>style</swc:name>
                                                   <swc:value>
                                                      <swc:WtValue-WtValueImpl ptk:location="Input:24:34">
                                                         <swc:rtd ptk:null="true"/>
                                                         <ptk:t ptk:location="Input:24:34">vertical-align:middle; white-space:nowrap;</ptk:t>
                                                      </swc:WtValue-WtValueImpl>
                                                   </swc:value>
                                                </swc:WtXmlAttribute>
                                             </swc:WtXmlAttributes-WtXmlAttributesImpl>
                                          </swc:xmlAttributes>
                                          <swc:body>
                                             <swc:WtBody-WtBodyImpl>
                                                <swc:rtd ptk:null="true"/>
                                                <swc:WtInternalLink>
                                                   <swc:rtd>c3EAfgARdXEAfgAVAAAAA3VxAH4AFwAAAAFxAH4ANXEAfgA2dXEAfgAXAAAAAXEAfgA4</swc:rtd>
                                                   <swc:prefix/>
                                                   <swc:postfix/>
                                                   <swc:target>
                                                      <swc:WtPageName ptk:location="Input:24:80">
                                                         <swc:content>لغه  رسميه</swc:content>
                                                         <swc:rtd ptk:null="true"/>
                                                      </swc:WtPageName>
                                                   </swc:target>
                                                   <swc:title>
                                                      <swc:WtLinkTitle-WtNoLinkTitle/>
                                                   </swc:title>
                                                </swc:WtInternalLink>
                                             </swc:WtBody-WtBodyImpl>
                                          </swc:body>
                                       </swc:WtXmlElement>
                                       <ptk:t>
          </ptk:t>
                                       <swc:WtXmlElement>
                                          <swc:rtd>c3EAfgARdXEAfgAVAAAAA3VxAH4AFwAAAAF0AAM8dGR1cQB+ABcAAAABdAABPnEAfgA2</swc:rtd>
                                          <swc:name>td</swc:name>
                                          <swc:xmlAttributes>
                                             <swc:WtXmlAttributes-WtEmptyXmlAttributes/>
                                          </swc:xmlAttributes>
                                          <swc:body>
                                             <swc:WtBody-WtBodyImpl>
                                                <swc:rtd ptk:null="true"/>
                                                <swc:WtInternalLink>
                                                   <swc:rtd>c3EAfgARdXEAfgAVAAAAA3VxAH4AFwAAAAFxAH4ANXEAfgA2dXEAfgAXAAAAAXEAfgA4</swc:rtd>
                                                   <swc:prefix/>
                                                   <swc:postfix/>
                                                   <swc:target>
                                                      <swc:WtPageName ptk:location="Input:25:17">
                                                         <swc:content>English language</swc:content>
                                                         <swc:rtd ptk:null="true"/>
                                                      </swc:WtPageName>
                                                   </swc:target>
                                                   <swc:title>
                                                      <swc:WtLinkTitle-WtLinkTitleImpl>
                                                         <swc:rtd>c3EAfgARdXEAfgAVAAAAAnVxAH4AFwAAAAF0AAF8cQB+ADY=</swc:rtd>
                                                         <ptk:t ptk:location="Input:25:34">English</ptk:t>
                                                      </swc:WtLinkTitle-WtLinkTitleImpl>
                                                   </swc:title>
                                                </swc:WtInternalLink>
                                             </swc:WtBody-WtBodyImpl>
                                          </swc:body>
                                       </swc:WtXmlElement>
                                       <ptk:t>
        </ptk:t>
                                    </swc:WtBody-WtBodyImpl>
                                 </swc:body>
                              </swc:WtXmlElement>
                              <swc:WtXmlElement>
                                 <swc:rtd>c3EAfgARdXEAfgAVAAAAA3VxAH4AFwAAAAF0AAM8dHJ1cQB+ABcAAAABdAABPnEAfgA2</swc:rtd>
                                 <swc:name>tr</swc:name>
                                 <swc:xmlAttributes>
                                    <swc:WtXmlAttributes-WtXmlAttributesImpl ptk:location="Input:26:17">
                                       <swc:rtd ptk:null="true"/>
                                       <swc:WtXmlAttribute ptk:location="Input:26:17">
                                          <swc:rtd>c3EAfgARdXEAfgAVAAAAAnVxAH4AFwAAAAF0AAggY2xhc3M9InVxAH4AFwAAAAF0AAEi</swc:rtd>
                                          <swc:name>class</swc:name>
                                          <swc:value>
                                             <swc:WtValue-WtValueImpl ptk:location="Input:26:25">
                                                <swc:rtd ptk:null="true"/>
                                                <ptk:t ptk:location="Input:26:25">mergedbottomrow</ptk:t>
                                             </swc:WtValue-WtValueImpl>
                                          </swc:value>
                                       </swc:WtXmlAttribute>
                                    </swc:WtXmlAttributes-WtXmlAttributesImpl>
                                 </swc:xmlAttributes>
                                 <swc:body>
                                    <swc:WtBody-WtBodyImpl>
                                       <swc:rtd ptk:null="true"/>
                                       <ptk:t>
               </ptk:t>
                                       <swc:WtXmlElement>
                                          <swc:rtd>c3EAfgARdXEAfgAVAAAAA3VxAH4AFwAAAAF0AAM8dGR1cQB+ABcAAAABdAABPnEAfgA2</swc:rtd>
                                          <swc:name>td</swc:name>
                                          <swc:xmlAttributes>
                                             <swc:WtXmlAttributes-WtXmlAttributesImpl ptk:location="Input:27:19">
                                                <swc:rtd ptk:null="true"/>
                                                <swc:WtXmlAttribute ptk:location="Input:27:19">
                                                   <swc:rtd>c3EAfgARdXEAfgAVAAAAAnVxAH4AFwAAAAF0AAogY29sc3Bhbj0idXEAfgAXAAAAAXQAASI=</swc:rtd>
                                                   <swc:name>colspan</swc:name>
                                                   <swc:value>
                                                      <swc:WtValue-WtValueImpl ptk:location="Input:27:29">
                                                         <swc:rtd ptk:null="true"/>
                                                         <ptk:t ptk:location="Input:27:29">2</ptk:t>
                                                      </swc:WtValue-WtValueImpl>
                                                   </swc:value>
                                                </swc:WtXmlAttribute>
                                             </swc:WtXmlAttributes-WtXmlAttributesImpl>
                                          </swc:xmlAttributes>
                                          <swc:body>
                                             <swc:WtBody-WtBodyImpl>
                                                <swc:rtd ptk:null="true"/>
                                                <swc:WtInternalLink>
                                                   <swc:rtd>c3EAfgARdXEAfgAVAAAAA3VxAH4AFwAAAAFxAH4ANXEAfgA2dXEAfgAXAAAAAXEAfgA4</swc:rtd>
                                                   <swc:prefix/>
                                                   <swc:postfix/>
                                                   <swc:target>
                                                      <swc:WtPageName ptk:location="Input:27:34">
                                                         <swc:content>لغه محليه</swc:content>
                                                         <swc:rtd ptk:null="true"/>
                                                      </swc:WtPageName>
                                                   </swc:target>
                                                   <swc:title>
                                                      <swc:WtLinkTitle-WtLinkTitleImpl>
                                                         <swc:rtd>c3EAfgARdXEAfgAVAAAAAnVxAH4AFwAAAAF0AAF8cQB+ADY=</swc:rtd>
                                                         <ptk:t ptk:location="Input:27:44">لغات محليه</ptk:t>
                                                         <swc:WtXmlEntityRef ptk:location="Input:27:55">
                                                            <swc:rtd>c3EAfgARdXEAfgAVAAAAAXVxAH4AFwAAAAF0AAYmbmJzcDs=</swc:rtd>
                                                            <swc:name>nbsp</swc:name>
                                                            <swc:resolved> </swc:resolved>
                                                         </swc:WtXmlEntityRef>
                                                         <ptk:t ptk:location="Input:27:60">معترف بيها</ptk:t>
                                                      </swc:WtLinkTitle-WtLinkTitleImpl>
                                                   </swc:title>
                                                </swc:WtInternalLink>
                                             </swc:WtBody-WtBodyImpl>
                                          </swc:body>
                                       </swc:WtXmlElement>
                                       <ptk:t>
               </ptk:t>
                                       <swc:WtXmlElement>
                                          <swc:rtd>c3EAfgARdXEAfgAVAAAAA3VxAH4AFwAAAAF0AAM8dGR1cQB+ABcAAAABdAABPnEAfgA2</swc:rtd>
                                          <swc:name>td</swc:name>
                                          <swc:xmlAttributes>
                                             <swc:WtXmlAttributes-WtXmlAttributesImpl ptk:location="Input:28:19">
                                                <swc:rtd ptk:null="true"/>
                                                <swc:WtXmlAttribute ptk:location="Input:28:19">
                                                   <swc:rtd>c3EAfgARdXEAfgAVAAAAAnVxAH4AFwAAAAF0AAggc3R5bGU9InVxAH4AFwAAAAF0AAEi</swc:rtd>
                                                   <swc:name>style</swc:name>
                                                   <swc:value>
                                                      <swc:WtValue-WtValueImpl ptk:location="Input:28:27">
                                                         <swc:rtd ptk:null="true"/>
                                                         <ptk:t ptk:location="Input:28:27">vertical-align:middle;</ptk:t>
                                                      </swc:WtValue-WtValueImpl>
                                                   </swc:value>
                                                </swc:WtXmlAttribute>
                                             </swc:WtXmlAttributes-WtXmlAttributesImpl>
                                          </swc:xmlAttributes>
                                          <swc:body>
                                             <swc:WtBody-WtBodyImpl>
                                                <swc:rtd ptk:null="true"/>
                                                <swc:WtInternalLink>
                                                   <swc:rtd>c3EAfgARdXEAfgAVAAAAA3VxAH4AFwAAAAFxAH4ANXEAfgA2dXEAfgAXAAAAAXEAfgA4</swc:rtd>
                                                   <swc:prefix/>
                                                   <swc:postfix/>
                                                   <swc:target>
                                                      <swc:WtPageName ptk:location="Input:28:53">
                                                         <swc:content>Edo language</swc:content>
                                                         <swc:rtd ptk:null="true"/>
                                                      </swc:WtPageName>
                                                   </swc:target>
                                                   <swc:title>
                                                      <swc:WtLinkTitle-WtLinkTitleImpl>
                                                         <swc:rtd>c3EAfgARdXEAfgAVAAAAAnVxAH4AFwAAAAF0AAF8cQB+ADY=</swc:rtd>
                                                         <ptk:t ptk:location="Input:28:66">Edo</ptk:t>
                                                      </swc:WtLinkTitle-WtLinkTitleImpl>
                                                   </swc:title>
                                                </swc:WtInternalLink>
                                                <ptk:t ptk:location="Input:28:71">, </ptk:t>
                                                <swc:WtInternalLink>
                                                   <swc:rtd>c3EAfgARdXEAfgAVAAAAA3VxAH4AFwAAAAFxAH4ANXEAfgA2dXEAfgAXAAAAAXEAfgA4</swc:rtd>
                                                   <swc:prefix/>
                                                   <swc:postfix/>
                                                   <swc:target>
                                                      <swc:WtPageName ptk:location="Input:28:75">
                                                         <swc:content>Efik language</swc:content>
                                                         <swc:rtd ptk:null="true"/>
                                                      </swc:WtPageName>
                                                   </swc:target>
                                                   <swc:title>
                                                      <swc:WtLinkTitle-WtLinkTitleImpl>
                                                         <swc:rtd>c3EAfgARdXEAfgAVAAAAAnVxAH4AFwAAAAF0AAF8cQB+ADY=</swc:rtd>
                                                         <ptk:t ptk:location="Input:28:89">Efik</ptk:t>
                                                      </swc:WtLinkTitle-WtLinkTitleImpl>
                                                   </swc:title>
                                                </swc:WtInternalLink>
                                                <ptk:t ptk:location="Input:28:95">, </ptk:t>
                                                <swc:WtInternalLink>
                                                   <swc:rtd>c3EAfgARdXEAfgAVAAAAA3VxAH4AFwAAAAFxAH4ANXEAfgA2dXEAfgAXAAAAAXEAfgA4</swc:rtd>
                                                   <swc:prefix/>
                                                   <swc:postfix/>
                                                   <swc:target>
                                                      <swc:WtPageName ptk:location="Input:28:99">
                                                         <swc:content>Fula language</swc:content>
                                                         <swc:rtd ptk:null="true"/>
                                                      </swc:WtPageName>
                                                   </swc:target>
                                                   <swc:title>
                                                      <swc:WtLinkTitle-WtLinkTitleImpl>
                                                         <swc:rtd>c3EAfgARdXEAfgAVAAAAAnVxAH4AFwAAAAF0AAF8cQB+ADY=</swc:rtd>
                                                         <ptk:t ptk:location="Input:28:113">Fulani</ptk:t>
                                                      </swc:WtLinkTitle-WtLinkTitleImpl>
                                                   </swc:title>
                                                </swc:WtInternalLink>
                                                <ptk:t ptk:location="Input:28:121">, </ptk:t>
                                                <swc:WtInternalLink>
                                                   <swc:rtd>c3EAfgARdXEAfgAVAAAAA3VxAH4AFwAAAAFxAH4ANXEAfgA2dXEAfgAXAAAAAXEAfgA4</swc:rtd>
                                                   <swc:prefix/>
                                                   <swc:postfix/>
                                                   <swc:target>
                                                      <swc:WtPageName ptk:location="Input:28:125">
                                                         <swc:content>Idoma language</swc:content>
                                                         <swc:rtd ptk:null="true"/>
                                                      </swc:WtPageName>
                                                   </swc:target>
                                                   <swc:title>
                                                      <swc:WtLinkTitle-WtLinkTitleImpl>
                                                         <swc:rtd>c3EAfgARdXEAfgAVAAAAAnVxAH4AFwAAAAF0AAF8cQB+ADY=</swc:rtd>
                                                         <ptk:t ptk:location="Input:28:140">Idoma</ptk:t>
                                                      </swc:WtLinkTitle-WtLinkTitleImpl>
                                                   </swc:title>
                                                </swc:WtInternalLink>
                                                <ptk:t ptk:location="Input:28:147">, </ptk:t>
                                                <swc:WtInternalLink>
                                                   <swc:rtd>c3EAfgARdXEAfgAVAAAAA3VxAH4AFwAAAAFxAH4ANXEAfgA2dXEAfgAXAAAAAXEAfgA4</swc:rtd>
                                                   <swc:prefix/>
                                                   <swc:postfix/>
                                                   <swc:target>
                                                      <swc:WtPageName ptk:location="Input:28:151">
                                                         <swc:content>Ijaw languages</swc:content>
                                                         <swc:rtd ptk:null="true"/>
                                                      </swc:WtPageName>
                                                   </swc:target>
                                                   <swc:title>
                                                      <swc:WtLinkTitle-WtLinkTitleImpl>
                                                         <swc:rtd>c3EAfgARdXEAfgAVAAAAAnVxAH4AFwAAAAF0AAF8cQB+ADY=</swc:rtd>
                                                         <ptk:t ptk:location="Input:28:166">Ijaw</ptk:t>
                                                      </swc:WtLinkTitle-WtLinkTitleImpl>
                                                   </swc:title>
                                                </swc:WtInternalLink>
                                                <ptk:t ptk:location="Input:28:172"> </ptk:t>
                                                <swc:WtInternalLink>
                                                   <swc:rtd>c3EAfgARdXEAfgAVAAAAA3VxAH4AFwAAAAFxAH4ANXEAfgA2dXEAfgAXAAAAAXEAfgA4</swc:rtd>
                                                   <swc:prefix/>
                                                   <swc:postfix/>
                                                   <swc:target>
                                                      <swc:WtPageName ptk:location="Input:28:175">
                                                         <swc:content>Kanuri language</swc:content>
                                                         <swc:rtd ptk:null="true"/>
                                                      </swc:WtPageName>
                                                   </swc:target>
                                                   <swc:title>
                                                      <swc:WtLinkTitle-WtLinkTitleImpl>
                                                         <swc:rtd>c3EAfgARdXEAfgAVAAAAAnVxAH4AFwAAAAF0AAF8cQB+ADY=</swc:rtd>
                                                         <ptk:t ptk:location="Input:28:191">Kanuri</ptk:t>
                                                      </swc:WtLinkTitle-WtLinkTitleImpl>
                                                   </swc:title>
                                                </swc:WtInternalLink>
                                                <swc:WtTagExtension ptk:location="Input:14:178">
                                                   <ptk:a ptk:name="__SKIP__">
                                                      <ptk:Boolean>false</ptk:Boolean>
                                                   </ptk:a>
                                                   <swc:rtd>c3EAfgARdXEAfgAVAAAAA3VxAH4AFwAAAAF0AAQ8cmVmdXEAfgAXAAAAAXQAAT51cQB+ABcAAAABdAAGPC9yZWY+</swc:rtd>
                                                   <swc:name>ref</swc:name>
                                                   <swc:xmlAttributes>
                                                      <swc:WtXmlAttributes-WtEmptyXmlAttributes/>
                                                   </swc:xmlAttributes>
                                                   <swc:body>
                                                      <swc:WtTagExtensionBody-WtTagExtensionBodyImpl>
                                                         <swc:content>{{cite web|url=http://www.ethnologue.com/show_country.asp?name=ng |title=Languages of Nigeria |publisher=[[Ethnologue]] |accessdate=2010-09-12}}</swc:content>
                                                         <swc:rtd ptk:null="true"/>
                                                      </swc:WtTagExtensionBody-WtTagExtensionBodyImpl>
                                                   </swc:body>
                                                </swc:WtTagExtension>
                                             </swc:WtBody-WtBodyImpl>
                                          </swc:body>
                                       </swc:WtXmlElement>
                                       <ptk:t>
             </ptk:t>
                                    </swc:WtBody-WtBodyImpl>
                                 </swc:body>
                              </swc:WtXmlElement>
                              <swc:WtXmlElement>
                                 <swc:rtd>c3EAfgARdXEAfgAVAAAAA3VxAH4AFwAAAAF0AAM8dHJ1cQB+ABcAAAABdAABPnEAfgA2</swc:rtd>
                                 <swc:name>tr</swc:name>
                                 <swc:xmlAttributes>
                                    <swc:WtXmlAttributes-WtEmptyXmlAttributes/>
                                 </swc:xmlAttributes>
                                 <swc:body>
                                    <swc:WtBody-WtBodyImpl>
                                       <swc:rtd ptk:null="true"/>
                                       <ptk:t>
          </ptk:t>
                                       <swc:WtXmlElement>
                                          <swc:rtd>c3EAfgARdXEAfgAVAAAAA3VxAH4AFwAAAAF0AAM8dGh1cQB+ABcAAAABdAABPnEAfgA2</swc:rtd>
                                          <swc:name>th</swc:name>
                                          <swc:xmlAttributes>
                                             <swc:WtXmlAttributes-WtXmlAttributesImpl ptk:location="Input:30:14">
                                                <swc:rtd ptk:null="true"/>
                                                <swc:WtXmlAttribute ptk:location="Input:30:14">
                                                   <swc:rtd>c3EAfgARdXEAfgAVAAAAAnVxAH4AFwAAAAF0AAogY29sc3Bhbj0idXEAfgAXAAAAAXQAASI=</swc:rtd>
                                                   <swc:name>colspan</swc:name>
                                                   <swc:value>
                                                      <swc:WtValue-WtValueImpl ptk:location="Input:30:24">
                                                         <swc:rtd ptk:null="true"/>
                                                         <ptk:t ptk:location="Input:30:24">2</ptk:t>
                                                      </swc:WtValue-WtValueImpl>
                                                   </swc:value>
                                                </swc:WtXmlAttribute>
                                             </swc:WtXmlAttributes-WtXmlAttributesImpl>
                                          </swc:xmlAttributes>
                                          <swc:body>
                                             <swc:WtBody-WtBodyImpl>
                                                <swc:rtd ptk:null="true"/>
                                                <swc:WtInternalLink>
                                                   <swc:rtd>c3EAfgARdXEAfgAVAAAAA3VxAH4AFwAAAAFxAH4ANXEAfgA2dXEAfgAXAAAAAXEAfgA4</swc:rtd>
                                                   <swc:prefix/>
                                                   <swc:postfix/>
                                                   <swc:target>
                                                      <swc:WtPageName ptk:location="Input:30:29">
                                                         <swc:content>ديمونيم</swc:content>
                                                         <swc:rtd ptk:null="true"/>
                                                      </swc:WtPageName>
                                                   </swc:target>
                                                   <swc:title>
                                                      <swc:WtLinkTitle-WtLinkTitleImpl>
                                                         <swc:rtd>c3EAfgARdXEAfgAVAAAAAnVxAH4AFwAAAAF0AAF8cQB+ADY=</swc:rtd>
                                                         <ptk:t ptk:location="Input:30:37">اسم الأهل</ptk:t>
                                                      </swc:WtLinkTitle-WtLinkTitleImpl>
                                                   </swc:title>
                                                </swc:WtInternalLink>
                                             </swc:WtBody-WtBodyImpl>
                                          </swc:body>
                                       </swc:WtXmlElement>
                                       <ptk:t>
          </ptk:t>
                                       <swc:WtXmlElement>
                                          <swc:rtd>c3EAfgARdXEAfgAVAAAAA3VxAH4AFwAAAAF0AAM8dGR1cQB+ABcAAAABdAABPnEAfgA2</swc:rtd>
                                          <swc:name>td</swc:name>
                                          <swc:xmlAttributes>
                                             <swc:WtXmlAttributes-WtEmptyXmlAttributes/>
                                          </swc:xmlAttributes>
                                          <swc:body>
                                             <swc:WtBody-WtBodyImpl>
                                                <swc:rtd ptk:null="true"/>
                                                <swc:WtInternalLink>
                                                   <swc:rtd>c3EAfgARdXEAfgAVAAAAA3VxAH4AFwAAAAFxAH4ANXEAfgA2dXEAfgAXAAAAAXEAfgA4</swc:rtd>
                                                   <swc:prefix/>
                                                   <swc:postfix/>
                                                   <swc:target>
                                                      <swc:WtPageName ptk:location="Input:31:17">
                                                         <swc:content>Nigerian people</swc:content>
                                                         <swc:rtd ptk:null="true"/>
                                                      </swc:WtPageName>
                                                   </swc:target>
                                                   <swc:title>
                                                      <swc:WtLinkTitle-WtLinkTitleImpl>
                                                         <swc:rtd>c3EAfgARdXEAfgAVAAAAAnVxAH4AFwAAAAF0AAF8cQB+ADY=</swc:rtd>
                                                         <ptk:t ptk:location="Input:31:33">Nigerian</ptk:t>
                                                      </swc:WtLinkTitle-WtLinkTitleImpl>
                                                   </swc:title>
                                                </swc:WtInternalLink>
                                                <ptk:t>
          </ptk:t>
                                             </swc:WtBody-WtBodyImpl>
                                          </swc:body>
                                       </swc:WtXmlElement>
                                       <ptk:t>
        </ptk:t>
                                    </swc:WtBody-WtBodyImpl>
                                 </swc:body>
                              </swc:WtXmlElement>
                              <swc:WtXmlElement>
                                 <swc:rtd>c3EAfgARdXEAfgAVAAAAA3VxAH4AFwAAAAF0AAM8dHJ1cQB+ABcAAAABdAABPnEAfgA2</swc:rtd>
                                 <swc:name>tr</swc:name>
                                 <swc:xmlAttributes>
                                    <swc:WtXmlAttributes-WtEmptyXmlAttributes/>
                                 </swc:xmlAttributes>
                                 <swc:body>
                                    <swc:WtBody-WtBodyImpl>
                                       <swc:rtd ptk:null="true"/>
                                       <ptk:t>
          </ptk:t>
                                       <swc:WtXmlElement>
                                          <swc:rtd>c3EAfgARdXEAfgAVAAAAA3VxAH4AFwAAAAF0AAM8dGh1cQB+ABcAAAABdAABPnEAfgA2</swc:rtd>
                                          <swc:name>th</swc:name>
                                          <swc:xmlAttributes>
                                             <swc:WtXmlAttributes-WtXmlAttributesImpl ptk:location="Input:34:14">
                                                <swc:rtd ptk:null="true"/>
                                                <swc:WtXmlAttribute ptk:location="Input:34:14">
                                                   <swc:rtd>c3EAfgARdXEAfgAVAAAAAnVxAH4AFwAAAAF0AAogY29sc3Bhbj0idXEAfgAXAAAAAXQAASI=</swc:rtd>
                                                   <swc:name>colspan</swc:name>
                                                   <swc:value>
                                                      <swc:WtValue-WtValueImpl ptk:location="Input:34:24">
                                                         <swc:rtd ptk:null="true"/>
                                                         <ptk:t ptk:location="Input:34:24">2</ptk:t>
                                                      </swc:WtValue-WtValueImpl>
                                                   </swc:value>
                                                </swc:WtXmlAttribute>
                                             </swc:WtXmlAttributes-WtXmlAttributesImpl>
                                          </swc:xmlAttributes>
                                          <swc:body>
                                             <swc:WtBody-WtBodyImpl>
                                                <swc:rtd ptk:null="true"/>
                                                <swc:WtInternalLink>
                                                   <swc:rtd>c3EAfgARdXEAfgAVAAAAA3VxAH4AFwAAAAFxAH4ANXEAfgA2dXEAfgAXAAAAAXEAfgA4</swc:rtd>
                                                   <swc:prefix/>
                                                   <swc:postfix/>
                                                   <swc:target>
                                                      <swc:WtPageName ptk:location="Input:34:29">
                                                         <swc:content>حكومه</swc:content>
                                                         <swc:rtd ptk:null="true"/>
                                                      </swc:WtPageName>
                                                   </swc:target>
                                                   <swc:title>
                                                      <swc:WtLinkTitle-WtLinkTitleImpl>
                                                         <swc:rtd>c3EAfgARdXEAfgAVAAAAAnVxAH4AFwAAAAF0AAF8cQB+ADY=</swc:rtd>
                                                         <ptk:t ptk:location="Input:34:35">نوع الحكومه</ptk:t>
                                                      </swc:WtLinkTitle-WtLinkTitleImpl>
                                                   </swc:title>
                                                </swc:WtInternalLink>
                                             </swc:WtBody-WtBodyImpl>
                                          </swc:body>
                                       </swc:WtXmlElement>
                                       <ptk:t>
          </ptk:t>
                                       <swc:WtXmlElement>
                                          <swc:rtd>c3EAfgARdXEAfgAVAAAAA3VxAH4AFwAAAAF0AAM8dGR1cQB+ABcAAAABdAABPnEAfgA2</swc:rtd>
                                          <swc:name>td</swc:name>
                                          <swc:xmlAttributes>
                                             <swc:WtXmlAttributes-WtEmptyXmlAttributes/>
                                          </swc:xmlAttributes>
                                          <swc:body>
                                             <swc:WtBody-WtBodyImpl>
                                                <swc:rtd ptk:null="true"/>
                                                <swc:WtInternalLink>
                                                   <swc:rtd>c3EAfgARdXEAfgAVAAAAA3VxAH4AFwAAAAFxAH4ANXEAfgA2dXEAfgAXAAAAAXEAfgA4</swc:rtd>
                                                   <swc:prefix/>
                                                   <swc:postfix/>
                                                   <swc:target>
                                                      <swc:WtPageName ptk:location="Input:35:17">
                                                         <swc:content>presidential system</swc:content>
                                                         <swc:rtd ptk:null="true"/>
                                                      </swc:WtPageName>
                                                   </swc:target>
                                                   <swc:title>
                                                      <swc:WtLinkTitle-WtLinkTitleImpl>
                                                         <swc:rtd>c3EAfgARdXEAfgAVAAAAAnVxAH4AFwAAAAF0AAF8cQB+ADY=</swc:rtd>
                                                         <ptk:t ptk:location="Input:35:37">Presidential</ptk:t>
                                                      </swc:WtLinkTitle-WtLinkTitleImpl>
                                                   </swc:title>
                                                </swc:WtInternalLink>
                                                <ptk:t ptk:location="Input:35:51"> </ptk:t>
                                                <swc:WtInternalLink>
                                                   <swc:rtd>c3EAfgARdXEAfgAVAAAAA3VxAH4AFwAAAAFxAH4ANXEAfgA2dXEAfgAXAAAAAXEAfgA4</swc:rtd>
                                                   <swc:prefix/>
                                                   <swc:postfix/>
                                                   <swc:target>
                                                      <swc:WtPageName ptk:location="Input:35:54">
                                                         <swc:content>Federal republic</swc:content>
                                                         <swc:rtd ptk:null="true"/>
                                                      </swc:WtPageName>
                                                   </swc:target>
                                                   <swc:title>
                                                      <swc:WtLinkTitle-WtNoLinkTitle/>
                                                   </swc:title>
                                                </swc:WtInternalLink>
                                             </swc:WtBody-WtBodyImpl>
                                          </swc:body>
                                       </swc:WtXmlElement>
                                       <ptk:t>
        </ptk:t>
                                    </swc:WtBody-WtBodyImpl>
                                 </swc:body>
                              </swc:WtXmlElement>
                              <swc:WtXmlElement>
                                 <swc:rtd>c3EAfgARdXEAfgAVAAAAA3VxAH4AFwAAAAF0AAM8dHJ1cQB+ABcAAAABdAABPnEAfgA2</swc:rtd>
                                 <swc:name>tr</swc:name>
                                 <swc:xmlAttributes>
                                    <swc:WtXmlAttributes-WtXmlAttributesImpl ptk:location="Input:36:17">
                                       <swc:rtd ptk:null="true"/>
                                       <swc:WtXmlAttribute ptk:location="Input:36:17">
                                          <swc:rtd>c3EAfgARdXEAfgAVAAAAAnVxAH4AFwAAAAF0AAggY2xhc3M9InVxAH4AFwAAAAF0AAEi</swc:rtd>
                                          <swc:name>class</swc:name>
                                          <swc:value>
                                             <swc:WtValue-WtValueImpl ptk:location="Input:36:25">
                                                <swc:rtd ptk:null="true"/>
                                                <ptk:t ptk:location="Input:36:25">mergedrow</ptk:t>
                                             </swc:WtValue-WtValueImpl>
                                          </swc:value>
                                       </swc:WtXmlAttribute>
                                    </swc:WtXmlAttributes-WtXmlAttributesImpl>
                                 </swc:xmlAttributes>
                                 <swc:body>
                                    <swc:WtBody-WtBodyImpl>
                                       <swc:rtd ptk:null="true"/>
                                       <ptk:t>
          </ptk:t>
                                       <swc:WtXmlElement>
                                          <swc:rtd>c3EAfgARdXEAfgAVAAAAA3VxAH4AFwAAAAF0AAM8dGR1cQB+ABcAAAABdAABPnEAfgA2</swc:rtd>
                                          <swc:name>td</swc:name>
                                          <swc:xmlAttributes>
                                             <swc:WtXmlAttributes-WtXmlAttributesImpl ptk:location="Input:37:14">
                                                <swc:rtd ptk:null="true"/>
                                                <swc:WtXmlAttribute ptk:location="Input:37:14">
                                                   <swc:rtd>c3EAfgARdXEAfgAVAAAAAnVxAH4AFwAAAAF0AAggc3R5bGU9InVxAH4AFwAAAAF0AAEi</swc:rtd>
                                                   <swc:name>style</swc:name>
                                                   <swc:value>
                                                      <swc:WtValue-WtValueImpl ptk:location="Input:37:22">
                                                         <swc:rtd ptk:null="true"/>
                                                         <ptk:t ptk:location="Input:37:22">width:1em; padding:0 0 0 0.6em;</ptk:t>
                                                      </swc:WtValue-WtValueImpl>
                                                   </swc:value>
                                                </swc:WtXmlAttribute>
                                             </swc:WtXmlAttributes-WtXmlAttributesImpl>
                                          </swc:xmlAttributes>
                                          <swc:body>
                                             <swc:WtBody-WtBodyImpl>
                                                <swc:rtd ptk:null="true"/>
                                                <swc:WtXmlEntityRef ptk:location="Input:37:56">
                                                   <swc:rtd>c3EAfgARdXEAfgAVAAAAAXVxAH4AFwAAAAF0AAYmbmJzcDs=</swc:rtd>
                                                   <swc:name>nbsp</swc:name>
                                                   <swc:resolved> </swc:resolved>
                                                </swc:WtXmlEntityRef>
                                                <ptk:t ptk:location="Input:37:61">-</ptk:t>
                                                <swc:WtXmlEntityRef ptk:location="Input:37:63">
                                                   <swc:rtd>c3EAfgARdXEAfgAVAAAAAXVxAH4AFwAAAAF0AAYmbmJzcDs=</swc:rtd>
                                                   <swc:name>nbsp</swc:name>
                                                   <swc:resolved> </swc:resolved>
                                                </swc:WtXmlEntityRef>
                                             </swc:WtBody-WtBodyImpl>
                                          </swc:body>
                                       </swc:WtXmlElement>
                                       <ptk:t>
          </ptk:t>
                                       <swc:WtXmlElement>
                                          <swc:rtd>c3EAfgARdXEAfgAVAAAAA3VxAH4AFwAAAAF0AAM8dGR1cQB+ABcAAAABdAABPnEAfgA2</swc:rtd>
                                          <swc:name>td</swc:name>
                                          <swc:xmlAttributes>
                                             <swc:WtXmlAttributes-WtXmlAttributesImpl ptk:location="Input:38:14">
                                                <swc:rtd ptk:null="true"/>
                                                <swc:WtXmlAttribute ptk:location="Input:38:14">
                                                   <swc:rtd>c3EAfgARdXEAfgAVAAAAAnVxAH4AFwAAAAF0AAggc3R5bGU9InVxAH4AFwAAAAF0AAEi</swc:rtd>
                                                   <swc:name>style</swc:name>
                                                   <swc:value>
                                                      <swc:WtValue-WtValueImpl ptk:location="Input:38:22">
                                                         <swc:rtd ptk:null="true"/>
                                                         <ptk:t ptk:location="Input:38:22">padding-left:0em;</ptk:t>
                                                      </swc:WtValue-WtValueImpl>
                                                   </swc:value>
                                                </swc:WtXmlAttribute>
                                             </swc:WtXmlAttributes-WtXmlAttributesImpl>
                                          </swc:xmlAttributes>
                                          <swc:body>
                                             <swc:WtBody-WtBodyImpl>
                                                <swc:rtd ptk:null="true"/>
                                                <swc:WtInternalLink>
                                                   <swc:rtd>c3EAfgARdXEAfgAVAAAAA3VxAH4AFwAAAAFxAH4ANXEAfgA2dXEAfgAXAAAAAXEAfgA4</swc:rtd>
                                                   <swc:prefix/>
                                                   <swc:postfix/>
                                                   <swc:target>
                                                      <swc:WtPageName ptk:location="Input:38:43">
                                                         <swc:content>President of Nigeria</swc:content>
                                                         <swc:rtd ptk:null="true"/>
                                                      </swc:WtPageName>
                                                   </swc:target>
                                                   <swc:title>
                                                      <swc:WtLinkTitle-WtLinkTitleImpl>
                                                         <swc:rtd>c3EAfgARdXEAfgAVAAAAAnVxAH4AFwAAAAF0AAF8cQB+ADY=</swc:rtd>
                                                         <ptk:t ptk:location="Input:38:64">President</ptk:t>
                                                      </swc:WtLinkTitle-WtLinkTitleImpl>
                                                   </swc:title>
                                                </swc:WtInternalLink>
                                             </swc:WtBody-WtBodyImpl>
                                          </swc:body>
                                       </swc:WtXmlElement>
                                       <ptk:t>
          </ptk:t>
                                       <swc:WtXmlElement>
                                          <swc:rtd>c3EAfgARdXEAfgAVAAAAA3VxAH4AFwAAAAF0AAM8dGR1cQB+ABcAAAABdAABPnEAfgA2</swc:rtd>
                                          <swc:name>td</swc:name>
                                          <swc:xmlAttributes>
                                             <swc:WtXmlAttributes-WtEmptyXmlAttributes/>
                                          </swc:xmlAttributes>
                                          <swc:body>
                                             <swc:WtBody-WtBodyImpl>
                                                <swc:rtd ptk:null="true"/>
                                                <swc:WtInternalLink>
                                                   <swc:rtd>c3EAfgARdXEAfgAVAAAAA3VxAH4AFwAAAAFxAH4ANXEAfgA2dXEAfgAXAAAAAXEAfgA4</swc:rtd>
                                                   <swc:prefix/>
                                                   <swc:postfix/>
                                                   <swc:target>
                                                      <swc:WtPageName ptk:location="Input:39:17">
                                                         <swc:content>Goodluck Jonathan</swc:content>
                                                         <swc:rtd ptk:null="true"/>
                                                      </swc:WtPageName>
                                                   </swc:target>
                                                   <swc:title>
                                                      <swc:WtLinkTitle-WtNoLinkTitle/>
                                                   </swc:title>
                                                </swc:WtInternalLink>
                                             </swc:WtBody-WtBodyImpl>
                                          </swc:body>
                                       </swc:WtXmlElement>
                                       <ptk:t>
        </ptk:t>
                                    </swc:WtBody-WtBodyImpl>
                                 </swc:body>
                              </swc:WtXmlElement>
                              <swc:WtXmlElement>
                                 <swc:rtd>c3EAfgARdXEAfgAVAAAAA3VxAH4AFwAAAAF0AAM8dHJ1cQB+ABcAAAABdAABPnEAfgA2</swc:rtd>
                                 <swc:name>tr</swc:name>
                                 <swc:xmlAttributes>
                                    <swc:WtXmlAttributes-WtXmlAttributesImpl ptk:location="Input:40:17">
                                       <swc:rtd ptk:null="true"/>
                                       <swc:WtXmlAttribute ptk:location="Input:40:17">
                                          <swc:rtd>c3EAfgARdXEAfgAVAAAAAnVxAH4AFwAAAAF0AAggY2xhc3M9InVxAH4AFwAAAAF0AAEi</swc:rtd>
                                          <swc:name>class</swc:name>
                                          <swc:value>
                                             <swc:WtValue-WtValueImpl ptk:location="Input:40:25">
                                                <swc:rtd ptk:null="true"/>
                                                <ptk:t ptk:location="Input:40:25">mergedbottomrow</ptk:t>
                                             </swc:WtValue-WtValueImpl>
                                          </swc:value>
                                       </swc:WtXmlAttribute>
                                    </swc:WtXmlAttributes-WtXmlAttributesImpl>
                                 </swc:xmlAttributes>
                                 <swc:body>
                                    <swc:WtBody-WtBodyImpl>
                                       <swc:rtd ptk:null="true"/>
                                       <ptk:t>
          </ptk:t>
                                       <swc:WtXmlElement>
                                          <swc:rtd>c3EAfgARdXEAfgAVAAAAA3VxAH4AFwAAAAF0AAM8dGR1cQB+ABcAAAABdAABPnEAfgA2</swc:rtd>
                                          <swc:name>td</swc:name>
                                          <swc:xmlAttributes>
                                             <swc:WtXmlAttributes-WtXmlAttributesImpl ptk:location="Input:41:14">
                                                <swc:rtd ptk:null="true"/>
                                                <swc:WtXmlAttribute ptk:location="Input:41:14">
                                                   <swc:rtd>c3EAfgARdXEAfgAVAAAAAnVxAH4AFwAAAAF0AAggc3R5bGU9InVxAH4AFwAAAAF0AAEi</swc:rtd>
                                                   <swc:name>style</swc:name>
                                                   <swc:value>
                                                      <swc:WtValue-WtValueImpl ptk:location="Input:41:22">
                                                         <swc:rtd ptk:null="true"/>
                                                         <ptk:t ptk:location="Input:41:22">width:1em; padding:0 0 0 0.6em;</ptk:t>
                                                      </swc:WtValue-WtValueImpl>
                                                   </swc:value>
                                                </swc:WtXmlAttribute>
                                             </swc:WtXmlAttributes-WtXmlAttributesImpl>
                                          </swc:xmlAttributes>
                                          <swc:body>
                                             <swc:WtBody-WtBodyImpl>
                                                <swc:rtd ptk:null="true"/>
                                                <swc:WtXmlEntityRef ptk:location="Input:41:56">
                                                   <swc:rtd>c3EAfgARdXEAfgAVAAAAAXVxAH4AFwAAAAF0AAYmbmJzcDs=</swc:rtd>
                                                   <swc:name>nbsp</swc:name>
                                                   <swc:resolved> </swc:resolved>
                                                </swc:WtXmlEntityRef>
                                                <ptk:t ptk:location="Input:41:61">-</ptk:t>
                                                <swc:WtXmlEntityRef ptk:location="Input:41:63">
                                                   <swc:rtd>c3EAfgARdXEAfgAVAAAAAXVxAH4AFwAAAAF0AAYmbmJzcDs=</swc:rtd>
                                                   <swc:name>nbsp</swc:name>
                                                   <swc:resolved> </swc:resolved>
                                                </swc:WtXmlEntityRef>
                                             </swc:WtBody-WtBodyImpl>
                                          </swc:body>
                                       </swc:WtXmlElement>
                                       <ptk:t>
          </ptk:t>
                                       <swc:WtXmlElement>
                                          <swc:rtd>c3EAfgARdXEAfgAVAAAAA3VxAH4AFwAAAAF0AAM8dGR1cQB+ABcAAAABdAABPnEAfgA2</swc:rtd>
                                          <swc:name>td</swc:name>
                                          <swc:xmlAttributes>
                                             <swc:WtXmlAttributes-WtXmlAttributesImpl ptk:location="Input:42:14">
                                                <swc:rtd ptk:null="true"/>
                                                <swc:WtXmlAttribute ptk:location="Input:42:14">
                                                   <swc:rtd>c3EAfgARdXEAfgAVAAAAAnVxAH4AFwAAAAF0AAggc3R5bGU9InVxAH4AFwAAAAF0AAEi</swc:rtd>
                                                   <swc:name>style</swc:name>
                                                   <swc:value>
                                                      <swc:WtValue-WtValueImpl ptk:location="Input:42:22">
                                                         <swc:rtd ptk:null="true"/>
                                                         <ptk:t ptk:location="Input:42:22">padding-left:0em;</ptk:t>
                                                      </swc:WtValue-WtValueImpl>
                                                   </swc:value>
                                                </swc:WtXmlAttribute>
                                             </swc:WtXmlAttributes-WtXmlAttributesImpl>
                                          </swc:xmlAttributes>
                                          <swc:body>
                                             <swc:WtBody-WtBodyImpl>
                                                <swc:rtd ptk:null="true"/>
                                                <swc:WtInternalLink>
                                                   <swc:rtd>c3EAfgARdXEAfgAVAAAAA3VxAH4AFwAAAAFxAH4ANXEAfgA2dXEAfgAXAAAAAXEAfgA4</swc:rtd>
                                                   <swc:prefix/>
                                                   <swc:postfix/>
                                                   <swc:target>
                                                      <swc:WtPageName ptk:location="Input:42:43">
                                                         <swc:content>Vice President of Nigeria</swc:content>
                                                         <swc:rtd ptk:null="true"/>
                                                      </swc:WtPageName>
                                                   </swc:target>
                                                   <swc:title>
                                                      <swc:WtLinkTitle-WtLinkTitleImpl>
                                                         <swc:rtd>c3EAfgARdXEAfgAVAAAAAnVxAH4AFwAAAAF0AAF8cQB+ADY=</swc:rtd>
                                                         <ptk:t ptk:location="Input:42:69">Vice President</ptk:t>
                                                      </swc:WtLinkTitle-WtLinkTitleImpl>
                                                   </swc:title>
                                                </swc:WtInternalLink>
                                             </swc:WtBody-WtBodyImpl>
                                          </swc:body>
                                       </swc:WtXmlElement>
                                       <ptk:t>
          </ptk:t>
                                       <swc:WtXmlElement>
                                          <swc:rtd>c3EAfgARdXEAfgAVAAAAA3VxAH4AFwAAAAF0AAM8dGR1cQB+ABcAAAABdAABPnEAfgA2</swc:rtd>
                                          <swc:name>td</swc:name>
                                          <swc:xmlAttributes>
                                             <swc:WtXmlAttributes-WtEmptyXmlAttributes/>
                                          </swc:xmlAttributes>
                                          <swc:body>
                                             <swc:WtBody-WtBodyImpl>
                                                <swc:rtd ptk:null="true"/>
                                                <swc:WtInternalLink>
                                                   <swc:rtd>c3EAfgARdXEAfgAVAAAAA3VxAH4AFwAAAAFxAH4ANXEAfgA2dXEAfgAXAAAAAXEAfgA4</swc:rtd>
                                                   <swc:prefix/>
                                                   <swc:postfix/>
                                                   <swc:target>
                                                      <swc:WtPageName ptk:location="Input:43:17">
                                                         <swc:content>Namadi Sambo</swc:content>
                                                         <swc:rtd ptk:null="true"/>
                                                      </swc:WtPageName>
                                                   </swc:target>
                                                   <swc:title>
                                                      <swc:WtLinkTitle-WtNoLinkTitle/>
                                                   </swc:title>
                                                </swc:WtInternalLink>
                                             </swc:WtBody-WtBodyImpl>
                                          </swc:body>
                                       </swc:WtXmlElement>
                                       <ptk:t>
        </ptk:t>
                                    </swc:WtBody-WtBodyImpl>
                                 </swc:body>
                              </swc:WtXmlElement>
                              <swc:WtXmlElement>
                                 <swc:rtd>c3EAfgARdXEAfgAVAAAAA3VxAH4AFwAAAAF0AAM8dHJ1cQB+ABcAAAABdAABPnEAfgA2</swc:rtd>
                                 <swc:name>tr</swc:name>
                                 <swc:xmlAttributes>
                                    <swc:WtXmlAttributes-WtXmlAttributesImpl ptk:location="Input:44:17">
                                       <swc:rtd ptk:null="true"/>
                                       <swc:WtXmlAttribute ptk:location="Input:44:17">
                                          <swc:rtd>c3EAfgARdXEAfgAVAAAAAnVxAH4AFwAAAAF0AAggY2xhc3M9InVxAH4AFwAAAAF0AAEi</swc:rtd>
                                          <swc:name>class</swc:name>
                                          <swc:value>
                                             <swc:WtValue-WtValueImpl ptk:location="Input:44:25">
                                                <swc:rtd ptk:null="true"/>
                                                <ptk:t ptk:location="Input:44:25">mergedtoprow</ptk:t>
                                             </swc:WtValue-WtValueImpl>
                                          </swc:value>
                                       </swc:WtXmlAttribute>
                                    </swc:WtXmlAttributes-WtXmlAttributesImpl>
                                 </swc:xmlAttributes>
                                 <swc:body>
                                    <swc:WtBody-WtBodyImpl>
                                       <swc:rtd ptk:null="true"/>
                                       <swc:WtXmlElement>
                                          <swc:rtd>c3EAfgARdXEAfgAVAAAAA3VxAH4AFwAAAAF0AAM8dGh1cQB+ABcAAAABdAABPnEAfgA2</swc:rtd>
                                          <swc:name>th</swc:name>
                                          <swc:xmlAttributes>
                                             <swc:WtXmlAttributes-WtXmlAttributesImpl ptk:location="Input:44:42">
                                                <swc:rtd ptk:null="true"/>
                                                <swc:WtXmlAttribute ptk:location="Input:44:42">
                                                   <swc:rtd>c3EAfgARdXEAfgAVAAAAAnVxAH4AFwAAAAF0AAogY29sc3Bhbj0idXEAfgAXAAAAAXQAASI=</swc:rtd>
                                                   <swc:name>colspan</swc:name>
                                                   <swc:value>
                                                      <swc:WtValue-WtValueImpl ptk:location="Input:44:52">
                                                         <swc:rtd ptk:null="true"/>
                                                         <ptk:t ptk:location="Input:44:52">2</ptk:t>
                                                      </swc:WtValue-WtValueImpl>
                                                   </swc:value>
                                                </swc:WtXmlAttribute>
                                             </swc:WtXmlAttributes-WtXmlAttributesImpl>
                                          </swc:xmlAttributes>
                                          <swc:body>
                                             <swc:WtBody-WtBodyImpl>
                                                <swc:rtd ptk:null="true"/>
                                                <swc:WtInternalLink>
                                                   <swc:rtd>c3EAfgARdXEAfgAVAAAAA3VxAH4AFwAAAAFxAH4ANXEAfgA2dXEAfgAXAAAAAXEAfgA4</swc:rtd>
                                                   <swc:prefix/>
                                                   <swc:postfix/>
                                                   <swc:target>
                                                      <swc:WtPageName ptk:location="Input:44:57">
                                                         <swc:content>History of Nigeria</swc:content>
                                                         <swc:rtd ptk:null="true"/>
                                                      </swc:WtPageName>
                                                   </swc:target>
                                                   <swc:title>
                                                      <swc:WtLinkTitle-WtLinkTitleImpl>
                                                         <swc:rtd>c3EAfgARdXEAfgAVAAAAAnVxAH4AFwAAAAF0AAF8cQB+ADY=</swc:rtd>
                                                         <ptk:t ptk:location="Input:44:76">Independence</ptk:t>
                                                      </swc:WtLinkTitle-WtLinkTitleImpl>
                                                   </swc:title>
                                                </swc:WtInternalLink>
                                             </swc:WtBody-WtBodyImpl>
                                          </swc:body>
                                       </swc:WtXmlElement>
                                       <ptk:t>
                                      </ptk:t>
                                       <swc:WtXmlElement>
                                          <swc:rtd>c3EAfgARdXEAfgAVAAAAA3VxAH4AFwAAAAF0AAM8dGR1cQB+ABcAAAABdAABPnEAfgA2</swc:rtd>
                                          <swc:name>td</swc:name>
                                          <swc:xmlAttributes>
                                             <swc:WtXmlAttributes-WtEmptyXmlAttributes/>
                                          </swc:xmlAttributes>
                                          <swc:body>
                                             <swc:WtBody-WtBodyImpl>
                                                <swc:rtd ptk:null="true"/>
                                                <ptk:t ptk:location="Input:45:43">from the </ptk:t>
                                                <swc:WtInternalLink>
                                                   <swc:rtd>c3EAfgARdXEAfgAVAAAAA3VxAH4AFwAAAAFxAH4ANXEAfgA2dXEAfgAXAAAAAXEAfgA4</swc:rtd>
                                                   <swc:prefix/>
                                                   <swc:postfix/>
                                                   <swc:target>
                                                      <swc:WtPageName ptk:location="Input:45:54">
                                                         <swc:content>United Kingdom</swc:content>
                                                         <swc:rtd ptk:null="true"/>
                                                      </swc:WtPageName>
                                                   </swc:target>
                                                   <swc:title>
                                                      <swc:WtLinkTitle-WtNoLinkTitle/>
                                                   </swc:title>
                                                </swc:WtInternalLink>
                                                <swc:WtXmlEntityRef ptk:location="Input:45:71">
                                                   <swc:rtd>c3EAfgARdXEAfgAVAAAAAXVxAH4AFwAAAAF0AAYmbmJzcDs=</swc:rtd>
                                                   <swc:name>nbsp</swc:name>
                                                   <swc:resolved> </swc:resolved>
                                                </swc:WtXmlEntityRef>
                                             </swc:WtBody-WtBodyImpl>
                                          </swc:body>
                                       </swc:WtXmlElement>
                                    </swc:WtBody-WtBodyImpl>
                                 </swc:body>
                              </swc:WtXmlElement>
                              <swc:WtXmlElement>
                                 <swc:rtd>c3EAfgARdXEAfgAVAAAAA3VxAH4AFwAAAAF0AAM8dHJ1cQB+ABcAAAABdAABPnEAfgA2</swc:rtd>
                                 <swc:name>tr</swc:name>
                                 <swc:xmlAttributes>
                                    <swc:WtXmlAttributes-WtXmlAttributesImpl ptk:location="Input:45:89">
                                       <swc:rtd ptk:null="true"/>
                                       <swc:WtXmlAttribute ptk:location="Input:45:89">
                                          <swc:rtd>c3EAfgARdXEAfgAVAAAAAnVxAH4AFwAAAAF0AAggY2xhc3M9InVxAH4AFwAAAAF0AAEi</swc:rtd>
                                          <swc:name>class</swc:name>
                                          <swc:value>
                                             <swc:WtValue-WtValueImpl ptk:location="Input:45:97">
                                                <swc:rtd ptk:null="true"/>
                                                <ptk:t ptk:location="Input:45:97">mergedrow</ptk:t>
                                             </swc:WtValue-WtValueImpl>
                                          </swc:value>
                                       </swc:WtXmlAttribute>
                                    </swc:WtXmlAttributes-WtXmlAttributesImpl>
                                 </swc:xmlAttributes>
                                 <swc:body>
                                    <swc:WtBody-WtBodyImpl>
                                       <swc:rtd ptk:null="true"/>
                                       <ptk:t>
          </ptk:t>
                                       <swc:WtXmlElement>
                                          <swc:rtd>c3EAfgARdXEAfgAVAAAAA3VxAH4AFwAAAAF0AAM8dGR1cQB+ABcAAAABdAABPnEAfgA2</swc:rtd>
                                          <swc:name>td</swc:name>
                                          <swc:xmlAttributes>
                                             <swc:WtXmlAttributes-WtXmlAttributesImpl ptk:location="Input:46:14">
                                                <swc:rtd ptk:null="true"/>
                                                <swc:WtXmlAttribute ptk:location="Input:46:14">
                                                   <swc:rtd>c3EAfgARdXEAfgAVAAAAAnVxAH4AFwAAAAF0AAggc3R5bGU9InVxAH4AFwAAAAF0AAEi</swc:rtd>
                                                   <swc:name>style</swc:name>
                                                   <swc:value>
                                                      <swc:WtValue-WtValueImpl ptk:location="Input:46:22">
                                                         <swc:rtd ptk:null="true"/>
                                                         <ptk:t ptk:location="Input:46:22">width:1em; padding:0 0 0 0.6em;</ptk:t>
                                                      </swc:WtValue-WtValueImpl>
                                                   </swc:value>
                                                </swc:WtXmlAttribute>
                                             </swc:WtXmlAttributes-WtXmlAttributesImpl>
                                          </swc:xmlAttributes>
                                          <swc:body>
                                             <swc:WtBody-WtBodyImpl>
                                                <swc:rtd ptk:null="true"/>
                                                <swc:WtXmlEntityRef ptk:location="Input:46:56">
                                                   <swc:rtd>c3EAfgARdXEAfgAVAAAAAXVxAH4AFwAAAAF0AAYmbmJzcDs=</swc:rtd>
                                                   <swc:name>nbsp</swc:name>
                                                   <swc:resolved> </swc:resolved>
                                                </swc:WtXmlEntityRef>
                                                <ptk:t ptk:location="Input:46:61">-</ptk:t>
                                                <swc:WtXmlEntityRef ptk:location="Input:46:63">
                                                   <swc:rtd>c3EAfgARdXEAfgAVAAAAAXVxAH4AFwAAAAF0AAYmbmJzcDs=</swc:rtd>
                                                   <swc:name>nbsp</swc:name>
                                                   <swc:resolved> </swc:resolved>
                                                </swc:WtXmlEntityRef>
                                             </swc:WtBody-WtBodyImpl>
                                          </swc:body>
                                       </swc:WtXmlElement>
                                       <ptk:t>
          </ptk:t>
                                       <swc:WtXmlElement>
                                          <swc:rtd>c3EAfgARdXEAfgAVAAAAA3VxAH4AFwAAAAF0AAM8dGR1cQB+ABcAAAABdAABPnEAfgA2</swc:rtd>
                                          <swc:name>td</swc:name>
                                          <swc:xmlAttributes>
                                             <swc:WtXmlAttributes-WtXmlAttributesImpl ptk:location="Input:47:14">
                                                <swc:rtd ptk:null="true"/>
                                                <swc:WtXmlAttribute ptk:location="Input:47:14">
                                                   <swc:rtd>c3EAfgARdXEAfgAVAAAAAnVxAH4AFwAAAAF0AAggc3R5bGU9InVxAH4AFwAAAAF0AAEi</swc:rtd>
                                                   <swc:name>style</swc:name>
                                                   <swc:value>
                                                      <swc:WtValue-WtValueImpl ptk:location="Input:47:22">
                                                         <swc:rtd ptk:null="true"/>
                                                         <ptk:t ptk:location="Input:47:22">padding-left:0em;</ptk:t>
                                                      </swc:WtValue-WtValueImpl>
                                                   </swc:value>
                                                </swc:WtXmlAttribute>
                                             </swc:WtXmlAttributes-WtXmlAttributesImpl>
                                          </swc:xmlAttributes>
                                          <swc:body>
                                             <swc:WtBody-WtBodyImpl>
                                                <swc:rtd ptk:null="true"/>
                                                <ptk:t ptk:location="Input:47:41">Unification of </ptk:t>
                                                <swc:WtInternalLink>
                                                   <swc:rtd>c3EAfgARdXEAfgAVAAAAA3VxAH4AFwAAAAFxAH4ANXEAfgA2dXEAfgAXAAAAAXEAfgA4</swc:rtd>
                                                   <swc:prefix/>
                                                   <swc:postfix/>
                                                   <swc:target>
                                                      <swc:WtPageName ptk:location="Input:47:58">
                                                         <swc:content>Protectorate of Southern Nigeria</swc:content>
                                                         <swc:rtd ptk:null="true"/>
                                                      </swc:WtPageName>
                                                   </swc:target>
                                                   <swc:title>
                                                      <swc:WtLinkTitle-WtLinkTitleImpl>
                                                         <swc:rtd>c3EAfgARdXEAfgAVAAAAAnVxAH4AFwAAAAF0AAF8cQB+ADY=</swc:rtd>
                                                         <ptk:t ptk:location="Input:47:91">Southern</ptk:t>
                                                      </swc:WtLinkTitle-WtLinkTitleImpl>
                                                   </swc:title>
                                                </swc:WtInternalLink>
                                                <ptk:t ptk:location="Input:47:101"> and </ptk:t>
                                                <swc:WtInternalLink>
                                                   <swc:rtd>c3EAfgARdXEAfgAVAAAAA3VxAH4AFwAAAAFxAH4ANXEAfgA2dXEAfgAXAAAAAXEAfgA4</swc:rtd>
                                                   <swc:prefix/>
                                                   <swc:postfix/>
                                                   <swc:target>
                                                      <swc:WtPageName ptk:location="Input:47:108">
                                                         <swc:content>Protectorate of Northern Nigeria</swc:content>
                                                         <swc:rtd ptk:null="true"/>
                                                      </swc:WtPageName>
                                                   </swc:target>
                                                   <swc:title>
                                                      <swc:WtLinkTitle-WtLinkTitleImpl>
                                                         <swc:rtd>c3EAfgARdXEAfgAVAAAAAnVxAH4AFwAAAAF0AAF8cQB+ADY=</swc:rtd>
                                                         <ptk:t ptk:location="Input:47:141">Northern Nigeria</ptk:t>
                                                      </swc:WtLinkTitle-WtLinkTitleImpl>
                                                   </swc:title>
                                                </swc:WtInternalLink>
                                             </swc:WtBody-WtBodyImpl>
                                          </swc:body>
                                       </swc:WtXmlElement>
                                       <ptk:t>
          </ptk:t>
                                       <swc:WtXmlElement>
                                          <swc:rtd>c3EAfgARdXEAfgAVAAAAA3VxAH4AFwAAAAF0AAM8dGR1cQB+ABcAAAABdAABPnEAfgA2</swc:rtd>
                                          <swc:name>td</swc:name>
                                          <swc:xmlAttributes>
                                             <swc:WtXmlAttributes-WtEmptyXmlAttributes/>
                                          </swc:xmlAttributes>
                                          <swc:body>
                                             <swc:WtBody-WtBodyImpl>
                                                <swc:rtd ptk:null="true"/>
                                                <ptk:t ptk:location="Input:48:15">1914</ptk:t>
                                                <swc:WtXmlEntityRef ptk:location="Input:48:20">
                                                   <swc:rtd>c3EAfgARdXEAfgAVAAAAAXVxAH4AFwAAAAF0AAYmbmJzcDs=</swc:rtd>
                                                   <swc:name>nbsp</swc:name>
                                                   <swc:resolved> </swc:resolved>
                                                </swc:WtXmlEntityRef>
                                             </swc:WtBody-WtBodyImpl>
                                          </swc:body>
                                       </swc:WtXmlElement>
                                       <ptk:t>
        </ptk:t>
                                    </swc:WtBody-WtBodyImpl>
                                 </swc:body>
                              </swc:WtXmlElement>
                              <swc:WtXmlElement>
                                 <swc:rtd>c3EAfgARdXEAfgAVAAAAA3VxAH4AFwAAAAF0AAM8dHJ1cQB+ABcAAAABdAABPnEAfgA2</swc:rtd>
                                 <swc:name>tr</swc:name>
                                 <swc:xmlAttributes>
                                    <swc:WtXmlAttributes-WtXmlAttributesImpl ptk:location="Input:49:17">
                                       <swc:rtd ptk:null="true"/>
                                       <swc:WtXmlAttribute ptk:location="Input:49:17">
                                          <swc:rtd>c3EAfgARdXEAfgAVAAAAAnVxAH4AFwAAAAF0AAggY2xhc3M9InVxAH4AFwAAAAF0AAEi</swc:rtd>
                                          <swc:name>class</swc:name>
                                          <swc:value>
                                             <swc:WtValue-WtValueImpl ptk:location="Input:49:25">
                                                <swc:rtd ptk:null="true"/>
                                                <ptk:t ptk:location="Input:49:25">mergedrow</ptk:t>
                                             </swc:WtValue-WtValueImpl>
                                          </swc:value>
                                       </swc:WtXmlAttribute>
                                    </swc:WtXmlAttributes-WtXmlAttributesImpl>
                                 </swc:xmlAttributes>
                                 <swc:body>
                                    <swc:WtBody-WtBodyImpl>
                                       <swc:rtd ptk:null="true"/>
                                       <ptk:t>
          </ptk:t>
                                       <swc:WtXmlElement>
                                          <swc:rtd>c3EAfgARdXEAfgAVAAAAA3VxAH4AFwAAAAF0AAM8dGR1cQB+ABcAAAABdAABPnEAfgA2</swc:rtd>
                                          <swc:name>td</swc:name>
                                          <swc:xmlAttributes>
                                             <swc:WtXmlAttributes-WtXmlAttributesImpl ptk:location="Input:50:14">
                                                <swc:rtd ptk:null="true"/>
                                                <swc:WtXmlAttribute ptk:location="Input:50:14">
                                                   <swc:rtd>c3EAfgARdXEAfgAVAAAAAnVxAH4AFwAAAAF0AAggc3R5bGU9InVxAH4AFwAAAAF0AAEi</swc:rtd>
                                                   <swc:name>style</swc:name>
                                                   <swc:value>
                                                      <swc:WtValue-WtValueImpl ptk:location="Input:50:22">
                                                         <swc:rtd ptk:null="true"/>
                                                         <ptk:t ptk:location="Input:50:22">width:1em; padding:0 0 0 0.6em;</ptk:t>
                                                      </swc:WtValue-WtValueImpl>
                                                   </swc:value>
                                                </swc:WtXmlAttribute>
                                             </swc:WtXmlAttributes-WtXmlAttributesImpl>
                                          </swc:xmlAttributes>
                                          <swc:body>
                                             <swc:WtBody-WtBodyImpl>
                                                <swc:rtd ptk:null="true"/>
                                                <swc:WtXmlEntityRef ptk:location="Input:50:56">
                                                   <swc:rtd>c3EAfgARdXEAfgAVAAAAAXVxAH4AFwAAAAF0AAYmbmJzcDs=</swc:rtd>
                                                   <swc:name>nbsp</swc:name>
                                                   <swc:resolved> </swc:resolved>
                                                </swc:WtXmlEntityRef>
                                                <ptk:t ptk:location="Input:50:61">-</ptk:t>
                                                <swc:WtXmlEntityRef ptk:location="Input:50:63">
                                                   <swc:rtd>c3EAfgARdXEAfgAVAAAAAXVxAH4AFwAAAAF0AAYmbmJzcDs=</swc:rtd>
                                                   <swc:name>nbsp</swc:name>
                                                   <swc:resolved> </swc:resolved>
                                                </swc:WtXmlEntityRef>
                                             </swc:WtBody-WtBodyImpl>
                                          </swc:body>
                                       </swc:WtXmlElement>
                                       <ptk:t>
          </ptk:t>
                                       <swc:WtXmlElement>
                                          <swc:rtd>c3EAfgARdXEAfgAVAAAAA3VxAH4AFwAAAAF0AAM8dGR1cQB+ABcAAAABdAABPnEAfgA2</swc:rtd>
                                          <swc:name>td</swc:name>
                                          <swc:xmlAttributes>
                                             <swc:WtXmlAttributes-WtXmlAttributesImpl ptk:location="Input:51:14">
                                                <swc:rtd ptk:null="true"/>
                                                <swc:WtXmlAttribute ptk:location="Input:51:14">
                                                   <swc:rtd>c3EAfgARdXEAfgAVAAAAAnVxAH4AFwAAAAF0AAggc3R5bGU9InVxAH4AFwAAAAF0AAEi</swc:rtd>
                                                   <swc:name>style</swc:name>
                                                   <swc:value>
                                                      <swc:WtValue-WtValueImpl ptk:location="Input:51:22">
                                                         <swc:rtd ptk:null="true"/>
                                                         <ptk:t ptk:location="Input:51:22">padding-left:0em;</ptk:t>
                                                      </swc:WtValue-WtValueImpl>
                                                   </swc:value>
                                                </swc:WtXmlAttribute>
                                             </swc:WtXmlAttributes-WtXmlAttributesImpl>
                                          </swc:xmlAttributes>
                                          <swc:body>
                                             <swc:WtBody-WtBodyImpl>
                                                <swc:rtd ptk:null="true"/>
                                                <ptk:t ptk:location="Input:51:41">Declared and recognized</ptk:t>
                                             </swc:WtBody-WtBodyImpl>
                                          </swc:body>
                                       </swc:WtXmlElement>
                                       <ptk:t>
          </ptk:t>
                                       <swc:WtXmlElement>
                                          <swc:rtd>c3EAfgARdXEAfgAVAAAAA3VxAH4AFwAAAAF0AAM8dGR1cQB+ABcAAAABdAABPnEAfgA2</swc:rtd>
                                          <swc:name>td</swc:name>
                                          <swc:xmlAttributes>
                                             <swc:WtXmlAttributes-WtEmptyXmlAttributes/>
                                          </swc:xmlAttributes>
                                          <swc:body>
                                             <swc:WtBody-WtBodyImpl>
                                                <swc:rtd ptk:null="true"/>
                                                <ptk:t ptk:location="Input:52:15">1 October 1960</ptk:t>
                                                <swc:WtXmlEntityRef ptk:location="Input:52:30">
                                                   <swc:rtd>c3EAfgARdXEAfgAVAAAAAXVxAH4AFwAAAAF0AAYmbmJzcDs=</swc:rtd>
                                                   <swc:name>nbsp</swc:name>
                                                   <swc:resolved> </swc:resolved>
                                                </swc:WtXmlEntityRef>
                                             </swc:WtBody-WtBodyImpl>
                                          </swc:body>
                                       </swc:WtXmlElement>
                                       <ptk:t>
        </ptk:t>
                                    </swc:WtBody-WtBodyImpl>
                                 </swc:body>
                              </swc:WtXmlElement>
                              <swc:WtXmlElement>
                                 <swc:rtd>c3EAfgARdXEAfgAVAAAAA3VxAH4AFwAAAAF0AAM8dHJ1cQB+ABcAAAABdAABPnEAfgA2</swc:rtd>
                                 <swc:name>tr</swc:name>
                                 <swc:xmlAttributes>
                                    <swc:WtXmlAttributes-WtXmlAttributesImpl ptk:location="Input:53:17">
                                       <swc:rtd ptk:null="true"/>
                                       <swc:WtXmlAttribute ptk:location="Input:53:17">
                                          <swc:rtd>c3EAfgARdXEAfgAVAAAAAnVxAH4AFwAAAAF0AAggY2xhc3M9InVxAH4AFwAAAAF0AAEi</swc:rtd>
                                          <swc:name>class</swc:name>
                                          <swc:value>
                                             <swc:WtValue-WtValueImpl ptk:location="Input:53:25">
                                                <swc:rtd ptk:null="true"/>
                                                <ptk:t ptk:location="Input:53:25">mergedbottomrow</ptk:t>
                                             </swc:WtValue-WtValueImpl>
                                          </swc:value>
                                       </swc:WtXmlAttribute>
                                    </swc:WtXmlAttributes-WtXmlAttributesImpl>
                                 </swc:xmlAttributes>
                                 <swc:body>
                                    <swc:WtBody-WtBodyImpl>
                                       <swc:rtd ptk:null="true"/>
                                       <ptk:t>
          </ptk:t>
                                       <swc:WtXmlElement>
                                          <swc:rtd>c3EAfgARdXEAfgAVAAAAA3VxAH4AFwAAAAF0AAM8dGR1cQB+ABcAAAABdAABPnEAfgA2</swc:rtd>
                                          <swc:name>td</swc:name>
                                          <swc:xmlAttributes>
                                             <swc:WtXmlAttributes-WtXmlAttributesImpl ptk:location="Input:54:14">
                                                <swc:rtd ptk:null="true"/>
                                                <swc:WtXmlAttribute ptk:location="Input:54:14">
                                                   <swc:rtd>c3EAfgARdXEAfgAVAAAAAnVxAH4AFwAAAAF0AAggc3R5bGU9InVxAH4AFwAAAAF0AAEi</swc:rtd>
                                                   <swc:name>style</swc:name>
                                                   <swc:value>
                                                      <swc:WtValue-WtValueImpl ptk:location="Input:54:22">
                                                         <swc:rtd ptk:null="true"/>
                                                         <ptk:t ptk:location="Input:54:22">width:1em; padding:0 0 0 0.6em;</ptk:t>
                                                      </swc:WtValue-WtValueImpl>
                                                   </swc:value>
                                                </swc:WtXmlAttribute>
                                             </swc:WtXmlAttributes-WtXmlAttributesImpl>
                                          </swc:xmlAttributes>
                                          <swc:body>
                                             <swc:WtBody-WtBodyImpl>
                                                <swc:rtd ptk:null="true"/>
                                                <swc:WtXmlEntityRef ptk:location="Input:54:56">
                                                   <swc:rtd>c3EAfgARdXEAfgAVAAAAAXVxAH4AFwAAAAF0AAYmbmJzcDs=</swc:rtd>
                                                   <swc:name>nbsp</swc:name>
                                                   <swc:resolved> </swc:resolved>
                                                </swc:WtXmlEntityRef>
                                                <ptk:t ptk:location="Input:54:61">-</ptk:t>
                                                <swc:WtXmlEntityRef ptk:location="Input:54:63">
                                                   <swc:rtd>c3EAfgARdXEAfgAVAAAAAXVxAH4AFwAAAAF0AAYmbmJzcDs=</swc:rtd>
                                                   <swc:name>nbsp</swc:name>
                                                   <swc:resolved> </swc:resolved>
                                                </swc:WtXmlEntityRef>
                                             </swc:WtBody-WtBodyImpl>
                                          </swc:body>
                                       </swc:WtXmlElement>
                                       <ptk:t>
          </ptk:t>
                                       <swc:WtXmlElement>
                                          <swc:rtd>c3EAfgARdXEAfgAVAAAAA3VxAH4AFwAAAAF0AAM8dGR1cQB+ABcAAAABdAABPnEAfgA2</swc:rtd>
                                          <swc:name>td</swc:name>
                                          <swc:xmlAttributes>
                                             <swc:WtXmlAttributes-WtXmlAttributesImpl ptk:location="Input:55:14">
                                                <swc:rtd ptk:null="true"/>
                                                <swc:WtXmlAttribute ptk:location="Input:55:14">
                                                   <swc:rtd>c3EAfgARdXEAfgAVAAAAAnVxAH4AFwAAAAF0AAggc3R5bGU9InVxAH4AFwAAAAF0AAEi</swc:rtd>
                                                   <swc:name>style</swc:name>
                                                   <swc:value>
                                                      <swc:WtValue-WtValueImpl ptk:location="Input:55:22">
                                                         <swc:rtd ptk:null="true"/>
                                                         <ptk:t ptk:location="Input:55:22">padding-left:0em;</ptk:t>
                                                      </swc:WtValue-WtValueImpl>
                                                   </swc:value>
                                                </swc:WtXmlAttribute>
                                             </swc:WtXmlAttributes-WtXmlAttributesImpl>
                                          </swc:xmlAttributes>
                                          <swc:body>
                                             <swc:WtBody-WtBodyImpl>
                                                <swc:rtd ptk:null="true"/>
                                                <ptk:t ptk:location="Input:55:41">Republic declared</ptk:t>
                                             </swc:WtBody-WtBodyImpl>
                                          </swc:body>
                                       </swc:WtXmlElement>
                                       <ptk:t>
          </ptk:t>
                                       <swc:WtXmlElement>
                                          <swc:rtd>c3EAfgARdXEAfgAVAAAAA3VxAH4AFwAAAAF0AAM8dGR1cQB+ABcAAAABdAABPnEAfgA2</swc:rtd>
                                          <swc:name>td</swc:name>
                                          <swc:xmlAttributes>
                                             <swc:WtXmlAttributes-WtEmptyXmlAttributes/>
                                          </swc:xmlAttributes>
                                          <swc:body>
                                             <swc:WtBody-WtBodyImpl>
                                                <swc:rtd ptk:null="true"/>
                                                <ptk:t ptk:location="Input:56:15">1 October 1963</ptk:t>
                                                <swc:WtXmlEntityRef ptk:location="Input:56:30">
                                                   <swc:rtd>c3EAfgARdXEAfgAVAAAAAXVxAH4AFwAAAAF0AAYmbmJzcDs=</swc:rtd>
                                                   <swc:name>nbsp</swc:name>
                                                   <swc:resolved> </swc:resolved>
                                                </swc:WtXmlEntityRef>
                                             </swc:WtBody-WtBodyImpl>
                                          </swc:body>
                                       </swc:WtXmlElement>
                                       <ptk:t>
        </ptk:t>
                                    </swc:WtBody-WtBodyImpl>
                                 </swc:body>
                              </swc:WtXmlElement>
                              <swc:WtXmlElement>
                                 <swc:rtd>c3EAfgARdXEAfgAVAAAAA3VxAH4AFwAAAAF0AAM8dHJ1cQB+ABcAAAABdAABPnEAfgA2</swc:rtd>
                                 <swc:name>tr</swc:name>
                                 <swc:xmlAttributes>
                                    <swc:WtXmlAttributes-WtXmlAttributesImpl ptk:location="Input:57:17">
                                       <swc:rtd ptk:null="true"/>
                                       <swc:WtXmlAttribute ptk:location="Input:57:17">
                                          <swc:rtd>c3EAfgARdXEAfgAVAAAAAnVxAH4AFwAAAAF0AAggY2xhc3M9InVxAH4AFwAAAAF0AAEi</swc:rtd>
                                          <swc:name>class</swc:name>
                                          <swc:value>
                                             <swc:WtValue-WtValueImpl ptk:location="Input:57:25">
                                                <swc:rtd ptk:null="true"/>
                                                <ptk:t ptk:location="Input:57:25">mergedtoprow</ptk:t>
                                             </swc:WtValue-WtValueImpl>
                                          </swc:value>
                                       </swc:WtXmlAttribute>
                                    </swc:WtXmlAttributes-WtXmlAttributesImpl>
                                 </swc:xmlAttributes>
                                 <swc:body>
                                    <swc:WtBody-WtBodyImpl>
                                       <swc:rtd ptk:null="true"/>
                                       <ptk:t>
          </ptk:t>
                                       <swc:WtXmlElement>
                                          <swc:rtd>c3EAfgARdXEAfgAVAAAAA3VxAH4AFwAAAAF0AAM8dGh1cQB+ABcAAAABdAABPnEAfgA2</swc:rtd>
                                          <swc:name>th</swc:name>
                                          <swc:xmlAttributes>
                                             <swc:WtXmlAttributes-WtXmlAttributesImpl ptk:location="Input:58:14">
                                                <swc:rtd ptk:null="true"/>
                                                <swc:WtXmlAttribute ptk:location="Input:58:14">
                                                   <swc:rtd>c3EAfgARdXEAfgAVAAAAAnVxAH4AFwAAAAF0AAogY29sc3Bhbj0idXEAfgAXAAAAAXQAASI=</swc:rtd>
                                                   <swc:name>colspan</swc:name>
                                                   <swc:value>
                                                      <swc:WtValue-WtValueImpl ptk:location="Input:58:24">
                                                         <swc:rtd ptk:null="true"/>
                                                         <ptk:t ptk:location="Input:58:24">3</ptk:t>
                                                      </swc:WtValue-WtValueImpl>
                                                   </swc:value>
                                                </swc:WtXmlAttribute>
                                             </swc:WtXmlAttributes-WtXmlAttributesImpl>
                                          </swc:xmlAttributes>
                                          <swc:body>
                                             <swc:WtBody-WtBodyImpl>
                                                <swc:rtd ptk:null="true"/>
                                                <swc:WtInternalLink>
                                                   <swc:rtd>c3EAfgARdXEAfgAVAAAAA3VxAH4AFwAAAAFxAH4ANXEAfgA2dXEAfgAXAAAAAXEAfgA4</swc:rtd>
                                                   <swc:prefix/>
                                                   <swc:postfix/>
                                                   <swc:target>
                                                      <swc:WtPageName ptk:location="Input:58:29">
                                                         <swc:content>List of countries and outlying territories by total area</swc:content>
                                                         <swc:rtd ptk:null="true"/>
                                                      </swc:WtPageName>
                                                   </swc:target>
                                                   <swc:title>
                                                      <swc:WtLinkTitle-WtLinkTitleImpl>
                                                         <swc:rtd>c3EAfgARdXEAfgAVAAAAAnVxAH4AFwAAAAF0AAF8cQB+ADY=</swc:rtd>
                                                         <ptk:t ptk:location="Input:58:86">Area</ptk:t>
                                                      </swc:WtLinkTitle-WtLinkTitleImpl>
                                                   </swc:title>
                                                </swc:WtInternalLink>
                                             </swc:WtBody-WtBodyImpl>
                                          </swc:body>
                                       </swc:WtXmlElement>
                                       <ptk:t>
        </ptk:t>
                                    </swc:WtBody-WtBodyImpl>
                                 </swc:body>
                              </swc:WtXmlElement>
                              <ptk:t>
        </ptk:t>
                              <swc:WtXmlElement>
                                 <swc:rtd>c3EAfgARdXEAfgAVAAAAA3VxAH4AFwAAAAF0AAM8dHJ1cQB+ABcAAAABdAABPnEAfgA2</swc:rtd>
                                 <swc:name>tr</swc:name>
                                 <swc:xmlAttributes>
                                    <swc:WtXmlAttributes-WtXmlAttributesImpl ptk:location="Input:60:12">
                                       <swc:rtd ptk:null="true"/>
                                       <swc:WtXmlAttribute ptk:location="Input:60:12">
                                          <swc:rtd>c3EAfgARdXEAfgAVAAAAAnVxAH4AFwAAAAF0AAggY2xhc3M9InVxAH4AFwAAAAF0AAEi</swc:rtd>
                                          <swc:name>class</swc:name>
                                          <swc:value>
                                             <swc:WtValue-WtValueImpl ptk:location="Input:60:20">
                                                <swc:rtd ptk:null="true"/>
                                                <ptk:t ptk:location="Input:60:20">mergedrow</ptk:t>
                                             </swc:WtValue-WtValueImpl>
                                          </swc:value>
                                       </swc:WtXmlAttribute>
                                    </swc:WtXmlAttributes-WtXmlAttributesImpl>
                                 </swc:xmlAttributes>
                                 <swc:body>
                                    <swc:WtBody-WtBodyImpl>
                                       <swc:rtd ptk:null="true"/>
                                       <ptk:t>
          </ptk:t>
                                       <swc:WtXmlElement>
                                          <swc:rtd>c3EAfgARdXEAfgAVAAAAA3VxAH4AFwAAAAF0AAM8dGR1cQB+ABcAAAABdAABPnEAfgA2</swc:rtd>
                                          <swc:name>td</swc:name>
                                          <swc:xmlAttributes>
                                             <swc:WtXmlAttributes-WtXmlAttributesImpl ptk:location="Input:61:14">
                                                <swc:rtd ptk:null="true"/>
                                                <swc:WtXmlAttribute ptk:location="Input:61:14">
                                                   <swc:rtd>c3EAfgARdXEAfgAVAAAAAnVxAH4AFwAAAAF0AAggc3R5bGU9InVxAH4AFwAAAAF0AAEi</swc:rtd>
                                                   <swc:name>style</swc:name>
                                                   <swc:value>
                                                      <swc:WtValue-WtValueImpl ptk:location="Input:61:22">
                                                         <swc:rtd ptk:null="true"/>
                                                         <ptk:t ptk:location="Input:61:22">width:1em; padding:0 0 0 0.6em;</ptk:t>
                                                      </swc:WtValue-WtValueImpl>
                                                   </swc:value>
                                                </swc:WtXmlAttribute>
                                             </swc:WtXmlAttributes-WtXmlAttributesImpl>
                                          </swc:xmlAttributes>
                                          <swc:body>
                                             <swc:WtBody-WtBodyImpl>
                                                <swc:rtd ptk:null="true"/>
                                                <swc:WtXmlEntityRef ptk:location="Input:61:56">
                                                   <swc:rtd>c3EAfgARdXEAfgAVAAAAAXVxAH4AFwAAAAF0AAYmbmJzcDs=</swc:rtd>
                                                   <swc:name>nbsp</swc:name>
                                                   <swc:resolved> </swc:resolved>
                                                </swc:WtXmlEntityRef>
                                                <ptk:t ptk:location="Input:61:61">-</ptk:t>
                                                <swc:WtXmlEntityRef ptk:location="Input:61:63">
                                                   <swc:rtd>c3EAfgARdXEAfgAVAAAAAXVxAH4AFwAAAAF0AAYmbmJzcDs=</swc:rtd>
                                                   <swc:name>nbsp</swc:name>
                                                   <swc:resolved> </swc:resolved>
                                                </swc:WtXmlEntityRef>
                                             </swc:WtBody-WtBodyImpl>
                                          </swc:body>
                                       </swc:WtXmlElement>
                                       <ptk:t>
          </ptk:t>
                                       <swc:WtXmlElement>
                                          <swc:rtd>c3EAfgARdXEAfgAVAAAAA3VxAH4AFwAAAAF0AAM8dGR1cQB+ABcAAAABdAABPnEAfgA2</swc:rtd>
                                          <swc:name>td</swc:name>
                                          <swc:xmlAttributes>
                                             <swc:WtXmlAttributes-WtXmlAttributesImpl ptk:location="Input:62:14">
                                                <swc:rtd ptk:null="true"/>
                                                <swc:WtXmlAttribute ptk:location="Input:62:14">
                                                   <swc:rtd>c3EAfgARdXEAfgAVAAAAAnVxAH4AFwAAAAF0AAggc3R5bGU9InVxAH4AFwAAAAF0AAEi</swc:rtd>
                                                   <swc:name>style</swc:name>
                                                   <swc:value>
                                                      <swc:WtValue-WtValueImpl ptk:location="Input:62:22">
                                                         <swc:rtd ptk:null="true"/>
                                                         <ptk:t ptk:location="Input:62:22">padding-left:0em;</ptk:t>
                                                      </swc:WtValue-WtValueImpl>
                                                   </swc:value>
                                                </swc:WtXmlAttribute>
                                             </swc:WtXmlAttributes-WtXmlAttributesImpl>
                                          </swc:xmlAttributes>
                                          <swc:body>
                                             <swc:WtBody-WtBodyImpl>
                                                <swc:rtd ptk:null="true"/>
                                                <ptk:t ptk:location="Input:62:41">Total</ptk:t>
                                             </swc:WtBody-WtBodyImpl>
                                          </swc:body>
                                       </swc:WtXmlElement>
                                       <ptk:t>
          </ptk:t>
                                       <swc:WtXmlElement>
                                          <swc:rtd>c3EAfgARdXEAfgAVAAAAA3VxAH4AFwAAAAF0AAM8dGR1cQB+ABcAAAABdAABPnEAfgA2</swc:rtd>
                                          <swc:name>td</swc:name>
                                          <swc:xmlAttributes>
                                             <swc:WtXmlAttributes-WtEmptyXmlAttributes/>
                                          </swc:xmlAttributes>
                                          <swc:body>
                                             <swc:WtBody-WtBodyImpl>
                                                <swc:rtd ptk:null="true"/>
                                                <swc:WtInternalLink>
                                                   <swc:rtd>c3EAfgARdXEAfgAVAAAAA3VxAH4AFwAAAAFxAH4ANXEAfgA2dXEAfgAXAAAAAXEAfgA4</swc:rtd>
                                                   <swc:prefix/>
                                                   <swc:postfix/>
                                                   <swc:target>
                                                      <swc:WtPageName ptk:location="Input:63:17">
                                                         <swc:content>1_E11 m² </swc:content>
                                                         <swc:rtd ptk:null="true"/>
                                                      </swc:WtPageName>
                                                   </swc:target>
                                                   <swc:title>
                                                      <swc:WtLinkTitle-WtLinkTitleImpl>
                                                         <swc:rtd>c3EAfgARdXEAfgAVAAAAAnVxAH4AFwAAAAF0AAF8cQB+ADY=</swc:rtd>
                                                         <ptk:t ptk:location="Input:63:27"> </ptk:t>
                                                         <swc:WtTemplate ptk:location="قالب:Infobox country:522:115">
                                                            <swc:rtd>c3EAfgARdXEAfgAVAAAAA3VxAH4AFwAAAAF0AAJ7e3EAfgA2dXEAfgAXAAAAAXQAAn19</swc:rtd>
                                                            <swc:precededByNewline>false</swc:precededByNewline>
                                                            <swc:name>
                                                               <swc:WtName-WtNameImpl>
                                                                  <swc:rtd ptk:null="true"/>
                                                                  <ptk:t ptk:location="قالب:Infobox country:522:115">formatnum:</ptk:t>
                                                                  <ptk:t ptk:location="Input:26:28">923,768</ptk:t>
                                                               </swc:WtName-WtNameImpl>
                                                            </swc:name>
                                                            <swc:args>
                                                               <swc:WtTemplateArguments-WtTemplateArgumentsImpl>
                                                                  <swc:rtd ptk:null="true"/>
                                                               </swc:WtTemplateArguments-WtTemplateArgumentsImpl>
                                                            </swc:args>
                                                         </swc:WtTemplate>
                                                         <swc:WtXmlEntityRef ptk:location="Input:63:32">
                                                            <swc:rtd>c3EAfgARdXEAfgAVAAAAAXVxAH4AFwAAAAF0AAYmbmJzcDs=</swc:rtd>
                                                            <swc:name>nbsp</swc:name>
                                                            <swc:resolved> </swc:resolved>
                                                         </swc:WtXmlEntityRef>
                                                         <ptk:t ptk:location="Input:63:37">km</ptk:t>
                                                         <swc:WtXmlElement>
                                                            <swc:rtd>c3EAfgARdXEAfgAVAAAAA3VxAH4AFwAAAAF0AAQ8c3VwdXEAfgAXAAAAAXQAAT51cQB+ABcAAAABdAAGPC9zdXA+</swc:rtd>
                                                            <swc:name>sup</swc:name>
                                                            <swc:xmlAttributes>
                                                               <swc:WtXmlAttributes-WtEmptyXmlAttributes/>
                                                            </swc:xmlAttributes>
                                                            <swc:body>
                                                               <swc:WtBody-WtBodyImpl>
                                                                  <swc:rtd ptk:null="true"/>
                                                                  <ptk:t ptk:location="Input:63:44">2</ptk:t>
                                                               </swc:WtBody-WtBodyImpl>
                                                            </swc:body>
                                                         </swc:WtXmlElement>
                                                      </swc:WtLinkTitle-WtLinkTitleImpl>
                                                   </swc:title>
                                                </swc:WtInternalLink>
                                                <swc:WtXmlEntityRef ptk:location="Input:63:54">
                                                   <swc:rtd>c3EAfgARdXEAfgAVAAAAAXVxAH4AFwAAAAF0AAYmbmJzcDs=</swc:rtd>
                                                   <swc:name>nbsp</swc:name>
                                                   <swc:resolved> </swc:resolved>
                                                </swc:WtXmlEntityRef>
                                                <ptk:t ptk:location="Input:63:59">(</ptk:t>
                                                <swc:WtInternalLink>
                                                   <swc:rtd>c3EAfgARdXEAfgAVAAAAA3VxAH4AFwAAAAFxAH4ANXEAfgA2dXEAfgAXAAAAAXEAfgA4</swc:rtd>
                                                   <swc:prefix/>
                                                   <swc:postfix/>
                                                   <swc:target>
                                                      <swc:WtPageName ptk:location="Input:63:62">
                                                         <swc:content>List of countries and outlying territories by total area</swc:content>
                                                         <swc:rtd ptk:null="true"/>
                                                      </swc:WtPageName>
                                                   </swc:target>
                                                   <swc:title>
                                                      <swc:WtLinkTitle-WtLinkTitleImpl>
                                                         <swc:rtd>c3EAfgARdXEAfgAVAAAAAnVxAH4AFwAAAAF0AAF8cQB+ADY=</swc:rtd>
                                                         <ptk:t ptk:location="Input:63:119">32nd</ptk:t>
                                                      </swc:WtLinkTitle-WtLinkTitleImpl>
                                                   </swc:title>
                                                </swc:WtInternalLink>
                                                <ptk:t ptk:location="Input:63:125">)</ptk:t>
                                                <swc:WtXmlElement>
                                                   <swc:rtd>c3EAfgARdXEAfgAVAAAAA3VxAH4AFwAAAAF0AAM8YnJ1cQB+ABcAAAABdAACLz5xAH4ANg==</swc:rtd>
                                                   <swc:name>br</swc:name>
                                                   <swc:xmlAttributes>
                                                      <swc:WtXmlAttributes-WtEmptyXmlAttributes/>
                                                   </swc:xmlAttributes>
                                                   <swc:body>
                                                      <swc:WtBody-WtNoBody/>
                                                   </swc:body>
                                                </swc:WtXmlElement>
                                                <swc:WtTemplate ptk:location="قالب:Infobox country:524:49">
                                                   <swc:rtd>c3EAfgARdXEAfgAVAAAAA3VxAH4AFwAAAAF0AAJ7e3EAfgA2dXEAfgAXAAAAAXQAAn19</swc:rtd>
                                                   <swc:precededByNewline>false</swc:precededByNewline>
                                                   <swc:name>
                                                      <swc:WtName-WtNameImpl>
                                                         <swc:rtd ptk:null="true"/>
                                                         <ptk:t ptk:location="قالب:Infobox country:524:49">formatnum:</ptk:t>
                                                         <ptk:t ptk:location="Input:27:28">356,667</ptk:t>
                                                         <swc:WtXmlComment ptk:location="Input:27:41">
                                                            <swc:content>Do not remove per [[WP:MOSNUM]]</swc:content>
                                                            <swc:rtd>c3EAfgARdXEAfgAVAAAAAXVxAH4AFwAAAAF0ACY8IS0tRG8gbm90IHJlbW92ZSBwZXIgW1tXUDpNT1NOVU1dXS0tPg==</swc:rtd>
                                                            <swc:prefix/>
                                                            <swc:suffix/>
                                                         </swc:WtXmlComment>
                                                      </swc:WtName-WtNameImpl>
                                                   </swc:name>
                                                   <swc:args>
                                                      <swc:WtTemplateArguments-WtTemplateArgumentsImpl>
                                                         <swc:rtd ptk:null="true"/>
                                                      </swc:WtTemplateArguments-WtTemplateArgumentsImpl>
                                                   </swc:args>
                                                </swc:WtTemplate>
                                                <swc:WtXmlEntityRef ptk:location="Input:63:135">
                                                   <swc:rtd>c3EAfgARdXEAfgAVAAAAAXVxAH4AFwAAAAF0AAYmbmJzcDs=</swc:rtd>
                                                   <swc:name>nbsp</swc:name>
                                                   <swc:resolved> </swc:resolved>
                                                </swc:WtXmlEntityRef>
                                                <swc:WtInternalLink>
                                                   <swc:rtd>c3EAfgARdXEAfgAVAAAAA3VxAH4AFwAAAAFxAH4ANXEAfgA2dXEAfgAXAAAAAXEAfgA4</swc:rtd>
                                                   <swc:prefix/>
                                                   <swc:postfix/>
                                                   <swc:target>
                                                      <swc:WtPageName ptk:location="Input:63:142">
                                                         <swc:content>Square mile</swc:content>
                                                         <swc:rtd ptk:null="true"/>
                                                      </swc:WtPageName>
                                                   </swc:target>
                                                   <swc:title>
                                                      <swc:WtLinkTitle-WtLinkTitleImpl>
                                                         <swc:rtd>c3EAfgARdXEAfgAVAAAAAnVxAH4AFwAAAAF0AAF8cQB+ADY=</swc:rtd>
                                                         <ptk:t ptk:location="Input:63:154">sq</ptk:t>
                                                         <swc:WtXmlEntityRef ptk:location="Input:63:157">
                                                            <swc:rtd>c3EAfgARdXEAfgAVAAAAAXVxAH4AFwAAAAF0AAYmbmJzcDs=</swc:rtd>
                                                            <swc:name>nbsp</swc:name>
                                                            <swc:resolved> </swc:resolved>
                                                         </swc:WtXmlEntityRef>
                                                         <ptk:t ptk:location="Input:63:162">mi</ptk:t>
                                                      </swc:WtLinkTitle-WtLinkTitleImpl>
                                                   </swc:title>
                                                </swc:WtInternalLink>
                                                <swc:WtXmlEntityRef ptk:location="Input:63:167">
                                                   <swc:rtd>c3EAfgARdXEAfgAVAAAAAXVxAH4AFwAAAAF0AAYmbmJzcDs=</swc:rtd>
                                                   <swc:name>nbsp</swc:name>
                                                   <swc:resolved> </swc:resolved>
                                                </swc:WtXmlEntityRef>
                                             </swc:WtBody-WtBodyImpl>
                                          </swc:body>
                                       </swc:WtXmlElement>
                                       <ptk:t>
        </ptk:t>
                                    </swc:WtBody-WtBodyImpl>
                                 </swc:body>
                              </swc:WtXmlElement>
                              <swc:WtXmlElement>
                                 <swc:rtd>c3EAfgARdXEAfgAVAAAAA3VxAH4AFwAAAAF0AAM8dHJ1cQB+ABcAAAABdAABPnEAfgA2</swc:rtd>
                                 <swc:name>tr</swc:name>
                                 <swc:xmlAttributes>
                                    <swc:WtXmlAttributes-WtXmlAttributesImpl ptk:location="Input:64:17">
                                       <swc:rtd ptk:null="true"/>
                                       <swc:WtXmlAttribute ptk:location="Input:64:17">
                                          <swc:rtd>c3EAfgARdXEAfgAVAAAAAnVxAH4AFwAAAAF0AAggY2xhc3M9InVxAH4AFwAAAAF0AAEi</swc:rtd>
                                          <swc:name>class</swc:name>
                                          <swc:value>
                                             <swc:WtValue-WtValueImpl ptk:location="Input:64:25">
                                                <swc:rtd ptk:null="true"/>
                                                <ptk:t ptk:location="Input:64:25">mergedrow</ptk:t>
                                             </swc:WtValue-WtValueImpl>
                                          </swc:value>
                                       </swc:WtXmlAttribute>
                                    </swc:WtXmlAttributes-WtXmlAttributesImpl>
                                 </swc:xmlAttributes>
                                 <swc:body>
                                    <swc:WtBody-WtBodyImpl>
                                       <swc:rtd ptk:null="true"/>
                                       <ptk:t>
          </ptk:t>
                                       <swc:WtXmlElement>
                                          <swc:rtd>c3EAfgARdXEAfgAVAAAAA3VxAH4AFwAAAAF0AAM8dGR1cQB+ABcAAAABdAABPnEAfgA2</swc:rtd>
                                          <swc:name>td</swc:name>
                                          <swc:xmlAttributes>
                                             <swc:WtXmlAttributes-WtXmlAttributesImpl ptk:location="Input:65:14">
                                                <swc:rtd ptk:null="true"/>
                                                <swc:WtXmlAttribute ptk:location="Input:65:14">
                                                   <swc:rtd>c3EAfgARdXEAfgAVAAAAAnVxAH4AFwAAAAF0AAggc3R5bGU9InVxAH4AFwAAAAF0AAEi</swc:rtd>
                                                   <swc:name>style</swc:name>
                                                   <swc:value>
                                                      <swc:WtValue-WtValueImpl ptk:location="Input:65:22">
                                                         <swc:rtd ptk:null="true"/>
                                                         <ptk:t ptk:location="Input:65:22">width:1em; padding:0 0 0 0.6em;</ptk:t>
                                                      </swc:WtValue-WtValueImpl>
                                                   </swc:value>
                                                </swc:WtXmlAttribute>
                                             </swc:WtXmlAttributes-WtXmlAttributesImpl>
                                          </swc:xmlAttributes>
                                          <swc:body>
                                             <swc:WtBody-WtBodyImpl>
                                                <swc:rtd ptk:null="true"/>
                                                <swc:WtXmlEntityRef ptk:location="Input:65:56">
                                                   <swc:rtd>c3EAfgARdXEAfgAVAAAAAXVxAH4AFwAAAAF0AAYmbmJzcDs=</swc:rtd>
                                                   <swc:name>nbsp</swc:name>
                                                   <swc:resolved> </swc:resolved>
                                                </swc:WtXmlEntityRef>
                                                <ptk:t ptk:location="Input:65:61">-</ptk:t>
                                                <swc:WtXmlEntityRef ptk:location="Input:65:63">
                                                   <swc:rtd>c3EAfgARdXEAfgAVAAAAAXVxAH4AFwAAAAF0AAYmbmJzcDs=</swc:rtd>
                                                   <swc:name>nbsp</swc:name>
                                                   <swc:resolved> </swc:resolved>
                                                </swc:WtXmlEntityRef>
                                             </swc:WtBody-WtBodyImpl>
                                          </swc:body>
                                       </swc:WtXmlElement>
                                       <ptk:t>
          </ptk:t>
                                       <swc:WtXmlElement>
                                          <swc:rtd>c3EAfgARdXEAfgAVAAAAA3VxAH4AFwAAAAF0AAM8dGR1cQB+ABcAAAABdAABPnEAfgA2</swc:rtd>
                                          <swc:name>td</swc:name>
                                          <swc:xmlAttributes>
                                             <swc:WtXmlAttributes-WtXmlAttributesImpl ptk:location="Input:66:14">
                                                <swc:rtd ptk:null="true"/>
                                                <swc:WtXmlAttribute ptk:location="Input:66:14">
                                                   <swc:rtd>c3EAfgARdXEAfgAVAAAAAnVxAH4AFwAAAAF0AAggc3R5bGU9InVxAH4AFwAAAAF0AAEi</swc:rtd>
                                                   <swc:name>style</swc:name>
                                                   <swc:value>
                                                      <swc:WtValue-WtValueImpl ptk:location="Input:66:22">
                                                         <swc:rtd ptk:null="true"/>
                                                         <ptk:t ptk:location="Input:66:22">padding-left:0em;</ptk:t>
                                                      </swc:WtValue-WtValueImpl>
                                                   </swc:value>
                                                </swc:WtXmlAttribute>
                                             </swc:WtXmlAttributes-WtXmlAttributesImpl>
                                          </swc:xmlAttributes>
                                          <swc:body>
                                             <swc:WtBody-WtBodyImpl>
                                                <swc:rtd ptk:null="true"/>
                                                <swc:WtInternalLink>
                                                   <swc:rtd>c3EAfgARdXEAfgAVAAAAA3VxAH4AFwAAAAFxAH4ANXEAfgA2dXEAfgAXAAAAAXEAfgA4</swc:rtd>
                                                   <swc:prefix/>
                                                   <swc:postfix/>
                                                   <swc:target>
                                                      <swc:WtPageName ptk:location="Input:66:43">
                                                         <swc:content>List of countries by percentage of water area</swc:content>
                                                         <swc:rtd ptk:null="true"/>
                                                      </swc:WtPageName>
                                                   </swc:target>
                                                   <swc:title>
                                                      <swc:WtLinkTitle-WtLinkTitleImpl>
                                                         <swc:rtd>c3EAfgARdXEAfgAVAAAAAnVxAH4AFwAAAAF0AAF8cQB+ADY=</swc:rtd>
                                                         <ptk:t ptk:location="Input:66:89">Water</ptk:t>
                                                         <swc:WtXmlEntityRef ptk:location="Input:66:95">
                                                            <swc:rtd>c3EAfgARdXEAfgAVAAAAAXVxAH4AFwAAAAF0AAYmbmJzcDs=</swc:rtd>
                                                            <swc:name>nbsp</swc:name>
                                                            <swc:resolved> </swc:resolved>
                                                         </swc:WtXmlEntityRef>
                                                         <ptk:t ptk:location="Input:66:100">(%)</ptk:t>
                                                      </swc:WtLinkTitle-WtLinkTitleImpl>
                                                   </swc:title>
                                                </swc:WtInternalLink>
                                             </swc:WtBody-WtBodyImpl>
                                          </swc:body>
                                       </swc:WtXmlElement>
                                       <ptk:t>
          </ptk:t>
                                       <swc:WtXmlElement>
                                          <swc:rtd>c3EAfgARdXEAfgAVAAAAA3VxAH4AFwAAAAF0AAM8dGR1cQB+ABcAAAABdAABPnEAfgA2</swc:rtd>
                                          <swc:name>td</swc:name>
                                          <swc:xmlAttributes>
                                             <swc:WtXmlAttributes-WtEmptyXmlAttributes/>
                                          </swc:xmlAttributes>
                                          <swc:body>
                                             <swc:WtBody-WtBodyImpl>
                                                <swc:rtd ptk:null="true"/>
                                                <ptk:t ptk:location="Input:67:15">1.4</ptk:t>
                                             </swc:WtBody-WtBodyImpl>
                                          </swc:body>
                                       </swc:WtXmlElement>
                                       <ptk:t>
        </ptk:t>
                                    </swc:WtBody-WtBodyImpl>
                                 </swc:body>
                              </swc:WtXmlElement>
                              <swc:WtXmlElement>
                                 <swc:rtd>c3EAfgARdXEAfgAVAAAAA3VxAH4AFwAAAAF0AAM8dHJ1cQB+ABcAAAABdAABPnEAfgA2</swc:rtd>
                                 <swc:name>tr</swc:name>
                                 <swc:xmlAttributes>
                                    <swc:WtXmlAttributes-WtXmlAttributesImpl ptk:location="Input:68:17">
                                       <swc:rtd ptk:null="true"/>
                                       <swc:WtXmlAttribute ptk:location="Input:68:17">
                                          <swc:rtd>c3EAfgARdXEAfgAVAAAAAnVxAH4AFwAAAAF0AAggY2xhc3M9InVxAH4AFwAAAAF0AAEi</swc:rtd>
                                          <swc:name>class</swc:name>
                                          <swc:value>
                                             <swc:WtValue-WtValueImpl ptk:location="Input:68:25">
                                                <swc:rtd ptk:null="true"/>
                                                <ptk:t ptk:location="Input:68:25">mergedtoprow</ptk:t>
                                             </swc:WtValue-WtValueImpl>
                                          </swc:value>
                                       </swc:WtXmlAttribute>
                                    </swc:WtXmlAttributes-WtXmlAttributesImpl>
                                 </swc:xmlAttributes>
                                 <swc:body>
                                    <swc:WtBody-WtBodyImpl>
                                       <swc:rtd ptk:null="true"/>
                                       <ptk:t>
</ptk:t>
                                       <swc:WtXmlElement>
                                          <swc:rtd>c3EAfgARdXEAfgAVAAAAA3VxAH4AFwAAAAF0AAM8dGh1cQB+ABcAAAABdAABPnEAfgA2</swc:rtd>
                                          <swc:name>th</swc:name>
                                          <swc:xmlAttributes>
                                             <swc:WtXmlAttributes-WtXmlAttributesImpl ptk:location="Input:69:4">
                                                <swc:rtd ptk:null="true"/>
                                                <swc:WtXmlAttribute ptk:location="Input:69:4">
                                                   <swc:rtd>c3EAfgARdXEAfgAVAAAAAnVxAH4AFwAAAAF0AAogY29sc3Bhbj0idXEAfgAXAAAAAXQAASI=</swc:rtd>
                                                   <swc:name>colspan</swc:name>
                                                   <swc:value>
                                                      <swc:WtValue-WtValueImpl ptk:location="Input:69:14">
                                                         <swc:rtd ptk:null="true"/>
                                                         <ptk:t ptk:location="Input:69:14">3</ptk:t>
                                                      </swc:WtValue-WtValueImpl>
                                                   </swc:value>
                                                </swc:WtXmlAttribute>
                                             </swc:WtXmlAttributes-WtXmlAttributesImpl>
                                          </swc:xmlAttributes>
                                          <swc:body>
                                             <swc:WtBody-WtBodyImpl>
                                                <swc:rtd ptk:null="true"/>
                                                <swc:WtInternalLink>
                                                   <swc:rtd>c3EAfgARdXEAfgAVAAAAA3VxAH4AFwAAAAFxAH4ANXEAfgA2dXEAfgAXAAAAAXEAfgA4</swc:rtd>
                                                   <swc:prefix/>
                                                   <swc:postfix/>
                                                   <swc:target>
                                                      <swc:WtPageName ptk:location="Input:69:19">
                                                         <swc:content>لستة البلاد حسب عدد السكان</swc:content>
                                                         <swc:rtd ptk:null="true"/>
                                                      </swc:WtPageName>
                                                   </swc:target>
                                                   <swc:title>
                                                      <swc:WtLinkTitle-WtLinkTitleImpl>
                                                         <swc:rtd>c3EAfgARdXEAfgAVAAAAAnVxAH4AFwAAAAF0AAF8cQB+ADY=</swc:rtd>
                                                         <ptk:t ptk:location="Input:69:46">السكان</ptk:t>
                                                      </swc:WtLinkTitle-WtLinkTitleImpl>
                                                   </swc:title>
                                                </swc:WtInternalLink>
                                             </swc:WtBody-WtBodyImpl>
                                          </swc:body>
                                       </swc:WtXmlElement>
                                       <ptk:t>
        </ptk:t>
                                    </swc:WtBody-WtBodyImpl>
                                 </swc:body>
                              </swc:WtXmlElement>
                              <swc:WtXmlElement>
                                 <swc:rtd>c3EAfgARdXEAfgAVAAAAA3VxAH4AFwAAAAF0AAM8dHJ1cQB+ABcAAAABdAABPnEAfgA2</swc:rtd>
                                 <swc:name>tr</swc:name>
                                 <swc:xmlAttributes>
                                    <swc:WtXmlAttributes-WtXmlAttributesImpl ptk:location="Input:70:17">
                                       <swc:rtd ptk:null="true"/>
                                       <swc:WtXmlAttribute ptk:location="Input:70:17">
                                          <swc:rtd>c3EAfgARdXEAfgAVAAAAAnVxAH4AFwAAAAF0AAggY2xhc3M9InVxAH4AFwAAAAF0AAEi</swc:rtd>
                                          <swc:name>class</swc:name>
                                          <swc:value>
                                             <swc:WtValue-WtValueImpl ptk:location="Input:70:25">
                                                <swc:rtd ptk:null="true"/>
                                                <ptk:t ptk:location="Input:70:25">mergedrow</ptk:t>
                                             </swc:WtValue-WtValueImpl>
                                          </swc:value>
                                       </swc:WtXmlAttribute>
                                    </swc:WtXmlAttributes-WtXmlAttributesImpl>
                                 </swc:xmlAttributes>
                                 <swc:body>
                                    <swc:WtBody-WtBodyImpl>
                                       <swc:rtd ptk:null="true"/>
                                       <ptk:t>
             </ptk:t>
                                       <swc:WtXmlElement>
                                          <swc:rtd>c3EAfgARdXEAfgAVAAAAA3VxAH4AFwAAAAF0AAM8dGR1cQB+ABcAAAABdAABPnEAfgA2</swc:rtd>
                                          <swc:name>td</swc:name>
                                          <swc:xmlAttributes>
                                             <swc:WtXmlAttributes-WtXmlAttributesImpl ptk:location="Input:71:17">
                                                <swc:rtd ptk:null="true"/>
                                                <swc:WtXmlAttribute ptk:location="Input:71:17">
                                                   <swc:rtd>c3EAfgARdXEAfgAVAAAAAnVxAH4AFwAAAAF0AAggc3R5bGU9InVxAH4AFwAAAAF0AAEi</swc:rtd>
                                                   <swc:name>style</swc:name>
                                                   <swc:value>
                                                      <swc:WtValue-WtValueImpl ptk:location="Input:71:25">
                                                         <swc:rtd ptk:null="true"/>
                                                         <ptk:t ptk:location="Input:71:25">width:1em; padding:0 0 0 0.6em;</ptk:t>
                                                      </swc:WtValue-WtValueImpl>
                                                   </swc:value>
                                                </swc:WtXmlAttribute>
                                             </swc:WtXmlAttributes-WtXmlAttributesImpl>
                                          </swc:xmlAttributes>
                                          <swc:body>
                                             <swc:WtBody-WtBodyImpl>
                                                <swc:rtd ptk:null="true"/>
                                                <swc:WtXmlEntityRef ptk:location="Input:71:59">
                                                   <swc:rtd>c3EAfgARdXEAfgAVAAAAAXVxAH4AFwAAAAF0AAYmbmJzcDs=</swc:rtd>
                                                   <swc:name>nbsp</swc:name>
                                                   <swc:resolved> </swc:resolved>
                                                </swc:WtXmlEntityRef>
                                                <ptk:t ptk:location="Input:71:64">-</ptk:t>
                                                <swc:WtXmlEntityRef ptk:location="Input:71:66">
                                                   <swc:rtd>c3EAfgARdXEAfgAVAAAAAXVxAH4AFwAAAAF0AAYmbmJzcDs=</swc:rtd>
                                                   <swc:name>nbsp</swc:name>
                                                   <swc:resolved> </swc:resolved>
                                                </swc:WtXmlEntityRef>
                                             </swc:WtBody-WtBodyImpl>
                                          </swc:body>
                                       </swc:WtXmlElement>
                                       <ptk:t>
             </ptk:t>
                                       <swc:WtXmlElement>
                                          <swc:rtd>c3EAfgARdXEAfgAVAAAAA3VxAH4AFwAAAAF0AAM8dGR1cQB+ABcAAAABdAABPnEAfgA2</swc:rtd>
                                          <swc:name>td</swc:name>
                                          <swc:xmlAttributes>
                                             <swc:WtXmlAttributes-WtXmlAttributesImpl ptk:location="Input:72:17">
                                                <swc:rtd ptk:null="true"/>
                                                <swc:WtXmlAttribute ptk:location="Input:72:17">
                                                   <swc:rtd>c3EAfgARdXEAfgAVAAAAAnVxAH4AFwAAAAF0AAggc3R5bGU9InVxAH4AFwAAAAF0AAEi</swc:rtd>
                                                   <swc:name>style</swc:name>
                                                   <swc:value>
                                                      <swc:WtValue-WtValueImpl ptk:location="Input:72:25">
                                                         <swc:rtd ptk:null="true"/>
                                                         <ptk:t ptk:location="Input:72:25">padding-left:0em;</ptk:t>
                                                      </swc:WtValue-WtValueImpl>
                                                   </swc:value>
                                                </swc:WtXmlAttribute>
                                             </swc:WtXmlAttributes-WtXmlAttributesImpl>
                                          </swc:xmlAttributes>
                                          <swc:body>
                                             <swc:WtBody-WtBodyImpl>
                                                <swc:rtd ptk:null="true"/>
                                                <ptk:t ptk:location="Input:72:44">2010</ptk:t>
                                                <swc:WtXmlEntityRef ptk:location="Input:72:49">
                                                   <swc:rtd>c3EAfgARdXEAfgAVAAAAAXVxAH4AFwAAAAF0AAYmbmJzcDs=</swc:rtd>
                                                   <swc:name>nbsp</swc:name>
                                                   <swc:resolved> </swc:resolved>
                                                </swc:WtXmlEntityRef>
                                                <ptk:t ptk:location="Input:72:54">estimate</ptk:t>
                                             </swc:WtBody-WtBodyImpl>
                                          </swc:body>
                                       </swc:WtXmlElement>
                                       <ptk:t>
             </ptk:t>
                                       <swc:WtXmlElement>
                                          <swc:rtd>c3EAfgARdXEAfgAVAAAAA3VxAH4AFwAAAAF0AAM8dGR1cQB+ABcAAAABdAABPnEAfgA2</swc:rtd>
                                          <swc:name>td</swc:name>
                                          <swc:xmlAttributes>
                                             <swc:WtXmlAttributes-WtEmptyXmlAttributes/>
                                          </swc:xmlAttributes>
                                          <swc:body>
                                             <swc:WtBody-WtBodyImpl>
                                                <swc:rtd ptk:null="true"/>
                                                <ptk:t ptk:location="Input:73:18">155,215,573</ptk:t>
                                                <swc:WtTagExtension ptk:location="Input:29:41">
                                                   <ptk:a ptk:name="__SKIP__">
                                                      <ptk:Boolean>false</ptk:Boolean>
                                                   </ptk:a>
                                                   <swc:rtd>c3EAfgARdXEAfgAVAAAAA3VxAH4AFwAAAAF0AAQ8cmVmdXEAfgAXAAAAAXQAAT51cQB+ABcAAAABdAAGPC9yZWY+</swc:rtd>
                                                   <swc:name>ref</swc:name>
                                                   <swc:xmlAttributes>
                                                      <swc:WtXmlAttributes-WtXmlAttributesImpl ptk:location="Input:29:44">
                                                         <swc:rtd ptk:null="true"/>
                                                         <swc:WtXmlAttribute ptk:location="Input:29:44">
                                                            <swc:rtd>c3EAfgARdXEAfgAVAAAAAnVxAH4AFwAAAAF0AAYgbmFtZT1xAH4ANg==</swc:rtd>
                                                            <swc:name>name</swc:name>
                                                            <swc:value>
                                                               <swc:WtValue-WtValueImpl ptk:location="Input:29:50">
                                                                  <swc:rtd ptk:null="true"/>
                                                                  <ptk:t ptk:location="Input:29:50">CIA</ptk:t>
                                                               </swc:WtValue-WtValueImpl>
                                                            </swc:value>
                                                         </swc:WtXmlAttribute>
                                                      </swc:WtXmlAttributes-WtXmlAttributesImpl>
                                                   </swc:xmlAttributes>
                                                   <swc:body>
                                                      <swc:WtTagExtensionBody-WtTagExtensionBodyImpl>
                                                         <swc:content>{{cite journal |url=https://www.cia.gov/library/publications/the-world-factbook/rankorder/2119rank.html?countryName=Nigeria&amp;countryCode=ni&amp;regionCode=af&amp;rank=8#ni |title=Country Comparison:: Population|work=CIA The World Factbook|year=2010 |accessdate= 2010-11-27}}</swc:content>
                                                         <swc:rtd ptk:null="true"/>
                                                      </swc:WtTagExtensionBody-WtTagExtensionBodyImpl>
                                                   </swc:body>
                                                </swc:WtTagExtension>
                                                <swc:WtXmlEntityRef ptk:location="Input:73:33">
                                                   <swc:rtd>c3EAfgARdXEAfgAVAAAAAXVxAH4AFwAAAAF0AAYmbmJzcDs=</swc:rtd>
                                                   <swc:name>nbsp</swc:name>
                                                   <swc:resolved> </swc:resolved>
                                                </swc:WtXmlEntityRef>
                                                <ptk:t ptk:location="Input:73:38">(</ptk:t>
                                                <swc:WtInternalLink>
                                                   <swc:rtd>c3EAfgARdXEAfgAVAAAAA3VxAH4AFwAAAAFxAH4ANXEAfgA2dXEAfgAXAAAAAXEAfgA4</swc:rtd>
                                                   <swc:prefix/>
                                                   <swc:postfix/>
                                                   <swc:target>
                                                      <swc:WtPageName ptk:location="Input:73:41">
                                                         <swc:content>List of countries by population</swc:content>
                                                         <swc:rtd ptk:null="true"/>
                                                      </swc:WtPageName>
                                                   </swc:target>
                                                   <swc:title>
                                                      <swc:WtLinkTitle-WtLinkTitleImpl>
                                                         <swc:rtd>c3EAfgARdXEAfgAVAAAAAnVxAH4AFwAAAAF0AAF8cQB+ADY=</swc:rtd>
                                                         <ptk:t ptk:location="Input:73:73">8th</ptk:t>
                                                      </swc:WtLinkTitle-WtLinkTitleImpl>
                                                   </swc:title>
                                                </swc:WtInternalLink>
                                                <ptk:t ptk:location="Input:73:78">)</ptk:t>
                                             </swc:WtBody-WtBodyImpl>
                                          </swc:body>
                                       </swc:WtXmlElement>
                                       <ptk:t>
           </ptk:t>
                                    </swc:WtBody-WtBodyImpl>
                                 </swc:body>
                              </swc:WtXmlElement>
                              <swc:WtXmlElement>
                                 <swc:rtd>c3EAfgARdXEAfgAVAAAAA3VxAH4AFwAAAAF0AAM8dHJ1cQB+ABcAAAABdAABPnEAfgA2</swc:rtd>
                                 <swc:name>tr</swc:name>
                                 <swc:xmlAttributes>
                                    <swc:WtXmlAttributes-WtXmlAttributesImpl ptk:location="Input:74:20">
                                       <swc:rtd ptk:null="true"/>
                                       <swc:WtXmlAttribute ptk:location="Input:74:20">
                                          <swc:rtd>c3EAfgARdXEAfgAVAAAAAnVxAH4AFwAAAAF0AAggY2xhc3M9InVxAH4AFwAAAAF0AAEi</swc:rtd>
                                          <swc:name>class</swc:name>
                                          <swc:value>
                                             <swc:WtValue-WtValueImpl ptk:location="Input:74:28">
                                                <swc:rtd ptk:null="true"/>
                                                <ptk:t ptk:location="Input:74:28">mergedbottomrow</ptk:t>
                                             </swc:WtValue-WtValueImpl>
                                          </swc:value>
                                       </swc:WtXmlAttribute>
                                    </swc:WtXmlAttributes-WtXmlAttributesImpl>
                                 </swc:xmlAttributes>
                                 <swc:body>
                                    <swc:WtBody-WtBodyImpl>
                                       <swc:rtd ptk:null="true"/>
                                       <ptk:t>
          </ptk:t>
                                       <swc:WtXmlElement>
                                          <swc:rtd>c3EAfgARdXEAfgAVAAAAA3VxAH4AFwAAAAF0AAM8dGR1cQB+ABcAAAABdAABPnEAfgA2</swc:rtd>
                                          <swc:name>td</swc:name>
                                          <swc:xmlAttributes>
                                             <swc:WtXmlAttributes-WtXmlAttributesImpl ptk:location="Input:75:14">
                                                <swc:rtd ptk:null="true"/>
                                                <swc:WtXmlAttribute ptk:location="Input:75:14">
                                                   <swc:rtd>c3EAfgARdXEAfgAVAAAAAnVxAH4AFwAAAAF0AAggc3R5bGU9InVxAH4AFwAAAAF0AAEi</swc:rtd>
                                                   <swc:name>style</swc:name>
                                                   <swc:value>
                                                      <swc:WtValue-WtValueImpl ptk:location="Input:75:22">
                                                         <swc:rtd ptk:null="true"/>
                                                         <ptk:t ptk:location="Input:75:22">width:1em; padding:0 0 0 0.6em;</ptk:t>
                                                      </swc:WtValue-WtValueImpl>
                                                   </swc:value>
                                                </swc:WtXmlAttribute>
                                             </swc:WtXmlAttributes-WtXmlAttributesImpl>
                                          </swc:xmlAttributes>
                                          <swc:body>
                                             <swc:WtBody-WtBodyImpl>
                                                <swc:rtd ptk:null="true"/>
                                                <swc:WtXmlEntityRef ptk:location="Input:75:56">
                                                   <swc:rtd>c3EAfgARdXEAfgAVAAAAAXVxAH4AFwAAAAF0AAYmbmJzcDs=</swc:rtd>
                                                   <swc:name>nbsp</swc:name>
                                                   <swc:resolved> </swc:resolved>
                                                </swc:WtXmlEntityRef>
                                                <ptk:t ptk:location="Input:75:61">-</ptk:t>
                                                <swc:WtXmlEntityRef ptk:location="Input:75:63">
                                                   <swc:rtd>c3EAfgARdXEAfgAVAAAAAXVxAH4AFwAAAAF0AAYmbmJzcDs=</swc:rtd>
                                                   <swc:name>nbsp</swc:name>
                                                   <swc:resolved> </swc:resolved>
                                                </swc:WtXmlEntityRef>
                                             </swc:WtBody-WtBodyImpl>
                                          </swc:body>
                                       </swc:WtXmlElement>
                                       <ptk:t>
          </ptk:t>
                                       <swc:WtXmlElement>
                                          <swc:rtd>c3EAfgARdXEAfgAVAAAAA3VxAH4AFwAAAAF0AAM8dGR1cQB+ABcAAAABdAABPnEAfgA2</swc:rtd>
                                          <swc:name>td</swc:name>
                                          <swc:xmlAttributes>
                                             <swc:WtXmlAttributes-WtXmlAttributesImpl ptk:location="Input:76:14">
                                                <swc:rtd ptk:null="true"/>
                                                <swc:WtXmlAttribute ptk:location="Input:76:14">
                                                   <swc:rtd>c3EAfgARdXEAfgAVAAAAAnVxAH4AFwAAAAF0AAggc3R5bGU9InVxAH4AFwAAAAF0AAEi</swc:rtd>
                                                   <swc:name>style</swc:name>
                                                   <swc:value>
                                                      <swc:WtValue-WtValueImpl ptk:location="Input:76:22">
                                                         <swc:rtd ptk:null="true"/>
                                                         <ptk:t ptk:location="Input:76:22">padding-left:0em;</ptk:t>
                                                      </swc:WtValue-WtValueImpl>
                                                   </swc:value>
                                                </swc:WtXmlAttribute>
                                             </swc:WtXmlAttributes-WtXmlAttributesImpl>
                                          </swc:xmlAttributes>
                                          <swc:body>
                                             <swc:WtBody-WtBodyImpl>
                                                <swc:rtd ptk:null="true"/>
                                                <swc:WtInternalLink>
                                                   <swc:rtd>c3EAfgARdXEAfgAVAAAAA3VxAH4AFwAAAAFxAH4ANXEAfgA2dXEAfgAXAAAAAXEAfgA4</swc:rtd>
                                                   <swc:prefix/>
                                                   <swc:postfix/>
                                                   <swc:target>
                                                      <swc:WtPageName ptk:location="Input:76:43">
                                                         <swc:content>‏كثافه سكانيه</swc:content>
                                                         <swc:rtd ptk:null="true"/>
                                                      </swc:WtPageName>
                                                   </swc:target>
                                                   <swc:title>
                                                      <swc:WtLinkTitle-WtNoLinkTitle/>
                                                   </swc:title>
                                                </swc:WtInternalLink>
                                             </swc:WtBody-WtBodyImpl>
                                          </swc:body>
                                       </swc:WtXmlElement>
                                       <ptk:t>
          </ptk:t>
                                       <swc:WtXmlElement>
                                          <swc:rtd>c3EAfgARdXEAfgAVAAAAA3VxAH4AFwAAAAF0AAM8dGR1cQB+ABcAAAABdAABPnEAfgA2</swc:rtd>
                                          <swc:name>td</swc:name>
                                          <swc:xmlAttributes>
                                             <swc:WtXmlAttributes-WtEmptyXmlAttributes/>
                                          </swc:xmlAttributes>
                                          <swc:body>
                                             <swc:WtBody-WtBodyImpl>
                                                <swc:rtd ptk:null="true"/>
                                                <ptk:t ptk:location="Input:77:15">164.8/km</ptk:t>
                                                <swc:WtXmlElement>
                                                   <swc:rtd>c3EAfgARdXEAfgAVAAAAA3VxAH4AFwAAAAF0AAQ8c3VwdXEAfgAXAAAAAXQAAT51cQB+ABcAAAABdAAGPC9zdXA+</swc:rtd>
                                                   <swc:name>sup</swc:name>
                                                   <swc:xmlAttributes>
                                                      <swc:WtXmlAttributes-WtEmptyXmlAttributes/>
                                                   </swc:xmlAttributes>
                                                   <swc:body>
                                                      <swc:WtBody-WtBodyImpl>
                                                         <swc:rtd ptk:null="true"/>
                                                         <ptk:t ptk:location="Input:77:28">2</ptk:t>
                                                      </swc:WtBody-WtBodyImpl>
                                                   </swc:body>
                                                </swc:WtXmlElement>
                                                <swc:WtXmlEntityRef ptk:location="Input:77:36">
                                                   <swc:rtd>c3EAfgARdXEAfgAVAAAAAXVxAH4AFwAAAAF0AAYmbmJzcDs=</swc:rtd>
                                                   <swc:name>nbsp</swc:name>
                                                   <swc:resolved> </swc:resolved>
                                                </swc:WtXmlEntityRef>
                                                <ptk:t ptk:location="Input:77:41">(</ptk:t>
                                                <swc:WtInternalLink>
                                                   <swc:rtd>c3EAfgARdXEAfgAVAAAAA3VxAH4AFwAAAAFxAH4ANXEAfgA2dXEAfgAXAAAAAXEAfgA4</swc:rtd>
                                                   <swc:prefix/>
                                                   <swc:postfix/>
                                                   <swc:target>
                                                      <swc:WtPageName ptk:location="Input:77:44">
                                                         <swc:content>List of countries by population density</swc:content>
                                                         <swc:rtd ptk:null="true"/>
                                                      </swc:WtPageName>
                                                   </swc:target>
                                                   <swc:title>
                                                      <swc:WtLinkTitle-WtLinkTitleImpl>
                                                         <swc:rtd>c3EAfgARdXEAfgAVAAAAAnVxAH4AFwAAAAF0AAF8cQB+ADY=</swc:rtd>
                                                         <ptk:t ptk:location="Input:77:84">71st</ptk:t>
                                                      </swc:WtLinkTitle-WtLinkTitleImpl>
                                                   </swc:title>
                                                </swc:WtInternalLink>
                                                <ptk:t ptk:location="Input:77:90">)</ptk:t>
                                                <swc:WtXmlElement>
                                                   <swc:rtd>c3EAfgARdXEAfgAVAAAAA3VxAH4AFwAAAAF0AAM8YnJ1cQB+ABcAAAABdAACLz5xAH4ANg==</swc:rtd>
                                                   <swc:name>br</swc:name>
                                                   <swc:xmlAttributes>
                                                      <swc:WtXmlAttributes-WtEmptyXmlAttributes/>
                                                   </swc:xmlAttributes>
                                                   <swc:body>
                                                      <swc:WtBody-WtNoBody/>
                                                   </swc:body>
                                                </swc:WtXmlElement>
                                                <swc:WtTemplate ptk:location="قالب:Infobox country:614:63">
                                                   <swc:rtd>c3EAfgARdXEAfgAVAAAAA3VxAH4AFwAAAAF0AAJ7e3EAfgA2dXEAfgAXAAAAAXQAAn19</swc:rtd>
                                                   <swc:precededByNewline>false</swc:precededByNewline>
                                                   <swc:name>
                                                      <swc:WtName-WtNameImpl>
                                                         <swc:rtd ptk:null="true"/>
                                                         <ptk:t ptk:location="قالب:Infobox country:614:63">formatnum:</ptk:t>
                                                         <ptk:t ptk:location="Input:35:28">426.8</ptk:t>
                                                         <swc:WtXmlComment ptk:location="Input:35:39">
                                                            <swc:content>Do not remove per [[WP:MOSNUM]]</swc:content>
                                                            <swc:rtd>c3EAfgARdXEAfgAVAAAAAXVxAH4AFwAAAAF0ACY8IS0tRG8gbm90IHJlbW92ZSBwZXIgW1tXUDpNT1NOVU1dXS0tPg==</swc:rtd>
                                                            <swc:prefix/>
                                                            <swc:suffix/>
                                                         </swc:WtXmlComment>
                                                         <ptk:t ptk:location="قالب:Infobox country:614:104">  </ptk:t>
                                                      </swc:WtName-WtNameImpl>
                                                   </swc:name>
                                                   <swc:args>
                                                      <swc:WtTemplateArguments-WtTemplateArgumentsImpl>
                                                         <swc:rtd ptk:null="true"/>
                                                      </swc:WtTemplateArguments-WtTemplateArgumentsImpl>
                                                   </swc:args>
                                                </swc:WtTemplate>
                                                <ptk:t ptk:location="Input:77:99">/sq</ptk:t>
                                                <swc:WtXmlEntityRef ptk:location="Input:77:103">
                                                   <swc:rtd>c3EAfgARdXEAfgAVAAAAAXVxAH4AFwAAAAF0AAYmbmJzcDs=</swc:rtd>
                                                   <swc:name>nbsp</swc:name>
                                                   <swc:resolved> </swc:resolved>
                                                </swc:WtXmlEntityRef>
                                                <ptk:t ptk:location="Input:77:108">mi</ptk:t>
                                             </swc:WtBody-WtBodyImpl>
                                          </swc:body>
                                       </swc:WtXmlElement>
                                       <ptk:t>
        </ptk:t>
                                    </swc:WtBody-WtBodyImpl>
                                 </swc:body>
                              </swc:WtXmlElement>
                              <swc:WtXmlElement>
                                 <swc:rtd>c3EAfgARdXEAfgAVAAAAA3VxAH4AFwAAAAF0AAM8dHJ1cQB+ABcAAAABdAABPnEAfgA2</swc:rtd>
                                 <swc:name>tr</swc:name>
                                 <swc:xmlAttributes>
                                    <swc:WtXmlAttributes-WtXmlAttributesImpl ptk:location="Input:78:17">
                                       <swc:rtd ptk:null="true"/>
                                       <swc:WtXmlAttribute ptk:location="Input:78:17">
                                          <swc:rtd>c3EAfgARdXEAfgAVAAAAAnVxAH4AFwAAAAF0AAggY2xhc3M9InVxAH4AFwAAAAF0AAEi</swc:rtd>
                                          <swc:name>class</swc:name>
                                          <swc:value>
                                             <swc:WtValue-WtValueImpl ptk:location="Input:78:25">
                                                <swc:rtd ptk:null="true"/>
                                                <ptk:t ptk:location="Input:78:25">mergedtoprow</ptk:t>
                                             </swc:WtValue-WtValueImpl>
                                          </swc:value>
                                       </swc:WtXmlAttribute>
                                    </swc:WtXmlAttributes-WtXmlAttributesImpl>
                                 </swc:xmlAttributes>
                                 <swc:body>
                                    <swc:WtBody-WtBodyImpl>
                                       <swc:rtd ptk:null="true"/>
                                       <ptk:t>
          </ptk:t>
                                       <swc:WtXmlElement>
                                          <swc:rtd>c3EAfgARdXEAfgAVAAAAA3VxAH4AFwAAAAF0AAM8dGR1cQB+ABcAAAABdAABPnEAfgA2</swc:rtd>
                                          <swc:name>td</swc:name>
                                          <swc:xmlAttributes>
                                             <swc:WtXmlAttributes-WtXmlAttributesImpl ptk:location="Input:79:14">
                                                <swc:rtd ptk:null="true"/>
                                                <swc:WtXmlAttribute ptk:location="Input:79:14">
                                                   <swc:rtd>c3EAfgARdXEAfgAVAAAAAnVxAH4AFwAAAAF0AAogY29sc3Bhbj0idXEAfgAXAAAAAXQAASI=</swc:rtd>
                                                   <swc:name>colspan</swc:name>
                                                   <swc:value>
                                                      <swc:WtValue-WtValueImpl ptk:location="Input:79:24">
                                                         <swc:rtd ptk:null="true"/>
                                                         <ptk:t ptk:location="Input:79:24">2</ptk:t>
                                                      </swc:WtValue-WtValueImpl>
                                                   </swc:value>
                                                </swc:WtXmlAttribute>
                                             </swc:WtXmlAttributes-WtXmlAttributesImpl>
                                          </swc:xmlAttributes>
                                          <swc:body>
                                             <swc:WtBody-WtBodyImpl>
                                                <swc:rtd ptk:null="true"/>
                                                <swc:WtBold>
                                                   <swc:rtd>c3EAfgARdXEAfgAVAAAAAnVxAH4AFwAAAAF0AAMnJyd1cQB+ABcAAAABdAADJycn</swc:rtd>
                                                   <swc:WtInternalLink>
                                                      <swc:rtd>c3EAfgARdXEAfgAVAAAAA3VxAH4AFwAAAAFxAH4ANXEAfgA2dXEAfgAXAAAAAXEAfgA4</swc:rtd>
                                                      <swc:prefix/>
                                                      <swc:postfix/>
                                                      <swc:target>
                                                         <swc:WtPageName ptk:location="Input:79:32">
                                                            <swc:content>انتاج محلى اجمالى</swc:content>
                                                            <swc:rtd ptk:null="true"/>
                                                         </swc:WtPageName>
                                                      </swc:target>
                                                      <swc:title>
                                                         <swc:WtLinkTitle-WtNoLinkTitle/>
                                                      </swc:title>
                                                   </swc:WtInternalLink>
                                                </swc:WtBold>
                                                <swc:WtXmlEntityRef ptk:location="Input:79:55">
                                                   <swc:rtd>c3EAfgARdXEAfgAVAAAAAXVxAH4AFwAAAAF0AAYmbmJzcDs=</swc:rtd>
                                                   <swc:name>nbsp</swc:name>
                                                   <swc:resolved> </swc:resolved>
                                                </swc:WtXmlEntityRef>
                                                <ptk:t ptk:location="Input:79:60">(</ptk:t>
                                                <swc:WtInternalLink>
                                                   <swc:rtd>c3EAfgARdXEAfgAVAAAAA3VxAH4AFwAAAAFxAH4ANXEAfgA2dXEAfgAXAAAAAXEAfgA4</swc:rtd>
                                                   <swc:prefix/>
                                                   <swc:postfix/>
                                                   <swc:target>
                                                      <swc:WtPageName ptk:location="Input:79:63">
                                                         <swc:content>Purchasing power parity</swc:content>
                                                         <swc:rtd ptk:null="true"/>
                                                      </swc:WtPageName>
                                                   </swc:target>
                                                   <swc:title>
                                                      <swc:WtLinkTitle-WtLinkTitleImpl>
                                                         <swc:rtd>c3EAfgARdXEAfgAVAAAAAnVxAH4AFwAAAAF0AAF8cQB+ADY=</swc:rtd>
                                                         <ptk:t ptk:location="Input:79:87">PPP</ptk:t>
                                                      </swc:WtLinkTitle-WtLinkTitleImpl>
                                                   </swc:title>
                                                </swc:WtInternalLink>
                                                <ptk:t ptk:location="Input:79:92">)</ptk:t>
                                             </swc:WtBody-WtBodyImpl>
                                          </swc:body>
                                       </swc:WtXmlElement>
                                       <ptk:t>
          </ptk:t>
                                       <swc:WtXmlElement>
                                          <swc:rtd>c3EAfgARdXEAfgAVAAAAA3VxAH4AFwAAAAF0AAM8dGR1cQB+ABcAAAABdAABPnEAfgA2</swc:rtd>
                                          <swc:name>td</swc:name>
                                          <swc:xmlAttributes>
                                             <swc:WtXmlAttributes-WtEmptyXmlAttributes/>
                                          </swc:xmlAttributes>
                                          <swc:body>
                                             <swc:WtBody-WtBodyImpl>
                                                <swc:rtd ptk:null="true"/>
                                                <ptk:t ptk:location="Input:80:15">2010</ptk:t>
                                                <swc:WtXmlEntityRef ptk:location="Input:80:20">
                                                   <swc:rtd>c3EAfgARdXEAfgAVAAAAAXVxAH4AFwAAAAF0AAYmbmJzcDs=</swc:rtd>
                                                   <swc:name>nbsp</swc:name>
                                                   <swc:resolved> </swc:resolved>
                                                </swc:WtXmlEntityRef>
                                                <ptk:t ptk:location="Input:80:25">estimate</ptk:t>
                                             </swc:WtBody-WtBodyImpl>
                                          </swc:body>
                                       </swc:WtXmlElement>
                                       <ptk:t>
        </ptk:t>
                                    </swc:WtBody-WtBodyImpl>
                                 </swc:body>
                              </swc:WtXmlElement>
                              <ptk:t>
        </ptk:t>
                              <swc:WtXmlElement>
                                 <swc:rtd>c3EAfgARdXEAfgAVAAAAA3VxAH4AFwAAAAF0AAM8dHJ1cQB+ABcAAAABdAABPnEAfgA2</swc:rtd>
                                 <swc:name>tr</swc:name>
                                 <swc:xmlAttributes>
                                    <swc:WtXmlAttributes-WtXmlAttributesImpl ptk:location="Input:82:12">
                                       <swc:rtd ptk:null="true"/>
                                       <swc:WtXmlAttribute ptk:location="Input:82:12">
                                          <swc:rtd>c3EAfgARdXEAfgAVAAAAAnVxAH4AFwAAAAF0AAggY2xhc3M9InVxAH4AFwAAAAF0AAEi</swc:rtd>
                                          <swc:name>class</swc:name>
                                          <swc:value>
                                             <swc:WtValue-WtValueImpl ptk:location="Input:82:20">
                                                <swc:rtd ptk:null="true"/>
                                                <ptk:t ptk:location="Input:82:20">mergedrow</ptk:t>
                                             </swc:WtValue-WtValueImpl>
                                          </swc:value>
                                       </swc:WtXmlAttribute>
                                    </swc:WtXmlAttributes-WtXmlAttributesImpl>
                                 </swc:xmlAttributes>
                                 <swc:body>
                                    <swc:WtBody-WtBodyImpl>
                                       <swc:rtd ptk:null="true"/>
                                       <ptk:t>
          </ptk:t>
                                       <swc:WtXmlElement>
                                          <swc:rtd>c3EAfgARdXEAfgAVAAAAA3VxAH4AFwAAAAF0AAM8dGR1cQB+ABcAAAABdAABPnEAfgA2</swc:rtd>
                                          <swc:name>td</swc:name>
                                          <swc:xmlAttributes>
                                             <swc:WtXmlAttributes-WtXmlAttributesImpl ptk:location="Input:83:14">
                                                <swc:rtd ptk:null="true"/>
                                                <swc:WtXmlAttribute ptk:location="Input:83:14">
                                                   <swc:rtd>c3EAfgARdXEAfgAVAAAAAnVxAH4AFwAAAAF0AAggc3R5bGU9InVxAH4AFwAAAAF0AAEi</swc:rtd>
                                                   <swc:name>style</swc:name>
                                                   <swc:value>
                                                      <swc:WtValue-WtValueImpl ptk:location="Input:83:22">
                                                         <swc:rtd ptk:null="true"/>
                                                         <ptk:t ptk:location="Input:83:22">width:1em; padding:0 0 0 0.6em;</ptk:t>
                                                      </swc:WtValue-WtValueImpl>
                                                   </swc:value>
                                                </swc:WtXmlAttribute>
                                             </swc:WtXmlAttributes-WtXmlAttributesImpl>
                                          </swc:xmlAttributes>
                                          <swc:body>
                                             <swc:WtBody-WtBodyImpl>
                                                <swc:rtd ptk:null="true"/>
                                                <swc:WtXmlEntityRef ptk:location="Input:83:56">
                                                   <swc:rtd>c3EAfgARdXEAfgAVAAAAAXVxAH4AFwAAAAF0AAYmbmJzcDs=</swc:rtd>
                                                   <swc:name>nbsp</swc:name>
                                                   <swc:resolved> </swc:resolved>
                                                </swc:WtXmlEntityRef>
                                                <ptk:t ptk:location="Input:83:61">-</ptk:t>
                                                <swc:WtXmlEntityRef ptk:location="Input:83:63">
                                                   <swc:rtd>c3EAfgARdXEAfgAVAAAAAXVxAH4AFwAAAAF0AAYmbmJzcDs=</swc:rtd>
                                                   <swc:name>nbsp</swc:name>
                                                   <swc:resolved> </swc:resolved>
                                                </swc:WtXmlEntityRef>
                                             </swc:WtBody-WtBodyImpl>
                                          </swc:body>
                                       </swc:WtXmlElement>
                                       <ptk:t>
          </ptk:t>
                                       <swc:WtXmlElement>
                                          <swc:rtd>c3EAfgARdXEAfgAVAAAAA3VxAH4AFwAAAAF0AAM8dGR1cQB+ABcAAAABdAABPnEAfgA2</swc:rtd>
                                          <swc:name>td</swc:name>
                                          <swc:xmlAttributes>
                                             <swc:WtXmlAttributes-WtXmlAttributesImpl ptk:location="Input:84:14">
                                                <swc:rtd ptk:null="true"/>
                                                <swc:WtXmlAttribute ptk:location="Input:84:14">
                                                   <swc:rtd>c3EAfgARdXEAfgAVAAAAAnVxAH4AFwAAAAF0AAggc3R5bGU9InVxAH4AFwAAAAF0AAEi</swc:rtd>
                                                   <swc:name>style</swc:name>
                                                   <swc:value>
                                                      <swc:WtValue-WtValueImpl ptk:location="Input:84:22">
                                                         <swc:rtd ptk:null="true"/>
                                                         <ptk:t ptk:location="Input:84:22">padding-left:0em;</ptk:t>
                                                      </swc:WtValue-WtValueImpl>
                                                   </swc:value>
                                                </swc:WtXmlAttribute>
                                             </swc:WtXmlAttributes-WtXmlAttributesImpl>
                                          </swc:xmlAttributes>
                                          <swc:body>
                                             <swc:WtBody-WtBodyImpl>
                                                <swc:rtd ptk:null="true"/>
                                                <ptk:t ptk:location="Input:84:41">Total</ptk:t>
                                             </swc:WtBody-WtBodyImpl>
                                          </swc:body>
                                       </swc:WtXmlElement>
                                       <ptk:t>
          </ptk:t>
                                       <swc:WtXmlElement>
                                          <swc:rtd>c3EAfgARdXEAfgAVAAAAA3VxAH4AFwAAAAF0AAM8dGR1cQB+ABcAAAABdAABPnEAfgA2</swc:rtd>
                                          <swc:name>td</swc:name>
                                          <swc:xmlAttributes>
                                             <swc:WtXmlAttributes-WtEmptyXmlAttributes/>
                                          </swc:xmlAttributes>
                                          <swc:body>
                                             <swc:WtBody-WtBodyImpl>
                                                <swc:rtd ptk:null="true"/>
                                                <ptk:t ptk:location="Input:85:15">$377.949 billion</ptk:t>
                                                <swc:WtTagExtension ptk:location="Input:37:46">
                                                   <ptk:a ptk:name="__SKIP__">
                                                      <ptk:Boolean>false</ptk:Boolean>
                                                   </ptk:a>
                                                   <swc:rtd>c3EAfgARdXEAfgAVAAAAA3VxAH4AFwAAAAF0AAQ8cmVmdXEAfgAXAAAAAXQAAT51cQB+ABcAAAABdAAGPC9yZWY+</swc:rtd>
                                                   <swc:name>ref</swc:name>
                                                   <swc:xmlAttributes>
                                                      <swc:WtXmlAttributes-WtXmlAttributesImpl ptk:location="Input:37:49">
                                                         <swc:rtd ptk:null="true"/>
                                                         <swc:WtXmlAttribute ptk:location="Input:37:49">
                                                            <swc:rtd>c3EAfgARdXEAfgAVAAAAAnVxAH4AFwAAAAF0AAYgbmFtZT1xAH4ANg==</swc:rtd>
                                                            <swc:name>name</swc:name>
                                                            <swc:value>
                                                               <swc:WtValue-WtValueImpl ptk:location="Input:37:55">
                                                                  <swc:rtd ptk:null="true"/>
                                                                  <ptk:t ptk:location="Input:37:55">imf2</ptk:t>
                                                               </swc:WtValue-WtValueImpl>
                                                            </swc:value>
                                                         </swc:WtXmlAttribute>
                                                      </swc:WtXmlAttributes-WtXmlAttributesImpl>
                                                   </swc:xmlAttributes>
                                                   <swc:body>
                                                      <swc:WtTagExtensionBody-WtTagExtensionBodyImpl>
                                                         <swc:content>{{cite web |url=http://www.imf.org/external/pubs/ft/weo/2011/01/weodata/weorept.aspx?sy=2008&amp;ey=2011&amp;scsm=1&amp;ssd=1&amp;sort=country&amp;ds=.&amp;br=1&amp;c=694&amp;s=NGDPD%2CNGDPDPC%2CPPPGDP%2CPPPPC%2CLP&amp;grp=0&amp;a=&amp;pr.x=59&amp;pr.y=2 |title=Nigeria |publisher=International Monetary Fund |accessdate=2011-05-06}}</swc:content>
                                                         <swc:rtd ptk:null="true"/>
                                                      </swc:WtTagExtensionBody-WtTagExtensionBodyImpl>
                                                   </swc:body>
                                                </swc:WtTagExtension>
                                                <swc:WtXmlEntityRef ptk:location="Input:85:35">
                                                   <swc:rtd>c3EAfgARdXEAfgAVAAAAAXVxAH4AFwAAAAF0AAYmbmJzcDs=</swc:rtd>
                                                   <swc:name>nbsp</swc:name>
                                                   <swc:resolved> </swc:resolved>
                                                </swc:WtXmlEntityRef>
                                             </swc:WtBody-WtBodyImpl>
                                          </swc:body>
                                       </swc:WtXmlElement>
                                       <ptk:t>
        </ptk:t>
                                    </swc:WtBody-WtBodyImpl>
                                 </swc:body>
                              </swc:WtXmlElement>
                              <swc:WtXmlElement>
                                 <swc:rtd>c3EAfgARdXEAfgAVAAAAA3VxAH4AFwAAAAF0AAM8dHJ1cQB+ABcAAAABdAABPnEAfgA2</swc:rtd>
                                 <swc:name>tr</swc:name>
                                 <swc:xmlAttributes>
                                    <swc:WtXmlAttributes-WtXmlAttributesImpl ptk:location="Input:86:17">
                                       <swc:rtd ptk:null="true"/>
                                       <swc:WtXmlAttribute ptk:location="Input:86:17">
                                          <swc:rtd>c3EAfgARdXEAfgAVAAAAAnVxAH4AFwAAAAF0AAggY2xhc3M9InVxAH4AFwAAAAF0AAEi</swc:rtd>
                                          <swc:name>class</swc:name>
                                          <swc:value>
                                             <swc:WtValue-WtValueImpl ptk:location="Input:86:25">
                                                <swc:rtd ptk:null="true"/>
                                                <ptk:t ptk:location="Input:86:25">mergedbottomrow</ptk:t>
                                             </swc:WtValue-WtValueImpl>
                                          </swc:value>
                                       </swc:WtXmlAttribute>
                                    </swc:WtXmlAttributes-WtXmlAttributesImpl>
                                 </swc:xmlAttributes>
                                 <swc:body>
                                    <swc:WtBody-WtBodyImpl>
                                       <swc:rtd ptk:null="true"/>
                                       <ptk:t>
             </ptk:t>
                                       <swc:WtXmlElement>
                                          <swc:rtd>c3EAfgARdXEAfgAVAAAAA3VxAH4AFwAAAAF0AAM8dGR1cQB+ABcAAAABdAABPnEAfgA2</swc:rtd>
                                          <swc:name>td</swc:name>
                                          <swc:xmlAttributes>
                                             <swc:WtXmlAttributes-WtXmlAttributesImpl ptk:location="Input:87:17">
                                                <swc:rtd ptk:null="true"/>
                                                <swc:WtXmlAttribute ptk:location="Input:87:17">
                                                   <swc:rtd>c3EAfgARdXEAfgAVAAAAAnVxAH4AFwAAAAF0AAggc3R5bGU9InVxAH4AFwAAAAF0AAEi</swc:rtd>
                                                   <swc:name>style</swc:name>
                                                   <swc:value>
                                                      <swc:WtValue-WtValueImpl ptk:location="Input:87:25">
                                                         <swc:rtd ptk:null="true"/>
                                                         <ptk:t ptk:location="Input:87:25">width:1em; padding:0 0 0 0.6em;</ptk:t>
                                                      </swc:WtValue-WtValueImpl>
                                                   </swc:value>
                                                </swc:WtXmlAttribute>
                                             </swc:WtXmlAttributes-WtXmlAttributesImpl>
                                          </swc:xmlAttributes>
                                          <swc:body>
                                             <swc:WtBody-WtBodyImpl>
                                                <swc:rtd ptk:null="true"/>
                                                <swc:WtXmlEntityRef ptk:location="Input:87:59">
                                                   <swc:rtd>c3EAfgARdXEAfgAVAAAAAXVxAH4AFwAAAAF0AAYmbmJzcDs=</swc:rtd>
                                                   <swc:name>nbsp</swc:name>
                                                   <swc:resolved> </swc:resolved>
                                                </swc:WtXmlEntityRef>
                                                <ptk:t ptk:location="Input:87:64">-</ptk:t>
                                                <swc:WtXmlEntityRef ptk:location="Input:87:66">
                                                   <swc:rtd>c3EAfgARdXEAfgAVAAAAAXVxAH4AFwAAAAF0AAYmbmJzcDs=</swc:rtd>
                                                   <swc:name>nbsp</swc:name>
                                                   <swc:resolved> </swc:resolved>
                                                </swc:WtXmlEntityRef>
                                             </swc:WtBody-WtBodyImpl>
                                          </swc:body>
                                       </swc:WtXmlElement>
                                       <ptk:t>
             </ptk:t>
                                       <swc:WtXmlElement>
                                          <swc:rtd>c3EAfgARdXEAfgAVAAAAA3VxAH4AFwAAAAF0AAM8dGR1cQB+ABcAAAABdAABPnEAfgA2</swc:rtd>
                                          <swc:name>td</swc:name>
                                          <swc:xmlAttributes>
                                             <swc:WtXmlAttributes-WtXmlAttributesImpl ptk:location="Input:88:17">
                                                <swc:rtd ptk:null="true"/>
                                                <swc:WtXmlAttribute ptk:location="Input:88:17">
                                                   <swc:rtd>c3EAfgARdXEAfgAVAAAAAnVxAH4AFwAAAAF0AAggc3R5bGU9InVxAH4AFwAAAAF0AAEi</swc:rtd>
                                                   <swc:name>style</swc:name>
                                                   <swc:value>
                                                      <swc:WtValue-WtValueImpl ptk:location="Input:88:25">
                                                         <swc:rtd ptk:null="true"/>
                                                         <ptk:t ptk:location="Input:88:25">padding-left:0em;</ptk:t>
                                                      </swc:WtValue-WtValueImpl>
                                                   </swc:value>
                                                </swc:WtXmlAttribute>
                                             </swc:WtXmlAttributes-WtXmlAttributesImpl>
                                          </swc:xmlAttributes>
                                          <swc:body>
                                             <swc:WtBody-WtBodyImpl>
                                                <swc:rtd ptk:null="true"/>
                                                <swc:WtInternalLink>
                                                   <swc:rtd>c3EAfgARdXEAfgAVAAAAA3VxAH4AFwAAAAFxAH4ANXEAfgA2dXEAfgAXAAAAAXEAfgA4</swc:rtd>
                                                   <swc:prefix/>
                                                   <swc:postfix/>
                                                   <swc:target>
                                                      <swc:WtPageName ptk:location="Input:88:46">
                                                         <swc:content>Per capita</swc:content>
                                                         <swc:rtd ptk:null="true"/>
                                                      </swc:WtPageName>
                                                   </swc:target>
                                                   <swc:title>
                                                      <swc:WtLinkTitle-WtNoLinkTitle/>
                                                   </swc:title>
                                                </swc:WtInternalLink>
                                             </swc:WtBody-WtBodyImpl>
                                          </swc:body>
                                       </swc:WtXmlElement>
                                       <ptk:t>
             </ptk:t>
                                       <swc:WtXmlElement>
                                          <swc:rtd>c3EAfgARdXEAfgAVAAAAA3VxAH4AFwAAAAF0AAM8dGR1cQB+ABcAAAABdAABPnEAfgA2</swc:rtd>
                                          <swc:name>td</swc:name>
                                          <swc:xmlAttributes>
                                             <swc:WtXmlAttributes-WtEmptyXmlAttributes/>
                                          </swc:xmlAttributes>
                                          <swc:body>
                                             <swc:WtBody-WtBodyImpl>
                                                <swc:rtd ptk:null="true"/>
                                                <ptk:t ptk:location="Input:89:18">$2,422</ptk:t>
                                                <swc:WtTagExtension ptk:location="Input:40:36">
                                                   <ptk:a ptk:name="__SKIP__">
                                                      <ptk:Boolean>false</ptk:Boolean>
                                                   </ptk:a>
                                                   <swc:rtd>c3EAfgARdXEAfgAVAAAAA3VxAH4AFwAAAAF0AAQ8cmVmdXEAfgAXAAAAAXQAAi8+cQB+ADY=</swc:rtd>
                                                   <swc:name>ref</swc:name>
                                                   <swc:xmlAttributes>
                                                      <swc:WtXmlAttributes-WtXmlAttributesImpl ptk:location="Input:40:39">
                                                         <swc:rtd ptk:null="true"/>
                                                         <swc:WtXmlAttribute ptk:location="Input:40:39">
                                                            <swc:rtd>c3EAfgARdXEAfgAVAAAAAnVxAH4AFwAAAAF0AAYgbmFtZT1xAH4ANg==</swc:rtd>
                                                            <swc:name>name</swc:name>
                                                            <swc:value>
                                                               <swc:WtValue-WtValueImpl ptk:location="Input:40:45">
                                                                  <swc:rtd ptk:null="true"/>
                                                                  <ptk:t ptk:location="Input:40:45">imf2</ptk:t>
                                                               </swc:WtValue-WtValueImpl>
                                                            </swc:value>
                                                         </swc:WtXmlAttribute>
                                                      </swc:WtXmlAttributes-WtXmlAttributesImpl>
                                                   </swc:xmlAttributes>
                                                   <swc:body>
                                                      <swc:WtTagExtensionBody-WtNoTagExtensionBody/>
                                                   </swc:body>
                                                </swc:WtTagExtension>
                                                <swc:WtXmlEntityRef ptk:location="Input:89:28">
                                                   <swc:rtd>c3EAfgARdXEAfgAVAAAAAXVxAH4AFwAAAAF0AAYmbmJzcDs=</swc:rtd>
                                                   <swc:name>nbsp</swc:name>
                                                   <swc:resolved> </swc:resolved>
                                                </swc:WtXmlEntityRef>
                                             </swc:WtBody-WtBodyImpl>
                                          </swc:body>
                                       </swc:WtXmlElement>
                                       <ptk:t>
           </ptk:t>
                                    </swc:WtBody-WtBodyImpl>
                                 </swc:body>
                              </swc:WtXmlElement>
                              <swc:WtXmlElement>
                                 <swc:rtd>c3EAfgARdXEAfgAVAAAAA3VxAH4AFwAAAAF0AAM8dHJ1cQB+ABcAAAABdAABPnEAfgA2</swc:rtd>
                                 <swc:name>tr</swc:name>
                                 <swc:xmlAttributes>
                                    <swc:WtXmlAttributes-WtXmlAttributesImpl ptk:location="Input:90:20">
                                       <swc:rtd ptk:null="true"/>
                                       <swc:WtXmlAttribute ptk:location="Input:90:20">
                                          <swc:rtd>c3EAfgARdXEAfgAVAAAAAnVxAH4AFwAAAAF0AAggY2xhc3M9InVxAH4AFwAAAAF0AAEi</swc:rtd>
                                          <swc:name>class</swc:name>
                                          <swc:value>
                                             <swc:WtValue-WtValueImpl ptk:location="Input:90:28">
                                                <swc:rtd ptk:null="true"/>
                                                <ptk:t ptk:location="Input:90:28">mergedtoprow</ptk:t>
                                             </swc:WtValue-WtValueImpl>
                                          </swc:value>
                                       </swc:WtXmlAttribute>
                                    </swc:WtXmlAttributes-WtXmlAttributesImpl>
                                 </swc:xmlAttributes>
                                 <swc:body>
                                    <swc:WtBody-WtBodyImpl>
                                       <swc:rtd ptk:null="true"/>
                                       <ptk:t>
          </ptk:t>
                                       <swc:WtXmlElement>
                                          <swc:rtd>c3EAfgARdXEAfgAVAAAAA3VxAH4AFwAAAAF0AAM8dGR1cQB+ABcAAAABdAABPnEAfgA2</swc:rtd>
                                          <swc:name>td</swc:name>
                                          <swc:xmlAttributes>
                                             <swc:WtXmlAttributes-WtXmlAttributesImpl ptk:location="Input:91:14">
                                                <swc:rtd ptk:null="true"/>
                                                <swc:WtXmlAttribute ptk:location="Input:91:14">
                                                   <swc:rtd>c3EAfgARdXEAfgAVAAAAAnVxAH4AFwAAAAF0AAogY29sc3Bhbj0idXEAfgAXAAAAAXQAASI=</swc:rtd>
                                                   <swc:name>colspan</swc:name>
                                                   <swc:value>
                                                      <swc:WtValue-WtValueImpl ptk:location="Input:91:24">
                                                         <swc:rtd ptk:null="true"/>
                                                         <ptk:t ptk:location="Input:91:24">2</ptk:t>
                                                      </swc:WtValue-WtValueImpl>
                                                   </swc:value>
                                                </swc:WtXmlAttribute>
                                             </swc:WtXmlAttributes-WtXmlAttributesImpl>
                                          </swc:xmlAttributes>
                                          <swc:body>
                                             <swc:WtBody-WtBodyImpl>
                                                <swc:rtd ptk:null="true"/>
                                                <swc:WtBold>
                                                   <swc:rtd>c3EAfgARdXEAfgAVAAAAAnVxAH4AFwAAAAF0AAMnJyd1cQB+ABcAAAABdAADJycn</swc:rtd>
                                                   <swc:WtInternalLink>
                                                      <swc:rtd>c3EAfgARdXEAfgAVAAAAA3VxAH4AFwAAAAFxAH4ANXEAfgA2dXEAfgAXAAAAAXEAfgA4</swc:rtd>
                                                      <swc:prefix/>
                                                      <swc:postfix/>
                                                      <swc:target>
                                                         <swc:WtPageName ptk:location="Input:91:32">
                                                            <swc:content>انتاج محلى اجمالى</swc:content>
                                                            <swc:rtd ptk:null="true"/>
                                                         </swc:WtPageName>
                                                      </swc:target>
                                                      <swc:title>
                                                         <swc:WtLinkTitle-WtNoLinkTitle/>
                                                      </swc:title>
                                                   </swc:WtInternalLink>
                                                </swc:WtBold>
                                                <ptk:t ptk:location="Input:91:54"> (nominal)</ptk:t>
                                             </swc:WtBody-WtBodyImpl>
                                          </swc:body>
                                       </swc:WtXmlElement>
                                       <ptk:t>
          </ptk:t>
                                       <swc:WtXmlElement>
                                          <swc:rtd>c3EAfgARdXEAfgAVAAAAA3VxAH4AFwAAAAF0AAM8dGR1cQB+ABcAAAABdAABPnEAfgA2</swc:rtd>
                                          <swc:name>td</swc:name>
                                          <swc:xmlAttributes>
                                             <swc:WtXmlAttributes-WtEmptyXmlAttributes/>
                                          </swc:xmlAttributes>
                                          <swc:body>
                                             <swc:WtBody-WtBodyImpl>
                                                <swc:rtd ptk:null="true"/>
                                                <ptk:t ptk:location="Input:92:15">2010</ptk:t>
                                                <swc:WtXmlEntityRef ptk:location="Input:92:20">
                                                   <swc:rtd>c3EAfgARdXEAfgAVAAAAAXVxAH4AFwAAAAF0AAYmbmJzcDs=</swc:rtd>
                                                   <swc:name>nbsp</swc:name>
                                                   <swc:resolved> </swc:resolved>
                                                </swc:WtXmlEntityRef>
                                                <ptk:t ptk:location="Input:92:25">estimate</ptk:t>
                                             </swc:WtBody-WtBodyImpl>
                                          </swc:body>
                                       </swc:WtXmlElement>
                                       <ptk:t>
        </ptk:t>
                                    </swc:WtBody-WtBodyImpl>
                                 </swc:body>
                              </swc:WtXmlElement>
                              <ptk:t>
        </ptk:t>
                              <swc:WtXmlElement>
                                 <swc:rtd>c3EAfgARdXEAfgAVAAAAA3VxAH4AFwAAAAF0AAM8dHJ1cQB+ABcAAAABdAABPnEAfgA2</swc:rtd>
                                 <swc:name>tr</swc:name>
                                 <swc:xmlAttributes>
                                    <swc:WtXmlAttributes-WtXmlAttributesImpl ptk:location="Input:94:12">
                                       <swc:rtd ptk:null="true"/>
                                       <swc:WtXmlAttribute ptk:location="Input:94:12">
                                          <swc:rtd>c3EAfgARdXEAfgAVAAAAAnVxAH4AFwAAAAF0AAggY2xhc3M9InVxAH4AFwAAAAF0AAEi</swc:rtd>
                                          <swc:name>class</swc:name>
                                          <swc:value>
                                             <swc:WtValue-WtValueImpl ptk:location="Input:94:20">
                                                <swc:rtd ptk:null="true"/>
                                                <ptk:t ptk:location="Input:94:20">mergedrow</ptk:t>
                                             </swc:WtValue-WtValueImpl>
                                          </swc:value>
                                       </swc:WtXmlAttribute>
                                    </swc:WtXmlAttributes-WtXmlAttributesImpl>
                                 </swc:xmlAttributes>
                                 <swc:body>
                                    <swc:WtBody-WtBodyImpl>
                                       <swc:rtd ptk:null="true"/>
                                       <ptk:t>
          </ptk:t>
                                       <swc:WtXmlElement>
                                          <swc:rtd>c3EAfgARdXEAfgAVAAAAA3VxAH4AFwAAAAF0AAM8dGR1cQB+ABcAAAABdAABPnEAfgA2</swc:rtd>
                                          <swc:name>td</swc:name>
                                          <swc:xmlAttributes>
                                             <swc:WtXmlAttributes-WtXmlAttributesImpl ptk:location="Input:95:14">
                                                <swc:rtd ptk:null="true"/>
                                                <swc:WtXmlAttribute ptk:location="Input:95:14">
                                                   <swc:rtd>c3EAfgARdXEAfgAVAAAAAnVxAH4AFwAAAAF0AAggc3R5bGU9InVxAH4AFwAAAAF0AAEi</swc:rtd>
                                                   <swc:name>style</swc:name>
                                                   <swc:value>
                                                      <swc:WtValue-WtValueImpl ptk:location="Input:95:22">
                                                         <swc:rtd ptk:null="true"/>
                                                         <ptk:t ptk:location="Input:95:22">width:1em; padding:0 0 0 0.6em;</ptk:t>
                                                      </swc:WtValue-WtValueImpl>
                                                   </swc:value>
                                                </swc:WtXmlAttribute>
                                             </swc:WtXmlAttributes-WtXmlAttributesImpl>
                                          </swc:xmlAttributes>
                                          <swc:body>
                                             <swc:WtBody-WtBodyImpl>
                                                <swc:rtd ptk:null="true"/>
                                                <swc:WtXmlEntityRef ptk:location="Input:95:56">
                                                   <swc:rtd>c3EAfgARdXEAfgAVAAAAAXVxAH4AFwAAAAF0AAYmbmJzcDs=</swc:rtd>
                                                   <swc:name>nbsp</swc:name>
                                                   <swc:resolved> </swc:resolved>
                                                </swc:WtXmlEntityRef>
                                                <ptk:t ptk:location="Input:95:61">-</ptk:t>
                                                <swc:WtXmlEntityRef ptk:location="Input:95:63">
                                                   <swc:rtd>c3EAfgARdXEAfgAVAAAAAXVxAH4AFwAAAAF0AAYmbmJzcDs=</swc:rtd>
                                                   <swc:name>nbsp</swc:name>
                                                   <swc:resolved> </swc:resolved>
                                                </swc:WtXmlEntityRef>
                                             </swc:WtBody-WtBodyImpl>
                                          </swc:body>
                                       </swc:WtXmlElement>
                                       <ptk:t>
          </ptk:t>
                                       <swc:WtXmlElement>
                                          <swc:rtd>c3EAfgARdXEAfgAVAAAAA3VxAH4AFwAAAAF0AAM8dGR1cQB+ABcAAAABdAABPnEAfgA2</swc:rtd>
                                          <swc:name>td</swc:name>
                                          <swc:xmlAttributes>
                                             <swc:WtXmlAttributes-WtXmlAttributesImpl ptk:location="Input:96:14">
                                                <swc:rtd ptk:null="true"/>
                                                <swc:WtXmlAttribute ptk:location="Input:96:14">
                                                   <swc:rtd>c3EAfgARdXEAfgAVAAAAAnVxAH4AFwAAAAF0AAggc3R5bGU9InVxAH4AFwAAAAF0AAEi</swc:rtd>
                                                   <swc:name>style</swc:name>
                                                   <swc:value>
                                                      <swc:WtValue-WtValueImpl ptk:location="Input:96:22">
                                                         <swc:rtd ptk:null="true"/>
                                                         <ptk:t ptk:location="Input:96:22">padding-left:0em;</ptk:t>
                                                      </swc:WtValue-WtValueImpl>
                                                   </swc:value>
                                                </swc:WtXmlAttribute>
                                             </swc:WtXmlAttributes-WtXmlAttributesImpl>
                                          </swc:xmlAttributes>
                                          <swc:body>
                                             <swc:WtBody-WtBodyImpl>
                                                <swc:rtd ptk:null="true"/>
                                                <ptk:t ptk:location="Input:96:41">Total</ptk:t>
                                             </swc:WtBody-WtBodyImpl>
                                          </swc:body>
                                       </swc:WtXmlElement>
                                       <ptk:t>
          </ptk:t>
                                       <swc:WtXmlElement>
                                          <swc:rtd>c3EAfgARdXEAfgAVAAAAA3VxAH4AFwAAAAF0AAM8dGR1cQB+ABcAAAABdAABPnEAfgA2</swc:rtd>
                                          <swc:name>td</swc:name>
                                          <swc:xmlAttributes>
                                             <swc:WtXmlAttributes-WtEmptyXmlAttributes/>
                                          </swc:xmlAttributes>
                                          <swc:body>
                                             <swc:WtBody-WtBodyImpl>
                                                <swc:rtd ptk:null="true"/>
                                                <ptk:t ptk:location="Input:97:15">$216.803 billion</ptk:t>
                                                <swc:WtTagExtension ptk:location="Input:42:46">
                                                   <ptk:a ptk:name="__SKIP__">
                                                      <ptk:Boolean>false</ptk:Boolean>
                                                   </ptk:a>
                                                   <swc:rtd>c3EAfgARdXEAfgAVAAAAA3VxAH4AFwAAAAF0AAQ8cmVmdXEAfgAXAAAAAXEAfgjQcQB+ADY=</swc:rtd>
                                                   <swc:name>ref</swc:name>
                                                   <swc:xmlAttributes>
                                                      <swc:WtXmlAttributes-WtXmlAttributesImpl ptk:location="Input:42:49">
                                                         <swc:rtd ptk:null="true"/>
                                                         <swc:WtXmlAttribute ptk:location="Input:42:49">
                                                            <swc:rtd>c3EAfgARdXEAfgAVAAAAAnVxAH4AFwAAAAF0AAYgbmFtZT1xAH4ANg==</swc:rtd>
                                                            <swc:name>name</swc:name>
                                                            <swc:value>
                                                               <swc:WtValue-WtValueImpl ptk:location="Input:42:55">
                                                                  <swc:rtd ptk:null="true"/>
                                                                  <ptk:t ptk:location="Input:42:55">imf2</ptk:t>
                                                               </swc:WtValue-WtValueImpl>
                                                            </swc:value>
                                                         </swc:WtXmlAttribute>
                                                      </swc:WtXmlAttributes-WtXmlAttributesImpl>
                                                   </swc:xmlAttributes>
                                                   <swc:body>
                                                      <swc:WtTagExtensionBody-WtNoTagExtensionBody/>
                                                   </swc:body>
                                                </swc:WtTagExtension>
                                                <swc:WtXmlEntityRef ptk:location="Input:97:35">
                                                   <swc:rtd>c3EAfgARdXEAfgAVAAAAAXVxAH4AFwAAAAF0AAYmbmJzcDs=</swc:rtd>
                                                   <swc:name>nbsp</swc:name>
                                                   <swc:resolved> </swc:resolved>
                                                </swc:WtXmlEntityRef>
                                             </swc:WtBody-WtBodyImpl>
                                          </swc:body>
                                       </swc:WtXmlElement>
                                       <ptk:t>
        </ptk:t>
                                    </swc:WtBody-WtBodyImpl>
                                 </swc:body>
                              </swc:WtXmlElement>
                              <swc:WtXmlElement>
                                 <swc:rtd>c3EAfgARdXEAfgAVAAAAA3VxAH4AFwAAAAF0AAM8dHJ1cQB+ABcAAAABdAABPnEAfgA2</swc:rtd>
                                 <swc:name>tr</swc:name>
                                 <swc:xmlAttributes>
                                    <swc:WtXmlAttributes-WtXmlAttributesImpl ptk:location="Input:98:17">
                                       <swc:rtd ptk:null="true"/>
                                       <swc:WtXmlAttribute ptk:location="Input:98:17">
                                          <swc:rtd>c3EAfgARdXEAfgAVAAAAAnVxAH4AFwAAAAF0AAggY2xhc3M9InVxAH4AFwAAAAF0AAEi</swc:rtd>
                                          <swc:name>class</swc:name>
                                          <swc:value>
                                             <swc:WtValue-WtValueImpl ptk:location="Input:98:25">
                                                <swc:rtd ptk:null="true"/>
                                                <ptk:t ptk:location="Input:98:25">mergedbottomrow</ptk:t>
                                             </swc:WtValue-WtValueImpl>
                                          </swc:value>
                                       </swc:WtXmlAttribute>
                                    </swc:WtXmlAttributes-WtXmlAttributesImpl>
                                 </swc:xmlAttributes>
                                 <swc:body>
                                    <swc:WtBody-WtBodyImpl>
                                       <swc:rtd ptk:null="true"/>
                                       <ptk:t>
             </ptk:t>
                                       <swc:WtXmlElement>
                                          <swc:rtd>c3EAfgARdXEAfgAVAAAAA3VxAH4AFwAAAAF0AAM8dGR1cQB+ABcAAAABdAABPnEAfgA2</swc:rtd>
                                          <swc:name>td</swc:name>
                                          <swc:xmlAttributes>
                                             <swc:WtXmlAttributes-WtXmlAttributesImpl ptk:location="Input:99:17">
                                                <swc:rtd ptk:null="true"/>
                                                <swc:WtXmlAttribute ptk:location="Input:99:17">
                                                   <swc:rtd>c3EAfgARdXEAfgAVAAAAAnVxAH4AFwAAAAF0AAggc3R5bGU9InVxAH4AFwAAAAF0AAEi</swc:rtd>
                                                   <swc:name>style</swc:name>
                                                   <swc:value>
                                                      <swc:WtValue-WtValueImpl ptk:location="Input:99:25">
                                                         <swc:rtd ptk:null="true"/>
                                                         <ptk:t ptk:location="Input:99:25">width:1em; padding:0 0 0 0.6em;</ptk:t>
                                                      </swc:WtValue-WtValueImpl>
                                                   </swc:value>
                                                </swc:WtXmlAttribute>
                                             </swc:WtXmlAttributes-WtXmlAttributesImpl>
                                          </swc:xmlAttributes>
                                          <swc:body>
                                             <swc:WtBody-WtBodyImpl>
                                                <swc:rtd ptk:null="true"/>
                                                <swc:WtXmlEntityRef ptk:location="Input:99:59">
                                                   <swc:rtd>c3EAfgARdXEAfgAVAAAAAXVxAH4AFwAAAAF0AAYmbmJzcDs=</swc:rtd>
                                                   <swc:name>nbsp</swc:name>
                                                   <swc:resolved> </swc:resolved>
                                                </swc:WtXmlEntityRef>
                                                <ptk:t ptk:location="Input:99:64">-</ptk:t>
                                                <swc:WtXmlEntityRef ptk:location="Input:99:66">
                                                   <swc:rtd>c3EAfgARdXEAfgAVAAAAAXVxAH4AFwAAAAF0AAYmbmJzcDs=</swc:rtd>
                                                   <swc:name>nbsp</swc:name>
                                                   <swc:resolved> </swc:resolved>
                                                </swc:WtXmlEntityRef>
                                             </swc:WtBody-WtBodyImpl>
                                          </swc:body>
                                       </swc:WtXmlElement>
                                       <ptk:t>
             </ptk:t>
                                       <swc:WtXmlElement>
                                          <swc:rtd>c3EAfgARdXEAfgAVAAAAA3VxAH4AFwAAAAF0AAM8dGR1cQB+ABcAAAABdAABPnEAfgA2</swc:rtd>
                                          <swc:name>td</swc:name>
                                          <swc:xmlAttributes>
                                             <swc:WtXmlAttributes-WtXmlAttributesImpl ptk:location="Input:100:17">
                                                <swc:rtd ptk:null="true"/>
                                                <swc:WtXmlAttribute ptk:location="Input:100:17">
                                                   <swc:rtd>c3EAfgARdXEAfgAVAAAAAnVxAH4AFwAAAAF0AAggc3R5bGU9InVxAH4AFwAAAAF0AAEi</swc:rtd>
                                                   <swc:name>style</swc:name>
                                                   <swc:value>
                                                      <swc:WtValue-WtValueImpl ptk:location="Input:100:25">
                                                         <swc:rtd ptk:null="true"/>
                                                         <ptk:t ptk:location="Input:100:25">padding-left:0em;</ptk:t>
                                                      </swc:WtValue-WtValueImpl>
                                                   </swc:value>
                                                </swc:WtXmlAttribute>
                                             </swc:WtXmlAttributes-WtXmlAttributesImpl>
                                          </swc:xmlAttributes>
                                          <swc:body>
                                             <swc:WtBody-WtBodyImpl>
                                                <swc:rtd ptk:null="true"/>
                                                <swc:WtInternalLink>
                                                   <swc:rtd>c3EAfgARdXEAfgAVAAAAA3VxAH4AFwAAAAFxAH4ANXEAfgA2dXEAfgAXAAAAAXEAfgA4</swc:rtd>
                                                   <swc:prefix/>
                                                   <swc:postfix/>
                                                   <swc:target>
                                                      <swc:WtPageName ptk:location="Input:100:46">
                                                         <swc:content>Per capita</swc:content>
                                                         <swc:rtd ptk:null="true"/>
                                                      </swc:WtPageName>
                                                   </swc:target>
                                                   <swc:title>
                                                      <swc:WtLinkTitle-WtNoLinkTitle/>
                                                   </swc:title>
                                                </swc:WtInternalLink>
                                             </swc:WtBody-WtBodyImpl>
                                          </swc:body>
                                       </swc:WtXmlElement>
                                       <ptk:t>
             </ptk:t>
                                       <swc:WtXmlElement>
                                          <swc:rtd>c3EAfgARdXEAfgAVAAAAA3VxAH4AFwAAAAF0AAM8dGR1cQB+ABcAAAABdAABPnEAfgA2</swc:rtd>
                                          <swc:name>td</swc:name>
                                          <swc:xmlAttributes>
                                             <swc:WtXmlAttributes-WtEmptyXmlAttributes/>
                                          </swc:xmlAttributes>
                                          <swc:body>
                                             <swc:WtBody-WtBodyImpl>
                                                <swc:rtd ptk:null="true"/>
                                                <ptk:t ptk:location="Input:101:18">$1,389</ptk:t>
                                                <swc:WtTagExtension ptk:location="Input:45:36">
                                                   <ptk:a ptk:name="__SKIP__">
                                                      <ptk:Boolean>false</ptk:Boolean>
                                                   </ptk:a>
                                                   <swc:rtd>c3EAfgARdXEAfgAVAAAAA3VxAH4AFwAAAAF0AAQ8cmVmdXEAfgAXAAAAAXEAfgjQcQB+ADY=</swc:rtd>
                                                   <swc:name>ref</swc:name>
                                                   <swc:xmlAttributes>
                                                      <swc:WtXmlAttributes-WtXmlAttributesImpl ptk:location="Input:45:39">
                                                         <swc:rtd ptk:null="true"/>
                                                         <swc:WtXmlAttribute ptk:location="Input:45:39">
                                                            <swc:rtd>c3EAfgARdXEAfgAVAAAAAnVxAH4AFwAAAAF0AAYgbmFtZT1xAH4ANg==</swc:rtd>
                                                            <swc:name>name</swc:name>
                                                            <swc:value>
                                                               <swc:WtValue-WtValueImpl ptk:location="Input:45:45">
                                                                  <swc:rtd ptk:null="true"/>
                                                                  <ptk:t ptk:location="Input:45:45">imf2</ptk:t>
                                                               </swc:WtValue-WtValueImpl>
                                                            </swc:value>
                                                         </swc:WtXmlAttribute>
                                                      </swc:WtXmlAttributes-WtXmlAttributesImpl>
                                                   </swc:xmlAttributes>
                                                   <swc:body>
                                                      <swc:WtTagExtensionBody-WtNoTagExtensionBody/>
                                                   </swc:body>
                                                </swc:WtTagExtension>
                                                <swc:WtXmlEntityRef ptk:location="Input:101:28">
                                                   <swc:rtd>c3EAfgARdXEAfgAVAAAAAXVxAH4AFwAAAAF0AAYmbmJzcDs=</swc:rtd>
                                                   <swc:name>nbsp</swc:name>
                                                   <swc:resolved> </swc:resolved>
                                                </swc:WtXmlEntityRef>
                                             </swc:WtBody-WtBodyImpl>
                                          </swc:body>
                                       </swc:WtXmlElement>
                                       <ptk:t>
           </ptk:t>
                                    </swc:WtBody-WtBodyImpl>
                                 </swc:body>
                              </swc:WtXmlElement>
                              <swc:WtXmlElement>
                                 <swc:rtd>c3EAfgARdXEAfgAVAAAAA3VxAH4AFwAAAAF0AAM8dHJ1cQB+ABcAAAABdAABPnEAfgA2</swc:rtd>
                                 <swc:name>tr</swc:name>
                                 <swc:xmlAttributes>
                                    <swc:WtXmlAttributes-WtEmptyXmlAttributes/>
                                 </swc:xmlAttributes>
                                 <swc:body>
                                    <swc:WtBody-WtBodyImpl>
                                       <swc:rtd ptk:null="true"/>
                                       <ptk:t>
          </ptk:t>
                                       <swc:WtXmlElement>
                                          <swc:rtd>c3EAfgARdXEAfgAVAAAAA3VxAH4AFwAAAAF0AAM8dGR1cQB+ABcAAAABdAABPnEAfgA2</swc:rtd>
                                          <swc:name>td</swc:name>
                                          <swc:xmlAttributes>
                                             <swc:WtXmlAttributes-WtXmlAttributesImpl ptk:location="Input:103:14">
                                                <swc:rtd ptk:null="true"/>
                                                <swc:WtXmlAttribute ptk:location="Input:103:14">
                                                   <swc:rtd>c3EAfgARdXEAfgAVAAAAAnVxAH4AFwAAAAF0AAogY29sc3Bhbj0idXEAfgAXAAAAAXQAASI=</swc:rtd>
                                                   <swc:name>colspan</swc:name>
                                                   <swc:value>
                                                      <swc:WtValue-WtValueImpl ptk:location="Input:103:24">
                                                         <swc:rtd ptk:null="true"/>
                                                         <ptk:t ptk:location="Input:103:24">2</ptk:t>
                                                      </swc:WtValue-WtValueImpl>
                                                   </swc:value>
                                                </swc:WtXmlAttribute>
                                             </swc:WtXmlAttributes-WtXmlAttributesImpl>
                                          </swc:xmlAttributes>
                                          <swc:body>
                                             <swc:WtBody-WtBodyImpl>
                                                <swc:rtd ptk:null="true"/>
                                                <swc:WtBold>
                                                   <swc:rtd>c3EAfgARdXEAfgAVAAAAAnVxAH4AFwAAAAF0AAMnJyd1cQB+ABcAAAABdAADJycn</swc:rtd>
                                                   <swc:WtInternalLink>
                                                      <swc:rtd>c3EAfgARdXEAfgAVAAAAA3VxAH4AFwAAAAFxAH4ANXEAfgA2dXEAfgAXAAAAAXEAfgA4</swc:rtd>
                                                      <swc:prefix/>
                                                      <swc:postfix/>
                                                      <swc:target>
                                                         <swc:WtPageName ptk:location="Input:103:32">
                                                            <swc:content>Gini_coefficient</swc:content>
                                                            <swc:rtd ptk:null="true"/>
                                                         </swc:WtPageName>
                                                      </swc:target>
                                                      <swc:title>
                                                         <swc:WtLinkTitle-WtLinkTitleImpl>
                                                            <swc:rtd>c3EAfgARdXEAfgAVAAAAAnVxAH4AFwAAAAF0AAF8cQB+ADY=</swc:rtd>
                                                            <ptk:t ptk:location="Input:103:49">Gini</ptk:t>
                                                         </swc:WtLinkTitle-WtLinkTitleImpl>
                                                      </swc:title>
                                                   </swc:WtInternalLink>
                                                </swc:WtBold>
                                                <swc:WtXmlEntityRef ptk:location="Input:103:59">
                                                   <swc:rtd>c3EAfgARdXEAfgAVAAAAAXVxAH4AFwAAAAF0AAYmbmJzcDs=</swc:rtd>
                                                   <swc:name>nbsp</swc:name>
                                                   <swc:resolved> </swc:resolved>
                                                </swc:WtXmlEntityRef>
                                                <ptk:t ptk:location="Input:103:64">(2003)</ptk:t>
                                             </swc:WtBody-WtBodyImpl>
                                          </swc:body>
                                       </swc:WtXmlElement>
                                       <ptk:t>
          </ptk:t>
                                       <swc:WtXmlElement>
                                          <swc:rtd>c3EAfgARdXEAfgAVAAAAA3VxAH4AFwAAAAF0AAM8dGR1cQB+ABcAAAABdAABPnEAfgA2</swc:rtd>
                                          <swc:name>td</swc:name>
                                          <swc:xmlAttributes>
                                             <swc:WtXmlAttributes-WtEmptyXmlAttributes/>
                                          </swc:xmlAttributes>
                                          <swc:body>
                                             <swc:WtBody-WtBodyImpl>
                                                <swc:rtd ptk:null="true"/>
                                                <ptk:t ptk:location="Input:104:15">43.7</ptk:t>
                                                <swc:WtXmlEntityRef ptk:location="Input:104:20">
                                                   <swc:rtd>c3EAfgARdXEAfgAVAAAAAXVxAH4AFwAAAAF0AAYmbmJzcDs=</swc:rtd>
                                                   <swc:name>nbsp</swc:name>
                                                   <swc:resolved> </swc:resolved>
                                                </swc:WtXmlEntityRef>
                                                <ptk:t ptk:location="Input:104:25">(</ptk:t>
                                                <swc:WtXmlElement>
                                                   <swc:rtd>c3EAfgARdXEAfgAVAAAAA3VxAH4AFwAAAAF0AAU8c3BhbnVxAH4AFwAAAAF0AAE+dXEAfgAXAAAAAXQABzwvc3Bhbj4=</swc:rtd>
                                                   <swc:name>span</swc:name>
                                                   <swc:xmlAttributes>
                                                      <swc:WtXmlAttributes-WtXmlAttributesImpl ptk:location="Input:104:31">
                                                         <swc:rtd ptk:null="true"/>
                                                         <swc:WtXmlAttribute ptk:location="Input:104:31">
                                                            <swc:rtd>c3EAfgARdXEAfgAVAAAAAnVxAH4AFwAAAAF0AAggc3R5bGU9InVxAH4AFwAAAAF0AAEi</swc:rtd>
                                                            <swc:name>style</swc:name>
                                                            <swc:value>
                                                               <swc:WtValue-WtValueImpl ptk:location="Input:104:39">
                                                                  <swc:rtd ptk:null="true"/>
                                                                  <ptk:t ptk:location="Input:104:39">color:#fc0;</ptk:t>
                                                               </swc:WtValue-WtValueImpl>
                                                            </swc:value>
                                                         </swc:WtXmlAttribute>
                                                      </swc:WtXmlAttributes-WtXmlAttributesImpl>
                                                   </swc:xmlAttributes>
                                                   <swc:body>
                                                      <swc:WtBody-WtBodyImpl>
                                                         <swc:rtd ptk:null="true"/>
                                                         <ptk:t ptk:location="Input:104:52">medium</ptk:t>
                                                      </swc:WtBody-WtBodyImpl>
                                                   </swc:body>
                                                </swc:WtXmlElement>
                                                <ptk:t ptk:location="Input:104:65">)</ptk:t>
                                                <swc:WtXmlEntityRef ptk:location="Input:104:67">
                                                   <swc:rtd>c3EAfgARdXEAfgAVAAAAAXVxAH4AFwAAAAF0AAYmbmJzcDs=</swc:rtd>
                                                   <swc:name>nbsp</swc:name>
                                                   <swc:resolved> </swc:resolved>
                                                </swc:WtXmlEntityRef>
                                             </swc:WtBody-WtBodyImpl>
                                          </swc:body>
                                       </swc:WtXmlElement>
                                       <ptk:t>
        </ptk:t>
                                    </swc:WtBody-WtBodyImpl>
                                 </swc:body>
                              </swc:WtXmlElement>
                              <swc:WtXmlElement>
                                 <swc:rtd>c3EAfgARdXEAfgAVAAAAA3VxAH4AFwAAAAF0AAM8dHJ1cQB+ABcAAAABdAABPnEAfgA2</swc:rtd>
                                 <swc:name>tr</swc:name>
                                 <swc:xmlAttributes>
                                    <swc:WtXmlAttributes-WtEmptyXmlAttributes/>
                                 </swc:xmlAttributes>
                                 <swc:body>
                                    <swc:WtBody-WtBodyImpl>
                                       <swc:rtd ptk:null="true"/>
                                       <ptk:t>
          </ptk:t>
                                       <swc:WtXmlElement>
                                          <swc:rtd>c3EAfgARdXEAfgAVAAAAA3VxAH4AFwAAAAF0AAM8dGR1cQB+ABcAAAABdAABPnEAfgA2</swc:rtd>
                                          <swc:name>td</swc:name>
                                          <swc:xmlAttributes>
                                             <swc:WtXmlAttributes-WtXmlAttributesImpl ptk:location="Input:106:14">
                                                <swc:rtd ptk:null="true"/>
                                                <swc:WtXmlAttribute ptk:location="Input:106:14">
                                                   <swc:rtd>c3EAfgARdXEAfgAVAAAAAnVxAH4AFwAAAAF0AAogY29sc3Bhbj0idXEAfgAXAAAAAXQAASI=</swc:rtd>
                                                   <swc:name>colspan</swc:name>
                                                   <swc:value>
                                                      <swc:WtValue-WtValueImpl ptk:location="Input:106:24">
                                                         <swc:rtd ptk:null="true"/>
                                                         <ptk:t ptk:location="Input:106:24">2</ptk:t>
                                                      </swc:WtValue-WtValueImpl>
                                                   </swc:value>
                                                </swc:WtXmlAttribute>
                                             </swc:WtXmlAttributes-WtXmlAttributesImpl>
                                          </swc:xmlAttributes>
                                          <swc:body>
                                             <swc:WtBody-WtBodyImpl>
                                                <swc:rtd ptk:null="true"/>
                                                <swc:WtBold>
                                                   <swc:rtd>c3EAfgARdXEAfgAVAAAAAnVxAH4AFwAAAAF0AAMnJyd1cQB+ABcAAAABdAADJycn</swc:rtd>
                                                   <swc:WtInternalLink>
                                                      <swc:rtd>c3EAfgARdXEAfgAVAAAAA3VxAH4AFwAAAAFxAH4ANXEAfgA2dXEAfgAXAAAAAXEAfgA4</swc:rtd>
                                                      <swc:prefix/>
                                                      <swc:postfix/>
                                                      <swc:target>
                                                         <swc:WtPageName ptk:location="Input:106:32">
                                                            <swc:content>Human Development Index</swc:content>
                                                            <swc:rtd ptk:null="true"/>
                                                         </swc:WtPageName>
                                                      </swc:target>
                                                      <swc:title>
                                                         <swc:WtLinkTitle-WtLinkTitleImpl>
                                                            <swc:rtd>c3EAfgARdXEAfgAVAAAAAnVxAH4AFwAAAAF0AAF8cQB+ADY=</swc:rtd>
                                                            <ptk:t ptk:location="Input:106:56">HDI</ptk:t>
                                                         </swc:WtLinkTitle-WtLinkTitleImpl>
                                                      </swc:title>
                                                   </swc:WtInternalLink>
                                                </swc:WtBold>
                                                <swc:WtXmlEntityRef ptk:location="Input:106:65">
                                                   <swc:rtd>c3EAfgARdXEAfgAVAAAAAXVxAH4AFwAAAAF0AAYmbmJzcDs=</swc:rtd>
                                                   <swc:name>nbsp</swc:name>
                                                   <swc:resolved> </swc:resolved>
                                                </swc:WtXmlEntityRef>
                                                <ptk:t ptk:location="Input:106:70">(2010)</ptk:t>
                                             </swc:WtBody-WtBodyImpl>
                                          </swc:body>
                                       </swc:WtXmlElement>
                                       <ptk:t>
          </ptk:t>
                                       <swc:WtXmlElement>
                                          <swc:rtd>c3EAfgARdXEAfgAVAAAAA3VxAH4AFwAAAAF0AAM8dGR1cQB+ABcAAAABdAABPnEAfgA2</swc:rtd>
                                          <swc:name>td</swc:name>
                                          <swc:xmlAttributes>
                                             <swc:WtXmlAttributes-WtEmptyXmlAttributes/>
                                          </swc:xmlAttributes>
                                          <swc:body>
                                             <swc:WtBody-WtBodyImpl>
                                                <swc:rtd ptk:null="true"/>
                                                <swc:WtXmlElement>
                                                   <swc:rtd>c3EAfgARdXEAfgAVAAAAA3VxAH4AFwAAAAF0AAU8c3BhbnVxAH4AFwAAAAF0AAE+dXEAfgAXAAAAAXQABzwvc3Bhbj4=</swc:rtd>
                                                   <swc:name>span</swc:name>
                                                   <swc:xmlAttributes>
                                                      <swc:WtXmlAttributes-WtXmlAttributesImpl ptk:location="Input:107:20">
                                                         <swc:rtd ptk:null="true"/>
                                                         <swc:WtXmlAttribute ptk:location="Input:107:20">
                                                            <swc:rtd>c3EAfgARdXEAfgAVAAAAAnVxAH4AFwAAAAF0AAggc3R5bGU9InVxAH4AFwAAAAF0AAEi</swc:rtd>
                                                            <swc:name>style</swc:name>
                                                            <swc:value>
                                                               <swc:WtValue-WtValueImpl ptk:location="Input:107:28">
                                                                  <swc:rtd ptk:null="true"/>
                                                                  <ptk:t ptk:location="Input:107:28">color: #0c0; font-size: larger;</ptk:t>
                                                               </swc:WtValue-WtValueImpl>
                                                            </swc:value>
                                                         </swc:WtXmlAttribute>
                                                      </swc:WtXmlAttributes-WtXmlAttributesImpl>
                                                   </swc:xmlAttributes>
                                                   <swc:body>
                                                      <swc:WtBody-WtBodyImpl>
                                                         <swc:rtd ptk:null="true"/>
                                                         <ptk:t ptk:location="Input:107:61">▲</ptk:t>
                                                      </swc:WtBody-WtBodyImpl>
                                                   </swc:body>
                                                </swc:WtXmlElement>
                                                <ptk:t ptk:location="Input:107:69"> 0.423</ptk:t>
                                                <swc:WtTagExtension ptk:location="Input:47:48">
                                                   <ptk:a ptk:name="__SKIP__">
                                                      <ptk:Boolean>false</ptk:Boolean>
                                                   </ptk:a>
                                                   <swc:rtd>c3EAfgARdXEAfgAVAAAAA3VxAH4AFwAAAAF0AAQ8cmVmdXEAfgAXAAAAAXQAAT51cQB+ABcAAAABdAAGPC9yZWY+</swc:rtd>
                                                   <swc:name>ref</swc:name>
                                                   <swc:xmlAttributes>
                                                      <swc:WtXmlAttributes-WtXmlAttributesImpl ptk:location="Input:47:51">
                                                         <swc:rtd ptk:null="true"/>
                                                         <swc:WtXmlAttribute ptk:location="Input:47:51">
                                                            <swc:rtd>c3EAfgARdXEAfgAVAAAAAnVxAH4AFwAAAAF0AAcgbmFtZT0idXEAfgAXAAAAAXQAASI=</swc:rtd>
                                                            <swc:name>name</swc:name>
                                                            <swc:value>
                                                               <swc:WtValue-WtValueImpl ptk:location="Input:47:58">
                                                                  <swc:rtd ptk:null="true"/>
                                                                  <ptk:t ptk:location="Input:47:58">UN</ptk:t>
                                                               </swc:WtValue-WtValueImpl>
                                                            </swc:value>
                                                         </swc:WtXmlAttribute>
                                                      </swc:WtXmlAttributes-WtXmlAttributesImpl>
                                                   </swc:xmlAttributes>
                                                   <swc:body>
                                                      <swc:WtTagExtensionBody-WtTagExtensionBodyImpl>
                                                         <swc:content>{{cite web |url=http://hdr.undp.org/en/media/HDR_2009_EN_Complete.pdf|title=Human Development Report 2009. Human development index trends: Table G|publisher= [[The United Nations]] |accessdate=2009-10-31}}</swc:content>
                                                         <swc:rtd ptk:null="true"/>
                                                      </swc:WtTagExtensionBody-WtTagExtensionBodyImpl>
                                                   </swc:body>
                                                </swc:WtTagExtension>
                                                <swc:WtXmlEntityRef ptk:location="Input:107:79">
                                                   <swc:rtd>c3EAfgARdXEAfgAVAAAAAXVxAH4AFwAAAAF0AAYmbmJzcDs=</swc:rtd>
                                                   <swc:name>nbsp</swc:name>
                                                   <swc:resolved> </swc:resolved>
                                                </swc:WtXmlEntityRef>
                                                <ptk:t ptk:location="Input:107:84">(</ptk:t>
                                                <swc:WtXmlElement>
                                                   <swc:rtd>c3EAfgARdXEAfgAVAAAAA3VxAH4AFwAAAAF0AAU8c3BhbnVxAH4AFwAAAAF0AAE+dXEAfgAXAAAAAXQABzwvc3Bhbj4=</swc:rtd>
                                                   <swc:name>span</swc:name>
                                                   <swc:xmlAttributes>
                                                      <swc:WtXmlAttributes-WtXmlAttributesImpl ptk:location="Input:107:90">
                                                         <swc:rtd ptk:null="true"/>
                                                         <swc:WtXmlAttribute ptk:location="Input:107:90">
                                                            <swc:rtd>c3EAfgARdXEAfgAVAAAAAnVxAH4AFwAAAAF0AAggc3R5bGU9InVxAH4AFwAAAAF0AAEi</swc:rtd>
                                                            <swc:name>style</swc:name>
                                                            <swc:value>
                                                               <swc:WtValue-WtValueImpl ptk:location="Input:107:98">
                                                                  <swc:rtd ptk:null="true"/>
                                                                  <ptk:t ptk:location="Input:107:98">color:#e0584e</ptk:t>
                                                               </swc:WtValue-WtValueImpl>
                                                            </swc:value>
                                                         </swc:WtXmlAttribute>
                                                      </swc:WtXmlAttributes-WtXmlAttributesImpl>
                                                   </swc:xmlAttributes>
                                                   <swc:body>
                                                      <swc:WtBody-WtBodyImpl>
                                                         <swc:rtd ptk:null="true"/>
                                                         <ptk:t ptk:location="Input:107:113">low</ptk:t>
                                                      </swc:WtBody-WtBodyImpl>
                                                   </swc:body>
                                                </swc:WtXmlElement>
                                                <ptk:t ptk:location="Input:107:123">)</ptk:t>
                                                <swc:WtXmlEntityRef ptk:location="Input:107:125">
                                                   <swc:rtd>c3EAfgARdXEAfgAVAAAAAXVxAH4AFwAAAAF0AAYmbmJzcDs=</swc:rtd>
                                                   <swc:name>nbsp</swc:name>
                                                   <swc:resolved> </swc:resolved>
                                                </swc:WtXmlEntityRef>
                                                <ptk:t ptk:location="Input:107:130">(</ptk:t>
                                                <swc:WtInternalLink>
                                                   <swc:rtd>c3EAfgARdXEAfgAVAAAAA3VxAH4AFwAAAAFxAH4ANXEAfgA2dXEAfgAXAAAAAXEAfgA4</swc:rtd>
                                                   <swc:prefix/>
                                                   <swc:postfix/>
                                                   <swc:target>
                                                      <swc:WtPageName ptk:location="Input:107:133">
                                                         <swc:content>List of countries by Human Development Index</swc:content>
                                                         <swc:rtd ptk:null="true"/>
                                                      </swc:WtPageName>
                                                   </swc:target>
                                                   <swc:title>
                                                      <swc:WtLinkTitle-WtLinkTitleImpl>
                                                         <swc:rtd>c3EAfgARdXEAfgAVAAAAAnVxAH4AFwAAAAF0AAF8cQB+ADY=</swc:rtd>
                                                         <ptk:t ptk:location="Input:107:178">142nd</ptk:t>
                                                      </swc:WtLinkTitle-WtLinkTitleImpl>
                                                   </swc:title>
                                                </swc:WtInternalLink>
                                                <ptk:t ptk:location="Input:107:185">)</ptk:t>
                                             </swc:WtBody-WtBodyImpl>
                                          </swc:body>
                                       </swc:WtXmlElement>
                                       <ptk:t>
        </ptk:t>
                                    </swc:WtBody-WtBodyImpl>
                                 </swc:body>
                              </swc:WtXmlElement>
                              <swc:WtXmlElement>
                                 <swc:rtd>c3EAfgARdXEAfgAVAAAAA3VxAH4AFwAAAAF0AAM8dHJ1cQB+ABcAAAABdAABPnEAfgA2</swc:rtd>
                                 <swc:name>tr</swc:name>
                                 <swc:xmlAttributes>
                                    <swc:WtXmlAttributes-WtEmptyXmlAttributes/>
                                 </swc:xmlAttributes>
                                 <swc:body>
                                    <swc:WtBody-WtBodyImpl>
                                       <swc:rtd ptk:null="true"/>
                                       <ptk:t>
          </ptk:t>
                                       <swc:WtXmlElement>
                                          <swc:rtd>c3EAfgARdXEAfgAVAAAAA3VxAH4AFwAAAAF0AAM8dGh1cQB+ABcAAAABdAABPnEAfgA2</swc:rtd>
                                          <swc:name>th</swc:name>
                                          <swc:xmlAttributes>
                                             <swc:WtXmlAttributes-WtXmlAttributesImpl ptk:location="Input:109:14">
                                                <swc:rtd ptk:null="true"/>
                                                <swc:WtXmlAttribute ptk:location="Input:109:14">
                                                   <swc:rtd>c3EAfgARdXEAfgAVAAAAAnVxAH4AFwAAAAF0AAogY29sc3Bhbj0idXEAfgAXAAAAAXQAASI=</swc:rtd>
                                                   <swc:name>colspan</swc:name>
                                                   <swc:value>
                                                      <swc:WtValue-WtValueImpl ptk:location="Input:109:24">
                                                         <swc:rtd ptk:null="true"/>
                                                         <ptk:t ptk:location="Input:109:24">2</ptk:t>
                                                      </swc:WtValue-WtValueImpl>
                                                   </swc:value>
                                                </swc:WtXmlAttribute>
                                                <swc:WtXmlAttribute ptk:location="Input:109:26">
                                                   <swc:rtd>c3EAfgARdXEAfgAVAAAAAnVxAH4AFwAAAAF0AAggc3R5bGU9InVxAH4AFwAAAAF0AAEi</swc:rtd>
                                                   <swc:name>style</swc:name>
                                                   <swc:value>
                                                      <swc:WtValue-WtValueImpl ptk:location="Input:109:34">
                                                         <swc:rtd ptk:null="true"/>
                                                         <ptk:t ptk:location="Input:109:34">vertical-align:middle;</ptk:t>
                                                      </swc:WtValue-WtValueImpl>
                                                   </swc:value>
                                                </swc:WtXmlAttribute>
                                             </swc:WtXmlAttributes-WtXmlAttributesImpl>
                                          </swc:xmlAttributes>
                                          <swc:body>
                                             <swc:WtBody-WtBodyImpl>
                                                <swc:rtd ptk:null="true"/>
                                                <swc:WtInternalLink>
                                                   <swc:rtd>c3EAfgARdXEAfgAVAAAAA3VxAH4AFwAAAAFxAH4ANXEAfgA2dXEAfgAXAAAAAXEAfgA4</swc:rtd>
                                                   <swc:prefix/>
                                                   <swc:postfix/>
                                                   <swc:target>
                                                      <swc:WtPageName ptk:location="Input:109:60">
                                                         <swc:content>Currency</swc:content>
                                                         <swc:rtd ptk:null="true"/>
                                                      </swc:WtPageName>
                                                   </swc:target>
                                                   <swc:title>
                                                      <swc:WtLinkTitle-WtNoLinkTitle/>
                                                   </swc:title>
                                                </swc:WtInternalLink>
                                             </swc:WtBody-WtBodyImpl>
                                          </swc:body>
                                       </swc:WtXmlElement>
                                       <ptk:t>
          </ptk:t>
                                       <swc:WtXmlElement>
                                          <swc:rtd>c3EAfgARdXEAfgAVAAAAA3VxAH4AFwAAAAF0AAM8dGR1cQB+ABcAAAABdAABPnEAfgA2</swc:rtd>
                                          <swc:name>td</swc:name>
                                          <swc:xmlAttributes>
                                             <swc:WtXmlAttributes-WtEmptyXmlAttributes/>
                                          </swc:xmlAttributes>
                                          <swc:body>
                                             <swc:WtBody-WtBodyImpl>
                                                <swc:rtd ptk:null="true"/>
                                                <swc:WtInternalLink>
                                                   <swc:rtd>c3EAfgARdXEAfgAVAAAAA3VxAH4AFwAAAAFxAH4ANXEAfgA2dXEAfgAXAAAAAXEAfgA4</swc:rtd>
                                                   <swc:prefix/>
                                                   <swc:postfix/>
                                                   <swc:target>
                                                      <swc:WtPageName ptk:location="Input:110:17">
                                                         <swc:content>Nigerian naira</swc:content>
                                                         <swc:rtd ptk:null="true"/>
                                                      </swc:WtPageName>
                                                   </swc:target>
                                                   <swc:title>
                                                      <swc:WtLinkTitle-WtLinkTitleImpl>
                                                         <swc:rtd>c3EAfgARdXEAfgAVAAAAAnVxAH4AFwAAAAF0AAF8cQB+ADY=</swc:rtd>
                                                         <ptk:t ptk:location="Input:110:32">Naira</ptk:t>
                                                      </swc:WtLinkTitle-WtLinkTitleImpl>
                                                   </swc:title>
                                                </swc:WtInternalLink>
                                                <ptk:t ptk:location="Input:110:39"> (₦) (</ptk:t>
                                                <swc:WtXmlElement>
                                                   <swc:rtd>c3EAfgARdXEAfgAVAAAAA3VxAH4AFwAAAAF0AAU8Y29kZXVxAH4AFwAAAAF0AAE+dXEAfgAXAAAAAXQABzwvY29kZT4=</swc:rtd>
                                                   <swc:name>code</swc:name>
                                                   <swc:xmlAttributes>
                                                      <swc:WtXmlAttributes-WtEmptyXmlAttributes/>
                                                   </swc:xmlAttributes>
                                                   <swc:body>
                                                      <swc:WtBody-WtBodyImpl>
                                                         <swc:rtd ptk:null="true"/>
                                                         <swc:WtInternalLink>
                                                            <swc:rtd>c3EAfgARdXEAfgAVAAAAA3VxAH4AFwAAAAFxAH4ANXEAfgA2dXEAfgAXAAAAAXEAfgA4</swc:rtd>
                                                            <swc:prefix/>
                                                            <swc:postfix/>
                                                            <swc:target>
                                                               <swc:WtPageName ptk:location="Input:110:53">
                                                                  <swc:content>ISO 4217</swc:content>
                                                                  <swc:rtd ptk:null="true"/>
                                                               </swc:WtPageName>
                                                            </swc:target>
                                                            <swc:title>
                                                               <swc:WtLinkTitle-WtLinkTitleImpl>
                                                                  <swc:rtd>c3EAfgARdXEAfgAVAAAAAnVxAH4AFwAAAAF0AAF8cQB+ADY=</swc:rtd>
                                                                  <ptk:t ptk:location="Input:110:62">NGN</ptk:t>
                                                               </swc:WtLinkTitle-WtLinkTitleImpl>
                                                            </swc:title>
                                                         </swc:WtInternalLink>
                                                      </swc:WtBody-WtBodyImpl>
                                                   </swc:body>
                                                </swc:WtXmlElement>
                                                <ptk:t ptk:location="Input:110:74">) </ptk:t>
                                             </swc:WtBody-WtBodyImpl>
                                          </swc:body>
                                       </swc:WtXmlElement>
                                       <ptk:t>
        </ptk:t>
                                    </swc:WtBody-WtBodyImpl>
                                 </swc:body>
                              </swc:WtXmlElement>
                              <swc:WtXmlElement>
                                 <swc:rtd>c3EAfgARdXEAfgAVAAAAA3VxAH4AFwAAAAF0AAM8dHJ1cQB+ABcAAAABdAABPnEAfgA2</swc:rtd>
                                 <swc:name>tr</swc:name>
                                 <swc:xmlAttributes>
                                    <swc:WtXmlAttributes-WtXmlAttributesImpl ptk:location="Input:111:17">
                                       <swc:rtd ptk:null="true"/>
                                       <swc:WtXmlAttribute ptk:location="Input:111:17">
                                          <swc:rtd>c3EAfgARdXEAfgAVAAAAAnVxAH4AFwAAAAF0AAggY2xhc3M9InVxAH4AFwAAAAF0AAEi</swc:rtd>
                                          <swc:name>class</swc:name>
                                          <swc:value>
                                             <swc:WtValue-WtValueImpl ptk:location="Input:111:25">
                                                <swc:rtd ptk:null="true"/>
                                                <ptk:t ptk:location="Input:111:25">mergedtoprow</ptk:t>
                                             </swc:WtValue-WtValueImpl>
                                          </swc:value>
                                       </swc:WtXmlAttribute>
                                    </swc:WtXmlAttributes-WtXmlAttributesImpl>
                                 </swc:xmlAttributes>
                                 <swc:body>
                                    <swc:WtBody-WtBodyImpl>
                                       <swc:rtd ptk:null="true"/>
                                       <ptk:t>
          </ptk:t>
                                       <swc:WtXmlElement>
                                          <swc:rtd>c3EAfgARdXEAfgAVAAAAA3VxAH4AFwAAAAF0AAM8dGh1cQB+ABcAAAABdAABPnEAfgA2</swc:rtd>
                                          <swc:name>th</swc:name>
                                          <swc:xmlAttributes>
                                             <swc:WtXmlAttributes-WtXmlAttributesImpl ptk:location="Input:112:14">
                                                <swc:rtd ptk:null="true"/>
                                                <swc:WtXmlAttribute ptk:location="Input:112:14">
                                                   <swc:rtd>c3EAfgARdXEAfgAVAAAAAnVxAH4AFwAAAAF0AAogY29sc3Bhbj0idXEAfgAXAAAAAXQAASI=</swc:rtd>
                                                   <swc:name>colspan</swc:name>
                                                   <swc:value>
                                                      <swc:WtValue-WtValueImpl ptk:location="Input:112:24">
                                                         <swc:rtd ptk:null="true"/>
                                                         <ptk:t ptk:location="Input:112:24">2</ptk:t>
                                                      </swc:WtValue-WtValueImpl>
                                                   </swc:value>
                                                </swc:WtXmlAttribute>
                                             </swc:WtXmlAttributes-WtXmlAttributesImpl>
                                          </swc:xmlAttributes>
                                          <swc:body>
                                             <swc:WtBody-WtBodyImpl>
                                                <swc:rtd ptk:null="true"/>
                                                <swc:WtInternalLink>
                                                   <swc:rtd>c3EAfgARdXEAfgAVAAAAA3VxAH4AFwAAAAFxAH4ANXEAfgA2dXEAfgAXAAAAAXEAfgA4</swc:rtd>
                                                   <swc:prefix/>
                                                   <swc:postfix/>
                                                   <swc:target>
                                                      <swc:WtPageName ptk:location="Input:112:29">
                                                         <swc:content>Time zone</swc:content>
                                                         <swc:rtd ptk:null="true"/>
                                                      </swc:WtPageName>
                                                   </swc:target>
                                                   <swc:title>
                                                      <swc:WtLinkTitle-WtNoLinkTitle/>
                                                   </swc:title>
                                                </swc:WtInternalLink>
                                             </swc:WtBody-WtBodyImpl>
                                          </swc:body>
                                       </swc:WtXmlElement>
                                       <ptk:t>
          </ptk:t>
                                       <swc:WtXmlElement>
                                          <swc:rtd>c3EAfgARdXEAfgAVAAAAA3VxAH4AFwAAAAF0AAM8dGR1cQB+ABcAAAABdAABPnEAfgA2</swc:rtd>
                                          <swc:name>td</swc:name>
                                          <swc:xmlAttributes>
                                             <swc:WtXmlAttributes-WtEmptyXmlAttributes/>
                                          </swc:xmlAttributes>
                                          <swc:body>
                                             <swc:WtBody-WtBodyImpl>
                                                <swc:rtd ptk:null="true"/>
                                                <swc:WtInternalLink>
                                                   <swc:rtd>c3EAfgARdXEAfgAVAAAAA3VxAH4AFwAAAAFxAH4ANXEAfgA2dXEAfgAXAAAAAXEAfgA4</swc:rtd>
                                                   <swc:prefix/>
                                                   <swc:postfix/>
                                                   <swc:target>
                                                      <swc:WtPageName ptk:location="Input:113:17">
                                                         <swc:content>West Africa Time</swc:content>
                                                         <swc:rtd ptk:null="true"/>
                                                      </swc:WtPageName>
                                                   </swc:target>
                                                   <swc:title>
                                                      <swc:WtLinkTitle-WtLinkTitleImpl>
                                                         <swc:rtd>c3EAfgARdXEAfgAVAAAAAnVxAH4AFwAAAAF0AAF8cQB+ADY=</swc:rtd>
                                                         <ptk:t ptk:location="Input:113:34">WAT</ptk:t>
                                                      </swc:WtLinkTitle-WtLinkTitleImpl>
                                                   </swc:title>
                                                </swc:WtInternalLink>
                                                <ptk:t ptk:location="Input:113:39"> </ptk:t>
                                                <swc:WtXmlElement>
                                                   <swc:rtd>c3EAfgARdXEAfgAVAAAAA3VxAH4AFwAAAAF0AAU8c3BhbnVxAH4AFwAAAAF0AAE+dXEAfgAXAAAAAXQABzwvc3Bhbj4=</swc:rtd>
                                                   <swc:name>span</swc:name>
                                                   <swc:xmlAttributes>
                                                      <swc:WtXmlAttributes-WtXmlAttributesImpl ptk:location="Input:113:45">
                                                         <swc:rtd ptk:null="true"/>
                                                         <swc:WtXmlAttribute ptk:location="Input:113:45">
                                                            <swc:rtd>c3EAfgARdXEAfgAVAAAAAnVxAH4AFwAAAAF0AAggY2xhc3M9InVxAH4AFwAAAAF0AAEi</swc:rtd>
                                                            <swc:name>class</swc:name>
                                                            <swc:value>
                                                               <swc:WtValue-WtValueImpl ptk:location="Input:113:53">
                                                                  <swc:rtd ptk:null="true"/>
                                                                  <ptk:t ptk:location="Input:113:53">nowrap</ptk:t>
                                                               </swc:WtValue-WtValueImpl>
                                                            </swc:value>
                                                         </swc:WtXmlAttribute>
                                                      </swc:WtXmlAttributes-WtXmlAttributesImpl>
                                                   </swc:xmlAttributes>
                                                   <swc:body>
                                                      <swc:WtBody-WtBodyImpl>
                                                         <swc:rtd ptk:null="true"/>
                                                         <ptk:t ptk:location="Input:113:61">(</ptk:t>
                                                         <swc:WtInternalLink>
                                                            <swc:rtd>c3EAfgARdXEAfgAVAAAAA3VxAH4AFwAAAAFxAH4ANXEAfgA2dXEAfgAXAAAAAXEAfgA4</swc:rtd>
                                                            <swc:prefix/>
                                                            <swc:postfix/>
                                                            <swc:target>
                                                               <swc:WtPageName ptk:location="Input:113:64">
                                                                  <swc:content>Coordinated Universal Time</swc:content>
                                                                  <swc:rtd ptk:null="true"/>
                                                               </swc:WtPageName>
                                                            </swc:target>
                                                            <swc:title>
                                                               <swc:WtLinkTitle-WtLinkTitleImpl>
                                                                  <swc:rtd>c3EAfgARdXEAfgAVAAAAAnVxAH4AFwAAAAF0AAF8cQB+ADY=</swc:rtd>
                                                                  <ptk:t ptk:location="Input:113:91">UTC</ptk:t>
                                                               </swc:WtLinkTitle-WtLinkTitleImpl>
                                                            </swc:title>
                                                         </swc:WtInternalLink>
                                                         <ptk:t ptk:location="Input:113:96">+1)</ptk:t>
                                                      </swc:WtBody-WtBodyImpl>
                                                   </swc:body>
                                                </swc:WtXmlElement>
                                             </swc:WtBody-WtBodyImpl>
                                          </swc:body>
                                       </swc:WtXmlElement>
                                       <ptk:t>
        </ptk:t>
                                    </swc:WtBody-WtBodyImpl>
                                 </swc:body>
                              </swc:WtXmlElement>
                              <swc:WtXmlElement>
                                 <swc:rtd>c3EAfgARdXEAfgAVAAAAA3VxAH4AFwAAAAF0AAM8dHJ1cQB+ABcAAAABdAABPnEAfgA2</swc:rtd>
                                 <swc:name>tr</swc:name>
                                 <swc:xmlAttributes>
                                    <swc:WtXmlAttributes-WtXmlAttributesImpl ptk:location="Input:114:17">
                                       <swc:rtd ptk:null="true"/>
                                       <swc:WtXmlAttribute ptk:location="Input:114:17">
                                          <swc:rtd>c3EAfgARdXEAfgAVAAAAAnVxAH4AFwAAAAF0AAggY2xhc3M9InVxAH4AFwAAAAF0AAEi</swc:rtd>
                                          <swc:name>class</swc:name>
                                          <swc:value>
                                             <swc:WtValue-WtValueImpl ptk:location="Input:114:25">
                                                <swc:rtd ptk:null="true"/>
                                                <ptk:t ptk:location="Input:114:25">mergedbottomrow</ptk:t>
                                             </swc:WtValue-WtValueImpl>
                                          </swc:value>
                                       </swc:WtXmlAttribute>
                                    </swc:WtXmlAttributes-WtXmlAttributesImpl>
                                 </swc:xmlAttributes>
                                 <swc:body>
                                    <swc:WtBody-WtBodyImpl>
                                       <swc:rtd ptk:null="true"/>
                                       <ptk:t>
               </ptk:t>
                                       <swc:WtXmlElement>
                                          <swc:rtd>c3EAfgARdXEAfgAVAAAAA3VxAH4AFwAAAAF0AAM8dGR1cQB+ABcAAAABdAABPnEAfgA2</swc:rtd>
                                          <swc:name>td</swc:name>
                                          <swc:xmlAttributes>
                                             <swc:WtXmlAttributes-WtXmlAttributesImpl ptk:location="Input:115:19">
                                                <swc:rtd ptk:null="true"/>
                                                <swc:WtXmlAttribute ptk:location="Input:115:19">
                                                   <swc:rtd>c3EAfgARdXEAfgAVAAAAAnVxAH4AFwAAAAF0AAggc3R5bGU9InVxAH4AFwAAAAF0AAEi</swc:rtd>
                                                   <swc:name>style</swc:name>
                                                   <swc:value>
                                                      <swc:WtValue-WtValueImpl ptk:location="Input:115:27">
                                                         <swc:rtd ptk:null="true"/>
                                                         <ptk:t ptk:location="Input:115:27">width:1em; padding:0 0 0 0.6em;</ptk:t>
                                                      </swc:WtValue-WtValueImpl>
                                                   </swc:value>
                                                </swc:WtXmlAttribute>
                                             </swc:WtXmlAttributes-WtXmlAttributesImpl>
                                          </swc:xmlAttributes>
                                          <swc:body>
                                             <swc:WtBody-WtBodyImpl>
                                                <swc:rtd ptk:null="true"/>
                                                <swc:WtXmlEntityRef ptk:location="Input:115:61">
                                                   <swc:rtd>c3EAfgARdXEAfgAVAAAAAXVxAH4AFwAAAAF0AAYmbmJzcDs=</swc:rtd>
                                                   <swc:name>nbsp</swc:name>
                                                   <swc:resolved> </swc:resolved>
                                                </swc:WtXmlEntityRef>
                                                <ptk:t ptk:location="Input:115:66">-</ptk:t>
                                                <swc:WtXmlEntityRef ptk:location="Input:115:68">
                                                   <swc:rtd>c3EAfgARdXEAfgAVAAAAAXVxAH4AFwAAAAF0AAYmbmJzcDs=</swc:rtd>
                                                   <swc:name>nbsp</swc:name>
                                                   <swc:resolved> </swc:resolved>
                                                </swc:WtXmlEntityRef>
                                             </swc:WtBody-WtBodyImpl>
                                          </swc:body>
                                       </swc:WtXmlElement>
                                       <ptk:t>
               </ptk:t>
                                       <swc:WtXmlElement>
                                          <swc:rtd>c3EAfgARdXEAfgAVAAAAA3VxAH4AFwAAAAF0AAM8dGR1cQB+ABcAAAABdAABPnEAfgA2</swc:rtd>
                                          <swc:name>td</swc:name>
                                          <swc:xmlAttributes>
                                             <swc:WtXmlAttributes-WtXmlAttributesImpl ptk:location="Input:116:19">
                                                <swc:rtd ptk:null="true"/>
                                                <swc:WtXmlAttribute ptk:location="Input:116:19">
                                                   <swc:rtd>c3EAfgARdXEAfgAVAAAAAnVxAH4AFwAAAAF0AAggc3R5bGU9InVxAH4AFwAAAAF0AAEi</swc:rtd>
                                                   <swc:name>style</swc:name>
                                                   <swc:value>
                                                      <swc:WtValue-WtValueImpl ptk:location="Input:116:27">
                                                         <swc:rtd ptk:null="true"/>
                                                         <ptk:t ptk:location="Input:116:27">padding-left:0em;</ptk:t>
                                                      </swc:WtValue-WtValueImpl>
                                                   </swc:value>
                                                </swc:WtXmlAttribute>
                                             </swc:WtXmlAttributes-WtXmlAttributesImpl>
                                          </swc:xmlAttributes>
                                          <swc:body>
                                             <swc:WtBody-WtBodyImpl>
                                                <swc:rtd ptk:null="true"/>
                                                <ptk:t ptk:location="Input:116:46">Summer</ptk:t>
                                                <swc:WtXmlEntityRef ptk:location="Input:116:53">
                                                   <swc:rtd>c3EAfgARdXEAfgAVAAAAAXVxAH4AFwAAAAF0AAYmbmJzcDs=</swc:rtd>
                                                   <swc:name>nbsp</swc:name>
                                                   <swc:resolved> </swc:resolved>
                                                </swc:WtXmlEntityRef>
                                                <ptk:t ptk:location="Input:116:58">(</ptk:t>
                                                <swc:WtInternalLink>
                                                   <swc:rtd>c3EAfgARdXEAfgAVAAAAA3VxAH4AFwAAAAFxAH4ANXEAfgA2dXEAfgAXAAAAAXEAfgA4</swc:rtd>
                                                   <swc:prefix/>
                                                   <swc:postfix/>
                                                   <swc:target>
                                                      <swc:WtPageName ptk:location="Input:116:61">
                                                         <swc:content>Daylight saving time</swc:content>
                                                         <swc:rtd ptk:null="true"/>
                                                      </swc:WtPageName>
                                                   </swc:target>
                                                   <swc:title>
                                                      <swc:WtLinkTitle-WtLinkTitleImpl>
                                                         <swc:rtd>c3EAfgARdXEAfgAVAAAAAnVxAH4AFwAAAAF0AAF8cQB+ADY=</swc:rtd>
                                                         <ptk:t ptk:location="Input:116:82">DST</ptk:t>
                                                      </swc:WtLinkTitle-WtLinkTitleImpl>
                                                   </swc:title>
                                                </swc:WtInternalLink>
                                                <ptk:t ptk:location="Input:116:87">)</ptk:t>
                                             </swc:WtBody-WtBodyImpl>
                                          </swc:body>
                                       </swc:WtXmlElement>
                                       <ptk:t>
               </ptk:t>
                                       <swc:WtXmlElement>
                                          <swc:rtd>c3EAfgARdXEAfgAVAAAAA3VxAH4AFwAAAAF0AAM8dGR1cQB+ABcAAAABdAABPnEAfgA2</swc:rtd>
                                          <swc:name>td</swc:name>
                                          <swc:xmlAttributes>
                                             <swc:WtXmlAttributes-WtEmptyXmlAttributes/>
                                          </swc:xmlAttributes>
                                          <swc:body>
                                             <swc:WtBody-WtBodyImpl>
                                                <swc:rtd ptk:null="true"/>
                                                <swc:WtItalics>
                                                   <swc:rtd>c3EAfgARdXEAfgAVAAAAAnVxAH4AFwAAAAF0AAInJ3VxAH4AFwAAAAF0AAInJw==</swc:rtd>
                                                   <ptk:t ptk:location="Input:117:22">not observed</ptk:t>
                                                </swc:WtItalics>
                                                <swc:WtXmlEntityRef ptk:location="Input:117:37">
                                                   <swc:rtd>c3EAfgARdXEAfgAVAAAAAXVxAH4AFwAAAAF0AAYmbmJzcDs=</swc:rtd>
                                                   <swc:name>nbsp</swc:name>
                                                   <swc:resolved> </swc:resolved>
                                                </swc:WtXmlEntityRef>
                                                <ptk:t ptk:location="Input:117:42">(</ptk:t>
                                                <swc:WtInternalLink>
                                                   <swc:rtd>c3EAfgARdXEAfgAVAAAAA3VxAH4AFwAAAAFxAH4ANXEAfgA2dXEAfgAXAAAAAXEAfgA4</swc:rtd>
                                                   <swc:prefix/>
                                                   <swc:postfix/>
                                                   <swc:target>
                                                      <swc:WtPageName ptk:location="Input:117:45">
                                                         <swc:content>Coordinated Universal Time</swc:content>
                                                         <swc:rtd ptk:null="true"/>
                                                      </swc:WtPageName>
                                                   </swc:target>
                                                   <swc:title>
                                                      <swc:WtLinkTitle-WtLinkTitleImpl>
                                                         <swc:rtd>c3EAfgARdXEAfgAVAAAAAnVxAH4AFwAAAAF0AAF8cQB+ADY=</swc:rtd>
                                                         <ptk:t ptk:location="Input:117:72">UTC</ptk:t>
                                                      </swc:WtLinkTitle-WtLinkTitleImpl>
                                                   </swc:title>
                                                </swc:WtInternalLink>
                                                <ptk:t ptk:location="Input:117:77">+1)</ptk:t>
                                             </swc:WtBody-WtBodyImpl>
                                          </swc:body>
                                       </swc:WtXmlElement>
                                       <ptk:t>
             </ptk:t>
                                    </swc:WtBody-WtBodyImpl>
                                 </swc:body>
                              </swc:WtXmlElement>
                              <swc:WtXmlElement>
                                 <swc:rtd>c3EAfgARdXEAfgAVAAAAA3VxAH4AFwAAAAF0AAM8dHJ1cQB+ABcAAAABdAABPnEAfgA2</swc:rtd>
                                 <swc:name>tr</swc:name>
                                 <swc:xmlAttributes>
                                    <swc:WtXmlAttributes-WtEmptyXmlAttributes/>
                                 </swc:xmlAttributes>
                                 <swc:body>
                                    <swc:WtBody-WtBodyImpl>
                                       <swc:rtd ptk:null="true"/>
                                       <ptk:t>
          </ptk:t>
                                       <swc:WtXmlElement>
                                          <swc:rtd>c3EAfgARdXEAfgAVAAAAA3VxAH4AFwAAAAF0AAM8dGh1cQB+ABcAAAABdAABPnEAfgA2</swc:rtd>
                                          <swc:name>th</swc:name>
                                          <swc:xmlAttributes>
                                             <swc:WtXmlAttributes-WtXmlAttributesImpl ptk:location="Input:119:14">
                                                <swc:rtd ptk:null="true"/>
                                                <swc:WtXmlAttribute ptk:location="Input:119:14">
                                                   <swc:rtd>c3EAfgARdXEAfgAVAAAAAnVxAH4AFwAAAAF0AAogY29sc3Bhbj0idXEAfgAXAAAAAXQAASI=</swc:rtd>
                                                   <swc:name>colspan</swc:name>
                                                   <swc:value>
                                                      <swc:WtValue-WtValueImpl ptk:location="Input:119:24">
                                                         <swc:rtd ptk:null="true"/>
                                                         <ptk:t ptk:location="Input:119:24">2</ptk:t>
                                                      </swc:WtValue-WtValueImpl>
                                                   </swc:value>
                                                </swc:WtXmlAttribute>
                                             </swc:WtXmlAttributes-WtXmlAttributesImpl>
                                          </swc:xmlAttributes>
                                          <swc:body>
                                             <swc:WtBody-WtBodyImpl>
                                                <swc:rtd ptk:null="true"/>
                                                <swc:WtInternalLink>
                                                   <swc:rtd>c3EAfgARdXEAfgAVAAAAA3VxAH4AFwAAAAFxAH4ANXEAfgA2dXEAfgAXAAAAAXEAfgA4</swc:rtd>
                                                   <swc:prefix/>
                                                   <swc:postfix/>
                                                   <swc:target>
                                                      <swc:WtPageName ptk:location="Input:119:29">
                                                         <swc:content>السواقه على اليمين او الشمال</swc:content>
                                                         <swc:rtd ptk:null="true"/>
                                                      </swc:WtPageName>
                                                   </swc:target>
                                                   <swc:title>
                                                      <swc:WtLinkTitle-WtLinkTitleImpl>
                                                         <swc:rtd>c3EAfgARdXEAfgAVAAAAAnVxAH4AFwAAAAF0AAF8cQB+ADY=</swc:rtd>
                                                         <ptk:t ptk:location="Input:119:58">السواقه على </ptk:t>
                                                      </swc:WtLinkTitle-WtLinkTitleImpl>
                                                   </swc:title>
                                                </swc:WtInternalLink>
                                             </swc:WtBody-WtBodyImpl>
                                          </swc:body>
                                       </swc:WtXmlElement>
                                       <ptk:t>
          </ptk:t>
                                       <swc:WtXmlElement>
                                          <swc:rtd>c3EAfgARdXEAfgAVAAAAA3VxAH4AFwAAAAF0AAM8dGR1cQB+ABcAAAABdAABPnEAfgA2</swc:rtd>
                                          <swc:name>td</swc:name>
                                          <swc:xmlAttributes>
                                             <swc:WtXmlAttributes-WtEmptyXmlAttributes/>
                                          </swc:xmlAttributes>
                                          <swc:body>
                                             <swc:WtBody-WtBodyImpl>
                                                <swc:rtd ptk:null="true"/>
                                                <ptk:t ptk:location="Input:120:15">right</ptk:t>
                                             </swc:WtBody-WtBodyImpl>
                                          </swc:body>
                                       </swc:WtXmlElement>
                                       <ptk:t>
        </ptk:t>
                                    </swc:WtBody-WtBodyImpl>
                                 </swc:body>
                              </swc:WtXmlElement>
                              <swc:WtXmlElement>
                                 <swc:rtd>c3EAfgARdXEAfgAVAAAAA3VxAH4AFwAAAAF0AAM8dHJ1cQB+ABcAAAABdAABPnEAfgA2</swc:rtd>
                                 <swc:name>tr</swc:name>
                                 <swc:xmlAttributes>
                                    <swc:WtXmlAttributes-WtEmptyXmlAttributes/>
                                 </swc:xmlAttributes>
                                 <swc:body>
                                    <swc:WtBody-WtBodyImpl>
                                       <swc:rtd ptk:null="true"/>
                                       <ptk:t>
          </ptk:t>
                                       <swc:WtXmlElement>
                                          <swc:rtd>c3EAfgARdXEAfgAVAAAAA3VxAH4AFwAAAAF0AAM8dGh1cQB+ABcAAAABdAABPnEAfgA2</swc:rtd>
                                          <swc:name>th</swc:name>
                                          <swc:xmlAttributes>
                                             <swc:WtXmlAttributes-WtXmlAttributesImpl ptk:location="Input:122:14">
                                                <swc:rtd ptk:null="true"/>
                                                <swc:WtXmlAttribute ptk:location="Input:122:14">
                                                   <swc:rtd>c3EAfgARdXEAfgAVAAAAAnVxAH4AFwAAAAF0AAogY29sc3Bhbj0idXEAfgAXAAAAAXQAASI=</swc:rtd>
                                                   <swc:name>colspan</swc:name>
                                                   <swc:value>
                                                      <swc:WtValue-WtValueImpl ptk:location="Input:122:24">
                                                         <swc:rtd ptk:null="true"/>
                                                         <ptk:t ptk:location="Input:122:24">2</ptk:t>
                                                      </swc:WtValue-WtValueImpl>
                                                   </swc:value>
                                                </swc:WtXmlAttribute>
                                             </swc:WtXmlAttributes-WtXmlAttributesImpl>
                                          </swc:xmlAttributes>
                                          <swc:body>
                                             <swc:WtBody-WtBodyImpl>
                                                <swc:rtd ptk:null="true"/>
                                                <swc:WtInternalLink>
                                                   <swc:rtd>c3EAfgARdXEAfgAVAAAAA3VxAH4AFwAAAAFxAH4ANXEAfgA2dXEAfgAXAAAAAXEAfgA4</swc:rtd>
                                                   <swc:prefix/>
                                                   <swc:postfix/>
                                                   <swc:target>
                                                      <swc:WtPageName ptk:location="Input:122:29">
                                                         <swc:content>دومين اعلى مستوى</swc:content>
                                                         <swc:rtd ptk:null="true"/>
                                                      </swc:WtPageName>
                                                   </swc:target>
                                                   <swc:title>
                                                      <swc:WtLinkTitle-WtLinkTitleImpl>
                                                         <swc:rtd>c3EAfgARdXEAfgAVAAAAAnVxAH4AFwAAAAF0AAF8cQB+ADY=</swc:rtd>
                                                         <ptk:t ptk:location="Input:122:46">رمز الإنترنت</ptk:t>
                                                      </swc:WtLinkTitle-WtLinkTitleImpl>
                                                   </swc:title>
                                                </swc:WtInternalLink>
                                             </swc:WtBody-WtBodyImpl>
                                          </swc:body>
                                       </swc:WtXmlElement>
                                       <ptk:t>
          </ptk:t>
                                       <swc:WtXmlElement>
                                          <swc:rtd>c3EAfgARdXEAfgAVAAAAA3VxAH4AFwAAAAF0AAM8dGR1cQB+ABcAAAABdAABPnEAfgA2</swc:rtd>
                                          <swc:name>td</swc:name>
                                          <swc:xmlAttributes>
                                             <swc:WtXmlAttributes-WtEmptyXmlAttributes/>
                                          </swc:xmlAttributes>
                                          <swc:body>
                                             <swc:WtBody-WtBodyImpl>
                                                <swc:rtd ptk:null="true"/>
                                                <swc:WtInternalLink>
                                                   <swc:rtd>c3EAfgARdXEAfgAVAAAAA3VxAH4AFwAAAAFxAH4ANXEAfgA2dXEAfgAXAAAAAXEAfgA4</swc:rtd>
                                                   <swc:prefix/>
                                                   <swc:postfix/>
                                                   <swc:target>
                                                      <swc:WtPageName ptk:location="Input:123:17">
                                                         <swc:content>.ng</swc:content>
                                                         <swc:rtd ptk:null="true"/>
                                                      </swc:WtPageName>
                                                   </swc:target>
                                                   <swc:title>
                                                      <swc:WtLinkTitle-WtNoLinkTitle/>
                                                   </swc:title>
                                                </swc:WtInternalLink>
                                             </swc:WtBody-WtBodyImpl>
                                          </swc:body>
                                       </swc:WtXmlElement>
                                       <ptk:t>
        </ptk:t>
                                    </swc:WtBody-WtBodyImpl>
                                 </swc:body>
                              </swc:WtXmlElement>
                              <swc:WtXmlElement>
                                 <swc:rtd>c3EAfgARdXEAfgAVAAAAA3VxAH4AFwAAAAF0AAM8dHJ1cQB+ABcAAAABdAABPnEAfgA2</swc:rtd>
                                 <swc:name>tr</swc:name>
                                 <swc:xmlAttributes>
                                    <swc:WtXmlAttributes-WtEmptyXmlAttributes/>
                                 </swc:xmlAttributes>
                                 <swc:body>
                                    <swc:WtBody-WtBodyImpl>
                                       <swc:rtd ptk:null="true"/>
                                       <ptk:t>
          </ptk:t>
                                       <swc:WtXmlElement>
                                          <swc:rtd>c3EAfgARdXEAfgAVAAAAA3VxAH4AFwAAAAF0AAM8dGh1cQB+ABcAAAABdAABPnEAfgA2</swc:rtd>
                                          <swc:name>th</swc:name>
                                          <swc:xmlAttributes>
                                             <swc:WtXmlAttributes-WtXmlAttributesImpl ptk:location="Input:125:14">
                                                <swc:rtd ptk:null="true"/>
                                                <swc:WtXmlAttribute ptk:location="Input:125:14">
                                                   <swc:rtd>c3EAfgARdXEAfgAVAAAAAnVxAH4AFwAAAAF0AAogY29sc3Bhbj0idXEAfgAXAAAAAXQAASI=</swc:rtd>
                                                   <swc:name>colspan</swc:name>
                                                   <swc:value>
                                                      <swc:WtValue-WtValueImpl ptk:location="Input:125:24">
                                                         <swc:rtd ptk:null="true"/>
                                                         <ptk:t ptk:location="Input:125:24">2</ptk:t>
                                                      </swc:WtValue-WtValueImpl>
                                                   </swc:value>
                                                </swc:WtXmlAttribute>
                                             </swc:WtXmlAttributes-WtXmlAttributesImpl>
                                          </swc:xmlAttributes>
                                          <swc:body>
                                             <swc:WtBody-WtBodyImpl>
                                                <swc:rtd ptk:null="true"/>
                                                <swc:WtInternalLink>
                                                   <swc:rtd>c3EAfgARdXEAfgAVAAAAA3VxAH4AFwAAAAFxAH4ANXEAfgA2dXEAfgAXAAAAAXEAfgA4</swc:rtd>
                                                   <swc:prefix/>
                                                   <swc:postfix/>
                                                   <swc:target>
                                                      <swc:WtPageName ptk:location="Input:125:29">
                                                         <swc:content>List of country calling codes</swc:content>
                                                         <swc:rtd ptk:null="true"/>
                                                      </swc:WtPageName>
                                                   </swc:target>
                                                   <swc:title>
                                                      <swc:WtLinkTitle-WtLinkTitleImpl>
                                                         <swc:rtd>c3EAfgARdXEAfgAVAAAAAnVxAH4AFwAAAAF0AAF8cQB+ADY=</swc:rtd>
                                                         <ptk:t ptk:location="Input:125:59">Calling code</ptk:t>
                                                      </swc:WtLinkTitle-WtLinkTitleImpl>
                                                   </swc:title>
                                                </swc:WtInternalLink>
                                             </swc:WtBody-WtBodyImpl>
                                          </swc:body>
                                       </swc:WtXmlElement>
                                       <ptk:t>
          </ptk:t>
                                       <swc:WtXmlElement>
                                          <swc:rtd>c3EAfgARdXEAfgAVAAAAA3VxAH4AFwAAAAF0AAM8dGR1cQB+ABcAAAABdAABPnEAfgA2</swc:rtd>
                                          <swc:name>td</swc:name>
                                          <swc:xmlAttributes>
                                             <swc:WtXmlAttributes-WtEmptyXmlAttributes/>
                                          </swc:xmlAttributes>
                                          <swc:body>
                                             <swc:WtBody-WtBodyImpl>
                                                <swc:rtd ptk:null="true"/>
                                                <swc:WtInternalLink>
                                                   <swc:rtd>c3EAfgARdXEAfgAVAAAAA3VxAH4AFwAAAAFxAH4ANXEAfgA2dXEAfgAXAAAAAXEAfgA4</swc:rtd>
                                                   <swc:prefix/>
                                                   <swc:postfix/>
                                                   <swc:target>
                                                      <swc:WtPageName ptk:location="Input:126:17">
                                                         <swc:content>+234</swc:content>
                                                         <swc:rtd ptk:null="true"/>
                                                      </swc:WtPageName>
                                                   </swc:target>
                                                   <swc:title>
                                                      <swc:WtLinkTitle-WtNoLinkTitle/>
                                                   </swc:title>
                                                </swc:WtInternalLink>
                                             </swc:WtBody-WtBodyImpl>
                                          </swc:body>
                                       </swc:WtXmlElement>
                                       <ptk:t>
        </ptk:t>
                                    </swc:WtBody-WtBodyImpl>
                                 </swc:body>
                              </swc:WtXmlElement>
                              <swc:WtXmlElement>
                                 <swc:rtd>c3EAfgARdXEAfgAVAAAAA3VxAH4AFwAAAAF0AAM8dHJ1cQB+ABcAAAABdAABPnEAfgA2</swc:rtd>
                                 <swc:name>tr</swc:name>
                                 <swc:xmlAttributes>
                                    <swc:WtXmlAttributes-WtEmptyXmlAttributes/>
                                 </swc:xmlAttributes>
                                 <swc:body>
                                    <swc:WtBody-WtBodyImpl>
                                       <swc:rtd ptk:null="true"/>
                                       <ptk:t>
          </ptk:t>
                                       <swc:WtXmlElement>
                                          <swc:rtd>c3EAfgARdXEAfgAVAAAAA3VxAH4AFwAAAAF0AAM8dGR1cQB+ABcAAAABdAABPnEAfgA2</swc:rtd>
                                          <swc:name>td</swc:name>
                                          <swc:xmlAttributes>
                                             <swc:WtXmlAttributes-WtXmlAttributesImpl ptk:location="Input:128:14">
                                                <swc:rtd ptk:null="true"/>
                                                <swc:WtXmlAttribute ptk:location="Input:128:14">
                                                   <swc:rtd>c3EAfgARdXEAfgAVAAAAAnVxAH4AFwAAAAF0AAogY29sc3Bhbj0idXEAfgAXAAAAAXQAASI=</swc:rtd>
                                                   <swc:name>colspan</swc:name>
                                                   <swc:value>
                                                      <swc:WtValue-WtValueImpl ptk:location="Input:128:24">
                                                         <swc:rtd ptk:null="true"/>
                                                         <ptk:t ptk:location="Input:128:24">3</ptk:t>
                                                      </swc:WtValue-WtValueImpl>
                                                   </swc:value>
                                                </swc:WtXmlAttribute>
                                             </swc:WtXmlAttributes-WtXmlAttributesImpl>
                                          </swc:xmlAttributes>
                                          <swc:body>
                                             <swc:WtBody-WtBodyImpl>
                                                <swc:rtd ptk:null="true"/>
                                                <swc:WtXmlElement>
                                                   <swc:rtd>c3EAfgARdXEAfgAVAAAAA3VxAH4AFwAAAAF0AAY8c21hbGx1cQB+ABcAAAABdAABPnEAfgA2</swc:rtd>
                                                   <swc:name>small</swc:name>
                                                   <swc:xmlAttributes>
                                                      <swc:WtXmlAttributes-WtEmptyXmlAttributes/>
                                                   </swc:xmlAttributes>
                                                   <swc:body>
                                                      <swc:WtBody-WtBodyImpl>
                                                         <swc:rtd ptk:null="true"/>
                                                         <swc:WtXmlElement>
                                                            <swc:rtd>c3EAfgARdXEAfgAVAAAAA3VxAH4AFwAAAAF0AAQ8c3VwdXEAfgAXAAAAAXQAAT51cQB+ABcAAAABdAAGPC9zdXA+</swc:rtd>
                                                            <swc:name>sup</swc:name>
                                                            <swc:xmlAttributes>
                                                               <swc:WtXmlAttributes-WtEmptyXmlAttributes/>
                                                            </swc:xmlAttributes>
                                                            <swc:body>
                                                               <swc:WtBody-WtBodyImpl>
                                                                  <swc:rtd ptk:null="true"/>
                                                                  <ptk:t ptk:location="Input:128:39">1</ptk:t>
                                                               </swc:WtBody-WtBodyImpl>
                                                            </swc:body>
                                                         </swc:WtXmlElement>
                                                         <ptk:t ptk:location="Input:128:46">The GDP estimate is as of 2009; the total and per capita ranks are also based on 2009 number.

</ptk:t>
                                                      </swc:WtBody-WtBodyImpl>
                                                   </swc:body>
                                                </swc:WtXmlElement>
                                                <swc:WtParagraph>
                                                   <swc:rtd ptk:null="true"/>
                                                   <swc:WtXmlElement>
                                                      <ptk:a ptk:name="synthetic">
                                                         <ptk:Boolean>true</ptk:Boolean>
                                                      </ptk:a>
                                                      <swc:rtd ptk:null="true"/>
                                                      <swc:name>small</swc:name>
                                                      <swc:xmlAttributes>
                                                         <swc:WtXmlAttributes-WtEmptyXmlAttributes/>
                                                      </swc:xmlAttributes>
                                                      <swc:body>
                                                         <swc:WtBody-WtBodyImpl>
                                                            <swc:rtd ptk:null="true"/>
                                                            <swc:WtXmlElement>
                                                               <swc:rtd>c3EAfgARdXEAfgAVAAAAA3VxAH4AFwAAAAF0AAQ8c3VwdXEAfgAXAAAAAXQAAT51cQB+ABcAAAABdAAGPC9zdXA+</swc:rtd>
                                                               <swc:name>sup</swc:name>
                                                               <swc:xmlAttributes>
                                                                  <swc:WtXmlAttributes-WtEmptyXmlAttributes/>
                                                               </swc:xmlAttributes>
                                                               <swc:body>
                                                                  <swc:WtBody-WtBodyImpl>
                                                                     <swc:rtd ptk:null="true"/>
                                                                     <ptk:t ptk:location="Input:130:6">2</ptk:t>
                                                                  </swc:WtBody-WtBodyImpl>
                                                               </swc:body>
                                                            </swc:WtXmlElement>
                                                            <ptk:t ptk:location="Input:130:13">English language is the official language of Nigeria, but is the second most spoken language in all states of the federation after regional and local indigenous languages </ptk:t>
                                                            <swc:WtTagExtension ptk:location="Input:79:185">
                                                               <ptk:a ptk:name="__SKIP__">
                                                                  <ptk:Boolean>false</ptk:Boolean>
                                                               </ptk:a>
                                                               <swc:rtd>c3EAfgARdXEAfgAVAAAAA3VxAH4AFwAAAAF0AAQ8cmVmdXEAfgAXAAAAAXQAAT51cQB+ABcAAAABdAAGPC9yZWY+</swc:rtd>
                                                               <swc:name>ref</swc:name>
                                                               <swc:xmlAttributes>
                                                                  <swc:WtXmlAttributes-WtEmptyXmlAttributes/>
                                                               </swc:xmlAttributes>
                                                               <swc:body>
                                                                  <swc:WtTagExtensionBody-WtTagExtensionBodyImpl>
                                                                     <swc:content>{{cite web|url=http://www.uiowa.edu/intlinet/unijos/nigonnet/nlp/regions.htm |title=Nigerian languages listed according to states |publisher=Uiowa.edu |date= |accessdate=2010-12-21}}</swc:content>
                                                                     <swc:rtd ptk:null="true"/>
                                                                  </swc:WtTagExtensionBody-WtTagExtensionBodyImpl>
                                                               </swc:body>
                                                            </swc:WtTagExtension>
                                                         </swc:WtBody-WtBodyImpl>
                                                      </swc:body>
                                                   </swc:WtXmlElement>
                                                </swc:WtParagraph>
                                             </swc:WtBody-WtBodyImpl>
                                          </swc:body>
                                       </swc:WtXmlElement>
                                       <ptk:t>
        </ptk:t>
                                    </swc:WtBody-WtBodyImpl>
                                 </swc:body>
                              </swc:WtXmlElement>
                           </swc:WtBody-WtBodyImpl>
                        </swc:body>
                     </swc:WtTableImplicitTableBody>
                  </swc:WtBody-WtBodyImpl>
               </swc:body>
            </swc:WtXmlElement>
            <ptk:t>

</ptk:t>
            <swc:WtParagraph>
               <swc:rtd ptk:null="true"/>
            </swc:WtParagraph>
            <swc:WtImageLink>
               <swc:rtd>c3EAfgARdXEAfgAVAAAABHVxAH4AFwAAAAFxAH4ANXEAfgA2cQB+ADZ1cQB+ABcAAAABcQB+ADg=</swc:rtd>
               <swc:width>200</swc:width>
               <swc:height>-1</swc:height>
               <swc:upright>false</swc:upright>
               <swc:hAlign>UNSPECIFIED</swc:hAlign>
               <swc:vAlign>MIDDLE</swc:vAlign>
               <swc:format>THUMBNAIL</swc:format>
               <swc:border>false</swc:border>
               <swc:link>c3EAfgIncQB+Ai1xAH4CMA==</swc:link>
               <swc:alt>
                  <swc:WtLinkOptionAltText-WtNoLinkOptionAltText/>
               </swc:alt>
               <swc:target>
                  <swc:WtPageName ptk:location="Input:133:3">
                     <swc:content>ملف:Flag of Nigeria.svg</swc:content>
                     <swc:rtd ptk:null="true"/>
                  </swc:WtPageName>
               </swc:target>
               <swc:options>
                  <swc:WtLinkOptions-WtLinkOptionsImpl ptk:location="Input:133:26">
                     <swc:rtd ptk:null="true"/>
                     <swc:WtLinkOptionResize ptk:location="Input:133:27">
                        <swc:rtd>c3EAfgARdXEAfgAVAAAAAXVxAH4AFwAAAAF0AAd8MjAwIHB4</swc:rtd>
                        <swc:width>200</swc:width>
                        <swc:height>-1</swc:height>
                     </swc:WtLinkOptionResize>
                     <swc:WtLinkOptionKeyword ptk:location="Input:133:34">
                        <swc:rtd>c3EAfgARdXEAfgAVAAAAAXVxAH4AFwAAAAF0AAZ8dGh1bWI=</swc:rtd>
                        <swc:keyword>thumb</swc:keyword>
                     </swc:WtLinkOptionKeyword>
                  </swc:WtLinkOptions-WtLinkOptionsImpl>
               </swc:options>
               <swc:title>
                  <swc:WtLinkTitle-WtLinkTitleImpl>
                     <swc:rtd>c3EAfgARdXEAfgAVAAAAAnVxAH4AFwAAAAF0AAF8cQB+ADY=</swc:rtd>
                     <ptk:t ptk:location="Input:133:40">علم نايچيريا</ptk:t>
                  </swc:WtLinkTitle-WtLinkTitleImpl>
               </swc:title>
            </swc:WtImageLink>
            <ptk:t>
</ptk:t>
            <swc:WtBold>
               <swc:rtd>c3EAfgARdXEAfgAVAAAAAnVxAH4AFwAAAAF0AAMnJyd1cQB+ABcAAAABdAADJycn</swc:rtd>
               <ptk:t ptk:location="Input:134:4">جمهورية نايچيريا الفيدراليه</ptk:t>
            </swc:WtBold>
            <ptk:t ptk:location="Input:134:34"> هى دوله من دول غرب </ptk:t>
            <swc:WtInternalLink>
               <swc:rtd>c3EAfgARdXEAfgAVAAAAA3VxAH4AFwAAAAFxAH4ANXEAfgA2dXEAfgAXAAAAAXEAfgA4</swc:rtd>
               <swc:prefix/>
               <swc:postfix/>
               <swc:target>
                  <swc:WtPageName ptk:location="Input:134:56">
                     <swc:content>افريقيا</swc:content>
                     <swc:rtd ptk:null="true"/>
                  </swc:WtPageName>
               </swc:target>
               <swc:title>
                  <swc:WtLinkTitle-WtNoLinkTitle/>
               </swc:title>
            </swc:WtInternalLink>
            <ptk:t ptk:location="Input:134:65"> و عضو فى </ptk:t>
            <swc:WtInternalLink>
               <swc:rtd>c3EAfgARdXEAfgAVAAAAA3VxAH4AFwAAAAFxAH4ANXEAfgA2dXEAfgAXAAAAAXEAfgA4</swc:rtd>
               <swc:prefix/>
               <swc:postfix/>
               <swc:target>
                  <swc:WtPageName ptk:location="Input:134:77">
                     <swc:content>منظمة الوحده الافريقيه</swc:content>
                     <swc:rtd ptk:null="true"/>
                  </swc:WtPageName>
               </swc:target>
               <swc:title>
                  <swc:WtLinkTitle-WtNoLinkTitle/>
               </swc:title>
            </swc:WtInternalLink>
            <ptk:t ptk:location="Input:134:101">.

</ptk:t>
            <swc:WtParagraph>
               <swc:rtd ptk:null="true"/>
               <ptk:t ptk:location="Input:136:1">نايچيريا حوالينها </ptk:t>
               <swc:WtInternalLink>
                  <swc:rtd>c3EAfgARdXEAfgAVAAAAA3VxAH4AFwAAAAFxAH4ANXEAfgA2dXEAfgAXAAAAAXEAfgA4</swc:rtd>
                  <swc:prefix/>
                  <swc:postfix/>
                  <swc:target>
                     <swc:WtPageName ptk:location="Input:136:21">
                        <swc:content>بينين</swc:content>
                        <swc:rtd ptk:null="true"/>
                     </swc:WtPageName>
                  </swc:target>
                  <swc:title>
                     <swc:WtLinkTitle-WtNoLinkTitle/>
                  </swc:title>
               </swc:WtInternalLink>
               <ptk:t ptk:location="Input:136:28"> م الغرب </ptk:t>
               <swc:WtInternalLink>
                  <swc:rtd>c3EAfgARdXEAfgAVAAAAA3VxAH4AFwAAAAFxAH4ANXEAfgA2dXEAfgAXAAAAAXEAfgA4</swc:rtd>
                  <swc:prefix/>
                  <swc:postfix/>
                  <swc:target>
                     <swc:WtPageName ptk:location="Input:136:39">
                        <swc:content>تشاد</swc:content>
                        <swc:rtd ptk:null="true"/>
                     </swc:WtPageName>
                  </swc:target>
                  <swc:title>
                     <swc:WtLinkTitle-WtNoLinkTitle/>
                  </swc:title>
               </swc:WtInternalLink>
               <ptk:t ptk:location="Input:136:45"> و </ptk:t>
               <swc:WtInternalLink>
                  <swc:rtd>c3EAfgARdXEAfgAVAAAAA3VxAH4AFwAAAAFxAH4ANXEAfgA2dXEAfgAXAAAAAXEAfgA4</swc:rtd>
                  <swc:prefix/>
                  <swc:postfix/>
                  <swc:target>
                     <swc:WtPageName ptk:location="Input:136:50">
                        <swc:content>كاميرون</swc:content>
                        <swc:rtd ptk:null="true"/>
                     </swc:WtPageName>
                  </swc:target>
                  <swc:title>
                     <swc:WtLinkTitle-WtNoLinkTitle/>
                  </swc:title>
               </swc:WtInternalLink>
               <ptk:t ptk:location="Input:136:59"> م الشرق ، ال</ptk:t>
               <swc:WtInternalLink>
                  <swc:rtd>c3EAfgARdXEAfgAVAAAAA3VxAH4AFwAAAAFxAH4ANXEAfgA2dXEAfgAXAAAAAXEAfgA4</swc:rtd>
                  <swc:prefix/>
                  <swc:postfix/>
                  <swc:target>
                     <swc:WtPageName ptk:location="Input:136:74">
                        <swc:content>نايچر</swc:content>
                        <swc:rtd ptk:null="true"/>
                     </swc:WtPageName>
                  </swc:target>
                  <swc:title>
                     <swc:WtLinkTitle-WtNoLinkTitle/>
                  </swc:title>
               </swc:WtInternalLink>
               <ptk:t ptk:location="Input:136:81"> م الشمال و م الجنوب </ptk:t>
               <swc:WtInternalLink>
                  <swc:rtd>c3EAfgARdXEAfgAVAAAAA3VxAH4AFwAAAAFxAH4ANXEAfgA2dXEAfgAXAAAAAXEAfgA4</swc:rtd>
                  <swc:prefix/>
                  <swc:postfix/>
                  <swc:target>
                     <swc:WtPageName ptk:location="Input:136:104">
                        <swc:content>خليج جينيا</swc:content>
                        <swc:rtd ptk:null="true"/>
                     </swc:WtPageName>
                  </swc:target>
                  <swc:title>
                     <swc:WtLinkTitle-WtNoLinkTitle/>
                  </swc:title>
               </swc:WtInternalLink>
               <ptk:t ptk:location="Input:136:116"> و </ptk:t>
               <swc:WtInternalLink>
                  <swc:rtd>c3EAfgARdXEAfgAVAAAAA3VxAH4AFwAAAAFxAH4ANXEAfgA2dXEAfgAXAAAAAXEAfgA4</swc:rtd>
                  <swc:prefix/>
                  <swc:postfix/>
                  <swc:target>
                     <swc:WtPageName ptk:location="Input:136:121">
                        <swc:content>المحيط الاطلنطى</swc:content>
                        <swc:rtd ptk:null="true"/>
                     </swc:WtPageName>
                  </swc:target>
                  <swc:title>
                     <swc:WtLinkTitle-WtNoLinkTitle/>
                  </swc:title>
               </swc:WtInternalLink>
               <ptk:t ptk:location="Input:136:138">.
عاصمة نايچيريا اسمها </ptk:t>
               <swc:WtInternalLink>
                  <swc:rtd>c3EAfgARdXEAfgAVAAAAA3VxAH4AFwAAAAFxAH4ANXEAfgA2dXEAfgAXAAAAAXEAfgA4</swc:rtd>
                  <swc:prefix/>
                  <swc:postfix/>
                  <swc:target>
                     <swc:WtPageName ptk:location="Input:137:24">
                        <swc:content>ابوچا</swc:content>
                        <swc:rtd ptk:null="true"/>
                     </swc:WtPageName>
                  </swc:target>
                  <swc:title>
                     <swc:WtLinkTitle-WtNoLinkTitle/>
                  </swc:title>
               </swc:WtInternalLink>
               <ptk:t ptk:location="Input:137:31"> و اكبر مدينه فيها اسمها </ptk:t>
               <swc:WtInternalLink>
                  <swc:rtd>c3EAfgARdXEAfgAVAAAAA3VxAH4AFwAAAAFxAH4ANXEAfgA2dXEAfgAXAAAAAXEAfgA4</swc:rtd>
                  <swc:prefix/>
                  <swc:postfix/>
                  <swc:target>
                     <swc:WtPageName ptk:location="Input:137:58">
                        <swc:content>لاجوس</swc:content>
                        <swc:rtd ptk:null="true"/>
                     </swc:WtPageName>
                  </swc:target>
                  <swc:title>
                     <swc:WtLinkTitle-WtNoLinkTitle/>
                  </swc:title>
               </swc:WtInternalLink>
               <ptk:t ptk:location="Input:137:65">.
نايچيريا هى اكبر دوله فى افريقيا فى عدد السكان و التامنه ف العالم كله.</ptk:t>
            </swc:WtParagraph>
            <ptk:t>
</ptk:t>
            <swc:WtSection>
               <swc:rtd ptk:null="true"/>
               <swc:level>2</swc:level>
               <swc:heading>
                  <swc:WtHeading>
                     <swc:rtd>c3EAfgARdXEAfgAVAAAAAnVxAH4AFwAAAAF0AAI9PXVxAH4AFwAAAAFxAH4Lzw==</swc:rtd>
                     <ptk:t ptk:location="Input:139:3"> المناخ </ptk:t>
                  </swc:WtHeading>
               </swc:heading>
               <swc:body>
                  <swc:WtBody-WtBodyImpl>
                     <swc:rtd ptk:null="true"/>
                     <ptk:t>

</ptk:t>
                     <swc:WtParagraph>
                        <swc:rtd ptk:null="true"/>
                        <ptk:t>
</ptk:t>
                     </swc:WtParagraph>
                  </swc:WtBody-WtBodyImpl>
               </swc:body>
            </swc:WtSection>
            <swc:WtSection>
               <swc:rtd ptk:null="true"/>
               <swc:level>2</swc:level>
               <swc:heading>
                  <swc:WtHeading>
                     <swc:rtd>c3EAfgARdXEAfgAVAAAAAnVxAH4AFwAAAAF0AAI9PXVxAH4AFwAAAAFxAH4L1A==</swc:rtd>
                     <ptk:t ptk:location="Input:142:3"> تاريخ </ptk:t>
                  </swc:WtHeading>
               </swc:heading>
               <swc:body>
                  <swc:WtBody-WtBodyImpl>
                     <swc:rtd ptk:null="true"/>
                     <ptk:t>

</ptk:t>
                     <swc:WtParagraph>
                        <swc:rtd ptk:null="true"/>
                        <ptk:t>
</ptk:t>
                     </swc:WtParagraph>
                  </swc:WtBody-WtBodyImpl>
               </swc:body>
            </swc:WtSection>
            <swc:WtSection>
               <swc:rtd ptk:null="true"/>
               <swc:level>2</swc:level>
               <swc:heading>
                  <swc:WtHeading>
                     <swc:rtd>c3EAfgARdXEAfgAVAAAAAnVxAH4AFwAAAAF0AAI9PXVxAH4AFwAAAAFxAH4L2Q==</swc:rtd>
                     <ptk:t ptk:location="Input:145:3"> اقتصاد </ptk:t>
                  </swc:WtHeading>
               </swc:heading>
               <swc:body>
                  <swc:WtBody-WtBodyImpl>
                     <swc:rtd ptk:null="true"/>
                     <ptk:t>

</ptk:t>
                     <swc:WtParagraph>
                        <swc:rtd ptk:null="true"/>
                        <ptk:t>
</ptk:t>
                     </swc:WtParagraph>
                  </swc:WtBody-WtBodyImpl>
               </swc:body>
            </swc:WtSection>
            <swc:WtSection>
               <swc:rtd ptk:null="true"/>
               <swc:level>2</swc:level>
               <swc:heading>
                  <swc:WtHeading>
                     <swc:rtd>c3EAfgARdXEAfgAVAAAAAnVxAH4AFwAAAAF0AAI9PXVxAH4AFwAAAAFxAH4L3g==</swc:rtd>
                     <ptk:t ptk:location="Input:148:3"> مصادر </ptk:t>
                  </swc:WtHeading>
               </swc:heading>
               <swc:body>
                  <swc:WtBody-WtBodyImpl>
                     <swc:rtd ptk:null="true"/>
                     <ptk:t>
</ptk:t>
                     <swc:WtParagraph>
                        <swc:rtd ptk:null="true"/>
                     </swc:WtParagraph>
                     <swc:WtXmlElement>
                        <swc:rtd>c3EAfgARdXEAfgAVAAAAA3VxAH4AFwAAAAF0AAQ8ZGl2dXEAfgAXAAAAAXQAAT51cQB+ABcAAAABdAAGPC9kaXY+</swc:rtd>
                        <swc:name>div</swc:name>
                        <swc:xmlAttributes>
                           <swc:WtXmlAttributes-WtXmlAttributesImpl ptk:location="Input:149:5">
                              <swc:rtd ptk:null="true"/>
                              <swc:WtXmlAttribute ptk:location="Input:149:5">
                                 <swc:rtd>c3EAfgARdXEAfgAVAAAAAnVxAH4AFwAAAAF0AAggY2xhc3M9InVxAH4AFwAAAAF0AAEi</swc:rtd>
                                 <swc:name>class</swc:name>
                                 <swc:value>
                                    <swc:WtValue-WtValueImpl ptk:location="Input:149:13">
                                       <swc:rtd ptk:null="true"/>
                                       <ptk:t ptk:location="Input:149:13">references-small </ptk:t>
                                    </swc:WtValue-WtValueImpl>
                                 </swc:value>
                              </swc:WtXmlAttribute>
                              <swc:WtXmlAttribute ptk:location="Input:149:31">
                                 <swc:rtd>c3EAfgARdXEAfgAVAAAAAnVxAH4AFwAAAAF0AAggc3R5bGU9InVxAH4AFwAAAAF0AAEi</swc:rtd>
                                 <swc:name>style</swc:name>
                                 <swc:value>
                                    <swc:WtValue-WtValueImpl ptk:location="Input:149:39">
                                       <swc:rtd ptk:null="true"/>
                                    </swc:WtValue-WtValueImpl>
                                 </swc:value>
                              </swc:WtXmlAttribute>
                           </swc:WtXmlAttributes-WtXmlAttributesImpl>
                        </swc:xmlAttributes>
                        <swc:body>
                           <swc:WtBody-WtBodyImpl>
                              <swc:rtd ptk:null="true"/>
                              <ptk:t>
</ptk:t>
                              <swc:WtTagExtension ptk:location="Input:150:1">
                                 <ptk:a ptk:name="__SKIP__">
                                    <ptk:Boolean>false</ptk:Boolean>
                                 </ptk:a>
                                 <swc:rtd>c3EAfgARdXEAfgAVAAAAA3VxAH4AFwAAAAF0AAs8cmVmZXJlbmNlc3VxAH4AFwAAAAF0AAE+dXEAfgAXAAAAAXQADTwvcmVmZXJlbmNlcz4=</swc:rtd>
                                 <swc:name>references</swc:name>
                                 <swc:xmlAttributes>
                                    <swc:WtXmlAttributes-WtXmlAttributesImpl>
                                       <swc:rtd ptk:null="true"/>
                                       <swc:WtXmlAttribute>
                                          <swc:rtd>c3EAfgARdXEAfgAVAAAAAnVxAH4AFwAAAAF0AAggZ3JvdXA9InVxAH4AFwAAAAF0AAEi</swc:rtd>
                                          <swc:name>group</swc:name>
                                          <swc:value>
                                             <swc:WtValue-WtValueImpl>
                                                <swc:rtd ptk:null="true"/>
                                                <ptk:t/>
                                             </swc:WtValue-WtValueImpl>
                                          </swc:value>
                                       </swc:WtXmlAttribute>
                                    </swc:WtXmlAttributes-WtXmlAttributesImpl>
                                 </swc:xmlAttributes>
                                 <swc:body>
                                    <swc:WtTagExtensionBody-WtTagExtensionBodyImpl>
                                       <swc:content/>
                                       <swc:rtd ptk:null="true"/>
                                    </swc:WtTagExtensionBody-WtTagExtensionBodyImpl>
                                 </swc:body>
                              </swc:WtTagExtension>
                           </swc:WtBody-WtBodyImpl>
                        </swc:body>
                     </swc:WtXmlElement>
                     <ptk:t>
</ptk:t>
                     <swc:WtXmlElement>
                        <swc:rtd>c3EAfgARdXEAfgAVAAAAA3VxAH4AFwAAAAF0AAQ8ZGl2dXEAfgAXAAAAAXQAAT51cQB+ABcAAAABdAAGPC9kaXY+</swc:rtd>
                        <swc:name>div</swc:name>
                        <swc:xmlAttributes>
                           <swc:WtXmlAttributes-WtXmlAttributesImpl ptk:location="Input:151:5">
                              <swc:rtd ptk:null="true"/>
                              <swc:WtXmlAttribute ptk:location="Input:151:5">
                                 <swc:rtd>c3EAfgARdXEAfgAVAAAAAnVxAH4AFwAAAAF0AAggY2xhc3M9InVxAH4AFwAAAAF0AAEi</swc:rtd>
                                 <swc:name>class</swc:name>
                                 <swc:value>
                                    <swc:WtValue-WtValueImpl ptk:location="Input:151:13">
                                       <swc:rtd ptk:null="true"/>
                                       <ptk:t ptk:location="Input:151:13">infobox sisterproject</ptk:t>
                                    </swc:WtValue-WtValueImpl>
                                 </swc:value>
                              </swc:WtXmlAttribute>
                              <swc:WtXmlAttribute ptk:location="Input:151:35">
                                 <swc:rtd>c3EAfgARdXEAfgAVAAAAAnVxAH4AFwAAAAF0AAggc3R5bGU9InVxAH4AFwAAAAF0AAEi</swc:rtd>
                                 <swc:name>style</swc:name>
                                 <swc:value>
                                    <swc:WtValue-WtValueImpl ptk:location="Input:151:43">
                                       <swc:rtd ptk:null="true"/>
                                       <ptk:t ptk:location="Input:151:43">float:left; margin-left:0.1em;margin-right:0em;</ptk:t>
                                    </swc:WtValue-WtValueImpl>
                                 </swc:value>
                              </swc:WtXmlAttribute>
                           </swc:WtXmlAttributes-WtXmlAttributesImpl>
                        </swc:xmlAttributes>
                        <swc:body>
                           <swc:WtBody-WtBodyImpl>
                              <swc:rtd ptk:null="true"/>
                              <swc:WtImageLink>
                                 <swc:rtd>c3EAfgARdXEAfgAVAAAABHVxAH4AFwAAAAFxAH4ANXEAfgA2cQB+ADZ1cQB+ABcAAAABcQB+ADg=</swc:rtd>
                                 <swc:width>50</swc:width>
                                 <swc:height>-1</swc:height>
                                 <swc:upright>false</swc:upright>
                                 <swc:hAlign>RIGHT</swc:hAlign>
                                 <swc:vAlign>MIDDLE</swc:vAlign>
                                 <swc:format>UNRESTRAINED</swc:format>
                                 <swc:border>false</swc:border>
                                 <swc:link>c3EAfgIncQB+Ai1xAH4CMA==</swc:link>
                                 <swc:alt>
                                    <swc:WtLinkOptionAltText-WtNoLinkOptionAltText/>
                                 </swc:alt>
                                 <swc:target>
                                    <swc:WtPageName ptk:location="Input:151:94">
                                       <swc:content>Image:Commons-logo.svg</swc:content>
                                       <swc:rtd ptk:null="true"/>
                                    </swc:WtPageName>
                                 </swc:target>
                                 <swc:options>
                                    <swc:WtLinkOptions-WtLinkOptionsImpl ptk:location="Input:151:116">
                                       <swc:rtd ptk:null="true"/>
                                       <swc:WtLinkOptionKeyword ptk:location="Input:151:117">
                                          <swc:rtd>c3EAfgARdXEAfgAVAAAAAXVxAH4AFwAAAAF0AAZ8cmlnaHQ=</swc:rtd>
                                          <swc:keyword>right</swc:keyword>
                                       </swc:WtLinkOptionKeyword>
                                       <swc:WtLinkOptionResize ptk:location="Input:151:123">
                                          <swc:rtd>c3EAfgARdXEAfgAVAAAAAXVxAH4AFwAAAAF0AAV8NTBweA==</swc:rtd>
                                          <swc:width>50</swc:width>
                                          <swc:height>-1</swc:height>
                                       </swc:WtLinkOptionResize>
                                    </swc:WtLinkOptions-WtLinkOptionsImpl>
                                 </swc:options>
                                 <swc:title>
                                    <swc:WtLinkTitle-WtLinkTitleImpl>
                                       <swc:rtd>c3EAfgARdXEAfgAVAAAAAnVxAH4AFwAAAAF0AAF8cQB+ADY=</swc:rtd>
                                       <ptk:t ptk:location="Input:151:128"> </ptk:t>
                                    </swc:WtLinkTitle-WtLinkTitleImpl>
                                 </swc:title>
                              </swc:WtImageLink>
                              <ptk:t ptk:location="Input:151:131">فيه فايلات فى تصانيف </ptk:t>
                              <swc:WtInternalLink>
                                 <swc:rtd>c3EAfgARdXEAfgAVAAAAA3VxAH4AFwAAAAFxAH4ANXEAfgA2dXEAfgAXAAAAAXEAfgA4</swc:rtd>
                                 <swc:prefix/>
                                 <swc:postfix/>
                                 <swc:target>
                                    <swc:WtPageName ptk:location="Input:151:154">
                                       <swc:content>ويكيميديا كومونز</swc:content>
                                       <swc:rtd ptk:null="true"/>
                                    </swc:WtPageName>
                                 </swc:target>
                                 <swc:title>
                                    <swc:WtLinkTitle-WtNoLinkTitle/>
                                 </swc:title>
                              </swc:WtInternalLink>
                              <ptk:t ptk:location="Input:151:172">  عن:</ptk:t>
                              <swc:WtXmlElement>
                                 <swc:rtd>c3EAfgARdXEAfgAVAAAAA3VxAH4AFwAAAAF0AAQ8ZGl2dXEAfgAXAAAAAXQAAT51cQB+ABcAAAABdAAGPC9kaXY+</swc:rtd>
                                 <swc:name>div</swc:name>
                                 <swc:xmlAttributes>
                                    <swc:WtXmlAttributes-WtXmlAttributesImpl ptk:location="Input:151:181">
                                       <swc:rtd ptk:null="true"/>
                                       <swc:WtXmlAttribute ptk:location="Input:151:181">
                                          <swc:rtd>c3EAfgARdXEAfgAVAAAAAnVxAH4AFwAAAAF0AAggc3R5bGU9InVxAH4AFwAAAAF0AAEi</swc:rtd>
                                          <swc:name>style</swc:name>
                                          <swc:value>
                                             <swc:WtValue-WtValueImpl ptk:location="Input:151:189">
                                                <swc:rtd ptk:null="true"/>
                                                <ptk:t ptk:location="Input:151:189">margin-left: 10px;</ptk:t>
                                             </swc:WtValue-WtValueImpl>
                                          </swc:value>
                                       </swc:WtXmlAttribute>
                                    </swc:WtXmlAttributes-WtXmlAttributesImpl>
                                 </swc:xmlAttributes>
                                 <swc:body>
                                    <swc:WtBody-WtBodyImpl>
                                       <swc:rtd ptk:null="true"/>
                                       <ptk:t ptk:location="Input:151:209"> </ptk:t>
                                       <swc:WtItalics>
                                          <swc:rtd>c3EAfgARdXEAfgAVAAAAAnVxAH4AFwAAAAF0AAInJ3VxAH4AFwAAAAF0AAInJw==</swc:rtd>
                                          <swc:WtBold>
                                             <swc:rtd>c3EAfgARdXEAfgAVAAAAAnVxAH4AFwAAAAF0AAMnJyd1cQB+ABcAAAABdAADJycn</swc:rtd>
                                             <swc:WtInternalLink>
                                                <swc:rtd>c3EAfgARdXEAfgAVAAAAA3VxAH4AFwAAAAFxAH4ANXEAfgA2dXEAfgAXAAAAAXEAfgA4</swc:rtd>
                                                <swc:prefix/>
                                                <swc:postfix/>
                                                <swc:target>
                                                   <swc:WtPageName ptk:location="Input:151:217">
                                                      <swc:content>Commons:Category:Nigeria</swc:content>
                                                      <swc:rtd ptk:null="true"/>
                                                   </swc:WtPageName>
                                                </swc:target>
                                                <swc:title>
                                                   <swc:WtLinkTitle-WtLinkTitleImpl>
                                                      <swc:rtd>c3EAfgARdXEAfgAVAAAAAnVxAH4AFwAAAAF0AAF8cQB+ADY=</swc:rtd>
                                                      <ptk:t ptk:location="Input:151:242">Input</ptk:t>
                                                   </swc:WtLinkTitle-WtLinkTitleImpl>
                                                </swc:title>
                                             </swc:WtInternalLink>
                                          </swc:WtBold>
                                       </swc:WtItalics>
                                       <ptk:t ptk:location="Input:151:254"> </ptk:t>
                                    </swc:WtBody-WtBodyImpl>
                                 </swc:body>
                              </swc:WtXmlElement>
                           </swc:WtBody-WtBodyImpl>
                        </swc:body>
                     </swc:WtXmlElement>
                     <swc:WtXmlEndTag ptk:location="Input:151:269">
                        <swc:rtd>c3EAfgARdXEAfgAVAAAAAXVxAH4AFwAAAAF0AAY8L2Rpdj4=</swc:rtd>
                        <swc:name>div</swc:name>
                     </swc:WtXmlEndTag>
                     <ptk:t>
مساحة السعودية غلط يالمصري يالبيه يالوصخ
</ptk:t>
                     <swc:WtSemiPre>
                        <swc:rtd ptk:null="true"/>
                        <ptk:t> يا مصري يا حمار الايوبيين اكراد عيب الكذب و التلاعب بالانساب</ptk:t>
                     </swc:WtSemiPre>
                     <ptk:t>

</ptk:t>
                     <swc:WtParagraph>
                        <swc:rtd ptk:null="true"/>
                        <swc:WtInternalLink>
                           <swc:rtd>c3EAfgARdXEAfgAVAAAAA3VxAH4AFwAAAAFxAH4ANXEAfgA2dXEAfgAXAAAAAXEAfgA4</swc:rtd>
                           <swc:prefix/>
                           <swc:postfix/>
                           <swc:target>
                              <swc:WtPageName ptk:location="Input:155:3">
                                 <swc:content>تصنيف:بلاد</swc:content>
                                 <swc:rtd ptk:null="true"/>
                              </swc:WtPageName>
                           </swc:target>
                           <swc:title>
                              <swc:WtLinkTitle-WtLinkTitleImpl>
                                 <swc:rtd>c3EAfgARdXEAfgAVAAAAAnVxAH4AFwAAAAF0AAF8cQB+ADY=</swc:rtd>
                                 <ptk:t ptk:location="Input:155:14">نايجيريا</ptk:t>
                              </swc:WtLinkTitle-WtLinkTitleImpl>
                           </swc:title>
                        </swc:WtInternalLink>
                        <ptk:t>
</ptk:t>
                        <swc:WtInternalLink>
                           <swc:rtd>c3EAfgARdXEAfgAVAAAAA3VxAH4AFwAAAAFxAH4ANXEAfgA2dXEAfgAXAAAAAXEAfgA4</swc:rtd>
                           <swc:prefix/>
                           <swc:postfix/>
                           <swc:target>
                              <swc:WtPageName ptk:location="Input:156:3">
                                 <swc:content>تصنيف:نايجيريا</swc:content>
                                 <swc:rtd ptk:null="true"/>
                              </swc:WtPageName>
                           </swc:target>
                           <swc:title>
                              <swc:WtLinkTitle-WtNoLinkTitle/>
                           </swc:title>
                        </swc:WtInternalLink>
                     </swc:WtParagraph>
                     <ptk:t>

</ptk:t>
                     <swc:WtParagraph>
                        <swc:rtd ptk:null="true"/>
                        <swc:WtInternalLink>
                           <swc:rtd>c3EAfgARdXEAfgAVAAAAA3VxAH4AFwAAAAFxAH4ANXEAfgA2dXEAfgAXAAAAAXEAfgA4</swc:rtd>
                           <swc:prefix/>
                           <swc:postfix/>
                           <swc:target>
                              <swc:WtPageName ptk:location="Input:158:3">
                                 <swc:content>ace:Nigeria</swc:content>
                                 <swc:rtd ptk:null="true"/>
                              </swc:WtPageName>
                           </swc:target>
                           <swc:title>
                              <swc:WtLinkTitle-WtNoLinkTitle/>
                           </swc:title>
                        </swc:WtInternalLink>
                        <ptk:t>
</ptk:t>
                        <swc:WtInternalLink>
                           <swc:rtd>c3EAfgARdXEAfgAVAAAAA3VxAH4AFwAAAAFxAH4ANXEAfgA2dXEAfgAXAAAAAXEAfgA4</swc:rtd>
                           <swc:prefix/>
                           <swc:postfix/>
                           <swc:target>
                              <swc:WtPageName ptk:location="Input:159:3">
                                 <swc:content>af:Nigerië</swc:content>
                                 <swc:rtd ptk:null="true"/>
                              </swc:WtPageName>
                           </swc:target>
                           <swc:title>
                              <swc:WtLinkTitle-WtNoLinkTitle/>
                           </swc:title>
                        </swc:WtInternalLink>
                        <ptk:t>
</ptk:t>
                        <swc:WtInternalLink>
                           <swc:rtd>c3EAfgARdXEAfgAVAAAAA3VxAH4AFwAAAAFxAH4ANXEAfgA2dXEAfgAXAAAAAXEAfgA4</swc:rtd>
                           <swc:prefix/>
                           <swc:postfix/>
                           <swc:target>
                              <swc:WtPageName ptk:location="Input:160:3">
                                 <swc:content>ak:Nigeria</swc:content>
                                 <swc:rtd ptk:null="true"/>
                              </swc:WtPageName>
                           </swc:target>
                           <swc:title>
                              <swc:WtLinkTitle-WtNoLinkTitle/>
                           </swc:title>
                        </swc:WtInternalLink>
                        <ptk:t>
</ptk:t>
                        <swc:WtInternalLink>
                           <swc:rtd>c3EAfgARdXEAfgAVAAAAA3VxAH4AFwAAAAFxAH4ANXEAfgA2dXEAfgAXAAAAAXEAfgA4</swc:rtd>
                           <swc:prefix/>
                           <swc:postfix/>
                           <swc:target>
                              <swc:WtPageName ptk:location="Input:161:3">
                                 <swc:content>als:Nigeria</swc:content>
                                 <swc:rtd ptk:null="true"/>
                              </swc:WtPageName>
                           </swc:target>
                           <swc:title>
                              <swc:WtLinkTitle-WtNoLinkTitle/>
                           </swc:title>
                        </swc:WtInternalLink>
                        <ptk:t>
</ptk:t>
                        <swc:WtInternalLink>
                           <swc:rtd>c3EAfgARdXEAfgAVAAAAA3VxAH4AFwAAAAFxAH4ANXEAfgA2dXEAfgAXAAAAAXEAfgA4</swc:rtd>
                           <swc:prefix/>
                           <swc:postfix/>
                           <swc:target>
                              <swc:WtPageName ptk:location="Input:162:3">
                                 <swc:content>am:ናይጄሪያ</swc:content>
                                 <swc:rtd ptk:null="true"/>
                              </swc:WtPageName>
                           </swc:target>
                           <swc:title>
                              <swc:WtLinkTitle-WtNoLinkTitle/>
                           </swc:title>
                        </swc:WtInternalLink>
                        <ptk:t>
</ptk:t>
                        <swc:WtInternalLink>
                           <swc:rtd>c3EAfgARdXEAfgAVAAAAA3VxAH4AFwAAAAFxAH4ANXEAfgA2dXEAfgAXAAAAAXEAfgA4</swc:rtd>
                           <swc:prefix/>
                           <swc:postfix/>
                           <swc:target>
                              <swc:WtPageName ptk:location="Input:163:3">
                                 <swc:content>an:Nicheria</swc:content>
                                 <swc:rtd ptk:null="true"/>
                              </swc:WtPageName>
                           </swc:target>
                           <swc:title>
                              <swc:WtLinkTitle-WtNoLinkTitle/>
                           </swc:title>
                        </swc:WtInternalLink>
                        <ptk:t>
</ptk:t>
                        <swc:WtInternalLink>
                           <swc:rtd>c3EAfgARdXEAfgAVAAAAA3VxAH4AFwAAAAFxAH4ANXEAfgA2dXEAfgAXAAAAAXEAfgA4</swc:rtd>
                           <swc:prefix/>
                           <swc:postfix/>
                           <swc:target>
                              <swc:WtPageName ptk:location="Input:164:3">
                                 <swc:content>ang:Nigeria</swc:content>
                                 <swc:rtd ptk:null="true"/>
                              </swc:WtPageName>
                           </swc:target>
                           <swc:title>
                              <swc:WtLinkTitle-WtNoLinkTitle/>
                           </swc:title>
                        </swc:WtInternalLink>
                        <ptk:t>
</ptk:t>
                        <swc:WtInternalLink>
                           <swc:rtd>c3EAfgARdXEAfgAVAAAAA3VxAH4AFwAAAAFxAH4ANXEAfgA2dXEAfgAXAAAAAXEAfgA4</swc:rtd>
                           <swc:prefix/>
                           <swc:postfix/>
                           <swc:target>
                              <swc:WtPageName ptk:location="Input:165:3">
                                 <swc:content>ar:نيجيريا</swc:content>
                                 <swc:rtd ptk:null="true"/>
                              </swc:WtPageName>
                           </swc:target>
                           <swc:title>
                              <swc:WtLinkTitle-WtNoLinkTitle/>
                           </swc:title>
                        </swc:WtInternalLink>
                        <ptk:t>
</ptk:t>
                        <swc:WtInternalLink>
                           <swc:rtd>c3EAfgARdXEAfgAVAAAAA3VxAH4AFwAAAAFxAH4ANXEAfgA2dXEAfgAXAAAAAXEAfgA4</swc:rtd>
                           <swc:prefix/>
                           <swc:postfix/>
                           <swc:target>
                              <swc:WtPageName ptk:location="Input:166:3">
                                 <swc:content>ast:Nixeria</swc:content>
                                 <swc:rtd ptk:null="true"/>
                              </swc:WtPageName>
                           </swc:target>
                           <swc:title>
                              <swc:WtLinkTitle-WtNoLinkTitle/>
                           </swc:title>
                        </swc:WtInternalLink>
                        <ptk:t>
</ptk:t>
                        <swc:WtInternalLink>
                           <swc:rtd>c3EAfgARdXEAfgAVAAAAA3VxAH4AFwAAAAFxAH4ANXEAfgA2dXEAfgAXAAAAAXEAfgA4</swc:rtd>
                           <swc:prefix/>
                           <swc:postfix/>
                           <swc:target>
                              <swc:WtPageName ptk:location="Input:167:3">
                                 <swc:content>az:Nigeriya</swc:content>
                                 <swc:rtd ptk:null="true"/>
                              </swc:WtPageName>
                           </swc:target>
                           <swc:title>
                              <swc:WtLinkTitle-WtNoLinkTitle/>
                           </swc:title>
                        </swc:WtInternalLink>
                        <ptk:t>
</ptk:t>
                        <swc:WtInternalLink>
                           <swc:rtd>c3EAfgARdXEAfgAVAAAAA3VxAH4AFwAAAAFxAH4ANXEAfgA2dXEAfgAXAAAAAXEAfgA4</swc:rtd>
                           <swc:prefix/>
                           <swc:postfix/>
                           <swc:target>
                              <swc:WtPageName ptk:location="Input:168:3">
                                 <swc:content>bar:Nigeria</swc:content>
                                 <swc:rtd ptk:null="true"/>
                              </swc:WtPageName>
                           </swc:target>
                           <swc:title>
                              <swc:WtLinkTitle-WtNoLinkTitle/>
                           </swc:title>
                        </swc:WtInternalLink>
                        <ptk:t>
</ptk:t>
                        <swc:WtInternalLink>
                           <swc:rtd>c3EAfgARdXEAfgAVAAAAA3VxAH4AFwAAAAFxAH4ANXEAfgA2dXEAfgAXAAAAAXEAfgA4</swc:rtd>
                           <swc:prefix/>
                           <swc:postfix/>
                           <swc:target>
                              <swc:WtPageName ptk:location="Input:169:3">
                                 <swc:content>bat-smg:Nigerėjė</swc:content>
                                 <swc:rtd ptk:null="true"/>
                              </swc:WtPageName>
                           </swc:target>
                           <swc:title>
                              <swc:WtLinkTitle-WtNoLinkTitle/>
                           </swc:title>
                        </swc:WtInternalLink>
                        <ptk:t>
</ptk:t>
                        <swc:WtInternalLink>
                           <swc:rtd>c3EAfgARdXEAfgAVAAAAA3VxAH4AFwAAAAFxAH4ANXEAfgA2dXEAfgAXAAAAAXEAfgA4</swc:rtd>
                           <swc:prefix/>
                           <swc:postfix/>
                           <swc:target>
                              <swc:WtPageName ptk:location="Input:170:3">
                                 <swc:content>bcl:Nigerya</swc:content>
                                 <swc:rtd ptk:null="true"/>
                              </swc:WtPageName>
                           </swc:target>
                           <swc:title>
                              <swc:WtLinkTitle-WtNoLinkTitle/>
                           </swc:title>
                        </swc:WtInternalLink>
                        <ptk:t>
</ptk:t>
                        <swc:WtInternalLink>
                           <swc:rtd>c3EAfgARdXEAfgAVAAAAA3VxAH4AFwAAAAFxAH4ANXEAfgA2dXEAfgAXAAAAAXEAfgA4</swc:rtd>
                           <swc:prefix/>
                           <swc:postfix/>
                           <swc:target>
                              <swc:WtPageName ptk:location="Input:171:3">
                                 <swc:content>be:Нігерыя</swc:content>
                                 <swc:rtd ptk:null="true"/>
                              </swc:WtPageName>
                           </swc:target>
                           <swc:title>
                              <swc:WtLinkTitle-WtNoLinkTitle/>
                           </swc:title>
                        </swc:WtInternalLink>
                        <ptk:t>
</ptk:t>
                        <swc:WtInternalLink>
                           <swc:rtd>c3EAfgARdXEAfgAVAAAAA3VxAH4AFwAAAAFxAH4ANXEAfgA2dXEAfgAXAAAAAXEAfgA4</swc:rtd>
                           <swc:prefix/>
                           <swc:postfix/>
                           <swc:target>
                              <swc:WtPageName ptk:location="Input:172:3">
                                 <swc:content>be-x-old:Нігерыя</swc:content>
                                 <swc:rtd ptk:null="true"/>
                              </swc:WtPageName>
                           </swc:target>
                           <swc:title>
                              <swc:WtLinkTitle-WtNoLinkTitle/>
                           </swc:title>
                        </swc:WtInternalLink>
                        <ptk:t>
</ptk:t>
                        <swc:WtInternalLink>
                           <swc:rtd>c3EAfgARdXEAfgAVAAAAA3VxAH4AFwAAAAFxAH4ANXEAfgA2dXEAfgAXAAAAAXEAfgA4</swc:rtd>
                           <swc:prefix/>
                           <swc:postfix/>
                           <swc:target>
                              <swc:WtPageName ptk:location="Input:173:3">
                                 <swc:content>bg:Нигерия</swc:content>
                                 <swc:rtd ptk:null="true"/>
                              </swc:WtPageName>
                           </swc:target>
                           <swc:title>
                              <swc:WtLinkTitle-WtNoLinkTitle/>
                           </swc:title>
                        </swc:WtInternalLink>
                        <ptk:t>
</ptk:t>
                        <swc:WtInternalLink>
                           <swc:rtd>c3EAfgARdXEAfgAVAAAAA3VxAH4AFwAAAAFxAH4ANXEAfgA2dXEAfgAXAAAAAXEAfgA4</swc:rtd>
                           <swc:prefix/>
                           <swc:postfix/>
                           <swc:target>
                              <swc:WtPageName ptk:location="Input:174:3">
                                 <swc:content>bjn:Nigeria</swc:content>
                                 <swc:rtd ptk:null="true"/>
                              </swc:WtPageName>
                           </swc:target>
                           <swc:title>
                              <swc:WtLinkTitle-WtNoLinkTitle/>
                           </swc:title>
                        </swc:WtInternalLink>
                        <ptk:t>
</ptk:t>
                        <swc:WtInternalLink>
                           <swc:rtd>c3EAfgARdXEAfgAVAAAAA3VxAH4AFwAAAAFxAH4ANXEAfgA2dXEAfgAXAAAAAXEAfgA4</swc:rtd>
                           <swc:prefix/>
                           <swc:postfix/>
                           <swc:target>
                              <swc:WtPageName ptk:location="Input:175:3">
                                 <swc:content>bm:Nijeria</swc:content>
                                 <swc:rtd ptk:null="true"/>
                              </swc:WtPageName>
                           </swc:target>
                           <swc:title>
                              <swc:WtLinkTitle-WtNoLinkTitle/>
                           </swc:title>
                        </swc:WtInternalLink>
                        <ptk:t>
</ptk:t>
                        <swc:WtInternalLink>
                           <swc:rtd>c3EAfgARdXEAfgAVAAAAA3VxAH4AFwAAAAFxAH4ANXEAfgA2dXEAfgAXAAAAAXEAfgA4</swc:rtd>
                           <swc:prefix/>
                           <swc:postfix/>
                           <swc:target>
                              <swc:WtPageName ptk:location="Input:176:3">
                                 <swc:content>bn:নাইজেরিয়া</swc:content>
                                 <swc:rtd ptk:null="true"/>
                              </swc:WtPageName>
                           </swc:target>
                           <swc:title>
                              <swc:WtLinkTitle-WtNoLinkTitle/>
                           </swc:title>
                        </swc:WtInternalLink>
                        <ptk:t>
</ptk:t>
                        <swc:WtInternalLink>
                           <swc:rtd>c3EAfgARdXEAfgAVAAAAA3VxAH4AFwAAAAFxAH4ANXEAfgA2dXEAfgAXAAAAAXEAfgA4</swc:rtd>
                           <swc:prefix/>
                           <swc:postfix/>
                           <swc:target>
                              <swc:WtPageName ptk:location="Input:177:3">
                                 <swc:content>bo:ནི་ཇི་རི་ཡ།</swc:content>
                                 <swc:rtd ptk:null="true"/>
                              </swc:WtPageName>
                           </swc:target>
                           <swc:title>
                              <swc:WtLinkTitle-WtNoLinkTitle/>
                           </swc:title>
                        </swc:WtInternalLink>
                        <ptk:t>
</ptk:t>
                        <swc:WtInternalLink>
                           <swc:rtd>c3EAfgARdXEAfgAVAAAAA3VxAH4AFwAAAAFxAH4ANXEAfgA2dXEAfgAXAAAAAXEAfgA4</swc:rtd>
                           <swc:prefix/>
                           <swc:postfix/>
                           <swc:target>
                              <swc:WtPageName ptk:location="Input:178:3">
                                 <swc:content>bpy:নাইজেরিয়া</swc:content>
                                 <swc:rtd ptk:null="true"/>
                              </swc:WtPageName>
                           </swc:target>
                           <swc:title>
                              <swc:WtLinkTitle-WtNoLinkTitle/>
                           </swc:title>
                        </swc:WtInternalLink>
                        <ptk:t>
</ptk:t>
                        <swc:WtInternalLink>
                           <swc:rtd>c3EAfgARdXEAfgAVAAAAA3VxAH4AFwAAAAFxAH4ANXEAfgA2dXEAfgAXAAAAAXEAfgA4</swc:rtd>
                           <swc:prefix/>
                           <swc:postfix/>
                           <swc:target>
                              <swc:WtPageName ptk:location="Input:179:3">
                                 <swc:content>br:Nigeria</swc:content>
                                 <swc:rtd ptk:null="true"/>
                              </swc:WtPageName>
                           </swc:target>
                           <swc:title>
                              <swc:WtLinkTitle-WtNoLinkTitle/>
                           </swc:title>
                        </swc:WtInternalLink>
                        <ptk:t>
</ptk:t>
                        <swc:WtInternalLink>
                           <swc:rtd>c3EAfgARdXEAfgAVAAAAA3VxAH4AFwAAAAFxAH4ANXEAfgA2dXEAfgAXAAAAAXEAfgA4</swc:rtd>
                           <swc:prefix/>
                           <swc:postfix/>
                           <swc:target>
                              <swc:WtPageName ptk:location="Input:180:3">
                                 <swc:content>bs:Nigerija</swc:content>
                                 <swc:rtd ptk:null="true"/>
                              </swc:WtPageName>
                           </swc:target>
                           <swc:title>
                              <swc:WtLinkTitle-WtNoLinkTitle/>
                           </swc:title>
                        </swc:WtInternalLink>
                        <ptk:t>
</ptk:t>
                        <swc:WtInternalLink>
                           <swc:rtd>c3EAfgARdXEAfgAVAAAAA3VxAH4AFwAAAAFxAH4ANXEAfgA2dXEAfgAXAAAAAXEAfgA4</swc:rtd>
                           <swc:prefix/>
                           <swc:postfix/>
                           <swc:target>
                              <swc:WtPageName ptk:location="Input:181:3">
                                 <swc:content>ca:Nigèria</swc:content>
                                 <swc:rtd ptk:null="true"/>
                              </swc:WtPageName>
                           </swc:target>
                           <swc:title>
                              <swc:WtLinkTitle-WtNoLinkTitle/>
                           </swc:title>
                        </swc:WtInternalLink>
                        <ptk:t>
</ptk:t>
                        <swc:WtInternalLink>
                           <swc:rtd>c3EAfgARdXEAfgAVAAAAA3VxAH4AFwAAAAFxAH4ANXEAfgA2dXEAfgAXAAAAAXEAfgA4</swc:rtd>
                           <swc:prefix/>
                           <swc:postfix/>
                           <swc:target>
                              <swc:WtPageName ptk:location="Input:182:3">
                                 <swc:content>ceb:Nigeria</swc:content>
                                 <swc:rtd ptk:null="true"/>
                              </swc:WtPageName>
                           </swc:target>
                           <swc:title>
                              <swc:WtLinkTitle-WtNoLinkTitle/>
                           </swc:title>
                        </swc:WtInternalLink>
                        <ptk:t>
</ptk:t>
                        <swc:WtInternalLink>
                           <swc:rtd>c3EAfgARdXEAfgAVAAAAA3VxAH4AFwAAAAFxAH4ANXEAfgA2dXEAfgAXAAAAAXEAfgA4</swc:rtd>
                           <swc:prefix/>
                           <swc:postfix/>
                           <swc:target>
                              <swc:WtPageName ptk:location="Input:183:3">
                                 <swc:content>ckb:نێجیریا</swc:content>
                                 <swc:rtd ptk:null="true"/>
                              </swc:WtPageName>
                           </swc:target>
                           <swc:title>
                              <swc:WtLinkTitle-WtNoLinkTitle/>
                           </swc:title>
                        </swc:WtInternalLink>
                        <ptk:t>
</ptk:t>
                        <swc:WtInternalLink>
                           <swc:rtd>c3EAfgARdXEAfgAVAAAAA3VxAH4AFwAAAAFxAH4ANXEAfgA2dXEAfgAXAAAAAXEAfgA4</swc:rtd>
                           <swc:prefix/>
                           <swc:postfix/>
                           <swc:target>
                              <swc:WtPageName ptk:location="Input:184:3">
                                 <swc:content>crh:Nigeriya</swc:content>
                                 <swc:rtd ptk:null="true"/>
                              </swc:WtPageName>
                           </swc:target>
                           <swc:title>
                              <swc:WtLinkTitle-WtNoLinkTitle/>
                           </swc:title>
                        </swc:WtInternalLink>
                        <ptk:t>
</ptk:t>
                        <swc:WtInternalLink>
                           <swc:rtd>c3EAfgARdXEAfgAVAAAAA3VxAH4AFwAAAAFxAH4ANXEAfgA2dXEAfgAXAAAAAXEAfgA4</swc:rtd>
                           <swc:prefix/>
                           <swc:postfix/>
                           <swc:target>
                              <swc:WtPageName ptk:location="Input:185:3">
                                 <swc:content>cs:Nigérie</swc:content>
                                 <swc:rtd ptk:null="true"/>
                              </swc:WtPageName>
                           </swc:target>
                           <swc:title>
                              <swc:WtLinkTitle-WtNoLinkTitle/>
                           </swc:title>
                        </swc:WtInternalLink>
                        <ptk:t>
</ptk:t>
                        <swc:WtInternalLink>
                           <swc:rtd>c3EAfgARdXEAfgAVAAAAA3VxAH4AFwAAAAFxAH4ANXEAfgA2dXEAfgAXAAAAAXEAfgA4</swc:rtd>
                           <swc:prefix/>
                           <swc:postfix/>
                           <swc:target>
                              <swc:WtPageName ptk:location="Input:186:3">
                                 <swc:content>cv:Нигери</swc:content>
                                 <swc:rtd ptk:null="true"/>
                              </swc:WtPageName>
                           </swc:target>
                           <swc:title>
                              <swc:WtLinkTitle-WtNoLinkTitle/>
                           </swc:title>
                        </swc:WtInternalLink>
                        <ptk:t>
</ptk:t>
                        <swc:WtInternalLink>
                           <swc:rtd>c3EAfgARdXEAfgAVAAAAA3VxAH4AFwAAAAFxAH4ANXEAfgA2dXEAfgAXAAAAAXEAfgA4</swc:rtd>
                           <swc:prefix/>
                           <swc:postfix/>
                           <swc:target>
                              <swc:WtPageName ptk:location="Input:187:3">
                                 <swc:content>cy:Nigeria</swc:content>
                                 <swc:rtd ptk:null="true"/>
                              </swc:WtPageName>
                           </swc:target>
                           <swc:title>
                              <swc:WtLinkTitle-WtNoLinkTitle/>
                           </swc:title>
                        </swc:WtInternalLink>
                        <ptk:t>
</ptk:t>
                        <swc:WtInternalLink>
                           <swc:rtd>c3EAfgARdXEAfgAVAAAAA3VxAH4AFwAAAAFxAH4ANXEAfgA2dXEAfgAXAAAAAXEAfgA4</swc:rtd>
                           <swc:prefix/>
                           <swc:postfix/>
                           <swc:target>
                              <swc:WtPageName ptk:location="Input:188:3">
                                 <swc:content>da:Nigeria</swc:content>
                                 <swc:rtd ptk:null="true"/>
                              </swc:WtPageName>
                           </swc:target>
                           <swc:title>
                              <swc:WtLinkTitle-WtNoLinkTitle/>
                           </swc:title>
                        </swc:WtInternalLink>
                        <ptk:t>
</ptk:t>
                        <swc:WtInternalLink>
                           <swc:rtd>c3EAfgARdXEAfgAVAAAAA3VxAH4AFwAAAAFxAH4ANXEAfgA2dXEAfgAXAAAAAXEAfgA4</swc:rtd>
                           <swc:prefix/>
                           <swc:postfix/>
                           <swc:target>
                              <swc:WtPageName ptk:location="Input:189:3">
                                 <swc:content>de:Nigeria</swc:content>
                                 <swc:rtd ptk:null="true"/>
                              </swc:WtPageName>
                           </swc:target>
                           <swc:title>
                              <swc:WtLinkTitle-WtNoLinkTitle/>
                           </swc:title>
                        </swc:WtInternalLink>
                        <ptk:t>
</ptk:t>
                        <swc:WtInternalLink>
                           <swc:rtd>c3EAfgARdXEAfgAVAAAAA3VxAH4AFwAAAAFxAH4ANXEAfgA2dXEAfgAXAAAAAXEAfgA4</swc:rtd>
                           <swc:prefix/>
                           <swc:postfix/>
                           <swc:target>
                              <swc:WtPageName ptk:location="Input:190:3">
                                 <swc:content>diq:Nicerya</swc:content>
                                 <swc:rtd ptk:null="true"/>
                              </swc:WtPageName>
                           </swc:target>
                           <swc:title>
                              <swc:WtLinkTitle-WtNoLinkTitle/>
                           </swc:title>
                        </swc:WtInternalLink>
                        <ptk:t>
</ptk:t>
                        <swc:WtInternalLink>
                           <swc:rtd>c3EAfgARdXEAfgAVAAAAA3VxAH4AFwAAAAFxAH4ANXEAfgA2dXEAfgAXAAAAAXEAfgA4</swc:rtd>
                           <swc:prefix/>
                           <swc:postfix/>
                           <swc:target>
                              <swc:WtPageName ptk:location="Input:191:3">
                                 <swc:content>dsb:Nigerija</swc:content>
                                 <swc:rtd ptk:null="true"/>
                              </swc:WtPageName>
                           </swc:target>
                           <swc:title>
                              <swc:WtLinkTitle-WtNoLinkTitle/>
                           </swc:title>
                        </swc:WtInternalLink>
                        <ptk:t>
</ptk:t>
                        <swc:WtInternalLink>
                           <swc:rtd>c3EAfgARdXEAfgAVAAAAA3VxAH4AFwAAAAFxAH4ANXEAfgA2dXEAfgAXAAAAAXEAfgA4</swc:rtd>
                           <swc:prefix/>
                           <swc:postfix/>
                           <swc:target>
                              <swc:WtPageName ptk:location="Input:192:3">
                                 <swc:content>dv:ނައިޖީރިއާ</swc:content>
                                 <swc:rtd ptk:null="true"/>
                              </swc:WtPageName>
                           </swc:target>
                           <swc:title>
                              <swc:WtLinkTitle-WtNoLinkTitle/>
                           </swc:title>
                        </swc:WtInternalLink>
                        <ptk:t>
</ptk:t>
                        <swc:WtInternalLink>
                           <swc:rtd>c3EAfgARdXEAfgAVAAAAA3VxAH4AFwAAAAFxAH4ANXEAfgA2dXEAfgAXAAAAAXEAfgA4</swc:rtd>
                           <swc:prefix/>
                           <swc:postfix/>
                           <swc:target>
                              <swc:WtPageName ptk:location="Input:193:3">
                                 <swc:content>ee:Nigeria</swc:content>
                                 <swc:rtd ptk:null="true"/>
                              </swc:WtPageName>
                           </swc:target>
                           <swc:title>
                              <swc:WtLinkTitle-WtNoLinkTitle/>
                           </swc:title>
                        </swc:WtInternalLink>
                        <ptk:t>
</ptk:t>
                        <swc:WtInternalLink>
                           <swc:rtd>c3EAfgARdXEAfgAVAAAAA3VxAH4AFwAAAAFxAH4ANXEAfgA2dXEAfgAXAAAAAXEAfgA4</swc:rtd>
                           <swc:prefix/>
                           <swc:postfix/>
                           <swc:target>
                              <swc:WtPageName ptk:location="Input:194:3">
                                 <swc:content>el:Νιγηρία</swc:content>
                                 <swc:rtd ptk:null="true"/>
                              </swc:WtPageName>
                           </swc:target>
                           <swc:title>
                              <swc:WtLinkTitle-WtNoLinkTitle/>
                           </swc:title>
                        </swc:WtInternalLink>
                        <ptk:t>
</ptk:t>
                        <swc:WtInternalLink>
                           <swc:rtd>c3EAfgARdXEAfgAVAAAAA3VxAH4AFwAAAAFxAH4ANXEAfgA2dXEAfgAXAAAAAXEAfgA4</swc:rtd>
                           <swc:prefix/>
                           <swc:postfix/>
                           <swc:target>
                              <swc:WtPageName ptk:location="Input:195:3">
                                 <swc:content>en:Nigeria</swc:content>
                                 <swc:rtd ptk:null="true"/>
                              </swc:WtPageName>
                           </swc:target>
                           <swc:title>
                              <swc:WtLinkTitle-WtNoLinkTitle/>
                           </swc:title>
                        </swc:WtInternalLink>
                        <ptk:t>
</ptk:t>
                        <swc:WtInternalLink>
                           <swc:rtd>c3EAfgARdXEAfgAVAAAAA3VxAH4AFwAAAAFxAH4ANXEAfgA2dXEAfgAXAAAAAXEAfgA4</swc:rtd>
                           <swc:prefix/>
                           <swc:postfix/>
                           <swc:target>
                              <swc:WtPageName ptk:location="Input:196:3">
                                 <swc:content>eo:Niĝerio</swc:content>
                                 <swc:rtd ptk:null="true"/>
                              </swc:WtPageName>
                           </swc:target>
                           <swc:title>
                              <swc:WtLinkTitle-WtNoLinkTitle/>
                           </swc:title>
                        </swc:WtInternalLink>
                        <ptk:t>
</ptk:t>
                        <swc:WtInternalLink>
                           <swc:rtd>c3EAfgARdXEAfgAVAAAAA3VxAH4AFwAAAAFxAH4ANXEAfgA2dXEAfgAXAAAAAXEAfgA4</swc:rtd>
                           <swc:prefix/>
                           <swc:postfix/>
                           <swc:target>
                              <swc:WtPageName ptk:location="Input:197:3">
                                 <swc:content>es:Nigeria</swc:content>
                                 <swc:rtd ptk:null="true"/>
                              </swc:WtPageName>
                           </swc:target>
                           <swc:title>
                              <swc:WtLinkTitle-WtNoLinkTitle/>
                           </swc:title>
                        </swc:WtInternalLink>
                        <ptk:t>
</ptk:t>
                        <swc:WtInternalLink>
                           <swc:rtd>c3EAfgARdXEAfgAVAAAAA3VxAH4AFwAAAAFxAH4ANXEAfgA2dXEAfgAXAAAAAXEAfgA4</swc:rtd>
                           <swc:prefix/>
                           <swc:postfix/>
                           <swc:target>
                              <swc:WtPageName ptk:location="Input:198:3">
                                 <swc:content>et:Nigeeria</swc:content>
                                 <swc:rtd ptk:null="true"/>
                              </swc:WtPageName>
                           </swc:target>
                           <swc:title>
                              <swc:WtLinkTitle-WtNoLinkTitle/>
                           </swc:title>
                        </swc:WtInternalLink>
                        <ptk:t>
</ptk:t>
                        <swc:WtInternalLink>
                           <swc:rtd>c3EAfgARdXEAfgAVAAAAA3VxAH4AFwAAAAFxAH4ANXEAfgA2dXEAfgAXAAAAAXEAfgA4</swc:rtd>
                           <swc:prefix/>
                           <swc:postfix/>
                           <swc:target>
                              <swc:WtPageName ptk:location="Input:199:3">
                                 <swc:content>eu:Nigeria</swc:content>
                                 <swc:rtd ptk:null="true"/>
                              </swc:WtPageName>
                           </swc:target>
                           <swc:title>
                              <swc:WtLinkTitle-WtNoLinkTitle/>
                           </swc:title>
                        </swc:WtInternalLink>
                        <ptk:t>
</ptk:t>
                        <swc:WtInternalLink>
                           <swc:rtd>c3EAfgARdXEAfgAVAAAAA3VxAH4AFwAAAAFxAH4ANXEAfgA2dXEAfgAXAAAAAXEAfgA4</swc:rtd>
                           <swc:prefix/>
                           <swc:postfix/>
                           <swc:target>
                              <swc:WtPageName ptk:location="Input:200:3">
                                 <swc:content>ext:Nigéria</swc:content>
                                 <swc:rtd ptk:null="true"/>
                              </swc:WtPageName>
                           </swc:target>
                           <swc:title>
                              <swc:WtLinkTitle-WtNoLinkTitle/>
                           </swc:title>
                        </swc:WtInternalLink>
                        <ptk:t>
</ptk:t>
                        <swc:WtInternalLink>
                           <swc:rtd>c3EAfgARdXEAfgAVAAAAA3VxAH4AFwAAAAFxAH4ANXEAfgA2dXEAfgAXAAAAAXEAfgA4</swc:rtd>
                           <swc:prefix/>
                           <swc:postfix/>
                           <swc:target>
                              <swc:WtPageName ptk:location="Input:201:3">
                                 <swc:content>fa:نیجریه</swc:content>
                                 <swc:rtd ptk:null="true"/>
                              </swc:WtPageName>
                           </swc:target>
                           <swc:title>
                              <swc:WtLinkTitle-WtNoLinkTitle/>
                           </swc:title>
                        </swc:WtInternalLink>
                        <ptk:t>
</ptk:t>
                        <swc:WtInternalLink>
                           <swc:rtd>c3EAfgARdXEAfgAVAAAAA3VxAH4AFwAAAAFxAH4ANXEAfgA2dXEAfgAXAAAAAXEAfgA4</swc:rtd>
                           <swc:prefix/>
                           <swc:postfix/>
                           <swc:target>
                              <swc:WtPageName ptk:location="Input:202:3">
                                 <swc:content>ff:Niiseriya</swc:content>
                                 <swc:rtd ptk:null="true"/>
                              </swc:WtPageName>
                           </swc:target>
                           <swc:title>
                              <swc:WtLinkTitle-WtNoLinkTitle/>
                           </swc:title>
                        </swc:WtInternalLink>
                        <ptk:t>
</ptk:t>
                        <swc:WtInternalLink>
                           <swc:rtd>c3EAfgARdXEAfgAVAAAAA3VxAH4AFwAAAAFxAH4ANXEAfgA2dXEAfgAXAAAAAXEAfgA4</swc:rtd>
                           <swc:prefix/>
                           <swc:postfix/>
                           <swc:target>
                              <swc:WtPageName ptk:location="Input:203:3">
                                 <swc:content>fi:Nigeria</swc:content>
                                 <swc:rtd ptk:null="true"/>
                              </swc:WtPageName>
                           </swc:target>
                           <swc:title>
                              <swc:WtLinkTitle-WtNoLinkTitle/>
                           </swc:title>
                        </swc:WtInternalLink>
                        <ptk:t>
</ptk:t>
                        <swc:WtInternalLink>
                           <swc:rtd>c3EAfgARdXEAfgAVAAAAA3VxAH4AFwAAAAFxAH4ANXEAfgA2dXEAfgAXAAAAAXEAfgA4</swc:rtd>
                           <swc:prefix/>
                           <swc:postfix/>
                           <swc:target>
                              <swc:WtPageName ptk:location="Input:204:3">
                                 <swc:content>fiu-vro:Nigeeriä</swc:content>
                                 <swc:rtd ptk:null="true"/>
                              </swc:WtPageName>
                           </swc:target>
                           <swc:title>
                              <swc:WtLinkTitle-WtNoLinkTitle/>
                           </swc:title>
                        </swc:WtInternalLink>
                        <ptk:t>
</ptk:t>
                        <swc:WtInternalLink>
                           <swc:rtd>c3EAfgARdXEAfgAVAAAAA3VxAH4AFwAAAAFxAH4ANXEAfgA2dXEAfgAXAAAAAXEAfgA4</swc:rtd>
                           <swc:prefix/>
                           <swc:postfix/>
                           <swc:target>
                              <swc:WtPageName ptk:location="Input:205:3">
                                 <swc:content>fo:Nigeria</swc:content>
                                 <swc:rtd ptk:null="true"/>
                              </swc:WtPageName>
                           </swc:target>
                           <swc:title>
                              <swc:WtLinkTitle-WtNoLinkTitle/>
                           </swc:title>
                        </swc:WtInternalLink>
                        <ptk:t>
</ptk:t>
                        <swc:WtInternalLink>
                           <swc:rtd>c3EAfgARdXEAfgAVAAAAA3VxAH4AFwAAAAFxAH4ANXEAfgA2dXEAfgAXAAAAAXEAfgA4</swc:rtd>
                           <swc:prefix/>
                           <swc:postfix/>
                           <swc:target>
                              <swc:WtPageName ptk:location="Input:206:3">
                                 <swc:content>fr:Nigeria</swc:content>
                                 <swc:rtd ptk:null="true"/>
                              </swc:WtPageName>
                           </swc:target>
                           <swc:title>
                              <swc:WtLinkTitle-WtNoLinkTitle/>
                           </swc:title>
                        </swc:WtInternalLink>
                        <ptk:t>
</ptk:t>
                        <swc:WtInternalLink>
                           <swc:rtd>c3EAfgARdXEAfgAVAAAAA3VxAH4AFwAAAAFxAH4ANXEAfgA2dXEAfgAXAAAAAXEAfgA4</swc:rtd>
                           <swc:prefix/>
                           <swc:postfix/>
                           <swc:target>
                              <swc:WtPageName ptk:location="Input:207:3">
                                 <swc:content>frp:Nig·èria</swc:content>
                                 <swc:rtd ptk:null="true"/>
                              </swc:WtPageName>
                           </swc:target>
                           <swc:title>
                              <swc:WtLinkTitle-WtNoLinkTitle/>
                           </swc:title>
                        </swc:WtInternalLink>
                        <ptk:t>
</ptk:t>
                        <swc:WtInternalLink>
                           <swc:rtd>c3EAfgARdXEAfgAVAAAAA3VxAH4AFwAAAAFxAH4ANXEAfgA2dXEAfgAXAAAAAXEAfgA4</swc:rtd>
                           <swc:prefix/>
                           <swc:postfix/>
                           <swc:target>
                              <swc:WtPageName ptk:location="Input:208:3">
                                 <swc:content>fy:Nigearia</swc:content>
                                 <swc:rtd ptk:null="true"/>
                              </swc:WtPageName>
                           </swc:target>
                           <swc:title>
                              <swc:WtLinkTitle-WtNoLinkTitle/>
                           </swc:title>
                        </swc:WtInternalLink>
                        <ptk:t>
</ptk:t>
                        <swc:WtInternalLink>
                           <swc:rtd>c3EAfgARdXEAfgAVAAAAA3VxAH4AFwAAAAFxAH4ANXEAfgA2dXEAfgAXAAAAAXEAfgA4</swc:rtd>
                           <swc:prefix/>
                           <swc:postfix/>
                           <swc:target>
                              <swc:WtPageName ptk:location="Input:209:3">
                                 <swc:content>ga:An Nigéir</swc:content>
                                 <swc:rtd ptk:null="true"/>
                              </swc:WtPageName>
                           </swc:target>
                           <swc:title>
                              <swc:WtLinkTitle-WtNoLinkTitle/>
                           </swc:title>
                        </swc:WtInternalLink>
                        <ptk:t>
</ptk:t>
                        <swc:WtInternalLink>
                           <swc:rtd>c3EAfgARdXEAfgAVAAAAA3VxAH4AFwAAAAFxAH4ANXEAfgA2dXEAfgAXAAAAAXEAfgA4</swc:rtd>
                           <swc:prefix/>
                           <swc:postfix/>
                           <swc:target>
                              <swc:WtPageName ptk:location="Input:210:3">
                                 <swc:content>gan:尼日利亞</swc:content>
                                 <swc:rtd ptk:null="true"/>
                              </swc:WtPageName>
                           </swc:target>
                           <swc:title>
                              <swc:WtLinkTitle-WtNoLinkTitle/>
                           </swc:title>
                        </swc:WtInternalLink>
                        <ptk:t>
</ptk:t>
                        <swc:WtInternalLink>
                           <swc:rtd>c3EAfgARdXEAfgAVAAAAA3VxAH4AFwAAAAFxAH4ANXEAfgA2dXEAfgAXAAAAAXEAfgA4</swc:rtd>
                           <swc:prefix/>
                           <swc:postfix/>
                           <swc:target>
                              <swc:WtPageName ptk:location="Input:211:3">
                                 <swc:content>gd:Nìgeiria</swc:content>
                                 <swc:rtd ptk:null="true"/>
                              </swc:WtPageName>
                           </swc:target>
                           <swc:title>
                              <swc:WtLinkTitle-WtNoLinkTitle/>
                           </swc:title>
                        </swc:WtInternalLink>
                        <ptk:t>
</ptk:t>
                        <swc:WtInternalLink>
                           <swc:rtd>c3EAfgARdXEAfgAVAAAAA3VxAH4AFwAAAAFxAH4ANXEAfgA2dXEAfgAXAAAAAXEAfgA4</swc:rtd>
                           <swc:prefix/>
                           <swc:postfix/>
                           <swc:target>
                              <swc:WtPageName ptk:location="Input:212:3">
                                 <swc:content>gl:Nixeria - Nigeria</swc:content>
                                 <swc:rtd ptk:null="true"/>
                              </swc:WtPageName>
                           </swc:target>
                           <swc:title>
                              <swc:WtLinkTitle-WtNoLinkTitle/>
                           </swc:title>
                        </swc:WtInternalLink>
                        <ptk:t>
</ptk:t>
                        <swc:WtInternalLink>
                           <swc:rtd>c3EAfgARdXEAfgAVAAAAA3VxAH4AFwAAAAFxAH4ANXEAfgA2dXEAfgAXAAAAAXEAfgA4</swc:rtd>
                           <swc:prefix/>
                           <swc:postfix/>
                           <swc:target>
                              <swc:WtPageName ptk:location="Input:213:3">
                                 <swc:content>gu:નાઈજેરિયા</swc:content>
                                 <swc:rtd ptk:null="true"/>
                              </swc:WtPageName>
                           </swc:target>
                           <swc:title>
                              <swc:WtLinkTitle-WtNoLinkTitle/>
                           </swc:title>
                        </swc:WtInternalLink>
                        <ptk:t>
</ptk:t>
                        <swc:WtInternalLink>
                           <swc:rtd>c3EAfgARdXEAfgAVAAAAA3VxAH4AFwAAAAFxAH4ANXEAfgA2dXEAfgAXAAAAAXEAfgA4</swc:rtd>
                           <swc:prefix/>
                           <swc:postfix/>
                           <swc:target>
                              <swc:WtPageName ptk:location="Input:214:3">
                                 <swc:content>gv:Yn Naigeer</swc:content>
                                 <swc:rtd ptk:null="true"/>
                              </swc:WtPageName>
                           </swc:target>
                           <swc:title>
                              <swc:WtLinkTitle-WtNoLinkTitle/>
                           </swc:title>
                        </swc:WtInternalLink>
                        <ptk:t>
</ptk:t>
                        <swc:WtInternalLink>
                           <swc:rtd>c3EAfgARdXEAfgAVAAAAA3VxAH4AFwAAAAFxAH4ANXEAfgA2dXEAfgAXAAAAAXEAfgA4</swc:rtd>
                           <swc:prefix/>
                           <swc:postfix/>
                           <swc:target>
                              <swc:WtPageName ptk:location="Input:215:3">
                                 <swc:content>ha:Nijeriya</swc:content>
                                 <swc:rtd ptk:null="true"/>
                              </swc:WtPageName>
                           </swc:target>
                           <swc:title>
                              <swc:WtLinkTitle-WtNoLinkTitle/>
                           </swc:title>
                        </swc:WtInternalLink>
                        <ptk:t>
</ptk:t>
                        <swc:WtInternalLink>
                           <swc:rtd>c3EAfgARdXEAfgAVAAAAA3VxAH4AFwAAAAFxAH4ANXEAfgA2dXEAfgAXAAAAAXEAfgA4</swc:rtd>
                           <swc:prefix/>
                           <swc:postfix/>
                           <swc:target>
                              <swc:WtPageName ptk:location="Input:216:3">
                                 <swc:content>hak:Nai-khi̍p-li-â</swc:content>
                                 <swc:rtd ptk:null="true"/>
                              </swc:WtPageName>
                           </swc:target>
                           <swc:title>
                              <swc:WtLinkTitle-WtNoLinkTitle/>
                           </swc:title>
                        </swc:WtInternalLink>
                        <ptk:t>
</ptk:t>
                        <swc:WtInternalLink>
                           <swc:rtd>c3EAfgARdXEAfgAVAAAAA3VxAH4AFwAAAAFxAH4ANXEAfgA2dXEAfgAXAAAAAXEAfgA4</swc:rtd>
                           <swc:prefix/>
                           <swc:postfix/>
                           <swc:target>
                              <swc:WtPageName ptk:location="Input:217:3">
                                 <swc:content>he:ניגריה</swc:content>
                                 <swc:rtd ptk:null="true"/>
                              </swc:WtPageName>
                           </swc:target>
                           <swc:title>
                              <swc:WtLinkTitle-WtNoLinkTitle/>
                           </swc:title>
                        </swc:WtInternalLink>
                        <ptk:t>
</ptk:t>
                        <swc:WtInternalLink>
                           <swc:rtd>c3EAfgARdXEAfgAVAAAAA3VxAH4AFwAAAAFxAH4ANXEAfgA2dXEAfgAXAAAAAXEAfgA4</swc:rtd>
                           <swc:prefix/>
                           <swc:postfix/>
                           <swc:target>
                              <swc:WtPageName ptk:location="Input:218:3">
                                 <swc:content>hi:नाईजीरिया</swc:content>
                                 <swc:rtd ptk:null="true"/>
                              </swc:WtPageName>
                           </swc:target>
                           <swc:title>
                              <swc:WtLinkTitle-WtNoLinkTitle/>
                           </swc:title>
                        </swc:WtInternalLink>
                        <ptk:t>
</ptk:t>
                        <swc:WtInternalLink>
                           <swc:rtd>c3EAfgARdXEAfgAVAAAAA3VxAH4AFwAAAAFxAH4ANXEAfgA2dXEAfgAXAAAAAXEAfgA4</swc:rtd>
                           <swc:prefix/>
                           <swc:postfix/>
                           <swc:target>
                              <swc:WtPageName ptk:location="Input:219:3">
                                 <swc:content>hif:Nigeria</swc:content>
                                 <swc:rtd ptk:null="true"/>
                              </swc:WtPageName>
                           </swc:target>
                           <swc:title>
                              <swc:WtLinkTitle-WtNoLinkTitle/>
                           </swc:title>
                        </swc:WtInternalLink>
                        <ptk:t>
</ptk:t>
                        <swc:WtInternalLink>
                           <swc:rtd>c3EAfgARdXEAfgAVAAAAA3VxAH4AFwAAAAFxAH4ANXEAfgA2dXEAfgAXAAAAAXEAfgA4</swc:rtd>
                           <swc:prefix/>
                           <swc:postfix/>
                           <swc:target>
                              <swc:WtPageName ptk:location="Input:220:3">
                                 <swc:content>hr:Nigerija</swc:content>
                                 <swc:rtd ptk:null="true"/>
                              </swc:WtPageName>
                           </swc:target>
                           <swc:title>
                              <swc:WtLinkTitle-WtNoLinkTitle/>
                           </swc:title>
                        </swc:WtInternalLink>
                        <ptk:t>
</ptk:t>
                        <swc:WtInternalLink>
                           <swc:rtd>c3EAfgARdXEAfgAVAAAAA3VxAH4AFwAAAAFxAH4ANXEAfgA2dXEAfgAXAAAAAXEAfgA4</swc:rtd>
                           <swc:prefix/>
                           <swc:postfix/>
                           <swc:target>
                              <swc:WtPageName ptk:location="Input:221:3">
                                 <swc:content>hsb:Nigerija</swc:content>
                                 <swc:rtd ptk:null="true"/>
                              </swc:WtPageName>
                           </swc:target>
                           <swc:title>
                              <swc:WtLinkTitle-WtNoLinkTitle/>
                           </swc:title>
                        </swc:WtInternalLink>
                        <ptk:t>
</ptk:t>
                        <swc:WtInternalLink>
                           <swc:rtd>c3EAfgARdXEAfgAVAAAAA3VxAH4AFwAAAAFxAH4ANXEAfgA2dXEAfgAXAAAAAXEAfgA4</swc:rtd>
                           <swc:prefix/>
                           <swc:postfix/>
                           <swc:target>
                              <swc:WtPageName ptk:location="Input:222:3">
                                 <swc:content>ht:Nijerya</swc:content>
                                 <swc:rtd ptk:null="true"/>
                              </swc:WtPageName>
                           </swc:target>
                           <swc:title>
                              <swc:WtLinkTitle-WtNoLinkTitle/>
                           </swc:title>
                        </swc:WtInternalLink>
                        <ptk:t>
</ptk:t>
                        <swc:WtInternalLink>
                           <swc:rtd>c3EAfgARdXEAfgAVAAAAA3VxAH4AFwAAAAFxAH4ANXEAfgA2dXEAfgAXAAAAAXEAfgA4</swc:rtd>
                           <swc:prefix/>
                           <swc:postfix/>
                           <swc:target>
                              <swc:WtPageName ptk:location="Input:223:3">
                                 <swc:content>hu:Nigéria</swc:content>
                                 <swc:rtd ptk:null="true"/>
                              </swc:WtPageName>
                           </swc:target>
                           <swc:title>
                              <swc:WtLinkTitle-WtNoLinkTitle/>
                           </swc:title>
                        </swc:WtInternalLink>
                        <ptk:t>
</ptk:t>
                        <swc:WtInternalLink>
                           <swc:rtd>c3EAfgARdXEAfgAVAAAAA3VxAH4AFwAAAAFxAH4ANXEAfgA2dXEAfgAXAAAAAXEAfgA4</swc:rtd>
                           <swc:prefix/>
                           <swc:postfix/>
                           <swc:target>
                              <swc:WtPageName ptk:location="Input:224:3">
                                 <swc:content>hy:Նիգերիա</swc:content>
                                 <swc:rtd ptk:null="true"/>
                              </swc:WtPageName>
                           </swc:target>
                           <swc:title>
                              <swc:WtLinkTitle-WtNoLinkTitle/>
                           </swc:title>
                        </swc:WtInternalLink>
                        <ptk:t>
</ptk:t>
                        <swc:WtInternalLink>
                           <swc:rtd>c3EAfgARdXEAfgAVAAAAA3VxAH4AFwAAAAFxAH4ANXEAfgA2dXEAfgAXAAAAAXEAfgA4</swc:rtd>
                           <swc:prefix/>
                           <swc:postfix/>
                           <swc:target>
                              <swc:WtPageName ptk:location="Input:225:3">
                                 <swc:content>ia:Nigeria</swc:content>
                                 <swc:rtd ptk:null="true"/>
                              </swc:WtPageName>
                           </swc:target>
                           <swc:title>
                              <swc:WtLinkTitle-WtNoLinkTitle/>
                           </swc:title>
                        </swc:WtInternalLink>
                        <ptk:t>
</ptk:t>
                        <swc:WtInternalLink>
                           <swc:rtd>c3EAfgARdXEAfgAVAAAAA3VxAH4AFwAAAAFxAH4ANXEAfgA2dXEAfgAXAAAAAXEAfgA4</swc:rtd>
                           <swc:prefix/>
                           <swc:postfix/>
                           <swc:target>
                              <swc:WtPageName ptk:location="Input:226:3">
                                 <swc:content>id:Nigeria</swc:content>
                                 <swc:rtd ptk:null="true"/>
                              </swc:WtPageName>
                           </swc:target>
                           <swc:title>
                              <swc:WtLinkTitle-WtNoLinkTitle/>
                           </swc:title>
                        </swc:WtInternalLink>
                        <ptk:t>
</ptk:t>
                        <swc:WtInternalLink>
                           <swc:rtd>c3EAfgARdXEAfgAVAAAAA3VxAH4AFwAAAAFxAH4ANXEAfgA2dXEAfgAXAAAAAXEAfgA4</swc:rtd>
                           <swc:prefix/>
                           <swc:postfix/>
                           <swc:target>
                              <swc:WtPageName ptk:location="Input:227:3">
                                 <swc:content>ie:Nigeria</swc:content>
                                 <swc:rtd ptk:null="true"/>
                              </swc:WtPageName>
                           </swc:target>
                           <swc:title>
                              <swc:WtLinkTitle-WtNoLinkTitle/>
                           </swc:title>
                        </swc:WtInternalLink>
                        <ptk:t>
</ptk:t>
                        <swc:WtInternalLink>
                           <swc:rtd>c3EAfgARdXEAfgAVAAAAA3VxAH4AFwAAAAFxAH4ANXEAfgA2dXEAfgAXAAAAAXEAfgA4</swc:rtd>
                           <swc:prefix/>
                           <swc:postfix/>
                           <swc:target>
                              <swc:WtPageName ptk:location="Input:228:3">
                                 <swc:content>ig:Naigeria</swc:content>
                                 <swc:rtd ptk:null="true"/>
                              </swc:WtPageName>
                           </swc:target>
                           <swc:title>
                              <swc:WtLinkTitle-WtNoLinkTitle/>
                           </swc:title>
                        </swc:WtInternalLink>
                        <ptk:t>
</ptk:t>
                        <swc:WtInternalLink>
                           <swc:rtd>c3EAfgARdXEAfgAVAAAAA3VxAH4AFwAAAAFxAH4ANXEAfgA2dXEAfgAXAAAAAXEAfgA4</swc:rtd>
                           <swc:prefix/>
                           <swc:postfix/>
                           <swc:target>
                              <swc:WtPageName ptk:location="Input:229:3">
                                 <swc:content>ilo:Nigeria</swc:content>
                                 <swc:rtd ptk:null="true"/>
                              </swc:WtPageName>
                           </swc:target>
                           <swc:title>
                              <swc:WtLinkTitle-WtNoLinkTitle/>
                           </swc:title>
                        </swc:WtInternalLink>
                        <ptk:t>
</ptk:t>
                        <swc:WtInternalLink>
                           <swc:rtd>c3EAfgARdXEAfgAVAAAAA3VxAH4AFwAAAAFxAH4ANXEAfgA2dXEAfgAXAAAAAXEAfgA4</swc:rtd>
                           <swc:prefix/>
                           <swc:postfix/>
                           <swc:target>
                              <swc:WtPageName ptk:location="Input:230:3">
                                 <swc:content>io:Nigeria</swc:content>
                                 <swc:rtd ptk:null="true"/>
                              </swc:WtPageName>
                           </swc:target>
                           <swc:title>
                              <swc:WtLinkTitle-WtNoLinkTitle/>
                           </swc:title>
                        </swc:WtInternalLink>
                        <ptk:t>
</ptk:t>
                        <swc:WtInternalLink>
                           <swc:rtd>c3EAfgARdXEAfgAVAAAAA3VxAH4AFwAAAAFxAH4ANXEAfgA2dXEAfgAXAAAAAXEAfgA4</swc:rtd>
                           <swc:prefix/>
                           <swc:postfix/>
                           <swc:target>
                              <swc:WtPageName ptk:location="Input:231:3">
                                 <swc:content>is:Nígería</swc:content>
                                 <swc:rtd ptk:null="true"/>
                              </swc:WtPageName>
                           </swc:target>
                           <swc:title>
                              <swc:WtLinkTitle-WtNoLinkTitle/>
                           </swc:title>
                        </swc:WtInternalLink>
                        <ptk:t>
</ptk:t>
                        <swc:WtInternalLink>
                           <swc:rtd>c3EAfgARdXEAfgAVAAAAA3VxAH4AFwAAAAFxAH4ANXEAfgA2dXEAfgAXAAAAAXEAfgA4</swc:rtd>
                           <swc:prefix/>
                           <swc:postfix/>
                           <swc:target>
                              <swc:WtPageName ptk:location="Input:232:3">
                                 <swc:content>it:Nigeria</swc:content>
                                 <swc:rtd ptk:null="true"/>
                              </swc:WtPageName>
                           </swc:target>
                           <swc:title>
                              <swc:WtLinkTitle-WtNoLinkTitle/>
                           </swc:title>
                        </swc:WtInternalLink>
                        <ptk:t>
</ptk:t>
                        <swc:WtInternalLink>
                           <swc:rtd>c3EAfgARdXEAfgAVAAAAA3VxAH4AFwAAAAFxAH4ANXEAfgA2dXEAfgAXAAAAAXEAfgA4</swc:rtd>
                           <swc:prefix/>
                           <swc:postfix/>
                           <swc:target>
                              <swc:WtPageName ptk:location="Input:233:3">
                                 <swc:content>ja:ナイジェリア</swc:content>
                                 <swc:rtd ptk:null="true"/>
                              </swc:WtPageName>
                           </swc:target>
                           <swc:title>
                              <swc:WtLinkTitle-WtNoLinkTitle/>
                           </swc:title>
                        </swc:WtInternalLink>
                        <ptk:t>
</ptk:t>
                        <swc:WtInternalLink>
                           <swc:rtd>c3EAfgARdXEAfgAVAAAAA3VxAH4AFwAAAAFxAH4ANXEAfgA2dXEAfgAXAAAAAXEAfgA4</swc:rtd>
                           <swc:prefix/>
                           <swc:postfix/>
                           <swc:target>
                              <swc:WtPageName ptk:location="Input:234:3">
                                 <swc:content>jbo:nixerias</swc:content>
                                 <swc:rtd ptk:null="true"/>
                              </swc:WtPageName>
                           </swc:target>
                           <swc:title>
                              <swc:WtLinkTitle-WtNoLinkTitle/>
                           </swc:title>
                        </swc:WtInternalLink>
                        <ptk:t>
</ptk:t>
                        <swc:WtInternalLink>
                           <swc:rtd>c3EAfgARdXEAfgAVAAAAA3VxAH4AFwAAAAFxAH4ANXEAfgA2dXEAfgAXAAAAAXEAfgA4</swc:rtd>
                           <swc:prefix/>
                           <swc:postfix/>
                           <swc:target>
                              <swc:WtPageName ptk:location="Input:235:3">
                                 <swc:content>jv:Nigeria</swc:content>
                                 <swc:rtd ptk:null="true"/>
                              </swc:WtPageName>
                           </swc:target>
                           <swc:title>
                              <swc:WtLinkTitle-WtNoLinkTitle/>
                           </swc:title>
                        </swc:WtInternalLink>
                        <ptk:t>
</ptk:t>
                        <swc:WtInternalLink>
                           <swc:rtd>c3EAfgARdXEAfgAVAAAAA3VxAH4AFwAAAAFxAH4ANXEAfgA2dXEAfgAXAAAAAXEAfgA4</swc:rtd>
                           <swc:prefix/>
                           <swc:postfix/>
                           <swc:target>
                              <swc:WtPageName ptk:location="Input:236:3">
                                 <swc:content>ka:ნიგერია</swc:content>
                                 <swc:rtd ptk:null="true"/>
                              </swc:WtPageName>
                           </swc:target>
                           <swc:title>
                              <swc:WtLinkTitle-WtNoLinkTitle/>
                           </swc:title>
                        </swc:WtInternalLink>
                        <ptk:t>
</ptk:t>
                        <swc:WtInternalLink>
                           <swc:rtd>c3EAfgARdXEAfgAVAAAAA3VxAH4AFwAAAAFxAH4ANXEAfgA2dXEAfgAXAAAAAXEAfgA4</swc:rtd>
                           <swc:prefix/>
                           <swc:postfix/>
                           <swc:target>
                              <swc:WtPageName ptk:location="Input:237:3">
                                 <swc:content>kg:Nizeria</swc:content>
                                 <swc:rtd ptk:null="true"/>
                              </swc:WtPageName>
                           </swc:target>
                           <swc:title>
                              <swc:WtLinkTitle-WtNoLinkTitle/>
                           </swc:title>
                        </swc:WtInternalLink>
                        <ptk:t>
</ptk:t>
                        <swc:WtInternalLink>
                           <swc:rtd>c3EAfgARdXEAfgAVAAAAA3VxAH4AFwAAAAFxAH4ANXEAfgA2dXEAfgAXAAAAAXEAfgA4</swc:rtd>
                           <swc:prefix/>
                           <swc:postfix/>
                           <swc:target>
                              <swc:WtPageName ptk:location="Input:238:3">
                                 <swc:content>kk:Нигерия</swc:content>
                                 <swc:rtd ptk:null="true"/>
                              </swc:WtPageName>
                           </swc:target>
                           <swc:title>
                              <swc:WtLinkTitle-WtNoLinkTitle/>
                           </swc:title>
                        </swc:WtInternalLink>
                        <ptk:t>
</ptk:t>
                        <swc:WtInternalLink>
                           <swc:rtd>c3EAfgARdXEAfgAVAAAAA3VxAH4AFwAAAAFxAH4ANXEAfgA2dXEAfgAXAAAAAXEAfgA4</swc:rtd>
                           <swc:prefix/>
                           <swc:postfix/>
                           <swc:target>
                              <swc:WtPageName ptk:location="Input:239:3">
                                 <swc:content>kn:ನೈಜೀರಿಯ</swc:content>
                                 <swc:rtd ptk:null="true"/>
                              </swc:WtPageName>
                           </swc:target>
                           <swc:title>
                              <swc:WtLinkTitle-WtNoLinkTitle/>
                           </swc:title>
                        </swc:WtInternalLink>
                        <ptk:t>
</ptk:t>
                        <swc:WtInternalLink>
                           <swc:rtd>c3EAfgARdXEAfgAVAAAAA3VxAH4AFwAAAAFxAH4ANXEAfgA2dXEAfgAXAAAAAXEAfgA4</swc:rtd>
                           <swc:prefix/>
                           <swc:postfix/>
                           <swc:target>
                              <swc:WtPageName ptk:location="Input:240:3">
                                 <swc:content>ko:나이지리아</swc:content>
                                 <swc:rtd ptk:null="true"/>
                              </swc:WtPageName>
                           </swc:target>
                           <swc:title>
                              <swc:WtLinkTitle-WtNoLinkTitle/>
                           </swc:title>
                        </swc:WtInternalLink>
                        <ptk:t>
</ptk:t>
                        <swc:WtInternalLink>
                           <swc:rtd>c3EAfgARdXEAfgAVAAAAA3VxAH4AFwAAAAFxAH4ANXEAfgA2dXEAfgAXAAAAAXEAfgA4</swc:rtd>
                           <swc:prefix/>
                           <swc:postfix/>
                           <swc:target>
                              <swc:WtPageName ptk:location="Input:241:3">
                                 <swc:content>ku:Nîjerya</swc:content>
                                 <swc:rtd ptk:null="true"/>
                              </swc:WtPageName>
                           </swc:target>
                           <swc:title>
                              <swc:WtLinkTitle-WtNoLinkTitle/>
                           </swc:title>
                        </swc:WtInternalLink>
                        <ptk:t>
</ptk:t>
                        <swc:WtInternalLink>
                           <swc:rtd>c3EAfgARdXEAfgAVAAAAA3VxAH4AFwAAAAFxAH4ANXEAfgA2dXEAfgAXAAAAAXEAfgA4</swc:rtd>
                           <swc:prefix/>
                           <swc:postfix/>
                           <swc:target>
                              <swc:WtPageName ptk:location="Input:242:3">
                                 <swc:content>kw:Nijeri</swc:content>
                                 <swc:rtd ptk:null="true"/>
                              </swc:WtPageName>
                           </swc:target>
                           <swc:title>
                              <swc:WtLinkTitle-WtNoLinkTitle/>
                           </swc:title>
                        </swc:WtInternalLink>
                        <ptk:t>
</ptk:t>
                        <swc:WtInternalLink>
                           <swc:rtd>c3EAfgARdXEAfgAVAAAAA3VxAH4AFwAAAAFxAH4ANXEAfgA2dXEAfgAXAAAAAXEAfgA4</swc:rtd>
                           <swc:prefix/>
                           <swc:postfix/>
                           <swc:target>
                              <swc:WtPageName ptk:location="Input:243:3">
                                 <swc:content>la:Nigeria</swc:content>
                                 <swc:rtd ptk:null="true"/>
                              </swc:WtPageName>
                           </swc:target>
                           <swc:title>
                              <swc:WtLinkTitle-WtNoLinkTitle/>
                           </swc:title>
                        </swc:WtInternalLink>
                        <ptk:t>
</ptk:t>
                        <swc:WtInternalLink>
                           <swc:rtd>c3EAfgARdXEAfgAVAAAAA3VxAH4AFwAAAAFxAH4ANXEAfgA2dXEAfgAXAAAAAXEAfgA4</swc:rtd>
                           <swc:prefix/>
                           <swc:postfix/>
                           <swc:target>
                              <swc:WtPageName ptk:location="Input:244:3">
                                 <swc:content>lad:Nijeria</swc:content>
                                 <swc:rtd ptk:null="true"/>
                              </swc:WtPageName>
                           </swc:target>
                           <swc:title>
                              <swc:WtLinkTitle-WtNoLinkTitle/>
                           </swc:title>
                        </swc:WtInternalLink>
                        <ptk:t>
</ptk:t>
                        <swc:WtInternalLink>
                           <swc:rtd>c3EAfgARdXEAfgAVAAAAA3VxAH4AFwAAAAFxAH4ANXEAfgA2dXEAfgAXAAAAAXEAfgA4</swc:rtd>
                           <swc:prefix/>
                           <swc:postfix/>
                           <swc:target>
                              <swc:WtPageName ptk:location="Input:245:3">
                                 <swc:content>lb:Nigeria</swc:content>
                                 <swc:rtd ptk:null="true"/>
                              </swc:WtPageName>
                           </swc:target>
                           <swc:title>
                              <swc:WtLinkTitle-WtNoLinkTitle/>
                           </swc:title>
                        </swc:WtInternalLink>
                        <ptk:t>
</ptk:t>
                        <swc:WtInternalLink>
                           <swc:rtd>c3EAfgARdXEAfgAVAAAAA3VxAH4AFwAAAAFxAH4ANXEAfgA2dXEAfgAXAAAAAXEAfgA4</swc:rtd>
                           <swc:prefix/>
                           <swc:postfix/>
                           <swc:target>
                              <swc:WtPageName ptk:location="Input:246:3">
                                 <swc:content>lez:Нигерия</swc:content>
                                 <swc:rtd ptk:null="true"/>
                              </swc:WtPageName>
                           </swc:target>
                           <swc:title>
                              <swc:WtLinkTitle-WtNoLinkTitle/>
                           </swc:title>
                        </swc:WtInternalLink>
                        <ptk:t>
</ptk:t>
                        <swc:WtInternalLink>
                           <swc:rtd>c3EAfgARdXEAfgAVAAAAA3VxAH4AFwAAAAFxAH4ANXEAfgA2dXEAfgAXAAAAAXEAfgA4</swc:rtd>
                           <swc:prefix/>
                           <swc:postfix/>
                           <swc:target>
                              <swc:WtPageName ptk:location="Input:247:3">
                                 <swc:content>li:Nigeria</swc:content>
                                 <swc:rtd ptk:null="true"/>
                              </swc:WtPageName>
                           </swc:target>
                           <swc:title>
                              <swc:WtLinkTitle-WtNoLinkTitle/>
                           </swc:title>
                        </swc:WtInternalLink>
                        <ptk:t>
</ptk:t>
                        <swc:WtInternalLink>
                           <swc:rtd>c3EAfgARdXEAfgAVAAAAA3VxAH4AFwAAAAFxAH4ANXEAfgA2dXEAfgAXAAAAAXEAfgA4</swc:rtd>
                           <swc:prefix/>
                           <swc:postfix/>
                           <swc:target>
                              <swc:WtPageName ptk:location="Input:248:3">
                                 <swc:content>lij:Nigeria</swc:content>
                                 <swc:rtd ptk:null="true"/>
                              </swc:WtPageName>
                           </swc:target>
                           <swc:title>
                              <swc:WtLinkTitle-WtNoLinkTitle/>
                           </swc:title>
                        </swc:WtInternalLink>
                        <ptk:t>
</ptk:t>
                        <swc:WtInternalLink>
                           <swc:rtd>c3EAfgARdXEAfgAVAAAAA3VxAH4AFwAAAAFxAH4ANXEAfgA2dXEAfgAXAAAAAXEAfgA4</swc:rtd>
                           <swc:prefix/>
                           <swc:postfix/>
                           <swc:target>
                              <swc:WtPageName ptk:location="Input:249:3">
                                 <swc:content>lmo:Nigeria</swc:content>
                                 <swc:rtd ptk:null="true"/>
                              </swc:WtPageName>
                           </swc:target>
                           <swc:title>
                              <swc:WtLinkTitle-WtNoLinkTitle/>
                           </swc:title>
                        </swc:WtInternalLink>
                        <ptk:t>
</ptk:t>
                        <swc:WtInternalLink>
                           <swc:rtd>c3EAfgARdXEAfgAVAAAAA3VxAH4AFwAAAAFxAH4ANXEAfgA2dXEAfgAXAAAAAXEAfgA4</swc:rtd>
                           <swc:prefix/>
                           <swc:postfix/>
                           <swc:target>
                              <swc:WtPageName ptk:location="Input:250:3">
                                 <swc:content>ln:Nizeria</swc:content>
                                 <swc:rtd ptk:null="true"/>
                              </swc:WtPageName>
                           </swc:target>
                           <swc:title>
                              <swc:WtLinkTitle-WtNoLinkTitle/>
                           </swc:title>
                        </swc:WtInternalLink>
                        <ptk:t>
</ptk:t>
                        <swc:WtInternalLink>
                           <swc:rtd>c3EAfgARdXEAfgAVAAAAA3VxAH4AFwAAAAFxAH4ANXEAfgA2dXEAfgAXAAAAAXEAfgA4</swc:rtd>
                           <swc:prefix/>
                           <swc:postfix/>
                           <swc:target>
                              <swc:WtPageName ptk:location="Input:251:3">
                                 <swc:content>lt:Nigerija</swc:content>
                                 <swc:rtd ptk:null="true"/>
                              </swc:WtPageName>
                           </swc:target>
                           <swc:title>
                              <swc:WtLinkTitle-WtNoLinkTitle/>
                           </swc:title>
                        </swc:WtInternalLink>
                        <ptk:t>
</ptk:t>
                        <swc:WtInternalLink>
                           <swc:rtd>c3EAfgARdXEAfgAVAAAAA3VxAH4AFwAAAAFxAH4ANXEAfgA2dXEAfgAXAAAAAXEAfgA4</swc:rtd>
                           <swc:prefix/>
                           <swc:postfix/>
                           <swc:target>
                              <swc:WtPageName ptk:location="Input:252:3">
                                 <swc:content>ltg:Nigereja</swc:content>
                                 <swc:rtd ptk:null="true"/>
                              </swc:WtPageName>
                           </swc:target>
                           <swc:title>
                              <swc:WtLinkTitle-WtNoLinkTitle/>
                           </swc:title>
                        </swc:WtInternalLink>
                        <ptk:t>
</ptk:t>
                        <swc:WtInternalLink>
                           <swc:rtd>c3EAfgARdXEAfgAVAAAAA3VxAH4AFwAAAAFxAH4ANXEAfgA2dXEAfgAXAAAAAXEAfgA4</swc:rtd>
                           <swc:prefix/>
                           <swc:postfix/>
                           <swc:target>
                              <swc:WtPageName ptk:location="Input:253:3">
                                 <swc:content>lv:Nigērija</swc:content>
                                 <swc:rtd ptk:null="true"/>
                              </swc:WtPageName>
                           </swc:target>
                           <swc:title>
                              <swc:WtLinkTitle-WtNoLinkTitle/>
                           </swc:title>
                        </swc:WtInternalLink>
                        <ptk:t>
</ptk:t>
                        <swc:WtInternalLink>
                           <swc:rtd>c3EAfgARdXEAfgAVAAAAA3VxAH4AFwAAAAFxAH4ANXEAfgA2dXEAfgAXAAAAAXEAfgA4</swc:rtd>
                           <swc:prefix/>
                           <swc:postfix/>
                           <swc:target>
                              <swc:WtPageName ptk:location="Input:254:3">
                                 <swc:content>mk:Нигерија</swc:content>
                                 <swc:rtd ptk:null="true"/>
                              </swc:WtPageName>
                           </swc:target>
                           <swc:title>
                              <swc:WtLinkTitle-WtNoLinkTitle/>
                           </swc:title>
                        </swc:WtInternalLink>
                        <ptk:t>
</ptk:t>
                        <swc:WtInternalLink>
                           <swc:rtd>c3EAfgARdXEAfgAVAAAAA3VxAH4AFwAAAAFxAH4ANXEAfgA2dXEAfgAXAAAAAXEAfgA4</swc:rtd>
                           <swc:prefix/>
                           <swc:postfix/>
                           <swc:target>
                              <swc:WtPageName ptk:location="Input:255:3">
                                 <swc:content>ml:നൈജീരിയ</swc:content>
                                 <swc:rtd ptk:null="true"/>
                              </swc:WtPageName>
                           </swc:target>
                           <swc:title>
                              <swc:WtLinkTitle-WtNoLinkTitle/>
                           </swc:title>
                        </swc:WtInternalLink>
                        <ptk:t>
</ptk:t>
                        <swc:WtInternalLink>
                           <swc:rtd>c3EAfgARdXEAfgAVAAAAA3VxAH4AFwAAAAFxAH4ANXEAfgA2dXEAfgAXAAAAAXEAfgA4</swc:rtd>
                           <swc:prefix/>
                           <swc:postfix/>
                           <swc:target>
                              <swc:WtPageName ptk:location="Input:256:3">
                                 <swc:content>mn:Нигери</swc:content>
                                 <swc:rtd ptk:null="true"/>
                              </swc:WtPageName>
                           </swc:target>
                           <swc:title>
                              <swc:WtLinkTitle-WtNoLinkTitle/>
                           </swc:title>
                        </swc:WtInternalLink>
                        <ptk:t>
</ptk:t>
                        <swc:WtInternalLink>
                           <swc:rtd>c3EAfgARdXEAfgAVAAAAA3VxAH4AFwAAAAFxAH4ANXEAfgA2dXEAfgAXAAAAAXEAfgA4</swc:rtd>
                           <swc:prefix/>
                           <swc:postfix/>
                           <swc:target>
                              <swc:WtPageName ptk:location="Input:257:3">
                                 <swc:content>mr:नायजेरिया</swc:content>
                                 <swc:rtd ptk:null="true"/>
                              </swc:WtPageName>
                           </swc:target>
                           <swc:title>
                              <swc:WtLinkTitle-WtNoLinkTitle/>
                           </swc:title>
                        </swc:WtInternalLink>
                        <ptk:t>
</ptk:t>
                        <swc:WtInternalLink>
                           <swc:rtd>c3EAfgARdXEAfgAVAAAAA3VxAH4AFwAAAAFxAH4ANXEAfgA2dXEAfgAXAAAAAXEAfgA4</swc:rtd>
                           <swc:prefix/>
                           <swc:postfix/>
                           <swc:target>
                              <swc:WtPageName ptk:location="Input:258:3">
                                 <swc:content>mrj:Нигери</swc:content>
                                 <swc:rtd ptk:null="true"/>
                              </swc:WtPageName>
                           </swc:target>
                           <swc:title>
                              <swc:WtLinkTitle-WtNoLinkTitle/>
                           </swc:title>
                        </swc:WtInternalLink>
                        <ptk:t>
</ptk:t>
                        <swc:WtInternalLink>
                           <swc:rtd>c3EAfgARdXEAfgAVAAAAA3VxAH4AFwAAAAFxAH4ANXEAfgA2dXEAfgAXAAAAAXEAfgA4</swc:rtd>
                           <swc:prefix/>
                           <swc:postfix/>
                           <swc:target>
                              <swc:WtPageName ptk:location="Input:259:3">
                                 <swc:content>ms:Nigeria</swc:content>
                                 <swc:rtd ptk:null="true"/>
                              </swc:WtPageName>
                           </swc:target>
                           <swc:title>
                              <swc:WtLinkTitle-WtNoLinkTitle/>
                           </swc:title>
                        </swc:WtInternalLink>
                        <ptk:t>
</ptk:t>
                        <swc:WtInternalLink>
                           <swc:rtd>c3EAfgARdXEAfgAVAAAAA3VxAH4AFwAAAAFxAH4ANXEAfgA2dXEAfgAXAAAAAXEAfgA4</swc:rtd>
                           <swc:prefix/>
                           <swc:postfix/>
                           <swc:target>
                              <swc:WtPageName ptk:location="Input:260:3">
                                 <swc:content>mt:Niġerja</swc:content>
                                 <swc:rtd ptk:null="true"/>
                              </swc:WtPageName>
                           </swc:target>
                           <swc:title>
                              <swc:WtLinkTitle-WtNoLinkTitle/>
                           </swc:title>
                        </swc:WtInternalLink>
                        <ptk:t>
</ptk:t>
                        <swc:WtInternalLink>
                           <swc:rtd>c3EAfgARdXEAfgAVAAAAA3VxAH4AFwAAAAFxAH4ANXEAfgA2dXEAfgAXAAAAAXEAfgA4</swc:rtd>
                           <swc:prefix/>
                           <swc:postfix/>
                           <swc:target>
                              <swc:WtPageName ptk:location="Input:261:3">
                                 <swc:content>my:နိုင်ဂျီးရီးယားနိုင်ငံ</swc:content>
                                 <swc:rtd ptk:null="true"/>
                              </swc:WtPageName>
                           </swc:target>
                           <swc:title>
                              <swc:WtLinkTitle-WtNoLinkTitle/>
                           </swc:title>
                        </swc:WtInternalLink>
                        <ptk:t>
</ptk:t>
                        <swc:WtInternalLink>
                           <swc:rtd>c3EAfgARdXEAfgAVAAAAA3VxAH4AFwAAAAFxAH4ANXEAfgA2dXEAfgAXAAAAAXEAfgA4</swc:rtd>
                           <swc:prefix/>
                           <swc:postfix/>
                           <swc:target>
                              <swc:WtPageName ptk:location="Input:262:3">
                                 <swc:content>nah:Nigeria</swc:content>
                                 <swc:rtd ptk:null="true"/>
                              </swc:WtPageName>
                           </swc:target>
                           <swc:title>
                              <swc:WtLinkTitle-WtNoLinkTitle/>
                           </swc:title>
                        </swc:WtInternalLink>
                        <ptk:t>
</ptk:t>
                        <swc:WtInternalLink>
                           <swc:rtd>c3EAfgARdXEAfgAVAAAAA3VxAH4AFwAAAAFxAH4ANXEAfgA2dXEAfgAXAAAAAXEAfgA4</swc:rtd>
                           <swc:prefix/>
                           <swc:postfix/>
                           <swc:target>
                              <swc:WtPageName ptk:location="Input:263:3">
                                 <swc:content>nds:Nigeria</swc:content>
                                 <swc:rtd ptk:null="true"/>
                              </swc:WtPageName>
                           </swc:target>
                           <swc:title>
                              <swc:WtLinkTitle-WtNoLinkTitle/>
                           </swc:title>
                        </swc:WtInternalLink>
                        <ptk:t>
</ptk:t>
                        <swc:WtInternalLink>
                           <swc:rtd>c3EAfgARdXEAfgAVAAAAA3VxAH4AFwAAAAFxAH4ANXEAfgA2dXEAfgAXAAAAAXEAfgA4</swc:rtd>
                           <swc:prefix/>
                           <swc:postfix/>
                           <swc:target>
                              <swc:WtPageName ptk:location="Input:264:3">
                                 <swc:content>ne:नाइजेरिया</swc:content>
                                 <swc:rtd ptk:null="true"/>
                              </swc:WtPageName>
                           </swc:target>
                           <swc:title>
                              <swc:WtLinkTitle-WtNoLinkTitle/>
                           </swc:title>
                        </swc:WtInternalLink>
                        <ptk:t>
</ptk:t>
                        <swc:WtInternalLink>
                           <swc:rtd>c3EAfgARdXEAfgAVAAAAA3VxAH4AFwAAAAFxAH4ANXEAfgA2dXEAfgAXAAAAAXEAfgA4</swc:rtd>
                           <swc:prefix/>
                           <swc:postfix/>
                           <swc:target>
                              <swc:WtPageName ptk:location="Input:265:3">
                                 <swc:content>nl:Nigeria</swc:content>
                                 <swc:rtd ptk:null="true"/>
                              </swc:WtPageName>
                           </swc:target>
                           <swc:title>
                              <swc:WtLinkTitle-WtNoLinkTitle/>
                           </swc:title>
                        </swc:WtInternalLink>
                        <ptk:t>
</ptk:t>
                        <swc:WtInternalLink>
                           <swc:rtd>c3EAfgARdXEAfgAVAAAAA3VxAH4AFwAAAAFxAH4ANXEAfgA2dXEAfgAXAAAAAXEAfgA4</swc:rtd>
                           <swc:prefix/>
                           <swc:postfix/>
                           <swc:target>
                              <swc:WtPageName ptk:location="Input:266:3">
                                 <swc:content>nn:Nigeria</swc:content>
                                 <swc:rtd ptk:null="true"/>
                              </swc:WtPageName>
                           </swc:target>
                           <swc:title>
                              <swc:WtLinkTitle-WtNoLinkTitle/>
                           </swc:title>
                        </swc:WtInternalLink>
                        <ptk:t>
</ptk:t>
                        <swc:WtInternalLink>
                           <swc:rtd>c3EAfgARdXEAfgAVAAAAA3VxAH4AFwAAAAFxAH4ANXEAfgA2dXEAfgAXAAAAAXEAfgA4</swc:rtd>
                           <swc:prefix/>
                           <swc:postfix/>
                           <swc:target>
                              <swc:WtPageName ptk:location="Input:267:3">
                                 <swc:content>no:Nigeria</swc:content>
                                 <swc:rtd ptk:null="true"/>
                              </swc:WtPageName>
                           </swc:target>
                           <swc:title>
                              <swc:WtLinkTitle-WtNoLinkTitle/>
                           </swc:title>
                        </swc:WtInternalLink>
                        <ptk:t>
</ptk:t>
                        <swc:WtInternalLink>
                           <swc:rtd>c3EAfgARdXEAfgAVAAAAA3VxAH4AFwAAAAFxAH4ANXEAfgA2dXEAfgAXAAAAAXEAfgA4</swc:rtd>
                           <swc:prefix/>
                           <swc:postfix/>
                           <swc:target>
                              <swc:WtPageName ptk:location="Input:268:3">
                                 <swc:content>nov:Nigeria</swc:content>
                                 <swc:rtd ptk:null="true"/>
                              </swc:WtPageName>
                           </swc:target>
                           <swc:title>
                              <swc:WtLinkTitle-WtNoLinkTitle/>
                           </swc:title>
                        </swc:WtInternalLink>
                        <ptk:t>
</ptk:t>
                        <swc:WtInternalLink>
                           <swc:rtd>c3EAfgARdXEAfgAVAAAAA3VxAH4AFwAAAAFxAH4ANXEAfgA2dXEAfgAXAAAAAXEAfgA4</swc:rtd>
                           <swc:prefix/>
                           <swc:postfix/>
                           <swc:target>
                              <swc:WtPageName ptk:location="Input:269:3">
                                 <swc:content>nso:Nigeria</swc:content>
                                 <swc:rtd ptk:null="true"/>
                              </swc:WtPageName>
                           </swc:target>
                           <swc:title>
                              <swc:WtLinkTitle-WtNoLinkTitle/>
                           </swc:title>
                        </swc:WtInternalLink>
                        <ptk:t>
</ptk:t>
                        <swc:WtInternalLink>
                           <swc:rtd>c3EAfgARdXEAfgAVAAAAA3VxAH4AFwAAAAFxAH4ANXEAfgA2dXEAfgAXAAAAAXEAfgA4</swc:rtd>
                           <swc:prefix/>
                           <swc:postfix/>
                           <swc:target>
                              <swc:WtPageName ptk:location="Input:270:3">
                                 <swc:content>oc:Nigèria</swc:content>
                                 <swc:rtd ptk:null="true"/>
                              </swc:WtPageName>
                           </swc:target>
                           <swc:title>
                              <swc:WtLinkTitle-WtNoLinkTitle/>
                           </swc:title>
                        </swc:WtInternalLink>
                        <ptk:t>
</ptk:t>
                        <swc:WtInternalLink>
                           <swc:rtd>c3EAfgARdXEAfgAVAAAAA3VxAH4AFwAAAAFxAH4ANXEAfgA2dXEAfgAXAAAAAXEAfgA4</swc:rtd>
                           <swc:prefix/>
                           <swc:postfix/>
                           <swc:target>
                              <swc:WtPageName ptk:location="Input:271:3">
                                 <swc:content>or:ନାଇଜେରିଆ</swc:content>
                                 <swc:rtd ptk:null="true"/>
                              </swc:WtPageName>
                           </swc:target>
                           <swc:title>
                              <swc:WtLinkTitle-WtNoLinkTitle/>
                           </swc:title>
                        </swc:WtInternalLink>
                        <ptk:t>
</ptk:t>
                        <swc:WtInternalLink>
                           <swc:rtd>c3EAfgARdXEAfgAVAAAAA3VxAH4AFwAAAAFxAH4ANXEAfgA2dXEAfgAXAAAAAXEAfgA4</swc:rtd>
                           <swc:prefix/>
                           <swc:postfix/>
                           <swc:target>
                              <swc:WtPageName ptk:location="Input:272:3">
                                 <swc:content>os:Нигери</swc:content>
                                 <swc:rtd ptk:null="true"/>
                              </swc:WtPageName>
                           </swc:target>
                           <swc:title>
                              <swc:WtLinkTitle-WtNoLinkTitle/>
                           </swc:title>
                        </swc:WtInternalLink>
                        <ptk:t>
</ptk:t>
                        <swc:WtInternalLink>
                           <swc:rtd>c3EAfgARdXEAfgAVAAAAA3VxAH4AFwAAAAFxAH4ANXEAfgA2dXEAfgAXAAAAAXEAfgA4</swc:rtd>
                           <swc:prefix/>
                           <swc:postfix/>
                           <swc:target>
                              <swc:WtPageName ptk:location="Input:273:3">
                                 <swc:content>pam:Nigeria</swc:content>
                                 <swc:rtd ptk:null="true"/>
                              </swc:WtPageName>
                           </swc:target>
                           <swc:title>
                              <swc:WtLinkTitle-WtNoLinkTitle/>
                           </swc:title>
                        </swc:WtInternalLink>
                        <ptk:t>
</ptk:t>
                        <swc:WtInternalLink>
                           <swc:rtd>c3EAfgARdXEAfgAVAAAAA3VxAH4AFwAAAAFxAH4ANXEAfgA2dXEAfgAXAAAAAXEAfgA4</swc:rtd>
                           <swc:prefix/>
                           <swc:postfix/>
                           <swc:target>
                              <swc:WtPageName ptk:location="Input:274:3">
                                 <swc:content>pap:Nigeria</swc:content>
                                 <swc:rtd ptk:null="true"/>
                              </swc:WtPageName>
                           </swc:target>
                           <swc:title>
                              <swc:WtLinkTitle-WtNoLinkTitle/>
                           </swc:title>
                        </swc:WtInternalLink>
                        <ptk:t>
</ptk:t>
                        <swc:WtInternalLink>
                           <swc:rtd>c3EAfgARdXEAfgAVAAAAA3VxAH4AFwAAAAFxAH4ANXEAfgA2dXEAfgAXAAAAAXEAfgA4</swc:rtd>
                           <swc:prefix/>
                           <swc:postfix/>
                           <swc:target>
                              <swc:WtPageName ptk:location="Input:275:3">
                                 <swc:content>pih:Niijiirya</swc:content>
                                 <swc:rtd ptk:null="true"/>
                              </swc:WtPageName>
                           </swc:target>
                           <swc:title>
                              <swc:WtLinkTitle-WtNoLinkTitle/>
                           </swc:title>
                        </swc:WtInternalLink>
                        <ptk:t>
</ptk:t>
                        <swc:WtInternalLink>
                           <swc:rtd>c3EAfgARdXEAfgAVAAAAA3VxAH4AFwAAAAFxAH4ANXEAfgA2dXEAfgAXAAAAAXEAfgA4</swc:rtd>
                           <swc:prefix/>
                           <swc:postfix/>
                           <swc:target>
                              <swc:WtPageName ptk:location="Input:276:3">
                                 <swc:content>pl:Nigeria</swc:content>
                                 <swc:rtd ptk:null="true"/>
                              </swc:WtPageName>
                           </swc:target>
                           <swc:title>
                              <swc:WtLinkTitle-WtNoLinkTitle/>
                           </swc:title>
                        </swc:WtInternalLink>
                        <ptk:t>
</ptk:t>
                        <swc:WtInternalLink>
                           <swc:rtd>c3EAfgARdXEAfgAVAAAAA3VxAH4AFwAAAAFxAH4ANXEAfgA2dXEAfgAXAAAAAXEAfgA4</swc:rtd>
                           <swc:prefix/>
                           <swc:postfix/>
                           <swc:target>
                              <swc:WtPageName ptk:location="Input:277:3">
                                 <swc:content>pms:Nigeria</swc:content>
                                 <swc:rtd ptk:null="true"/>
                              </swc:WtPageName>
                           </swc:target>
                           <swc:title>
                              <swc:WtLinkTitle-WtNoLinkTitle/>
                           </swc:title>
                        </swc:WtInternalLink>
                        <ptk:t>
</ptk:t>
                        <swc:WtInternalLink>
                           <swc:rtd>c3EAfgARdXEAfgAVAAAAA3VxAH4AFwAAAAFxAH4ANXEAfgA2dXEAfgAXAAAAAXEAfgA4</swc:rtd>
                           <swc:prefix/>
                           <swc:postfix/>
                           <swc:target>
                              <swc:WtPageName ptk:location="Input:278:3">
                                 <swc:content>pnb:نائیجیریا</swc:content>
                                 <swc:rtd ptk:null="true"/>
                              </swc:WtPageName>
                           </swc:target>
                           <swc:title>
                              <swc:WtLinkTitle-WtNoLinkTitle/>
                           </swc:title>
                        </swc:WtInternalLink>
                        <ptk:t>
</ptk:t>
                        <swc:WtInternalLink>
                           <swc:rtd>c3EAfgARdXEAfgAVAAAAA3VxAH4AFwAAAAFxAH4ANXEAfgA2dXEAfgAXAAAAAXEAfgA4</swc:rtd>
                           <swc:prefix/>
                           <swc:postfix/>
                           <swc:target>
                              <swc:WtPageName ptk:location="Input:279:3">
                                 <swc:content>ps:نايجېريا</swc:content>
                                 <swc:rtd ptk:null="true"/>
                              </swc:WtPageName>
                           </swc:target>
                           <swc:title>
                              <swc:WtLinkTitle-WtNoLinkTitle/>
                           </swc:title>
                        </swc:WtInternalLink>
                        <ptk:t>
</ptk:t>
                        <swc:WtInternalLink>
                           <swc:rtd>c3EAfgARdXEAfgAVAAAAA3VxAH4AFwAAAAFxAH4ANXEAfgA2dXEAfgAXAAAAAXEAfgA4</swc:rtd>
                           <swc:prefix/>
                           <swc:postfix/>
                           <swc:target>
                              <swc:WtPageName ptk:location="Input:280:3">
                                 <swc:content>pt:Nigéria</swc:content>
                                 <swc:rtd ptk:null="true"/>
                              </swc:WtPageName>
                           </swc:target>
                           <swc:title>
                              <swc:WtLinkTitle-WtNoLinkTitle/>
                           </swc:title>
                        </swc:WtInternalLink>
                        <ptk:t>
</ptk:t>
                        <swc:WtInternalLink>
                           <swc:rtd>c3EAfgARdXEAfgAVAAAAA3VxAH4AFwAAAAFxAH4ANXEAfgA2dXEAfgAXAAAAAXEAfgA4</swc:rtd>
                           <swc:prefix/>
                           <swc:postfix/>
                           <swc:target>
                              <swc:WtPageName ptk:location="Input:281:3">
                                 <swc:content>qu:Niqirya</swc:content>
                                 <swc:rtd ptk:null="true"/>
                              </swc:WtPageName>
                           </swc:target>
                           <swc:title>
                              <swc:WtLinkTitle-WtNoLinkTitle/>
                           </swc:title>
                        </swc:WtInternalLink>
                        <ptk:t>
</ptk:t>
                        <swc:WtInternalLink>
                           <swc:rtd>c3EAfgARdXEAfgAVAAAAA3VxAH4AFwAAAAFxAH4ANXEAfgA2dXEAfgAXAAAAAXEAfgA4</swc:rtd>
                           <swc:prefix/>
                           <swc:postfix/>
                           <swc:target>
                              <swc:WtPageName ptk:location="Input:282:3">
                                 <swc:content>ro:Nigeria</swc:content>
                                 <swc:rtd ptk:null="true"/>
                              </swc:WtPageName>
                           </swc:target>
                           <swc:title>
                              <swc:WtLinkTitle-WtNoLinkTitle/>
                           </swc:title>
                        </swc:WtInternalLink>
                        <ptk:t>
</ptk:t>
                        <swc:WtInternalLink>
                           <swc:rtd>c3EAfgARdXEAfgAVAAAAA3VxAH4AFwAAAAFxAH4ANXEAfgA2dXEAfgAXAAAAAXEAfgA4</swc:rtd>
                           <swc:prefix/>
                           <swc:postfix/>
                           <swc:target>
                              <swc:WtPageName ptk:location="Input:283:3">
                                 <swc:content>roa-tara:Nigerie</swc:content>
                                 <swc:rtd ptk:null="true"/>
                              </swc:WtPageName>
                           </swc:target>
                           <swc:title>
                              <swc:WtLinkTitle-WtNoLinkTitle/>
                           </swc:title>
                        </swc:WtInternalLink>
                        <ptk:t>
</ptk:t>
                        <swc:WtInternalLink>
                           <swc:rtd>c3EAfgARdXEAfgAVAAAAA3VxAH4AFwAAAAFxAH4ANXEAfgA2dXEAfgAXAAAAAXEAfgA4</swc:rtd>
                           <swc:prefix/>
                           <swc:postfix/>
                           <swc:target>
                              <swc:WtPageName ptk:location="Input:284:3">
                                 <swc:content>ru:Нигерия</swc:content>
                                 <swc:rtd ptk:null="true"/>
                              </swc:WtPageName>
                           </swc:target>
                           <swc:title>
                              <swc:WtLinkTitle-WtNoLinkTitle/>
                           </swc:title>
                        </swc:WtInternalLink>
                        <ptk:t>
</ptk:t>
                        <swc:WtInternalLink>
                           <swc:rtd>c3EAfgARdXEAfgAVAAAAA3VxAH4AFwAAAAFxAH4ANXEAfgA2dXEAfgAXAAAAAXEAfgA4</swc:rtd>
                           <swc:prefix/>
                           <swc:postfix/>
                           <swc:target>
                              <swc:WtPageName ptk:location="Input:285:3">
                                 <swc:content>rue:Ніґерія</swc:content>
                                 <swc:rtd ptk:null="true"/>
                              </swc:WtPageName>
                           </swc:target>
                           <swc:title>
                              <swc:WtLinkTitle-WtNoLinkTitle/>
                           </swc:title>
                        </swc:WtInternalLink>
                        <ptk:t>
</ptk:t>
                        <swc:WtInternalLink>
                           <swc:rtd>c3EAfgARdXEAfgAVAAAAA3VxAH4AFwAAAAFxAH4ANXEAfgA2dXEAfgAXAAAAAXEAfgA4</swc:rtd>
                           <swc:prefix/>
                           <swc:postfix/>
                           <swc:target>
                              <swc:WtPageName ptk:location="Input:286:3">
                                 <swc:content>rw:Nijeriya</swc:content>
                                 <swc:rtd ptk:null="true"/>
                              </swc:WtPageName>
                           </swc:target>
                           <swc:title>
                              <swc:WtLinkTitle-WtNoLinkTitle/>
                           </swc:title>
                        </swc:WtInternalLink>
                        <ptk:t>
</ptk:t>
                        <swc:WtInternalLink>
                           <swc:rtd>c3EAfgARdXEAfgAVAAAAA3VxAH4AFwAAAAFxAH4ANXEAfgA2dXEAfgAXAAAAAXEAfgA4</swc:rtd>
                           <swc:prefix/>
                           <swc:postfix/>
                           <swc:target>
                              <swc:WtPageName ptk:location="Input:287:3">
                                 <swc:content>sa:नैजीरिया</swc:content>
                                 <swc:rtd ptk:null="true"/>
                              </swc:WtPageName>
                           </swc:target>
                           <swc:title>
                              <swc:WtLinkTitle-WtNoLinkTitle/>
                           </swc:title>
                        </swc:WtInternalLink>
                        <ptk:t>
</ptk:t>
                        <swc:WtInternalLink>
                           <swc:rtd>c3EAfgARdXEAfgAVAAAAA3VxAH4AFwAAAAFxAH4ANXEAfgA2dXEAfgAXAAAAAXEAfgA4</swc:rtd>
                           <swc:prefix/>
                           <swc:postfix/>
                           <swc:target>
                              <swc:WtPageName ptk:location="Input:288:3">
                                 <swc:content>sah:Нигерия</swc:content>
                                 <swc:rtd ptk:null="true"/>
                              </swc:WtPageName>
                           </swc:target>
                           <swc:title>
                              <swc:WtLinkTitle-WtNoLinkTitle/>
                           </swc:title>
                        </swc:WtInternalLink>
                        <ptk:t>
</ptk:t>
                        <swc:WtInternalLink>
                           <swc:rtd>c3EAfgARdXEAfgAVAAAAA3VxAH4AFwAAAAFxAH4ANXEAfgA2dXEAfgAXAAAAAXEAfgA4</swc:rtd>
                           <swc:prefix/>
                           <swc:postfix/>
                           <swc:target>
                              <swc:WtPageName ptk:location="Input:289:3">
                                 <swc:content>sc:Nigéria</swc:content>
                                 <swc:rtd ptk:null="true"/>
                              </swc:WtPageName>
                           </swc:target>
                           <swc:title>
                              <swc:WtLinkTitle-WtNoLinkTitle/>
                           </swc:title>
                        </swc:WtInternalLink>
                        <ptk:t>
</ptk:t>
                        <swc:WtInternalLink>
                           <swc:rtd>c3EAfgARdXEAfgAVAAAAA3VxAH4AFwAAAAFxAH4ANXEAfgA2dXEAfgAXAAAAAXEAfgA4</swc:rtd>
                           <swc:prefix/>
                           <swc:postfix/>
                           <swc:target>
                              <swc:WtPageName ptk:location="Input:290:3">
                                 <swc:content>scn:Nigeria</swc:content>
                                 <swc:rtd ptk:null="true"/>
                              </swc:WtPageName>
                           </swc:target>
                           <swc:title>
                              <swc:WtLinkTitle-WtNoLinkTitle/>
                           </swc:title>
                        </swc:WtInternalLink>
                        <ptk:t>
</ptk:t>
                        <swc:WtInternalLink>
                           <swc:rtd>c3EAfgARdXEAfgAVAAAAA3VxAH4AFwAAAAFxAH4ANXEAfgA2dXEAfgAXAAAAAXEAfgA4</swc:rtd>
                           <swc:prefix/>
                           <swc:postfix/>
                           <swc:target>
                              <swc:WtPageName ptk:location="Input:291:3">
                                 <swc:content>sco:Nigerie</swc:content>
                                 <swc:rtd ptk:null="true"/>
                              </swc:WtPageName>
                           </swc:target>
                           <swc:title>
                              <swc:WtLinkTitle-WtNoLinkTitle/>
                           </swc:title>
                        </swc:WtInternalLink>
                        <ptk:t>
</ptk:t>
                        <swc:WtInternalLink>
                           <swc:rtd>c3EAfgARdXEAfgAVAAAAA3VxAH4AFwAAAAFxAH4ANXEAfgA2dXEAfgAXAAAAAXEAfgA4</swc:rtd>
                           <swc:prefix/>
                           <swc:postfix/>
                           <swc:target>
                              <swc:WtPageName ptk:location="Input:292:3">
                                 <swc:content>se:Nigeria</swc:content>
                                 <swc:rtd ptk:null="true"/>
                              </swc:WtPageName>
                           </swc:target>
                           <swc:title>
                              <swc:WtLinkTitle-WtNoLinkTitle/>
                           </swc:title>
                        </swc:WtInternalLink>
                        <ptk:t>
</ptk:t>
                        <swc:WtInternalLink>
                           <swc:rtd>c3EAfgARdXEAfgAVAAAAA3VxAH4AFwAAAAFxAH4ANXEAfgA2dXEAfgAXAAAAAXEAfgA4</swc:rtd>
                           <swc:prefix/>
                           <swc:postfix/>
                           <swc:target>
                              <swc:WtPageName ptk:location="Input:293:3">
                                 <swc:content>sg:Nizerïa</swc:content>
                                 <swc:rtd ptk:null="true"/>
                              </swc:WtPageName>
                           </swc:target>
                           <swc:title>
                              <swc:WtLinkTitle-WtNoLinkTitle/>
                           </swc:title>
                        </swc:WtInternalLink>
                        <ptk:t>
</ptk:t>
                        <swc:WtInternalLink>
                           <swc:rtd>c3EAfgARdXEAfgAVAAAAA3VxAH4AFwAAAAFxAH4ANXEAfgA2dXEAfgAXAAAAAXEAfgA4</swc:rtd>
                           <swc:prefix/>
                           <swc:postfix/>
                           <swc:target>
                              <swc:WtPageName ptk:location="Input:294:3">
                                 <swc:content>sh:Nigerija</swc:content>
                                 <swc:rtd ptk:null="true"/>
                              </swc:WtPageName>
                           </swc:target>
                           <swc:title>
                              <swc:WtLinkTitle-WtNoLinkTitle/>
                           </swc:title>
                        </swc:WtInternalLink>
                        <ptk:t>
</ptk:t>
                        <swc:WtInternalLink>
                           <swc:rtd>c3EAfgARdXEAfgAVAAAAA3VxAH4AFwAAAAFxAH4ANXEAfgA2dXEAfgAXAAAAAXEAfgA4</swc:rtd>
                           <swc:prefix/>
                           <swc:postfix/>
                           <swc:target>
                              <swc:WtPageName ptk:location="Input:295:3">
                                 <swc:content>simple:Nigeria</swc:content>
                                 <swc:rtd ptk:null="true"/>
                              </swc:WtPageName>
                           </swc:target>
                           <swc:title>
                              <swc:WtLinkTitle-WtNoLinkTitle/>
                           </swc:title>
                        </swc:WtInternalLink>
                        <ptk:t>
</ptk:t>
                        <swc:WtInternalLink>
                           <swc:rtd>c3EAfgARdXEAfgAVAAAAA3VxAH4AFwAAAAFxAH4ANXEAfgA2dXEAfgAXAAAAAXEAfgA4</swc:rtd>
                           <swc:prefix/>
                           <swc:postfix/>
                           <swc:target>
                              <swc:WtPageName ptk:location="Input:296:3">
                                 <swc:content>sk:Nigéria</swc:content>
                                 <swc:rtd ptk:null="true"/>
                              </swc:WtPageName>
                           </swc:target>
                           <swc:title>
                              <swc:WtLinkTitle-WtNoLinkTitle/>
                           </swc:title>
                        </swc:WtInternalLink>
                        <ptk:t>
</ptk:t>
                        <swc:WtInternalLink>
                           <swc:rtd>c3EAfgARdXEAfgAVAAAAA3VxAH4AFwAAAAFxAH4ANXEAfgA2dXEAfgAXAAAAAXEAfgA4</swc:rtd>
                           <swc:prefix/>
                           <swc:postfix/>
                           <swc:target>
                              <swc:WtPageName ptk:location="Input:297:3">
                                 <swc:content>sl:Nigerija</swc:content>
                                 <swc:rtd ptk:null="true"/>
                              </swc:WtPageName>
                           </swc:target>
                           <swc:title>
                              <swc:WtLinkTitle-WtNoLinkTitle/>
                           </swc:title>
                        </swc:WtInternalLink>
                        <ptk:t>
</ptk:t>
                        <swc:WtInternalLink>
                           <swc:rtd>c3EAfgARdXEAfgAVAAAAA3VxAH4AFwAAAAFxAH4ANXEAfgA2dXEAfgAXAAAAAXEAfgA4</swc:rtd>
                           <swc:prefix/>
                           <swc:postfix/>
                           <swc:target>
                              <swc:WtPageName ptk:location="Input:298:3">
                                 <swc:content>sn:Nigeria</swc:content>
                                 <swc:rtd ptk:null="true"/>
                              </swc:WtPageName>
                           </swc:target>
                           <swc:title>
                              <swc:WtLinkTitle-WtNoLinkTitle/>
                           </swc:title>
                        </swc:WtInternalLink>
                        <ptk:t>
</ptk:t>
                        <swc:WtInternalLink>
                           <swc:rtd>c3EAfgARdXEAfgAVAAAAA3VxAH4AFwAAAAFxAH4ANXEAfgA2dXEAfgAXAAAAAXEAfgA4</swc:rtd>
                           <swc:prefix/>
                           <swc:postfix/>
                           <swc:target>
                              <swc:WtPageName ptk:location="Input:299:3">
                                 <swc:content>so:Nayjeeriya</swc:content>
                                 <swc:rtd ptk:null="true"/>
                              </swc:WtPageName>
                           </swc:target>
                           <swc:title>
                              <swc:WtLinkTitle-WtNoLinkTitle/>
                           </swc:title>
                        </swc:WtInternalLink>
                        <ptk:t>
</ptk:t>
                        <swc:WtInternalLink>
                           <swc:rtd>c3EAfgARdXEAfgAVAAAAA3VxAH4AFwAAAAFxAH4ANXEAfgA2dXEAfgAXAAAAAXEAfgA4</swc:rtd>
                           <swc:prefix/>
                           <swc:postfix/>
                           <swc:target>
                              <swc:WtPageName ptk:location="Input:300:3">
                                 <swc:content>sq:Nigeria</swc:content>
                                 <swc:rtd ptk:null="true"/>
                              </swc:WtPageName>
                           </swc:target>
                           <swc:title>
                              <swc:WtLinkTitle-WtNoLinkTitle/>
                           </swc:title>
                        </swc:WtInternalLink>
                        <ptk:t>
</ptk:t>
                        <swc:WtInternalLink>
                           <swc:rtd>c3EAfgARdXEAfgAVAAAAA3VxAH4AFwAAAAFxAH4ANXEAfgA2dXEAfgAXAAAAAXEAfgA4</swc:rtd>
                           <swc:prefix/>
                           <swc:postfix/>
                           <swc:target>
                              <swc:WtPageName ptk:location="Input:301:3">
                                 <swc:content>sr:Нигерија</swc:content>
                                 <swc:rtd ptk:null="true"/>
                              </swc:WtPageName>
                           </swc:target>
                           <swc:title>
                              <swc:WtLinkTitle-WtNoLinkTitle/>
                           </swc:title>
                        </swc:WtInternalLink>
                        <ptk:t>
</ptk:t>
                        <swc:WtInternalLink>
                           <swc:rtd>c3EAfgARdXEAfgAVAAAAA3VxAH4AFwAAAAFxAH4ANXEAfgA2dXEAfgAXAAAAAXEAfgA4</swc:rtd>
                           <swc:prefix/>
                           <swc:postfix/>
                           <swc:target>
                              <swc:WtPageName ptk:location="Input:302:3">
                                 <swc:content>ss:INayijeriya</swc:content>
                                 <swc:rtd ptk:null="true"/>
                              </swc:WtPageName>
                           </swc:target>
                           <swc:title>
                              <swc:WtLinkTitle-WtNoLinkTitle/>
                           </swc:title>
                        </swc:WtInternalLink>
                        <ptk:t>
</ptk:t>
                        <swc:WtInternalLink>
                           <swc:rtd>c3EAfgARdXEAfgAVAAAAA3VxAH4AFwAAAAFxAH4ANXEAfgA2dXEAfgAXAAAAAXEAfgA4</swc:rtd>
                           <swc:prefix/>
                           <swc:postfix/>
                           <swc:target>
                              <swc:WtPageName ptk:location="Input:303:3">
                                 <swc:content>stq:Nigeria</swc:content>
                                 <swc:rtd ptk:null="true"/>
                              </swc:WtPageName>
                           </swc:target>
                           <swc:title>
                              <swc:WtLinkTitle-WtNoLinkTitle/>
                           </swc:title>
                        </swc:WtInternalLink>
                        <ptk:t>
</ptk:t>
                        <swc:WtInternalLink>
                           <swc:rtd>c3EAfgARdXEAfgAVAAAAA3VxAH4AFwAAAAFxAH4ANXEAfgA2dXEAfgAXAAAAAXEAfgA4</swc:rtd>
                           <swc:prefix/>
                           <swc:postfix/>
                           <swc:target>
                              <swc:WtPageName ptk:location="Input:304:3">
                                 <swc:content>su:Nigeria</swc:content>
                                 <swc:rtd ptk:null="true"/>
                              </swc:WtPageName>
                           </swc:target>
                           <swc:title>
                              <swc:WtLinkTitle-WtNoLinkTitle/>
                           </swc:title>
                        </swc:WtInternalLink>
                        <ptk:t>
</ptk:t>
                        <swc:WtInternalLink>
                           <swc:rtd>c3EAfgARdXEAfgAVAAAAA3VxAH4AFwAAAAFxAH4ANXEAfgA2dXEAfgAXAAAAAXEAfgA4</swc:rtd>
                           <swc:prefix/>
                           <swc:postfix/>
                           <swc:target>
                              <swc:WtPageName ptk:location="Input:305:3">
                                 <swc:content>sv:Nigeria</swc:content>
                                 <swc:rtd ptk:null="true"/>
                              </swc:WtPageName>
                           </swc:target>
                           <swc:title>
                              <swc:WtLinkTitle-WtNoLinkTitle/>
                           </swc:title>
                        </swc:WtInternalLink>
                        <ptk:t>
</ptk:t>
                        <swc:WtInternalLink>
                           <swc:rtd>c3EAfgARdXEAfgAVAAAAA3VxAH4AFwAAAAFxAH4ANXEAfgA2dXEAfgAXAAAAAXEAfgA4</swc:rtd>
                           <swc:prefix/>
                           <swc:postfix/>
                           <swc:target>
                              <swc:WtPageName ptk:location="Input:306:3">
                                 <swc:content>sw:Nigeria</swc:content>
                                 <swc:rtd ptk:null="true"/>
                              </swc:WtPageName>
                           </swc:target>
                           <swc:title>
                              <swc:WtLinkTitle-WtNoLinkTitle/>
                           </swc:title>
                        </swc:WtInternalLink>
                        <ptk:t>
</ptk:t>
                        <swc:WtInternalLink>
                           <swc:rtd>c3EAfgARdXEAfgAVAAAAA3VxAH4AFwAAAAFxAH4ANXEAfgA2dXEAfgAXAAAAAXEAfgA4</swc:rtd>
                           <swc:prefix/>
                           <swc:postfix/>
                           <swc:target>
                              <swc:WtPageName ptk:location="Input:307:3">
                                 <swc:content>szl:Ńigeryjo</swc:content>
                                 <swc:rtd ptk:null="true"/>
                              </swc:WtPageName>
                           </swc:target>
                           <swc:title>
                              <swc:WtLinkTitle-WtNoLinkTitle/>
                           </swc:title>
                        </swc:WtInternalLink>
                        <ptk:t>
</ptk:t>
                        <swc:WtInternalLink>
                           <swc:rtd>c3EAfgARdXEAfgAVAAAAA3VxAH4AFwAAAAFxAH4ANXEAfgA2dXEAfgAXAAAAAXEAfgA4</swc:rtd>
                           <swc:prefix/>
                           <swc:postfix/>
                           <swc:target>
                              <swc:WtPageName ptk:location="Input:308:3">
                                 <swc:content>ta:நைஜீரியா</swc:content>
                                 <swc:rtd ptk:null="true"/>
                              </swc:WtPageName>
                           </swc:target>
                           <swc:title>
                              <swc:WtLinkTitle-WtNoLinkTitle/>
                           </swc:title>
                        </swc:WtInternalLink>
                        <ptk:t>
</ptk:t>
                        <swc:WtInternalLink>
                           <swc:rtd>c3EAfgARdXEAfgAVAAAAA3VxAH4AFwAAAAFxAH4ANXEAfgA2dXEAfgAXAAAAAXEAfgA4</swc:rtd>
                           <swc:prefix/>
                           <swc:postfix/>
                           <swc:target>
                              <swc:WtPageName ptk:location="Input:309:3">
                                 <swc:content>te:నైజీరియా</swc:content>
                                 <swc:rtd ptk:null="true"/>
                              </swc:WtPageName>
                           </swc:target>
                           <swc:title>
                              <swc:WtLinkTitle-WtNoLinkTitle/>
                           </swc:title>
                        </swc:WtInternalLink>
                        <ptk:t>
</ptk:t>
                        <swc:WtInternalLink>
                           <swc:rtd>c3EAfgARdXEAfgAVAAAAA3VxAH4AFwAAAAFxAH4ANXEAfgA2dXEAfgAXAAAAAXEAfgA4</swc:rtd>
                           <swc:prefix/>
                           <swc:postfix/>
                           <swc:target>
                              <swc:WtPageName ptk:location="Input:310:3">
                                 <swc:content>tg:Ниҷерия</swc:content>
                                 <swc:rtd ptk:null="true"/>
                              </swc:WtPageName>
                           </swc:target>
                           <swc:title>
                              <swc:WtLinkTitle-WtNoLinkTitle/>
                           </swc:title>
                        </swc:WtInternalLink>
                        <ptk:t>
</ptk:t>
                        <swc:WtInternalLink>
                           <swc:rtd>c3EAfgARdXEAfgAVAAAAA3VxAH4AFwAAAAFxAH4ANXEAfgA2dXEAfgAXAAAAAXEAfgA4</swc:rtd>
                           <swc:prefix/>
                           <swc:postfix/>
                           <swc:target>
                              <swc:WtPageName ptk:location="Input:311:3">
                                 <swc:content>th:ประเทศไนจีเรีย</swc:content>
                                 <swc:rtd ptk:null="true"/>
                              </swc:WtPageName>
                           </swc:target>
                           <swc:title>
                              <swc:WtLinkTitle-WtNoLinkTitle/>
                           </swc:title>
                        </swc:WtInternalLink>
                        <ptk:t>
</ptk:t>
                        <swc:WtInternalLink>
                           <swc:rtd>c3EAfgARdXEAfgAVAAAAA3VxAH4AFwAAAAFxAH4ANXEAfgA2dXEAfgAXAAAAAXEAfgA4</swc:rtd>
                           <swc:prefix/>
                           <swc:postfix/>
                           <swc:target>
                              <swc:WtPageName ptk:location="Input:312:3">
                                 <swc:content>ti:ናይጂሪያ</swc:content>
                                 <swc:rtd ptk:null="true"/>
                              </swc:WtPageName>
                           </swc:target>
                           <swc:title>
                              <swc:WtLinkTitle-WtNoLinkTitle/>
                           </swc:title>
                        </swc:WtInternalLink>
                        <ptk:t>
</ptk:t>
                        <swc:WtInternalLink>
                           <swc:rtd>c3EAfgARdXEAfgAVAAAAA3VxAH4AFwAAAAFxAH4ANXEAfgA2dXEAfgAXAAAAAXEAfgA4</swc:rtd>
                           <swc:prefix/>
                           <swc:postfix/>
                           <swc:target>
                              <swc:WtPageName ptk:location="Input:313:3">
                                 <swc:content>tk:Nigeriýa</swc:content>
                                 <swc:rtd ptk:null="true"/>
                              </swc:WtPageName>
                           </swc:target>
                           <swc:title>
                              <swc:WtLinkTitle-WtNoLinkTitle/>
                           </swc:title>
                        </swc:WtInternalLink>
                        <ptk:t>
</ptk:t>
                        <swc:WtInternalLink>
                           <swc:rtd>c3EAfgARdXEAfgAVAAAAA3VxAH4AFwAAAAFxAH4ANXEAfgA2dXEAfgAXAAAAAXEAfgA4</swc:rtd>
                           <swc:prefix/>
                           <swc:postfix/>
                           <swc:target>
                              <swc:WtPageName ptk:location="Input:314:3">
                                 <swc:content>tl:Niherya</swc:content>
                                 <swc:rtd ptk:null="true"/>
                              </swc:WtPageName>
                           </swc:target>
                           <swc:title>
                              <swc:WtLinkTitle-WtNoLinkTitle/>
                           </swc:title>
                        </swc:WtInternalLink>
                        <ptk:t>
</ptk:t>
                        <swc:WtInternalLink>
                           <swc:rtd>c3EAfgARdXEAfgAVAAAAA3VxAH4AFwAAAAFxAH4ANXEAfgA2dXEAfgAXAAAAAXEAfgA4</swc:rtd>
                           <swc:prefix/>
                           <swc:postfix/>
                           <swc:target>
                              <swc:WtPageName ptk:location="Input:315:3">
                                 <swc:content>tpi:Naijiria</swc:content>
                                 <swc:rtd ptk:null="true"/>
                              </swc:WtPageName>
                           </swc:target>
                           <swc:title>
                              <swc:WtLinkTitle-WtNoLinkTitle/>
                           </swc:title>
                        </swc:WtInternalLink>
                        <ptk:t>
</ptk:t>
                        <swc:WtInternalLink>
                           <swc:rtd>c3EAfgARdXEAfgAVAAAAA3VxAH4AFwAAAAFxAH4ANXEAfgA2dXEAfgAXAAAAAXEAfgA4</swc:rtd>
                           <swc:prefix/>
                           <swc:postfix/>
                           <swc:target>
                              <swc:WtPageName ptk:location="Input:316:3">
                                 <swc:content>tr:Nijerya</swc:content>
                                 <swc:rtd ptk:null="true"/>
                              </swc:WtPageName>
                           </swc:target>
                           <swc:title>
                              <swc:WtLinkTitle-WtNoLinkTitle/>
                           </swc:title>
                        </swc:WtInternalLink>
                        <ptk:t>
</ptk:t>
                        <swc:WtInternalLink>
                           <swc:rtd>c3EAfgARdXEAfgAVAAAAA3VxAH4AFwAAAAFxAH4ANXEAfgA2dXEAfgAXAAAAAXEAfgA4</swc:rtd>
                           <swc:prefix/>
                           <swc:postfix/>
                           <swc:target>
                              <swc:WtPageName ptk:location="Input:317:3">
                                 <swc:content>ts:Nigeria</swc:content>
                                 <swc:rtd ptk:null="true"/>
                              </swc:WtPageName>
                           </swc:target>
                           <swc:title>
                              <swc:WtLinkTitle-WtNoLinkTitle/>
                           </swc:title>
                        </swc:WtInternalLink>
                        <ptk:t>
</ptk:t>
                        <swc:WtInternalLink>
                           <swc:rtd>c3EAfgARdXEAfgAVAAAAA3VxAH4AFwAAAAFxAH4ANXEAfgA2dXEAfgAXAAAAAXEAfgA4</swc:rtd>
                           <swc:prefix/>
                           <swc:postfix/>
                           <swc:target>
                              <swc:WtPageName ptk:location="Input:318:3">
                                 <swc:content>tt:Нигерия</swc:content>
                                 <swc:rtd ptk:null="true"/>
                              </swc:WtPageName>
                           </swc:target>
                           <swc:title>
                              <swc:WtLinkTitle-WtNoLinkTitle/>
                           </swc:title>
                        </swc:WtInternalLink>
                        <ptk:t>
</ptk:t>
                        <swc:WtInternalLink>
                           <swc:rtd>c3EAfgARdXEAfgAVAAAAA3VxAH4AFwAAAAFxAH4ANXEAfgA2dXEAfgAXAAAAAXEAfgA4</swc:rtd>
                           <swc:prefix/>
                           <swc:postfix/>
                           <swc:target>
                              <swc:WtPageName ptk:location="Input:319:3">
                                 <swc:content>ug:نىگېرىيە</swc:content>
                                 <swc:rtd ptk:null="true"/>
                              </swc:WtPageName>
                           </swc:target>
                           <swc:title>
                              <swc:WtLinkTitle-WtNoLinkTitle/>
                           </swc:title>
                        </swc:WtInternalLink>
                        <ptk:t>
</ptk:t>
                        <swc:WtInternalLink>
                           <swc:rtd>c3EAfgARdXEAfgAVAAAAA3VxAH4AFwAAAAFxAH4ANXEAfgA2dXEAfgAXAAAAAXEAfgA4</swc:rtd>
                           <swc:prefix/>
                           <swc:postfix/>
                           <swc:target>
                              <swc:WtPageName ptk:location="Input:320:3">
                                 <swc:content>uk:Нігерія</swc:content>
                                 <swc:rtd ptk:null="true"/>
                              </swc:WtPageName>
                           </swc:target>
                           <swc:title>
                              <swc:WtLinkTitle-WtNoLinkTitle/>
                           </swc:title>
                        </swc:WtInternalLink>
                        <ptk:t>
</ptk:t>
                        <swc:WtInternalLink>
                           <swc:rtd>c3EAfgARdXEAfgAVAAAAA3VxAH4AFwAAAAFxAH4ANXEAfgA2dXEAfgAXAAAAAXEAfgA4</swc:rtd>
                           <swc:prefix/>
                           <swc:postfix/>
                           <swc:target>
                              <swc:WtPageName ptk:location="Input:321:3">
                                 <swc:content>ur:نائجیریا</swc:content>
                                 <swc:rtd ptk:null="true"/>
                              </swc:WtPageName>
                           </swc:target>
                           <swc:title>
                              <swc:WtLinkTitle-WtNoLinkTitle/>
                           </swc:title>
                        </swc:WtInternalLink>
                        <ptk:t>
</ptk:t>
                        <swc:WtInternalLink>
                           <swc:rtd>c3EAfgARdXEAfgAVAAAAA3VxAH4AFwAAAAFxAH4ANXEAfgA2dXEAfgAXAAAAAXEAfgA4</swc:rtd>
                           <swc:prefix/>
                           <swc:postfix/>
                           <swc:target>
                              <swc:WtPageName ptk:location="Input:322:3">
                                 <swc:content>uz:Nigeriya</swc:content>
                                 <swc:rtd ptk:null="true"/>
                              </swc:WtPageName>
                           </swc:target>
                           <swc:title>
                              <swc:WtLinkTitle-WtNoLinkTitle/>
                           </swc:title>
                        </swc:WtInternalLink>
                        <ptk:t>
</ptk:t>
                        <swc:WtInternalLink>
                           <swc:rtd>c3EAfgARdXEAfgAVAAAAA3VxAH4AFwAAAAFxAH4ANXEAfgA2dXEAfgAXAAAAAXEAfgA4</swc:rtd>
                           <swc:prefix/>
                           <swc:postfix/>
                           <swc:target>
                              <swc:WtPageName ptk:location="Input:323:3">
                                 <swc:content>vec:Nigeria</swc:content>
                                 <swc:rtd ptk:null="true"/>
                              </swc:WtPageName>
                           </swc:target>
                           <swc:title>
                              <swc:WtLinkTitle-WtNoLinkTitle/>
                           </swc:title>
                        </swc:WtInternalLink>
                        <ptk:t>
</ptk:t>
                        <swc:WtInternalLink>
                           <swc:rtd>c3EAfgARdXEAfgAVAAAAA3VxAH4AFwAAAAFxAH4ANXEAfgA2dXEAfgAXAAAAAXEAfgA4</swc:rtd>
                           <swc:prefix/>
                           <swc:postfix/>
                           <swc:target>
                              <swc:WtPageName ptk:location="Input:324:3">
                                 <swc:content>vi:Nigeria</swc:content>
                                 <swc:rtd ptk:null="true"/>
                              </swc:WtPageName>
                           </swc:target>
                           <swc:title>
                              <swc:WtLinkTitle-WtNoLinkTitle/>
                           </swc:title>
                        </swc:WtInternalLink>
                        <ptk:t>
</ptk:t>
                        <swc:WtInternalLink>
                           <swc:rtd>c3EAfgARdXEAfgAVAAAAA3VxAH4AFwAAAAFxAH4ANXEAfgA2dXEAfgAXAAAAAXEAfgA4</swc:rtd>
                           <swc:prefix/>
                           <swc:postfix/>
                           <swc:target>
                              <swc:WtPageName ptk:location="Input:325:3">
                                 <swc:content>vo:Nigeriyän</swc:content>
                                 <swc:rtd ptk:null="true"/>
                              </swc:WtPageName>
                           </swc:target>
                           <swc:title>
                              <swc:WtLinkTitle-WtNoLinkTitle/>
                           </swc:title>
                        </swc:WtInternalLink>
                        <ptk:t>
</ptk:t>
                        <swc:WtInternalLink>
                           <swc:rtd>c3EAfgARdXEAfgAVAAAAA3VxAH4AFwAAAAFxAH4ANXEAfgA2dXEAfgAXAAAAAXEAfgA4</swc:rtd>
                           <swc:prefix/>
                           <swc:postfix/>
                           <swc:target>
                              <swc:WtPageName ptk:location="Input:326:3">
                                 <swc:content>wa:Nidjeria</swc:content>
                                 <swc:rtd ptk:null="true"/>
                              </swc:WtPageName>
                           </swc:target>
                           <swc:title>
                              <swc:WtLinkTitle-WtNoLinkTitle/>
                           </swc:title>
                        </swc:WtInternalLink>
                        <ptk:t>
</ptk:t>
                        <swc:WtInternalLink>
                           <swc:rtd>c3EAfgARdXEAfgAVAAAAA3VxAH4AFwAAAAFxAH4ANXEAfgA2dXEAfgAXAAAAAXEAfgA4</swc:rtd>
                           <swc:prefix/>
                           <swc:postfix/>
                           <swc:target>
                              <swc:WtPageName ptk:location="Input:327:3">
                                 <swc:content>war:Nigerya</swc:content>
                                 <swc:rtd ptk:null="true"/>
                              </swc:WtPageName>
                           </swc:target>
                           <swc:title>
                              <swc:WtLinkTitle-WtNoLinkTitle/>
                           </swc:title>
                        </swc:WtInternalLink>
                        <ptk:t>
</ptk:t>
                        <swc:WtInternalLink>
                           <swc:rtd>c3EAfgARdXEAfgAVAAAAA3VxAH4AFwAAAAFxAH4ANXEAfgA2dXEAfgAXAAAAAXEAfgA4</swc:rtd>
                           <swc:prefix/>
                           <swc:postfix/>
                           <swc:target>
                              <swc:WtPageName ptk:location="Input:328:3">
                                 <swc:content>wuu:尼日利亚</swc:content>
                                 <swc:rtd ptk:null="true"/>
                              </swc:WtPageName>
                           </swc:target>
                           <swc:title>
                              <swc:WtLinkTitle-WtNoLinkTitle/>
                           </swc:title>
                        </swc:WtInternalLink>
                        <ptk:t>
</ptk:t>
                        <swc:WtInternalLink>
                           <swc:rtd>c3EAfgARdXEAfgAVAAAAA3VxAH4AFwAAAAFxAH4ANXEAfgA2dXEAfgAXAAAAAXEAfgA4</swc:rtd>
                           <swc:prefix/>
                           <swc:postfix/>
                           <swc:target>
                              <swc:WtPageName ptk:location="Input:329:3">
                                 <swc:content>xal:Нигермудин Ниицәтә Орн</swc:content>
                                 <swc:rtd ptk:null="true"/>
                              </swc:WtPageName>
                           </swc:target>
                           <swc:title>
                              <swc:WtLinkTitle-WtNoLinkTitle/>
                           </swc:title>
                        </swc:WtInternalLink>
                        <ptk:t>
</ptk:t>
                        <swc:WtInternalLink>
                           <swc:rtd>c3EAfgARdXEAfgAVAAAAA3VxAH4AFwAAAAFxAH4ANXEAfgA2dXEAfgAXAAAAAXEAfgA4</swc:rtd>
                           <swc:prefix/>
                           <swc:postfix/>
                           <swc:target>
                              <swc:WtPageName ptk:location="Input:330:3">
                                 <swc:content>xh:INigeria</swc:content>
                                 <swc:rtd ptk:null="true"/>
                              </swc:WtPageName>
                           </swc:target>
                           <swc:title>
                              <swc:WtLinkTitle-WtNoLinkTitle/>
                           </swc:title>
                        </swc:WtInternalLink>
                        <ptk:t>
</ptk:t>
                        <swc:WtInternalLink>
                           <swc:rtd>c3EAfgARdXEAfgAVAAAAA3VxAH4AFwAAAAFxAH4ANXEAfgA2dXEAfgAXAAAAAXEAfgA4</swc:rtd>
                           <swc:prefix/>
                           <swc:postfix/>
                           <swc:target>
                              <swc:WtPageName ptk:location="Input:331:3">
                                 <swc:content>yi:ניגעריע</swc:content>
                                 <swc:rtd ptk:null="true"/>
                              </swc:WtPageName>
                           </swc:target>
                           <swc:title>
                              <swc:WtLinkTitle-WtNoLinkTitle/>
                           </swc:title>
                        </swc:WtInternalLink>
                        <ptk:t>
</ptk:t>
                        <swc:WtInternalLink>
                           <swc:rtd>c3EAfgARdXEAfgAVAAAAA3VxAH4AFwAAAAFxAH4ANXEAfgA2dXEAfgAXAAAAAXEAfgA4</swc:rtd>
                           <swc:prefix/>
                           <swc:postfix/>
                           <swc:target>
                              <swc:WtPageName ptk:location="Input:332:3">
                                 <swc:content>yo:Nàìjíríà</swc:content>
                                 <swc:rtd ptk:null="true"/>
                              </swc:WtPageName>
                           </swc:target>
                           <swc:title>
                              <swc:WtLinkTitle-WtNoLinkTitle/>
                           </swc:title>
                        </swc:WtInternalLink>
                        <ptk:t>
</ptk:t>
                        <swc:WtInternalLink>
                           <swc:rtd>c3EAfgARdXEAfgAVAAAAA3VxAH4AFwAAAAFxAH4ANXEAfgA2dXEAfgAXAAAAAXEAfgA4</swc:rtd>
                           <swc:prefix/>
                           <swc:postfix/>
                           <swc:target>
                              <swc:WtPageName ptk:location="Input:333:3">
                                 <swc:content>za:Nizywlihya</swc:content>
                                 <swc:rtd ptk:null="true"/>
                              </swc:WtPageName>
                           </swc:target>
                           <swc:title>
                              <swc:WtLinkTitle-WtNoLinkTitle/>
                           </swc:title>
                        </swc:WtInternalLink>
                        <ptk:t>
</ptk:t>
                        <swc:WtInternalLink>
                           <swc:rtd>c3EAfgARdXEAfgAVAAAAA3VxAH4AFwAAAAFxAH4ANXEAfgA2dXEAfgAXAAAAAXEAfgA4</swc:rtd>
                           <swc:prefix/>
                           <swc:postfix/>
                           <swc:target>
                              <swc:WtPageName ptk:location="Input:334:3">
                                 <swc:content>zh:奈及利亞</swc:content>
                                 <swc:rtd ptk:null="true"/>
                              </swc:WtPageName>
                           </swc:target>
                           <swc:title>
                              <swc:WtLinkTitle-WtNoLinkTitle/>
                           </swc:title>
                        </swc:WtInternalLink>
                        <ptk:t>
</ptk:t>
                        <swc:WtInternalLink>
                           <swc:rtd>c3EAfgARdXEAfgAVAAAAA3VxAH4AFwAAAAFxAH4ANXEAfgA2dXEAfgAXAAAAAXEAfgA4</swc:rtd>
                           <swc:prefix/>
                           <swc:postfix/>
                           <swc:target>
                              <swc:WtPageName ptk:location="Input:335:3">
                                 <swc:content>zh-classical:尼日利亞</swc:content>
                                 <swc:rtd ptk:null="true"/>
                              </swc:WtPageName>
                           </swc:target>
                           <swc:title>
                              <swc:WtLinkTitle-WtNoLinkTitle/>
                           </swc:title>
                        </swc:WtInternalLink>
                        <ptk:t>
</ptk:t>
                        <swc:WtInternalLink>
                           <swc:rtd>c3EAfgARdXEAfgAVAAAAA3VxAH4AFwAAAAFxAH4ANXEAfgA2dXEAfgAXAAAAAXEAfgA4</swc:rtd>
                           <swc:prefix/>
                           <swc:postfix/>
                           <swc:target>
                              <swc:WtPageName ptk:location="Input:336:3">
                                 <swc:content>zh-min-nan:Nigeria</swc:content>
                                 <swc:rtd ptk:null="true"/>
                              </swc:WtPageName>
                           </swc:target>
                           <swc:title>
                              <swc:WtLinkTitle-WtNoLinkTitle/>
                           </swc:title>
                        </swc:WtInternalLink>
                        <ptk:t>
</ptk:t>
                        <swc:WtInternalLink>
                           <swc:rtd>c3EAfgARdXEAfgAVAAAAA3VxAH4AFwAAAAFxAH4ANXEAfgA2dXEAfgAXAAAAAXEAfgA4</swc:rtd>
                           <swc:prefix/>
                           <swc:postfix/>
                           <swc:target>
                              <swc:WtPageName ptk:location="Input:337:3">
                                 <swc:content>zh-yue:尼日利亞</swc:content>
                                 <swc:rtd ptk:null="true"/>
                              </swc:WtPageName>
                           </swc:target>
                           <swc:title>
                              <swc:WtLinkTitle-WtNoLinkTitle/>
                           </swc:title>
                        </swc:WtInternalLink>
                        <ptk:t>
</ptk:t>
                        <swc:WtInternalLink>
                           <swc:rtd>c3EAfgARdXEAfgAVAAAAA3VxAH4AFwAAAAFxAH4ANXEAfgA2dXEAfgAXAAAAAXEAfgA4</swc:rtd>
                           <swc:prefix/>
                           <swc:postfix/>
                           <swc:target>
                              <swc:WtPageName ptk:location="Input:338:3">
                                 <swc:content>zu:INigeria</swc:content>
                                 <swc:rtd ptk:null="true"/>
                              </swc:WtPageName>
                           </swc:target>
                           <swc:title>
                              <swc:WtLinkTitle-WtNoLinkTitle/>
                           </swc:title>
                        </swc:WtInternalLink>
                     </swc:WtParagraph>
                  </swc:WtBody-WtBodyImpl>
               </swc:body>
            </swc:WtSection>
         </swc:EngPage>
      </swc:page>
   </swc:EngCompiledPage>
</ptk:ast>
