Warning: Target:195:70: <no content> : 12.2.5.4.7 - R52 (2) @ WtXmlEndTag.
Warning: <no location>: <no content> : 12.2.5.4.7 - R22 (2) @ WtXmlEndTag.
Warning: Target:204:39: <no content> : 12.2.5.4.7 - R52 (2) @ WtXmlEndTag.
Warning: <no location>: <no content> : 12.2.5.4.7 - R22 (2) @ WtXmlEndTag.
Warning: Target:213:42: <no content> : 12.2.5.4.7 - R52 (2) @ WtXmlEndTag.
Warning: <no location>: <no content> : 12.2.5.4.7 - R22 (2) @ WtXmlEndTag.
Warning: Target:222:83: <no content> : 12.2.5.4.7 - R52 (2) @ WtXmlEndTag.
Warning: <no location>: <no content> : 12.2.5.4.7 - R22 (2) @ WtXmlEndTag.
Warning: Target:231:57: <no content> : 12.2.5.4.7 - R52 (2) @ WtXmlEndTag.
Warning: <no location>: <no content> : 12.2.5.4.7 - R22 (2) @ WtXmlEndTag.
Warning: Target:240:50: <no content> : 12.2.5.4.7 - R52 (2) @ WtXmlEndTag.
Warning: <no location>: <no content> : 12.2.5.4.7 - R22 (2) @ WtXmlEndTag.
Warning: Target:249:57: <no content> : 12.2.5.4.7 - R52 (2) @ WtXmlEndTag.
Warning: <no location>: <no content> : 12.2.5.4.7 - R22 (2) @ WtXmlEndTag.
Warning: Target:259:3: <no content> : 12.2.5.4.7 - R52 (2) @ WtXmlEndTag.
Warning: Target:260:3: <no content> : 12.2.5.4.7 - R20 (2) @ WtXmlEndTag.
<?xml version="1.0" encoding="UTF-8"?>
<ptk:ast xmlns:ptk="http://sweble.org/doc/site/tooling/parser-toolkit/ptk-xml-tools">
   <ptk:EngCompiledPage>
      <ptk:log>rO0ABXNyAC9vcmcuc3dlYmxlLndpa2l0ZXh0LmVuZ2luZS5sb2dub2Rlcy5Db21waWxlckxvZwAAAAAAAAABAgACTAAIcmV2aXNpb250ABBMamF2YS9sYW5nL0xvbmc7TAAFdGl0bGV0ABJMamF2YS9sYW5nL1N0cmluZzt4cgAwb3JnLnN3ZWJsZS53aWtpdGV4dC5lbmdpbmUubG9nbm9kZXMuTG9nQ29udGFpbmVy7Q4ee8hpQHgCAAB4cgAsZGUuZmF1LmNzLm9zci5wdGsuY29tbW9uLmFzdC5Bc3ROb2RlTGlzdEltcGzKfs7OEEjHJgIAAUwACGNoaWxkcmVudAAWTGphdmEvdXRpbC9MaW5rZWRMaXN0O3hyADFkZS5mYXUuY3Mub3NyLnB0ay5jb21tb24uYXN0LkFzdEFic3RyYWN0SW5uZXJOb2RlNo6MRAYzeeQCAAB4cgAoZGUuZmF1LmNzLm9zci5wdGsuY29tbW9uLmFzdC5Bc3ROb2RlSW1wbC5DFf5pXbpSAgACTAAKYXR0cmlidXRlc3QAE0xqYXZhL3V0aWwvSGFzaE1hcDtMAAhsb2NhdGlvbnQAKkxkZS9mYXUvY3Mvb3NyL3B0ay9jb21tb24vYXN0L0FzdExvY2F0aW9uO3hwcHBzcgAUamF2YS51dGlsLkxpbmtlZExpc3QMKVNdSmCIIgMAAHhwdwQAAAAAeHNyAA5qYXZhLmxhbmcuTG9uZzuL5JDMjyPfAgABSgAFdmFsdWV4cgAQamF2YS5sYW5nLk51bWJlcoaslR0LlOCLAgAAeHAAAAAAAAAAAHQABlRhcmdldA==</ptk:log>
      <ptk:warnings>c3EAfgALdwQAAAAQc3IAO29yZy5zd2VibGUud2lraXRleHQucGFyc2VyLnBvc3Rwcm9jZXNzb3IuVHJlZUJ1aWxkZXJXYXJuaW5nzaL+Wx903gICAAFMAAd0cmlnZ2VydAApTG9yZy9zd2VibGUvd2lraXRleHQvcGFyc2VyL25vZGVzL1d0Tm9kZTt4cgAgZGUuZmF1LmNzLm9zci5wdGsuY29tbW9uLldhcm5pbmcAAAAAAAAAAQIAA0wAB21lc3NhZ2VxAH4AAkwABm9yaWdpbnEAfgACTAAEc3BhbnQAI0xkZS9mYXUvY3Mvb3NyL3B0ay9jb21tb24vYXN0L1NwYW47eHB0ACIxMi4yLjUuNC43IC0gUjUyICgyKSBAIFd0WG1sRW5kVGFndAALVHJlZUJ1aWxkZXJzcgAhZGUuZmF1LmNzLm9zci5wdGsuY29tbW9uLmFzdC5TcGFuAAAAAAAAAAECAANMAAdjb250ZW50cQB+AAJMAARmcm9tcQB+AAlMAAJ0b3EAfgAJeHBwc3IAKGRlLmZhdS5jcy5vc3IucHRrLmNvbW1vbi5hc3QuQXN0TG9jYXRpb24AAAAAAAAAAQIAA0kABmNvbHVtbkkABGxpbmVMAARmaWxlcQB+AAJ4cAAAAEYAAADDdAAGVGFyZ2V0cQB+ABxzcgAsb3JnLnN3ZWJsZS53aWtpdGV4dC5wYXJzZXIubm9kZXMuV3RYbWxFbmRUYWcAAAAAAAAAAQIAAUwABG5hbWVxAH4AAnhyACtvcmcuc3dlYmxlLndpa2l0ZXh0LnBhcnNlci5ub2Rlcy5XdExlYWZOb2Rl4+hqAwMyWRQCAAFMAANydGR0ACVMb3JnL3N3ZWJsZS93aWtpdGV4dC9wYXJzZXIvV3RSdERhdGE7eHIALGRlLmZhdS5jcy5vc3IucHRrLmNvbW1vbi5hc3QuQXN0TGVhZk5vZGVJbXBsKrpBcjG3CY4CAAB4cQB+AAdwcQB+ABxzcgAjb3JnLnN3ZWJsZS53aWtpdGV4dC5wYXJzZXIuV3RSdERhdGEAAAAAAAAAAQIAAHhyACNkZS5mYXUuY3Mub3NyLnB0ay5jb21tb24uYXN0LlJ0RGF0YQAAAAAAAAABAgABWwAGZmllbGRzdAAUW1tMamF2YS9sYW5nL09iamVjdDt4cHVyABRbW0xqYXZhLmxhbmcuT2JqZWN0Oxi/+1Pka9vKAgAAeHAAAAABdXIAE1tMamF2YS5sYW5nLk9iamVjdDuQzlifEHMpbAIAAHhwAAAAAXQABzwvc3Bhbj50AARzcGFuc3EAfgASdAAiMTIuMi41LjQuNyAtIFIyMiAoMikgQCBXdFhtbEVuZFRhZ3QAC1RyZWVCdWlsZGVyc3EAfgAZcHBwc3EAfgAec3IAEWphdmEudXRpbC5IYXNoTWFwBQfawcMWYNEDAAJGAApsb2FkRmFjdG9ySQAJdGhyZXNob2xkeHA/QAAAAAAADHcIAAAAEAAAAAF0AAlzeW50aGV0aWNzcgARamF2YS5sYW5nLkJvb2xlYW7NIHKA1Zz67gIAAVoABXZhbHVleHABeHBwdAABcHNxAH4AEnQAIjEyLjIuNS40LjcgLSBSNTIgKDIpIEAgV3RYbWxFbmRUYWd0AAtUcmVlQnVpbGRlcnNxAH4AGXBzcQB+ABsAAAAnAAAAzHEAfgAdcQB+ADxzcQB+AB5wcQB+ADxzcQB+ACN1cQB+ACcAAAABdXEAfgApAAAAAXQABzwvc3Bhbj50AARzcGFuc3EAfgASdAAiMTIuMi41LjQuNyAtIFIyMiAoMikgQCBXdFhtbEVuZFRhZ3QAC1RyZWVCdWlsZGVyc3EAfgAZcHBwc3EAfgAec3EAfgAyP0AAAAAAAAx3CAAAABAAAAABcQB+ADRxAH4ANnhwcHEAfgA3c3EAfgASdAAiMTIuMi41LjQuNyAtIFI1MiAoMikgQCBXdFhtbEVuZFRhZ3QAC1RyZWVCdWlsZGVyc3EAfgAZcHNxAH4AGwAAACoAAADVcQB+AB1xAH4ATXNxAH4AHnBxAH4ATXNxAH4AI3VxAH4AJwAAAAF1cQB+ACkAAAABdAAHPC9zcGFuPnQABHNwYW5zcQB+ABJ0ACIxMi4yLjUuNC43IC0gUjIyICgyKSBAIFd0WG1sRW5kVGFndAALVHJlZUJ1aWxkZXJzcQB+ABlwcHBzcQB+AB5zcQB+ADI/QAAAAAAADHcIAAAAEAAAAAFxAH4ANHEAfgA2eHBwcQB+ADdzcQB+ABJ0ACIxMi4yLjUuNC43IC0gUjUyICgyKSBAIFd0WG1sRW5kVGFndAALVHJlZUJ1aWxkZXJzcQB+ABlwc3EAfgAbAAAAUwAAAN5xAH4AHXEAfgBec3EAfgAecHEAfgBec3EAfgAjdXEAfgAnAAAAAXVxAH4AKQAAAAF0AAc8L3NwYW4+dAAEc3BhbnNxAH4AEnQAIjEyLjIuNS40LjcgLSBSMjIgKDIpIEAgV3RYbWxFbmRUYWd0AAtUcmVlQnVpbGRlcnNxAH4AGXBwcHNxAH4AHnNxAH4AMj9AAAAAAAAMdwgAAAAQAAAAAXEAfgA0cQB+ADZ4cHBxAH4AN3NxAH4AEnQAIjEyLjIuNS40LjcgLSBSNTIgKDIpIEAgV3RYbWxFbmRUYWd0AAtUcmVlQnVpbGRlcnNxAH4AGXBzcQB+ABsAAAA5AAAA53EAfgAdcQB+AG9zcQB+AB5wcQB+AG9zcQB+ACN1cQB+ACcAAAABdXEAfgApAAAAAXQABzwvc3Bhbj50AARzcGFuc3EAfgASdAAiMTIuMi41LjQuNyAtIFIyMiAoMikgQCBXdFhtbEVuZFRhZ3QAC1RyZWVCdWlsZGVyc3EAfgAZcHBwc3EAfgAec3EAfgAyP0AAAAAAAAx3CAAAABAAAAABcQB+ADRxAH4ANnhwcHEAfgA3c3EAfgASdAAiMTIuMi41LjQuNyAtIFI1MiAoMikgQCBXdFhtbEVuZFRhZ3QAC1RyZWVCdWlsZGVyc3EAfgAZcHNxAH4AGwAAADIAAADwcQB+AB1xAH4AgHNxAH4AHnBxAH4AgHNxAH4AI3VxAH4AJwAAAAF1cQB+ACkAAAABdAAHPC9zcGFuPnQABHNwYW5zcQB+ABJ0ACIxMi4yLjUuNC43IC0gUjIyICgyKSBAIFd0WG1sRW5kVGFndAALVHJlZUJ1aWxkZXJzcQB+ABlwcHBzcQB+AB5zcQB+ADI/QAAAAAAADHcIAAAAEAAAAAFxAH4ANHEAfgA2eHBwcQB+ADdzcQB+ABJ0ACIxMi4yLjUuNC43IC0gUjUyICgyKSBAIFd0WG1sRW5kVGFndAALVHJlZUJ1aWxkZXJzcQB+ABlwc3EAfgAbAAAAOQAAAPlxAH4AHXEAfgCRc3EAfgAecHEAfgCRc3EAfgAjdXEAfgAnAAAAAXVxAH4AKQAAAAF0AAc8L3NwYW4+dAAEc3BhbnNxAH4AEnQAIjEyLjIuNS40LjcgLSBSMjIgKDIpIEAgV3RYbWxFbmRUYWd0AAtUcmVlQnVpbGRlcnNxAH4AGXBwcHNxAH4AHnNxAH4AMj9AAAAAAAAMdwgAAAAQAAAAAXEAfgA0cQB+ADZ4cHBxAH4AN3NxAH4AEnQAIjEyLjIuNS40LjcgLSBSNTIgKDIpIEAgV3RYbWxFbmRUYWd0AAtUcmVlQnVpbGRlcnNxAH4AGXBzcQB+ABsAAAADAAABA3EAfgAdcQB+AKJzcQB+AB5wcQB+AKJzcQB+ACN1cQB+ACcAAAABdXEAfgApAAAAAXQABzwvc3Bhbj50AARzcGFuc3EAfgASdAAiMTIuMi41LjQuNyAtIFIyMCAoMikgQCBXdFhtbEVuZFRhZ3QAC1RyZWVCdWlsZGVyc3EAfgAZcHNxAH4AGwAAAAMAAAEEcQB+AB1xAH4ArXNxAH4AHnBxAH4ArXNxAH4AI3VxAH4AJwAAAAF1cQB+ACkAAAABdAAGPC9kaXY+dAADZGl2eA==</ptk:warnings>
      <ptk:entityMap null="true"/>
      <ptk:page>
         <ptk:l>
            <ptk:l/>
            <ptk:WtXmlElement>
               <ptk:rtd>c3EAfgAjdXEAfgAnAAAAA3VxAH4AKQAAAAF0AAY8dGFibGV1cQB+ACkAAAABdAABPnVxAH4AKQAAAAA=</ptk:rtd>
               <ptk:name>table</ptk:name>
               <ptk:xmlAttributes>
                  <ptk:l location="Target:1:7">
                     <ptk:WtXmlAttribute location="Target:1:7">
                        <ptk:rtd>c3EAfgAjdXEAfgAnAAAAAnVxAH4AKQAAAAF0AAggY2xhc3M9InVxAH4AKQAAAAF0AAEi</ptk:rtd>
                        <ptk:name>class</ptk:name>
                        <ptk:value>
                           <ptk:l location="Target:1:15">
                              <ptk:t location="Target:1:15">infobox geography vcard</ptk:t>
                           </ptk:l>
                        </ptk:value>
                     </ptk:WtXmlAttribute>
                     <ptk:WtXmlAttribute location="Target:1:39">
                        <ptk:rtd>c3EAfgAjdXEAfgAnAAAAAnVxAH4AKQAAAAF0AAggc3R5bGU9InVxAH4AKQAAAAF0AAEi</ptk:rtd>
                        <ptk:name>style</ptk:name>
                        <ptk:value>
                           <ptk:l location="Target:1:47">
                              <ptk:t location="Target:1:47">float:left; width: 20em; margin-left:-0.8em; font-size: 80%</ptk:t>
                           </ptk:l>
                        </ptk:value>
                     </ptk:WtXmlAttribute>
                  </ptk:l>
               </ptk:xmlAttributes>
               <ptk:body>
                  <ptk:l>
                     <ptk:WtTableImplicitTableBody>
                        <ptk:rtd null="true"/>
                        <ptk:body>
                           <ptk:l>
                              <ptk:WtXmlElement>
                                 <ptk:rtd>c3EAfgAjdXEAfgAnAAAAA3VxAH4AKQAAAAF0AAM8dHJ1cQB+ACkAAAABdAABPnEAfgC6</ptk:rtd>
                                 <ptk:name>tr</ptk:name>
                                 <ptk:xmlAttributes>
                                    <ptk:l location="Target:1:111">
                                       <ptk:WtXmlAttribute location="Target:1:111">
                                          <ptk:rtd>c3EAfgAjdXEAfgAnAAAAAnVxAH4AKQAAAAF0AAggY2xhc3M9InVxAH4AKQAAAAF0AAEi</ptk:rtd>
                                          <ptk:name>class</ptk:name>
                                          <ptk:value>
                                             <ptk:l location="Target:1:119">
                                                <ptk:t location="Target:1:119">adr</ptk:t>
                                             </ptk:l>
                                          </ptk:value>
                                       </ptk:WtXmlAttribute>
                                    </ptk:l>
                                 </ptk:xmlAttributes>
                                 <ptk:body>
                                    <ptk:l>
                                       <ptk:t>
          </ptk:t>
                                       <ptk:WtXmlElement>
                                          <ptk:rtd>c3EAfgAjdXEAfgAnAAAAA3VxAH4AKQAAAAF0AAM8dGh1cQB+ACkAAAABdAABPnEAfgC6</ptk:rtd>
                                          <ptk:name>th</ptk:name>
                                          <ptk:xmlAttributes>
                                             <ptk:l location="Target:2:14">
                                                <ptk:WtXmlAttribute location="Target:2:14">
                                                   <ptk:rtd>c3EAfgAjdXEAfgAnAAAAAnVxAH4AKQAAAAF0AAogY29sc3Bhbj0idXEAfgApAAAAAXQAASI=</ptk:rtd>
                                                   <ptk:name>colspan</ptk:name>
                                                   <ptk:value>
                                                      <ptk:l location="Target:2:24">
                                                         <ptk:t location="Target:2:24">3</ptk:t>
                                                      </ptk:l>
                                                   </ptk:value>
                                                </ptk:WtXmlAttribute>
                                                <ptk:WtXmlAttribute location="Target:2:26">
                                                   <ptk:rtd>c3EAfgAjdXEAfgAnAAAAAnVxAH4AKQAAAAF0AAggYWxpZ249InVxAH4AKQAAAAF0AAEi</ptk:rtd>
                                                   <ptk:name>align</ptk:name>
                                                   <ptk:value>
                                                      <ptk:l location="Target:2:34">
                                                         <ptk:t location="Target:2:34">center</ptk:t>
                                                      </ptk:l>
                                                   </ptk:value>
                                                </ptk:WtXmlAttribute>
                                                <ptk:WtXmlAttribute location="Target:2:41">
                                                   <ptk:rtd>c3EAfgAjdXEAfgAnAAAAAnVxAH4AKQAAAAF0AAggY2xhc3M9InVxAH4AKQAAAAF0AAEi</ptk:rtd>
                                                   <ptk:name>class</ptk:name>
                                                   <ptk:value>
                                                      <ptk:l location="Target:2:49">
                                                         <ptk:t location="Target:2:49">mergedtoprow</ptk:t>
                                                      </ptk:l>
                                                   </ptk:value>
                                                </ptk:WtXmlAttribute>
                                                <ptk:WtXmlAttribute location="Target:2:62">
                                                   <ptk:rtd>c3EAfgAjdXEAfgAnAAAAAnVxAH4AKQAAAAF0ABYKICAgICAgICAgICAgICBzdHlsZT0idXEAfgApAAAAAXQAASI=</ptk:rtd>
                                                   <ptk:name>style</ptk:name>
                                                   <ptk:value>
                                                      <ptk:l location="Target:3:22">
                                                         <ptk:t location="Target:3:22">line-height:1.2em; padding:0.25em 0.33em 0.33em; font-size:1.25em;</ptk:t>
                                                      </ptk:l>
                                                   </ptk:value>
                                                </ptk:WtXmlAttribute>
                                             </ptk:l>
                                          </ptk:xmlAttributes>
                                          <ptk:body>
                                             <ptk:l>
                                                <ptk:WtXmlElement>
                                                   <ptk:rtd>c3EAfgAjdXEAfgAnAAAAA3VxAH4AKQAAAAF0AAU8c3BhbnVxAH4AKQAAAAF0AAE+dXEAfgApAAAAAXQABzwvc3Bhbj4=</ptk:rtd>
                                                   <ptk:name>span</ptk:name>
                                                   <ptk:xmlAttributes>
                                                      <ptk:l location="Target:3:95">
                                                         <ptk:WtXmlAttribute location="Target:3:95">
                                                            <ptk:rtd>c3EAfgAjdXEAfgAnAAAAAnVxAH4AKQAAAAF0AAggY2xhc3M9InVxAH4AKQAAAAF0AAEi</ptk:rtd>
                                                            <ptk:name>class</ptk:name>
                                                            <ptk:value>
                                                               <ptk:l location="Target:3:103">
                                                                  <ptk:t location="Target:3:103"> fn org country-name</ptk:t>
                                                               </ptk:l>
                                                            </ptk:value>
                                                         </ptk:WtXmlAttribute>
                                                      </ptk:l>
                                                   </ptk:xmlAttributes>
                                                   <ptk:body>
                                                      <ptk:l>
                                                         <ptk:t location="Target:3:125">جمهورية جنوب السودان</ptk:t>
                                                      </ptk:l>
                                                   </ptk:body>
                                                </ptk:WtXmlElement>
                                             </ptk:l>
                                          </ptk:body>
                                       </ptk:WtXmlElement>
                                       <ptk:t>
        </ptk:t>
                                    </ptk:l>
                                 </ptk:body>
                              </ptk:WtXmlElement>
                              <ptk:WtXmlElement>
                                 <ptk:rtd>c3EAfgAjdXEAfgAnAAAAA3VxAH4AKQAAAAF0AAM8dHJ1cQB+ACkAAAABdAABPnEAfgC6</ptk:rtd>
                                 <ptk:name>tr</ptk:name>
                                 <ptk:xmlAttributes>
                                    <ptk:l location="Target:4:17">
                                       <ptk:WtXmlAttribute location="Target:4:17">
                                          <ptk:rtd>c3EAfgAjdXEAfgAnAAAAAnVxAH4AKQAAAAF0AAggY2xhc3M9InVxAH4AKQAAAAF0AAEi</ptk:rtd>
                                          <ptk:name>class</ptk:name>
                                          <ptk:value>
                                             <ptk:l location="Target:4:25">
                                                <ptk:t location="Target:4:25">mergedtoprow</ptk:t>
                                             </ptk:l>
                                          </ptk:value>
                                       </ptk:WtXmlAttribute>
                                    </ptk:l>
                                 </ptk:xmlAttributes>
                                 <ptk:body>
                                    <ptk:l>
                                       <ptk:t>
         </ptk:t>
                                       <ptk:WtXmlElement>
                                          <ptk:rtd>c3EAfgAjdXEAfgAnAAAAA3VxAH4AKQAAAAF0AAM8dGR1cQB+ACkAAAABdAABPnEAfgC6</ptk:rtd>
                                          <ptk:name>td</ptk:name>
                                          <ptk:xmlAttributes>
                                             <ptk:l location="Target:5:13">
                                                <ptk:WtXmlAttribute location="Target:5:13">
                                                   <ptk:rtd>c3EAfgAjdXEAfgAnAAAAAnVxAH4AKQAAAAF0AAggY2xhc3M9InVxAH4AKQAAAAF0AAEi</ptk:rtd>
                                                   <ptk:name>class</ptk:name>
                                                   <ptk:value>
                                                      <ptk:l location="Target:5:21">
                                                         <ptk:t location="Target:5:21">maptable</ptk:t>
                                                      </ptk:l>
                                                   </ptk:value>
                                                </ptk:WtXmlAttribute>
                                                <ptk:WtXmlAttribute location="Target:5:30">
                                                   <ptk:rtd>c3EAfgAjdXEAfgAnAAAAAnVxAH4AKQAAAAF0AAogY29sc3Bhbj0idXEAfgApAAAAAXQAASI=</ptk:rtd>
                                                   <ptk:name>colspan</ptk:name>
                                                   <ptk:value>
                                                      <ptk:l location="Target:5:40">
                                                         <ptk:t location="Target:5:40">3</ptk:t>
                                                      </ptk:l>
                                                   </ptk:value>
                                                </ptk:WtXmlAttribute>
                                                <ptk:WtXmlAttribute location="Target:5:42">
                                                   <ptk:rtd>c3EAfgAjdXEAfgAnAAAAAnVxAH4AKQAAAAF0AAggYWxpZ249InVxAH4AKQAAAAF0AAEi</ptk:rtd>
                                                   <ptk:name>align</ptk:name>
                                                   <ptk:value>
                                                      <ptk:l location="Target:5:50">
                                                         <ptk:t location="Target:5:50">center</ptk:t>
                                                      </ptk:l>
                                                   </ptk:value>
                                                </ptk:WtXmlAttribute>
                                                <ptk:WtXmlAttribute location="Target:5:57">
                                                   <ptk:rtd>c3EAfgAjdXEAfgAnAAAAAnVxAH4AKQAAAAF0AAggc3R5bGU9InVxAH4AKQAAAAF0AAEi</ptk:rtd>
                                                   <ptk:name>style</ptk:name>
                                                   <ptk:value>
                                                      <ptk:l location="Target:5:65">
                                                         <ptk:t location="Target:5:65">padding:0.5em 0;</ptk:t>
                                                      </ptk:l>
                                                   </ptk:value>
                                                </ptk:WtXmlAttribute>
                                             </ptk:l>
                                          </ptk:xmlAttributes>
                                          <ptk:body>
                                             <ptk:l>
                                                <ptk:WtXmlElement>
                                                   <ptk:rtd>c3EAfgAjdXEAfgAnAAAAA3VxAH4AKQAAAAF0AAY8dGFibGV1cQB+ACkAAAABdAABPnEAfgC6</ptk:rtd>
                                                   <ptk:name>table</ptk:name>
                                                   <ptk:xmlAttributes>
                                                      <ptk:l location="Target:5:89">
                                                         <ptk:WtXmlAttribute location="Target:5:89">
                                                            <ptk:rtd>c3EAfgAjdXEAfgAnAAAAAnVxAH4AKQAAAAF0AAggYWxpZ249InVxAH4AKQAAAAF0AAEi</ptk:rtd>
                                                            <ptk:name>align</ptk:name>
                                                            <ptk:value>
                                                               <ptk:l location="Target:5:97">
                                                                  <ptk:t location="Target:5:97">center</ptk:t>
                                                               </ptk:l>
                                                            </ptk:value>
                                                         </ptk:WtXmlAttribute>
                                                         <ptk:WtXmlAttribute location="Target:5:104">
                                                            <ptk:rtd>c3EAfgAjdXEAfgAnAAAAAnVxAH4AKQAAAAF0AAggc3R5bGU9InVxAH4AKQAAAAF0AAEi</ptk:rtd>
                                                            <ptk:name>style</ptk:name>
                                                            <ptk:value>
                                                               <ptk:l location="Target:5:112">
                                                                  <ptk:t location="Target:5:112">width:100%; background:none;</ptk:t>
                                                               </ptk:l>
                                                            </ptk:value>
                                                         </ptk:WtXmlAttribute>
                                                      </ptk:l>
                                                   </ptk:xmlAttributes>
                                                   <ptk:body>
                                                      <ptk:l>
                                                         <ptk:WtTableImplicitTableBody>
                                                            <ptk:rtd null="true"/>
                                                            <ptk:body>
                                                               <ptk:l>
                                                                  <ptk:WtXmlElement>
                                                                     <ptk:rtd>c3EAfgAjdXEAfgAnAAAAA3VxAH4AKQAAAAF0AAM8dHJ1cQB+ACkAAAABdAABPnEAfgC6</ptk:rtd>
                                                                     <ptk:name>tr</ptk:name>
                                                                     <ptk:xmlAttributes>
                                                                        <ptk:WtXmlAttributes-WtEmptyXmlAttributes/>
                                                                     </ptk:xmlAttributes>
                                                                     <ptk:body>
                                                                        <ptk:l>
                                                                           <ptk:t>
               </ptk:t>
                                                                           <ptk:WtXmlElement>
                                                                              <ptk:rtd>c3EAfgAjdXEAfgAnAAAAA3VxAH4AKQAAAAF0AAM8dGR1cQB+ACkAAAABdAABPnEAfgC6</ptk:rtd>
                                                                              <ptk:name>td</ptk:name>
                                                                              <ptk:xmlAttributes>
                                                                                 <ptk:l location="Target:6:19">
                                                                                    <ptk:WtXmlAttribute location="Target:6:19">
                                                                                       <ptk:rtd>c3EAfgAjdXEAfgAnAAAAAnVxAH4AKQAAAAF0AAggYWxpZ249InVxAH4AKQAAAAF0AAEi</ptk:rtd>
                                                                                       <ptk:name>align</ptk:name>
                                                                                       <ptk:value>
                                                                                          <ptk:l location="Target:6:27">
                                                                                             <ptk:t location="Target:6:27">center</ptk:t>
                                                                                          </ptk:l>
                                                                                       </ptk:value>
                                                                                    </ptk:WtXmlAttribute>
                                                                                    <ptk:WtXmlAttribute location="Target:6:34">
                                                                                       <ptk:rtd>c3EAfgAjdXEAfgAnAAAAAnVxAH4AKQAAAAF0ABsKICAgICAgICAgICAgICAgICAgIHN0eWxlPSJ1cQB+ACkAAAABdAABIg==</ptk:rtd>
                                                                                       <ptk:name>style</ptk:name>
                                                                                       <ptk:value>
                                                                                          <ptk:l location="Target:7:27">
                                                                                             <ptk:t location="Target:7:27">width:58%; vertical-align:middle;</ptk:t>
                                                                                          </ptk:l>
                                                                                       </ptk:value>
                                                                                    </ptk:WtXmlAttribute>
                                                                                 </ptk:l>
                                                                              </ptk:xmlAttributes>
                                                                              <ptk:body>
                                                                                 <ptk:l>
                                                                                    <ptk:WtImageLink>
                                                                                       <ptk:rtd>c3EAfgAjdXEAfgAnAAAABHVxAH4AKQAAAAF0AAJbW3EAfgC6cQB+ALp1cQB+ACkAAAABdAACXV0=</ptk:rtd>
                                                                                       <ptk:width>125</ptk:width>
                                                                                       <ptk:height>-1</ptk:height>
                                                                                       <ptk:upright>false</ptk:upright>
                                                                                       <ptk:hAlign>UNSPECIFIED</ptk:hAlign>
                                                                                       <ptk:vAlign>MIDDLE</ptk:vAlign>
                                                                                       <ptk:format>UNRESTRAINED</ptk:format>
                                                                                       <ptk:border>true</ptk:border>
                                                                                       <ptk:link>c3IAPG9yZy5zd2VibGUud2lraXRleHQucGFyc2VyLm5vZGVzLld0SW1hZ2VMaW5rJEltYWdlTGlua1RhcmdldGhCkWIiEAZXAgACTAAGdGFyZ2V0dAAvTG9yZy9zd2VibGUvd2lraXRleHQvcGFyc2VyL25vZGVzL1d0TGlua1RhcmdldDtMAAp0YXJnZXRUeXBldAA+TG9yZy9zd2VibGUvd2lraXRleHQvcGFyc2VyL25vZGVzL1d0TGlua1RhcmdldCRMaW5rVGFyZ2V0VHlwZTt4cHNyADZvcmcuc3dlYmxlLndpa2l0ZXh0LnBhcnNlci5ub2Rlcy5XdExpbmtUYXJnZXQkV3ROb0xpbms9h+f2phEDNwIAAHhyADVvcmcuc3dlYmxlLndpa2l0ZXh0LnBhcnNlci5ub2Rlcy5XdEVtcHR5SW1tdXRhYmxlTm9kZY78s/mB0VZ3AgAAeHB+cgA8b3JnLnN3ZWJsZS53aWtpdGV4dC5wYXJzZXIubm9kZXMuV3RMaW5rVGFyZ2V0JExpbmtUYXJnZXRUeXBlAAAAAAAAAAASAAB4cgAOamF2YS5sYW5nLkVudW0AAAAAAAAAABIAAHhwdAAHREVGQVVMVA==</ptk:link>
                                                                                       <ptk:alt>
                                                                                          <ptk:WtLinkOptionAltText-WtLinkOptionAltTextImpl location="Target:7:104">
                                                                                             <ptk:rtd>c3EAfgAjdXEAfgAnAAAAAnVxAH4AKQAAAAF0AAV8YWx0PXEAfgC6</ptk:rtd>
                                                                                          </ptk:WtLinkOptionAltText-WtLinkOptionAltTextImpl>
                                                                                       </ptk:alt>
                                                                                       <ptk:target>
                                                                                          <ptk:WtPageName location="Target:7:64">
                                                                                             <ptk:content>File:Flag of the SPLAM.svg</ptk:content>
                                                                                             <ptk:rtd null="true"/>
                                                                                          </ptk:WtPageName>
                                                                                       </ptk:target>
                                                                                       <ptk:options>
                                                                                          <ptk:l location="Target:7:90">
                                                                                             <ptk:WtLinkOptionResize location="Target:7:91">
                                                                                                <ptk:rtd>c3EAfgAjdXEAfgAnAAAAAXVxAH4AKQAAAAF0AAZ8MTI1cHg=</ptk:rtd>
                                                                                                <ptk:width>125</ptk:width>
                                                                                                <ptk:height>-1</ptk:height>
                                                                                             </ptk:WtLinkOptionResize>
                                                                                             <ptk:WtLinkOptionKeyword location="Target:7:97">
                                                                                                <ptk:rtd>c3EAfgAjdXEAfgAnAAAAAXVxAH4AKQAAAAF0AAd8Ym9yZGVy</ptk:rtd>
                                                                                                <ptk:keyword>border</ptk:keyword>
                                                                                             </ptk:WtLinkOptionKeyword>
                                                                                             <ptk:l location="Target:7:104"/>
                                                                                          </ptk:l>
                                                                                       </ptk:options>
                                                                                       <ptk:title>
                                                                                          <ptk:l>
                                                                                             <ptk:t location="Target:7:109">Flag of South Sudan</ptk:t>
                                                                                          </ptk:l>
                                                                                       </ptk:title>
                                                                                    </ptk:WtImageLink>
                                                                                 </ptk:l>
                                                                              </ptk:body>
                                                                           </ptk:WtXmlElement>
                                                                           <ptk:t>
               </ptk:t>
                                                                           <ptk:WtXmlElement>
                                                                              <ptk:rtd>c3EAfgAjdXEAfgAnAAAAA3VxAH4AKQAAAAF0AAM8dGR1cQB+ACkAAAABdAABPnEAfgC6</ptk:rtd>
                                                                              <ptk:name>td</ptk:name>
                                                                              <ptk:xmlAttributes>
                                                                                 <ptk:l location="Target:8:19">
                                                                                    <ptk:WtXmlAttribute location="Target:8:19">
                                                                                       <ptk:rtd>c3EAfgAjdXEAfgAnAAAAAnVxAH4AKQAAAAF0AAggYWxpZ249InVxAH4AKQAAAAF0AAEi</ptk:rtd>
                                                                                       <ptk:name>align</ptk:name>
                                                                                       <ptk:value>
                                                                                          <ptk:l location="Target:8:27">
                                                                                             <ptk:t location="Target:8:27">center</ptk:t>
                                                                                          </ptk:l>
                                                                                       </ptk:value>
                                                                                    </ptk:WtXmlAttribute>
                                                                                    <ptk:WtXmlAttribute location="Target:8:34">
                                                                                       <ptk:rtd>c3EAfgAjdXEAfgAnAAAAAnVxAH4AKQAAAAF0AAggc3R5bGU9InVxAH4AKQAAAAF0AAEi</ptk:rtd>
                                                                                       <ptk:name>style</ptk:name>
                                                                                       <ptk:value>
                                                                                          <ptk:l location="Target:8:42">
                                                                                             <ptk:t location="Target:8:42">width:auto; vertical-align:middle;</ptk:t>
                                                                                          </ptk:l>
                                                                                       </ptk:value>
                                                                                    </ptk:WtXmlAttribute>
                                                                                 </ptk:l>
                                                                              </ptk:xmlAttributes>
                                                                              <ptk:body>
                                                                                 <ptk:l>
                                                                                    <ptk:WtImageLink>
                                                                                       <ptk:rtd>c3EAfgAjdXEAfgAnAAAABHVxAH4AKQAAAAFxAH4BVnEAfgC6cQB+ALp1cQB+ACkAAAABcQB+AVg=</ptk:rtd>
                                                                                       <ptk:width>85</ptk:width>
                                                                                       <ptk:height>-1</ptk:height>
                                                                                       <ptk:upright>false</ptk:upright>
                                                                                       <ptk:hAlign>UNSPECIFIED</ptk:hAlign>
                                                                                       <ptk:vAlign>MIDDLE</ptk:vAlign>
                                                                                       <ptk:format>UNRESTRAINED</ptk:format>
                                                                                       <ptk:border>false</ptk:border>
                                                                                       <ptk:link>c3EAfgFZcQB+AV9xAH4BYg==</ptk:link>
                                                                                       <ptk:alt>
                                                                                          <ptk:WtLinkOptionAltText-WtLinkOptionAltTextImpl location="Target:8:124">
                                                                                             <ptk:rtd>c3EAfgAjdXEAfgAnAAAAAnVxAH4AKQAAAAF0AAV8YWx0PXEAfgC6</ptk:rtd>
                                                                                          </ptk:WtLinkOptionAltText-WtLinkOptionAltTextImpl>
                                                                                       </ptk:alt>
                                                                                       <ptk:target>
                                                                                          <ptk:WtPageName location="Target:8:80">
                                                                                             <ptk:content>File:Coat of Arms of South Sudan.svg </ptk:content>
                                                                                             <ptk:rtd null="true"/>
                                                                                          </ptk:WtPageName>
                                                                                       </ptk:target>
                                                                                       <ptk:options>
                                                                                          <ptk:l location="Target:8:117">
                                                                                             <ptk:WtLinkOptionResize location="Target:8:118">
                                                                                                <ptk:rtd>c3EAfgAjdXEAfgAnAAAAAXVxAH4AKQAAAAF0AAZ8ODVweCA=</ptk:rtd>
                                                                                                <ptk:width>85</ptk:width>
                                                                                                <ptk:height>-1</ptk:height>
                                                                                             </ptk:WtLinkOptionResize>
                                                                                             <ptk:l location="Target:8:124"/>
                                                                                          </ptk:l>
                                                                                       </ptk:options>
                                                                                       <ptk:title>
                                                                                          <ptk:l>
                                                                                             <ptk:t location="Target:8:129">Emblem of South Sudan</ptk:t>
                                                                                          </ptk:l>
                                                                                       </ptk:title>
                                                                                    </ptk:WtImageLink>
                                                                                 </ptk:l>
                                                                              </ptk:body>
                                                                           </ptk:WtXmlElement>
                                                                           <ptk:t>
             </ptk:t>
                                                                        </ptk:l>
                                                                     </ptk:body>
                                                                  </ptk:WtXmlElement>
                                                                  <ptk:WtXmlElement>
                                                                     <ptk:rtd>c3EAfgAjdXEAfgAnAAAAA3VxAH4AKQAAAAF0AAM8dHJ1cQB+ACkAAAABdAABPnEAfgC6</ptk:rtd>
                                                                     <ptk:name>tr</ptk:name>
                                                                     <ptk:xmlAttributes>
                                                                        <ptk:WtXmlAttributes-WtEmptyXmlAttributes/>
                                                                     </ptk:xmlAttributes>
                                                                     <ptk:body>
                                                                        <ptk:l>
                                                                           <ptk:t>
               </ptk:t>
                                                                           <ptk:WtXmlElement>
                                                                              <ptk:rtd>c3EAfgAjdXEAfgAnAAAAA3VxAH4AKQAAAAF0AAM8dGR1cQB+ACkAAAABdAABPnEAfgC6</ptk:rtd>
                                                                              <ptk:name>td</ptk:name>
                                                                              <ptk:xmlAttributes>
                                                                                 <ptk:l location="Target:10:19">
                                                                                    <ptk:WtXmlAttribute location="Target:10:19">
                                                                                       <ptk:rtd>c3EAfgAjdXEAfgAnAAAAAnVxAH4AKQAAAAF0AAggYWxpZ249InVxAH4AKQAAAAF0AAEi</ptk:rtd>
                                                                                       <ptk:name>align</ptk:name>
                                                                                       <ptk:value>
                                                                                          <ptk:l location="Target:10:27">
                                                                                             <ptk:t location="Target:10:27">center</ptk:t>
                                                                                          </ptk:l>
                                                                                       </ptk:value>
                                                                                    </ptk:WtXmlAttribute>
                                                                                 </ptk:l>
                                                                              </ptk:xmlAttributes>
                                                                              <ptk:body>
                                                                                 <ptk:l>
                                                                                    <ptk:WtXmlElement>
                                                                                       <ptk:rtd>c3EAfgAjdXEAfgAnAAAAA3VxAH4AKQAAAAF0AAY8c21hbGx1cQB+ACkAAAABdAABPnVxAH4AKQAAAAF0AAg8L3NtYWxsPg==</ptk:rtd>
                                                                                       <ptk:name>small</ptk:name>
                                                                                       <ptk:xmlAttributes>
                                                                                          <ptk:WtXmlAttributes-WtEmptyXmlAttributes/>
                                                                                       </ptk:xmlAttributes>
                                                                                       <ptk:body>
                                                                                          <ptk:l>
                                                                                             <ptk:WtInternalLink>
                                                                                                <ptk:rtd>c3EAfgAjdXEAfgAnAAAAA3VxAH4AKQAAAAFxAH4BVnEAfgC6dXEAfgApAAAAAXEAfgFY</ptk:rtd>
                                                                                                <ptk:prefix/>
                                                                                                <ptk:postfix/>
                                                                                                <ptk:target>
                                                                                                   <ptk:WtPageName location="Target:10:44">
                                                                                                      <ptk:content>Flag of South Sudan </ptk:content>
                                                                                                      <ptk:rtd null="true"/>
                                                                                                   </ptk:WtPageName>
                                                                                                </ptk:target>
                                                                                                <ptk:title>
                                                                                                   <ptk:l>
                                                                                                      <ptk:t location="Target:10:65">Flag</ptk:t>
                                                                                                   </ptk:l>
                                                                                                </ptk:title>
                                                                                             </ptk:WtInternalLink>
                                                                                          </ptk:l>
                                                                                       </ptk:body>
                                                                                    </ptk:WtXmlElement>
                                                                                 </ptk:l>
                                                                              </ptk:body>
                                                                           </ptk:WtXmlElement>
                                                                           <ptk:t>
               </ptk:t>
                                                                           <ptk:WtXmlElement>
                                                                              <ptk:rtd>c3EAfgAjdXEAfgAnAAAAA3VxAH4AKQAAAAF0AAM8dGR1cQB+ACkAAAABdAABPnEAfgC6</ptk:rtd>
                                                                              <ptk:name>td</ptk:name>
                                                                              <ptk:xmlAttributes>
                                                                                 <ptk:l location="Target:11:19">
                                                                                    <ptk:WtXmlAttribute location="Target:11:19">
                                                                                       <ptk:rtd>c3EAfgAjdXEAfgAnAAAAAnVxAH4AKQAAAAF0AAggYWxpZ249InVxAH4AKQAAAAF0AAEi</ptk:rtd>
                                                                                       <ptk:name>align</ptk:name>
                                                                                       <ptk:value>
                                                                                          <ptk:l location="Target:11:27">
                                                                                             <ptk:t location="Target:11:27">center</ptk:t>
                                                                                          </ptk:l>
                                                                                       </ptk:value>
                                                                                    </ptk:WtXmlAttribute>
                                                                                 </ptk:l>
                                                                              </ptk:xmlAttributes>
                                                                              <ptk:body>
                                                                                 <ptk:l>
                                                                                    <ptk:WtXmlElement>
                                                                                       <ptk:rtd>c3EAfgAjdXEAfgAnAAAAA3VxAH4AKQAAAAF0AAY8c21hbGx1cQB+ACkAAAABdAABPnVxAH4AKQAAAAF0AAg8L3NtYWxsPg==</ptk:rtd>
                                                                                       <ptk:name>small</ptk:name>
                                                                                       <ptk:xmlAttributes>
                                                                                          <ptk:WtXmlAttributes-WtEmptyXmlAttributes/>
                                                                                       </ptk:xmlAttributes>
                                                                                       <ptk:body>
                                                                                          <ptk:l>
                                                                                             <ptk:WtInternalLink>
                                                                                                <ptk:rtd>c3EAfgAjdXEAfgAnAAAAA3VxAH4AKQAAAAFxAH4BVnEAfgC6dXEAfgApAAAAAXEAfgFY</ptk:rtd>
                                                                                                <ptk:prefix/>
                                                                                                <ptk:postfix/>
                                                                                                <ptk:target>
                                                                                                   <ptk:WtPageName location="Target:11:44">
                                                                                                      <ptk:content>Emblem of South Sudan </ptk:content>
                                                                                                      <ptk:rtd null="true"/>
                                                                                                   </ptk:WtPageName>
                                                                                                </ptk:target>
                                                                                                <ptk:title>
                                                                                                   <ptk:l>
                                                                                                      <ptk:t location="Target:11:67">Emblem</ptk:t>
                                                                                                   </ptk:l>
                                                                                                </ptk:title>
                                                                                             </ptk:WtInternalLink>
                                                                                          </ptk:l>
                                                                                       </ptk:body>
                                                                                    </ptk:WtXmlElement>
                                                                                 </ptk:l>
                                                                              </ptk:body>
                                                                           </ptk:WtXmlElement>
                                                                           <ptk:t>
             </ptk:t>
                                                                        </ptk:l>
                                                                     </ptk:body>
                                                                  </ptk:WtXmlElement>
                                                               </ptk:l>
                                                            </ptk:body>
                                                         </ptk:WtTableImplicitTableBody>
                                                      </ptk:l>
                                                   </ptk:body>
                                                </ptk:WtXmlElement>
                                                <ptk:t>
         </ptk:t>
                                             </ptk:l>
                                          </ptk:body>
                                       </ptk:WtXmlElement>
                                       <ptk:t>
       </ptk:t>
                                    </ptk:l>
                                 </ptk:body>
                              </ptk:WtXmlElement>
                              <ptk:WtXmlElement>
                                 <ptk:rtd>c3EAfgAjdXEAfgAnAAAAA3VxAH4AKQAAAAF0AAM8dHJ1cQB+ACkAAAABdAABPnEAfgC6</ptk:rtd>
                                 <ptk:name>tr</ptk:name>
                                 <ptk:xmlAttributes>
                                    <ptk:WtXmlAttributes-WtEmptyXmlAttributes/>
                                 </ptk:xmlAttributes>
                                 <ptk:body>
                                    <ptk:l>
                                       <ptk:t> </ptk:t>
                                       <ptk:WtXmlElement>
                                          <ptk:rtd>c3EAfgAjdXEAfgAnAAAAA3VxAH4AKQAAAAF0AAM8dGR1cQB+ACkAAAABdAABPnEAfgC6</ptk:rtd>
                                          <ptk:name>td</ptk:name>
                                          <ptk:xmlAttributes>
                                             <ptk:l location="Target:14:21">
                                                <ptk:WtXmlAttribute location="Target:14:21">
                                                   <ptk:rtd>c3EAfgAjdXEAfgAnAAAAAnVxAH4AKQAAAAF0AAogY29sc3Bhbj0idXEAfgApAAAAAXQAASI=</ptk:rtd>
                                                   <ptk:name>colspan</ptk:name>
                                                   <ptk:value>
                                                      <ptk:l location="Target:14:31">
                                                         <ptk:t location="Target:14:31">3</ptk:t>
                                                      </ptk:l>
                                                   </ptk:value>
                                                </ptk:WtXmlAttribute>
                                                <ptk:WtXmlAttribute location="Target:14:33">
                                                   <ptk:rtd>c3EAfgAjdXEAfgAnAAAAAnVxAH4AKQAAAAF0AAggc3R5bGU9InVxAH4AKQAAAAF0AAEi</ptk:rtd>
                                                   <ptk:name>style</ptk:name>
                                                   <ptk:value>
                                                      <ptk:l location="Target:14:41">
                                                         <ptk:t location="Target:14:41">line-height:1.2em; text-align:center;</ptk:t>
                                                      </ptk:l>
                                                   </ptk:value>
                                                </ptk:WtXmlAttribute>
                                             </ptk:l>
                                          </ptk:xmlAttributes>
                                          <ptk:body>
                                             <ptk:l>
                                                <ptk:l>
                                                   <ptk:t location="Target:14:83">ال</ptk:t>
                                                   <ptk:WtInternalLink>
                                                      <ptk:rtd>c3EAfgAjdXEAfgAnAAAAA3VxAH4AKQAAAAFxAH4BVnEAfgC6dXEAfgApAAAAAXEAfgFY</ptk:rtd>
                                                      <ptk:prefix/>
                                                      <ptk:postfix/>
                                                      <ptk:target>
                                                         <ptk:WtPageName location="Target:14:87">
                                                            <ptk:content>شعار</ptk:content>
                                                            <ptk:rtd null="true"/>
                                                         </ptk:WtPageName>
                                                      </ptk:target>
                                                      <ptk:title>
                                                         <ptk:WtLinkTitle-WtNoLinkTitle/>
                                                      </ptk:title>
                                                   </ptk:WtInternalLink>
                                                   <ptk:t location="Target:14:93">:</ptk:t>
                                                   <ptk:WtXmlEntityRef location="Target:14:95">
                                                      <ptk:rtd>c3EAfgAjdXEAfgAnAAAAAXVxAH4AKQAAAAF0AAYmbmJzcDs=</ptk:rtd>
                                                      <ptk:name>nbsp</ptk:name>
                                                      <ptk:resolved> </ptk:resolved>
                                                   </ptk:WtXmlEntityRef>
                                                </ptk:l>
                                                <ptk:t location="Target:14:103">"Justice, Liberty, Prosperity"</ptk:t>
                                             </ptk:l>
                                          </ptk:body>
                                       </ptk:WtXmlElement>
                                       <ptk:t>
        </ptk:t>
                                    </ptk:l>
                                 </ptk:body>
                              </ptk:WtXmlElement>
                              <ptk:WtXmlElement>
                                 <ptk:rtd>c3EAfgAjdXEAfgAnAAAAA3VxAH4AKQAAAAF0AAM8dHJ1cQB+ACkAAAABdAABPnEAfgC6</ptk:rtd>
                                 <ptk:name>tr</ptk:name>
                                 <ptk:xmlAttributes>
                                    <ptk:WtXmlAttributes-WtEmptyXmlAttributes/>
                                 </ptk:xmlAttributes>
                                 <ptk:body>
                                    <ptk:l>
                                       <ptk:t>
          </ptk:t>
                                       <ptk:WtXmlElement>
                                          <ptk:rtd>c3EAfgAjdXEAfgAnAAAAA3VxAH4AKQAAAAF0AAM8dGR1cQB+ACkAAAABdAABPnEAfgC6</ptk:rtd>
                                          <ptk:name>td</ptk:name>
                                          <ptk:xmlAttributes>
                                             <ptk:l location="Target:16:14">
                                                <ptk:WtXmlAttribute location="Target:16:14">
                                                   <ptk:rtd>c3EAfgAjdXEAfgAnAAAAAnVxAH4AKQAAAAF0AAggY2xhc3M9InVxAH4AKQAAAAF0AAEi</ptk:rtd>
                                                   <ptk:name>class</ptk:name>
                                                   <ptk:value>
                                                      <ptk:l location="Target:16:22">
                                                         <ptk:t location="Target:16:22">anthem</ptk:t>
                                                      </ptk:l>
                                                   </ptk:value>
                                                </ptk:WtXmlAttribute>
                                                <ptk:WtXmlAttribute location="Target:16:29">
                                                   <ptk:rtd>c3EAfgAjdXEAfgAnAAAAAnVxAH4AKQAAAAF0AAogY29sc3Bhbj0idXEAfgApAAAAAXQAASI=</ptk:rtd>
                                                   <ptk:name>colspan</ptk:name>
                                                   <ptk:value>
                                                      <ptk:l location="Target:16:39">
                                                         <ptk:t location="Target:16:39">3</ptk:t>
                                                      </ptk:l>
                                                   </ptk:value>
                                                </ptk:WtXmlAttribute>
                                                <ptk:WtXmlAttribute location="Target:16:41">
                                                   <ptk:rtd>c3EAfgAjdXEAfgAnAAAAAnVxAH4AKQAAAAF0AAggc3R5bGU9InVxAH4AKQAAAAF0AAEi</ptk:rtd>
                                                   <ptk:name>style</ptk:name>
                                                   <ptk:value>
                                                      <ptk:l location="Target:16:49">
                                                         <ptk:t location="Target:16:49">line-height:1.2em; text-align:center;</ptk:t>
                                                      </ptk:l>
                                                   </ptk:value>
                                                </ptk:WtXmlAttribute>
                                             </ptk:l>
                                          </ptk:xmlAttributes>
                                          <ptk:body>
                                             <ptk:l>
                                                <ptk:l>
                                                   <ptk:WtInternalLink>
                                                      <ptk:rtd>c3EAfgAjdXEAfgAnAAAAA3VxAH4AKQAAAAFxAH4BVnEAfgC6dXEAfgApAAAAAXEAfgFY</ptk:rtd>
                                                      <ptk:prefix/>
                                                      <ptk:postfix/>
                                                      <ptk:target>
                                                         <ptk:WtPageName location="Target:16:93">
                                                            <ptk:content>النشيد</ptk:content>
                                                            <ptk:rtd null="true"/>
                                                         </ptk:WtPageName>
                                                      </ptk:target>
                                                      <ptk:title>
                                                         <ptk:WtLinkTitle-WtNoLinkTitle/>
                                                      </ptk:title>
                                                   </ptk:WtInternalLink>
                                                   <ptk:t location="Target:16:101">:</ptk:t>
                                                   <ptk:WtXmlEntityRef location="Target:16:103">
                                                      <ptk:rtd>c3EAfgAjdXEAfgAnAAAAAXVxAH4AKQAAAAF0AAYmbmJzcDs=</ptk:rtd>
                                                      <ptk:name>nbsp</ptk:name>
                                                      <ptk:resolved> </ptk:resolved>
                                                   </ptk:WtXmlEntityRef>
                                                </ptk:l>
                                                <ptk:t location="Target:16:111">"</ptk:t>
                                                <ptk:WtInternalLink>
                                                   <ptk:rtd>c3EAfgAjdXEAfgAnAAAAA3VxAH4AKQAAAAFxAH4BVnEAfgC6dXEAfgApAAAAAXEAfgFY</ptk:rtd>
                                                   <ptk:prefix/>
                                                   <ptk:postfix/>
                                                   <ptk:target>
                                                      <ptk:WtPageName location="Target:16:114">
                                                         <ptk:content>South Sudan Oyee!</ptk:content>
                                                         <ptk:rtd null="true"/>
                                                      </ptk:WtPageName>
                                                   </ptk:target>
                                                   <ptk:title>
                                                      <ptk:WtLinkTitle-WtNoLinkTitle/>
                                                   </ptk:title>
                                                </ptk:WtInternalLink>
                                                <ptk:t location="Target:16:133">"</ptk:t>
                                                <ptk:WtXmlElement>
                                                   <ptk:rtd>c3EAfgAjdXEAfgAnAAAAA3VxAH4AKQAAAAF0AAM8YnJ1cQB+ACkAAAABdAACLz5xAH4Aug==</ptk:rtd>
                                                   <ptk:name>br</ptk:name>
                                                   <ptk:xmlAttributes>
                                                      <ptk:WtXmlAttributes-WtEmptyXmlAttributes/>
                                                   </ptk:xmlAttributes>
                                                   <ptk:body>
                                                      <ptk:WtBody-WtNoBody/>
                                                   </ptk:body>
                                                </ptk:WtXmlElement>
                                             </ptk:l>
                                          </ptk:body>
                                       </ptk:WtXmlElement>
                                       <ptk:t>
        </ptk:t>
                                    </ptk:l>
                                 </ptk:body>
                              </ptk:WtXmlElement>
                              <ptk:WtXmlElement>
                                 <ptk:rtd>c3EAfgAjdXEAfgAnAAAAA3VxAH4AKQAAAAF0AAM8dHJ1cQB+ACkAAAABdAABPnEAfgC6</ptk:rtd>
                                 <ptk:name>tr</ptk:name>
                                 <ptk:xmlAttributes>
                                    <ptk:WtXmlAttributes-WtEmptyXmlAttributes/>
                                 </ptk:xmlAttributes>
                                 <ptk:body>
                                    <ptk:l>
                                       <ptk:t>
          </ptk:t>
                                       <ptk:WtXmlElement>
                                          <ptk:rtd>c3EAfgAjdXEAfgAnAAAAA3VxAH4AKQAAAAF0AAM8dGR1cQB+ACkAAAABdAABPnEAfgC6</ptk:rtd>
                                          <ptk:name>td</ptk:name>
                                          <ptk:xmlAttributes>
                                             <ptk:l location="Target:18:14">
                                                <ptk:WtXmlAttribute location="Target:18:14">
                                                   <ptk:rtd>c3EAfgAjdXEAfgAnAAAAAnVxAH4AKQAAAAF0AAogY29sc3Bhbj0idXEAfgApAAAAAXQAASI=</ptk:rtd>
                                                   <ptk:name>colspan</ptk:name>
                                                   <ptk:value>
                                                      <ptk:l location="Target:18:24">
                                                         <ptk:t location="Target:18:24">3</ptk:t>
                                                      </ptk:l>
                                                   </ptk:value>
                                                </ptk:WtXmlAttribute>
                                                <ptk:WtXmlAttribute location="Target:18:26">
                                                   <ptk:rtd>c3EAfgAjdXEAfgAnAAAAAnVxAH4AKQAAAAF0AAggc3R5bGU9InVxAH4AKQAAAAF0AAEi</ptk:rtd>
                                                   <ptk:name>style</ptk:name>
                                                   <ptk:value>
                                                      <ptk:l location="Target:18:34">
                                                         <ptk:t location="Target:18:34">text-align:center; padding:0.6em 0em;</ptk:t>
                                                      </ptk:l>
                                                   </ptk:value>
                                                </ptk:WtXmlAttribute>
                                             </ptk:l>
                                          </ptk:xmlAttributes>
                                          <ptk:body>
                                             <ptk:l>
                                                <ptk:WtImageLink>
                                                   <ptk:rtd>c3EAfgAjdXEAfgAnAAAABHVxAH4AKQAAAAFxAH4BVnEAfgC6cQB+ALp1cQB+ACkAAAABcQB+AVg=</ptk:rtd>
                                                   <ptk:width>250</ptk:width>
                                                   <ptk:height>-1</ptk:height>
                                                   <ptk:upright>false</ptk:upright>
                                                   <ptk:hAlign>CENTER</ptk:hAlign>
                                                   <ptk:vAlign>MIDDLE</ptk:vAlign>
                                                   <ptk:format>UNRESTRAINED</ptk:format>
                                                   <ptk:border>false</ptk:border>
                                                   <ptk:link>c3EAfgFZcQB+AV9xAH4BYg==</ptk:link>
                                                   <ptk:alt>
                                                      <ptk:WtLinkOptionAltText-WtLinkOptionAltTextImpl location="Target:18:150">
                                                         <ptk:rtd>c3EAfgAjdXEAfgAnAAAAAnVxAH4AKQAAAAF0AAV8YWx0PXEAfgC6</ptk:rtd>
                                                      </ptk:WtLinkOptionAltText-WtLinkOptionAltTextImpl>
                                                   </ptk:alt>
                                                   <ptk:target>
                                                      <ptk:WtPageName location="Target:18:75">
                                                         <ptk:content>File:Sudan Sudan (orthographic projection) highlighted.svg </ptk:content>
                                                         <ptk:rtd null="true"/>
                                                      </ptk:WtPageName>
                                                   </ptk:target>
                                                   <ptk:options>
                                                      <ptk:l location="Target:18:134">
                                                         <ptk:WtLinkOptionResize location="Target:18:135">
                                                            <ptk:rtd>c3EAfgAjdXEAfgAnAAAAAXVxAH4AKQAAAAF0AAd8MjUwcHgg</ptk:rtd>
                                                            <ptk:width>250</ptk:width>
                                                            <ptk:height>-1</ptk:height>
                                                         </ptk:WtLinkOptionResize>
                                                         <ptk:WtLinkOptionKeyword location="Target:18:142">
                                                            <ptk:rtd>c3EAfgAjdXEAfgAnAAAAAXVxAH4AKQAAAAF0AAh8Y2VudGVyIA==</ptk:rtd>
                                                            <ptk:keyword>center</ptk:keyword>
                                                         </ptk:WtLinkOptionKeyword>
                                                         <ptk:l location="Target:18:150"/>
                                                      </ptk:l>
                                                   </ptk:options>
                                                   <ptk:title>
                                                      <ptk:l>
                                                         <ptk:t location="Target:18:155">مكان South Sudan  </ptk:t>
                                                      </ptk:l>
                                                   </ptk:title>
                                                </ptk:WtImageLink>
                                                <ptk:t location="Target:18:175"> </ptk:t>
                                                <ptk:WtXmlElement>
                                                   <ptk:rtd>c3EAfgAjdXEAfgAnAAAAA3VxAH4AKQAAAAF0AAQ8ZGl2dXEAfgApAAAAAXQAAT51cQB+ACkAAAABdAAGPC9kaXY+</ptk:rtd>
                                                   <ptk:name>div</ptk:name>
                                                   <ptk:xmlAttributes>
                                                      <ptk:l location="Target:18:180">
                                                         <ptk:WtXmlAttribute location="Target:18:180">
                                                            <ptk:rtd>c3EAfgAjdXEAfgAnAAAAAnVxAH4AKQAAAAF0AAggc3R5bGU9InVxAH4AKQAAAAF0AAEi</ptk:rtd>
                                                            <ptk:name>style</ptk:name>
                                                            <ptk:value>
                                                               <ptk:l location="Target:18:188">
                                                                  <ptk:t location="Target:18:188">position:relative; top:0.3em;</ptk:t>
                                                               </ptk:l>
                                                            </ptk:value>
                                                         </ptk:WtXmlAttribute>
                                                      </ptk:l>
                                                   </ptk:xmlAttributes>
                                                   <ptk:body>
                                                      <ptk:l>
                                                         <ptk:WtXmlElement>
                                                            <ptk:rtd>c3EAfgAjdXEAfgAnAAAAA3VxAH4AKQAAAAF0AAY8c21hbGx1cQB+ACkAAAABdAABPnVxAH4AKQAAAAF0AAg8L3NtYWxsPg==</ptk:rtd>
                                                            <ptk:name>small</ptk:name>
                                                            <ptk:xmlAttributes>
                                                               <ptk:WtXmlAttributes-WtEmptyXmlAttributes/>
                                                            </ptk:xmlAttributes>
                                                            <ptk:body>
                                                               <ptk:l/>
                                                            </ptk:body>
                                                         </ptk:WtXmlElement>
                                                      </ptk:l>
                                                   </ptk:body>
                                                </ptk:WtXmlElement>
                                                <ptk:t>
          </ptk:t>
                                             </ptk:l>
                                          </ptk:body>
                                       </ptk:WtXmlElement>
                                       <ptk:t>
        </ptk:t>
                                    </ptk:l>
                                 </ptk:body>
                              </ptk:WtXmlElement>
                              <ptk:WtXmlElement>
                                 <ptk:rtd>c3EAfgAjdXEAfgAnAAAAA3VxAH4AKQAAAAF0AAM8dHJ1cQB+ACkAAAABdAABPnEAfgC6</ptk:rtd>
                                 <ptk:name>tr</ptk:name>
                                 <ptk:xmlAttributes>
                                    <ptk:l location="Target:20:17">
                                       <ptk:WtXmlAttribute location="Target:20:17">
                                          <ptk:rtd>c3EAfgAjdXEAfgAnAAAAAnVxAH4AKQAAAAF0AAggY2xhc3M9InVxAH4AKQAAAAF0AAEi</ptk:rtd>
                                          <ptk:name>class</ptk:name>
                                          <ptk:value>
                                             <ptk:l location="Target:20:25">
                                                <ptk:t location="Target:20:25">mergedtoprow</ptk:t>
                                             </ptk:l>
                                          </ptk:value>
                                       </ptk:WtXmlAttribute>
                                    </ptk:l>
                                 </ptk:xmlAttributes>
                                 <ptk:body>
                                    <ptk:l>
                                       <ptk:WtXmlElement>
                                          <ptk:rtd>c3EAfgAjdXEAfgAnAAAAA3VxAH4AKQAAAAF0AAM8dGR1cQB+ACkAAAABdAABPnEAfgC6</ptk:rtd>
                                          <ptk:name>td</ptk:name>
                                          <ptk:xmlAttributes>
                                             <ptk:l location="Target:20:42">
                                                <ptk:WtXmlAttribute location="Target:20:42">
                                                   <ptk:rtd>c3EAfgAjdXEAfgAnAAAAAnVxAH4AKQAAAAF0AAogY29sc3Bhbj0idXEAfgApAAAAAXQAASI=</ptk:rtd>
                                                   <ptk:name>colspan</ptk:name>
                                                   <ptk:value>
                                                      <ptk:l location="Target:20:52">
                                                         <ptk:t location="Target:20:52">2</ptk:t>
                                                      </ptk:l>
                                                   </ptk:value>
                                                </ptk:WtXmlAttribute>
                                             </ptk:l>
                                          </ptk:xmlAttributes>
                                          <ptk:body>
                                             <ptk:l>
                                                <ptk:l>
                                                   <ptk:t location="Target:20:58">ال</ptk:t>
                                                   <ptk:WtInternalLink>
                                                      <ptk:rtd>c3EAfgAjdXEAfgAnAAAAA3VxAH4AKQAAAAFxAH4BVnEAfgC6dXEAfgApAAAAAXEAfgFY</ptk:rtd>
                                                      <ptk:prefix/>
                                                      <ptk:postfix/>
                                                      <ptk:target>
                                                         <ptk:WtPageName location="Target:20:62">
                                                            <ptk:content>عاصمه</ptk:content>
                                                            <ptk:rtd null="true"/>
                                                         </ptk:WtPageName>
                                                      </ptk:target>
                                                      <ptk:title>
                                                         <ptk:WtLinkTitle-WtNoLinkTitle/>
                                                      </ptk:title>
                                                   </ptk:WtInternalLink>
                                                </ptk:l>
                                             </ptk:l>
                                          </ptk:body>
                                       </ptk:WtXmlElement>
                                       <ptk:WtXmlElement>
                                          <ptk:rtd>c3EAfgAjdXEAfgAnAAAAA3VxAH4AKQAAAAF0AAM8dGR1cQB+ACkAAAABdAABPnEAfgC6</ptk:rtd>
                                          <ptk:name>td</ptk:name>
                                          <ptk:xmlAttributes>
                                             <ptk:WtXmlAttributes-WtEmptyXmlAttributes/>
                                          </ptk:xmlAttributes>
                                          <ptk:body>
                                             <ptk:l>
                                                <ptk:WtInternalLink>
                                                   <ptk:rtd>c3EAfgAjdXEAfgAnAAAAA3VxAH4AKQAAAAFxAH4BVnEAfgC6dXEAfgApAAAAAXEAfgFY</ptk:rtd>
                                                   <ptk:prefix/>
                                                   <ptk:postfix/>
                                                   <ptk:target>
                                                      <ptk:WtPageName location="Target:20:83">
                                                         <ptk:content>Juba, South Sudan</ptk:content>
                                                         <ptk:rtd null="true"/>
                                                      </ptk:WtPageName>
                                                   </ptk:target>
                                                   <ptk:title>
                                                      <ptk:l>
                                                         <ptk:t location="Target:20:101">Juba</ptk:t>
                                                      </ptk:l>
                                                   </ptk:title>
                                                </ptk:WtInternalLink>
                                                <ptk:WtXmlElement>
                                                   <ptk:rtd>c3EAfgAjdXEAfgAnAAAAA3VxAH4AKQAAAAF0AAM8YnJ1cQB+ACkAAAABdAACLz5xAH4Aug==</ptk:rtd>
                                                   <ptk:name>br</ptk:name>
                                                   <ptk:xmlAttributes>
                                                      <ptk:WtXmlAttributes-WtEmptyXmlAttributes/>
                                                   </ptk:xmlAttributes>
                                                   <ptk:body>
                                                      <ptk:WtBody-WtNoBody/>
                                                   </ptk:body>
                                                </ptk:WtXmlElement>
                                                <ptk:WtXmlElement>
                                                   <ptk:rtd>c3EAfgAjdXEAfgAnAAAAA3VxAH4AKQAAAAF0AAY8c21hbGx1cQB+ACkAAAABdAABPnVxAH4AKQAAAAF0AAg8L3NtYWxsPg==</ptk:rtd>
                                                   <ptk:name>small</ptk:name>
                                                   <ptk:xmlAttributes>
                                                      <ptk:WtXmlAttributes-WtEmptyXmlAttributes/>
                                                   </ptk:xmlAttributes>
                                                   <ptk:body>
                                                      <ptk:l>
                                                         <ptk:WtXmlElement>
                                                            <ptk:rtd>c3EAfgAjdXEAfgAnAAAAA3VxAH4AKQAAAAF0AAU8c3BhbnVxAH4AKQAAAAF0AAE+dXEAfgApAAAAAXQABzwvc3Bhbj4=</ptk:rtd>
                                                            <ptk:name>span</ptk:name>
                                                            <ptk:xmlAttributes>
                                                               <ptk:l location="Target:20:124">
                                                                  <ptk:WtXmlAttribute location="Target:20:124">
                                                                     <ptk:rtd>c3EAfgAjdXEAfgAnAAAAAnVxAH4AKQAAAAF0AAggc3R5bGU9InVxAH4AKQAAAAF0AAEi</ptk:rtd>
                                                                     <ptk:name>style</ptk:name>
                                                                     <ptk:value>
                                                                        <ptk:l location="Target:20:132">
                                                                           <ptk:t location="Target:20:132">white-space:nowrap;</ptk:t>
                                                                        </ptk:l>
                                                                     </ptk:value>
                                                                  </ptk:WtXmlAttribute>
                                                               </ptk:l>
                                                            </ptk:xmlAttributes>
                                                            <ptk:body>
                                                               <ptk:l>
                                                                  <ptk:WtXmlElement>
                                                                     <ptk:rtd>c3EAfgAjdXEAfgAnAAAAA3VxAH4AKQAAAAF0AAU8c3BhbnVxAH4AKQAAAAF0AAE+dXEAfgApAAAAAXQABzwvc3Bhbj4=</ptk:rtd>
                                                                     <ptk:name>span</ptk:name>
                                                                     <ptk:xmlAttributes>
                                                                        <ptk:l location="Target:20:158">
                                                                           <ptk:WtXmlAttribute location="Target:20:158">
                                                                              <ptk:rtd>c3EAfgAjdXEAfgAnAAAAAnVxAH4AKQAAAAF0AAggY2xhc3M9InVxAH4AKQAAAAF0AAEi</ptk:rtd>
                                                                              <ptk:name>class</ptk:name>
                                                                              <ptk:value>
                                                                                 <ptk:l location="Target:20:166">
                                                                                    <ptk:t location="Target:20:166">plainlinks nourlexpansion</ptk:t>
                                                                                 </ptk:l>
                                                                              </ptk:value>
                                                                           </ptk:WtXmlAttribute>
                                                                        </ptk:l>
                                                                     </ptk:xmlAttributes>
                                                                     <ptk:body>
                                                                        <ptk:l>
                                                                           <ptk:WtExternalLink>
                                                                              <ptk:rtd>c3EAfgAjdXEAfgAnAAAAA3VxAH4AKQAAAAF0AAFbdXEAfgApAAAAAXQAASB1cQB+ACkAAAABdAABXQ==</ptk:rtd>
                                                                              <ptk:target>
                                                                                 <ptk:WtUrl location="Target:20:194">
                                                                                    <ptk:rtd>c3EAfgAjdXEAfgAnAAAAAXVxAH4AKQAAAAF0AF5odHRwOi8vdG9vbHNlcnZlci5vcmcvfmdlb2hhY2svZ2VvaGFjay5waHA/cGFnZW5hbWU9VGFyZ2V0JnBhcmFtcz0wNF81MV9OXzMxXzM2X0VfdHlwZTpjb3VudHJ5</ptk:rtd>
                                                                                    <ptk:protocol>http</ptk:protocol>
                                                                                    <ptk:path>//toolserver.org/~geohack/geohack.php?pagename=Target&amp;params=04_51_N_31_36_E_type:country</ptk:path>
                                                                                 </ptk:WtUrl>
                                                                              </ptk:target>
                                                                              <ptk:title>
                                                                                 <ptk:l>
                                                                                    <ptk:WtXmlElement>
                                                                                       <ptk:rtd>c3EAfgAjdXEAfgAnAAAAA3VxAH4AKQAAAAF0AAU8c3BhbnVxAH4AKQAAAAF0AAE+dXEAfgApAAAAAXQABzwvc3Bhbj4=</ptk:rtd>
                                                                                       <ptk:name>span</ptk:name>
                                                                                       <ptk:xmlAttributes>
                                                                                          <ptk:l location="Target:20:294">
                                                                                             <ptk:WtXmlAttribute location="Target:20:294">
                                                                                                <ptk:rtd>c3EAfgAjdXEAfgAnAAAAAnVxAH4AKQAAAAF0AAggY2xhc3M9InVxAH4AKQAAAAF0AAEi</ptk:rtd>
                                                                                                <ptk:name>class</ptk:name>
                                                                                                <ptk:value>
                                                                                                   <ptk:l location="Target:20:302">
                                                                                                      <ptk:t location="Target:20:302">geo-default</ptk:t>
                                                                                                   </ptk:l>
                                                                                                </ptk:value>
                                                                                             </ptk:WtXmlAttribute>
                                                                                          </ptk:l>
                                                                                       </ptk:xmlAttributes>
                                                                                       <ptk:body>
                                                                                          <ptk:l>
                                                                                             <ptk:WtXmlElement>
                                                                                                <ptk:rtd>c3EAfgAjdXEAfgAnAAAAA3VxAH4AKQAAAAF0AAU8c3BhbnVxAH4AKQAAAAF0AAE+dXEAfgApAAAAAXQABzwvc3Bhbj4=</ptk:rtd>
                                                                                                <ptk:name>span</ptk:name>
                                                                                                <ptk:xmlAttributes>
                                                                                                   <ptk:l location="Target:20:320">
                                                                                                      <ptk:WtXmlAttribute location="Target:20:320">
                                                                                                         <ptk:rtd>c3EAfgAjdXEAfgAnAAAAAnVxAH4AKQAAAAF0AAggY2xhc3M9InVxAH4AKQAAAAF0AAEi</ptk:rtd>
                                                                                                         <ptk:name>class</ptk:name>
                                                                                                         <ptk:value>
                                                                                                            <ptk:l location="Target:20:328">
                                                                                                               <ptk:t location="Target:20:328">geo-dms</ptk:t>
                                                                                                            </ptk:l>
                                                                                                         </ptk:value>
                                                                                                      </ptk:WtXmlAttribute>
                                                                                                      <ptk:WtXmlAttribute location="Target:20:336">
                                                                                                         <ptk:rtd>c3EAfgAjdXEAfgAnAAAAAnVxAH4AKQAAAAF0AAggdGl0bGU9InVxAH4AKQAAAAF0AAEi</ptk:rtd>
                                                                                                         <ptk:name>title</ptk:name>
                                                                                                         <ptk:value>
                                                                                                            <ptk:l location="Target:20:344">
                                                                                                               <ptk:t location="Target:20:344">Maps, aerial photos, and other data for this location</ptk:t>
                                                                                                            </ptk:l>
                                                                                                         </ptk:value>
                                                                                                      </ptk:WtXmlAttribute>
                                                                                                   </ptk:l>
                                                                                                </ptk:xmlAttributes>
                                                                                                <ptk:body>
                                                                                                   <ptk:l>
                                                                                                      <ptk:WtXmlElement>
                                                                                                         <ptk:rtd>c3EAfgAjdXEAfgAnAAAAA3VxAH4AKQAAAAF0AAU8c3BhbnVxAH4AKQAAAAF0AAE+dXEAfgApAAAAAXQABzwvc3Bhbj4=</ptk:rtd>
                                                                                                         <ptk:name>span</ptk:name>
                                                                                                         <ptk:xmlAttributes>
                                                                                                            <ptk:l location="Target:20:404">
                                                                                                               <ptk:WtXmlAttribute location="Target:20:404">
                                                                                                                  <ptk:rtd>c3EAfgAjdXEAfgAnAAAAAnVxAH4AKQAAAAF0AAggY2xhc3M9InVxAH4AKQAAAAF0AAEi</ptk:rtd>
                                                                                                                  <ptk:name>class</ptk:name>
                                                                                                                  <ptk:value>
                                                                                                                     <ptk:l location="Target:20:412">
                                                                                                                        <ptk:t location="Target:20:412">latitude</ptk:t>
                                                                                                                     </ptk:l>
                                                                                                                  </ptk:value>
                                                                                                               </ptk:WtXmlAttribute>
                                                                                                            </ptk:l>
                                                                                                         </ptk:xmlAttributes>
                                                                                                         <ptk:body>
                                                                                                            <ptk:l>
                                                                                                               <ptk:t location="Target:20:422">04°51′N</ptk:t>
                                                                                                            </ptk:l>
                                                                                                         </ptk:body>
                                                                                                      </ptk:WtXmlElement>
                                                                                                      <ptk:t location="Target:20:436"> </ptk:t>
                                                                                                      <ptk:WtXmlElement>
                                                                                                         <ptk:rtd>c3EAfgAjdXEAfgAnAAAAA3VxAH4AKQAAAAF0AAU8c3BhbnVxAH4AKQAAAAF0AAE+dXEAfgApAAAAAXQABzwvc3Bhbj4=</ptk:rtd>
                                                                                                         <ptk:name>span</ptk:name>
                                                                                                         <ptk:xmlAttributes>
                                                                                                            <ptk:l location="Target:20:442">
                                                                                                               <ptk:WtXmlAttribute location="Target:20:442">
                                                                                                                  <ptk:rtd>c3EAfgAjdXEAfgAnAAAAAnVxAH4AKQAAAAF0AAggY2xhc3M9InVxAH4AKQAAAAF0AAEi</ptk:rtd>
                                                                                                                  <ptk:name>class</ptk:name>
                                                                                                                  <ptk:value>
                                                                                                                     <ptk:l location="Target:20:450">
                                                                                                                        <ptk:t location="Target:20:450">longitude</ptk:t>
                                                                                                                     </ptk:l>
                                                                                                                  </ptk:value>
                                                                                                               </ptk:WtXmlAttribute>
                                                                                                            </ptk:l>
                                                                                                         </ptk:xmlAttributes>
                                                                                                         <ptk:body>
                                                                                                            <ptk:l>
                                                                                                               <ptk:t location="Target:20:461">31°36′E</ptk:t>
                                                                                                            </ptk:l>
                                                                                                         </ptk:body>
                                                                                                      </ptk:WtXmlElement>
                                                                                                   </ptk:l>
                                                                                                </ptk:body>
                                                                                             </ptk:WtXmlElement>
                                                                                          </ptk:l>
                                                                                       </ptk:body>
                                                                                    </ptk:WtXmlElement>
                                                                                    <ptk:WtXmlElement>
                                                                                       <ptk:rtd>c3EAfgAjdXEAfgAnAAAAA3VxAH4AKQAAAAF0AAU8c3BhbnVxAH4AKQAAAAF0AAE+dXEAfgApAAAAAXQABzwvc3Bhbj4=</ptk:rtd>
                                                                                       <ptk:name>span</ptk:name>
                                                                                       <ptk:xmlAttributes>
                                                                                          <ptk:l location="Target:20:494">
                                                                                             <ptk:WtXmlAttribute location="Target:20:494">
                                                                                                <ptk:rtd>c3EAfgAjdXEAfgAnAAAAAnVxAH4AKQAAAAF0AAggY2xhc3M9InVxAH4AKQAAAAF0AAEi</ptk:rtd>
                                                                                                <ptk:name>class</ptk:name>
                                                                                                <ptk:value>
                                                                                                   <ptk:l location="Target:20:502">
                                                                                                      <ptk:t location="Target:20:502">geo-multi-punct</ptk:t>
                                                                                                   </ptk:l>
                                                                                                </ptk:value>
                                                                                             </ptk:WtXmlAttribute>
                                                                                          </ptk:l>
                                                                                       </ptk:xmlAttributes>
                                                                                       <ptk:body>
                                                                                          <ptk:l>
                                                                                             <ptk:WtXmlCharRef location="Target:20:521">
                                                                                                <ptk:rtd>c3EAfgAjdXEAfgAnAAAAAXVxAH4AKQAAAAF0AAgmI3hmZWZmOw==</ptk:rtd>
                                                                                                <ptk:codePoint>65279</ptk:codePoint>
                                                                                             </ptk:WtXmlCharRef>
                                                                                             <ptk:t location="Target:20:527"> / </ptk:t>
                                                                                             <ptk:WtXmlCharRef location="Target:20:532">
                                                                                                <ptk:rtd>c3EAfgAjdXEAfgAnAAAAAXVxAH4AKQAAAAF0AAgmI3hmZWZmOw==</ptk:rtd>
                                                                                                <ptk:codePoint>65279</ptk:codePoint>
                                                                                             </ptk:WtXmlCharRef>
                                                                                          </ptk:l>
                                                                                       </ptk:body>
                                                                                    </ptk:WtXmlElement>
                                                                                    <ptk:WtXmlElement>
                                                                                       <ptk:rtd>c3EAfgAjdXEAfgAnAAAAA3VxAH4AKQAAAAF0AAU8c3BhbnVxAH4AKQAAAAF0AAE+dXEAfgApAAAAAXQABzwvc3Bhbj4=</ptk:rtd>
                                                                                       <ptk:name>span</ptk:name>
                                                                                       <ptk:xmlAttributes>
                                                                                          <ptk:l location="Target:20:550">
                                                                                             <ptk:WtXmlAttribute location="Target:20:550">
                                                                                                <ptk:rtd>c3EAfgAjdXEAfgAnAAAAAnVxAH4AKQAAAAF0AAggY2xhc3M9InVxAH4AKQAAAAF0AAEi</ptk:rtd>
                                                                                                <ptk:name>class</ptk:name>
                                                                                                <ptk:value>
                                                                                                   <ptk:l location="Target:20:558">
                                                                                                      <ptk:t location="Target:20:558">geo-nondefault</ptk:t>
                                                                                                   </ptk:l>
                                                                                                </ptk:value>
                                                                                             </ptk:WtXmlAttribute>
                                                                                          </ptk:l>
                                                                                       </ptk:xmlAttributes>
                                                                                       <ptk:body>
                                                                                          <ptk:l>
                                                                                             <ptk:WtXmlElement>
                                                                                                <ptk:rtd>c3EAfgAjdXEAfgAnAAAAA3VxAH4AKQAAAAF0AAU8c3BhbnVxAH4AKQAAAAF0AAE+dXEAfgApAAAAAXQABzwvc3Bhbj4=</ptk:rtd>
                                                                                                <ptk:name>span</ptk:name>
                                                                                                <ptk:xmlAttributes>
                                                                                                   <ptk:l location="Target:20:579">
                                                                                                      <ptk:WtXmlAttribute location="Target:20:579">
                                                                                                         <ptk:rtd>c3EAfgAjdXEAfgAnAAAAAnVxAH4AKQAAAAF0AAggY2xhc3M9InVxAH4AKQAAAAF0AAEi</ptk:rtd>
                                                                                                         <ptk:name>class</ptk:name>
                                                                                                         <ptk:value>
                                                                                                            <ptk:l location="Target:20:587">
                                                                                                               <ptk:t location="Target:20:587">geo-dec</ptk:t>
                                                                                                            </ptk:l>
                                                                                                         </ptk:value>
                                                                                                      </ptk:WtXmlAttribute>
                                                                                                      <ptk:WtXmlAttribute location="Target:20:595">
                                                                                                         <ptk:rtd>c3EAfgAjdXEAfgAnAAAAAnVxAH4AKQAAAAF0AAggdGl0bGU9InVxAH4AKQAAAAF0AAEi</ptk:rtd>
                                                                                                         <ptk:name>title</ptk:name>
                                                                                                         <ptk:value>
                                                                                                            <ptk:l location="Target:20:603">
                                                                                                               <ptk:t location="Target:20:603">Maps, aerial photos, and other data for this location</ptk:t>
                                                                                                            </ptk:l>
                                                                                                         </ptk:value>
                                                                                                      </ptk:WtXmlAttribute>
                                                                                                   </ptk:l>
                                                                                                </ptk:xmlAttributes>
                                                                                                <ptk:body>
                                                                                                   <ptk:l>
                                                                                                      <ptk:t location="Target:20:658">4.85°N 31.6°E</ptk:t>
                                                                                                   </ptk:l>
                                                                                                </ptk:body>
                                                                                             </ptk:WtXmlElement>
                                                                                             <ptk:WtXmlElement>
                                                                                                <ptk:rtd>c3EAfgAjdXEAfgAnAAAAA3VxAH4AKQAAAAF0AAU8c3BhbnVxAH4AKQAAAAF0AAE+dXEAfgApAAAAAXQABzwvc3Bhbj4=</ptk:rtd>
                                                                                                <ptk:name>span</ptk:name>
                                                                                                <ptk:xmlAttributes>
                                                                                                   <ptk:l location="Target:20:683">
                                                                                                      <ptk:WtXmlAttribute location="Target:20:683">
                                                                                                         <ptk:rtd>c3EAfgAjdXEAfgAnAAAAAnVxAH4AKQAAAAF0AAggc3R5bGU9InVxAH4AKQAAAAF0AAEi</ptk:rtd>
                                                                                                         <ptk:name>style</ptk:name>
                                                                                                         <ptk:value>
                                                                                                            <ptk:l location="Target:20:691">
                                                                                                               <ptk:t location="Target:20:691">display:none</ptk:t>
                                                                                                            </ptk:l>
                                                                                                         </ptk:value>
                                                                                                      </ptk:WtXmlAttribute>
                                                                                                   </ptk:l>
                                                                                                </ptk:xmlAttributes>
                                                                                                <ptk:body>
                                                                                                   <ptk:l>
                                                                                                      <ptk:WtXmlCharRef location="Target:20:707">
                                                                                                         <ptk:rtd>c3EAfgAjdXEAfgAnAAAAAXVxAH4AKQAAAAF0AAgmI3hmZWZmOw==</ptk:rtd>
                                                                                                         <ptk:codePoint>65279</ptk:codePoint>
                                                                                                      </ptk:WtXmlCharRef>
                                                                                                      <ptk:t location="Target:20:713"> / </ptk:t>
                                                                                                      <ptk:WtXmlElement>
                                                                                                         <ptk:rtd>c3EAfgAjdXEAfgAnAAAAA3VxAH4AKQAAAAF0AAU8c3BhbnVxAH4AKQAAAAF0AAE+dXEAfgApAAAAAXQABzwvc3Bhbj4=</ptk:rtd>
                                                                                                         <ptk:name>span</ptk:name>
                                                                                                         <ptk:xmlAttributes>
                                                                                                            <ptk:l location="Target:20:721">
                                                                                                               <ptk:WtXmlAttribute location="Target:20:721">
                                                                                                                  <ptk:rtd>c3EAfgAjdXEAfgAnAAAAAnVxAH4AKQAAAAF0AAggY2xhc3M9InVxAH4AKQAAAAF0AAEi</ptk:rtd>
                                                                                                                  <ptk:name>class</ptk:name>
                                                                                                                  <ptk:value>
                                                                                                                     <ptk:l location="Target:20:729">
                                                                                                                        <ptk:t location="Target:20:729">geo</ptk:t>
                                                                                                                     </ptk:l>
                                                                                                                  </ptk:value>
                                                                                                               </ptk:WtXmlAttribute>
                                                                                                            </ptk:l>
                                                                                                         </ptk:xmlAttributes>
                                                                                                         <ptk:body>
                                                                                                            <ptk:l>
                                                                                                               <ptk:t location="Target:20:734">4.85; 31.6</ptk:t>
                                                                                                            </ptk:l>
                                                                                                         </ptk:body>
                                                                                                      </ptk:WtXmlElement>
                                                                                                   </ptk:l>
                                                                                                </ptk:body>
                                                                                             </ptk:WtXmlElement>
                                                                                          </ptk:l>
                                                                                       </ptk:body>
                                                                                    </ptk:WtXmlElement>
                                                                                 </ptk:l>
                                                                              </ptk:title>
                                                                           </ptk:WtExternalLink>
                                                                        </ptk:l>
                                                                     </ptk:body>
                                                                  </ptk:WtXmlElement>
                                                               </ptk:l>
                                                            </ptk:body>
                                                         </ptk:WtXmlElement>
                                                      </ptk:l>
                                                   </ptk:body>
                                                </ptk:WtXmlElement>
                                                <ptk:t>
                     </ptk:t>
                                             </ptk:l>
                                          </ptk:body>
                                       </ptk:WtXmlElement>
                                    </ptk:l>
                                 </ptk:body>
                              </ptk:WtXmlElement>
                              <ptk:WtXmlElement>
                                 <ptk:rtd>c3EAfgAjdXEAfgAnAAAAA3VxAH4AKQAAAAF0AAM8dHJ1cQB+ACkAAAABdAABPnEAfgC6</ptk:rtd>
                                 <ptk:name>tr</ptk:name>
                                 <ptk:xmlAttributes>
                                    <ptk:WtXmlAttributes-WtEmptyXmlAttributes/>
                                 </ptk:xmlAttributes>
                                 <ptk:body>
                                    <ptk:l>
                                       <ptk:t>
          </ptk:t>
                                       <ptk:WtXmlElement>
                                          <ptk:rtd>c3EAfgAjdXEAfgAnAAAAA3VxAH4AKQAAAAF0AAM8dGh1cQB+ACkAAAABdAABPnEAfgC6</ptk:rtd>
                                          <ptk:name>th</ptk:name>
                                          <ptk:xmlAttributes>
                                             <ptk:l location="Target:22:14">
                                                <ptk:WtXmlAttribute location="Target:22:14">
                                                   <ptk:rtd>c3EAfgAjdXEAfgAnAAAAAnVxAH4AKQAAAAF0AAogY29sc3Bhbj0idXEAfgApAAAAAXQAASI=</ptk:rtd>
                                                   <ptk:name>colspan</ptk:name>
                                                   <ptk:value>
                                                      <ptk:l location="Target:22:24">
                                                         <ptk:t location="Target:22:24">2</ptk:t>
                                                      </ptk:l>
                                                   </ptk:value>
                                                </ptk:WtXmlAttribute>
                                                <ptk:WtXmlAttribute location="Target:22:26">
                                                   <ptk:rtd>c3EAfgAjdXEAfgAnAAAAAnVxAH4AKQAAAAF0AAggc3R5bGU9InVxAH4AKQAAAAF0AAEi</ptk:rtd>
                                                   <ptk:name>style</ptk:name>
                                                   <ptk:value>
                                                      <ptk:l location="Target:22:34">
                                                         <ptk:t location="Target:22:34">vertical-align:middle; white-space:nowrap;</ptk:t>
                                                      </ptk:l>
                                                   </ptk:value>
                                                </ptk:WtXmlAttribute>
                                             </ptk:l>
                                          </ptk:xmlAttributes>
                                          <ptk:body>
                                             <ptk:l>
                                                <ptk:WtInternalLink>
                                                   <ptk:rtd>c3EAfgAjdXEAfgAnAAAAA3VxAH4AKQAAAAFxAH4BVnEAfgC6dXEAfgApAAAAAXEAfgFY</ptk:rtd>
                                                   <ptk:prefix/>
                                                   <ptk:postfix/>
                                                   <ptk:target>
                                                      <ptk:WtPageName location="Target:22:80">
                                                         <ptk:content>لغه  رسميه</ptk:content>
                                                         <ptk:rtd null="true"/>
                                                      </ptk:WtPageName>
                                                   </ptk:target>
                                                   <ptk:title>
                                                      <ptk:WtLinkTitle-WtNoLinkTitle/>
                                                   </ptk:title>
                                                </ptk:WtInternalLink>
                                             </ptk:l>
                                          </ptk:body>
                                       </ptk:WtXmlElement>
                                       <ptk:t>
          </ptk:t>
                                       <ptk:WtXmlElement>
                                          <ptk:rtd>c3EAfgAjdXEAfgAnAAAAA3VxAH4AKQAAAAF0AAM8dGR1cQB+ACkAAAABdAABPnEAfgC6</ptk:rtd>
                                          <ptk:name>td</ptk:name>
                                          <ptk:xmlAttributes>
                                             <ptk:WtXmlAttributes-WtEmptyXmlAttributes/>
                                          </ptk:xmlAttributes>
                                          <ptk:body>
                                             <ptk:l>
                                                <ptk:WtInternalLink>
                                                   <ptk:rtd>c3EAfgAjdXEAfgAnAAAAA3VxAH4AKQAAAAFxAH4BVnEAfgC6dXEAfgApAAAAAXEAfgFY</ptk:rtd>
                                                   <ptk:prefix/>
                                                   <ptk:postfix/>
                                                   <ptk:target>
                                                      <ptk:WtPageName location="Target:23:17">
                                                         <ptk:content>انجليزى</ptk:content>
                                                         <ptk:rtd null="true"/>
                                                      </ptk:WtPageName>
                                                   </ptk:target>
                                                   <ptk:title>
                                                      <ptk:WtLinkTitle-WtNoLinkTitle/>
                                                   </ptk:title>
                                                </ptk:WtInternalLink>
                                             </ptk:l>
                                          </ptk:body>
                                       </ptk:WtXmlElement>
                                       <ptk:t>
        </ptk:t>
                                    </ptk:l>
                                 </ptk:body>
                              </ptk:WtXmlElement>
                              <ptk:WtXmlElement>
                                 <ptk:rtd>c3EAfgAjdXEAfgAnAAAAA3VxAH4AKQAAAAF0AAM8dHJ1cQB+ACkAAAABdAABPnEAfgC6</ptk:rtd>
                                 <ptk:name>tr</ptk:name>
                                 <ptk:xmlAttributes>
                                    <ptk:l location="Target:24:17">
                                       <ptk:WtXmlAttribute location="Target:24:17">
                                          <ptk:rtd>c3EAfgAjdXEAfgAnAAAAAnVxAH4AKQAAAAF0AAggY2xhc3M9InVxAH4AKQAAAAF0AAEi</ptk:rtd>
                                          <ptk:name>class</ptk:name>
                                          <ptk:value>
                                             <ptk:l location="Target:24:25">
                                                <ptk:t location="Target:24:25">mergedbottomrow</ptk:t>
                                             </ptk:l>
                                          </ptk:value>
                                       </ptk:WtXmlAttribute>
                                    </ptk:l>
                                 </ptk:xmlAttributes>
                                 <ptk:body>
                                    <ptk:l>
                                       <ptk:t>
               </ptk:t>
                                       <ptk:WtXmlElement>
                                          <ptk:rtd>c3EAfgAjdXEAfgAnAAAAA3VxAH4AKQAAAAF0AAM8dGR1cQB+ACkAAAABdAABPnEAfgC6</ptk:rtd>
                                          <ptk:name>td</ptk:name>
                                          <ptk:xmlAttributes>
                                             <ptk:l location="Target:25:19">
                                                <ptk:WtXmlAttribute location="Target:25:19">
                                                   <ptk:rtd>c3EAfgAjdXEAfgAnAAAAAnVxAH4AKQAAAAF0AAogY29sc3Bhbj0idXEAfgApAAAAAXQAASI=</ptk:rtd>
                                                   <ptk:name>colspan</ptk:name>
                                                   <ptk:value>
                                                      <ptk:l location="Target:25:29">
                                                         <ptk:t location="Target:25:29">2</ptk:t>
                                                      </ptk:l>
                                                   </ptk:value>
                                                </ptk:WtXmlAttribute>
                                             </ptk:l>
                                          </ptk:xmlAttributes>
                                          <ptk:body>
                                             <ptk:l>
                                                <ptk:WtInternalLink>
                                                   <ptk:rtd>c3EAfgAjdXEAfgAnAAAAA3VxAH4AKQAAAAFxAH4BVnEAfgC6dXEAfgApAAAAAXEAfgFY</ptk:rtd>
                                                   <ptk:prefix/>
                                                   <ptk:postfix/>
                                                   <ptk:target>
                                                      <ptk:WtPageName location="Target:25:34">
                                                         <ptk:content>لغه محليه</ptk:content>
                                                         <ptk:rtd null="true"/>
                                                      </ptk:WtPageName>
                                                   </ptk:target>
                                                   <ptk:title>
                                                      <ptk:l>
                                                         <ptk:t location="Target:25:44">لغات محليه</ptk:t>
                                                         <ptk:WtXmlEntityRef location="Target:25:55">
                                                            <ptk:rtd>c3EAfgAjdXEAfgAnAAAAAXVxAH4AKQAAAAF0AAYmbmJzcDs=</ptk:rtd>
                                                            <ptk:name>nbsp</ptk:name>
                                                            <ptk:resolved> </ptk:resolved>
                                                         </ptk:WtXmlEntityRef>
                                                         <ptk:t location="Target:25:60">معترف بيها</ptk:t>
                                                      </ptk:l>
                                                   </ptk:title>
                                                </ptk:WtInternalLink>
                                             </ptk:l>
                                          </ptk:body>
                                       </ptk:WtXmlElement>
                                       <ptk:t>
               </ptk:t>
                                       <ptk:WtXmlElement>
                                          <ptk:rtd>c3EAfgAjdXEAfgAnAAAAA3VxAH4AKQAAAAF0AAM8dGR1cQB+ACkAAAABdAABPnEAfgC6</ptk:rtd>
                                          <ptk:name>td</ptk:name>
                                          <ptk:xmlAttributes>
                                             <ptk:l location="Target:26:19">
                                                <ptk:WtXmlAttribute location="Target:26:19">
                                                   <ptk:rtd>c3EAfgAjdXEAfgAnAAAAAnVxAH4AKQAAAAF0AAggc3R5bGU9InVxAH4AKQAAAAF0AAEi</ptk:rtd>
                                                   <ptk:name>style</ptk:name>
                                                   <ptk:value>
                                                      <ptk:l location="Target:26:27">
                                                         <ptk:t location="Target:26:27">vertical-align:middle;</ptk:t>
                                                      </ptk:l>
                                                   </ptk:value>
                                                </ptk:WtXmlAttribute>
                                             </ptk:l>
                                          </ptk:xmlAttributes>
                                          <ptk:body>
                                             <ptk:l>
                                                <ptk:WtInternalLink>
                                                   <ptk:rtd>c3EAfgAjdXEAfgAnAAAAA3VxAH4AKQAAAAFxAH4BVnEAfgC6dXEAfgApAAAAAXEAfgFY</ptk:rtd>
                                                   <ptk:prefix/>
                                                   <ptk:postfix/>
                                                   <ptk:target>
                                                      <ptk:WtPageName location="Target:26:53">
                                                         <ptk:content>عربى چوبى</ptk:content>
                                                         <ptk:rtd null="true"/>
                                                      </ptk:WtPageName>
                                                   </ptk:target>
                                                   <ptk:title>
                                                      <ptk:WtLinkTitle-WtNoLinkTitle/>
                                                   </ptk:title>
                                                </ptk:WtInternalLink>
                                                <ptk:t location="Target:26:64"> is lingua franca around Juba. </ptk:t>
                                                <ptk:WtInternalLink>
                                                   <ptk:rtd>c3EAfgAjdXEAfgAnAAAAA3VxAH4AKQAAAAFxAH4BVnEAfgC6dXEAfgApAAAAAXEAfgFY</ptk:rtd>
                                                   <ptk:prefix/>
                                                   <ptk:postfix/>
                                                   <ptk:target>
                                                      <ptk:WtPageName location="Target:26:97">
                                                         <ptk:content>Dinka language</ptk:content>
                                                         <ptk:rtd null="true"/>
                                                      </ptk:WtPageName>
                                                   </ptk:target>
                                                   <ptk:title>
                                                      <ptk:l>
                                                         <ptk:t location="Target:26:112">Dinka</ptk:t>
                                                      </ptk:l>
                                                   </ptk:title>
                                                </ptk:WtInternalLink>
                                                <ptk:t location="Target:26:119"> 2–3 million; other major languages are </ptk:t>
                                                <ptk:WtInternalLink>
                                                   <ptk:rtd>c3EAfgAjdXEAfgAnAAAAA3VxAH4AKQAAAAFxAH4BVnEAfgC6dXEAfgApAAAAAXEAfgFY</ptk:rtd>
                                                   <ptk:prefix/>
                                                   <ptk:postfix/>
                                                   <ptk:target>
                                                      <ptk:WtPageName location="Target:26:161">
                                                         <ptk:content>Nuer language</ptk:content>
                                                         <ptk:rtd null="true"/>
                                                      </ptk:WtPageName>
                                                   </ptk:target>
                                                   <ptk:title>
                                                      <ptk:l>
                                                         <ptk:t location="Target:26:175">Nuer</ptk:t>
                                                      </ptk:l>
                                                   </ptk:title>
                                                </ptk:WtInternalLink>
                                                <ptk:t location="Target:26:181">, </ptk:t>
                                                <ptk:WtInternalLink>
                                                   <ptk:rtd>c3EAfgAjdXEAfgAnAAAAA3VxAH4AKQAAAAFxAH4BVnEAfgC6dXEAfgApAAAAAXEAfgFY</ptk:rtd>
                                                   <ptk:prefix/>
                                                   <ptk:postfix/>
                                                   <ptk:target>
                                                      <ptk:WtPageName location="Target:26:185">
                                                         <ptk:content>Zande language</ptk:content>
                                                         <ptk:rtd null="true"/>
                                                      </ptk:WtPageName>
                                                   </ptk:target>
                                                   <ptk:title>
                                                      <ptk:l>
                                                         <ptk:t location="Target:26:200">Zande</ptk:t>
                                                      </ptk:l>
                                                   </ptk:title>
                                                </ptk:WtInternalLink>
                                                <ptk:t location="Target:26:207">, </ptk:t>
                                                <ptk:WtInternalLink>
                                                   <ptk:rtd>c3EAfgAjdXEAfgAnAAAAA3VxAH4AKQAAAAFxAH4BVnEAfgC6dXEAfgApAAAAAXEAfgFY</ptk:rtd>
                                                   <ptk:prefix/>
                                                   <ptk:postfix/>
                                                   <ptk:target>
                                                      <ptk:WtPageName location="Target:26:211">
                                                         <ptk:content>Bari language</ptk:content>
                                                         <ptk:rtd null="true"/>
                                                      </ptk:WtPageName>
                                                   </ptk:target>
                                                   <ptk:title>
                                                      <ptk:l>
                                                         <ptk:t location="Target:26:225">Bari</ptk:t>
                                                      </ptk:l>
                                                   </ptk:title>
                                                </ptk:WtInternalLink>
                                                <ptk:t location="Target:26:231">, </ptk:t>
                                                <ptk:WtInternalLink>
                                                   <ptk:rtd>c3EAfgAjdXEAfgAnAAAAA3VxAH4AKQAAAAFxAH4BVnEAfgC6dXEAfgApAAAAAXEAfgFY</ptk:rtd>
                                                   <ptk:prefix/>
                                                   <ptk:postfix/>
                                                   <ptk:target>
                                                      <ptk:WtPageName location="Target:26:235">
                                                         <ptk:content>Shilluk language</ptk:content>
                                                         <ptk:rtd null="true"/>
                                                      </ptk:WtPageName>
                                                   </ptk:target>
                                                   <ptk:title>
                                                      <ptk:l>
                                                         <ptk:t location="Target:26:252">Shilluk</ptk:t>
                                                      </ptk:l>
                                                   </ptk:title>
                                                </ptk:WtInternalLink>
                                             </ptk:l>
                                          </ptk:body>
                                       </ptk:WtXmlElement>
                                       <ptk:t>
             </ptk:t>
                                    </ptk:l>
                                 </ptk:body>
                              </ptk:WtXmlElement>
                              <ptk:WtXmlElement>
                                 <ptk:rtd>c3EAfgAjdXEAfgAnAAAAA3VxAH4AKQAAAAF0AAM8dHJ1cQB+ACkAAAABdAABPnEAfgC6</ptk:rtd>
                                 <ptk:name>tr</ptk:name>
                                 <ptk:xmlAttributes>
                                    <ptk:WtXmlAttributes-WtEmptyXmlAttributes/>
                                 </ptk:xmlAttributes>
                                 <ptk:body>
                                    <ptk:l>
                                       <ptk:t>
          </ptk:t>
                                       <ptk:WtXmlElement>
                                          <ptk:rtd>c3EAfgAjdXEAfgAnAAAAA3VxAH4AKQAAAAF0AAM8dGR1cQB+ACkAAAABdAABPnEAfgC6</ptk:rtd>
                                          <ptk:name>td</ptk:name>
                                          <ptk:xmlAttributes>
                                             <ptk:l location="Target:28:14">
                                                <ptk:WtXmlAttribute location="Target:28:14">
                                                   <ptk:rtd>c3EAfgAjdXEAfgAnAAAAAnVxAH4AKQAAAAF0AAogY29sc3Bhbj0idXEAfgApAAAAAXQAASI=</ptk:rtd>
                                                   <ptk:name>colspan</ptk:name>
                                                   <ptk:value>
                                                      <ptk:l location="Target:28:24">
                                                         <ptk:t location="Target:28:24">2</ptk:t>
                                                      </ptk:l>
                                                   </ptk:value>
                                                </ptk:WtXmlAttribute>
                                             </ptk:l>
                                          </ptk:xmlAttributes>
                                          <ptk:body>
                                             <ptk:l>
                                                <ptk:l>
                                                   <ptk:WtInternalLink>
                                                      <ptk:rtd>c3EAfgAjdXEAfgAnAAAAA3VxAH4AKQAAAAFxAH4BVnEAfgC6dXEAfgApAAAAAXEAfgFY</ptk:rtd>
                                                      <ptk:prefix/>
                                                      <ptk:postfix/>
                                                      <ptk:target>
                                                         <ptk:WtPageName location="Target:28:32">
                                                            <ptk:content>مجموعه عرقيه</ptk:content>
                                                            <ptk:rtd null="true"/>
                                                         </ptk:WtPageName>
                                                      </ptk:target>
                                                      <ptk:title>
                                                         <ptk:l>
                                                            <ptk:t location="Target:28:45">مجموعات عرقيه</ptk:t>
                                                         </ptk:l>
                                                      </ptk:title>
                                                   </ptk:WtInternalLink>
                                                </ptk:l>
                                                <ptk:WtXmlEntityRef location="Target:28:64">
                                                   <ptk:rtd>c3EAfgAjdXEAfgAnAAAAAXVxAH4AKQAAAAF0AAYmbmJzcDs=</ptk:rtd>
                                                   <ptk:name>nbsp</ptk:name>
                                                   <ptk:resolved> </ptk:resolved>
                                                </ptk:WtXmlEntityRef>
                                             </ptk:l>
                                          </ptk:body>
                                       </ptk:WtXmlElement>
                                       <ptk:t>
          </ptk:t>
                                       <ptk:WtXmlElement>
                                          <ptk:rtd>c3EAfgAjdXEAfgAnAAAAA3VxAH4AKQAAAAF0AAM8dGR1cQB+ACkAAAABdAABPnEAfgC6</ptk:rtd>
                                          <ptk:name>td</ptk:name>
                                          <ptk:xmlAttributes>
                                             <ptk:WtXmlAttributes-WtEmptyXmlAttributes/>
                                          </ptk:xmlAttributes>
                                          <ptk:body>
                                             <ptk:l>
                                                <ptk:WtInternalLink>
                                                   <ptk:rtd>c3EAfgAjdXEAfgAnAAAAA3VxAH4AKQAAAAFxAH4BVnEAfgC6dXEAfgApAAAAAXEAfgFY</ptk:rtd>
                                                   <ptk:prefix/>
                                                   <ptk:postfix/>
                                                   <ptk:target>
                                                      <ptk:WtPageName location="Target:29:17">
                                                         <ptk:content>Dinka people</ptk:content>
                                                         <ptk:rtd null="true"/>
                                                      </ptk:WtPageName>
                                                   </ptk:target>
                                                   <ptk:title>
                                                      <ptk:l>
                                                         <ptk:t location="Target:29:30">Dinka</ptk:t>
                                                      </ptk:l>
                                                   </ptk:title>
                                                </ptk:WtInternalLink>
                                                <ptk:t location="Target:29:37">, </ptk:t>
                                                <ptk:WtInternalLink>
                                                   <ptk:rtd>c3EAfgAjdXEAfgAnAAAAA3VxAH4AKQAAAAFxAH4BVnEAfgC6dXEAfgApAAAAAXEAfgFY</ptk:rtd>
                                                   <ptk:prefix/>
                                                   <ptk:postfix/>
                                                   <ptk:target>
                                                      <ptk:WtPageName location="Target:29:41">
                                                         <ptk:content>Nuer people</ptk:content>
                                                         <ptk:rtd null="true"/>
                                                      </ptk:WtPageName>
                                                   </ptk:target>
                                                   <ptk:title>
                                                      <ptk:l>
                                                         <ptk:t location="Target:29:53">Nuer</ptk:t>
                                                      </ptk:l>
                                                   </ptk:title>
                                                </ptk:WtInternalLink>
                                                <ptk:t location="Target:29:59">, </ptk:t>
                                                <ptk:WtInternalLink>
                                                   <ptk:rtd>c3EAfgAjdXEAfgAnAAAAA3VxAH4AKQAAAAFxAH4BVnEAfgC6dXEAfgApAAAAAXEAfgFY</ptk:rtd>
                                                   <ptk:prefix/>
                                                   <ptk:postfix/>
                                                   <ptk:target>
                                                      <ptk:WtPageName location="Target:29:63">
                                                         <ptk:content>Bari people</ptk:content>
                                                         <ptk:rtd null="true"/>
                                                      </ptk:WtPageName>
                                                   </ptk:target>
                                                   <ptk:title>
                                                      <ptk:l>
                                                         <ptk:t location="Target:29:75">Bari</ptk:t>
                                                      </ptk:l>
                                                   </ptk:title>
                                                </ptk:WtInternalLink>
                                                <ptk:t location="Target:29:81">, </ptk:t>
                                                <ptk:WtInternalLink>
                                                   <ptk:rtd>c3EAfgAjdXEAfgAnAAAAA3VxAH4AKQAAAAFxAH4BVnEAfgC6dXEAfgApAAAAAXEAfgFY</ptk:rtd>
                                                   <ptk:prefix/>
                                                   <ptk:postfix/>
                                                   <ptk:target>
                                                      <ptk:WtPageName location="Target:29:85">
                                                         <ptk:content>Lotuko</ptk:content>
                                                         <ptk:rtd null="true"/>
                                                      </ptk:WtPageName>
                                                   </ptk:target>
                                                   <ptk:title>
                                                      <ptk:WtLinkTitle-WtNoLinkTitle/>
                                                   </ptk:title>
                                                </ptk:WtInternalLink>
                                                <ptk:t location="Target:29:93">, </ptk:t>
                                                <ptk:WtInternalLink>
                                                   <ptk:rtd>c3EAfgAjdXEAfgAnAAAAA3VxAH4AKQAAAAFxAH4BVnEAfgC6dXEAfgApAAAAAXEAfgFY</ptk:rtd>
                                                   <ptk:prefix/>
                                                   <ptk:postfix/>
                                                   <ptk:target>
                                                      <ptk:WtPageName location="Target:29:97">
                                                         <ptk:content>Kuku people</ptk:content>
                                                         <ptk:rtd null="true"/>
                                                      </ptk:WtPageName>
                                                   </ptk:target>
                                                   <ptk:title>
                                                      <ptk:l>
                                                         <ptk:t location="Target:29:109">Kuku</ptk:t>
                                                      </ptk:l>
                                                   </ptk:title>
                                                </ptk:WtInternalLink>
                                                <ptk:t location="Target:29:115">, </ptk:t>
                                                <ptk:WtInternalLink>
                                                   <ptk:rtd>c3EAfgAjdXEAfgAnAAAAA3VxAH4AKQAAAAFxAH4BVnEAfgC6dXEAfgApAAAAAXEAfgFY</ptk:rtd>
                                                   <ptk:prefix/>
                                                   <ptk:postfix/>
                                                   <ptk:target>
                                                      <ptk:WtPageName location="Target:29:119">
                                                         <ptk:content>Zande people</ptk:content>
                                                         <ptk:rtd null="true"/>
                                                      </ptk:WtPageName>
                                                   </ptk:target>
                                                   <ptk:title>
                                                      <ptk:l>
                                                         <ptk:t location="Target:29:132">Zande</ptk:t>
                                                      </ptk:l>
                                                   </ptk:title>
                                                </ptk:WtInternalLink>
                                                <ptk:t location="Target:29:139">, </ptk:t>
                                                <ptk:WtInternalLink>
                                                   <ptk:rtd>c3EAfgAjdXEAfgAnAAAAA3VxAH4AKQAAAAFxAH4BVnEAfgC6dXEAfgApAAAAAXEAfgFY</ptk:rtd>
                                                   <ptk:prefix/>
                                                   <ptk:postfix/>
                                                   <ptk:target>
                                                      <ptk:WtPageName location="Target:29:143">
                                                         <ptk:content>Mundari (tribe)</ptk:content>
                                                         <ptk:rtd null="true"/>
                                                      </ptk:WtPageName>
                                                   </ptk:target>
                                                   <ptk:title>
                                                      <ptk:l>
                                                         <ptk:t location="Target:29:159">Mundari</ptk:t>
                                                      </ptk:l>
                                                   </ptk:title>
                                                </ptk:WtInternalLink>
                                                <ptk:t location="Target:29:168">, </ptk:t>
                                                <ptk:WtInternalLink>
                                                   <ptk:rtd>c3EAfgAjdXEAfgAnAAAAA3VxAH4AKQAAAAFxAH4BVnEAfgC6dXEAfgApAAAAAXEAfgFY</ptk:rtd>
                                                   <ptk:prefix/>
                                                   <ptk:postfix/>
                                                   <ptk:target>
                                                      <ptk:WtPageName location="Target:29:172">
                                                         <ptk:content>Kakwa people</ptk:content>
                                                         <ptk:rtd null="true"/>
                                                      </ptk:WtPageName>
                                                   </ptk:target>
                                                   <ptk:title>
                                                      <ptk:l>
                                                         <ptk:t location="Target:29:185">Kakwa</ptk:t>
                                                      </ptk:l>
                                                   </ptk:title>
                                                </ptk:WtInternalLink>
                                                <ptk:t location="Target:29:192">, </ptk:t>
                                                <ptk:WtInternalLink>
                                                   <ptk:rtd>c3EAfgAjdXEAfgAnAAAAA3VxAH4AKQAAAAFxAH4BVnEAfgC6dXEAfgApAAAAAXEAfgFY</ptk:rtd>
                                                   <ptk:prefix/>
                                                   <ptk:postfix/>
                                                   <ptk:target>
                                                      <ptk:WtPageName location="Target:29:196">
                                                         <ptk:content>Pojulu people</ptk:content>
                                                         <ptk:rtd null="true"/>
                                                      </ptk:WtPageName>
                                                   </ptk:target>
                                                   <ptk:title>
                                                      <ptk:l>
                                                         <ptk:t location="Target:29:210">Pojulu</ptk:t>
                                                      </ptk:l>
                                                   </ptk:title>
                                                </ptk:WtInternalLink>
                                                <ptk:t location="Target:29:218">, </ptk:t>
                                                <ptk:WtInternalLink>
                                                   <ptk:rtd>c3EAfgAjdXEAfgAnAAAAA3VxAH4AKQAAAAFxAH4BVnEAfgC6dXEAfgApAAAAAXEAfgFY</ptk:rtd>
                                                   <ptk:prefix/>
                                                   <ptk:postfix/>
                                                   <ptk:target>
                                                      <ptk:WtPageName location="Target:29:222">
                                                         <ptk:content>Shilluk people</ptk:content>
                                                         <ptk:rtd null="true"/>
                                                      </ptk:WtPageName>
                                                   </ptk:target>
                                                   <ptk:title>
                                                      <ptk:l>
                                                         <ptk:t location="Target:29:237">Shilluk</ptk:t>
                                                      </ptk:l>
                                                   </ptk:title>
                                                </ptk:WtInternalLink>
                                                <ptk:t location="Target:29:246">, </ptk:t>
                                                <ptk:WtInternalLink>
                                                   <ptk:rtd>c3EAfgAjdXEAfgAnAAAAA3VxAH4AKQAAAAFxAH4BVnEAfgC6dXEAfgApAAAAAXEAfgFY</ptk:rtd>
                                                   <ptk:prefix/>
                                                   <ptk:postfix/>
                                                   <ptk:target>
                                                      <ptk:WtPageName location="Target:29:250">
                                                         <ptk:content>Moru people</ptk:content>
                                                         <ptk:rtd null="true"/>
                                                      </ptk:WtPageName>
                                                   </ptk:target>
                                                   <ptk:title>
                                                      <ptk:l>
                                                         <ptk:t location="Target:29:262">Moru</ptk:t>
                                                      </ptk:l>
                                                   </ptk:title>
                                                </ptk:WtInternalLink>
                                                <ptk:t location="Target:29:268">, </ptk:t>
                                                <ptk:WtInternalLink>
                                                   <ptk:rtd>c3EAfgAjdXEAfgAnAAAAA3VxAH4AKQAAAAFxAH4BVnEAfgC6dXEAfgApAAAAAXEAfgFY</ptk:rtd>
                                                   <ptk:prefix/>
                                                   <ptk:postfix/>
                                                   <ptk:target>
                                                      <ptk:WtPageName location="Target:29:272">
                                                         <ptk:content>Acholi people</ptk:content>
                                                         <ptk:rtd null="true"/>
                                                      </ptk:WtPageName>
                                                   </ptk:target>
                                                   <ptk:title>
                                                      <ptk:l>
                                                         <ptk:t location="Target:29:286">Acholi</ptk:t>
                                                      </ptk:l>
                                                   </ptk:title>
                                                </ptk:WtInternalLink>
                                                <ptk:t location="Target:29:294">, </ptk:t>
                                                <ptk:WtInternalLink>
                                                   <ptk:rtd>c3EAfgAjdXEAfgAnAAAAA3VxAH4AKQAAAAFxAH4BVnEAfgC6dXEAfgApAAAAAXEAfgFY</ptk:rtd>
                                                   <ptk:prefix/>
                                                   <ptk:postfix/>
                                                   <ptk:target>
                                                      <ptk:WtPageName location="Target:29:298">
                                                         <ptk:content>Madi people</ptk:content>
                                                         <ptk:rtd null="true"/>
                                                      </ptk:WtPageName>
                                                   </ptk:target>
                                                   <ptk:title>
                                                      <ptk:l>
                                                         <ptk:t location="Target:29:310">Madi</ptk:t>
                                                      </ptk:l>
                                                   </ptk:title>
                                                </ptk:WtInternalLink>
                                                <ptk:t location="Target:29:316">, </ptk:t>
                                                <ptk:WtInternalLink>
                                                   <ptk:rtd>c3EAfgAjdXEAfgAnAAAAA3VxAH4AKQAAAAFxAH4BVnEAfgC6dXEAfgApAAAAAXEAfgFY</ptk:rtd>
                                                   <ptk:prefix/>
                                                   <ptk:postfix/>
                                                   <ptk:target>
                                                      <ptk:WtPageName location="Target:29:320">
                                                         <ptk:content>Lulubo</ptk:content>
                                                         <ptk:rtd null="true"/>
                                                      </ptk:WtPageName>
                                                   </ptk:target>
                                                   <ptk:title>
                                                      <ptk:WtLinkTitle-WtNoLinkTitle/>
                                                   </ptk:title>
                                                </ptk:WtInternalLink>
                                                <ptk:t location="Target:29:328">, </ptk:t>
                                                <ptk:WtInternalLink>
                                                   <ptk:rtd>c3EAfgAjdXEAfgAnAAAAA3VxAH4AKQAAAAFxAH4BVnEAfgC6dXEAfgApAAAAAXEAfgFY</ptk:rtd>
                                                   <ptk:prefix/>
                                                   <ptk:postfix/>
                                                   <ptk:target>
                                                      <ptk:WtPageName location="Target:29:332">
                                                         <ptk:content>Lokoya people</ptk:content>
                                                         <ptk:rtd null="true"/>
                                                      </ptk:WtPageName>
                                                   </ptk:target>
                                                   <ptk:title>
                                                      <ptk:l>
                                                         <ptk:t location="Target:29:346">Lokoya</ptk:t>
                                                      </ptk:l>
                                                   </ptk:title>
                                                </ptk:WtInternalLink>
                                                <ptk:t location="Target:29:354">, </ptk:t>
                                                <ptk:WtInternalLink>
                                                   <ptk:rtd>c3EAfgAjdXEAfgAnAAAAA3VxAH4AKQAAAAFxAH4BVnEAfgC6dXEAfgApAAAAAXEAfgFY</ptk:rtd>
                                                   <ptk:prefix/>
                                                   <ptk:postfix/>
                                                   <ptk:target>
                                                      <ptk:WtPageName location="Target:29:358">
                                                         <ptk:content>Toposa people</ptk:content>
                                                         <ptk:rtd null="true"/>
                                                      </ptk:WtPageName>
                                                   </ptk:target>
                                                   <ptk:title>
                                                      <ptk:l>
                                                         <ptk:t location="Target:29:372">Toposa</ptk:t>
                                                      </ptk:l>
                                                   </ptk:title>
                                                </ptk:WtInternalLink>
                                                <ptk:t location="Target:29:380">, </ptk:t>
                                                <ptk:WtInternalLink>
                                                   <ptk:rtd>c3EAfgAjdXEAfgAnAAAAA3VxAH4AKQAAAAFxAH4BVnEAfgC6dXEAfgApAAAAAXEAfgFY</ptk:rtd>
                                                   <ptk:prefix/>
                                                   <ptk:postfix/>
                                                   <ptk:target>
                                                      <ptk:WtPageName location="Target:29:384">
                                                         <ptk:content>Lango people (Sudan)</ptk:content>
                                                         <ptk:rtd null="true"/>
                                                      </ptk:WtPageName>
                                                   </ptk:target>
                                                   <ptk:title>
                                                      <ptk:l>
                                                         <ptk:t location="Target:29:405">Lango</ptk:t>
                                                      </ptk:l>
                                                   </ptk:title>
                                                </ptk:WtInternalLink>
                                                <ptk:t location="Target:29:412">, </ptk:t>
                                                <ptk:WtInternalLink>
                                                   <ptk:rtd>c3EAfgAjdXEAfgAnAAAAA3VxAH4AKQAAAAFxAH4BVnEAfgC6dXEAfgApAAAAAXEAfgFY</ptk:rtd>
                                                   <ptk:prefix/>
                                                   <ptk:postfix/>
                                                   <ptk:target>
                                                      <ptk:WtPageName location="Target:29:416">
                                                         <ptk:content>Didinga</ptk:content>
                                                         <ptk:rtd null="true"/>
                                                      </ptk:WtPageName>
                                                   </ptk:target>
                                                   <ptk:title>
                                                      <ptk:WtLinkTitle-WtNoLinkTitle/>
                                                   </ptk:title>
                                                </ptk:WtInternalLink>
                                                <ptk:t location="Target:29:425">, </ptk:t>
                                                <ptk:WtInternalLink>
                                                   <ptk:rtd>c3EAfgAjdXEAfgAnAAAAA3VxAH4AKQAAAAFxAH4BVnEAfgC6dXEAfgApAAAAAXEAfgFY</ptk:rtd>
                                                   <ptk:prefix/>
                                                   <ptk:postfix/>
                                                   <ptk:target>
                                                      <ptk:WtPageName location="Target:29:429">
                                                         <ptk:content>Murle people</ptk:content>
                                                         <ptk:rtd null="true"/>
                                                      </ptk:WtPageName>
                                                   </ptk:target>
                                                   <ptk:title>
                                                      <ptk:l>
                                                         <ptk:t location="Target:29:442">Murle</ptk:t>
                                                      </ptk:l>
                                                   </ptk:title>
                                                </ptk:WtInternalLink>
                                                <ptk:t location="Target:29:449">, </ptk:t>
                                                <ptk:WtInternalLink>
                                                   <ptk:rtd>c3EAfgAjdXEAfgAnAAAAA3VxAH4AKQAAAAFxAH4BVnEAfgC6dXEAfgApAAAAAXEAfgFY</ptk:rtd>
                                                   <ptk:prefix/>
                                                   <ptk:postfix/>
                                                   <ptk:target>
                                                      <ptk:WtPageName location="Target:29:453">
                                                         <ptk:content>Anuak people</ptk:content>
                                                         <ptk:rtd null="true"/>
                                                      </ptk:WtPageName>
                                                   </ptk:target>
                                                   <ptk:title>
                                                      <ptk:l>
                                                         <ptk:t location="Target:29:466">Anuak</ptk:t>
                                                      </ptk:l>
                                                   </ptk:title>
                                                </ptk:WtInternalLink>
                                                <ptk:t location="Target:29:473">, </ptk:t>
                                                <ptk:WtInternalLink>
                                                   <ptk:rtd>c3EAfgAjdXEAfgAnAAAAA3VxAH4AKQAAAAFxAH4BVnEAfgC6dXEAfgApAAAAAXEAfgFY</ptk:rtd>
                                                   <ptk:prefix/>
                                                   <ptk:postfix/>
                                                   <ptk:target>
                                                      <ptk:WtPageName location="Target:29:477">
                                                         <ptk:content>Makaraka (people)</ptk:content>
                                                         <ptk:rtd null="true"/>
                                                      </ptk:WtPageName>
                                                   </ptk:target>
                                                   <ptk:title>
                                                      <ptk:l>
                                                         <ptk:t location="Target:29:495">Makaraka</ptk:t>
                                                      </ptk:l>
                                                   </ptk:title>
                                                </ptk:WtInternalLink>
                                                <ptk:t location="Target:29:505">, </ptk:t>
                                                <ptk:WtInternalLink>
                                                   <ptk:rtd>c3EAfgAjdXEAfgAnAAAAA3VxAH4AKQAAAAFxAH4BVnEAfgC6dXEAfgApAAAAAXEAfgFY</ptk:rtd>
                                                   <ptk:prefix/>
                                                   <ptk:postfix/>
                                                   <ptk:target>
                                                      <ptk:WtPageName location="Target:29:509">
                                                         <ptk:content>Mundu</ptk:content>
                                                         <ptk:rtd null="true"/>
                                                      </ptk:WtPageName>
                                                   </ptk:target>
                                                   <ptk:title>
                                                      <ptk:WtLinkTitle-WtNoLinkTitle/>
                                                   </ptk:title>
                                                </ptk:WtInternalLink>
                                                <ptk:t location="Target:29:516">, </ptk:t>
                                                <ptk:WtInternalLink>
                                                   <ptk:rtd>c3EAfgAjdXEAfgAnAAAAA3VxAH4AKQAAAAFxAH4BVnEAfgC6dXEAfgApAAAAAXEAfgFY</ptk:rtd>
                                                   <ptk:prefix/>
                                                   <ptk:postfix/>
                                                   <ptk:target>
                                                      <ptk:WtPageName location="Target:29:520">
                                                         <ptk:content>Jur</ptk:content>
                                                         <ptk:rtd null="true"/>
                                                      </ptk:WtPageName>
                                                   </ptk:target>
                                                   <ptk:title>
                                                      <ptk:WtLinkTitle-WtNoLinkTitle/>
                                                   </ptk:title>
                                                </ptk:WtInternalLink>
                                                <ptk:t location="Target:29:525">, </ptk:t>
                                                <ptk:WtInternalLink>
                                                   <ptk:rtd>c3EAfgAjdXEAfgAnAAAAA3VxAH4AKQAAAAFxAH4BVnEAfgC6dXEAfgApAAAAAXEAfgFY</ptk:rtd>
                                                   <ptk:prefix/>
                                                   <ptk:postfix/>
                                                   <ptk:target>
                                                      <ptk:WtPageName location="Target:29:529">
                                                         <ptk:content>Kaliko</ptk:content>
                                                         <ptk:rtd null="true"/>
                                                      </ptk:WtPageName>
                                                   </ptk:target>
                                                   <ptk:title>
                                                      <ptk:WtLinkTitle-WtNoLinkTitle/>
                                                   </ptk:title>
                                                </ptk:WtInternalLink>
                                                <ptk:t location="Target:29:537">, and others.</ptk:t>
                                             </ptk:l>
                                          </ptk:body>
                                       </ptk:WtXmlElement>
                                       <ptk:t>
        </ptk:t>
                                    </ptk:l>
                                 </ptk:body>
                              </ptk:WtXmlElement>
                              <ptk:WtXmlElement>
                                 <ptk:rtd>c3EAfgAjdXEAfgAnAAAAA3VxAH4AKQAAAAF0AAM8dHJ1cQB+ACkAAAABdAABPnEAfgC6</ptk:rtd>
                                 <ptk:name>tr</ptk:name>
                                 <ptk:xmlAttributes>
                                    <ptk:WtXmlAttributes-WtEmptyXmlAttributes/>
                                 </ptk:xmlAttributes>
                                 <ptk:body>
                                    <ptk:l>
                                       <ptk:t>
          </ptk:t>
                                       <ptk:WtXmlElement>
                                          <ptk:rtd>c3EAfgAjdXEAfgAnAAAAA3VxAH4AKQAAAAF0AAM8dGh1cQB+ACkAAAABdAABPnEAfgC6</ptk:rtd>
                                          <ptk:name>th</ptk:name>
                                          <ptk:xmlAttributes>
                                             <ptk:l location="Target:31:14">
                                                <ptk:WtXmlAttribute location="Target:31:14">
                                                   <ptk:rtd>c3EAfgAjdXEAfgAnAAAAAnVxAH4AKQAAAAF0AAogY29sc3Bhbj0idXEAfgApAAAAAXQAASI=</ptk:rtd>
                                                   <ptk:name>colspan</ptk:name>
                                                   <ptk:value>
                                                      <ptk:l location="Target:31:24">
                                                         <ptk:t location="Target:31:24">2</ptk:t>
                                                      </ptk:l>
                                                   </ptk:value>
                                                </ptk:WtXmlAttribute>
                                             </ptk:l>
                                          </ptk:xmlAttributes>
                                          <ptk:body>
                                             <ptk:l>
                                                <ptk:WtInternalLink>
                                                   <ptk:rtd>c3EAfgAjdXEAfgAnAAAAA3VxAH4AKQAAAAFxAH4BVnEAfgC6dXEAfgApAAAAAXEAfgFY</ptk:rtd>
                                                   <ptk:prefix/>
                                                   <ptk:postfix/>
                                                   <ptk:target>
                                                      <ptk:WtPageName location="Target:31:29">
                                                         <ptk:content>ديمونيم</ptk:content>
                                                         <ptk:rtd null="true"/>
                                                      </ptk:WtPageName>
                                                   </ptk:target>
                                                   <ptk:title>
                                                      <ptk:l>
                                                         <ptk:t location="Target:31:37">اسم الأهل</ptk:t>
                                                      </ptk:l>
                                                   </ptk:title>
                                                </ptk:WtInternalLink>
                                             </ptk:l>
                                          </ptk:body>
                                       </ptk:WtXmlElement>
                                       <ptk:t>
          </ptk:t>
                                       <ptk:WtXmlElement>
                                          <ptk:rtd>c3EAfgAjdXEAfgAnAAAAA3VxAH4AKQAAAAF0AAM8dGR1cQB+ACkAAAABdAABPnEAfgC6</ptk:rtd>
                                          <ptk:name>td</ptk:name>
                                          <ptk:xmlAttributes>
                                             <ptk:WtXmlAttributes-WtEmptyXmlAttributes/>
                                          </ptk:xmlAttributes>
                                          <ptk:body>
                                             <ptk:l>
                                                <ptk:t location="Target:32:15">[[</ptk:t>
                                                <ptk:WtInternalLink>
                                                   <ptk:rtd>c3EAfgAjdXEAfgAnAAAAA3VxAH4AKQAAAAFxAH4BVnEAfgC6dXEAfgApAAAAAXEAfgFY</ptk:rtd>
                                                   <ptk:prefix/>
                                                   <ptk:postfix/>
                                                   <ptk:target>
                                                      <ptk:WtPageName location="Target:32:19">
                                                         <ptk:content>South Sudanese</ptk:content>
                                                         <ptk:rtd null="true"/>
                                                      </ptk:WtPageName>
                                                   </ptk:target>
                                                   <ptk:title>
                                                      <ptk:WtLinkTitle-WtNoLinkTitle/>
                                                   </ptk:title>
                                                </ptk:WtInternalLink>
                                                <ptk:t location="Target:32:35"> people|</ptk:t>
                                                <ptk:WtInternalLink>
                                                   <ptk:rtd>c3EAfgAjdXEAfgAnAAAAA3VxAH4AKQAAAAFxAH4BVnEAfgC6dXEAfgApAAAAAXEAfgFY</ptk:rtd>
                                                   <ptk:prefix/>
                                                   <ptk:postfix/>
                                                   <ptk:target>
                                                      <ptk:WtPageName location="Target:32:45">
                                                         <ptk:content>South Sudanese</ptk:content>
                                                         <ptk:rtd null="true"/>
                                                      </ptk:WtPageName>
                                                   </ptk:target>
                                                   <ptk:title>
                                                      <ptk:WtLinkTitle-WtNoLinkTitle/>
                                                   </ptk:title>
                                                </ptk:WtInternalLink>
                                                <ptk:t location="Target:32:61">]]
          </ptk:t>
                                             </ptk:l>
                                          </ptk:body>
                                       </ptk:WtXmlElement>
                                       <ptk:t>
        </ptk:t>
                                    </ptk:l>
                                 </ptk:body>
                              </ptk:WtXmlElement>
                              <ptk:WtXmlElement>
                                 <ptk:rtd>c3EAfgAjdXEAfgAnAAAAA3VxAH4AKQAAAAF0AAM8dHJ1cQB+ACkAAAABdAABPnEAfgC6</ptk:rtd>
                                 <ptk:name>tr</ptk:name>
                                 <ptk:xmlAttributes>
                                    <ptk:WtXmlAttributes-WtEmptyXmlAttributes/>
                                 </ptk:xmlAttributes>
                                 <ptk:body>
                                    <ptk:l>
                                       <ptk:t>
          </ptk:t>
                                       <ptk:WtXmlElement>
                                          <ptk:rtd>c3EAfgAjdXEAfgAnAAAAA3VxAH4AKQAAAAF0AAM8dGh1cQB+ACkAAAABdAABPnEAfgC6</ptk:rtd>
                                          <ptk:name>th</ptk:name>
                                          <ptk:xmlAttributes>
                                             <ptk:l location="Target:35:14">
                                                <ptk:WtXmlAttribute location="Target:35:14">
                                                   <ptk:rtd>c3EAfgAjdXEAfgAnAAAAAnVxAH4AKQAAAAF0AAogY29sc3Bhbj0idXEAfgApAAAAAXQAASI=</ptk:rtd>
                                                   <ptk:name>colspan</ptk:name>
                                                   <ptk:value>
                                                      <ptk:l location="Target:35:24">
                                                         <ptk:t location="Target:35:24">2</ptk:t>
                                                      </ptk:l>
                                                   </ptk:value>
                                                </ptk:WtXmlAttribute>
                                             </ptk:l>
                                          </ptk:xmlAttributes>
                                          <ptk:body>
                                             <ptk:l>
                                                <ptk:WtInternalLink>
                                                   <ptk:rtd>c3EAfgAjdXEAfgAnAAAAA3VxAH4AKQAAAAFxAH4BVnEAfgC6dXEAfgApAAAAAXEAfgFY</ptk:rtd>
                                                   <ptk:prefix/>
                                                   <ptk:postfix/>
                                                   <ptk:target>
                                                      <ptk:WtPageName location="Target:35:29">
                                                         <ptk:content>حكومه</ptk:content>
                                                         <ptk:rtd null="true"/>
                                                      </ptk:WtPageName>
                                                   </ptk:target>
                                                   <ptk:title>
                                                      <ptk:l>
                                                         <ptk:t location="Target:35:35">نوع الحكومه</ptk:t>
                                                      </ptk:l>
                                                   </ptk:title>
                                                </ptk:WtInternalLink>
                                             </ptk:l>
                                          </ptk:body>
                                       </ptk:WtXmlElement>
                                       <ptk:t>
          </ptk:t>
                                       <ptk:WtXmlElement>
                                          <ptk:rtd>c3EAfgAjdXEAfgAnAAAAA3VxAH4AKQAAAAF0AAM8dGR1cQB+ACkAAAABdAABPnEAfgC6</ptk:rtd>
                                          <ptk:name>td</ptk:name>
                                          <ptk:xmlAttributes>
                                             <ptk:WtXmlAttributes-WtEmptyXmlAttributes/>
                                          </ptk:xmlAttributes>
                                          <ptk:body>
                                             <ptk:l>
                                                <ptk:WtInternalLink>
                                                   <ptk:rtd>c3EAfgAjdXEAfgAnAAAAA3VxAH4AKQAAAAFxAH4BVnEAfgC6dXEAfgApAAAAAXEAfgFY</ptk:rtd>
                                                   <ptk:prefix/>
                                                   <ptk:postfix/>
                                                   <ptk:target>
                                                      <ptk:WtPageName location="Target:36:17">
                                                         <ptk:content>Federal republic</ptk:content>
                                                         <ptk:rtd null="true"/>
                                                      </ptk:WtPageName>
                                                   </ptk:target>
                                                   <ptk:title>
                                                      <ptk:l>
                                                         <ptk:t location="Target:36:34">Federal</ptk:t>
                                                      </ptk:l>
                                                   </ptk:title>
                                                </ptk:WtInternalLink>
                                                <ptk:t location="Target:36:43"> </ptk:t>
                                                <ptk:WtInternalLink>
                                                   <ptk:rtd>c3EAfgAjdXEAfgAnAAAAA3VxAH4AKQAAAAFxAH4BVnEAfgC6dXEAfgApAAAAAXEAfgFY</ptk:rtd>
                                                   <ptk:prefix/>
                                                   <ptk:postfix/>
                                                   <ptk:target>
                                                      <ptk:WtPageName location="Target:36:46">
                                                         <ptk:content>presidential system</ptk:content>
                                                         <ptk:rtd null="true"/>
                                                      </ptk:WtPageName>
                                                   </ptk:target>
                                                   <ptk:title>
                                                      <ptk:l>
                                                         <ptk:t location="Target:36:66">presidential</ptk:t>
                                                      </ptk:l>
                                                   </ptk:title>
                                                </ptk:WtInternalLink>
                                                <ptk:t location="Target:36:80"> </ptk:t>
                                                <ptk:WtInternalLink>
                                                   <ptk:rtd>c3EAfgAjdXEAfgAnAAAAA3VxAH4AKQAAAAFxAH4BVnEAfgC6dXEAfgApAAAAAXEAfgFY</ptk:rtd>
                                                   <ptk:prefix/>
                                                   <ptk:postfix/>
                                                   <ptk:target>
                                                      <ptk:WtPageName location="Target:36:83">
                                                         <ptk:content>representative democracy</ptk:content>
                                                         <ptk:rtd null="true"/>
                                                      </ptk:WtPageName>
                                                   </ptk:target>
                                                   <ptk:title>
                                                      <ptk:l>
                                                         <ptk:t location="Target:36:108">democratic</ptk:t>
                                                      </ptk:l>
                                                   </ptk:title>
                                                </ptk:WtInternalLink>
                                                <ptk:t location="Target:36:120"> </ptk:t>
                                                <ptk:WtInternalLink>
                                                   <ptk:rtd>c3EAfgAjdXEAfgAnAAAAA3VxAH4AKQAAAAFxAH4BVnEAfgC6dXEAfgApAAAAAXEAfgFY</ptk:rtd>
                                                   <ptk:prefix/>
                                                   <ptk:postfix/>
                                                   <ptk:target>
                                                      <ptk:WtPageName location="Target:36:123">
                                                         <ptk:content>republic</ptk:content>
                                                         <ptk:rtd null="true"/>
                                                      </ptk:WtPageName>
                                                   </ptk:target>
                                                   <ptk:title>
                                                      <ptk:WtLinkTitle-WtNoLinkTitle/>
                                                   </ptk:title>
                                                </ptk:WtInternalLink>
                                             </ptk:l>
                                          </ptk:body>
                                       </ptk:WtXmlElement>
                                       <ptk:t>
        </ptk:t>
                                    </ptk:l>
                                 </ptk:body>
                              </ptk:WtXmlElement>
                              <ptk:WtXmlElement>
                                 <ptk:rtd>c3EAfgAjdXEAfgAnAAAAA3VxAH4AKQAAAAF0AAM8dHJ1cQB+ACkAAAABdAABPnEAfgC6</ptk:rtd>
                                 <ptk:name>tr</ptk:name>
                                 <ptk:xmlAttributes>
                                    <ptk:l location="Target:37:17">
                                       <ptk:WtXmlAttribute location="Target:37:17">
                                          <ptk:rtd>c3EAfgAjdXEAfgAnAAAAAnVxAH4AKQAAAAF0AAggY2xhc3M9InVxAH4AKQAAAAF0AAEi</ptk:rtd>
                                          <ptk:name>class</ptk:name>
                                          <ptk:value>
                                             <ptk:l location="Target:37:25">
                                                <ptk:t location="Target:37:25">mergedrow</ptk:t>
                                             </ptk:l>
                                          </ptk:value>
                                       </ptk:WtXmlAttribute>
                                    </ptk:l>
                                 </ptk:xmlAttributes>
                                 <ptk:body>
                                    <ptk:l>
                                       <ptk:t>
          </ptk:t>
                                       <ptk:WtXmlElement>
                                          <ptk:rtd>c3EAfgAjdXEAfgAnAAAAA3VxAH4AKQAAAAF0AAM8dGR1cQB+ACkAAAABdAABPnEAfgC6</ptk:rtd>
                                          <ptk:name>td</ptk:name>
                                          <ptk:xmlAttributes>
                                             <ptk:l location="Target:38:14">
                                                <ptk:WtXmlAttribute location="Target:38:14">
                                                   <ptk:rtd>c3EAfgAjdXEAfgAnAAAAAnVxAH4AKQAAAAF0AAggc3R5bGU9InVxAH4AKQAAAAF0AAEi</ptk:rtd>
                                                   <ptk:name>style</ptk:name>
                                                   <ptk:value>
                                                      <ptk:l location="Target:38:22">
                                                         <ptk:t location="Target:38:22">width:1em; padding:0 0 0 0.6em;</ptk:t>
                                                      </ptk:l>
                                                   </ptk:value>
                                                </ptk:WtXmlAttribute>
                                             </ptk:l>
                                          </ptk:xmlAttributes>
                                          <ptk:body>
                                             <ptk:l>
                                                <ptk:WtXmlEntityRef location="Target:38:56">
                                                   <ptk:rtd>c3EAfgAjdXEAfgAnAAAAAXVxAH4AKQAAAAF0AAYmbmJzcDs=</ptk:rtd>
                                                   <ptk:name>nbsp</ptk:name>
                                                   <ptk:resolved> </ptk:resolved>
                                                </ptk:WtXmlEntityRef>
                                                <ptk:t location="Target:38:61">-</ptk:t>
                                                <ptk:WtXmlEntityRef location="Target:38:63">
                                                   <ptk:rtd>c3EAfgAjdXEAfgAnAAAAAXVxAH4AKQAAAAF0AAYmbmJzcDs=</ptk:rtd>
                                                   <ptk:name>nbsp</ptk:name>
                                                   <ptk:resolved> </ptk:resolved>
                                                </ptk:WtXmlEntityRef>
                                             </ptk:l>
                                          </ptk:body>
                                       </ptk:WtXmlElement>
                                       <ptk:t>
          </ptk:t>
                                       <ptk:WtXmlElement>
                                          <ptk:rtd>c3EAfgAjdXEAfgAnAAAAA3VxAH4AKQAAAAF0AAM8dGR1cQB+ACkAAAABdAABPnEAfgC6</ptk:rtd>
                                          <ptk:name>td</ptk:name>
                                          <ptk:xmlAttributes>
                                             <ptk:l location="Target:39:14">
                                                <ptk:WtXmlAttribute location="Target:39:14">
                                                   <ptk:rtd>c3EAfgAjdXEAfgAnAAAAAnVxAH4AKQAAAAF0AAggc3R5bGU9InVxAH4AKQAAAAF0AAEi</ptk:rtd>
                                                   <ptk:name>style</ptk:name>
                                                   <ptk:value>
                                                      <ptk:l location="Target:39:22">
                                                         <ptk:t location="Target:39:22">padding-left:0em;</ptk:t>
                                                      </ptk:l>
                                                   </ptk:value>
                                                </ptk:WtXmlAttribute>
                                             </ptk:l>
                                          </ptk:xmlAttributes>
                                          <ptk:body>
                                             <ptk:l>
                                                <ptk:WtInternalLink>
                                                   <ptk:rtd>c3EAfgAjdXEAfgAnAAAAA3VxAH4AKQAAAAFxAH4BVnEAfgC6dXEAfgApAAAAAXEAfgFY</ptk:rtd>
                                                   <ptk:prefix/>
                                                   <ptk:postfix/>
                                                   <ptk:target>
                                                      <ptk:WtPageName location="Target:39:43">
                                                         <ptk:content>List of Presidents of South Sudan</ptk:content>
                                                         <ptk:rtd null="true"/>
                                                      </ptk:WtPageName>
                                                   </ptk:target>
                                                   <ptk:title>
                                                      <ptk:l>
                                                         <ptk:t location="Target:39:77">President</ptk:t>
                                                      </ptk:l>
                                                   </ptk:title>
                                                </ptk:WtInternalLink>
                                             </ptk:l>
                                          </ptk:body>
                                       </ptk:WtXmlElement>
                                       <ptk:t>
          </ptk:t>
                                       <ptk:WtXmlElement>
                                          <ptk:rtd>c3EAfgAjdXEAfgAnAAAAA3VxAH4AKQAAAAF0AAM8dGR1cQB+ACkAAAABdAABPnEAfgC6</ptk:rtd>
                                          <ptk:name>td</ptk:name>
                                          <ptk:xmlAttributes>
                                             <ptk:WtXmlAttributes-WtEmptyXmlAttributes/>
                                          </ptk:xmlAttributes>
                                          <ptk:body>
                                             <ptk:l>
                                                <ptk:WtInternalLink>
                                                   <ptk:rtd>c3EAfgAjdXEAfgAnAAAAA3VxAH4AKQAAAAFxAH4BVnEAfgC6dXEAfgApAAAAAXEAfgFY</ptk:rtd>
                                                   <ptk:prefix/>
                                                   <ptk:postfix/>
                                                   <ptk:target>
                                                      <ptk:WtPageName location="Target:40:17">
                                                         <ptk:content>Salva Kiir Mayardit</ptk:content>
                                                         <ptk:rtd null="true"/>
                                                      </ptk:WtPageName>
                                                   </ptk:target>
                                                   <ptk:title>
                                                      <ptk:WtLinkTitle-WtNoLinkTitle/>
                                                   </ptk:title>
                                                </ptk:WtInternalLink>
                                             </ptk:l>
                                          </ptk:body>
                                       </ptk:WtXmlElement>
                                       <ptk:t>
        </ptk:t>
                                    </ptk:l>
                                 </ptk:body>
                              </ptk:WtXmlElement>
                              <ptk:WtXmlElement>
                                 <ptk:rtd>c3EAfgAjdXEAfgAnAAAAA3VxAH4AKQAAAAF0AAM8dHJ1cQB+ACkAAAABdAABPnEAfgC6</ptk:rtd>
                                 <ptk:name>tr</ptk:name>
                                 <ptk:xmlAttributes>
                                    <ptk:l location="Target:41:17">
                                       <ptk:WtXmlAttribute location="Target:41:17">
                                          <ptk:rtd>c3EAfgAjdXEAfgAnAAAAAnVxAH4AKQAAAAF0AAggY2xhc3M9InVxAH4AKQAAAAF0AAEi</ptk:rtd>
                                          <ptk:name>class</ptk:name>
                                          <ptk:value>
                                             <ptk:l location="Target:41:25">
                                                <ptk:t location="Target:41:25">mergedbottomrow</ptk:t>
                                             </ptk:l>
                                          </ptk:value>
                                       </ptk:WtXmlAttribute>
                                    </ptk:l>
                                 </ptk:xmlAttributes>
                                 <ptk:body>
                                    <ptk:l>
                                       <ptk:t>
          </ptk:t>
                                       <ptk:WtXmlElement>
                                          <ptk:rtd>c3EAfgAjdXEAfgAnAAAAA3VxAH4AKQAAAAF0AAM8dGR1cQB+ACkAAAABdAABPnEAfgC6</ptk:rtd>
                                          <ptk:name>td</ptk:name>
                                          <ptk:xmlAttributes>
                                             <ptk:l location="Target:42:14">
                                                <ptk:WtXmlAttribute location="Target:42:14">
                                                   <ptk:rtd>c3EAfgAjdXEAfgAnAAAAAnVxAH4AKQAAAAF0AAggc3R5bGU9InVxAH4AKQAAAAF0AAEi</ptk:rtd>
                                                   <ptk:name>style</ptk:name>
                                                   <ptk:value>
                                                      <ptk:l location="Target:42:22">
                                                         <ptk:t location="Target:42:22">width:1em; padding:0 0 0 0.6em;</ptk:t>
                                                      </ptk:l>
                                                   </ptk:value>
                                                </ptk:WtXmlAttribute>
                                             </ptk:l>
                                          </ptk:xmlAttributes>
                                          <ptk:body>
                                             <ptk:l>
                                                <ptk:WtXmlEntityRef location="Target:42:56">
                                                   <ptk:rtd>c3EAfgAjdXEAfgAnAAAAAXVxAH4AKQAAAAF0AAYmbmJzcDs=</ptk:rtd>
                                                   <ptk:name>nbsp</ptk:name>
                                                   <ptk:resolved> </ptk:resolved>
                                                </ptk:WtXmlEntityRef>
                                                <ptk:t location="Target:42:61">-</ptk:t>
                                                <ptk:WtXmlEntityRef location="Target:42:63">
                                                   <ptk:rtd>c3EAfgAjdXEAfgAnAAAAAXVxAH4AKQAAAAF0AAYmbmJzcDs=</ptk:rtd>
                                                   <ptk:name>nbsp</ptk:name>
                                                   <ptk:resolved> </ptk:resolved>
                                                </ptk:WtXmlEntityRef>
                                             </ptk:l>
                                          </ptk:body>
                                       </ptk:WtXmlElement>
                                       <ptk:t>
          </ptk:t>
                                       <ptk:WtXmlElement>
                                          <ptk:rtd>c3EAfgAjdXEAfgAnAAAAA3VxAH4AKQAAAAF0AAM8dGR1cQB+ACkAAAABdAABPnEAfgC6</ptk:rtd>
                                          <ptk:name>td</ptk:name>
                                          <ptk:xmlAttributes>
                                             <ptk:l location="Target:43:14">
                                                <ptk:WtXmlAttribute location="Target:43:14">
                                                   <ptk:rtd>c3EAfgAjdXEAfgAnAAAAAnVxAH4AKQAAAAF0AAggc3R5bGU9InVxAH4AKQAAAAF0AAEi</ptk:rtd>
                                                   <ptk:name>style</ptk:name>
                                                   <ptk:value>
                                                      <ptk:l location="Target:43:22">
                                                         <ptk:t location="Target:43:22">padding-left:0em;</ptk:t>
                                                      </ptk:l>
                                                   </ptk:value>
                                                </ptk:WtXmlAttribute>
                                             </ptk:l>
                                          </ptk:xmlAttributes>
                                          <ptk:body>
                                             <ptk:l>
                                                <ptk:WtInternalLink>
                                                   <ptk:rtd>c3EAfgAjdXEAfgAnAAAAA3VxAH4AKQAAAAFxAH4BVnEAfgC6dXEAfgApAAAAAXEAfgFY</ptk:rtd>
                                                   <ptk:prefix/>
                                                   <ptk:postfix/>
                                                   <ptk:target>
                                                      <ptk:WtPageName location="Target:43:43">
                                                         <ptk:content>List of Vice-Presidents of South Sudan</ptk:content>
                                                         <ptk:rtd null="true"/>
                                                      </ptk:WtPageName>
                                                   </ptk:target>
                                                   <ptk:title>
                                                      <ptk:l>
                                                         <ptk:t location="Target:43:82">Vice-President</ptk:t>
                                                      </ptk:l>
                                                   </ptk:title>
                                                </ptk:WtInternalLink>
                                             </ptk:l>
                                          </ptk:body>
                                       </ptk:WtXmlElement>
                                       <ptk:t>
          </ptk:t>
                                       <ptk:WtXmlElement>
                                          <ptk:rtd>c3EAfgAjdXEAfgAnAAAAA3VxAH4AKQAAAAF0AAM8dGR1cQB+ACkAAAABdAABPnEAfgC6</ptk:rtd>
                                          <ptk:name>td</ptk:name>
                                          <ptk:xmlAttributes>
                                             <ptk:WtXmlAttributes-WtEmptyXmlAttributes/>
                                          </ptk:xmlAttributes>
                                          <ptk:body>
                                             <ptk:l>
                                                <ptk:WtInternalLink>
                                                   <ptk:rtd>c3EAfgAjdXEAfgAnAAAAA3VxAH4AKQAAAAFxAH4BVnEAfgC6dXEAfgApAAAAAXEAfgFY</ptk:rtd>
                                                   <ptk:prefix/>
                                                   <ptk:postfix/>
                                                   <ptk:target>
                                                      <ptk:WtPageName location="Target:44:17">
                                                         <ptk:content>Riek Machar</ptk:content>
                                                         <ptk:rtd null="true"/>
                                                      </ptk:WtPageName>
                                                   </ptk:target>
                                                   <ptk:title>
                                                      <ptk:WtLinkTitle-WtNoLinkTitle/>
                                                   </ptk:title>
                                                </ptk:WtInternalLink>
                                             </ptk:l>
                                          </ptk:body>
                                       </ptk:WtXmlElement>
                                       <ptk:t>
        </ptk:t>
                                    </ptk:l>
                                 </ptk:body>
                              </ptk:WtXmlElement>
                              <ptk:WtXmlElement>
                                 <ptk:rtd>c3EAfgAjdXEAfgAnAAAAA3VxAH4AKQAAAAF0AAM8dHJ1cQB+ACkAAAABdAABPnEAfgC6</ptk:rtd>
                                 <ptk:name>tr</ptk:name>
                                 <ptk:xmlAttributes>
                                    <ptk:WtXmlAttributes-WtEmptyXmlAttributes/>
                                 </ptk:xmlAttributes>
                                 <ptk:body>
                                    <ptk:l>
                                       <ptk:t>
          </ptk:t>
                                       <ptk:WtXmlElement>
                                          <ptk:rtd>c3EAfgAjdXEAfgAnAAAAA3VxAH4AKQAAAAF0AAM8dGh1cQB+ACkAAAABdAABPnEAfgC6</ptk:rtd>
                                          <ptk:name>th</ptk:name>
                                          <ptk:xmlAttributes>
                                             <ptk:l location="Target:46:14">
                                                <ptk:WtXmlAttribute location="Target:46:14">
                                                   <ptk:rtd>c3EAfgAjdXEAfgAnAAAAAnVxAH4AKQAAAAF0AAogY29sc3Bhbj0idXEAfgApAAAAAXQAASI=</ptk:rtd>
                                                   <ptk:name>colspan</ptk:name>
                                                   <ptk:value>
                                                      <ptk:l location="Target:46:24">
                                                         <ptk:t location="Target:46:24">2</ptk:t>
                                                      </ptk:l>
                                                   </ptk:value>
                                                </ptk:WtXmlAttribute>
                                             </ptk:l>
                                          </ptk:xmlAttributes>
                                          <ptk:body>
                                             <ptk:l>
                                                <ptk:WtInternalLink>
                                                   <ptk:rtd>c3EAfgAjdXEAfgAnAAAAA3VxAH4AKQAAAAFxAH4BVnEAfgC6dXEAfgApAAAAAXEAfgFY</ptk:rtd>
                                                   <ptk:prefix/>
                                                   <ptk:postfix/>
                                                   <ptk:target>
                                                      <ptk:WtPageName location="Target:46:29">
                                                         <ptk:content>Legislature</ptk:content>
                                                         <ptk:rtd null="true"/>
                                                      </ptk:WtPageName>
                                                   </ptk:target>
                                                   <ptk:title>
                                                      <ptk:WtLinkTitle-WtNoLinkTitle/>
                                                   </ptk:title>
                                                </ptk:WtInternalLink>
                                             </ptk:l>
                                          </ptk:body>
                                       </ptk:WtXmlElement>
                                       <ptk:t>
          </ptk:t>
                                       <ptk:WtXmlElement>
                                          <ptk:rtd>c3EAfgAjdXEAfgAnAAAAA3VxAH4AKQAAAAF0AAM8dGR1cQB+ACkAAAABdAABPnEAfgC6</ptk:rtd>
                                          <ptk:name>td</ptk:name>
                                          <ptk:xmlAttributes>
                                             <ptk:WtXmlAttributes-WtEmptyXmlAttributes/>
                                          </ptk:xmlAttributes>
                                          <ptk:body>
                                             <ptk:l>
                                                <ptk:WtInternalLink>
                                                   <ptk:rtd>c3EAfgAjdXEAfgAnAAAAA3VxAH4AKQAAAAFxAH4BVnEAfgC6dXEAfgApAAAAAXEAfgFY</ptk:rtd>
                                                   <ptk:prefix/>
                                                   <ptk:postfix/>
                                                   <ptk:target>
                                                      <ptk:WtPageName location="Target:47:17">
                                                         <ptk:content>South Sudan Legislative Assembly</ptk:content>
                                                         <ptk:rtd null="true"/>
                                                      </ptk:WtPageName>
                                                   </ptk:target>
                                                   <ptk:title>
                                                      <ptk:l>
                                                         <ptk:t location="Target:47:50">Legislative Assembly</ptk:t>
                                                      </ptk:l>
                                                   </ptk:title>
                                                </ptk:WtInternalLink>
                                             </ptk:l>
                                          </ptk:body>
                                       </ptk:WtXmlElement>
                                       <ptk:t>
      </ptk:t>
                                    </ptk:l>
                                 </ptk:body>
                              </ptk:WtXmlElement>
                              <ptk:WtXmlElement>
                                 <ptk:rtd>c3EAfgAjdXEAfgAnAAAAA3VxAH4AKQAAAAF0AAM8dHJ1cQB+ACkAAAABdAABPnEAfgC6</ptk:rtd>
                                 <ptk:name>tr</ptk:name>
                                 <ptk:xmlAttributes>
                                    <ptk:l location="Target:48:15">
                                       <ptk:WtXmlAttribute location="Target:48:15">
                                          <ptk:rtd>c3EAfgAjdXEAfgAnAAAAAnVxAH4AKQAAAAF0AAggY2xhc3M9InVxAH4AKQAAAAF0AAEi</ptk:rtd>
                                          <ptk:name>class</ptk:name>
                                          <ptk:value>
                                             <ptk:l location="Target:48:23">
                                                <ptk:t location="Target:48:23">mergedtoprow</ptk:t>
                                             </ptk:l>
                                          </ptk:value>
                                       </ptk:WtXmlAttribute>
                                    </ptk:l>
                                 </ptk:xmlAttributes>
                                 <ptk:body>
                                    <ptk:l>
                                       <ptk:WtXmlElement>
                                          <ptk:rtd>c3EAfgAjdXEAfgAnAAAAA3VxAH4AKQAAAAF0AAM8dGh1cQB+ACkAAAABdAABPnEAfgC6</ptk:rtd>
                                          <ptk:name>th</ptk:name>
                                          <ptk:xmlAttributes>
                                             <ptk:l location="Target:48:40">
                                                <ptk:WtXmlAttribute location="Target:48:40">
                                                   <ptk:rtd>c3EAfgAjdXEAfgAnAAAAAnVxAH4AKQAAAAF0AAogY29sc3Bhbj0idXEAfgApAAAAAXQAASI=</ptk:rtd>
                                                   <ptk:name>colspan</ptk:name>
                                                   <ptk:value>
                                                      <ptk:l location="Target:48:50">
                                                         <ptk:t location="Target:48:50">2</ptk:t>
                                                      </ptk:l>
                                                   </ptk:value>
                                                </ptk:WtXmlAttribute>
                                             </ptk:l>
                                          </ptk:xmlAttributes>
                                          <ptk:body>
                                             <ptk:l>
                                                <ptk:WtInternalLink>
                                                   <ptk:rtd>c3EAfgAjdXEAfgAnAAAAA3VxAH4AKQAAAAFxAH4BVnEAfgC6dXEAfgApAAAAAXEAfgFY</ptk:rtd>
                                                   <ptk:prefix/>
                                                   <ptk:postfix/>
                                                   <ptk:target>
                                                      <ptk:WtPageName location="Target:48:55">
                                                         <ptk:content>Independence</ptk:content>
                                                         <ptk:rtd null="true"/>
                                                      </ptk:WtPageName>
                                                   </ptk:target>
                                                   <ptk:title>
                                                      <ptk:WtLinkTitle-WtNoLinkTitle/>
                                                   </ptk:title>
                                                </ptk:WtInternalLink>
                                             </ptk:l>
                                          </ptk:body>
                                       </ptk:WtXmlElement>
                                       <ptk:t>
                                      </ptk:t>
                                       <ptk:WtXmlElement>
                                          <ptk:rtd>c3EAfgAjdXEAfgAnAAAAA3VxAH4AKQAAAAF0AAM8dGR1cQB+ACkAAAABdAABPnEAfgC6</ptk:rtd>
                                          <ptk:name>td</ptk:name>
                                          <ptk:xmlAttributes>
                                             <ptk:WtXmlAttributes-WtEmptyXmlAttributes/>
                                          </ptk:xmlAttributes>
                                          <ptk:body>
                                             <ptk:l>
                                                <ptk:t location="Target:49:43">from </ptk:t>
                                                <ptk:WtInternalLink>
                                                   <ptk:rtd>c3EAfgAjdXEAfgAnAAAAA3VxAH4AKQAAAAFxAH4BVnEAfgC6dXEAfgApAAAAAXEAfgFY</ptk:rtd>
                                                   <ptk:prefix/>
                                                   <ptk:postfix/>
                                                   <ptk:target>
                                                      <ptk:WtPageName location="Target:49:50">
                                                         <ptk:content>Sudan</ptk:content>
                                                         <ptk:rtd null="true"/>
                                                      </ptk:WtPageName>
                                                   </ptk:target>
                                                   <ptk:title>
                                                      <ptk:WtLinkTitle-WtNoLinkTitle/>
                                                   </ptk:title>
                                                </ptk:WtInternalLink>
                                                <ptk:WtXmlEntityRef location="Target:49:58">
                                                   <ptk:rtd>c3EAfgAjdXEAfgAnAAAAAXVxAH4AKQAAAAF0AAYmbmJzcDs=</ptk:rtd>
                                                   <ptk:name>nbsp</ptk:name>
                                                   <ptk:resolved> </ptk:resolved>
                                                </ptk:WtXmlEntityRef>
                                             </ptk:l>
                                          </ptk:body>
                                       </ptk:WtXmlElement>
                                    </ptk:l>
                                 </ptk:body>
                              </ptk:WtXmlElement>
                              <ptk:WtXmlElement>
                                 <ptk:rtd>c3EAfgAjdXEAfgAnAAAAA3VxAH4AKQAAAAF0AAM8dHJ1cQB+ACkAAAABdAABPnEAfgC6</ptk:rtd>
                                 <ptk:name>tr</ptk:name>
                                 <ptk:xmlAttributes>
                                    <ptk:l location="Target:49:76">
                                       <ptk:WtXmlAttribute location="Target:49:76">
                                          <ptk:rtd>c3EAfgAjdXEAfgAnAAAAAnVxAH4AKQAAAAF0AAggY2xhc3M9InVxAH4AKQAAAAF0AAEi</ptk:rtd>
                                          <ptk:name>class</ptk:name>
                                          <ptk:value>
                                             <ptk:l location="Target:49:84">
                                                <ptk:t location="Target:49:84">mergedrow</ptk:t>
                                             </ptk:l>
                                          </ptk:value>
                                       </ptk:WtXmlAttribute>
                                    </ptk:l>
                                 </ptk:xmlAttributes>
                                 <ptk:body>
                                    <ptk:l>
                                       <ptk:t>
          </ptk:t>
                                       <ptk:WtXmlElement>
                                          <ptk:rtd>c3EAfgAjdXEAfgAnAAAAA3VxAH4AKQAAAAF0AAM8dGR1cQB+ACkAAAABdAABPnEAfgC6</ptk:rtd>
                                          <ptk:name>td</ptk:name>
                                          <ptk:xmlAttributes>
                                             <ptk:l location="Target:50:14">
                                                <ptk:WtXmlAttribute location="Target:50:14">
                                                   <ptk:rtd>c3EAfgAjdXEAfgAnAAAAAnVxAH4AKQAAAAF0AAggc3R5bGU9InVxAH4AKQAAAAF0AAEi</ptk:rtd>
                                                   <ptk:name>style</ptk:name>
                                                   <ptk:value>
                                                      <ptk:l location="Target:50:22">
                                                         <ptk:t location="Target:50:22">width:1em; padding:0 0 0 0.6em;</ptk:t>
                                                      </ptk:l>
                                                   </ptk:value>
                                                </ptk:WtXmlAttribute>
                                             </ptk:l>
                                          </ptk:xmlAttributes>
                                          <ptk:body>
                                             <ptk:l>
                                                <ptk:WtXmlEntityRef location="Target:50:56">
                                                   <ptk:rtd>c3EAfgAjdXEAfgAnAAAAAXVxAH4AKQAAAAF0AAYmbmJzcDs=</ptk:rtd>
                                                   <ptk:name>nbsp</ptk:name>
                                                   <ptk:resolved> </ptk:resolved>
                                                </ptk:WtXmlEntityRef>
                                                <ptk:t location="Target:50:61">-</ptk:t>
                                                <ptk:WtXmlEntityRef location="Target:50:63">
                                                   <ptk:rtd>c3EAfgAjdXEAfgAnAAAAAXVxAH4AKQAAAAF0AAYmbmJzcDs=</ptk:rtd>
                                                   <ptk:name>nbsp</ptk:name>
                                                   <ptk:resolved> </ptk:resolved>
                                                </ptk:WtXmlEntityRef>
                                             </ptk:l>
                                          </ptk:body>
                                       </ptk:WtXmlElement>
                                       <ptk:t>
          </ptk:t>
                                       <ptk:WtXmlElement>
                                          <ptk:rtd>c3EAfgAjdXEAfgAnAAAAA3VxAH4AKQAAAAF0AAM8dGR1cQB+ACkAAAABdAABPnEAfgC6</ptk:rtd>
                                          <ptk:name>td</ptk:name>
                                          <ptk:xmlAttributes>
                                             <ptk:l location="Target:51:14">
                                                <ptk:WtXmlAttribute location="Target:51:14">
                                                   <ptk:rtd>c3EAfgAjdXEAfgAnAAAAAnVxAH4AKQAAAAF0AAggc3R5bGU9InVxAH4AKQAAAAF0AAEi</ptk:rtd>
                                                   <ptk:name>style</ptk:name>
                                                   <ptk:value>
                                                      <ptk:l location="Target:51:22">
                                                         <ptk:t location="Target:51:22">padding-left:0em;</ptk:t>
                                                      </ptk:l>
                                                   </ptk:value>
                                                </ptk:WtXmlAttribute>
                                             </ptk:l>
                                          </ptk:xmlAttributes>
                                          <ptk:body>
                                             <ptk:l>
                                                <ptk:WtInternalLink>
                                                   <ptk:rtd>c3EAfgAjdXEAfgAnAAAAA3VxAH4AKQAAAAFxAH4BVnEAfgC6dXEAfgApAAAAAXEAfgFY</ptk:rtd>
                                                   <ptk:prefix/>
                                                   <ptk:postfix/>
                                                   <ptk:target>
                                                      <ptk:WtPageName location="Target:51:43">
                                                         <ptk:content>Comprehensive Peace Agreement</ptk:content>
                                                         <ptk:rtd null="true"/>
                                                      </ptk:WtPageName>
                                                   </ptk:target>
                                                   <ptk:title>
                                                      <ptk:WtLinkTitle-WtNoLinkTitle/>
                                                   </ptk:title>
                                                </ptk:WtInternalLink>
                                             </ptk:l>
                                          </ptk:body>
                                       </ptk:WtXmlElement>
                                       <ptk:t>
          </ptk:t>
                                       <ptk:WtXmlElement>
                                          <ptk:rtd>c3EAfgAjdXEAfgAnAAAAA3VxAH4AKQAAAAF0AAM8dGR1cQB+ACkAAAABdAABPnEAfgC6</ptk:rtd>
                                          <ptk:name>td</ptk:name>
                                          <ptk:xmlAttributes>
                                             <ptk:WtXmlAttributes-WtEmptyXmlAttributes/>
                                          </ptk:xmlAttributes>
                                          <ptk:body>
                                             <ptk:l>
                                                <ptk:t location="Target:52:15">January 6, 2005</ptk:t>
                                                <ptk:WtXmlEntityRef location="Target:52:31">
                                                   <ptk:rtd>c3EAfgAjdXEAfgAnAAAAAXVxAH4AKQAAAAF0AAYmbmJzcDs=</ptk:rtd>
                                                   <ptk:name>nbsp</ptk:name>
                                                   <ptk:resolved> </ptk:resolved>
                                                </ptk:WtXmlEntityRef>
                                             </ptk:l>
                                          </ptk:body>
                                       </ptk:WtXmlElement>
                                       <ptk:t>
        </ptk:t>
                                    </ptk:l>
                                 </ptk:body>
                              </ptk:WtXmlElement>
                              <ptk:WtXmlElement>
                                 <ptk:rtd>c3EAfgAjdXEAfgAnAAAAA3VxAH4AKQAAAAF0AAM8dHJ1cQB+ACkAAAABdAABPnEAfgC6</ptk:rtd>
                                 <ptk:name>tr</ptk:name>
                                 <ptk:xmlAttributes>
                                    <ptk:l location="Target:53:17">
                                       <ptk:WtXmlAttribute location="Target:53:17">
                                          <ptk:rtd>c3EAfgAjdXEAfgAnAAAAAnVxAH4AKQAAAAF0AAggY2xhc3M9InVxAH4AKQAAAAF0AAEi</ptk:rtd>
                                          <ptk:name>class</ptk:name>
                                          <ptk:value>
                                             <ptk:l location="Target:53:25">
                                                <ptk:t location="Target:53:25">mergedrow</ptk:t>
                                             </ptk:l>
                                          </ptk:value>
                                       </ptk:WtXmlAttribute>
                                    </ptk:l>
                                 </ptk:xmlAttributes>
                                 <ptk:body>
                                    <ptk:l>
                                       <ptk:t>
          </ptk:t>
                                       <ptk:WtXmlElement>
                                          <ptk:rtd>c3EAfgAjdXEAfgAnAAAAA3VxAH4AKQAAAAF0AAM8dGR1cQB+ACkAAAABdAABPnEAfgC6</ptk:rtd>
                                          <ptk:name>td</ptk:name>
                                          <ptk:xmlAttributes>
                                             <ptk:l location="Target:54:14">
                                                <ptk:WtXmlAttribute location="Target:54:14">
                                                   <ptk:rtd>c3EAfgAjdXEAfgAnAAAAAnVxAH4AKQAAAAF0AAggc3R5bGU9InVxAH4AKQAAAAF0AAEi</ptk:rtd>
                                                   <ptk:name>style</ptk:name>
                                                   <ptk:value>
                                                      <ptk:l location="Target:54:22">
                                                         <ptk:t location="Target:54:22">width:1em; padding:0 0 0 0.6em;</ptk:t>
                                                      </ptk:l>
                                                   </ptk:value>
                                                </ptk:WtXmlAttribute>
                                             </ptk:l>
                                          </ptk:xmlAttributes>
                                          <ptk:body>
                                             <ptk:l>
                                                <ptk:WtXmlEntityRef location="Target:54:56">
                                                   <ptk:rtd>c3EAfgAjdXEAfgAnAAAAAXVxAH4AKQAAAAF0AAYmbmJzcDs=</ptk:rtd>
                                                   <ptk:name>nbsp</ptk:name>
                                                   <ptk:resolved> </ptk:resolved>
                                                </ptk:WtXmlEntityRef>
                                                <ptk:t location="Target:54:61">-</ptk:t>
                                                <ptk:WtXmlEntityRef location="Target:54:63">
                                                   <ptk:rtd>c3EAfgAjdXEAfgAnAAAAAXVxAH4AKQAAAAF0AAYmbmJzcDs=</ptk:rtd>
                                                   <ptk:name>nbsp</ptk:name>
                                                   <ptk:resolved> </ptk:resolved>
                                                </ptk:WtXmlEntityRef>
                                             </ptk:l>
                                          </ptk:body>
                                       </ptk:WtXmlElement>
                                       <ptk:t>
          </ptk:t>
                                       <ptk:WtXmlElement>
                                          <ptk:rtd>c3EAfgAjdXEAfgAnAAAAA3VxAH4AKQAAAAF0AAM8dGR1cQB+ACkAAAABdAABPnEAfgC6</ptk:rtd>
                                          <ptk:name>td</ptk:name>
                                          <ptk:xmlAttributes>
                                             <ptk:l location="Target:55:14">
                                                <ptk:WtXmlAttribute location="Target:55:14">
                                                   <ptk:rtd>c3EAfgAjdXEAfgAnAAAAAnVxAH4AKQAAAAF0AAggc3R5bGU9InVxAH4AKQAAAAF0AAEi</ptk:rtd>
                                                   <ptk:name>style</ptk:name>
                                                   <ptk:value>
                                                      <ptk:l location="Target:55:22">
                                                         <ptk:t location="Target:55:22">padding-left:0em;</ptk:t>
                                                      </ptk:l>
                                                   </ptk:value>
                                                </ptk:WtXmlAttribute>
                                             </ptk:l>
                                          </ptk:xmlAttributes>
                                          <ptk:body>
                                             <ptk:l>
                                                <ptk:WtInternalLink>
                                                   <ptk:rtd>c3EAfgAjdXEAfgAnAAAAA3VxAH4AKQAAAAFxAH4BVnEAfgC6dXEAfgApAAAAAXEAfgFY</ptk:rtd>
                                                   <ptk:prefix/>
                                                   <ptk:postfix/>
                                                   <ptk:target>
                                                      <ptk:WtPageName location="Target:55:43">
                                                         <ptk:content>Autonomous Government of Southern Sudan</ptk:content>
                                                         <ptk:rtd null="true"/>
                                                      </ptk:WtPageName>
                                                   </ptk:target>
                                                   <ptk:title>
                                                      <ptk:l>
                                                         <ptk:t location="Target:55:83">Autonomy</ptk:t>
                                                      </ptk:l>
                                                   </ptk:title>
                                                </ptk:WtInternalLink>
                                             </ptk:l>
                                          </ptk:body>
                                       </ptk:WtXmlElement>
                                       <ptk:t>
          </ptk:t>
                                       <ptk:WtXmlElement>
                                          <ptk:rtd>c3EAfgAjdXEAfgAnAAAAA3VxAH4AKQAAAAF0AAM8dGR1cQB+ACkAAAABdAABPnEAfgC6</ptk:rtd>
                                          <ptk:name>td</ptk:name>
                                          <ptk:xmlAttributes>
                                             <ptk:WtXmlAttributes-WtEmptyXmlAttributes/>
                                          </ptk:xmlAttributes>
                                          <ptk:body>
                                             <ptk:l>
                                                <ptk:t location="Target:56:15">July 9, 2005</ptk:t>
                                                <ptk:WtXmlEntityRef location="Target:56:28">
                                                   <ptk:rtd>c3EAfgAjdXEAfgAnAAAAAXVxAH4AKQAAAAF0AAYmbmJzcDs=</ptk:rtd>
                                                   <ptk:name>nbsp</ptk:name>
                                                   <ptk:resolved> </ptk:resolved>
                                                </ptk:WtXmlEntityRef>
                                             </ptk:l>
                                          </ptk:body>
                                       </ptk:WtXmlElement>
                                       <ptk:t>
        </ptk:t>
                                    </ptk:l>
                                 </ptk:body>
                              </ptk:WtXmlElement>
                              <ptk:WtXmlElement>
                                 <ptk:rtd>c3EAfgAjdXEAfgAnAAAAA3VxAH4AKQAAAAF0AAM8dHJ1cQB+ACkAAAABdAABPnEAfgC6</ptk:rtd>
                                 <ptk:name>tr</ptk:name>
                                 <ptk:xmlAttributes>
                                    <ptk:l location="Target:57:17">
                                       <ptk:WtXmlAttribute location="Target:57:17">
                                          <ptk:rtd>c3EAfgAjdXEAfgAnAAAAAnVxAH4AKQAAAAF0AAggY2xhc3M9InVxAH4AKQAAAAF0AAEi</ptk:rtd>
                                          <ptk:name>class</ptk:name>
                                          <ptk:value>
                                             <ptk:l location="Target:57:25">
                                                <ptk:t location="Target:57:25">mergedbottomrow</ptk:t>
                                             </ptk:l>
                                          </ptk:value>
                                       </ptk:WtXmlAttribute>
                                    </ptk:l>
                                 </ptk:xmlAttributes>
                                 <ptk:body>
                                    <ptk:l>
                                       <ptk:t>
          </ptk:t>
                                       <ptk:WtXmlElement>
                                          <ptk:rtd>c3EAfgAjdXEAfgAnAAAAA3VxAH4AKQAAAAF0AAM8dGR1cQB+ACkAAAABdAABPnEAfgC6</ptk:rtd>
                                          <ptk:name>td</ptk:name>
                                          <ptk:xmlAttributes>
                                             <ptk:l location="Target:58:14">
                                                <ptk:WtXmlAttribute location="Target:58:14">
                                                   <ptk:rtd>c3EAfgAjdXEAfgAnAAAAAnVxAH4AKQAAAAF0AAggc3R5bGU9InVxAH4AKQAAAAF0AAEi</ptk:rtd>
                                                   <ptk:name>style</ptk:name>
                                                   <ptk:value>
                                                      <ptk:l location="Target:58:22">
                                                         <ptk:t location="Target:58:22">width:1em; padding:0 0 0 0.6em;</ptk:t>
                                                      </ptk:l>
                                                   </ptk:value>
                                                </ptk:WtXmlAttribute>
                                             </ptk:l>
                                          </ptk:xmlAttributes>
                                          <ptk:body>
                                             <ptk:l>
                                                <ptk:WtXmlEntityRef location="Target:58:56">
                                                   <ptk:rtd>c3EAfgAjdXEAfgAnAAAAAXVxAH4AKQAAAAF0AAYmbmJzcDs=</ptk:rtd>
                                                   <ptk:name>nbsp</ptk:name>
                                                   <ptk:resolved> </ptk:resolved>
                                                </ptk:WtXmlEntityRef>
                                                <ptk:t location="Target:58:61">-</ptk:t>
                                                <ptk:WtXmlEntityRef location="Target:58:63">
                                                   <ptk:rtd>c3EAfgAjdXEAfgAnAAAAAXVxAH4AKQAAAAF0AAYmbmJzcDs=</ptk:rtd>
                                                   <ptk:name>nbsp</ptk:name>
                                                   <ptk:resolved> </ptk:resolved>
                                                </ptk:WtXmlEntityRef>
                                             </ptk:l>
                                          </ptk:body>
                                       </ptk:WtXmlElement>
                                       <ptk:t>
          </ptk:t>
                                       <ptk:WtXmlElement>
                                          <ptk:rtd>c3EAfgAjdXEAfgAnAAAAA3VxAH4AKQAAAAF0AAM8dGR1cQB+ACkAAAABdAABPnEAfgC6</ptk:rtd>
                                          <ptk:name>td</ptk:name>
                                          <ptk:xmlAttributes>
                                             <ptk:l location="Target:59:14">
                                                <ptk:WtXmlAttribute location="Target:59:14">
                                                   <ptk:rtd>c3EAfgAjdXEAfgAnAAAAAnVxAH4AKQAAAAF0AAggc3R5bGU9InVxAH4AKQAAAAF0AAEi</ptk:rtd>
                                                   <ptk:name>style</ptk:name>
                                                   <ptk:value>
                                                      <ptk:l location="Target:59:22">
                                                         <ptk:t location="Target:59:22">padding-left:0em;</ptk:t>
                                                      </ptk:l>
                                                   </ptk:value>
                                                </ptk:WtXmlAttribute>
                                             </ptk:l>
                                          </ptk:xmlAttributes>
                                          <ptk:body>
                                             <ptk:l>
                                                <ptk:WtInternalLink>
                                                   <ptk:rtd>c3EAfgAjdXEAfgAnAAAAA3VxAH4AKQAAAAFxAH4BVnEAfgC6dXEAfgApAAAAAXEAfgFY</ptk:rtd>
                                                   <ptk:prefix/>
                                                   <ptk:postfix/>
                                                   <ptk:target>
                                                      <ptk:WtPageName location="Target:59:43">
                                                         <ptk:content>Independence</ptk:content>
                                                         <ptk:rtd null="true"/>
                                                      </ptk:WtPageName>
                                                   </ptk:target>
                                                   <ptk:title>
                                                      <ptk:WtLinkTitle-WtNoLinkTitle/>
                                                   </ptk:title>
                                                </ptk:WtInternalLink>
                                                <ptk:t location="Target:59:57"> from </ptk:t>
                                                <ptk:WtInternalLink>
                                                   <ptk:rtd>c3EAfgAjdXEAfgAnAAAAA3VxAH4AKQAAAAFxAH4BVnEAfgC6dXEAfgApAAAAAXEAfgFY</ptk:rtd>
                                                   <ptk:prefix/>
                                                   <ptk:postfix/>
                                                   <ptk:target>
                                                      <ptk:WtPageName location="Target:59:65">
                                                         <ptk:content>Sudan</ptk:content>
                                                         <ptk:rtd null="true"/>
                                                      </ptk:WtPageName>
                                                   </ptk:target>
                                                   <ptk:title>
                                                      <ptk:WtLinkTitle-WtNoLinkTitle/>
                                                   </ptk:title>
                                                </ptk:WtInternalLink>
                                             </ptk:l>
                                          </ptk:body>
                                       </ptk:WtXmlElement>
                                       <ptk:t>
          </ptk:t>
                                       <ptk:WtXmlElement>
                                          <ptk:rtd>c3EAfgAjdXEAfgAnAAAAA3VxAH4AKQAAAAF0AAM8dGR1cQB+ACkAAAABdAABPnEAfgC6</ptk:rtd>
                                          <ptk:name>td</ptk:name>
                                          <ptk:xmlAttributes>
                                             <ptk:WtXmlAttributes-WtEmptyXmlAttributes/>
                                          </ptk:xmlAttributes>
                                          <ptk:body>
                                             <ptk:l>
                                                <ptk:t location="Target:60:15">July 9, 2011</ptk:t>
                                                <ptk:WtXmlEntityRef location="Target:60:28">
                                                   <ptk:rtd>c3EAfgAjdXEAfgAnAAAAAXVxAH4AKQAAAAF0AAYmbmJzcDs=</ptk:rtd>
                                                   <ptk:name>nbsp</ptk:name>
                                                   <ptk:resolved> </ptk:resolved>
                                                </ptk:WtXmlEntityRef>
                                             </ptk:l>
                                          </ptk:body>
                                       </ptk:WtXmlElement>
                                       <ptk:t>
        </ptk:t>
                                    </ptk:l>
                                 </ptk:body>
                              </ptk:WtXmlElement>
                              <ptk:WtXmlElement>
                                 <ptk:rtd>c3EAfgAjdXEAfgAnAAAAA3VxAH4AKQAAAAF0AAM8dHJ1cQB+ACkAAAABdAABPnEAfgC6</ptk:rtd>
                                 <ptk:name>tr</ptk:name>
                                 <ptk:xmlAttributes>
                                    <ptk:l location="Target:61:17">
                                       <ptk:WtXmlAttribute location="Target:61:17">
                                          <ptk:rtd>c3EAfgAjdXEAfgAnAAAAAnVxAH4AKQAAAAF0AAggY2xhc3M9InVxAH4AKQAAAAF0AAEi</ptk:rtd>
                                          <ptk:name>class</ptk:name>
                                          <ptk:value>
                                             <ptk:l location="Target:61:25">
                                                <ptk:t location="Target:61:25">mergedtoprow</ptk:t>
                                             </ptk:l>
                                          </ptk:value>
                                       </ptk:WtXmlAttribute>
                                    </ptk:l>
                                 </ptk:xmlAttributes>
                                 <ptk:body>
                                    <ptk:l>
                                       <ptk:t>
          </ptk:t>
                                       <ptk:WtXmlElement>
                                          <ptk:rtd>c3EAfgAjdXEAfgAnAAAAA3VxAH4AKQAAAAF0AAM8dGh1cQB+ACkAAAABdAABPnEAfgC6</ptk:rtd>
                                          <ptk:name>th</ptk:name>
                                          <ptk:xmlAttributes>
                                             <ptk:l location="Target:62:14">
                                                <ptk:WtXmlAttribute location="Target:62:14">
                                                   <ptk:rtd>c3EAfgAjdXEAfgAnAAAAAnVxAH4AKQAAAAF0AAogY29sc3Bhbj0idXEAfgApAAAAAXQAASI=</ptk:rtd>
                                                   <ptk:name>colspan</ptk:name>
                                                   <ptk:value>
                                                      <ptk:l location="Target:62:24">
                                                         <ptk:t location="Target:62:24">3</ptk:t>
                                                      </ptk:l>
                                                   </ptk:value>
                                                </ptk:WtXmlAttribute>
                                             </ptk:l>
                                          </ptk:xmlAttributes>
                                          <ptk:body>
                                             <ptk:l>
                                                <ptk:WtInternalLink>
                                                   <ptk:rtd>c3EAfgAjdXEAfgAnAAAAA3VxAH4AKQAAAAFxAH4BVnEAfgC6dXEAfgApAAAAAXEAfgFY</ptk:rtd>
                                                   <ptk:prefix/>
                                                   <ptk:postfix/>
                                                   <ptk:target>
                                                      <ptk:WtPageName location="Target:62:29">
                                                         <ptk:content>List of countries and outlying territories by total area</ptk:content>
                                                         <ptk:rtd null="true"/>
                                                      </ptk:WtPageName>
                                                   </ptk:target>
                                                   <ptk:title>
                                                      <ptk:l>
                                                         <ptk:t location="Target:62:86">Area</ptk:t>
                                                      </ptk:l>
                                                   </ptk:title>
                                                </ptk:WtInternalLink>
                                             </ptk:l>
                                          </ptk:body>
                                       </ptk:WtXmlElement>
                                       <ptk:t>
        </ptk:t>
                                    </ptk:l>
                                 </ptk:body>
                              </ptk:WtXmlElement>
                              <ptk:t>
        </ptk:t>
                              <ptk:WtXmlElement>
                                 <ptk:rtd>c3EAfgAjdXEAfgAnAAAAA3VxAH4AKQAAAAF0AAM8dHJ1cQB+ACkAAAABdAABPnEAfgC6</ptk:rtd>
                                 <ptk:name>tr</ptk:name>
                                 <ptk:xmlAttributes>
                                    <ptk:l location="Target:64:12">
                                       <ptk:WtXmlAttribute location="Target:64:12">
                                          <ptk:rtd>c3EAfgAjdXEAfgAnAAAAAnVxAH4AKQAAAAF0AAggY2xhc3M9InVxAH4AKQAAAAF0AAEi</ptk:rtd>
                                          <ptk:name>class</ptk:name>
                                          <ptk:value>
                                             <ptk:l location="Target:64:20">
                                                <ptk:t location="Target:64:20">mergedrow</ptk:t>
                                             </ptk:l>
                                          </ptk:value>
                                       </ptk:WtXmlAttribute>
                                    </ptk:l>
                                 </ptk:xmlAttributes>
                                 <ptk:body>
                                    <ptk:l>
                                       <ptk:t>
          </ptk:t>
                                       <ptk:WtXmlElement>
                                          <ptk:rtd>c3EAfgAjdXEAfgAnAAAAA3VxAH4AKQAAAAF0AAM8dGR1cQB+ACkAAAABdAABPnEAfgC6</ptk:rtd>
                                          <ptk:name>td</ptk:name>
                                          <ptk:xmlAttributes>
                                             <ptk:l location="Target:65:14">
                                                <ptk:WtXmlAttribute location="Target:65:14">
                                                   <ptk:rtd>c3EAfgAjdXEAfgAnAAAAAnVxAH4AKQAAAAF0AAggc3R5bGU9InVxAH4AKQAAAAF0AAEi</ptk:rtd>
                                                   <ptk:name>style</ptk:name>
                                                   <ptk:value>
                                                      <ptk:l location="Target:65:22">
                                                         <ptk:t location="Target:65:22">width:1em; padding:0 0 0 0.6em;</ptk:t>
                                                      </ptk:l>
                                                   </ptk:value>
                                                </ptk:WtXmlAttribute>
                                             </ptk:l>
                                          </ptk:xmlAttributes>
                                          <ptk:body>
                                             <ptk:l>
                                                <ptk:WtXmlEntityRef location="Target:65:56">
                                                   <ptk:rtd>c3EAfgAjdXEAfgAnAAAAAXVxAH4AKQAAAAF0AAYmbmJzcDs=</ptk:rtd>
                                                   <ptk:name>nbsp</ptk:name>
                                                   <ptk:resolved> </ptk:resolved>
                                                </ptk:WtXmlEntityRef>
                                                <ptk:t location="Target:65:61">-</ptk:t>
                                                <ptk:WtXmlEntityRef location="Target:65:63">
                                                   <ptk:rtd>c3EAfgAjdXEAfgAnAAAAAXVxAH4AKQAAAAF0AAYmbmJzcDs=</ptk:rtd>
                                                   <ptk:name>nbsp</ptk:name>
                                                   <ptk:resolved> </ptk:resolved>
                                                </ptk:WtXmlEntityRef>
                                             </ptk:l>
                                          </ptk:body>
                                       </ptk:WtXmlElement>
                                       <ptk:t>
          </ptk:t>
                                       <ptk:WtXmlElement>
                                          <ptk:rtd>c3EAfgAjdXEAfgAnAAAAA3VxAH4AKQAAAAF0AAM8dGR1cQB+ACkAAAABdAABPnEAfgC6</ptk:rtd>
                                          <ptk:name>td</ptk:name>
                                          <ptk:xmlAttributes>
                                             <ptk:l location="Target:66:14">
                                                <ptk:WtXmlAttribute location="Target:66:14">
                                                   <ptk:rtd>c3EAfgAjdXEAfgAnAAAAAnVxAH4AKQAAAAF0AAggc3R5bGU9InVxAH4AKQAAAAF0AAEi</ptk:rtd>
                                                   <ptk:name>style</ptk:name>
                                                   <ptk:value>
                                                      <ptk:l location="Target:66:22">
                                                         <ptk:t location="Target:66:22">padding-left:0em;</ptk:t>
                                                      </ptk:l>
                                                   </ptk:value>
                                                </ptk:WtXmlAttribute>
                                             </ptk:l>
                                          </ptk:xmlAttributes>
                                          <ptk:body>
                                             <ptk:l>
                                                <ptk:t location="Target:66:41">Total</ptk:t>
                                             </ptk:l>
                                          </ptk:body>
                                       </ptk:WtXmlElement>
                                       <ptk:t>
          </ptk:t>
                                       <ptk:WtXmlElement>
                                          <ptk:rtd>c3EAfgAjdXEAfgAnAAAAA3VxAH4AKQAAAAF0AAM8dGR1cQB+ACkAAAABdAABPnEAfgC6</ptk:rtd>
                                          <ptk:name>td</ptk:name>
                                          <ptk:xmlAttributes>
                                             <ptk:WtXmlAttributes-WtEmptyXmlAttributes/>
                                          </ptk:xmlAttributes>
                                          <ptk:body>
                                             <ptk:l>
                                                <ptk:WtInternalLink>
                                                   <ptk:rtd>c3EAfgAjdXEAfgAnAAAAA3VxAH4AKQAAAAFxAH4BVnEAfgC6dXEAfgApAAAAAXEAfgFY</ptk:rtd>
                                                   <ptk:prefix/>
                                                   <ptk:postfix/>
                                                   <ptk:target>
                                                      <ptk:WtPageName location="Target:67:17">
                                                         <ptk:content> Square metre </ptk:content>
                                                         <ptk:rtd null="true"/>
                                                      </ptk:WtPageName>
                                                   </ptk:target>
                                                   <ptk:title>
                                                      <ptk:l>
                                                         <ptk:t location="Target:67:32"> 619745</ptk:t>
                                                         <ptk:WtXmlEntityRef location="Target:67:40">
                                                            <ptk:rtd>c3EAfgAjdXEAfgAnAAAAAXVxAH4AKQAAAAF0AAYmbmJzcDs=</ptk:rtd>
                                                            <ptk:name>nbsp</ptk:name>
                                                            <ptk:resolved> </ptk:resolved>
                                                         </ptk:WtXmlEntityRef>
                                                         <ptk:t location="Target:67:45">km</ptk:t>
                                                         <ptk:WtXmlElement>
                                                            <ptk:rtd>c3EAfgAjdXEAfgAnAAAAA3VxAH4AKQAAAAF0AAQ8c3VwdXEAfgApAAAAAXQAAT51cQB+ACkAAAABdAAGPC9zdXA+</ptk:rtd>
                                                            <ptk:name>sup</ptk:name>
                                                            <ptk:xmlAttributes>
                                                               <ptk:WtXmlAttributes-WtEmptyXmlAttributes/>
                                                            </ptk:xmlAttributes>
                                                            <ptk:body>
                                                               <ptk:l>
                                                                  <ptk:t location="Target:67:52">2</ptk:t>
                                                               </ptk:l>
                                                            </ptk:body>
                                                         </ptk:WtXmlElement>
                                                      </ptk:l>
                                                   </ptk:title>
                                                </ptk:WtInternalLink>
                                                <ptk:WtXmlEntityRef location="Target:67:62">
                                                   <ptk:rtd>c3EAfgAjdXEAfgAnAAAAAXVxAH4AKQAAAAF0AAYmbmJzcDs=</ptk:rtd>
                                                   <ptk:name>nbsp</ptk:name>
                                                   <ptk:resolved> </ptk:resolved>
                                                </ptk:WtXmlEntityRef>
                                                <ptk:t location="Target:67:67">(</ptk:t>
                                                <ptk:WtInternalLink>
                                                   <ptk:rtd>c3EAfgAjdXEAfgAnAAAAA3VxAH4AKQAAAAFxAH4BVnEAfgC6dXEAfgApAAAAAXEAfgFY</ptk:rtd>
                                                   <ptk:prefix/>
                                                   <ptk:postfix/>
                                                   <ptk:target>
                                                      <ptk:WtPageName location="Target:67:70">
                                                         <ptk:content>List of countries and outlying territories by total area</ptk:content>
                                                         <ptk:rtd null="true"/>
                                                      </ptk:WtPageName>
                                                   </ptk:target>
                                                   <ptk:title>
                                                      <ptk:l>
                                                         <ptk:t location="Target:67:127">45th</ptk:t>
                                                      </ptk:l>
                                                   </ptk:title>
                                                </ptk:WtInternalLink>
                                                <ptk:t location="Target:67:133">)</ptk:t>
                                                <ptk:WtXmlElement>
                                                   <ptk:rtd>c3EAfgAjdXEAfgAnAAAAA3VxAH4AKQAAAAF0AAM8YnJ1cQB+ACkAAAABdAACLz5xAH4Aug==</ptk:rtd>
                                                   <ptk:name>br</ptk:name>
                                                   <ptk:xmlAttributes>
                                                      <ptk:WtXmlAttributes-WtEmptyXmlAttributes/>
                                                   </ptk:xmlAttributes>
                                                   <ptk:body>
                                                      <ptk:WtBody-WtNoBody/>
                                                   </ptk:body>
                                                </ptk:WtXmlElement>
                                                <ptk:t location="Target:67:139">239285</ptk:t>
                                                <ptk:WtXmlEntityRef location="Target:67:146">
                                                   <ptk:rtd>c3EAfgAjdXEAfgAnAAAAAXVxAH4AKQAAAAF0AAYmbmJzcDs=</ptk:rtd>
                                                   <ptk:name>nbsp</ptk:name>
                                                   <ptk:resolved> </ptk:resolved>
                                                </ptk:WtXmlEntityRef>
                                                <ptk:WtInternalLink>
                                                   <ptk:rtd>c3EAfgAjdXEAfgAnAAAAA3VxAH4AKQAAAAFxAH4BVnEAfgC6dXEAfgApAAAAAXEAfgFY</ptk:rtd>
                                                   <ptk:prefix/>
                                                   <ptk:postfix/>
                                                   <ptk:target>
                                                      <ptk:WtPageName location="Target:67:153">
                                                         <ptk:content>Square mile</ptk:content>
                                                         <ptk:rtd null="true"/>
                                                      </ptk:WtPageName>
                                                   </ptk:target>
                                                   <ptk:title>
                                                      <ptk:l>
                                                         <ptk:t location="Target:67:165">sq</ptk:t>
                                                         <ptk:WtXmlEntityRef location="Target:67:168">
                                                            <ptk:rtd>c3EAfgAjdXEAfgAnAAAAAXVxAH4AKQAAAAF0AAYmbmJzcDs=</ptk:rtd>
                                                            <ptk:name>nbsp</ptk:name>
                                                            <ptk:resolved> </ptk:resolved>
                                                         </ptk:WtXmlEntityRef>
                                                         <ptk:t location="Target:67:173">mi</ptk:t>
                                                      </ptk:l>
                                                   </ptk:title>
                                                </ptk:WtInternalLink>
                                                <ptk:WtXmlEntityRef location="Target:67:178">
                                                   <ptk:rtd>c3EAfgAjdXEAfgAnAAAAAXVxAH4AKQAAAAF0AAYmbmJzcDs=</ptk:rtd>
                                                   <ptk:name>nbsp</ptk:name>
                                                   <ptk:resolved> </ptk:resolved>
                                                </ptk:WtXmlEntityRef>
                                             </ptk:l>
                                          </ptk:body>
                                       </ptk:WtXmlElement>
                                       <ptk:t>
        </ptk:t>
                                    </ptk:l>
                                 </ptk:body>
                              </ptk:WtXmlElement>
                              <ptk:WtXmlElement>
                                 <ptk:rtd>c3EAfgAjdXEAfgAnAAAAA3VxAH4AKQAAAAF0AAM8dHJ1cQB+ACkAAAABdAABPnEAfgC6</ptk:rtd>
                                 <ptk:name>tr</ptk:name>
                                 <ptk:xmlAttributes>
                                    <ptk:l location="Target:68:17">
                                       <ptk:WtXmlAttribute location="Target:68:17">
                                          <ptk:rtd>c3EAfgAjdXEAfgAnAAAAAnVxAH4AKQAAAAF0AAggY2xhc3M9InVxAH4AKQAAAAF0AAEi</ptk:rtd>
                                          <ptk:name>class</ptk:name>
                                          <ptk:value>
                                             <ptk:l location="Target:68:25">
                                                <ptk:t location="Target:68:25">mergedtoprow</ptk:t>
                                             </ptk:l>
                                          </ptk:value>
                                       </ptk:WtXmlAttribute>
                                    </ptk:l>
                                 </ptk:xmlAttributes>
                                 <ptk:body>
                                    <ptk:l>
                                       <ptk:t>
</ptk:t>
                                       <ptk:WtXmlElement>
                                          <ptk:rtd>c3EAfgAjdXEAfgAnAAAAA3VxAH4AKQAAAAF0AAM8dGh1cQB+ACkAAAABdAABPnEAfgC6</ptk:rtd>
                                          <ptk:name>th</ptk:name>
                                          <ptk:xmlAttributes>
                                             <ptk:l location="Target:69:4">
                                                <ptk:WtXmlAttribute location="Target:69:4">
                                                   <ptk:rtd>c3EAfgAjdXEAfgAnAAAAAnVxAH4AKQAAAAF0AAogY29sc3Bhbj0idXEAfgApAAAAAXQAASI=</ptk:rtd>
                                                   <ptk:name>colspan</ptk:name>
                                                   <ptk:value>
                                                      <ptk:l location="Target:69:14">
                                                         <ptk:t location="Target:69:14">3</ptk:t>
                                                      </ptk:l>
                                                   </ptk:value>
                                                </ptk:WtXmlAttribute>
                                             </ptk:l>
                                          </ptk:xmlAttributes>
                                          <ptk:body>
                                             <ptk:l>
                                                <ptk:WtInternalLink>
                                                   <ptk:rtd>c3EAfgAjdXEAfgAnAAAAA3VxAH4AKQAAAAFxAH4BVnEAfgC6dXEAfgApAAAAAXEAfgFY</ptk:rtd>
                                                   <ptk:prefix/>
                                                   <ptk:postfix/>
                                                   <ptk:target>
                                                      <ptk:WtPageName location="Target:69:19">
                                                         <ptk:content>لستة البلاد حسب عدد السكان</ptk:content>
                                                         <ptk:rtd null="true"/>
                                                      </ptk:WtPageName>
                                                   </ptk:target>
                                                   <ptk:title>
                                                      <ptk:l>
                                                         <ptk:t location="Target:69:46">السكان</ptk:t>
                                                      </ptk:l>
                                                   </ptk:title>
                                                </ptk:WtInternalLink>
                                             </ptk:l>
                                          </ptk:body>
                                       </ptk:WtXmlElement>
                                       <ptk:t>
        </ptk:t>
                                    </ptk:l>
                                 </ptk:body>
                              </ptk:WtXmlElement>
                              <ptk:WtXmlElement>
                                 <ptk:rtd>c3EAfgAjdXEAfgAnAAAAA3VxAH4AKQAAAAF0AAM8dHJ1cQB+ACkAAAABdAABPnEAfgC6</ptk:rtd>
                                 <ptk:name>tr</ptk:name>
                                 <ptk:xmlAttributes>
                                    <ptk:l location="Target:70:17">
                                       <ptk:WtXmlAttribute location="Target:70:17">
                                          <ptk:rtd>c3EAfgAjdXEAfgAnAAAAAnVxAH4AKQAAAAF0AAggY2xhc3M9InVxAH4AKQAAAAF0AAEi</ptk:rtd>
                                          <ptk:name>class</ptk:name>
                                          <ptk:value>
                                             <ptk:l location="Target:70:25">
                                                <ptk:t location="Target:70:25">mergedrow</ptk:t>
                                             </ptk:l>
                                          </ptk:value>
                                       </ptk:WtXmlAttribute>
                                    </ptk:l>
                                 </ptk:xmlAttributes>
                                 <ptk:body>
                                    <ptk:l>
                                       <ptk:t>
             </ptk:t>
                                       <ptk:WtXmlElement>
                                          <ptk:rtd>c3EAfgAjdXEAfgAnAAAAA3VxAH4AKQAAAAF0AAM8dGR1cQB+ACkAAAABdAABPnEAfgC6</ptk:rtd>
                                          <ptk:name>td</ptk:name>
                                          <ptk:xmlAttributes>
                                             <ptk:l location="Target:71:17">
                                                <ptk:WtXmlAttribute location="Target:71:17">
                                                   <ptk:rtd>c3EAfgAjdXEAfgAnAAAAAnVxAH4AKQAAAAF0AAggc3R5bGU9InVxAH4AKQAAAAF0AAEi</ptk:rtd>
                                                   <ptk:name>style</ptk:name>
                                                   <ptk:value>
                                                      <ptk:l location="Target:71:25">
                                                         <ptk:t location="Target:71:25">width:1em; padding:0 0 0 0.6em;</ptk:t>
                                                      </ptk:l>
                                                   </ptk:value>
                                                </ptk:WtXmlAttribute>
                                             </ptk:l>
                                          </ptk:xmlAttributes>
                                          <ptk:body>
                                             <ptk:l>
                                                <ptk:WtXmlEntityRef location="Target:71:59">
                                                   <ptk:rtd>c3EAfgAjdXEAfgAnAAAAAXVxAH4AKQAAAAF0AAYmbmJzcDs=</ptk:rtd>
                                                   <ptk:name>nbsp</ptk:name>
                                                   <ptk:resolved> </ptk:resolved>
                                                </ptk:WtXmlEntityRef>
                                                <ptk:t location="Target:71:64">-</ptk:t>
                                                <ptk:WtXmlEntityRef location="Target:71:66">
                                                   <ptk:rtd>c3EAfgAjdXEAfgAnAAAAAXVxAH4AKQAAAAF0AAYmbmJzcDs=</ptk:rtd>
                                                   <ptk:name>nbsp</ptk:name>
                                                   <ptk:resolved> </ptk:resolved>
                                                </ptk:WtXmlEntityRef>
                                             </ptk:l>
                                          </ptk:body>
                                       </ptk:WtXmlElement>
                                       <ptk:t>
             </ptk:t>
                                       <ptk:WtXmlElement>
                                          <ptk:rtd>c3EAfgAjdXEAfgAnAAAAA3VxAH4AKQAAAAF0AAM8dGR1cQB+ACkAAAABdAABPnEAfgC6</ptk:rtd>
                                          <ptk:name>td</ptk:name>
                                          <ptk:xmlAttributes>
                                             <ptk:l location="Target:72:17">
                                                <ptk:WtXmlAttribute location="Target:72:17">
                                                   <ptk:rtd>c3EAfgAjdXEAfgAnAAAAAnVxAH4AKQAAAAF0AAggc3R5bGU9InVxAH4AKQAAAAF0AAEi</ptk:rtd>
                                                   <ptk:name>style</ptk:name>
                                                   <ptk:value>
                                                      <ptk:l location="Target:72:25">
                                                         <ptk:t location="Target:72:25">padding-left:0em;</ptk:t>
                                                      </ptk:l>
                                                   </ptk:value>
                                                </ptk:WtXmlAttribute>
                                             </ptk:l>
                                          </ptk:xmlAttributes>
                                          <ptk:body>
                                             <ptk:l>
                                                <ptk:WtXmlEntityRef location="Target:72:45">
                                                   <ptk:rtd>c3EAfgAjdXEAfgAnAAAAAXVxAH4AKQAAAAF0AAYmbmJzcDs=</ptk:rtd>
                                                   <ptk:name>nbsp</ptk:name>
                                                   <ptk:resolved> </ptk:resolved>
                                                </ptk:WtXmlEntityRef>
                                                <ptk:t location="Target:72:50">estimate</ptk:t>
                                             </ptk:l>
                                          </ptk:body>
                                       </ptk:WtXmlElement>
                                       <ptk:t>
             </ptk:t>
                                       <ptk:WtXmlElement>
                                          <ptk:rtd>c3EAfgAjdXEAfgAnAAAAA3VxAH4AKQAAAAF0AAM8dGR1cQB+ACkAAAABdAABPnEAfgC6</ptk:rtd>
                                          <ptk:name>td</ptk:name>
                                          <ptk:xmlAttributes>
                                             <ptk:WtXmlAttributes-WtEmptyXmlAttributes/>
                                          </ptk:xmlAttributes>
                                          <ptk:body>
                                             <ptk:l>
                                                <ptk:t location="Target:73:18">7,500,000–9,700,000 </ptk:t>
                                                <ptk:l>
                                                   <ptk:t location="Target:73:40">(2006, UNFPA)</ptk:t>
                                                </ptk:l>
                                                <ptk:WtTagExtension location="Target:37:70">
                                                   <ptk:a name="__SKIP__">
                                                      <ptk:Boolean>false</ptk:Boolean>
                                                   </ptk:a>
                                                   <ptk:rtd>c3EAfgAjdXEAfgAnAAAAA3VxAH4AKQAAAAF0AAQ8cmVmdXEAfgApAAAAAXQAAT51cQB+ACkAAAABdAAGPC9yZWY+</ptk:rtd>
                                                   <ptk:name>ref</ptk:name>
                                                   <ptk:xmlAttributes>
                                                      <ptk:l location="Target:37:73">
                                                         <ptk:WtXmlAttribute location="Target:37:73">
                                                            <ptk:rtd>c3EAfgAjdXEAfgAnAAAAAnVxAH4AKQAAAAF0AAcgbmFtZT0idXEAfgApAAAAAXQAASI=</ptk:rtd>
                                                            <ptk:name>name</ptk:name>
                                                            <ptk:value>
                                                               <ptk:l location="Target:37:80">
                                                                  <ptk:t location="Target:37:80">unfpa</ptk:t>
                                                               </ptk:l>
                                                            </ptk:value>
                                                         </ptk:WtXmlAttribute>
                                                      </ptk:l>
                                                   </ptk:xmlAttributes>
                                                   <ptk:body>
                                                      <ptk:WtTagExtensionBody-WtTagExtensionBodyImpl>
                                                         <ptk:content>{{Cite web|url=http://sudan.unfpa.org/souther_Sudan/index.htm|title=UNFPA Southern SUDAN|work=UNFPA}}</ptk:content>
                                                         <ptk:rtd null="true"/>
                                                      </ptk:WtTagExtensionBody-WtTagExtensionBodyImpl>
                                                   </ptk:body>
                                                </ptk:WtTagExtension>
                                                <ptk:WtXmlElement>
                                                   <ptk:rtd>c3EAfgAjdXEAfgAnAAAAA3VxAH4AKQAAAAF0AAM8YnJ1cQB+ACkAAAABdAADIC8+cQB+ALo=</ptk:rtd>
                                                   <ptk:name>br</ptk:name>
                                                   <ptk:xmlAttributes>
                                                      <ptk:WtXmlAttributes-WtEmptyXmlAttributes/>
                                                   </ptk:xmlAttributes>
                                                   <ptk:body>
                                                      <ptk:WtBody-WtNoBody/>
                                                   </ptk:body>
                                                </ptk:WtXmlElement>
                                                <ptk:t location="Target:73:64"> 11,000,000–13,000,000 </ptk:t>
                                                <ptk:l>
                                                   <ptk:t location="Target:73:89">(Southern Sudan claim, 2009)</ptk:t>
                                                </ptk:l>
                                                <ptk:WtTagExtension location="Target:37:256">
                                                   <ptk:a name="__SKIP__">
                                                      <ptk:Boolean>false</ptk:Boolean>
                                                   </ptk:a>
                                                   <ptk:rtd>c3EAfgAjdXEAfgAnAAAAA3VxAH4AKQAAAAF0AAQ8cmVmdXEAfgApAAAAAXQAAT51cQB+ACkAAAABdAAGPC9yZWY+</ptk:rtd>
                                                   <ptk:name>ref</ptk:name>
                                                   <ptk:xmlAttributes>
                                                      <ptk:WtXmlAttributes-WtEmptyXmlAttributes/>
                                                   </ptk:xmlAttributes>
                                                   <ptk:body>
                                                      <ptk:WtTagExtensionBody-WtTagExtensionBodyImpl>
                                                         <ptk:content>{{Cite news|url=http://www.sudantribune.com/spip.php?article31005|title=Sudan census committee say population is at 39 million|work=SudanTribune|date=27 April 2009}}</ptk:content>
                                                         <ptk:rtd null="true"/>
                                                      </ptk:WtTagExtensionBody-WtTagExtensionBodyImpl>
                                                   </ptk:body>
                                                </ptk:WtTagExtension>
                                                <ptk:WtXmlEntityRef location="Target:73:123">
                                                   <ptk:rtd>c3EAfgAjdXEAfgAnAAAAAXVxAH4AKQAAAAF0AAYmbmJzcDs=</ptk:rtd>
                                                   <ptk:name>nbsp</ptk:name>
                                                   <ptk:resolved> </ptk:resolved>
                                                </ptk:WtXmlEntityRef>
                                             </ptk:l>
                                          </ptk:body>
                                       </ptk:WtXmlElement>
                                       <ptk:t>
           </ptk:t>
                                    </ptk:l>
                                 </ptk:body>
                              </ptk:WtXmlElement>
                              <ptk:WtXmlElement>
                                 <ptk:rtd>c3EAfgAjdXEAfgAnAAAAA3VxAH4AKQAAAAF0AAM8dHJ1cQB+ACkAAAABdAABPnEAfgC6</ptk:rtd>
                                 <ptk:name>tr</ptk:name>
                                 <ptk:xmlAttributes>
                                    <ptk:l location="Target:74:20">
                                       <ptk:WtXmlAttribute location="Target:74:20">
                                          <ptk:rtd>c3EAfgAjdXEAfgAnAAAAAnVxAH4AKQAAAAF0AAggY2xhc3M9InVxAH4AKQAAAAF0AAEi</ptk:rtd>
                                          <ptk:name>class</ptk:name>
                                          <ptk:value>
                                             <ptk:l location="Target:74:28">
                                                <ptk:t location="Target:74:28">mergedrow</ptk:t>
                                             </ptk:l>
                                          </ptk:value>
                                       </ptk:WtXmlAttribute>
                                    </ptk:l>
                                 </ptk:xmlAttributes>
                                 <ptk:body>
                                    <ptk:l>
                                       <ptk:t>
               </ptk:t>
                                       <ptk:WtXmlElement>
                                          <ptk:rtd>c3EAfgAjdXEAfgAnAAAAA3VxAH4AKQAAAAF0AAM8dGR1cQB+ACkAAAABdAABPnEAfgC6</ptk:rtd>
                                          <ptk:name>td</ptk:name>
                                          <ptk:xmlAttributes>
                                             <ptk:l location="Target:75:19">
                                                <ptk:WtXmlAttribute location="Target:75:19">
                                                   <ptk:rtd>c3EAfgAjdXEAfgAnAAAAAnVxAH4AKQAAAAF0AAggc3R5bGU9InVxAH4AKQAAAAF0AAEi</ptk:rtd>
                                                   <ptk:name>style</ptk:name>
                                                   <ptk:value>
                                                      <ptk:l location="Target:75:27">
                                                         <ptk:t location="Target:75:27">width:1em; padding:0 0 0 0.6em;</ptk:t>
                                                      </ptk:l>
                                                   </ptk:value>
                                                </ptk:WtXmlAttribute>
                                             </ptk:l>
                                          </ptk:xmlAttributes>
                                          <ptk:body>
                                             <ptk:l>
                                                <ptk:WtXmlEntityRef location="Target:75:61">
                                                   <ptk:rtd>c3EAfgAjdXEAfgAnAAAAAXVxAH4AKQAAAAF0AAYmbmJzcDs=</ptk:rtd>
                                                   <ptk:name>nbsp</ptk:name>
                                                   <ptk:resolved> </ptk:resolved>
                                                </ptk:WtXmlEntityRef>
                                                <ptk:t location="Target:75:66">-</ptk:t>
                                                <ptk:WtXmlEntityRef location="Target:75:68">
                                                   <ptk:rtd>c3EAfgAjdXEAfgAnAAAAAXVxAH4AKQAAAAF0AAYmbmJzcDs=</ptk:rtd>
                                                   <ptk:name>nbsp</ptk:name>
                                                   <ptk:resolved> </ptk:resolved>
                                                </ptk:WtXmlEntityRef>
                                             </ptk:l>
                                          </ptk:body>
                                       </ptk:WtXmlElement>
                                       <ptk:t>
               </ptk:t>
                                       <ptk:WtXmlElement>
                                          <ptk:rtd>c3EAfgAjdXEAfgAnAAAAA3VxAH4AKQAAAAF0AAM8dGR1cQB+ACkAAAABdAABPnEAfgC6</ptk:rtd>
                                          <ptk:name>td</ptk:name>
                                          <ptk:xmlAttributes>
                                             <ptk:l location="Target:76:19">
                                                <ptk:WtXmlAttribute location="Target:76:19">
                                                   <ptk:rtd>c3EAfgAjdXEAfgAnAAAAAnVxAH4AKQAAAAF0AAggc3R5bGU9InVxAH4AKQAAAAF0AAEi</ptk:rtd>
                                                   <ptk:name>style</ptk:name>
                                                   <ptk:value>
                                                      <ptk:l location="Target:76:27">
                                                         <ptk:t location="Target:76:27">padding-left:0em;</ptk:t>
                                                      </ptk:l>
                                                   </ptk:value>
                                                </ptk:WtXmlAttribute>
                                             </ptk:l>
                                          </ptk:xmlAttributes>
                                          <ptk:body>
                                             <ptk:l>
                                                <ptk:t location="Target:76:46">2008</ptk:t>
                                                <ptk:WtXmlEntityRef location="Target:76:51">
                                                   <ptk:rtd>c3EAfgAjdXEAfgAnAAAAAXVxAH4AKQAAAAF0AAYmbmJzcDs=</ptk:rtd>
                                                   <ptk:name>nbsp</ptk:name>
                                                   <ptk:resolved> </ptk:resolved>
                                                </ptk:WtXmlEntityRef>
                                                <ptk:t location="Target:76:56">census</ptk:t>
                                             </ptk:l>
                                          </ptk:body>
                                       </ptk:WtXmlElement>
                                       <ptk:t>
               </ptk:t>
                                       <ptk:WtXmlElement>
                                          <ptk:rtd>c3EAfgAjdXEAfgAnAAAAA3VxAH4AKQAAAAF0AAM8dGR1cQB+ACkAAAABdAABPnEAfgC6</ptk:rtd>
                                          <ptk:name>td</ptk:name>
                                          <ptk:xmlAttributes>
                                             <ptk:WtXmlAttributes-WtEmptyXmlAttributes/>
                                          </ptk:xmlAttributes>
                                          <ptk:body>
                                             <ptk:l>
                                                <ptk:t location="Target:77:20">8,260,490 </ptk:t>
                                                <ptk:l>
                                                   <ptk:t location="Target:77:32">(disputed)</ptk:t>
                                                </ptk:l>
                                                <ptk:WtTagExtension location="Target:40:57">
                                                   <ptk:a name="__SKIP__">
                                                      <ptk:Boolean>false</ptk:Boolean>
                                                   </ptk:a>
                                                   <ptk:rtd>c3EAfgAjdXEAfgAnAAAAA3VxAH4AKQAAAAF0AAQ8cmVmdXEAfgApAAAAAXQAAT51cQB+ACkAAAABdAAGPC9yZWY+</ptk:rtd>
                                                   <ptk:name>ref</ptk:name>
                                                   <ptk:xmlAttributes>
                                                      <ptk:l location="Target:40:60">
                                                         <ptk:WtXmlAttribute location="Target:40:60">
                                                            <ptk:rtd>c3EAfgAjdXEAfgAnAAAAAnVxAH4AKQAAAAF0AAcgbmFtZT0idXEAfgApAAAAAXQAASI=</ptk:rtd>
                                                            <ptk:name>name</ptk:name>
                                                            <ptk:value>
                                                               <ptk:l location="Target:40:67">
                                                                  <ptk:t location="Target:40:67">n24</ptk:t>
                                                               </ptk:l>
                                                            </ptk:value>
                                                         </ptk:WtXmlAttribute>
                                                      </ptk:l>
                                                   </ptk:xmlAttributes>
                                                   <ptk:body>
                                                      <ptk:WtTagExtensionBody-WtTagExtensionBodyImpl>
                                                         <ptk:content>{{Cite news|url=http://www.news24.com/Content/World/News/1073/b52cc36803164f39be83598566f1eb70/21-05-2009-07-23/Discontent_over_Sudan_census|title=Discontent over Sudan census|work=News24.com|date=21 May 2009}}</ptk:content>
                                                         <ptk:rtd null="true"/>
                                                      </ptk:WtTagExtensionBody-WtTagExtensionBodyImpl>
                                                   </ptk:body>
                                                </ptk:WtTagExtension>
                                                <ptk:WtXmlEntityRef location="Target:77:48">
                                                   <ptk:rtd>c3EAfgAjdXEAfgAnAAAAAXVxAH4AKQAAAAF0AAYmbmJzcDs=</ptk:rtd>
                                                   <ptk:name>nbsp</ptk:name>
                                                   <ptk:resolved> </ptk:resolved>
                                                </ptk:WtXmlEntityRef>
                                                <ptk:t location="Target:77:53">(</ptk:t>
                                                <ptk:WtInternalLink>
                                                   <ptk:rtd>c3EAfgAjdXEAfgAnAAAAA3VxAH4AKQAAAAFxAH4BVnEAfgC6dXEAfgApAAAAAXEAfgFY</ptk:rtd>
                                                   <ptk:prefix/>
                                                   <ptk:postfix/>
                                                   <ptk:target>
                                                      <ptk:WtPageName location="Target:77:56">
                                                         <ptk:content>List of countries by population</ptk:content>
                                                         <ptk:rtd null="true"/>
                                                      </ptk:WtPageName>
                                                   </ptk:target>
                                                   <ptk:title>
                                                      <ptk:l>
                                                         <ptk:t location="Target:77:88">94th</ptk:t>
                                                      </ptk:l>
                                                   </ptk:title>
                                                </ptk:WtInternalLink>
                                                <ptk:t location="Target:77:94">)</ptk:t>
                                             </ptk:l>
                                          </ptk:body>
                                       </ptk:WtXmlElement>
                                       <ptk:t>
             </ptk:t>
                                    </ptk:l>
                                 </ptk:body>
                              </ptk:WtXmlElement>
                              <ptk:WtXmlElement>
                                 <ptk:rtd>c3EAfgAjdXEAfgAnAAAAA3VxAH4AKQAAAAF0AAM8dHJ1cQB+ACkAAAABdAABPnEAfgC6</ptk:rtd>
                                 <ptk:name>tr</ptk:name>
                                 <ptk:xmlAttributes>
                                    <ptk:WtXmlAttributes-WtEmptyXmlAttributes/>
                                 </ptk:xmlAttributes>
                                 <ptk:body>
                                    <ptk:l>
                                       <ptk:t>
          </ptk:t>
                                       <ptk:WtXmlElement>
                                          <ptk:rtd>c3EAfgAjdXEAfgAnAAAAA3VxAH4AKQAAAAF0AAM8dGh1cQB+ACkAAAABdAABPnEAfgC6</ptk:rtd>
                                          <ptk:name>th</ptk:name>
                                          <ptk:xmlAttributes>
                                             <ptk:l location="Target:79:14">
                                                <ptk:WtXmlAttribute location="Target:79:14">
                                                   <ptk:rtd>c3EAfgAjdXEAfgAnAAAAAnVxAH4AKQAAAAF0AAogY29sc3Bhbj0idXEAfgApAAAAAXQAASI=</ptk:rtd>
                                                   <ptk:name>colspan</ptk:name>
                                                   <ptk:value>
                                                      <ptk:l location="Target:79:24">
                                                         <ptk:t location="Target:79:24">2</ptk:t>
                                                      </ptk:l>
                                                   </ptk:value>
                                                </ptk:WtXmlAttribute>
                                                <ptk:WtXmlAttribute location="Target:79:26">
                                                   <ptk:rtd>c3EAfgAjdXEAfgAnAAAAAnVxAH4AKQAAAAF0AAggc3R5bGU9InVxAH4AKQAAAAF0AAEi</ptk:rtd>
                                                   <ptk:name>style</ptk:name>
                                                   <ptk:value>
                                                      <ptk:l location="Target:79:34">
                                                         <ptk:t location="Target:79:34">vertical-align:middle;</ptk:t>
                                                      </ptk:l>
                                                   </ptk:value>
                                                </ptk:WtXmlAttribute>
                                             </ptk:l>
                                          </ptk:xmlAttributes>
                                          <ptk:body>
                                             <ptk:l>
                                                <ptk:WtInternalLink>
                                                   <ptk:rtd>c3EAfgAjdXEAfgAnAAAAA3VxAH4AKQAAAAFxAH4BVnEAfgC6dXEAfgApAAAAAXEAfgFY</ptk:rtd>
                                                   <ptk:prefix/>
                                                   <ptk:postfix/>
                                                   <ptk:target>
                                                      <ptk:WtPageName location="Target:79:60">
                                                         <ptk:content>Currency</ptk:content>
                                                         <ptk:rtd null="true"/>
                                                      </ptk:WtPageName>
                                                   </ptk:target>
                                                   <ptk:title>
                                                      <ptk:WtLinkTitle-WtNoLinkTitle/>
                                                   </ptk:title>
                                                </ptk:WtInternalLink>
                                             </ptk:l>
                                          </ptk:body>
                                       </ptk:WtXmlElement>
                                       <ptk:t>
          </ptk:t>
                                       <ptk:WtXmlElement>
                                          <ptk:rtd>c3EAfgAjdXEAfgAnAAAAA3VxAH4AKQAAAAF0AAM8dGR1cQB+ACkAAAABdAABPnEAfgC6</ptk:rtd>
                                          <ptk:name>td</ptk:name>
                                          <ptk:xmlAttributes>
                                             <ptk:WtXmlAttributes-WtEmptyXmlAttributes/>
                                          </ptk:xmlAttributes>
                                          <ptk:body>
                                             <ptk:l>
                                                <ptk:WtInternalLink>
                                                   <ptk:rtd>c3EAfgAjdXEAfgAnAAAAA3VxAH4AKQAAAAFxAH4BVnEAfgC6dXEAfgApAAAAAXEAfgFY</ptk:rtd>
                                                   <ptk:prefix/>
                                                   <ptk:postfix/>
                                                   <ptk:target>
                                                      <ptk:WtPageName location="Target:80:17">
                                                         <ptk:content>Sudanese pound</ptk:content>
                                                         <ptk:rtd null="true"/>
                                                      </ptk:WtPageName>
                                                   </ptk:target>
                                                   <ptk:title>
                                                      <ptk:WtLinkTitle-WtNoLinkTitle/>
                                                   </ptk:title>
                                                </ptk:WtInternalLink>
                                                <ptk:t location="Target:80:33"> (</ptk:t>
                                                <ptk:WtXmlElement>
                                                   <ptk:rtd>c3EAfgAjdXEAfgAnAAAAA3VxAH4AKQAAAAF0AAU8Y29kZXVxAH4AKQAAAAF0AAE+dXEAfgApAAAAAXQABzwvY29kZT4=</ptk:rtd>
                                                   <ptk:name>code</ptk:name>
                                                   <ptk:xmlAttributes>
                                                      <ptk:WtXmlAttributes-WtEmptyXmlAttributes/>
                                                   </ptk:xmlAttributes>
                                                   <ptk:body>
                                                      <ptk:l>
                                                         <ptk:WtInternalLink>
                                                            <ptk:rtd>c3EAfgAjdXEAfgAnAAAAA3VxAH4AKQAAAAFxAH4BVnEAfgC6dXEAfgApAAAAAXEAfgFY</ptk:rtd>
                                                            <ptk:prefix/>
                                                            <ptk:postfix/>
                                                            <ptk:target>
                                                               <ptk:WtPageName location="Target:80:43">
                                                                  <ptk:content>ISO 4217</ptk:content>
                                                                  <ptk:rtd null="true"/>
                                                               </ptk:WtPageName>
                                                            </ptk:target>
                                                            <ptk:title>
                                                               <ptk:l>
                                                                  <ptk:t location="Target:80:52">SDG</ptk:t>
                                                               </ptk:l>
                                                            </ptk:title>
                                                         </ptk:WtInternalLink>
                                                      </ptk:l>
                                                   </ptk:body>
                                                </ptk:WtXmlElement>
                                                <ptk:t location="Target:80:64">) </ptk:t>
                                             </ptk:l>
                                          </ptk:body>
                                       </ptk:WtXmlElement>
                                       <ptk:t>
        </ptk:t>
                                    </ptk:l>
                                 </ptk:body>
                              </ptk:WtXmlElement>
                              <ptk:WtXmlElement>
                                 <ptk:rtd>c3EAfgAjdXEAfgAnAAAAA3VxAH4AKQAAAAF0AAM8dHJ1cQB+ACkAAAABdAACID5xAH4Aug==</ptk:rtd>
                                 <ptk:name>tr</ptk:name>
                                 <ptk:xmlAttributes>
                                    <ptk:WtXmlAttributes-WtEmptyXmlAttributes/>
                                 </ptk:xmlAttributes>
                                 <ptk:body>
                                    <ptk:l>
                                       <ptk:t>
          </ptk:t>
                                       <ptk:WtXmlElement>
                                          <ptk:rtd>c3EAfgAjdXEAfgAnAAAAA3VxAH4AKQAAAAF0AAM8dGh1cQB+ACkAAAABdAABPnEAfgC6</ptk:rtd>
                                          <ptk:name>th</ptk:name>
                                          <ptk:xmlAttributes>
                                             <ptk:l location="Target:82:14">
                                                <ptk:WtXmlAttribute location="Target:82:14">
                                                   <ptk:rtd>c3EAfgAjdXEAfgAnAAAAAnVxAH4AKQAAAAF0AAogY29sc3Bhbj0idXEAfgApAAAAAXQAASI=</ptk:rtd>
                                                   <ptk:name>colspan</ptk:name>
                                                   <ptk:value>
                                                      <ptk:l location="Target:82:24">
                                                         <ptk:t location="Target:82:24">2</ptk:t>
                                                      </ptk:l>
                                                   </ptk:value>
                                                </ptk:WtXmlAttribute>
                                             </ptk:l>
                                          </ptk:xmlAttributes>
                                          <ptk:body>
                                             <ptk:l>
                                                <ptk:WtInternalLink>
                                                   <ptk:rtd>c3EAfgAjdXEAfgAnAAAAA3VxAH4AKQAAAAFxAH4BVnEAfgC6dXEAfgApAAAAAXEAfgFY</ptk:rtd>
                                                   <ptk:prefix/>
                                                   <ptk:postfix/>
                                                   <ptk:target>
                                                      <ptk:WtPageName location="Target:82:29">
                                                         <ptk:content>Time zone</ptk:content>
                                                         <ptk:rtd null="true"/>
                                                      </ptk:WtPageName>
                                                   </ptk:target>
                                                   <ptk:title>
                                                      <ptk:WtLinkTitle-WtNoLinkTitle/>
                                                   </ptk:title>
                                                </ptk:WtInternalLink>
                                             </ptk:l>
                                          </ptk:body>
                                       </ptk:WtXmlElement>
                                       <ptk:t>
          </ptk:t>
                                       <ptk:WtXmlElement>
                                          <ptk:rtd>c3EAfgAjdXEAfgAnAAAAA3VxAH4AKQAAAAF0AAM8dGR1cQB+ACkAAAABdAABPnEAfgC6</ptk:rtd>
                                          <ptk:name>td</ptk:name>
                                          <ptk:xmlAttributes>
                                             <ptk:WtXmlAttributes-WtEmptyXmlAttributes/>
                                          </ptk:xmlAttributes>
                                          <ptk:body>
                                             <ptk:l>
                                                <ptk:WtInternalLink>
                                                   <ptk:rtd>c3EAfgAjdXEAfgAnAAAAA3VxAH4AKQAAAAFxAH4BVnEAfgC6dXEAfgApAAAAAXEAfgFY</ptk:rtd>
                                                   <ptk:prefix/>
                                                   <ptk:postfix/>
                                                   <ptk:target>
                                                      <ptk:WtPageName location="Target:83:17">
                                                         <ptk:content>East Africa Time</ptk:content>
                                                         <ptk:rtd null="true"/>
                                                      </ptk:WtPageName>
                                                   </ptk:target>
                                                   <ptk:title>
                                                      <ptk:WtLinkTitle-WtNoLinkTitle/>
                                                   </ptk:title>
                                                </ptk:WtInternalLink>
                                                <ptk:t location="Target:83:35"> </ptk:t>
                                                <ptk:WtXmlElement>
                                                   <ptk:rtd>c3EAfgAjdXEAfgAnAAAAA3VxAH4AKQAAAAF0AAU8c3BhbnVxAH4AKQAAAAF0AAE+dXEAfgApAAAAAXQABzwvc3Bhbj4=</ptk:rtd>
                                                   <ptk:name>span</ptk:name>
                                                   <ptk:xmlAttributes>
                                                      <ptk:l location="Target:83:41">
                                                         <ptk:WtXmlAttribute location="Target:83:41">
                                                            <ptk:rtd>c3EAfgAjdXEAfgAnAAAAAnVxAH4AKQAAAAF0AAggY2xhc3M9InVxAH4AKQAAAAF0AAEi</ptk:rtd>
                                                            <ptk:name>class</ptk:name>
                                                            <ptk:value>
                                                               <ptk:l location="Target:83:49">
                                                                  <ptk:t location="Target:83:49">nowrap</ptk:t>
                                                               </ptk:l>
                                                            </ptk:value>
                                                         </ptk:WtXmlAttribute>
                                                      </ptk:l>
                                                   </ptk:xmlAttributes>
                                                   <ptk:body>
                                                      <ptk:l>
                                                         <ptk:t location="Target:83:57">(</ptk:t>
                                                         <ptk:WtInternalLink>
                                                            <ptk:rtd>c3EAfgAjdXEAfgAnAAAAA3VxAH4AKQAAAAFxAH4BVnEAfgC6dXEAfgApAAAAAXEAfgFY</ptk:rtd>
                                                            <ptk:prefix/>
                                                            <ptk:postfix/>
                                                            <ptk:target>
                                                               <ptk:WtPageName location="Target:83:60">
                                                                  <ptk:content>Coordinated Universal Time</ptk:content>
                                                                  <ptk:rtd null="true"/>
                                                               </ptk:WtPageName>
                                                            </ptk:target>
                                                            <ptk:title>
                                                               <ptk:l>
                                                                  <ptk:t location="Target:83:87">UTC</ptk:t>
                                                               </ptk:l>
                                                            </ptk:title>
                                                         </ptk:WtInternalLink>
                                                         <ptk:t location="Target:83:92">+3)</ptk:t>
                                                      </ptk:l>
                                                   </ptk:body>
                                                </ptk:WtXmlElement>
                                             </ptk:l>
                                          </ptk:body>
                                       </ptk:WtXmlElement>
                                       <ptk:t>
        </ptk:t>
                                    </ptk:l>
                                 </ptk:body>
                              </ptk:WtXmlElement>
                              <ptk:WtXmlElement>
                                 <ptk:rtd>c3EAfgAjdXEAfgAnAAAAA3VxAH4AKQAAAAF0AAM8dHJ1cQB+ACkAAAABdAABPnEAfgC6</ptk:rtd>
                                 <ptk:name>tr</ptk:name>
                                 <ptk:xmlAttributes>
                                    <ptk:WtXmlAttributes-WtEmptyXmlAttributes/>
                                 </ptk:xmlAttributes>
                                 <ptk:body>
                                    <ptk:l>
                                       <ptk:t>
          </ptk:t>
                                       <ptk:WtXmlElement>
                                          <ptk:rtd>c3EAfgAjdXEAfgAnAAAAA3VxAH4AKQAAAAF0AAM8dGh1cQB+ACkAAAABdAABPnEAfgC6</ptk:rtd>
                                          <ptk:name>th</ptk:name>
                                          <ptk:xmlAttributes>
                                             <ptk:l location="Target:85:14">
                                                <ptk:WtXmlAttribute location="Target:85:14">
                                                   <ptk:rtd>c3EAfgAjdXEAfgAnAAAAAnVxAH4AKQAAAAF0AAogY29sc3Bhbj0idXEAfgApAAAAAXQAASI=</ptk:rtd>
                                                   <ptk:name>colspan</ptk:name>
                                                   <ptk:value>
                                                      <ptk:l location="Target:85:24">
                                                         <ptk:t location="Target:85:24">2</ptk:t>
                                                      </ptk:l>
                                                   </ptk:value>
                                                </ptk:WtXmlAttribute>
                                             </ptk:l>
                                          </ptk:xmlAttributes>
                                          <ptk:body>
                                             <ptk:l>
                                                <ptk:WtInternalLink>
                                                   <ptk:rtd>c3EAfgAjdXEAfgAnAAAAA3VxAH4AKQAAAAFxAH4BVnEAfgC6dXEAfgApAAAAAXEAfgFY</ptk:rtd>
                                                   <ptk:prefix/>
                                                   <ptk:postfix/>
                                                   <ptk:target>
                                                      <ptk:WtPageName location="Target:85:29">
                                                         <ptk:content>List of country calling codes</ptk:content>
                                                         <ptk:rtd null="true"/>
                                                      </ptk:WtPageName>
                                                   </ptk:target>
                                                   <ptk:title>
                                                      <ptk:l>
                                                         <ptk:t location="Target:85:59">Calling code</ptk:t>
                                                      </ptk:l>
                                                   </ptk:title>
                                                </ptk:WtInternalLink>
                                             </ptk:l>
                                          </ptk:body>
                                       </ptk:WtXmlElement>
                                       <ptk:t>
          </ptk:t>
                                       <ptk:WtXmlElement>
                                          <ptk:rtd>c3EAfgAjdXEAfgAnAAAAA3VxAH4AKQAAAAF0AAM8dGR1cQB+ACkAAAABdAABPnEAfgC6</ptk:rtd>
                                          <ptk:name>td</ptk:name>
                                          <ptk:xmlAttributes>
                                             <ptk:WtXmlAttributes-WtEmptyXmlAttributes/>
                                          </ptk:xmlAttributes>
                                          <ptk:body>
                                             <ptk:l>
                                                <ptk:t location="Target:86:15">249</ptk:t>
                                             </ptk:l>
                                          </ptk:body>
                                       </ptk:WtXmlElement>
                                       <ptk:t>
        </ptk:t>
                                    </ptk:l>
                                 </ptk:body>
                              </ptk:WtXmlElement>
                           </ptk:l>
                        </ptk:body>
                     </ptk:WtTableImplicitTableBody>
                  </ptk:l>
               </ptk:body>
            </ptk:WtXmlElement>
            <ptk:t>

</ptk:t>
            <ptk:l>
               <ptk:t>
</ptk:t>
            </ptk:l>
            <ptk:WtImageLink>
               <ptk:rtd>c3EAfgAjdXEAfgAnAAAABHVxAH4AKQAAAAFxAH4BVnEAfgC6cQB+ALp1cQB+ACkAAAABcQB+AVg=</ptk:rtd>
               <ptk:width>200</ptk:width>
               <ptk:height>-1</ptk:height>
               <ptk:upright>false</ptk:upright>
               <ptk:hAlign>UNSPECIFIED</ptk:hAlign>
               <ptk:vAlign>MIDDLE</ptk:vAlign>
               <ptk:format>THUMBNAIL</ptk:format>
               <ptk:border>false</ptk:border>
               <ptk:link>c3EAfgFZcQB+AV9xAH4BYg==</ptk:link>
               <ptk:alt>
                  <ptk:WtLinkOptionAltText-WtNoLinkOptionAltText/>
               </ptk:alt>
               <ptk:target>
                  <ptk:WtPageName location="Target:90:3">
                     <ptk:content>ملف:Flag of the SPLAM.svg</ptk:content>
                     <ptk:rtd null="true"/>
                  </ptk:WtPageName>
               </ptk:target>
               <ptk:options>
                  <ptk:l location="Target:90:28">
                     <ptk:WtLinkOptionResize location="Target:90:29">
                        <ptk:rtd>c3EAfgAjdXEAfgAnAAAAAXVxAH4AKQAAAAF0AAd8MjAwIHB4</ptk:rtd>
                        <ptk:width>200</ptk:width>
                        <ptk:height>-1</ptk:height>
                     </ptk:WtLinkOptionResize>
                     <ptk:WtLinkOptionKeyword location="Target:90:36">
                        <ptk:rtd>c3EAfgAjdXEAfgAnAAAAAXVxAH4AKQAAAAF0AAZ8dGh1bWI=</ptk:rtd>
                        <ptk:keyword>thumb</ptk:keyword>
                     </ptk:WtLinkOptionKeyword>
                  </ptk:l>
               </ptk:options>
               <ptk:title>
                  <ptk:l>
                     <ptk:t location="Target:90:42">علم جنوب السودان</ptk:t>
                  </ptk:l>
               </ptk:title>
            </ptk:WtImageLink>
            <ptk:t>

</ptk:t>
            <ptk:l>
               <ptk:l>
                  <ptk:t location="Target:92:4">جنوب السودان</ptk:t>
               </ptk:l>
               <ptk:t location="Target:92:19"> هيا </ptk:t>
               <ptk:WtInternalLink>
                  <ptk:rtd>c3EAfgAjdXEAfgAnAAAAA3VxAH4AKQAAAAFxAH4BVnEAfgC6dXEAfgApAAAAAXEAfgFY</ptk:rtd>
                  <ptk:prefix/>
                  <ptk:postfix/>
                  <ptk:target>
                     <ptk:WtPageName location="Target:92:26">
                        <ptk:content>دولة مستقلة</ptk:content>
                        <ptk:rtd null="true"/>
                     </ptk:WtPageName>
                  </ptk:target>
                  <ptk:title>
                     <ptk:WtLinkTitle-WtNoLinkTitle/>
                  </ptk:title>
               </ptk:WtInternalLink>
               <ptk:t location="Target:92:39"> من ساعة اول دقيقة من 9 يوليو سنة 2011، إسمها الرسمى جمهورية جنوب السودان</ptk:t>
               <ptk:WtTagExtension location="Target:75:113">
                  <ptk:a name="__SKIP__">
                     <ptk:Boolean>false</ptk:Boolean>
                  </ptk:a>
                  <ptk:rtd>c3EAfgAjdXEAfgAnAAAAA3VxAH4AKQAAAAF0AAQ8cmVmdXEAfgApAAAAAXQAAT51cQB+ACkAAAABdAAGPC9yZWY+</ptk:rtd>
                  <ptk:name>ref</ptk:name>
                  <ptk:xmlAttributes>
                     <ptk:WtXmlAttributes-WtEmptyXmlAttributes/>
                  </ptk:xmlAttributes>
                  <ptk:body>
                     <ptk:WtTagExtensionBody-WtTagExtensionBodyImpl>
                        <ptk:content>[http://www.forbes.com/feeds/ap/2011/07/08/general-af-south-sudan-independence_8556235.html South Sudan becomes world's newest nation - Forbes.com]</ptk:content>
                        <ptk:rtd null="true"/>
                     </ptk:WtTagExtensionBody-WtTagExtensionBodyImpl>
                  </ptk:body>
               </ptk:WtTagExtension>
               <ptk:t location="Target:92:115"> مساحتها ‏619‏ ألف كيلومتر مربع و عاصمتها </ptk:t>
               <ptk:WtInternalLink>
                  <ptk:rtd>c3EAfgAjdXEAfgAnAAAAA3VxAH4AKQAAAAFxAH4BVnEAfgC6dXEAfgApAAAAAXEAfgFY</ptk:rtd>
                  <ptk:prefix/>
                  <ptk:postfix/>
                  <ptk:target>
                     <ptk:WtPageName location="Target:92:159">
                        <ptk:content>جوبا</ptk:content>
                        <ptk:rtd null="true"/>
                     </ptk:WtPageName>
                  </ptk:target>
                  <ptk:title>
                     <ptk:WtLinkTitle-WtNoLinkTitle/>
                  </ptk:title>
               </ptk:WtInternalLink>
               <ptk:t location="Target:92:165"> و كانت قبل كده  منطقة فى </ptk:t>
               <ptk:WtInternalLink>
                  <ptk:rtd>c3EAfgAjdXEAfgAnAAAAA3VxAH4AKQAAAAFxAH4BVnEAfgC6dXEAfgApAAAAAXEAfgFY</ptk:rtd>
                  <ptk:prefix/>
                  <ptk:postfix/>
                  <ptk:target>
                     <ptk:WtPageName location="Target:92:193">
                        <ptk:content>السودان</ptk:content>
                        <ptk:rtd null="true"/>
                     </ptk:WtPageName>
                  </ptk:target>
                  <ptk:title>
                     <ptk:WtLinkTitle-WtNoLinkTitle/>
                  </ptk:title>
               </ptk:WtInternalLink>
               <ptk:t location="Target:92:202"> ، و بقت جنوب السودان </ptk:t>
               <ptk:WtInternalLink>
                  <ptk:rtd>c3EAfgAjdXEAfgAnAAAAA3VxAH4AKQAAAAFxAH4BVnEAfgC6dXEAfgApAAAAAXEAfgFY</ptk:rtd>
                  <ptk:prefix/>
                  <ptk:postfix/>
                  <ptk:target>
                     <ptk:WtPageName location="Target:92:226">
                        <ptk:content>دولة مستقلة</ptk:content>
                        <ptk:rtd null="true"/>
                     </ptk:WtPageName>
                  </ptk:target>
                  <ptk:title>
                     <ptk:WtLinkTitle-WtNoLinkTitle/>
                  </ptk:title>
               </ptk:WtInternalLink>
               <ptk:t location="Target:92:239"> يوم 9 يوليه  2011. و بقت دولة عضو فى </ptk:t>
               <ptk:WtInternalLink>
                  <ptk:rtd>c3EAfgAjdXEAfgAnAAAAA3VxAH4AKQAAAAFxAH4BVnEAfgC6dXEAfgApAAAAAXEAfgFY</ptk:rtd>
                  <ptk:prefix/>
                  <ptk:postfix/>
                  <ptk:target>
                     <ptk:WtPageName location="Target:92:279">
                        <ptk:content>الأمم المتحده</ptk:content>
                        <ptk:rtd null="true"/>
                     </ptk:WtPageName>
                  </ptk:target>
                  <ptk:title>
                     <ptk:l>
                        <ptk:t location="Target:92:293">الأمم المتحدة</ptk:t>
                     </ptk:l>
                  </ptk:title>
               </ptk:WtInternalLink>
               <ptk:t location="Target:92:308"> يوم 14 يوليه  2011.</ptk:t>
            </ptk:l>
            <ptk:t>

</ptk:t>
            <ptk:l>
               <ptk:t location="Target:94:1">جنوب السودان بتضم عشر ولايات. الحكومة السودانية وافقت انها تدّي الحكم الذاتي للمنطقة فى اتفاق السلام الشامل اللي اتعمل يوم 9 يناير 2005 فى نيفاشا ، </ptk:t>
               <ptk:WtInternalLink>
                  <ptk:rtd>c3EAfgAjdXEAfgAnAAAAA3VxAH4AKQAAAAFxAH4BVnEAfgC6dXEAfgApAAAAAXEAfgFY</ptk:rtd>
                  <ptk:prefix/>
                  <ptk:postfix/>
                  <ptk:target>
                     <ptk:WtPageName location="Target:94:151">
                        <ptk:content>كينيا</ptk:content>
                        <ptk:rtd null="true"/>
                     </ptk:WtPageName>
                  </ptk:target>
                  <ptk:title>
                     <ptk:WtLinkTitle-WtNoLinkTitle/>
                  </ptk:title>
               </ptk:WtInternalLink>
               <ptk:t location="Target:94:158"> ، مع الجيش الشعبي لتحرير السودان ، مؤقتا عشان يحطوا حد للحرب الاهلية السودانيه التانيه 1983 -- 2005. و عملو استفتا فى شهر يناير  2011 اذا كان جنوب السودان هتفضل ف السودان وللا هتبقى دولة مستقلة و كانت نتيجته إن أغلبية سكان جنوب السودان طلبو إنفصال  جنوب السودان من السودان. حدود جنوب السودان م الجنوب شرق </ptk:t>
               <ptk:WtInternalLink>
                  <ptk:rtd>c3EAfgAjdXEAfgAnAAAAA3VxAH4AKQAAAAFxAH4BVnEAfgC6dXEAfgApAAAAAXEAfgFY</ptk:rtd>
                  <ptk:prefix/>
                  <ptk:postfix/>
                  <ptk:target>
                     <ptk:WtPageName location="Target:94:466">
                        <ptk:content>اثيوبيا</ptk:content>
                        <ptk:rtd null="true"/>
                     </ptk:WtPageName>
                  </ptk:target>
                  <ptk:title>
                     <ptk:WtLinkTitle-WtNoLinkTitle/>
                  </ptk:title>
               </ptk:WtInternalLink>
               <ptk:t location="Target:94:475"> و </ptk:t>
               <ptk:WtInternalLink>
                  <ptk:rtd>c3EAfgAjdXEAfgAnAAAAA3VxAH4AKQAAAAFxAH4BVnEAfgC6dXEAfgApAAAAAXEAfgFY</ptk:rtd>
                  <ptk:prefix/>
                  <ptk:postfix/>
                  <ptk:target>
                     <ptk:WtPageName location="Target:94:480">
                        <ptk:content>كينيا</ptk:content>
                        <ptk:rtd null="true"/>
                     </ptk:WtPageName>
                  </ptk:target>
                  <ptk:title>
                     <ptk:WtLinkTitle-WtNoLinkTitle/>
                  </ptk:title>
               </ptk:WtInternalLink>
               <ptk:t location="Target:94:487"> و </ptk:t>
               <ptk:WtInternalLink>
                  <ptk:rtd>c3EAfgAjdXEAfgAnAAAAA3VxAH4AKQAAAAFxAH4BVnEAfgC6dXEAfgApAAAAAXEAfgFY</ptk:rtd>
                  <ptk:prefix/>
                  <ptk:postfix/>
                  <ptk:target>
                     <ptk:WtPageName location="Target:94:492">
                        <ptk:content>اوجندا</ptk:content>
                        <ptk:rtd null="true"/>
                     </ptk:WtPageName>
                  </ptk:target>
                  <ptk:title>
                     <ptk:WtLinkTitle-WtNoLinkTitle/>
                  </ptk:title>
               </ptk:WtInternalLink>
               <ptk:t location="Target:94:500"> و </ptk:t>
               <ptk:WtInternalLink>
                  <ptk:rtd>c3EAfgAjdXEAfgAnAAAAA3VxAH4AKQAAAAFxAH4BVnEAfgC6dXEAfgApAAAAAXEAfgFY</ptk:rtd>
                  <ptk:prefix/>
                  <ptk:postfix/>
                  <ptk:target>
                     <ptk:WtPageName location="Target:94:505">
                        <ptk:content>جمهورية كونجو الديموقراطيه</ptk:content>
                        <ptk:rtd null="true"/>
                     </ptk:WtPageName>
                  </ptk:target>
                  <ptk:title>
                     <ptk:l>
                        <ptk:t location="Target:94:532">جمهورية الكونجو الديمقراطيه</ptk:t>
                     </ptk:l>
                  </ptk:title>
               </ptk:WtInternalLink>
               <ptk:t location="Target:94:561">، وجمهورية </ptk:t>
               <ptk:WtInternalLink>
                  <ptk:rtd>c3EAfgAjdXEAfgAnAAAAA3VxAH4AKQAAAAFxAH4BVnEAfgC6dXEAfgApAAAAAXEAfgFY</ptk:rtd>
                  <ptk:prefix/>
                  <ptk:postfix/>
                  <ptk:target>
                     <ptk:WtPageName location="Target:94:574">
                        <ptk:content>افريقيا الوسطى</ptk:content>
                        <ptk:rtd null="true"/>
                     </ptk:WtPageName>
                  </ptk:target>
                  <ptk:title>
                     <ptk:WtLinkTitle-WtNoLinkTitle/>
                  </ptk:title>
               </ptk:WtInternalLink>
               <ptk:t location="Target:94:590"> من الغرب. و من الشَمَال حدودها مع </ptk:t>
               <ptk:WtInternalLink>
                  <ptk:rtd>c3EAfgAjdXEAfgAnAAAAA3VxAH4AKQAAAAFxAH4BVnEAfgC6dXEAfgApAAAAAXEAfgFY</ptk:rtd>
                  <ptk:prefix/>
                  <ptk:postfix/>
                  <ptk:target>
                     <ptk:WtPageName location="Target:94:627">
                        <ptk:content>السودان</ptk:content>
                        <ptk:rtd null="true"/>
                     </ptk:WtPageName>
                  </ptk:target>
                  <ptk:title>
                     <ptk:WtLinkTitle-WtNoLinkTitle/>
                  </ptk:title>
               </ptk:WtInternalLink>
               <ptk:t location="Target:94:636"> اللى كانت قبل كده  المنطقة العربية و الاسلامية اللي بتخضع لسيطره الحكومة المركزية.</ptk:t>
            </ptk:l>
            <ptk:t>

</ptk:t>
            <ptk:l>
               <ptk:t location="Target:96:1">جنوب السودان عاصمتها هيّ </ptk:t>
               <ptk:WtInternalLink>
                  <ptk:rtd>c3EAfgAjdXEAfgAnAAAAA3VxAH4AKQAAAAFxAH4BVnEAfgC6dXEAfgApAAAAAXEAfgFY</ptk:rtd>
                  <ptk:prefix/>
                  <ptk:postfix/>
                  <ptk:target>
                     <ptk:WtPageName location="Target:96:28">
                        <ptk:content>جوبا</ptk:content>
                        <ptk:rtd null="true"/>
                     </ptk:WtPageName>
                  </ptk:target>
                  <ptk:title>
                     <ptk:WtLinkTitle-WtNoLinkTitle/>
                  </ptk:title>
               </ptk:WtInternalLink>
               <ptk:t location="Target:96:34"> اللي فيها كل مكاتبها الادارية وفيها اكبر عدد من السكان. جنوب السودان فيها منطقة  مستنقعات واسعه إسمها  </ptk:t>
               <ptk:WtInternalLink>
                  <ptk:rtd>c3EAfgAjdXEAfgAnAAAAA3VxAH4AKQAAAAFxAH4BVnEAfgC6dXEAfgApAAAAAXEAfgFY</ptk:rtd>
                  <ptk:prefix/>
                  <ptk:postfix/>
                  <ptk:target>
                     <ptk:WtPageName location="Target:96:140">
                        <ptk:content>السدود</ptk:content>
                        <ptk:rtd null="true"/>
                     </ptk:WtPageName>
                  </ptk:target>
                  <ptk:title>
                     <ptk:WtLinkTitle-WtNoLinkTitle/>
                  </ptk:title>
               </ptk:WtInternalLink>
               <ptk:t location="Target:96:148"> اللى  بيشكلها </ptk:t>
               <ptk:WtInternalLink>
                  <ptk:rtd>c3EAfgAjdXEAfgAnAAAAA3VxAH4AKQAAAAFxAH4BVnEAfgC6dXEAfgApAAAAAXEAfgFY</ptk:rtd>
                  <ptk:prefix/>
                  <ptk:postfix/>
                  <ptk:target>
                     <ptk:WtPageName location="Target:96:165">
                        <ptk:content>النيل الأبيض</ptk:content>
                        <ptk:rtd null="true"/>
                     </ptk:WtPageName>
                  </ptk:target>
                  <ptk:title>
                     <ptk:WtLinkTitle-WtNoLinkTitle/>
                  </ptk:title>
               </ptk:WtInternalLink>
               <ptk:t location="Target:96:179"> ، و إسمها </ptk:t>
               <ptk:WtInternalLink>
                  <ptk:rtd>c3EAfgAjdXEAfgAnAAAAA3VxAH4AKQAAAAFxAH4BVnEAfgC6dXEAfgApAAAAAXEAfgFY</ptk:rtd>
                  <ptk:prefix/>
                  <ptk:postfix/>
                  <ptk:target>
                     <ptk:WtPageName location="Target:96:192">
                        <ptk:content>بحر الجبل</ptk:content>
                        <ptk:rtd null="true"/>
                     </ptk:WtPageName>
                  </ptk:target>
                  <ptk:title>
                     <ptk:WtLinkTitle-WtNoLinkTitle/>
                  </ptk:title>
               </ptk:WtInternalLink>
               <ptk:t location="Target:96:203">.</ptk:t>
            </ptk:l>
            <ptk:t>

</ptk:t>
            <ptk:l>
               <ptk:t location="Target:98:1">الحرب الاهلية السودانيه كانت 'أطول حرب أهلية فى تاريخ أفريقيا. </ptk:t>
               <ptk:WtTagExtension location="Target:81:65">
                  <ptk:a name="__SKIP__">
                     <ptk:Boolean>false</ptk:Boolean>
                  </ptk:a>
                  <ptk:rtd>c3EAfgAjdXEAfgAnAAAAA3VxAH4AKQAAAAF0AAQ8cmVmdXEAfgApAAAAAXQAAT51cQB+ACkAAAABdAAGPC9yZWY+</ptk:rtd>
                  <ptk:name>ref</ptk:name>
                  <ptk:xmlAttributes>
                     <ptk:WtXmlAttributes-WtEmptyXmlAttributes/>
                  </ptk:xmlAttributes>
                  <ptk:body>
                     <ptk:WtTagExtensionBody-WtTagExtensionBodyImpl>
                        <ptk:content>{{Cite news|title=South Sudan gets new government|url=http://news.bbc.co.uk/2/hi/africa/4370100.stm|publisher=BBC News, United Kingdom|first=Jonah|last=Fisher|date=October 23, 2005|accessdate=2008-12-07}}</ptk:content>
                        <ptk:rtd null="true"/>
                     </ptk:WtTagExtensionBody-WtTagExtensionBodyImpl>
                  </ptk:body>
               </ptk:WtTagExtension>
               <ptk:WtTagExtension location="Target:81:280">
                  <ptk:a name="__SKIP__">
                     <ptk:Boolean>false</ptk:Boolean>
                  </ptk:a>
                  <ptk:rtd>c3EAfgAjdXEAfgAnAAAAA3VxAH4AKQAAAAF0AAQ8cmVmdXEAfgApAAAAAXQAAT51cQB+ACkAAAABdAAGPC9yZWY+</ptk:rtd>
                  <ptk:name>ref</ptk:name>
                  <ptk:xmlAttributes>
                     <ptk:WtXmlAttributes-WtEmptyXmlAttributes/>
                  </ptk:xmlAttributes>
                  <ptk:body>
                     <ptk:WtTagExtensionBody-WtTagExtensionBodyImpl>
                        <ptk:content>{{Cite news|title=Southern Sudan fragile peace|url=http://lite.alertnet.org/db/crisisprofiles/SD_PEA.htm?v=timeline|publisher=Thomson Reuters Foundation|first=Reuters|last=News|date=May 27, 2008|accessdate=2008-12-07}}</ptk:content>
                        <ptk:rtd null="true"/>
                     </ptk:WtTagExtensionBody-WtTagExtensionBodyImpl>
                  </ptk:body>
               </ptk:WtTagExtension>
               <ptk:t>
</ptk:t>
            </ptk:l>
            <ptk:WtImageLink>
               <ptk:rtd>c3EAfgAjdXEAfgAnAAAABHVxAH4AKQAAAAFxAH4BVnEAfgC6cQB+ALp1cQB+ACkAAAABcQB+AVg=</ptk:rtd>
               <ptk:width>-1</ptk:width>
               <ptk:height>-1</ptk:height>
               <ptk:upright>false</ptk:upright>
               <ptk:hAlign>LEFT</ptk:hAlign>
               <ptk:vAlign>MIDDLE</ptk:vAlign>
               <ptk:format>THUMBNAIL</ptk:format>
               <ptk:border>false</ptk:border>
               <ptk:link>c3EAfgFZcQB+AV9xAH4BYg==</ptk:link>
               <ptk:alt>
                  <ptk:WtLinkOptionAltText-WtNoLinkOptionAltText/>
               </ptk:alt>
               <ptk:target>
                  <ptk:WtPageName location="Target:99:3">
                     <ptk:content>Image:Political Regions of Sudan, July 2006.svg</ptk:content>
                     <ptk:rtd null="true"/>
                  </ptk:WtPageName>
               </ptk:target>
               <ptk:options>
                  <ptk:l location="Target:99:50">
                     <ptk:WtLinkOptionKeyword location="Target:99:51">
                        <ptk:rtd>c3EAfgAjdXEAfgAnAAAAAXVxAH4AKQAAAAF0AAZ8dGh1bWI=</ptk:rtd>
                        <ptk:keyword>thumb</ptk:keyword>
                     </ptk:WtLinkOptionKeyword>
                     <ptk:WtLinkOptionKeyword location="Target:99:57">
                        <ptk:rtd>c3EAfgAjdXEAfgAnAAAAAXVxAH4AKQAAAAF0AAV8bGVmdA==</ptk:rtd>
                        <ptk:keyword>left</ptk:keyword>
                     </ptk:WtLinkOptionKeyword>
                  </ptk:l>
               </ptk:options>
               <ptk:title>
                  <ptk:l>
                     <ptk:t>
</ptk:t>
                     <ptk:WtXmlElement>
                        <ptk:rtd>c3EAfgAjdXEAfgAnAAAAA3VxAH4AKQAAAAF0AAU8c3BhbnVxAH4AKQAAAAF0AAE+dXEAfgApAAAAAXQABzwvc3Bhbj4=</ptk:rtd>
                        <ptk:name>span</ptk:name>
                        <ptk:xmlAttributes>
                           <ptk:l location="Target:100:6">
                              <ptk:WtXmlAttribute location="Target:100:6">
                                 <ptk:rtd>c3EAfgAjdXEAfgAnAAAAAnVxAH4AKQAAAAF0AAggc3R5bGU9InVxAH4AKQAAAAF0AAEi</ptk:rtd>
                                 <ptk:name>style</ptk:name>
                                 <ptk:value>
                                    <ptk:l location="Target:100:14">
                                       <ptk:t location="Target:100:14">margin:0px; font-size:90%; display:block;</ptk:t>
                                    </ptk:l>
                                 </ptk:value>
                              </ptk:WtXmlAttribute>
                           </ptk:l>
                        </ptk:xmlAttributes>
                        <ptk:body>
                           <ptk:l>
                              <ptk:WtXmlElement>
                                 <ptk:rtd>c3EAfgAjdXEAfgAnAAAAA3VxAH4AKQAAAAF0AAU8c3BhbnVxAH4AKQAAAAF0AAE+dXEAfgApAAAAAXQABzwvc3Bhbj4=</ptk:rtd>
                                 <ptk:name>span</ptk:name>
                                 <ptk:xmlAttributes>
                                    <ptk:l location="Target:100:62">
                                       <ptk:WtXmlAttribute location="Target:100:62">
                                          <ptk:rtd>c3EAfgAjdXEAfgAnAAAAAnVxAH4AKQAAAAF0AAggc3R5bGU9InVxAH4AKQAAAAF0AAEi</ptk:rtd>
                                          <ptk:name>style</ptk:name>
                                          <ptk:value>
                                             <ptk:l location="Target:100:70">
                                                <ptk:t location="Target:100:70">border:none; background-color:#f7931d; color:#f7931d;</ptk:t>
                                             </ptk:l>
                                          </ptk:value>
                                       </ptk:WtXmlAttribute>
                                    </ptk:l>
                                 </ptk:xmlAttributes>
                                 <ptk:body>
                                    <ptk:l>
                                       <ptk:t location="Target:100:125">██</ptk:t>
                                    </ptk:l>
                                 </ptk:body>
                              </ptk:WtXmlElement>
                              <ptk:WtXmlEntityRef location="Target:100:135">
                                 <ptk:rtd>c3EAfgAjdXEAfgAnAAAAAXVxAH4AKQAAAAF0AAYmbmJzcDs=</ptk:rtd>
                                 <ptk:name>nbsp</ptk:name>
                                 <ptk:resolved> </ptk:resolved>
                              </ptk:WtXmlEntityRef>
                              <ptk:t location="Target:100:140">شمال السودان</ptk:t>
                           </ptk:l>
                        </ptk:body>
                     </ptk:WtXmlElement>
                     <ptk:t>
</ptk:t>
                     <ptk:WtXmlElement>
                        <ptk:rtd>c3EAfgAjdXEAfgAnAAAAA3VxAH4AKQAAAAF0AAU8c3BhbnVxAH4AKQAAAAF0AAE+dXEAfgApAAAAAXQABzwvc3Bhbj4=</ptk:rtd>
                        <ptk:name>span</ptk:name>
                        <ptk:xmlAttributes>
                           <ptk:l location="Target:101:6">
                              <ptk:WtXmlAttribute location="Target:101:6">
                                 <ptk:rtd>c3EAfgAjdXEAfgAnAAAAAnVxAH4AKQAAAAF0AAggc3R5bGU9InVxAH4AKQAAAAF0AAEi</ptk:rtd>
                                 <ptk:name>style</ptk:name>
                                 <ptk:value>
                                    <ptk:l location="Target:101:14">
                                       <ptk:t location="Target:101:14">margin:0px; font-size:90%; display:block;</ptk:t>
                                    </ptk:l>
                                 </ptk:value>
                              </ptk:WtXmlAttribute>
                           </ptk:l>
                        </ptk:xmlAttributes>
                        <ptk:body>
                           <ptk:l>
                              <ptk:WtXmlElement>
                                 <ptk:rtd>c3EAfgAjdXEAfgAnAAAAA3VxAH4AKQAAAAF0AAU8c3BhbnVxAH4AKQAAAAF0AAE+dXEAfgApAAAAAXQABzwvc3Bhbj4=</ptk:rtd>
                                 <ptk:name>span</ptk:name>
                                 <ptk:xmlAttributes>
                                    <ptk:l location="Target:101:62">
                                       <ptk:WtXmlAttribute location="Target:101:62">
                                          <ptk:rtd>c3EAfgAjdXEAfgAnAAAAAnVxAH4AKQAAAAF0AAggc3R5bGU9InVxAH4AKQAAAAF0AAEi</ptk:rtd>
                                          <ptk:name>style</ptk:name>
                                          <ptk:value>
                                             <ptk:l location="Target:101:70">
                                                <ptk:t location="Target:101:70">border:none; background-color:#8cc63f; color:#8cc63f;</ptk:t>
                                             </ptk:l>
                                          </ptk:value>
                                       </ptk:WtXmlAttribute>
                                    </ptk:l>
                                 </ptk:xmlAttributes>
                                 <ptk:body>
                                    <ptk:l>
                                       <ptk:t location="Target:101:125">██</ptk:t>
                                    </ptk:l>
                                 </ptk:body>
                              </ptk:WtXmlElement>
                              <ptk:WtXmlEntityRef location="Target:101:135">
                                 <ptk:rtd>c3EAfgAjdXEAfgAnAAAAAXVxAH4AKQAAAAF0AAYmbmJzcDs=</ptk:rtd>
                                 <ptk:name>nbsp</ptk:name>
                                 <ptk:resolved> </ptk:resolved>
                              </ptk:WtXmlEntityRef>
                              <ptk:t location="Target:101:140">دارفور</ptk:t>
                           </ptk:l>
                        </ptk:body>
                     </ptk:WtXmlElement>
                     <ptk:t>
</ptk:t>
                     <ptk:WtXmlElement>
                        <ptk:rtd>c3EAfgAjdXEAfgAnAAAAA3VxAH4AKQAAAAF0AAU8c3BhbnVxAH4AKQAAAAF0AAE+dXEAfgApAAAAAXQABzwvc3Bhbj4=</ptk:rtd>
                        <ptk:name>span</ptk:name>
                        <ptk:xmlAttributes>
                           <ptk:l location="Target:102:6">
                              <ptk:WtXmlAttribute location="Target:102:6">
                                 <ptk:rtd>c3EAfgAjdXEAfgAnAAAAAnVxAH4AKQAAAAF0AAggc3R5bGU9InVxAH4AKQAAAAF0AAEi</ptk:rtd>
                                 <ptk:name>style</ptk:name>
                                 <ptk:value>
                                    <ptk:l location="Target:102:14">
                                       <ptk:t location="Target:102:14">margin:0px; font-size:90%; display:block;</ptk:t>
                                    </ptk:l>
                                 </ptk:value>
                              </ptk:WtXmlAttribute>
                           </ptk:l>
                        </ptk:xmlAttributes>
                        <ptk:body>
                           <ptk:l>
                              <ptk:WtXmlElement>
                                 <ptk:rtd>c3EAfgAjdXEAfgAnAAAAA3VxAH4AKQAAAAF0AAU8c3BhbnVxAH4AKQAAAAF0AAE+dXEAfgApAAAAAXQABzwvc3Bhbj4=</ptk:rtd>
                                 <ptk:name>span</ptk:name>
                                 <ptk:xmlAttributes>
                                    <ptk:l location="Target:102:62">
                                       <ptk:WtXmlAttribute location="Target:102:62">
                                          <ptk:rtd>c3EAfgAjdXEAfgAnAAAAAnVxAH4AKQAAAAF0AAggc3R5bGU9InVxAH4AKQAAAAF0AAEi</ptk:rtd>
                                          <ptk:name>style</ptk:name>
                                          <ptk:value>
                                             <ptk:l location="Target:102:70">
                                                <ptk:t location="Target:102:70">border:none; background-color:#800080; color:#800080;</ptk:t>
                                             </ptk:l>
                                          </ptk:value>
                                       </ptk:WtXmlAttribute>
                                    </ptk:l>
                                 </ptk:xmlAttributes>
                                 <ptk:body>
                                    <ptk:l>
                                       <ptk:t location="Target:102:125">██</ptk:t>
                                    </ptk:l>
                                 </ptk:body>
                              </ptk:WtXmlElement>
                              <ptk:WtXmlEntityRef location="Target:102:135">
                                 <ptk:rtd>c3EAfgAjdXEAfgAnAAAAAXVxAH4AKQAAAAF0AAYmbmJzcDs=</ptk:rtd>
                                 <ptk:name>nbsp</ptk:name>
                                 <ptk:resolved> </ptk:resolved>
                              </ptk:WtXmlEntityRef>
                              <ptk:WtInternalLink>
                                 <ptk:rtd>c3EAfgAjdXEAfgAnAAAAA3VxAH4AKQAAAAFxAH4BVnEAfgC6dXEAfgApAAAAAXEAfgFY</ptk:rtd>
                                 <ptk:prefix/>
                                 <ptk:postfix/>
                                 <ptk:target>
                                    <ptk:WtPageName location="Target:102:142">
                                       <ptk:content>الجبهة الشرقية(السودان), منطقة حروب يوليو 2006</ptk:content>
                                       <ptk:rtd null="true"/>
                                    </ptk:WtPageName>
                                 </ptk:target>
                                 <ptk:title>
                                    <ptk:WtLinkTitle-WtNoLinkTitle/>
                                 </ptk:title>
                              </ptk:WtInternalLink>
                           </ptk:l>
                        </ptk:body>
                     </ptk:WtXmlElement>
                     <ptk:t>
</ptk:t>
                     <ptk:WtXmlElement>
                        <ptk:rtd>c3EAfgAjdXEAfgAnAAAAA3VxAH4AKQAAAAF0AAU8c3BhbnVxAH4AKQAAAAF0AAE+dXEAfgApAAAAAXQABzwvc3Bhbj4=</ptk:rtd>
                        <ptk:name>span</ptk:name>
                        <ptk:xmlAttributes>
                           <ptk:l location="Target:103:6">
                              <ptk:WtXmlAttribute location="Target:103:6">
                                 <ptk:rtd>c3EAfgAjdXEAfgAnAAAAAnVxAH4AKQAAAAF0AAggc3R5bGU9InVxAH4AKQAAAAF0AAEi</ptk:rtd>
                                 <ptk:name>style</ptk:name>
                                 <ptk:value>
                                    <ptk:l location="Target:103:14">
                                       <ptk:t location="Target:103:14">margin:0px; font-size:90%; display:block;</ptk:t>
                                    </ptk:l>
                                 </ptk:value>
                              </ptk:WtXmlAttribute>
                           </ptk:l>
                        </ptk:xmlAttributes>
                        <ptk:body>
                           <ptk:l>
                              <ptk:WtXmlElement>
                                 <ptk:rtd>c3EAfgAjdXEAfgAnAAAAA3VxAH4AKQAAAAF0AAU8c3BhbnVxAH4AKQAAAAF0AAE+dXEAfgApAAAAAXQABzwvc3Bhbj4=</ptk:rtd>
                                 <ptk:name>span</ptk:name>
                                 <ptk:xmlAttributes>
                                    <ptk:l location="Target:103:62">
                                       <ptk:WtXmlAttribute location="Target:103:62">
                                          <ptk:rtd>c3EAfgAjdXEAfgAnAAAAAnVxAH4AKQAAAAF0AAggc3R5bGU9InVxAH4AKQAAAAF0AAEi</ptk:rtd>
                                          <ptk:name>style</ptk:name>
                                          <ptk:value>
                                             <ptk:l location="Target:103:70">
                                                <ptk:t location="Target:103:70">border:none; background-color:#00adef; color:#00adef;</ptk:t>
                                             </ptk:l>
                                          </ptk:value>
                                       </ptk:WtXmlAttribute>
                                    </ptk:l>
                                 </ptk:xmlAttributes>
                                 <ptk:body>
                                    <ptk:l>
                                       <ptk:t location="Target:103:125">██</ptk:t>
                                    </ptk:l>
                                 </ptk:body>
                              </ptk:WtXmlElement>
                              <ptk:WtXmlEntityRef location="Target:103:135">
                                 <ptk:rtd>c3EAfgAjdXEAfgAnAAAAAXVxAH4AKQAAAAF0AAYmbmJzcDs=</ptk:rtd>
                                 <ptk:name>nbsp</ptk:name>
                                 <ptk:resolved> </ptk:resolved>
                              </ptk:WtXmlEntityRef>
                              <ptk:t location="Target:103:140">جنوب السودان</ptk:t>
                           </ptk:l>
                        </ptk:body>
                     </ptk:WtXmlElement>
                     <ptk:t>
</ptk:t>
                     <ptk:WtXmlElement>
                        <ptk:rtd>c3EAfgAjdXEAfgAnAAAAA3VxAH4AKQAAAAF0AAU8c3BhbnVxAH4AKQAAAAF0AAE+dXEAfgApAAAAAXQABzwvc3Bhbj4=</ptk:rtd>
                        <ptk:name>span</ptk:name>
                        <ptk:xmlAttributes>
                           <ptk:l location="Target:104:6">
                              <ptk:WtXmlAttribute location="Target:104:6">
                                 <ptk:rtd>c3EAfgAjdXEAfgAnAAAAAnVxAH4AKQAAAAF0AAggc3R5bGU9InVxAH4AKQAAAAF0AAEi</ptk:rtd>
                                 <ptk:name>style</ptk:name>
                                 <ptk:value>
                                    <ptk:l location="Target:104:14">
                                       <ptk:t location="Target:104:14">margin:0px; font-size:90%; display:block;</ptk:t>
                                    </ptk:l>
                                 </ptk:value>
                              </ptk:WtXmlAttribute>
                           </ptk:l>
                        </ptk:xmlAttributes>
                        <ptk:body>
                           <ptk:l>
                              <ptk:WtXmlElement>
                                 <ptk:rtd>c3EAfgAjdXEAfgAnAAAAA3VxAH4AKQAAAAF0AAU8c3BhbnVxAH4AKQAAAAF0AAE+dXEAfgApAAAAAXQABzwvc3Bhbj4=</ptk:rtd>
                                 <ptk:name>span</ptk:name>
                                 <ptk:xmlAttributes>
                                    <ptk:l location="Target:104:62">
                                       <ptk:WtXmlAttribute location="Target:104:62">
                                          <ptk:rtd>c3EAfgAjdXEAfgAnAAAAAnVxAH4AKQAAAAF0AAggc3R5bGU9InVxAH4AKQAAAAF0AAEi</ptk:rtd>
                                          <ptk:name>style</ptk:name>
                                          <ptk:value>
                                             <ptk:l location="Target:104:70">
                                                <ptk:t location="Target:104:70">border:none; background-color:#FFFF00; color:#FFFF00;</ptk:t>
                                             </ptk:l>
                                          </ptk:value>
                                       </ptk:WtXmlAttribute>
                                    </ptk:l>
                                 </ptk:xmlAttributes>
                                 <ptk:body>
                                    <ptk:l>
                                       <ptk:t location="Target:104:125">██</ptk:t>
                                    </ptk:l>
                                 </ptk:body>
                              </ptk:WtXmlElement>
                              <ptk:WtXmlEntityRef location="Target:104:135">
                                 <ptk:rtd>c3EAfgAjdXEAfgAnAAAAAXVxAH4AKQAAAAF0AAYmbmJzcDs=</ptk:rtd>
                                 <ptk:name>nbsp</ptk:name>
                                 <ptk:resolved> </ptk:resolved>
                              </ptk:WtXmlEntityRef>
                              <ptk:t location="Target:104:140">حدود</ptk:t>
                              <ptk:WtInternalLink>
                                 <ptk:rtd>c3EAfgAjdXEAfgAnAAAAA3VxAH4AKQAAAAFxAH4BVnEAfgC6dXEAfgApAAAAAXEAfgFY</ptk:rtd>
                                 <ptk:prefix/>
                                 <ptk:postfix/>
                                 <ptk:target>
                                    <ptk:WtPageName location="Target:104:146">
                                       <ptk:content>ابييه</ptk:content>
                                       <ptk:rtd null="true"/>
                                    </ptk:WtPageName>
                                 </ptk:target>
                                 <ptk:title>
                                    <ptk:WtLinkTitle-WtNoLinkTitle/>
                                 </ptk:title>
                              </ptk:WtInternalLink>
                           </ptk:l>
                        </ptk:body>
                     </ptk:WtXmlElement>
                     <ptk:t>
</ptk:t>
                     <ptk:WtXmlElement>
                        <ptk:rtd>c3EAfgAjdXEAfgAnAAAAA3VxAH4AKQAAAAF0AAU8c3BhbnVxAH4AKQAAAAF0AAE+dXEAfgApAAAAAXQABzwvc3Bhbj4=</ptk:rtd>
                        <ptk:name>span</ptk:name>
                        <ptk:xmlAttributes>
                           <ptk:l location="Target:105:6">
                              <ptk:WtXmlAttribute location="Target:105:6">
                                 <ptk:rtd>c3EAfgAjdXEAfgAnAAAAAnVxAH4AKQAAAAF0AAggc3R5bGU9InVxAH4AKQAAAAF0AAEi</ptk:rtd>
                                 <ptk:name>style</ptk:name>
                                 <ptk:value>
                                    <ptk:l location="Target:105:14">
                                       <ptk:t location="Target:105:14">margin:0px; font-size:90%; display:block;</ptk:t>
                                    </ptk:l>
                                 </ptk:value>
                              </ptk:WtXmlAttribute>
                           </ptk:l>
                        </ptk:xmlAttributes>
                        <ptk:body>
                           <ptk:l>
                              <ptk:WtXmlElement>
                                 <ptk:rtd>c3EAfgAjdXEAfgAnAAAAA3VxAH4AKQAAAAF0AAU8c3BhbnVxAH4AKQAAAAF0AAE+dXEAfgApAAAAAXQABzwvc3Bhbj4=</ptk:rtd>
                                 <ptk:name>span</ptk:name>
                                 <ptk:xmlAttributes>
                                    <ptk:l location="Target:105:62">
                                       <ptk:WtXmlAttribute location="Target:105:62">
                                          <ptk:rtd>c3EAfgAjdXEAfgAnAAAAAnVxAH4AKQAAAAF0AAggc3R5bGU9InVxAH4AKQAAAAF0AAEi</ptk:rtd>
                                          <ptk:name>style</ptk:name>
                                          <ptk:value>
                                             <ptk:l location="Target:105:70">
                                                <ptk:t location="Target:105:70">border:none; background-color:#fb6282; color:#fb6282;</ptk:t>
                                             </ptk:l>
                                          </ptk:value>
                                       </ptk:WtXmlAttribute>
                                    </ptk:l>
                                 </ptk:xmlAttributes>
                                 <ptk:body>
                                    <ptk:l>
                                       <ptk:t location="Target:105:125">██</ptk:t>
                                    </ptk:l>
                                 </ptk:body>
                              </ptk:WtXmlElement>
                              <ptk:WtXmlEntityRef location="Target:105:135">
                                 <ptk:rtd>c3EAfgAjdXEAfgAnAAAAAXVxAH4AKQAAAAF0AAYmbmJzcDs=</ptk:rtd>
                                 <ptk:name>nbsp</ptk:name>
                                 <ptk:resolved> </ptk:resolved>
                              </ptk:WtXmlEntityRef>
                              <ptk:WtInternalLink>
                                 <ptk:rtd>c3EAfgAjdXEAfgAnAAAAA3VxAH4AKQAAAAFxAH4BVnEAfgC6dXEAfgApAAAAAXEAfgFY</ptk:rtd>
                                 <ptk:prefix/>
                                 <ptk:postfix/>
                                 <ptk:target>
                                    <ptk:WtPageName location="Target:105:142">
                                       <ptk:content>جبال النوبة</ptk:content>
                                       <ptk:rtd null="true"/>
                                    </ptk:WtPageName>
                                 </ptk:target>
                                 <ptk:title>
                                    <ptk:WtLinkTitle-WtNoLinkTitle/>
                                 </ptk:title>
                              </ptk:WtInternalLink>
                              <ptk:t location="Target:105:155"> و </ptk:t>
                              <ptk:WtInternalLink>
                                 <ptk:rtd>c3EAfgAjdXEAfgAnAAAAA3VxAH4AKQAAAAFxAH4BVnEAfgC6dXEAfgApAAAAAXEAfgFY</ptk:rtd>
                                 <ptk:prefix/>
                                 <ptk:postfix/>
                                 <ptk:target>
                                    <ptk:WtPageName location="Target:105:160">
                                       <ptk:content>ولاية النيل الازرق</ptk:content>
                                       <ptk:rtd null="true"/>
                                    </ptk:WtPageName>
                                 </ptk:target>
                                 <ptk:title>
                                    <ptk:WtLinkTitle-WtNoLinkTitle/>
                                 </ptk:title>
                              </ptk:WtInternalLink>
                           </ptk:l>
                        </ptk:body>
                     </ptk:WtXmlElement>
                     <ptk:t>
</ptk:t>
                     <ptk:l>
                        <ptk:t location="Target:106:3">ابييه, جبال النوبة, و النيل الازرق ح يعملو استفتا في 2011علشان يقررو اذا كانو ح ينضمو لجنوب السودان ولا لأ.</ptk:t>
                     </ptk:l>
                  </ptk:l>
               </ptk:title>
            </ptk:WtImageLink>
            <ptk:t>

</ptk:t>
            <ptk:WtSection>
               <ptk:rtd null="true"/>
               <ptk:level>2</ptk:level>
               <ptk:heading>
                  <ptk:l>
                     <ptk:t location="Target:108:3"> خصايص </ptk:t>
                  </ptk:l>
               </ptk:heading>
               <ptk:body>
                  <ptk:l>
                     <ptk:t>

</ptk:t>
                     <ptk:l>
                        <ptk:t>
الجنوب سودانيين في الغالب بيعتنقوا معتقدات محلية او </ptk:t>
                        <ptk:WtInternalLink>
                           <ptk:rtd>c3EAfgAjdXEAfgAnAAAAA3VxAH4AKQAAAAFxAH4BVnEAfgC6dXEAfgApAAAAAXEAfgFY</ptk:rtd>
                           <ptk:prefix/>
                           <ptk:postfix/>
                           <ptk:target>
                              <ptk:WtPageName location="Target:111:55">
                                 <ptk:content>مسيحيه</ptk:content>
                                 <ptk:rtd null="true"/>
                              </ptk:WtPageName>
                           </ptk:target>
                           <ptk:title>
                              <ptk:l>
                                 <ptk:t location="Target:111:62">المسيحية</ptk:t>
                              </ptk:l>
                           </ptk:title>
                        </ptk:WtInternalLink>
                        <ptk:t location="Target:111:72">، بالذات الكنيسة الاسقفية للسودان والكنيسة الكاتوليكية الرومانية. جنوب السودان فيها مجموعات عرقية ولغات اكتر م الموجودة ف الشمال. وعشان مفيش تعداد سليم، وعشان فيه ناس بتتجوز اكتر من واحدة والاسر الكبيرة، فالتقديرات النسبية للجماعات العرقية حاجة صعبة. بس اللي معروف ان اكبر جماعة عرقية هي الدنكا، وبعدها النوير. وناس تانية نيليين اللي فيهم الشيرلوك وباري.</ptk:t>
                     </ptk:l>
                     <ptk:t>

</ptk:t>
                     <ptk:l>
                        <ptk:t>
البترول والمعادن التانية موجودة في النوير ومدن النيل من الشمال اللي فيها تجمعات من النويريين.</ptk:t>
                     </ptk:l>
                     <ptk:t>

</ptk:t>
                     <ptk:l>
                        <ptk:t location="Target:116:1">بعد ما جون جارانج مات، جيش تحرير الشعب السوداني و قوات دفاع جنوب السودان اتغلبو على خلافاتهم و اندمجو مع بعض في يناير 2006 بعد ما عملو سوااعلان جوبا.نايب رئيس جنوب السودان الحالي د.ريك ماكر هو اللي اسس قوات دفاع جنوب السودان بس بعدين اتخلى عنهم في سنة 2002 و انضم تاني لجيش تحرير الشعب السوداني و ساب الجينيرال باولينو ماتب نهيال يبقى زعيم قوات دفاع جنوب السودان.بناء على اعلان جوبا، الجينيرال ماتيب بقى نايب القائد بتاع جيش تحرير الشعب السوداني و كمان اندمجت معاه قوات الدفاع في جيش التحرير و بكدا اتضاعف اجمالى عدد القوات من 30.000 وبقت 130.000 جندي.</ptk:t>
                     </ptk:l>
                     <ptk:t>

</ptk:t>
                  </ptk:l>
               </ptk:body>
            </ptk:WtSection>
            <ptk:WtSection>
               <ptk:rtd null="true"/>
               <ptk:level>2</ptk:level>
               <ptk:heading>
                  <ptk:l>
                     <ptk:t location="Target:118:3"> اللغة </ptk:t>
                  </ptk:l>
               </ptk:heading>
               <ptk:body>
                  <ptk:l>
                     <ptk:t>

</ptk:t>
                     <ptk:l>
                        <ptk:t location="Target:120:1">جنوب السودان فيها مجموعات قبلية و لغات اكتر بكتير من شمال السودان.لغة التعليم و الحكومة والبيزنيس هي الانجليزي، اللي بقت لغة رسمية لجنوب السودان سنة 1928، و اعترف بيها كلغة اساسية لجنوب السودان في اواخر التمانينات.اللغة العربية المتميزة في جنوب السودان(جوبا عربي)واللي اتكونت في القرن التسعتاشر بين احفاد العساكر السودانيين - وهي منحدرة اصلا من لغة قبيلة باري-بتستخدم على نطاق واسع ك لينجوا فرانكا في جنوب السودان.بس الانجليزي بيستعمل ك لينجوا فرانكا في في المناطق اللي بتستخدمش اللغة العربية بتاعة جوبا(جوبا عربي). بالضافة لكل دا، في لغتين افريقيتين بيستعملو بشكل كبير و هما تهونجشانج (30,000 واحد بيتكلموها) و تهوك ناعت(1,400,000 واحد بيتكلوها).لغة النوير بستعمل في ولاية الوحدة(يونيتي) وولاية جونجلاي وولاية اعالي النيل.</ptk:t>
                     </ptk:l>
                     <ptk:t>
</ptk:t>
                  </ptk:l>
               </ptk:body>
            </ptk:WtSection>
            <ptk:WtSection>
               <ptk:rtd null="true"/>
               <ptk:level>2</ptk:level>
               <ptk:heading>
                  <ptk:l>
                     <ptk:t location="Target:121:3"> الحكومه </ptk:t>
                  </ptk:l>
               </ptk:heading>
               <ptk:body>
                  <ptk:l>
                     <ptk:t>
</ptk:t>
                     <ptk:l>
                        <ptk:t location="Target:122:1">برغم إن فيه الدستور الوطنى المؤقت لجمهورية السودان </ptk:t>
                        <ptk:WtTagExtension location="Target:105:53">
                           <ptk:a name="__SKIP__">
                              <ptk:Boolean>false</ptk:Boolean>
                           </ptk:a>
                           <ptk:rtd>c3EAfgAjdXEAfgAnAAAAA3VxAH4AKQAAAAF0AAQ8cmVmdXEAfgApAAAAAXQAAT51cQB+ACkAAAABdAAGPC9yZWY+</ptk:rtd>
                           <ptk:name>ref</ptk:name>
                           <ptk:xmlAttributes>
                              <ptk:WtXmlAttributes-WtEmptyXmlAttributes/>
                           </ptk:xmlAttributes>
                           <ptk:body>
                              <ptk:WtTagExtensionBody-WtTagExtensionBodyImpl>
                                 <ptk:content>{{Cite web|url=http://www.sudan-embassy.de/c_Sudan.pdf|title=Interim National Constitution of the Republic of Sudan, 2005}}</ptk:content>
                                 <ptk:rtd null="true"/>
                              </ptk:WtTagExtensionBody-WtTagExtensionBodyImpl>
                           </ptk:body>
                        </ptk:WtTagExtension>
                        <ptk:t location="Target:122:55"> ، لكن الدستور الانتقالى لجنوب السودان لسنة 2005 هو القانون الأساسى فى جنوب السودان.</ptk:t>
                        <ptk:WtTagExtension location="Target:105:271">
                           <ptk:a name="__SKIP__">
                              <ptk:Boolean>false</ptk:Boolean>
                           </ptk:a>
                           <ptk:rtd>c3EAfgAjdXEAfgAnAAAAA3VxAH4AKQAAAAF0AAQ8cmVmdXEAfgApAAAAAXQAAT51cQB+ACkAAAABdAAGPC9yZWY+</ptk:rtd>
                           <ptk:name>ref</ptk:name>
                           <ptk:xmlAttributes>
                              <ptk:WtXmlAttributes-WtEmptyXmlAttributes/>
                           </ptk:xmlAttributes>
                           <ptk:body>
                              <ptk:WtTagExtensionBody-WtTagExtensionBodyImpl>
                                 <ptk:content>{{Cite web|url=http://gurtong.brandx.eu/LinkClick.aspx?fileticket=1atewJwi6UU%3d&amp;tabid=341|title=Interim Constitution of Southern Sudan of 2005}}</ptk:content>
                                 <ptk:rtd null="true"/>
                              </ptk:WtTagExtensionBody-WtTagExtensionBodyImpl>
                           </ptk:body>
                        </ptk:WtTagExtension>
                        <ptk:t location="Target:122:142">  و بينص الدستور على إن السلطة التنفيذية بيرأسها الرئيس اللى هو  رئيس الدولة و رئيس الحكومة و القائد العام للقوات المسلحة لجيش  تحرير الشعب لتحرير السودان . </ptk:t>
                        <ptk:WtInternalLink>
                           <ptk:rtd>c3EAfgAjdXEAfgAnAAAAA3VxAH4AKQAAAAFxAH4BVnEAfgC6dXEAfgApAAAAAXEAfgFY</ptk:rtd>
                           <ptk:prefix/>
                           <ptk:postfix/>
                           <ptk:target>
                              <ptk:WtPageName location="Target:122:301">
                                 <ptk:content>جون قرنق</ptk:content>
                                 <ptk:rtd null="true"/>
                              </ptk:WtPageName>
                           </ptk:target>
                           <ptk:title>
                              <ptk:WtLinkTitle-WtNoLinkTitle/>
                           </ptk:title>
                        </ptk:WtInternalLink>
                        <ptk:t location="Target:122:311"> ، مؤسس الحركة الشعبية كان أول رئيس لحد وفاته يوم 30 يوليه 2005.
</ptk:t>
                     </ptk:l>
                     <ptk:WtXmlElement>
                        <ptk:rtd>c3EAfgAjdXEAfgAnAAAAA3VxAH4AKQAAAAF0AAY8dGFibGV1cQB+ACkAAAABdAABPnEAfgC6</ptk:rtd>
                        <ptk:name>table</ptk:name>
                        <ptk:xmlAttributes>
                           <ptk:l location="Target:123:7">
                              <ptk:WtXmlAttribute location="Target:123:7">
                                 <ptk:rtd>c3EAfgAjdXEAfgAnAAAAAnVxAH4AKQAAAAF0AA4gY2VsbHNwYWNpbmc9InVxAH4AKQAAAAF0AAEi</ptk:rtd>
                                 <ptk:name>cellspacing</ptk:name>
                                 <ptk:value>
                                    <ptk:l location="Target:123:21">
                                       <ptk:t location="Target:123:21">0</ptk:t>
                                    </ptk:l>
                                 </ptk:value>
                              </ptk:WtXmlAttribute>
                              <ptk:WtXmlAttribute location="Target:123:23">
                                 <ptk:rtd>c3EAfgAjdXEAfgAnAAAAAnVxAH4AKQAAAAF0AAggY2xhc3M9InVxAH4AKQAAAAF0AAEi</ptk:rtd>
                                 <ptk:name>class</ptk:name>
                                 <ptk:value>
                                    <ptk:l location="Target:123:31">
                                       <ptk:t location="Target:123:31">navbox</ptk:t>
                                    </ptk:l>
                                 </ptk:value>
                              </ptk:WtXmlAttribute>
                              <ptk:WtXmlAttribute location="Target:123:38">
                                 <ptk:rtd>c3EAfgAjdXEAfgAnAAAAAnVxAH4AKQAAAAF0AAggc3R5bGU9InVxAH4AKQAAAAF0AAEi</ptk:rtd>
                                 <ptk:name>style</ptk:name>
                                 <ptk:value>
                                    <ptk:l location="Target:123:46">
                                       <ptk:t location="Target:123:46">border-spacing:0;;</ptk:t>
                                    </ptk:l>
                                 </ptk:value>
                              </ptk:WtXmlAttribute>
                           </ptk:l>
                        </ptk:xmlAttributes>
                        <ptk:body>
                           <ptk:l>
                              <ptk:WtTableImplicitTableBody>
                                 <ptk:rtd null="true"/>
                                 <ptk:body>
                                    <ptk:l>
                                       <ptk:WtXmlElement>
                                          <ptk:rtd>c3EAfgAjdXEAfgAnAAAAA3VxAH4AKQAAAAF0AAM8dHJ1cQB+ACkAAAABdAABPnEAfgC6</ptk:rtd>
                                          <ptk:name>tr</ptk:name>
                                          <ptk:xmlAttributes>
                                             <ptk:WtXmlAttributes-WtEmptyXmlAttributes/>
                                          </ptk:xmlAttributes>
                                          <ptk:body>
                                             <ptk:l>
                                                <ptk:WtXmlElement>
                                                   <ptk:rtd>c3EAfgAjdXEAfgAnAAAAA3VxAH4AKQAAAAF0AAM8dGR1cQB+ACkAAAABdAABPnEAfgC6</ptk:rtd>
                                                   <ptk:name>td</ptk:name>
                                                   <ptk:xmlAttributes>
                                                      <ptk:l location="Target:123:73">
                                                         <ptk:WtXmlAttribute location="Target:123:73">
                                                            <ptk:rtd>c3EAfgAjdXEAfgAnAAAAAnVxAH4AKQAAAAF0AAggc3R5bGU9InVxAH4AKQAAAAF0AAEi</ptk:rtd>
                                                            <ptk:name>style</ptk:name>
                                                            <ptk:value>
                                                               <ptk:l location="Target:123:81">
                                                                  <ptk:t location="Target:123:81">padding:2px;</ptk:t>
                                                               </ptk:l>
                                                            </ptk:value>
                                                         </ptk:WtXmlAttribute>
                                                      </ptk:l>
                                                   </ptk:xmlAttributes>
                                                   <ptk:body>
                                                      <ptk:l>
                                                         <ptk:WtXmlElement>
                                                            <ptk:rtd>c3EAfgAjdXEAfgAnAAAAA3VxAH4AKQAAAAF0AAY8dGFibGV1cQB+ACkAAAABdAABPnEAfgC6</ptk:rtd>
                                                            <ptk:name>table</ptk:name>
                                                            <ptk:xmlAttributes>
                                                               <ptk:l location="Target:123:101">
                                                                  <ptk:WtXmlAttribute location="Target:123:101">
                                                                     <ptk:rtd>c3EAfgAjdXEAfgAnAAAAAnVxAH4AKQAAAAF0AA4gY2VsbHNwYWNpbmc9InVxAH4AKQAAAAF0AAEi</ptk:rtd>
                                                                     <ptk:name>cellspacing</ptk:name>
                                                                     <ptk:value>
                                                                        <ptk:l location="Target:123:115">
                                                                           <ptk:t location="Target:123:115">0</ptk:t>
                                                                        </ptk:l>
                                                                     </ptk:value>
                                                                  </ptk:WtXmlAttribute>
                                                                  <ptk:WtXmlAttribute location="Target:123:117">
                                                                     <ptk:rtd>c3EAfgAjdXEAfgAnAAAAAnVxAH4AKQAAAAF0AAggY2xhc3M9InVxAH4AKQAAAAF0AAEi</ptk:rtd>
                                                                     <ptk:name>class</ptk:name>
                                                                     <ptk:value>
                                                                        <ptk:l location="Target:123:125">
                                                                           <ptk:t location="Target:123:125">nowraplinks  collapsible autocollapse navbox-inner</ptk:t>
                                                                        </ptk:l>
                                                                     </ptk:value>
                                                                  </ptk:WtXmlAttribute>
                                                                  <ptk:WtXmlAttribute location="Target:123:176">
                                                                     <ptk:rtd>c3EAfgAjdXEAfgAnAAAAAnVxAH4AKQAAAAF0AAggc3R5bGU9InVxAH4AKQAAAAF0AAEi</ptk:rtd>
                                                                     <ptk:name>style</ptk:name>
                                                                     <ptk:value>
                                                                        <ptk:l location="Target:123:184">
                                                                           <ptk:t location="Target:123:184">border-spacing:0;background:transparent;color:inherit;;</ptk:t>
                                                                        </ptk:l>
                                                                     </ptk:value>
                                                                  </ptk:WtXmlAttribute>
                                                               </ptk:l>
                                                            </ptk:xmlAttributes>
                                                            <ptk:body>
                                                               <ptk:l>
                                                                  <ptk:WtTableImplicitTableBody>
                                                                     <ptk:rtd null="true"/>
                                                                     <ptk:body>
                                                                        <ptk:l>
                                                                           <ptk:WtXmlElement>
                                                                              <ptk:rtd>c3EAfgAjdXEAfgAnAAAAA3VxAH4AKQAAAAF0AAM8dHJ1cQB+ACkAAAABdAABPnEAfgC6</ptk:rtd>
                                                                              <ptk:name>tr</ptk:name>
                                                                              <ptk:xmlAttributes>
                                                                                 <ptk:WtXmlAttributes-WtEmptyXmlAttributes/>
                                                                              </ptk:xmlAttributes>
                                                                              <ptk:body>
                                                                                 <ptk:l>
                                                                                    <ptk:WtXmlElement>
                                                                                       <ptk:rtd>c3EAfgAjdXEAfgAnAAAAA3VxAH4AKQAAAAF0AAM8dGh1cQB+ACkAAAABdAABPnEAfgC6</ptk:rtd>
                                                                                       <ptk:name>th</ptk:name>
                                                                                       <ptk:xmlAttributes>
                                                                                          <ptk:l location="Target:123:248">
                                                                                             <ptk:WtXmlAttribute location="Target:123:248">
                                                                                                <ptk:rtd>c3EAfgAjdXEAfgAnAAAAAnVxAH4AKQAAAAF0AAggc2NvcGU9InVxAH4AKQAAAAF0AAEi</ptk:rtd>
                                                                                                <ptk:name>scope</ptk:name>
                                                                                                <ptk:value>
                                                                                                   <ptk:l location="Target:123:256">
                                                                                                      <ptk:t location="Target:123:256">col</ptk:t>
                                                                                                   </ptk:l>
                                                                                                </ptk:value>
                                                                                             </ptk:WtXmlAttribute>
                                                                                             <ptk:WtXmlAttribute location="Target:123:260">
                                                                                                <ptk:rtd>c3EAfgAjdXEAfgAnAAAAAnVxAH4AKQAAAAF0AAggc3R5bGU9InVxAH4AKQAAAAF0AAEi</ptk:rtd>
                                                                                                <ptk:name>style</ptk:name>
                                                                                                <ptk:value>
                                                                                                   <ptk:l location="Target:123:268">
                                                                                                      <ptk:t location="Target:123:268">;</ptk:t>
                                                                                                   </ptk:l>
                                                                                                </ptk:value>
                                                                                             </ptk:WtXmlAttribute>
                                                                                             <ptk:WtXmlAttribute location="Target:123:270">
                                                                                                <ptk:rtd>c3EAfgAjdXEAfgAnAAAAAnVxAH4AKQAAAAF0AAggY2xhc3M9InVxAH4AKQAAAAF0AAEi</ptk:rtd>
                                                                                                <ptk:name>class</ptk:name>
                                                                                                <ptk:value>
                                                                                                   <ptk:l location="Target:123:278">
                                                                                                      <ptk:t location="Target:123:278">navbox-title</ptk:t>
                                                                                                   </ptk:l>
                                                                                                </ptk:value>
                                                                                             </ptk:WtXmlAttribute>
                                                                                             <ptk:WtXmlAttribute location="Target:123:291">
                                                                                                <ptk:rtd>c3EAfgAjdXEAfgAnAAAAAnVxAH4AKQAAAAF0AAkgY29sc3Bhbj1xAH4Aug==</ptk:rtd>
                                                                                                <ptk:name>colspan</ptk:name>
                                                                                                <ptk:value>
                                                                                                   <ptk:l location="Target:123:300">
                                                                                                      <ptk:t location="Target:123:300">3</ptk:t>
                                                                                                   </ptk:l>
                                                                                                </ptk:value>
                                                                                             </ptk:WtXmlAttribute>
                                                                                          </ptk:l>
                                                                                       </ptk:xmlAttributes>
                                                                                       <ptk:body>
                                                                                          <ptk:l>
                                                                                             <ptk:WtXmlElement>
                                                                                                <ptk:rtd>c3EAfgAjdXEAfgAnAAAAA3VxAH4AKQAAAAF0AAQ8ZGl2dXEAfgApAAAAAXQAAT51cQB+ACkAAAABdAAGPC9kaXY+</ptk:rtd>
                                                                                                <ptk:name>div</ptk:name>
                                                                                                <ptk:xmlAttributes>
                                                                                                   <ptk:l location="Target:123:306">
                                                                                                      <ptk:WtXmlAttribute location="Target:123:306">
                                                                                                         <ptk:rtd>c3EAfgAjdXEAfgAnAAAAAnVxAH4AKQAAAAF0AAggY2xhc3M9InVxAH4AKQAAAAF0AAEi</ptk:rtd>
                                                                                                         <ptk:name>class</ptk:name>
                                                                                                         <ptk:value>
                                                                                                            <ptk:l location="Target:123:314">
                                                                                                               <ptk:t location="Target:123:314">noprint plainlinks navbar</ptk:t>
                                                                                                            </ptk:l>
                                                                                                         </ptk:value>
                                                                                                      </ptk:WtXmlAttribute>
                                                                                                      <ptk:WtXmlAttribute location="Target:123:340">
                                                                                                         <ptk:rtd>c3EAfgAjdXEAfgAnAAAAAnVxAH4AKQAAAAF0AAggc3R5bGU9InVxAH4AKQAAAAF0AAEi</ptk:rtd>
                                                                                                         <ptk:name>style</ptk:name>
                                                                                                         <ptk:value>
                                                                                                            <ptk:l location="Target:123:348">
                                                                                                               <ptk:t location="Target:123:348">background:none; padding:0; font-weight:normal;;;background:none transparent;border:none;; font-size:xx-small; </ptk:t>
                                                                                                            </ptk:l>
                                                                                                         </ptk:value>
                                                                                                      </ptk:WtXmlAttribute>
                                                                                                   </ptk:l>
                                                                                                </ptk:xmlAttributes>
                                                                                                <ptk:body>
                                                                                                   <ptk:l>
                                                                                                      <ptk:WtInternalLink>
                                                                                                         <ptk:rtd>c3EAfgAjdXEAfgAnAAAAA3VxAH4AKQAAAAFxAH4BVnEAfgC6dXEAfgApAAAAAXEAfgFY</ptk:rtd>
                                                                                                         <ptk:prefix/>
                                                                                                         <ptk:postfix/>
                                                                                                         <ptk:target>
                                                                                                            <ptk:WtPageName location="Target:123:463">
                                                                                                               <ptk:content>Template:افريقيا</ptk:content>
                                                                                                               <ptk:rtd null="true"/>
                                                                                                            </ptk:WtPageName>
                                                                                                         </ptk:target>
                                                                                                         <ptk:title>
                                                                                                            <ptk:l>
                                                                                                               <ptk:WtXmlElement>
                                                                                                                  <ptk:rtd>c3EAfgAjdXEAfgAnAAAAA3VxAH4AKQAAAAF0AAU8c3BhbnVxAH4AKQAAAAF0AAE+dXEAfgApAAAAAXQABzwvc3Bhbj4=</ptk:rtd>
                                                                                                                  <ptk:name>span</ptk:name>
                                                                                                                  <ptk:xmlAttributes>
                                                                                                                     <ptk:l location="Target:123:485">
                                                                                                                        <ptk:WtXmlAttribute location="Target:123:485">
                                                                                                                           <ptk:rtd>c3EAfgAjdXEAfgAnAAAAAnVxAH4AKQAAAAF0AAggdGl0bGU9InVxAH4AKQAAAAF0AAEi</ptk:rtd>
                                                                                                                           <ptk:name>title</ptk:name>
                                                                                                                           <ptk:value>
                                                                                                                              <ptk:l location="Target:123:493">
                                                                                                                                 <ptk:t location="Target:123:493">شوف القالب ده</ptk:t>
                                                                                                                              </ptk:l>
                                                                                                                           </ptk:value>
                                                                                                                        </ptk:WtXmlAttribute>
                                                                                                                        <ptk:WtXmlAttribute location="Target:123:507">
                                                                                                                           <ptk:rtd>c3EAfgAjdXEAfgAnAAAAAnVxAH4AKQAAAAF0AAggc3R5bGU9InVxAH4AKQAAAAF0AAEi</ptk:rtd>
                                                                                                                           <ptk:name>style</ptk:name>
                                                                                                                           <ptk:value>
                                                                                                                              <ptk:l location="Target:123:515">
                                                                                                                                 <ptk:t location="Target:123:515">;;background:none transparent;border:none;</ptk:t>
                                                                                                                              </ptk:l>
                                                                                                                           </ptk:value>
                                                                                                                        </ptk:WtXmlAttribute>
                                                                                                                     </ptk:l>
                                                                                                                  </ptk:xmlAttributes>
                                                                                                                  <ptk:body>
                                                                                                                     <ptk:l>
                                                                                                                        <ptk:t location="Target:123:559">ش</ptk:t>
                                                                                                                     </ptk:l>
                                                                                                                  </ptk:body>
                                                                                                               </ptk:WtXmlElement>
                                                                                                            </ptk:l>
                                                                                                         </ptk:title>
                                                                                                      </ptk:WtInternalLink>
                                                                                                      <ptk:WtXmlEntityRef location="Target:123:570">
                                                                                                         <ptk:rtd>c3EAfgAjdXEAfgAnAAAAAXVxAH4AKQAAAAF0AAYmbmJzcDs=</ptk:rtd>
                                                                                                         <ptk:name>nbsp</ptk:name>
                                                                                                         <ptk:resolved> </ptk:resolved>
                                                                                                      </ptk:WtXmlEntityRef>
                                                                                                      <ptk:WtXmlElement>
                                                                                                         <ptk:rtd>c3EAfgAjdXEAfgAnAAAAA3VxAH4AKQAAAAF0AAU8c3BhbnVxAH4AKQAAAAF0AAE+dXEAfgApAAAAAXQABzwvc3Bhbj4=</ptk:rtd>
                                                                                                         <ptk:name>span</ptk:name>
                                                                                                         <ptk:xmlAttributes>
                                                                                                            <ptk:l location="Target:123:580">
                                                                                                               <ptk:WtXmlAttribute location="Target:123:580">
                                                                                                                  <ptk:rtd>c3EAfgAjdXEAfgAnAAAAAnVxAH4AKQAAAAF0AAggc3R5bGU9InVxAH4AKQAAAAF0AAEi</ptk:rtd>
                                                                                                                  <ptk:name>style</ptk:name>
                                                                                                                  <ptk:value>
                                                                                                                     <ptk:l location="Target:123:588">
                                                                                                                        <ptk:t location="Target:123:588">font-size:80%;</ptk:t>
                                                                                                                     </ptk:l>
                                                                                                                  </ptk:value>
                                                                                                               </ptk:WtXmlAttribute>
                                                                                                            </ptk:l>
                                                                                                         </ptk:xmlAttributes>
                                                                                                         <ptk:body>
                                                                                                            <ptk:l>
                                                                                                               <ptk:t location="Target:123:604">•</ptk:t>
                                                                                                            </ptk:l>
                                                                                                         </ptk:body>
                                                                                                      </ptk:WtXmlElement>
                                                                                                      <ptk:WtXmlEntityRef location="Target:123:613">
                                                                                                         <ptk:rtd>c3EAfgAjdXEAfgAnAAAAAXVxAH4AKQAAAAF0AAYmbmJzcDs=</ptk:rtd>
                                                                                                         <ptk:name>nbsp</ptk:name>
                                                                                                         <ptk:resolved> </ptk:resolved>
                                                                                                      </ptk:WtXmlEntityRef>
                                                                                                      <ptk:WtInternalLink>
                                                                                                         <ptk:rtd>c3EAfgAjdXEAfgAnAAAAA3VxAH4AKQAAAAFxAH4BVnEAfgC6dXEAfgApAAAAAXEAfgFY</ptk:rtd>
                                                                                                         <ptk:prefix/>
                                                                                                         <ptk:postfix/>
                                                                                                         <ptk:target>
                                                                                                            <ptk:WtPageName location="Target:123:620">
                                                                                                               <ptk:content>نقاش_القالب:افريقيا</ptk:content>
                                                                                                               <ptk:rtd null="true"/>
                                                                                                            </ptk:WtPageName>
                                                                                                         </ptk:target>
                                                                                                         <ptk:title>
                                                                                                            <ptk:l>
                                                                                                               <ptk:WtXmlElement>
                                                                                                                  <ptk:rtd>c3EAfgAjdXEAfgAnAAAAA3VxAH4AKQAAAAF0AAU8c3BhbnVxAH4AKQAAAAF0AAE+dXEAfgApAAAAAXQABzwvc3Bhbj4=</ptk:rtd>
                                                                                                                  <ptk:name>span</ptk:name>
                                                                                                                  <ptk:xmlAttributes>
                                                                                                                     <ptk:l location="Target:123:645">
                                                                                                                        <ptk:WtXmlAttribute location="Target:123:645">
                                                                                                                           <ptk:rtd>c3EAfgAjdXEAfgAnAAAAAnVxAH4AKQAAAAF0AAggdGl0bGU9InVxAH4AKQAAAAF0AAEi</ptk:rtd>
                                                                                                                           <ptk:name>title</ptk:name>
                                                                                                                           <ptk:value>
                                                                                                                              <ptk:l location="Target:123:653">
                                                                                                                                 <ptk:t location="Target:123:653">ناقش القالب ده</ptk:t>
                                                                                                                              </ptk:l>
                                                                                                                           </ptk:value>
                                                                                                                        </ptk:WtXmlAttribute>
                                                                                                                        <ptk:WtXmlAttribute location="Target:123:668">
                                                                                                                           <ptk:rtd>c3EAfgAjdXEAfgAnAAAAAnVxAH4AKQAAAAF0AAggc3R5bGU9InVxAH4AKQAAAAF0AAEi</ptk:rtd>
                                                                                                                           <ptk:name>style</ptk:name>
                                                                                                                           <ptk:value>
                                                                                                                              <ptk:l location="Target:123:676">
                                                                                                                                 <ptk:t location="Target:123:676">;;background:none transparent;border:none;</ptk:t>
                                                                                                                              </ptk:l>
                                                                                                                           </ptk:value>
                                                                                                                        </ptk:WtXmlAttribute>
                                                                                                                     </ptk:l>
                                                                                                                  </ptk:xmlAttributes>
                                                                                                                  <ptk:body>
                                                                                                                     <ptk:l>
                                                                                                                        <ptk:t location="Target:123:720">ن</ptk:t>
                                                                                                                     </ptk:l>
                                                                                                                  </ptk:body>
                                                                                                               </ptk:WtXmlElement>
                                                                                                            </ptk:l>
                                                                                                         </ptk:title>
                                                                                                      </ptk:WtInternalLink>
                                                                                                      <ptk:WtXmlEntityRef location="Target:123:731">
                                                                                                         <ptk:rtd>c3EAfgAjdXEAfgAnAAAAAXVxAH4AKQAAAAF0AAYmbmJzcDs=</ptk:rtd>
                                                                                                         <ptk:name>nbsp</ptk:name>
                                                                                                         <ptk:resolved> </ptk:resolved>
                                                                                                      </ptk:WtXmlEntityRef>
                                                                                                      <ptk:WtXmlElement>
                                                                                                         <ptk:rtd>c3EAfgAjdXEAfgAnAAAAA3VxAH4AKQAAAAF0AAU8c3BhbnVxAH4AKQAAAAF0AAE+dXEAfgApAAAAAXQABzwvc3Bhbj4=</ptk:rtd>
                                                                                                         <ptk:name>span</ptk:name>
                                                                                                         <ptk:xmlAttributes>
                                                                                                            <ptk:l location="Target:123:741">
                                                                                                               <ptk:WtXmlAttribute location="Target:123:741">
                                                                                                                  <ptk:rtd>c3EAfgAjdXEAfgAnAAAAAnVxAH4AKQAAAAF0AAggc3R5bGU9InVxAH4AKQAAAAF0AAEi</ptk:rtd>
                                                                                                                  <ptk:name>style</ptk:name>
                                                                                                                  <ptk:value>
                                                                                                                     <ptk:l location="Target:123:749">
                                                                                                                        <ptk:t location="Target:123:749">font-size:80%;</ptk:t>
                                                                                                                     </ptk:l>
                                                                                                                  </ptk:value>
                                                                                                               </ptk:WtXmlAttribute>
                                                                                                            </ptk:l>
                                                                                                         </ptk:xmlAttributes>
                                                                                                         <ptk:body>
                                                                                                            <ptk:l>
                                                                                                               <ptk:t location="Target:123:765">•</ptk:t>
                                                                                                            </ptk:l>
                                                                                                         </ptk:body>
                                                                                                      </ptk:WtXmlElement>
                                                                                                      <ptk:WtXmlEntityRef location="Target:123:774">
                                                                                                         <ptk:rtd>c3EAfgAjdXEAfgAnAAAAAXVxAH4AKQAAAAF0AAYmbmJzcDs=</ptk:rtd>
                                                                                                         <ptk:name>nbsp</ptk:name>
                                                                                                         <ptk:resolved> </ptk:resolved>
                                                                                                      </ptk:WtXmlEntityRef>
                                                                                                      <ptk:t location="Target:123:780">[</ptk:t>
                                                                                                      <ptk:WtUrl>
                                                                                                         <ptk:rtd>c3EAfgAjdXEAfgAnAAAAAXVxAH4AKQAAAAF0AJdodHRwOi8vYXJ6Lndpa2lwZWRpYS5vcmcvd2lraS9UZW1wbGF0ZTolRDglQTclRDklODElRDglQjElRDklOEElRDklODIlRDklOEElRDglQTc/dGl0bGU9VGVtcGxhdGU6JUQ4JUE3JUQ5JTgxJUQ4JUIxJUQ5JThBJUQ5JTgyJUQ5JThBJUQ4JUE3JmFjdGlvbj1lZGl0</ptk:rtd>
                                                                                                         <ptk:protocol>http</ptk:protocol>
                                                                                                         <ptk:path>//arz.wikipedia.org/wiki/Template:%D8%A7%D9%81%D8%B1%D9%8A%D9%82%D9%8A%D8%A7?title=Template:%D8%A7%D9%81%D8%B1%D9%8A%D9%82%D9%8A%D8%A7&amp;action=edit</ptk:path>
                                                                                                      </ptk:WtUrl>
                                                                                                      <ptk:WtXmlElement>
                                                                                                         <ptk:rtd>c3EAfgAjdXEAfgAnAAAAA3VxAH4AKQAAAAF0AAU8c3BhbnVxAH4AKQAAAAF0AAE+dXEAfgApAAAAAXQABzwvc3Bhbj4=</ptk:rtd>
                                                                                                         <ptk:name>span</ptk:name>
                                                                                                         <ptk:xmlAttributes>
                                                                                                            <ptk:l location="Target:123:936">
                                                                                                               <ptk:WtXmlAttribute location="Target:123:936">
                                                                                                                  <ptk:rtd>c3EAfgAjdXEAfgAnAAAAAnVxAH4AKQAAAAF0AAggdGl0bGU9InVxAH4AKQAAAAF0AAEi</ptk:rtd>
                                                                                                                  <ptk:name>title</ptk:name>
                                                                                                                  <ptk:value>
                                                                                                                     <ptk:l location="Target:123:944">
                                                                                                                        <ptk:t location="Target:123:944">عدّل القالب ده</ptk:t>
                                                                                                                     </ptk:l>
                                                                                                                  </ptk:value>
                                                                                                               </ptk:WtXmlAttribute>
                                                                                                               <ptk:WtXmlAttribute location="Target:123:959">
                                                                                                                  <ptk:rtd>c3EAfgAjdXEAfgAnAAAAAnVxAH4AKQAAAAF0AAggc3R5bGU9InVxAH4AKQAAAAF0AAEi</ptk:rtd>
                                                                                                                  <ptk:name>style</ptk:name>
                                                                                                                  <ptk:value>
                                                                                                                     <ptk:l location="Target:123:967">
                                                                                                                        <ptk:t location="Target:123:967">;;background:none transparent;border:none;;</ptk:t>
                                                                                                                     </ptk:l>
                                                                                                                  </ptk:value>
                                                                                                               </ptk:WtXmlAttribute>
                                                                                                            </ptk:l>
                                                                                                         </ptk:xmlAttributes>
                                                                                                         <ptk:body>
                                                                                                            <ptk:l>
                                                                                                               <ptk:t location="Target:123:1012">ع</ptk:t>
                                                                                                            </ptk:l>
                                                                                                         </ptk:body>
                                                                                                      </ptk:WtXmlElement>
                                                                                                      <ptk:t location="Target:123:1020">]</ptk:t>
                                                                                                   </ptk:l>
                                                                                                </ptk:body>
                                                                                             </ptk:WtXmlElement>
                                                                                             <ptk:WtXmlElement>
                                                                                                <ptk:rtd>c3EAfgAjdXEAfgAnAAAAA3VxAH4AKQAAAAF0AAQ8ZGl2dXEAfgApAAAAAXQAAT51cQB+ACkAAAABdAAGPC9kaXY+</ptk:rtd>
                                                                                                <ptk:name>div</ptk:name>
                                                                                                <ptk:xmlAttributes>
                                                                                                   <ptk:l location="Target:123:1031">
                                                                                                      <ptk:WtXmlAttribute location="Target:123:1031">
                                                                                                         <ptk:rtd>c3EAfgAjdXEAfgAnAAAAAnVxAH4AKQAAAAF0AAggY2xhc3M9InVxAH4AKQAAAAF0AAEi</ptk:rtd>
                                                                                                         <ptk:name>class</ptk:name>
                                                                                                         <ptk:value>
                                                                                                            <ptk:l location="Target:123:1039"/>
                                                                                                         </ptk:value>
                                                                                                      </ptk:WtXmlAttribute>
                                                                                                      <ptk:WtXmlAttribute location="Target:123:1040">
                                                                                                         <ptk:rtd>c3EAfgAjdXEAfgAnAAAAAnVxAH4AKQAAAAF0AAggc3R5bGU9InVxAH4AKQAAAAF0AAEi</ptk:rtd>
                                                                                                         <ptk:name>style</ptk:name>
                                                                                                         <ptk:value>
                                                                                                            <ptk:l location="Target:123:1048">
                                                                                                               <ptk:t location="Target:123:1048">font-size:110%;</ptk:t>
                                                                                                            </ptk:l>
                                                                                                         </ptk:value>
                                                                                                      </ptk:WtXmlAttribute>
                                                                                                   </ptk:l>
                                                                                                </ptk:xmlAttributes>
                                                                                                <ptk:body>
                                                                                                   <ptk:l>
                                                                                                      <ptk:t>
</ptk:t>
                                                                                                      <ptk:WtInternalLink>
                                                                                                         <ptk:rtd>c3EAfgAjdXEAfgAnAAAAA3VxAH4AKQAAAAFxAH4BVnEAfgC6dXEAfgApAAAAAXEAfgFY</ptk:rtd>
                                                                                                         <ptk:prefix/>
                                                                                                         <ptk:postfix/>
                                                                                                         <ptk:target>
                                                                                                            <ptk:WtPageName location="Target:124:3">
                                                                                                               <ptk:content> أفريقيا </ptk:content>
                                                                                                               <ptk:rtd null="true"/>
                                                                                                            </ptk:WtPageName>
                                                                                                         </ptk:target>
                                                                                                         <ptk:title>
                                                                                                            <ptk:WtLinkTitle-WtNoLinkTitle/>
                                                                                                         </ptk:title>
                                                                                                      </ptk:WtInternalLink>
                                                                                                   </ptk:l>
                                                                                                </ptk:body>
                                                                                             </ptk:WtXmlElement>
                                                                                          </ptk:l>
                                                                                       </ptk:body>
                                                                                    </ptk:WtXmlElement>
                                                                                 </ptk:l>
                                                                              </ptk:body>
                                                                           </ptk:WtXmlElement>
                                                                           <ptk:WtXmlElement>
                                                                              <ptk:rtd>c3EAfgAjdXEAfgAnAAAAA3VxAH4AKQAAAAF0AAM8dHJ1cQB+ACkAAAABdAABPnEAfgC6</ptk:rtd>
                                                                              <ptk:name>tr</ptk:name>
                                                                              <ptk:xmlAttributes>
                                                                                 <ptk:l location="Target:124:33">
                                                                                    <ptk:WtXmlAttribute location="Target:124:33">
                                                                                       <ptk:rtd>c3EAfgAjdXEAfgAnAAAAAnVxAH4AKQAAAAF0AAggc3R5bGU9InVxAH4AKQAAAAF0AAEi</ptk:rtd>
                                                                                       <ptk:name>style</ptk:name>
                                                                                       <ptk:value>
                                                                                          <ptk:l location="Target:124:41">
                                                                                             <ptk:t location="Target:124:41">height:2px;</ptk:t>
                                                                                          </ptk:l>
                                                                                       </ptk:value>
                                                                                    </ptk:WtXmlAttribute>
                                                                                 </ptk:l>
                                                                              </ptk:xmlAttributes>
                                                                              <ptk:body>
                                                                                 <ptk:l>
                                                                                    <ptk:WtXmlElement>
                                                                                       <ptk:rtd>c3EAfgAjdXEAfgAnAAAAA3VxAH4AKQAAAAF0AAM8dGR1cQB+ACkAAAABdAABPnEAfgC6</ptk:rtd>
                                                                                       <ptk:name>td</ptk:name>
                                                                                       <ptk:xmlAttributes>
                                                                                          <ptk:WtXmlAttributes-WtEmptyXmlAttributes/>
                                                                                       </ptk:xmlAttributes>
                                                                                       <ptk:body>
                                                                                          <ptk:l/>
                                                                                       </ptk:body>
                                                                                    </ptk:WtXmlElement>
                                                                                 </ptk:l>
                                                                              </ptk:body>
                                                                           </ptk:WtXmlElement>
                                                                           <ptk:WtXmlElement>
                                                                              <ptk:rtd>c3EAfgAjdXEAfgAnAAAAA3VxAH4AKQAAAAF0AAM8dHJ1cQB+ACkAAAABdAABPnEAfgC6</ptk:rtd>
                                                                              <ptk:name>tr</ptk:name>
                                                                              <ptk:xmlAttributes>
                                                                                 <ptk:WtXmlAttributes-WtEmptyXmlAttributes/>
                                                                              </ptk:xmlAttributes>
                                                                              <ptk:body>
                                                                                 <ptk:l>
                                                                                    <ptk:WtXmlElement>
                                                                                       <ptk:rtd>c3EAfgAjdXEAfgAnAAAAA3VxAH4AKQAAAAF0AAM8dGh1cQB+ACkAAAABdAABPnEAfgC6</ptk:rtd>
                                                                                       <ptk:name>th</ptk:name>
                                                                                       <ptk:xmlAttributes>
                                                                                          <ptk:l location="Target:124:75">
                                                                                             <ptk:WtXmlAttribute location="Target:124:75">
                                                                                                <ptk:rtd>c3EAfgAjdXEAfgAnAAAAAnVxAH4AKQAAAAF0AAggc2NvcGU9InVxAH4AKQAAAAF0AAEi</ptk:rtd>
                                                                                                <ptk:name>scope</ptk:name>
                                                                                                <ptk:value>
                                                                                                   <ptk:l location="Target:124:83">
                                                                                                      <ptk:t location="Target:124:83">row</ptk:t>
                                                                                                   </ptk:l>
                                                                                                </ptk:value>
                                                                                             </ptk:WtXmlAttribute>
                                                                                             <ptk:WtXmlAttribute location="Target:124:87">
                                                                                                <ptk:rtd>c3EAfgAjdXEAfgAnAAAAAnVxAH4AKQAAAAF0AAggY2xhc3M9InVxAH4AKQAAAAF0AAEi</ptk:rtd>
                                                                                                <ptk:name>class</ptk:name>
                                                                                                <ptk:value>
                                                                                                   <ptk:l location="Target:124:95">
                                                                                                      <ptk:t location="Target:124:95">navbox-group </ptk:t>
                                                                                                   </ptk:l>
                                                                                                </ptk:value>
                                                                                             </ptk:WtXmlAttribute>
                                                                                             <ptk:WtXmlAttribute location="Target:124:109">
                                                                                                <ptk:rtd>c3EAfgAjdXEAfgAnAAAAAnVxAH4AKQAAAAF0AAggc3R5bGU9InVxAH4AKQAAAAF0AAEi</ptk:rtd>
                                                                                                <ptk:name>style</ptk:name>
                                                                                                <ptk:value>
                                                                                                   <ptk:l location="Target:124:117">
                                                                                                      <ptk:t location="Target:124:117">;padding:0.35em 1.0em; line-height:1.1em;;</ptk:t>
                                                                                                   </ptk:l>
                                                                                                </ptk:value>
                                                                                             </ptk:WtXmlAttribute>
                                                                                          </ptk:l>
                                                                                       </ptk:xmlAttributes>
                                                                                       <ptk:body>
                                                                                          <ptk:l>
                                                                                             <ptk:WtInternalLink>
                                                                                                <ptk:rtd>c3EAfgAjdXEAfgAnAAAAA3VxAH4AKQAAAAFxAH4BVnEAfgC6dXEAfgApAAAAAXEAfgFY</ptk:rtd>
                                                                                                <ptk:prefix/>
                                                                                                <ptk:postfix/>
                                                                                                <ptk:target>
                                                                                                   <ptk:WtPageName location="Target:124:163">
                                                                                                      <ptk:content>لستة الدول المستقله</ptk:content>
                                                                                                      <ptk:rtd null="true"/>
                                                                                                   </ptk:WtPageName>
                                                                                                </ptk:target>
                                                                                                <ptk:title>
                                                                                                   <ptk:l>
                                                                                                      <ptk:t location="Target:124:183">قائمة الدول</ptk:t>
                                                                                                   </ptk:l>
                                                                                                </ptk:title>
                                                                                             </ptk:WtInternalLink>
                                                                                          </ptk:l>
                                                                                       </ptk:body>
                                                                                    </ptk:WtXmlElement>
                                                                                    <ptk:WtXmlElement>
                                                                                       <ptk:rtd>c3EAfgAjdXEAfgAnAAAAA3VxAH4AKQAAAAF0AAM8dGR1cQB+ACkAAAABdAABPnEAfgC6</ptk:rtd>
                                                                                       <ptk:name>td</ptk:name>
                                                                                       <ptk:xmlAttributes>
                                                                                          <ptk:l location="Target:124:204">
                                                                                             <ptk:WtXmlAttribute location="Target:124:204">
                                                                                                <ptk:rtd>c3EAfgAjdXEAfgAnAAAAAnVxAH4AKQAAAAF0AAggc3R5bGU9InVxAH4AKQAAAAF0AAEi</ptk:rtd>
                                                                                                <ptk:name>style</ptk:name>
                                                                                                <ptk:value>
                                                                                                   <ptk:l location="Target:124:212">
                                                                                                      <ptk:t location="Target:124:212">text-align:right;border-right-width:2px;border-right-style:solid;width:100%;padding:0px;font-size:0.95em;;;</ptk:t>
                                                                                                   </ptk:l>
                                                                                                </ptk:value>
                                                                                             </ptk:WtXmlAttribute>
                                                                                             <ptk:WtXmlAttribute location="Target:124:320">
                                                                                                <ptk:rtd>c3EAfgAjdXEAfgAnAAAAAnVxAH4AKQAAAAF0AAggY2xhc3M9InVxAH4AKQAAAAF0AAEi</ptk:rtd>
                                                                                                <ptk:name>class</ptk:name>
                                                                                                <ptk:value>
                                                                                                   <ptk:l location="Target:124:328">
                                                                                                      <ptk:t location="Target:124:328">navbox-list navbox-odd </ptk:t>
                                                                                                   </ptk:l>
                                                                                                </ptk:value>
                                                                                             </ptk:WtXmlAttribute>
                                                                                          </ptk:l>
                                                                                       </ptk:xmlAttributes>
                                                                                       <ptk:body>
                                                                                          <ptk:l>
                                                                                             <ptk:WtXmlElement>
                                                                                                <ptk:rtd>c3EAfgAjdXEAfgAnAAAAA3VxAH4AKQAAAAF0AAQ8ZGl2dXEAfgApAAAAAXQAAT51cQB+ACkAAAABdAAGPC9kaXY+</ptk:rtd>
                                                                                                <ptk:name>div</ptk:name>
                                                                                                <ptk:xmlAttributes>
                                                                                                   <ptk:l location="Target:124:357">
                                                                                                      <ptk:WtXmlAttribute location="Target:124:357">
                                                                                                         <ptk:rtd>c3EAfgAjdXEAfgAnAAAAAnVxAH4AKQAAAAF0AAggc3R5bGU9InVxAH4AKQAAAAF0AAEi</ptk:rtd>
                                                                                                         <ptk:name>style</ptk:name>
                                                                                                         <ptk:value>
                                                                                                            <ptk:l location="Target:124:365">
                                                                                                               <ptk:t location="Target:124:365">padding:0em 0.25em</ptk:t>
                                                                                                            </ptk:l>
                                                                                                         </ptk:value>
                                                                                                      </ptk:WtXmlAttribute>
                                                                                                   </ptk:l>
                                                                                                </ptk:xmlAttributes>
                                                                                                <ptk:body>
                                                                                                   <ptk:l>
                                                                                                      <ptk:t>
</ptk:t>
                                                                                                      <ptk:WtXmlElement>
                                                                                                         <ptk:rtd>c3EAfgAjdXEAfgAnAAAAA3VxAH4AKQAAAAF0AAQ8ZGl2dXEAfgApAAAAAXQAAT51cQB+ACkAAAABdAAGPC9kaXY+</ptk:rtd>
                                                                                                         <ptk:name>div</ptk:name>
                                                                                                         <ptk:xmlAttributes>
                                                                                                            <ptk:WtXmlAttributes-WtEmptyXmlAttributes/>
                                                                                                         </ptk:xmlAttributes>
                                                                                                         <ptk:body>
                                                                                                            <ptk:l>
                                                                                                               <ptk:t>
</ptk:t>
                                                                                                               <ptk:WtXmlElement>
                                                                                                                  <ptk:rtd>c3EAfgAjdXEAfgAnAAAAA3VxAH4AKQAAAAF0AAU8c3BhbnVxAH4AKQAAAAF0AAE+dXEAfgApAAAAAXQABzwvc3Bhbj4=</ptk:rtd>
                                                                                                                  <ptk:name>span</ptk:name>
                                                                                                                  <ptk:xmlAttributes>
                                                                                                                     <ptk:l location="Target:126:6">
                                                                                                                        <ptk:WtXmlAttribute location="Target:126:6">
                                                                                                                           <ptk:rtd>c3EAfgAjdXEAfgAnAAAAAnVxAH4AKQAAAAF0AAggc3R5bGU9InVxAH4AKQAAAAF0AAEi</ptk:rtd>
                                                                                                                           <ptk:name>style</ptk:name>
                                                                                                                           <ptk:value>
                                                                                                                              <ptk:l location="Target:126:14">
                                                                                                                                 <ptk:t location="Target:126:14">white-space:nowrap</ptk:t>
                                                                                                                              </ptk:l>
                                                                                                                           </ptk:value>
                                                                                                                        </ptk:WtXmlAttribute>
                                                                                                                     </ptk:l>
                                                                                                                  </ptk:xmlAttributes>
                                                                                                                  <ptk:body>
                                                                                                                     <ptk:l>
                                                                                                                        <ptk:t>
</ptk:t>
                                                                                                                        <ptk:WtInternalLink>
                                                                                                                           <ptk:rtd>c3EAfgAjdXEAfgAnAAAAA3VxAH4AKQAAAAFxAH4BVnEAfgC6dXEAfgApAAAAAXEAfgFY</ptk:rtd>
                                                                                                                           <ptk:prefix/>
                                                                                                                           <ptk:postfix/>
                                                                                                                           <ptk:target>
                                                                                                                              <ptk:WtPageName location="Target:127:3">
                                                                                                                                 <ptk:content> الجزاير </ptk:content>
                                                                                                                                 <ptk:rtd null="true"/>
                                                                                                                              </ptk:WtPageName>
                                                                                                                           </ptk:target>
                                                                                                                           <ptk:title>
                                                                                                                              <ptk:l>
                                                                                                                                 <ptk:t location="Target:127:13">الجزاير</ptk:t>
                                                                                                                              </ptk:l>
                                                                                                                           </ptk:title>
                                                                                                                        </ptk:WtInternalLink>
                                                                                                                        <ptk:WtXmlEntityRef location="Target:127:23">
                                                                                                                           <ptk:rtd>c3EAfgAjdXEAfgAnAAAAAXVxAH4AKQAAAAF0AAYmbmJzcDs=</ptk:rtd>
                                                                                                                           <ptk:name>nbsp</ptk:name>
                                                                                                                           <ptk:resolved> </ptk:resolved>
                                                                                                                        </ptk:WtXmlEntityRef>
                                                                                                                        <ptk:t location="Target:127:28">•</ptk:t>
                                                                                                                     </ptk:l>
                                                                                                                  </ptk:body>
                                                                                                               </ptk:WtXmlElement>
                                                                                                               <ptk:t location="Target:127:36"> </ptk:t>
                                                                                                               <ptk:WtXmlElement>
                                                                                                                  <ptk:rtd>c3EAfgAjdXEAfgAnAAAAA3VxAH4AKQAAAAF0AAU8c3BhbnVxAH4AKQAAAAF0AAE+dXEAfgApAAAAAXQABzwvc3Bhbj4=</ptk:rtd>
                                                                                                                  <ptk:name>span</ptk:name>
                                                                                                                  <ptk:xmlAttributes>
                                                                                                                     <ptk:l location="Target:127:42">
                                                                                                                        <ptk:WtXmlAttribute location="Target:127:42">
                                                                                                                           <ptk:rtd>c3EAfgAjdXEAfgAnAAAAAnVxAH4AKQAAAAF0AAggc3R5bGU9InVxAH4AKQAAAAF0AAEi</ptk:rtd>
                                                                                                                           <ptk:name>style</ptk:name>
                                                                                                                           <ptk:value>
                                                                                                                              <ptk:l location="Target:127:50">
                                                                                                                                 <ptk:t location="Target:127:50">white-space:nowrap</ptk:t>
                                                                                                                              </ptk:l>
                                                                                                                           </ptk:value>
                                                                                                                        </ptk:WtXmlAttribute>
                                                                                                                     </ptk:l>
                                                                                                                  </ptk:xmlAttributes>
                                                                                                                  <ptk:body>
                                                                                                                     <ptk:l>
                                                                                                                        <ptk:t>
</ptk:t>
                                                                                                                        <ptk:WtInternalLink>
                                                                                                                           <ptk:rtd>c3EAfgAjdXEAfgAnAAAAA3VxAH4AKQAAAAFxAH4BVnEAfgC6dXEAfgApAAAAAXEAfgFY</ptk:rtd>
                                                                                                                           <ptk:prefix/>
                                                                                                                           <ptk:postfix/>
                                                                                                                           <ptk:target>
                                                                                                                              <ptk:WtPageName location="Target:128:3">
                                                                                                                                 <ptk:content> انجولا </ptk:content>
                                                                                                                                 <ptk:rtd null="true"/>
                                                                                                                              </ptk:WtPageName>
                                                                                                                           </ptk:target>
                                                                                                                           <ptk:title>
                                                                                                                              <ptk:l>
                                                                                                                                 <ptk:t location="Target:128:12">انجولا</ptk:t>
                                                                                                                              </ptk:l>
                                                                                                                           </ptk:title>
                                                                                                                        </ptk:WtInternalLink>
                                                                                                                        <ptk:WtXmlEntityRef location="Target:128:21">
                                                                                                                           <ptk:rtd>c3EAfgAjdXEAfgAnAAAAAXVxAH4AKQAAAAF0AAYmbmJzcDs=</ptk:rtd>
                                                                                                                           <ptk:name>nbsp</ptk:name>
                                                                                                                           <ptk:resolved> </ptk:resolved>
                                                                                                                        </ptk:WtXmlEntityRef>
                                                                                                                        <ptk:t location="Target:128:26">•</ptk:t>
                                                                                                                     </ptk:l>
                                                                                                                  </ptk:body>
                                                                                                               </ptk:WtXmlElement>
                                                                                                               <ptk:t location="Target:128:34"> </ptk:t>
                                                                                                               <ptk:WtXmlElement>
                                                                                                                  <ptk:rtd>c3EAfgAjdXEAfgAnAAAAA3VxAH4AKQAAAAF0AAU8c3BhbnVxAH4AKQAAAAF0AAE+dXEAfgApAAAAAXQABzwvc3Bhbj4=</ptk:rtd>
                                                                                                                  <ptk:name>span</ptk:name>
                                                                                                                  <ptk:xmlAttributes>
                                                                                                                     <ptk:l location="Target:128:40">
                                                                                                                        <ptk:WtXmlAttribute location="Target:128:40">
                                                                                                                           <ptk:rtd>c3EAfgAjdXEAfgAnAAAAAnVxAH4AKQAAAAF0AAggc3R5bGU9InVxAH4AKQAAAAF0AAEi</ptk:rtd>
                                                                                                                           <ptk:name>style</ptk:name>
                                                                                                                           <ptk:value>
                                                                                                                              <ptk:l location="Target:128:48">
                                                                                                                                 <ptk:t location="Target:128:48">white-space:nowrap</ptk:t>
                                                                                                                              </ptk:l>
                                                                                                                           </ptk:value>
                                                                                                                        </ptk:WtXmlAttribute>
                                                                                                                     </ptk:l>
                                                                                                                  </ptk:xmlAttributes>
                                                                                                                  <ptk:body>
                                                                                                                     <ptk:l>
                                                                                                                        <ptk:t>
</ptk:t>
                                                                                                                        <ptk:WtInternalLink>
                                                                                                                           <ptk:rtd>c3EAfgAjdXEAfgAnAAAAA3VxAH4AKQAAAAFxAH4BVnEAfgC6dXEAfgApAAAAAXEAfgFY</ptk:rtd>
                                                                                                                           <ptk:prefix/>
                                                                                                                           <ptk:postfix/>
                                                                                                                           <ptk:target>
                                                                                                                              <ptk:WtPageName location="Target:129:3">
                                                                                                                                 <ptk:content> بنين </ptk:content>
                                                                                                                                 <ptk:rtd null="true"/>
                                                                                                                              </ptk:WtPageName>
                                                                                                                           </ptk:target>
                                                                                                                           <ptk:title>
                                                                                                                              <ptk:l>
                                                                                                                                 <ptk:t location="Target:129:10">بنين</ptk:t>
                                                                                                                              </ptk:l>
                                                                                                                           </ptk:title>
                                                                                                                        </ptk:WtInternalLink>
                                                                                                                        <ptk:WtXmlEntityRef location="Target:129:17">
                                                                                                                           <ptk:rtd>c3EAfgAjdXEAfgAnAAAAAXVxAH4AKQAAAAF0AAYmbmJzcDs=</ptk:rtd>
                                                                                                                           <ptk:name>nbsp</ptk:name>
                                                                                                                           <ptk:resolved> </ptk:resolved>
                                                                                                                        </ptk:WtXmlEntityRef>
                                                                                                                        <ptk:t location="Target:129:22">•</ptk:t>
                                                                                                                     </ptk:l>
                                                                                                                  </ptk:body>
                                                                                                               </ptk:WtXmlElement>
                                                                                                               <ptk:t location="Target:129:30"> </ptk:t>
                                                                                                               <ptk:WtXmlElement>
                                                                                                                  <ptk:rtd>c3EAfgAjdXEAfgAnAAAAA3VxAH4AKQAAAAF0AAU8c3BhbnVxAH4AKQAAAAF0AAE+dXEAfgApAAAAAXQABzwvc3Bhbj4=</ptk:rtd>
                                                                                                                  <ptk:name>span</ptk:name>
                                                                                                                  <ptk:xmlAttributes>
                                                                                                                     <ptk:l location="Target:129:36">
                                                                                                                        <ptk:WtXmlAttribute location="Target:129:36">
                                                                                                                           <ptk:rtd>c3EAfgAjdXEAfgAnAAAAAnVxAH4AKQAAAAF0AAggc3R5bGU9InVxAH4AKQAAAAF0AAEi</ptk:rtd>
                                                                                                                           <ptk:name>style</ptk:name>
                                                                                                                           <ptk:value>
                                                                                                                              <ptk:l location="Target:129:44">
                                                                                                                                 <ptk:t location="Target:129:44">white-space:nowrap</ptk:t>
                                                                                                                              </ptk:l>
                                                                                                                           </ptk:value>
                                                                                                                        </ptk:WtXmlAttribute>
                                                                                                                     </ptk:l>
                                                                                                                  </ptk:xmlAttributes>
                                                                                                                  <ptk:body>
                                                                                                                     <ptk:l>
                                                                                                                        <ptk:t>
</ptk:t>
                                                                                                                        <ptk:WtInternalLink>
                                                                                                                           <ptk:rtd>c3EAfgAjdXEAfgAnAAAAA3VxAH4AKQAAAAFxAH4BVnEAfgC6dXEAfgApAAAAAXEAfgFY</ptk:rtd>
                                                                                                                           <ptk:prefix/>
                                                                                                                           <ptk:postfix/>
                                                                                                                           <ptk:target>
                                                                                                                              <ptk:WtPageName location="Target:130:3">
                                                                                                                                 <ptk:content> بوتسوانا </ptk:content>
                                                                                                                                 <ptk:rtd null="true"/>
                                                                                                                              </ptk:WtPageName>
                                                                                                                           </ptk:target>
                                                                                                                           <ptk:title>
                                                                                                                              <ptk:l>
                                                                                                                                 <ptk:t location="Target:130:14">بوتسوانا</ptk:t>
                                                                                                                              </ptk:l>
                                                                                                                           </ptk:title>
                                                                                                                        </ptk:WtInternalLink>
                                                                                                                        <ptk:WtXmlEntityRef location="Target:130:25">
                                                                                                                           <ptk:rtd>c3EAfgAjdXEAfgAnAAAAAXVxAH4AKQAAAAF0AAYmbmJzcDs=</ptk:rtd>
                                                                                                                           <ptk:name>nbsp</ptk:name>
                                                                                                                           <ptk:resolved> </ptk:resolved>
                                                                                                                        </ptk:WtXmlEntityRef>
                                                                                                                        <ptk:t location="Target:130:30">•</ptk:t>
                                                                                                                     </ptk:l>
                                                                                                                  </ptk:body>
                                                                                                               </ptk:WtXmlElement>
                                                                                                               <ptk:t location="Target:130:38"> </ptk:t>
                                                                                                               <ptk:WtXmlElement>
                                                                                                                  <ptk:rtd>c3EAfgAjdXEAfgAnAAAAA3VxAH4AKQAAAAF0AAU8c3BhbnVxAH4AKQAAAAF0AAE+dXEAfgApAAAAAXQABzwvc3Bhbj4=</ptk:rtd>
                                                                                                                  <ptk:name>span</ptk:name>
                                                                                                                  <ptk:xmlAttributes>
                                                                                                                     <ptk:l location="Target:130:44">
                                                                                                                        <ptk:WtXmlAttribute location="Target:130:44">
                                                                                                                           <ptk:rtd>c3EAfgAjdXEAfgAnAAAAAnVxAH4AKQAAAAF0AAggc3R5bGU9InVxAH4AKQAAAAF0AAEi</ptk:rtd>
                                                                                                                           <ptk:name>style</ptk:name>
                                                                                                                           <ptk:value>
                                                                                                                              <ptk:l location="Target:130:52">
                                                                                                                                 <ptk:t location="Target:130:52">white-space:nowrap</ptk:t>
                                                                                                                              </ptk:l>
                                                                                                                           </ptk:value>
                                                                                                                        </ptk:WtXmlAttribute>
                                                                                                                     </ptk:l>
                                                                                                                  </ptk:xmlAttributes>
                                                                                                                  <ptk:body>
                                                                                                                     <ptk:l>
                                                                                                                        <ptk:t>
</ptk:t>
                                                                                                                        <ptk:WtInternalLink>
                                                                                                                           <ptk:rtd>c3EAfgAjdXEAfgAnAAAAA3VxAH4AKQAAAAFxAH4BVnEAfgC6dXEAfgApAAAAAXEAfgFY</ptk:rtd>
                                                                                                                           <ptk:prefix/>
                                                                                                                           <ptk:postfix/>
                                                                                                                           <ptk:target>
                                                                                                                              <ptk:WtPageName location="Target:131:3">
                                                                                                                                 <ptk:content> بوركينا فاسو </ptk:content>
                                                                                                                                 <ptk:rtd null="true"/>
                                                                                                                              </ptk:WtPageName>
                                                                                                                           </ptk:target>
                                                                                                                           <ptk:title>
                                                                                                                              <ptk:l>
                                                                                                                                 <ptk:t location="Target:131:18">بوركينا فاسو</ptk:t>
                                                                                                                              </ptk:l>
                                                                                                                           </ptk:title>
                                                                                                                        </ptk:WtInternalLink>
                                                                                                                        <ptk:WtXmlEntityRef location="Target:131:33">
                                                                                                                           <ptk:rtd>c3EAfgAjdXEAfgAnAAAAAXVxAH4AKQAAAAF0AAYmbmJzcDs=</ptk:rtd>
                                                                                                                           <ptk:name>nbsp</ptk:name>
                                                                                                                           <ptk:resolved> </ptk:resolved>
                                                                                                                        </ptk:WtXmlEntityRef>
                                                                                                                        <ptk:t location="Target:131:38">•</ptk:t>
                                                                                                                     </ptk:l>
                                                                                                                  </ptk:body>
                                                                                                               </ptk:WtXmlElement>
                                                                                                               <ptk:t location="Target:131:46"> </ptk:t>
                                                                                                               <ptk:WtXmlElement>
                                                                                                                  <ptk:rtd>c3EAfgAjdXEAfgAnAAAAA3VxAH4AKQAAAAF0AAU8c3BhbnVxAH4AKQAAAAF0AAE+dXEAfgApAAAAAXQABzwvc3Bhbj4=</ptk:rtd>
                                                                                                                  <ptk:name>span</ptk:name>
                                                                                                                  <ptk:xmlAttributes>
                                                                                                                     <ptk:l location="Target:131:52">
                                                                                                                        <ptk:WtXmlAttribute location="Target:131:52">
                                                                                                                           <ptk:rtd>c3EAfgAjdXEAfgAnAAAAAnVxAH4AKQAAAAF0AAggc3R5bGU9InVxAH4AKQAAAAF0AAEi</ptk:rtd>
                                                                                                                           <ptk:name>style</ptk:name>
                                                                                                                           <ptk:value>
                                                                                                                              <ptk:l location="Target:131:60">
                                                                                                                                 <ptk:t location="Target:131:60">white-space:nowrap</ptk:t>
                                                                                                                              </ptk:l>
                                                                                                                           </ptk:value>
                                                                                                                        </ptk:WtXmlAttribute>
                                                                                                                     </ptk:l>
                                                                                                                  </ptk:xmlAttributes>
                                                                                                                  <ptk:body>
                                                                                                                     <ptk:l>
                                                                                                                        <ptk:t>
</ptk:t>
                                                                                                                        <ptk:WtInternalLink>
                                                                                                                           <ptk:rtd>c3EAfgAjdXEAfgAnAAAAA3VxAH4AKQAAAAFxAH4BVnEAfgC6dXEAfgApAAAAAXEAfgFY</ptk:rtd>
                                                                                                                           <ptk:prefix/>
                                                                                                                           <ptk:postfix/>
                                                                                                                           <ptk:target>
                                                                                                                              <ptk:WtPageName location="Target:132:3">
                                                                                                                                 <ptk:content> بوروندى </ptk:content>
                                                                                                                                 <ptk:rtd null="true"/>
                                                                                                                              </ptk:WtPageName>
                                                                                                                           </ptk:target>
                                                                                                                           <ptk:title>
                                                                                                                              <ptk:l>
                                                                                                                                 <ptk:t location="Target:132:13">بوروندى</ptk:t>
                                                                                                                              </ptk:l>
                                                                                                                           </ptk:title>
                                                                                                                        </ptk:WtInternalLink>
                                                                                                                        <ptk:WtXmlEntityRef location="Target:132:23">
                                                                                                                           <ptk:rtd>c3EAfgAjdXEAfgAnAAAAAXVxAH4AKQAAAAF0AAYmbmJzcDs=</ptk:rtd>
                                                                                                                           <ptk:name>nbsp</ptk:name>
                                                                                                                           <ptk:resolved> </ptk:resolved>
                                                                                                                        </ptk:WtXmlEntityRef>
                                                                                                                        <ptk:t location="Target:132:28">•</ptk:t>
                                                                                                                     </ptk:l>
                                                                                                                  </ptk:body>
                                                                                                               </ptk:WtXmlElement>
                                                                                                               <ptk:t location="Target:132:36"> </ptk:t>
                                                                                                               <ptk:WtXmlElement>
                                                                                                                  <ptk:rtd>c3EAfgAjdXEAfgAnAAAAA3VxAH4AKQAAAAF0AAU8c3BhbnVxAH4AKQAAAAF0AAE+dXEAfgApAAAAAXQABzwvc3Bhbj4=</ptk:rtd>
                                                                                                                  <ptk:name>span</ptk:name>
                                                                                                                  <ptk:xmlAttributes>
                                                                                                                     <ptk:l location="Target:132:42">
                                                                                                                        <ptk:WtXmlAttribute location="Target:132:42">
                                                                                                                           <ptk:rtd>c3EAfgAjdXEAfgAnAAAAAnVxAH4AKQAAAAF0AAggc3R5bGU9InVxAH4AKQAAAAF0AAEi</ptk:rtd>
                                                                                                                           <ptk:name>style</ptk:name>
                                                                                                                           <ptk:value>
                                                                                                                              <ptk:l location="Target:132:50">
                                                                                                                                 <ptk:t location="Target:132:50">white-space:nowrap</ptk:t>
                                                                                                                              </ptk:l>
                                                                                                                           </ptk:value>
                                                                                                                        </ptk:WtXmlAttribute>
                                                                                                                     </ptk:l>
                                                                                                                  </ptk:xmlAttributes>
                                                                                                                  <ptk:body>
                                                                                                                     <ptk:l>
                                                                                                                        <ptk:t>
</ptk:t>
                                                                                                                        <ptk:WtInternalLink>
                                                                                                                           <ptk:rtd>c3EAfgAjdXEAfgAnAAAAA3VxAH4AKQAAAAFxAH4BVnEAfgC6dXEAfgApAAAAAXEAfgFY</ptk:rtd>
                                                                                                                           <ptk:prefix/>
                                                                                                                           <ptk:postfix/>
                                                                                                                           <ptk:target>
                                                                                                                              <ptk:WtPageName location="Target:133:3">
                                                                                                                                 <ptk:content> الكاميرون </ptk:content>
                                                                                                                                 <ptk:rtd null="true"/>
                                                                                                                              </ptk:WtPageName>
                                                                                                                           </ptk:target>
                                                                                                                           <ptk:title>
                                                                                                                              <ptk:l>
                                                                                                                                 <ptk:t location="Target:133:15">الكاميرون</ptk:t>
                                                                                                                              </ptk:l>
                                                                                                                           </ptk:title>
                                                                                                                        </ptk:WtInternalLink>
                                                                                                                        <ptk:WtXmlEntityRef location="Target:133:27">
                                                                                                                           <ptk:rtd>c3EAfgAjdXEAfgAnAAAAAXVxAH4AKQAAAAF0AAYmbmJzcDs=</ptk:rtd>
                                                                                                                           <ptk:name>nbsp</ptk:name>
                                                                                                                           <ptk:resolved> </ptk:resolved>
                                                                                                                        </ptk:WtXmlEntityRef>
                                                                                                                        <ptk:t location="Target:133:32">•</ptk:t>
                                                                                                                     </ptk:l>
                                                                                                                  </ptk:body>
                                                                                                               </ptk:WtXmlElement>
                                                                                                               <ptk:t location="Target:133:40"> </ptk:t>
                                                                                                               <ptk:WtXmlElement>
                                                                                                                  <ptk:rtd>c3EAfgAjdXEAfgAnAAAAA3VxAH4AKQAAAAF0AAU8c3BhbnVxAH4AKQAAAAF0AAE+dXEAfgApAAAAAXQABzwvc3Bhbj4=</ptk:rtd>
                                                                                                                  <ptk:name>span</ptk:name>
                                                                                                                  <ptk:xmlAttributes>
                                                                                                                     <ptk:l location="Target:133:46">
                                                                                                                        <ptk:WtXmlAttribute location="Target:133:46">
                                                                                                                           <ptk:rtd>c3EAfgAjdXEAfgAnAAAAAnVxAH4AKQAAAAF0AAggc3R5bGU9InVxAH4AKQAAAAF0AAEi</ptk:rtd>
                                                                                                                           <ptk:name>style</ptk:name>
                                                                                                                           <ptk:value>
                                                                                                                              <ptk:l location="Target:133:54">
                                                                                                                                 <ptk:t location="Target:133:54">white-space:nowrap</ptk:t>
                                                                                                                              </ptk:l>
                                                                                                                           </ptk:value>
                                                                                                                        </ptk:WtXmlAttribute>
                                                                                                                     </ptk:l>
                                                                                                                  </ptk:xmlAttributes>
                                                                                                                  <ptk:body>
                                                                                                                     <ptk:l>
                                                                                                                        <ptk:t>
</ptk:t>
                                                                                                                        <ptk:WtInternalLink>
                                                                                                                           <ptk:rtd>c3EAfgAjdXEAfgAnAAAAA3VxAH4AKQAAAAFxAH4BVnEAfgC6dXEAfgApAAAAAXEAfgFY</ptk:rtd>
                                                                                                                           <ptk:prefix/>
                                                                                                                           <ptk:postfix/>
                                                                                                                           <ptk:target>
                                                                                                                              <ptk:WtPageName location="Target:134:3">
                                                                                                                                 <ptk:content> ‏كيب ڤيردى </ptk:content>
                                                                                                                                 <ptk:rtd null="true"/>
                                                                                                                              </ptk:WtPageName>
                                                                                                                           </ptk:target>
                                                                                                                           <ptk:title>
                                                                                                                              <ptk:l>
                                                                                                                                 <ptk:t location="Target:134:16">‏كيب ڤيردى</ptk:t>
                                                                                                                              </ptk:l>
                                                                                                                           </ptk:title>
                                                                                                                        </ptk:WtInternalLink>
                                                                                                                        <ptk:WtXmlEntityRef location="Target:134:29">
                                                                                                                           <ptk:rtd>c3EAfgAjdXEAfgAnAAAAAXVxAH4AKQAAAAF0AAYmbmJzcDs=</ptk:rtd>
                                                                                                                           <ptk:name>nbsp</ptk:name>
                                                                                                                           <ptk:resolved> </ptk:resolved>
                                                                                                                        </ptk:WtXmlEntityRef>
                                                                                                                        <ptk:t location="Target:134:34">•</ptk:t>
                                                                                                                     </ptk:l>
                                                                                                                  </ptk:body>
                                                                                                               </ptk:WtXmlElement>
                                                                                                               <ptk:t location="Target:134:42"> </ptk:t>
                                                                                                               <ptk:WtXmlElement>
                                                                                                                  <ptk:rtd>c3EAfgAjdXEAfgAnAAAAA3VxAH4AKQAAAAF0AAU8c3BhbnVxAH4AKQAAAAF0AAE+dXEAfgApAAAAAXQABzwvc3Bhbj4=</ptk:rtd>
                                                                                                                  <ptk:name>span</ptk:name>
                                                                                                                  <ptk:xmlAttributes>
                                                                                                                     <ptk:l location="Target:134:48">
                                                                                                                        <ptk:WtXmlAttribute location="Target:134:48">
                                                                                                                           <ptk:rtd>c3EAfgAjdXEAfgAnAAAAAnVxAH4AKQAAAAF0AAggc3R5bGU9InVxAH4AKQAAAAF0AAEi</ptk:rtd>
                                                                                                                           <ptk:name>style</ptk:name>
                                                                                                                           <ptk:value>
                                                                                                                              <ptk:l location="Target:134:56">
                                                                                                                                 <ptk:t location="Target:134:56">white-space:nowrap</ptk:t>
                                                                                                                              </ptk:l>
                                                                                                                           </ptk:value>
                                                                                                                        </ptk:WtXmlAttribute>
                                                                                                                     </ptk:l>
                                                                                                                  </ptk:xmlAttributes>
                                                                                                                  <ptk:body>
                                                                                                                     <ptk:l>
                                                                                                                        <ptk:t>
</ptk:t>
                                                                                                                        <ptk:WtInternalLink>
                                                                                                                           <ptk:rtd>c3EAfgAjdXEAfgAnAAAAA3VxAH4AKQAAAAFxAH4BVnEAfgC6dXEAfgApAAAAAXEAfgFY</ptk:rtd>
                                                                                                                           <ptk:prefix/>
                                                                                                                           <ptk:postfix/>
                                                                                                                           <ptk:target>
                                                                                                                              <ptk:WtPageName location="Target:135:3">
                                                                                                                                 <ptk:content> افريقيا الوسطى </ptk:content>
                                                                                                                                 <ptk:rtd null="true"/>
                                                                                                                              </ptk:WtPageName>
                                                                                                                           </ptk:target>
                                                                                                                           <ptk:title>
                                                                                                                              <ptk:l>
                                                                                                                                 <ptk:t location="Target:135:20">افريقيا الوسطى</ptk:t>
                                                                                                                              </ptk:l>
                                                                                                                           </ptk:title>
                                                                                                                        </ptk:WtInternalLink>
                                                                                                                        <ptk:WtXmlEntityRef location="Target:135:37">
                                                                                                                           <ptk:rtd>c3EAfgAjdXEAfgAnAAAAAXVxAH4AKQAAAAF0AAYmbmJzcDs=</ptk:rtd>
                                                                                                                           <ptk:name>nbsp</ptk:name>
                                                                                                                           <ptk:resolved> </ptk:resolved>
                                                                                                                        </ptk:WtXmlEntityRef>
                                                                                                                        <ptk:t location="Target:135:42">•</ptk:t>
                                                                                                                     </ptk:l>
                                                                                                                  </ptk:body>
                                                                                                               </ptk:WtXmlElement>
                                                                                                               <ptk:t location="Target:135:50"> </ptk:t>
                                                                                                               <ptk:WtXmlElement>
                                                                                                                  <ptk:rtd>c3EAfgAjdXEAfgAnAAAAA3VxAH4AKQAAAAF0AAU8c3BhbnVxAH4AKQAAAAF0AAE+dXEAfgApAAAAAXQABzwvc3Bhbj4=</ptk:rtd>
                                                                                                                  <ptk:name>span</ptk:name>
                                                                                                                  <ptk:xmlAttributes>
                                                                                                                     <ptk:l location="Target:135:56">
                                                                                                                        <ptk:WtXmlAttribute location="Target:135:56">
                                                                                                                           <ptk:rtd>c3EAfgAjdXEAfgAnAAAAAnVxAH4AKQAAAAF0AAggc3R5bGU9InVxAH4AKQAAAAF0AAEi</ptk:rtd>
                                                                                                                           <ptk:name>style</ptk:name>
                                                                                                                           <ptk:value>
                                                                                                                              <ptk:l location="Target:135:64">
                                                                                                                                 <ptk:t location="Target:135:64">white-space:nowrap</ptk:t>
                                                                                                                              </ptk:l>
                                                                                                                           </ptk:value>
                                                                                                                        </ptk:WtXmlAttribute>
                                                                                                                     </ptk:l>
                                                                                                                  </ptk:xmlAttributes>
                                                                                                                  <ptk:body>
                                                                                                                     <ptk:l>
                                                                                                                        <ptk:t>
</ptk:t>
                                                                                                                        <ptk:WtInternalLink>
                                                                                                                           <ptk:rtd>c3EAfgAjdXEAfgAnAAAAA3VxAH4AKQAAAAFxAH4BVnEAfgC6dXEAfgApAAAAAXEAfgFY</ptk:rtd>
                                                                                                                           <ptk:prefix/>
                                                                                                                           <ptk:postfix/>
                                                                                                                           <ptk:target>
                                                                                                                              <ptk:WtPageName location="Target:136:3">
                                                                                                                                 <ptk:content> تشاد </ptk:content>
                                                                                                                                 <ptk:rtd null="true"/>
                                                                                                                              </ptk:WtPageName>
                                                                                                                           </ptk:target>
                                                                                                                           <ptk:title>
                                                                                                                              <ptk:l>
                                                                                                                                 <ptk:t location="Target:136:10">تشاد</ptk:t>
                                                                                                                              </ptk:l>
                                                                                                                           </ptk:title>
                                                                                                                        </ptk:WtInternalLink>
                                                                                                                        <ptk:WtXmlEntityRef location="Target:136:17">
                                                                                                                           <ptk:rtd>c3EAfgAjdXEAfgAnAAAAAXVxAH4AKQAAAAF0AAYmbmJzcDs=</ptk:rtd>
                                                                                                                           <ptk:name>nbsp</ptk:name>
                                                                                                                           <ptk:resolved> </ptk:resolved>
                                                                                                                        </ptk:WtXmlEntityRef>
                                                                                                                        <ptk:t location="Target:136:22">•</ptk:t>
                                                                                                                     </ptk:l>
                                                                                                                  </ptk:body>
                                                                                                               </ptk:WtXmlElement>
                                                                                                               <ptk:t location="Target:136:30"> </ptk:t>
                                                                                                               <ptk:WtXmlElement>
                                                                                                                  <ptk:rtd>c3EAfgAjdXEAfgAnAAAAA3VxAH4AKQAAAAF0AAU8c3BhbnVxAH4AKQAAAAF0AAE+dXEAfgApAAAAAXQABzwvc3Bhbj4=</ptk:rtd>
                                                                                                                  <ptk:name>span</ptk:name>
                                                                                                                  <ptk:xmlAttributes>
                                                                                                                     <ptk:l location="Target:136:36">
                                                                                                                        <ptk:WtXmlAttribute location="Target:136:36">
                                                                                                                           <ptk:rtd>c3EAfgAjdXEAfgAnAAAAAnVxAH4AKQAAAAF0AAggc3R5bGU9InVxAH4AKQAAAAF0AAEi</ptk:rtd>
                                                                                                                           <ptk:name>style</ptk:name>
                                                                                                                           <ptk:value>
                                                                                                                              <ptk:l location="Target:136:44">
                                                                                                                                 <ptk:t location="Target:136:44">white-space:nowrap</ptk:t>
                                                                                                                              </ptk:l>
                                                                                                                           </ptk:value>
                                                                                                                        </ptk:WtXmlAttribute>
                                                                                                                     </ptk:l>
                                                                                                                  </ptk:xmlAttributes>
                                                                                                                  <ptk:body>
                                                                                                                     <ptk:l>
                                                                                                                        <ptk:t>
</ptk:t>
                                                                                                                        <ptk:WtInternalLink>
                                                                                                                           <ptk:rtd>c3EAfgAjdXEAfgAnAAAAA3VxAH4AKQAAAAFxAH4BVnEAfgC6dXEAfgApAAAAAXEAfgFY</ptk:rtd>
                                                                                                                           <ptk:prefix/>
                                                                                                                           <ptk:postfix/>
                                                                                                                           <ptk:target>
                                                                                                                              <ptk:WtPageName location="Target:137:3">
                                                                                                                                 <ptk:content> جزر القمر </ptk:content>
                                                                                                                                 <ptk:rtd null="true"/>
                                                                                                                              </ptk:WtPageName>
                                                                                                                           </ptk:target>
                                                                                                                           <ptk:title>
                                                                                                                              <ptk:l>
                                                                                                                                 <ptk:t location="Target:137:15">جزر القمر</ptk:t>
                                                                                                                              </ptk:l>
                                                                                                                           </ptk:title>
                                                                                                                        </ptk:WtInternalLink>
                                                                                                                        <ptk:WtXmlEntityRef location="Target:137:27">
                                                                                                                           <ptk:rtd>c3EAfgAjdXEAfgAnAAAAAXVxAH4AKQAAAAF0AAYmbmJzcDs=</ptk:rtd>
                                                                                                                           <ptk:name>nbsp</ptk:name>
                                                                                                                           <ptk:resolved> </ptk:resolved>
                                                                                                                        </ptk:WtXmlEntityRef>
                                                                                                                        <ptk:t location="Target:137:32">•</ptk:t>
                                                                                                                     </ptk:l>
                                                                                                                  </ptk:body>
                                                                                                               </ptk:WtXmlElement>
                                                                                                               <ptk:t location="Target:137:40"> </ptk:t>
                                                                                                               <ptk:WtXmlElement>
                                                                                                                  <ptk:rtd>c3EAfgAjdXEAfgAnAAAAA3VxAH4AKQAAAAF0AAU8c3BhbnVxAH4AKQAAAAF0AAE+dXEAfgApAAAAAXQABzwvc3Bhbj4=</ptk:rtd>
                                                                                                                  <ptk:name>span</ptk:name>
                                                                                                                  <ptk:xmlAttributes>
                                                                                                                     <ptk:l location="Target:137:46">
                                                                                                                        <ptk:WtXmlAttribute location="Target:137:46">
                                                                                                                           <ptk:rtd>c3EAfgAjdXEAfgAnAAAAAnVxAH4AKQAAAAF0AAggc3R5bGU9InVxAH4AKQAAAAF0AAEi</ptk:rtd>
                                                                                                                           <ptk:name>style</ptk:name>
                                                                                                                           <ptk:value>
                                                                                                                              <ptk:l location="Target:137:54">
                                                                                                                                 <ptk:t location="Target:137:54">white-space:nowrap</ptk:t>
                                                                                                                              </ptk:l>
                                                                                                                           </ptk:value>
                                                                                                                        </ptk:WtXmlAttribute>
                                                                                                                     </ptk:l>
                                                                                                                  </ptk:xmlAttributes>
                                                                                                                  <ptk:body>
                                                                                                                     <ptk:l>
                                                                                                                        <ptk:t>
</ptk:t>
                                                                                                                        <ptk:WtInternalLink>
                                                                                                                           <ptk:rtd>c3EAfgAjdXEAfgAnAAAAA3VxAH4AKQAAAAFxAH4BVnEAfgC6dXEAfgApAAAAAXEAfgFY</ptk:rtd>
                                                                                                                           <ptk:prefix/>
                                                                                                                           <ptk:postfix/>
                                                                                                                           <ptk:target>
                                                                                                                              <ptk:WtPageName location="Target:138:3">
                                                                                                                                 <ptk:content> جمهورية كونجو الديموقراطيه </ptk:content>
                                                                                                                                 <ptk:rtd null="true"/>
                                                                                                                              </ptk:WtPageName>
                                                                                                                           </ptk:target>
                                                                                                                           <ptk:title>
                                                                                                                              <ptk:l>
                                                                                                                                 <ptk:t location="Target:138:32">جمهورية كونجو الديموقراطيه</ptk:t>
                                                                                                                              </ptk:l>
                                                                                                                           </ptk:title>
                                                                                                                        </ptk:WtInternalLink>
                                                                                                                        <ptk:WtXmlEntityRef location="Target:138:61">
                                                                                                                           <ptk:rtd>c3EAfgAjdXEAfgAnAAAAAXVxAH4AKQAAAAF0AAYmbmJzcDs=</ptk:rtd>
                                                                                                                           <ptk:name>nbsp</ptk:name>
                                                                                                                           <ptk:resolved> </ptk:resolved>
                                                                                                                        </ptk:WtXmlEntityRef>
                                                                                                                        <ptk:t location="Target:138:66">•</ptk:t>
                                                                                                                     </ptk:l>
                                                                                                                  </ptk:body>
                                                                                                               </ptk:WtXmlElement>
                                                                                                               <ptk:t location="Target:138:74"> </ptk:t>
                                                                                                               <ptk:WtXmlElement>
                                                                                                                  <ptk:rtd>c3EAfgAjdXEAfgAnAAAAA3VxAH4AKQAAAAF0AAU8c3BhbnVxAH4AKQAAAAF0AAE+dXEAfgApAAAAAXQABzwvc3Bhbj4=</ptk:rtd>
                                                                                                                  <ptk:name>span</ptk:name>
                                                                                                                  <ptk:xmlAttributes>
                                                                                                                     <ptk:l location="Target:138:80">
                                                                                                                        <ptk:WtXmlAttribute location="Target:138:80">
                                                                                                                           <ptk:rtd>c3EAfgAjdXEAfgAnAAAAAnVxAH4AKQAAAAF0AAggc3R5bGU9InVxAH4AKQAAAAF0AAEi</ptk:rtd>
                                                                                                                           <ptk:name>style</ptk:name>
                                                                                                                           <ptk:value>
                                                                                                                              <ptk:l location="Target:138:88">
                                                                                                                                 <ptk:t location="Target:138:88">white-space:nowrap</ptk:t>
                                                                                                                              </ptk:l>
                                                                                                                           </ptk:value>
                                                                                                                        </ptk:WtXmlAttribute>
                                                                                                                     </ptk:l>
                                                                                                                  </ptk:xmlAttributes>
                                                                                                                  <ptk:body>
                                                                                                                     <ptk:l>
                                                                                                                        <ptk:t>
</ptk:t>
                                                                                                                        <ptk:WtInternalLink>
                                                                                                                           <ptk:rtd>c3EAfgAjdXEAfgAnAAAAA3VxAH4AKQAAAAFxAH4BVnEAfgC6dXEAfgApAAAAAXEAfgFY</ptk:rtd>
                                                                                                                           <ptk:prefix/>
                                                                                                                           <ptk:postfix/>
                                                                                                                           <ptk:target>
                                                                                                                              <ptk:WtPageName location="Target:139:3">
                                                                                                                                 <ptk:content> الكونجو </ptk:content>
                                                                                                                                 <ptk:rtd null="true"/>
                                                                                                                              </ptk:WtPageName>
                                                                                                                           </ptk:target>
                                                                                                                           <ptk:title>
                                                                                                                              <ptk:l>
                                                                                                                                 <ptk:t location="Target:139:13">الكونجو</ptk:t>
                                                                                                                              </ptk:l>
                                                                                                                           </ptk:title>
                                                                                                                        </ptk:WtInternalLink>
                                                                                                                        <ptk:WtXmlEntityRef location="Target:139:23">
                                                                                                                           <ptk:rtd>c3EAfgAjdXEAfgAnAAAAAXVxAH4AKQAAAAF0AAYmbmJzcDs=</ptk:rtd>
                                                                                                                           <ptk:name>nbsp</ptk:name>
                                                                                                                           <ptk:resolved> </ptk:resolved>
                                                                                                                        </ptk:WtXmlEntityRef>
                                                                                                                        <ptk:t location="Target:139:28">•</ptk:t>
                                                                                                                     </ptk:l>
                                                                                                                  </ptk:body>
                                                                                                               </ptk:WtXmlElement>
                                                                                                               <ptk:t location="Target:139:36"> </ptk:t>
                                                                                                               <ptk:WtXmlElement>
                                                                                                                  <ptk:rtd>c3EAfgAjdXEAfgAnAAAAA3VxAH4AKQAAAAF0AAU8c3BhbnVxAH4AKQAAAAF0AAE+dXEAfgApAAAAAXQABzwvc3Bhbj4=</ptk:rtd>
                                                                                                                  <ptk:name>span</ptk:name>
                                                                                                                  <ptk:xmlAttributes>
                                                                                                                     <ptk:l location="Target:139:42">
                                                                                                                        <ptk:WtXmlAttribute location="Target:139:42">
                                                                                                                           <ptk:rtd>c3EAfgAjdXEAfgAnAAAAAnVxAH4AKQAAAAF0AAggc3R5bGU9InVxAH4AKQAAAAF0AAEi</ptk:rtd>
                                                                                                                           <ptk:name>style</ptk:name>
                                                                                                                           <ptk:value>
                                                                                                                              <ptk:l location="Target:139:50">
                                                                                                                                 <ptk:t location="Target:139:50">white-space:nowrap</ptk:t>
                                                                                                                              </ptk:l>
                                                                                                                           </ptk:value>
                                                                                                                        </ptk:WtXmlAttribute>
                                                                                                                     </ptk:l>
                                                                                                                  </ptk:xmlAttributes>
                                                                                                                  <ptk:body>
                                                                                                                     <ptk:l>
                                                                                                                        <ptk:t>
</ptk:t>
                                                                                                                        <ptk:WtInternalLink>
                                                                                                                           <ptk:rtd>c3EAfgAjdXEAfgAnAAAAA3VxAH4AKQAAAAFxAH4BVnEAfgC6dXEAfgApAAAAAXEAfgFY</ptk:rtd>
                                                                                                                           <ptk:prefix/>
                                                                                                                           <ptk:postfix/>
                                                                                                                           <ptk:target>
                                                                                                                              <ptk:WtPageName location="Target:140:3">
                                                                                                                                 <ptk:content> كوت ديفوار </ptk:content>
                                                                                                                                 <ptk:rtd null="true"/>
                                                                                                                              </ptk:WtPageName>
                                                                                                                           </ptk:target>
                                                                                                                           <ptk:title>
                                                                                                                              <ptk:l>
                                                                                                                                 <ptk:t location="Target:140:16">كوت ديفوار</ptk:t>
                                                                                                                              </ptk:l>
                                                                                                                           </ptk:title>
                                                                                                                        </ptk:WtInternalLink>
                                                                                                                        <ptk:WtXmlEntityRef location="Target:140:29">
                                                                                                                           <ptk:rtd>c3EAfgAjdXEAfgAnAAAAAXVxAH4AKQAAAAF0AAYmbmJzcDs=</ptk:rtd>
                                                                                                                           <ptk:name>nbsp</ptk:name>
                                                                                                                           <ptk:resolved> </ptk:resolved>
                                                                                                                        </ptk:WtXmlEntityRef>
                                                                                                                        <ptk:t location="Target:140:34">•</ptk:t>
                                                                                                                     </ptk:l>
                                                                                                                  </ptk:body>
                                                                                                               </ptk:WtXmlElement>
                                                                                                               <ptk:t location="Target:140:42"> </ptk:t>
                                                                                                               <ptk:WtXmlElement>
                                                                                                                  <ptk:rtd>c3EAfgAjdXEAfgAnAAAAA3VxAH4AKQAAAAF0AAU8c3BhbnVxAH4AKQAAAAF0AAE+dXEAfgApAAAAAXQABzwvc3Bhbj4=</ptk:rtd>
                                                                                                                  <ptk:name>span</ptk:name>
                                                                                                                  <ptk:xmlAttributes>
                                                                                                                     <ptk:l location="Target:140:48">
                                                                                                                        <ptk:WtXmlAttribute location="Target:140:48">
                                                                                                                           <ptk:rtd>c3EAfgAjdXEAfgAnAAAAAnVxAH4AKQAAAAF0AAggc3R5bGU9InVxAH4AKQAAAAF0AAEi</ptk:rtd>
                                                                                                                           <ptk:name>style</ptk:name>
                                                                                                                           <ptk:value>
                                                                                                                              <ptk:l location="Target:140:56">
                                                                                                                                 <ptk:t location="Target:140:56">white-space:nowrap</ptk:t>
                                                                                                                              </ptk:l>
                                                                                                                           </ptk:value>
                                                                                                                        </ptk:WtXmlAttribute>
                                                                                                                     </ptk:l>
                                                                                                                  </ptk:xmlAttributes>
                                                                                                                  <ptk:body>
                                                                                                                     <ptk:l>
                                                                                                                        <ptk:t>
</ptk:t>
                                                                                                                        <ptk:WtInternalLink>
                                                                                                                           <ptk:rtd>c3EAfgAjdXEAfgAnAAAAA3VxAH4AKQAAAAFxAH4BVnEAfgC6dXEAfgApAAAAAXEAfgFY</ptk:rtd>
                                                                                                                           <ptk:prefix/>
                                                                                                                           <ptk:postfix/>
                                                                                                                           <ptk:target>
                                                                                                                              <ptk:WtPageName location="Target:141:3">
                                                                                                                                 <ptk:content> جيبوتى </ptk:content>
                                                                                                                                 <ptk:rtd null="true"/>
                                                                                                                              </ptk:WtPageName>
                                                                                                                           </ptk:target>
                                                                                                                           <ptk:title>
                                                                                                                              <ptk:l>
                                                                                                                                 <ptk:t location="Target:141:12">جيبوتى</ptk:t>
                                                                                                                              </ptk:l>
                                                                                                                           </ptk:title>
                                                                                                                        </ptk:WtInternalLink>
                                                                                                                        <ptk:WtXmlEntityRef location="Target:141:21">
                                                                                                                           <ptk:rtd>c3EAfgAjdXEAfgAnAAAAAXVxAH4AKQAAAAF0AAYmbmJzcDs=</ptk:rtd>
                                                                                                                           <ptk:name>nbsp</ptk:name>
                                                                                                                           <ptk:resolved> </ptk:resolved>
                                                                                                                        </ptk:WtXmlEntityRef>
                                                                                                                        <ptk:t location="Target:141:26">•</ptk:t>
                                                                                                                     </ptk:l>
                                                                                                                  </ptk:body>
                                                                                                               </ptk:WtXmlElement>
                                                                                                               <ptk:t location="Target:141:34"> </ptk:t>
                                                                                                               <ptk:WtXmlElement>
                                                                                                                  <ptk:rtd>c3EAfgAjdXEAfgAnAAAAA3VxAH4AKQAAAAF0AAU8c3BhbnVxAH4AKQAAAAF0AAE+dXEAfgApAAAAAXQABzwvc3Bhbj4=</ptk:rtd>
                                                                                                                  <ptk:name>span</ptk:name>
                                                                                                                  <ptk:xmlAttributes>
                                                                                                                     <ptk:l location="Target:141:40">
                                                                                                                        <ptk:WtXmlAttribute location="Target:141:40">
                                                                                                                           <ptk:rtd>c3EAfgAjdXEAfgAnAAAAAnVxAH4AKQAAAAF0AAggc3R5bGU9InVxAH4AKQAAAAF0AAEi</ptk:rtd>
                                                                                                                           <ptk:name>style</ptk:name>
                                                                                                                           <ptk:value>
                                                                                                                              <ptk:l location="Target:141:48">
                                                                                                                                 <ptk:t location="Target:141:48">white-space:nowrap</ptk:t>
                                                                                                                              </ptk:l>
                                                                                                                           </ptk:value>
                                                                                                                        </ptk:WtXmlAttribute>
                                                                                                                     </ptk:l>
                                                                                                                  </ptk:xmlAttributes>
                                                                                                                  <ptk:body>
                                                                                                                     <ptk:l>
                                                                                                                        <ptk:t>
</ptk:t>
                                                                                                                        <ptk:WtInternalLink>
                                                                                                                           <ptk:rtd>c3EAfgAjdXEAfgAnAAAAA3VxAH4AKQAAAAFxAH4BVnEAfgC6dXEAfgApAAAAAXEAfgFY</ptk:rtd>
                                                                                                                           <ptk:prefix/>
                                                                                                                           <ptk:postfix/>
                                                                                                                           <ptk:target>
                                                                                                                              <ptk:WtPageName location="Target:142:3">
                                                                                                                                 <ptk:content> مصر </ptk:content>
                                                                                                                                 <ptk:rtd null="true"/>
                                                                                                                              </ptk:WtPageName>
                                                                                                                           </ptk:target>
                                                                                                                           <ptk:title>
                                                                                                                              <ptk:l>
                                                                                                                                 <ptk:t location="Target:142:9">مصر</ptk:t>
                                                                                                                              </ptk:l>
                                                                                                                           </ptk:title>
                                                                                                                        </ptk:WtInternalLink>
                                                                                                                        <ptk:WtXmlElement>
                                                                                                                           <ptk:rtd>c3EAfgAjdXEAfgAnAAAAA3VxAH4AKQAAAAF0AAQ8c3VwdXEAfgApAAAAAXQAAT51cQB+ACkAAAABdAAGPC9zdXA+</ptk:rtd>
                                                                                                                           <ptk:name>sup</ptk:name>
                                                                                                                           <ptk:xmlAttributes>
                                                                                                                              <ptk:WtXmlAttributes-WtEmptyXmlAttributes/>
                                                                                                                           </ptk:xmlAttributes>
                                                                                                                           <ptk:body>
                                                                                                                              <ptk:l>
                                                                                                                                 <ptk:WtXmlElement>
                                                                                                                                    <ptk:rtd>c3EAfgAjdXEAfgAnAAAAA3VxAH4AKQAAAAF0AAY8c21hbGx1cQB+ACkAAAABdAABPnVxAH4AKQAAAAF0AAg8L3NtYWxsPg==</ptk:rtd>
                                                                                                                                    <ptk:name>small</ptk:name>
                                                                                                                                    <ptk:xmlAttributes>
                                                                                                                                       <ptk:WtXmlAttributes-WtEmptyXmlAttributes/>
                                                                                                                                    </ptk:xmlAttributes>
                                                                                                                                    <ptk:body>
                                                                                                                                       <ptk:l>
                                                                                                                                          <ptk:t location="Target:142:26">1</ptk:t>
                                                                                                                                       </ptk:l>
                                                                                                                                    </ptk:body>
                                                                                                                                 </ptk:WtXmlElement>
                                                                                                                              </ptk:l>
                                                                                                                           </ptk:body>
                                                                                                                        </ptk:WtXmlElement>
                                                                                                                        <ptk:WtXmlEntityRef location="Target:142:42">
                                                                                                                           <ptk:rtd>c3EAfgAjdXEAfgAnAAAAAXVxAH4AKQAAAAF0AAYmbmJzcDs=</ptk:rtd>
                                                                                                                           <ptk:name>nbsp</ptk:name>
                                                                                                                           <ptk:resolved> </ptk:resolved>
                                                                                                                        </ptk:WtXmlEntityRef>
                                                                                                                        <ptk:t location="Target:142:47">•</ptk:t>
                                                                                                                     </ptk:l>
                                                                                                                  </ptk:body>
                                                                                                               </ptk:WtXmlElement>
                                                                                                               <ptk:t location="Target:142:55"> </ptk:t>
                                                                                                               <ptk:WtXmlElement>
                                                                                                                  <ptk:rtd>c3EAfgAjdXEAfgAnAAAAA3VxAH4AKQAAAAF0AAU8c3BhbnVxAH4AKQAAAAF0AAE+dXEAfgApAAAAAXQABzwvc3Bhbj4=</ptk:rtd>
                                                                                                                  <ptk:name>span</ptk:name>
                                                                                                                  <ptk:xmlAttributes>
                                                                                                                     <ptk:l location="Target:142:61">
                                                                                                                        <ptk:WtXmlAttribute location="Target:142:61">
                                                                                                                           <ptk:rtd>c3EAfgAjdXEAfgAnAAAAAnVxAH4AKQAAAAF0AAggc3R5bGU9InVxAH4AKQAAAAF0AAEi</ptk:rtd>
                                                                                                                           <ptk:name>style</ptk:name>
                                                                                                                           <ptk:value>
                                                                                                                              <ptk:l location="Target:142:69">
                                                                                                                                 <ptk:t location="Target:142:69">white-space:nowrap</ptk:t>
                                                                                                                              </ptk:l>
                                                                                                                           </ptk:value>
                                                                                                                        </ptk:WtXmlAttribute>
                                                                                                                     </ptk:l>
                                                                                                                  </ptk:xmlAttributes>
                                                                                                                  <ptk:body>
                                                                                                                     <ptk:l>
                                                                                                                        <ptk:t>
</ptk:t>
                                                                                                                        <ptk:WtInternalLink>
                                                                                                                           <ptk:rtd>c3EAfgAjdXEAfgAnAAAAA3VxAH4AKQAAAAFxAH4BVnEAfgC6dXEAfgApAAAAAXEAfgFY</ptk:rtd>
                                                                                                                           <ptk:prefix/>
                                                                                                                           <ptk:postfix/>
                                                                                                                           <ptk:target>
                                                                                                                              <ptk:WtPageName location="Target:143:3">
                                                                                                                                 <ptk:content> جينيا الاستوائيه </ptk:content>
                                                                                                                                 <ptk:rtd null="true"/>
                                                                                                                              </ptk:WtPageName>
                                                                                                                           </ptk:target>
                                                                                                                           <ptk:title>
                                                                                                                              <ptk:l>
                                                                                                                                 <ptk:t location="Target:143:22">جينيا الاستوائيه</ptk:t>
                                                                                                                              </ptk:l>
                                                                                                                           </ptk:title>
                                                                                                                        </ptk:WtInternalLink>
                                                                                                                        <ptk:WtXmlEntityRef location="Target:143:41">
                                                                                                                           <ptk:rtd>c3EAfgAjdXEAfgAnAAAAAXVxAH4AKQAAAAF0AAYmbmJzcDs=</ptk:rtd>
                                                                                                                           <ptk:name>nbsp</ptk:name>
                                                                                                                           <ptk:resolved> </ptk:resolved>
                                                                                                                        </ptk:WtXmlEntityRef>
                                                                                                                        <ptk:t location="Target:143:46">•</ptk:t>
                                                                                                                     </ptk:l>
                                                                                                                  </ptk:body>
                                                                                                               </ptk:WtXmlElement>
                                                                                                               <ptk:t location="Target:143:54"> </ptk:t>
                                                                                                               <ptk:WtXmlElement>
                                                                                                                  <ptk:rtd>c3EAfgAjdXEAfgAnAAAAA3VxAH4AKQAAAAF0AAU8c3BhbnVxAH4AKQAAAAF0AAE+dXEAfgApAAAAAXQABzwvc3Bhbj4=</ptk:rtd>
                                                                                                                  <ptk:name>span</ptk:name>
                                                                                                                  <ptk:xmlAttributes>
                                                                                                                     <ptk:l location="Target:143:60">
                                                                                                                        <ptk:WtXmlAttribute location="Target:143:60">
                                                                                                                           <ptk:rtd>c3EAfgAjdXEAfgAnAAAAAnVxAH4AKQAAAAF0AAggc3R5bGU9InVxAH4AKQAAAAF0AAEi</ptk:rtd>
                                                                                                                           <ptk:name>style</ptk:name>
                                                                                                                           <ptk:value>
                                                                                                                              <ptk:l location="Target:143:68">
                                                                                                                                 <ptk:t location="Target:143:68">white-space:nowrap</ptk:t>
                                                                                                                              </ptk:l>
                                                                                                                           </ptk:value>
                                                                                                                        </ptk:WtXmlAttribute>
                                                                                                                     </ptk:l>
                                                                                                                  </ptk:xmlAttributes>
                                                                                                                  <ptk:body>
                                                                                                                     <ptk:l>
                                                                                                                        <ptk:t>
</ptk:t>
                                                                                                                        <ptk:WtInternalLink>
                                                                                                                           <ptk:rtd>c3EAfgAjdXEAfgAnAAAAA3VxAH4AKQAAAAFxAH4BVnEAfgC6dXEAfgApAAAAAXEAfgFY</ptk:rtd>
                                                                                                                           <ptk:prefix/>
                                                                                                                           <ptk:postfix/>
                                                                                                                           <ptk:target>
                                                                                                                              <ptk:WtPageName location="Target:144:3">
                                                                                                                                 <ptk:content> اريتريا </ptk:content>
                                                                                                                                 <ptk:rtd null="true"/>
                                                                                                                              </ptk:WtPageName>
                                                                                                                           </ptk:target>
                                                                                                                           <ptk:title>
                                                                                                                              <ptk:l>
                                                                                                                                 <ptk:t location="Target:144:13">اريتريا</ptk:t>
                                                                                                                              </ptk:l>
                                                                                                                           </ptk:title>
                                                                                                                        </ptk:WtInternalLink>
                                                                                                                        <ptk:WtXmlEntityRef location="Target:144:23">
                                                                                                                           <ptk:rtd>c3EAfgAjdXEAfgAnAAAAAXVxAH4AKQAAAAF0AAYmbmJzcDs=</ptk:rtd>
                                                                                                                           <ptk:name>nbsp</ptk:name>
                                                                                                                           <ptk:resolved> </ptk:resolved>
                                                                                                                        </ptk:WtXmlEntityRef>
                                                                                                                        <ptk:t location="Target:144:28">•</ptk:t>
                                                                                                                     </ptk:l>
                                                                                                                  </ptk:body>
                                                                                                               </ptk:WtXmlElement>
                                                                                                               <ptk:t location="Target:144:36"> </ptk:t>
                                                                                                               <ptk:WtXmlElement>
                                                                                                                  <ptk:rtd>c3EAfgAjdXEAfgAnAAAAA3VxAH4AKQAAAAF0AAU8c3BhbnVxAH4AKQAAAAF0AAE+dXEAfgApAAAAAXQABzwvc3Bhbj4=</ptk:rtd>
                                                                                                                  <ptk:name>span</ptk:name>
                                                                                                                  <ptk:xmlAttributes>
                                                                                                                     <ptk:l location="Target:144:42">
                                                                                                                        <ptk:WtXmlAttribute location="Target:144:42">
                                                                                                                           <ptk:rtd>c3EAfgAjdXEAfgAnAAAAAnVxAH4AKQAAAAF0AAggc3R5bGU9InVxAH4AKQAAAAF0AAEi</ptk:rtd>
                                                                                                                           <ptk:name>style</ptk:name>
                                                                                                                           <ptk:value>
                                                                                                                              <ptk:l location="Target:144:50">
                                                                                                                                 <ptk:t location="Target:144:50">white-space:nowrap</ptk:t>
                                                                                                                              </ptk:l>
                                                                                                                           </ptk:value>
                                                                                                                        </ptk:WtXmlAttribute>
                                                                                                                     </ptk:l>
                                                                                                                  </ptk:xmlAttributes>
                                                                                                                  <ptk:body>
                                                                                                                     <ptk:l>
                                                                                                                        <ptk:t>
</ptk:t>
                                                                                                                        <ptk:WtInternalLink>
                                                                                                                           <ptk:rtd>c3EAfgAjdXEAfgAnAAAAA3VxAH4AKQAAAAFxAH4BVnEAfgC6dXEAfgApAAAAAXEAfgFY</ptk:rtd>
                                                                                                                           <ptk:prefix/>
                                                                                                                           <ptk:postfix/>
                                                                                                                           <ptk:target>
                                                                                                                              <ptk:WtPageName location="Target:145:3">
                                                                                                                                 <ptk:content> اثيوبيا </ptk:content>
                                                                                                                                 <ptk:rtd null="true"/>
                                                                                                                              </ptk:WtPageName>
                                                                                                                           </ptk:target>
                                                                                                                           <ptk:title>
                                                                                                                              <ptk:l>
                                                                                                                                 <ptk:t location="Target:145:13">اثيوبيا</ptk:t>
                                                                                                                              </ptk:l>
                                                                                                                           </ptk:title>
                                                                                                                        </ptk:WtInternalLink>
                                                                                                                        <ptk:WtXmlEntityRef location="Target:145:23">
                                                                                                                           <ptk:rtd>c3EAfgAjdXEAfgAnAAAAAXVxAH4AKQAAAAF0AAYmbmJzcDs=</ptk:rtd>
                                                                                                                           <ptk:name>nbsp</ptk:name>
                                                                                                                           <ptk:resolved> </ptk:resolved>
                                                                                                                        </ptk:WtXmlEntityRef>
                                                                                                                        <ptk:t location="Target:145:28">•</ptk:t>
                                                                                                                     </ptk:l>
                                                                                                                  </ptk:body>
                                                                                                               </ptk:WtXmlElement>
                                                                                                               <ptk:t location="Target:145:36"> </ptk:t>
                                                                                                               <ptk:WtXmlElement>
                                                                                                                  <ptk:rtd>c3EAfgAjdXEAfgAnAAAAA3VxAH4AKQAAAAF0AAU8c3BhbnVxAH4AKQAAAAF0AAE+dXEAfgApAAAAAXQABzwvc3Bhbj4=</ptk:rtd>
                                                                                                                  <ptk:name>span</ptk:name>
                                                                                                                  <ptk:xmlAttributes>
                                                                                                                     <ptk:l location="Target:145:42">
                                                                                                                        <ptk:WtXmlAttribute location="Target:145:42">
                                                                                                                           <ptk:rtd>c3EAfgAjdXEAfgAnAAAAAnVxAH4AKQAAAAF0AAggc3R5bGU9InVxAH4AKQAAAAF0AAEi</ptk:rtd>
                                                                                                                           <ptk:name>style</ptk:name>
                                                                                                                           <ptk:value>
                                                                                                                              <ptk:l location="Target:145:50">
                                                                                                                                 <ptk:t location="Target:145:50">white-space:nowrap</ptk:t>
                                                                                                                              </ptk:l>
                                                                                                                           </ptk:value>
                                                                                                                        </ptk:WtXmlAttribute>
                                                                                                                     </ptk:l>
                                                                                                                  </ptk:xmlAttributes>
                                                                                                                  <ptk:body>
                                                                                                                     <ptk:l>
                                                                                                                        <ptk:t>
</ptk:t>
                                                                                                                        <ptk:WtInternalLink>
                                                                                                                           <ptk:rtd>c3EAfgAjdXEAfgAnAAAAA3VxAH4AKQAAAAFxAH4BVnEAfgC6dXEAfgApAAAAAXEAfgFY</ptk:rtd>
                                                                                                                           <ptk:prefix/>
                                                                                                                           <ptk:postfix/>
                                                                                                                           <ptk:target>
                                                                                                                              <ptk:WtPageName location="Target:146:3">
                                                                                                                                 <ptk:content> الجابون </ptk:content>
                                                                                                                                 <ptk:rtd null="true"/>
                                                                                                                              </ptk:WtPageName>
                                                                                                                           </ptk:target>
                                                                                                                           <ptk:title>
                                                                                                                              <ptk:l>
                                                                                                                                 <ptk:t location="Target:146:13">الجابون</ptk:t>
                                                                                                                              </ptk:l>
                                                                                                                           </ptk:title>
                                                                                                                        </ptk:WtInternalLink>
                                                                                                                        <ptk:WtXmlEntityRef location="Target:146:23">
                                                                                                                           <ptk:rtd>c3EAfgAjdXEAfgAnAAAAAXVxAH4AKQAAAAF0AAYmbmJzcDs=</ptk:rtd>
                                                                                                                           <ptk:name>nbsp</ptk:name>
                                                                                                                           <ptk:resolved> </ptk:resolved>
                                                                                                                        </ptk:WtXmlEntityRef>
                                                                                                                        <ptk:t location="Target:146:28">•</ptk:t>
                                                                                                                     </ptk:l>
                                                                                                                  </ptk:body>
                                                                                                               </ptk:WtXmlElement>
                                                                                                               <ptk:t location="Target:146:36"> </ptk:t>
                                                                                                               <ptk:WtXmlElement>
                                                                                                                  <ptk:rtd>c3EAfgAjdXEAfgAnAAAAA3VxAH4AKQAAAAF0AAU8c3BhbnVxAH4AKQAAAAF0AAE+dXEAfgApAAAAAXQABzwvc3Bhbj4=</ptk:rtd>
                                                                                                                  <ptk:name>span</ptk:name>
                                                                                                                  <ptk:xmlAttributes>
                                                                                                                     <ptk:l location="Target:146:42">
                                                                                                                        <ptk:WtXmlAttribute location="Target:146:42">
                                                                                                                           <ptk:rtd>c3EAfgAjdXEAfgAnAAAAAnVxAH4AKQAAAAF0AAggc3R5bGU9InVxAH4AKQAAAAF0AAEi</ptk:rtd>
                                                                                                                           <ptk:name>style</ptk:name>
                                                                                                                           <ptk:value>
                                                                                                                              <ptk:l location="Target:146:50">
                                                                                                                                 <ptk:t location="Target:146:50">white-space:nowrap</ptk:t>
                                                                                                                              </ptk:l>
                                                                                                                           </ptk:value>
                                                                                                                        </ptk:WtXmlAttribute>
                                                                                                                     </ptk:l>
                                                                                                                  </ptk:xmlAttributes>
                                                                                                                  <ptk:body>
                                                                                                                     <ptk:l>
                                                                                                                        <ptk:t>
</ptk:t>
                                                                                                                        <ptk:WtInternalLink>
                                                                                                                           <ptk:rtd>c3EAfgAjdXEAfgAnAAAAA3VxAH4AKQAAAAFxAH4BVnEAfgC6dXEAfgApAAAAAXEAfgFY</ptk:rtd>
                                                                                                                           <ptk:prefix/>
                                                                                                                           <ptk:postfix/>
                                                                                                                           <ptk:target>
                                                                                                                              <ptk:WtPageName location="Target:147:3">
                                                                                                                                 <ptk:content> جامبيا </ptk:content>
                                                                                                                                 <ptk:rtd null="true"/>
                                                                                                                              </ptk:WtPageName>
                                                                                                                           </ptk:target>
                                                                                                                           <ptk:title>
                                                                                                                              <ptk:l>
                                                                                                                                 <ptk:t location="Target:147:12">جامبيا</ptk:t>
                                                                                                                              </ptk:l>
                                                                                                                           </ptk:title>
                                                                                                                        </ptk:WtInternalLink>
                                                                                                                        <ptk:WtXmlEntityRef location="Target:147:21">
                                                                                                                           <ptk:rtd>c3EAfgAjdXEAfgAnAAAAAXVxAH4AKQAAAAF0AAYmbmJzcDs=</ptk:rtd>
                                                                                                                           <ptk:name>nbsp</ptk:name>
                                                                                                                           <ptk:resolved> </ptk:resolved>
                                                                                                                        </ptk:WtXmlEntityRef>
                                                                                                                        <ptk:t location="Target:147:26">•</ptk:t>
                                                                                                                     </ptk:l>
                                                                                                                  </ptk:body>
                                                                                                               </ptk:WtXmlElement>
                                                                                                               <ptk:t location="Target:147:34"> </ptk:t>
                                                                                                               <ptk:WtXmlElement>
                                                                                                                  <ptk:rtd>c3EAfgAjdXEAfgAnAAAAA3VxAH4AKQAAAAF0AAU8c3BhbnVxAH4AKQAAAAF0AAE+dXEAfgApAAAAAXQABzwvc3Bhbj4=</ptk:rtd>
                                                                                                                  <ptk:name>span</ptk:name>
                                                                                                                  <ptk:xmlAttributes>
                                                                                                                     <ptk:l location="Target:147:40">
                                                                                                                        <ptk:WtXmlAttribute location="Target:147:40">
                                                                                                                           <ptk:rtd>c3EAfgAjdXEAfgAnAAAAAnVxAH4AKQAAAAF0AAggc3R5bGU9InVxAH4AKQAAAAF0AAEi</ptk:rtd>
                                                                                                                           <ptk:name>style</ptk:name>
                                                                                                                           <ptk:value>
                                                                                                                              <ptk:l location="Target:147:48">
                                                                                                                                 <ptk:t location="Target:147:48">white-space:nowrap</ptk:t>
                                                                                                                              </ptk:l>
                                                                                                                           </ptk:value>
                                                                                                                        </ptk:WtXmlAttribute>
                                                                                                                     </ptk:l>
                                                                                                                  </ptk:xmlAttributes>
                                                                                                                  <ptk:body>
                                                                                                                     <ptk:l>
                                                                                                                        <ptk:t>
</ptk:t>
                                                                                                                        <ptk:WtInternalLink>
                                                                                                                           <ptk:rtd>c3EAfgAjdXEAfgAnAAAAA3VxAH4AKQAAAAFxAH4BVnEAfgC6dXEAfgApAAAAAXEAfgFY</ptk:rtd>
                                                                                                                           <ptk:prefix/>
                                                                                                                           <ptk:postfix/>
                                                                                                                           <ptk:target>
                                                                                                                              <ptk:WtPageName location="Target:148:3">
                                                                                                                                 <ptk:content> جانا </ptk:content>
                                                                                                                                 <ptk:rtd null="true"/>
                                                                                                                              </ptk:WtPageName>
                                                                                                                           </ptk:target>
                                                                                                                           <ptk:title>
                                                                                                                              <ptk:l>
                                                                                                                                 <ptk:t location="Target:148:10">جانا</ptk:t>
                                                                                                                              </ptk:l>
                                                                                                                           </ptk:title>
                                                                                                                        </ptk:WtInternalLink>
                                                                                                                        <ptk:WtXmlEntityRef location="Target:148:17">
                                                                                                                           <ptk:rtd>c3EAfgAjdXEAfgAnAAAAAXVxAH4AKQAAAAF0AAYmbmJzcDs=</ptk:rtd>
                                                                                                                           <ptk:name>nbsp</ptk:name>
                                                                                                                           <ptk:resolved> </ptk:resolved>
                                                                                                                        </ptk:WtXmlEntityRef>
                                                                                                                        <ptk:t location="Target:148:22">•</ptk:t>
                                                                                                                     </ptk:l>
                                                                                                                  </ptk:body>
                                                                                                               </ptk:WtXmlElement>
                                                                                                               <ptk:t location="Target:148:30"> </ptk:t>
                                                                                                               <ptk:WtXmlElement>
                                                                                                                  <ptk:rtd>c3EAfgAjdXEAfgAnAAAAA3VxAH4AKQAAAAF0AAU8c3BhbnVxAH4AKQAAAAF0AAE+dXEAfgApAAAAAXQABzwvc3Bhbj4=</ptk:rtd>
                                                                                                                  <ptk:name>span</ptk:name>
                                                                                                                  <ptk:xmlAttributes>
                                                                                                                     <ptk:l location="Target:148:36">
                                                                                                                        <ptk:WtXmlAttribute location="Target:148:36">
                                                                                                                           <ptk:rtd>c3EAfgAjdXEAfgAnAAAAAnVxAH4AKQAAAAF0AAggc3R5bGU9InVxAH4AKQAAAAF0AAEi</ptk:rtd>
                                                                                                                           <ptk:name>style</ptk:name>
                                                                                                                           <ptk:value>
                                                                                                                              <ptk:l location="Target:148:44">
                                                                                                                                 <ptk:t location="Target:148:44">white-space:nowrap</ptk:t>
                                                                                                                              </ptk:l>
                                                                                                                           </ptk:value>
                                                                                                                        </ptk:WtXmlAttribute>
                                                                                                                     </ptk:l>
                                                                                                                  </ptk:xmlAttributes>
                                                                                                                  <ptk:body>
                                                                                                                     <ptk:l>
                                                                                                                        <ptk:t>
</ptk:t>
                                                                                                                        <ptk:WtInternalLink>
                                                                                                                           <ptk:rtd>c3EAfgAjdXEAfgAnAAAAA3VxAH4AKQAAAAFxAH4BVnEAfgC6dXEAfgApAAAAAXEAfgFY</ptk:rtd>
                                                                                                                           <ptk:prefix/>
                                                                                                                           <ptk:postfix/>
                                                                                                                           <ptk:target>
                                                                                                                              <ptk:WtPageName location="Target:149:3">
                                                                                                                                 <ptk:content> غينيا </ptk:content>
                                                                                                                                 <ptk:rtd null="true"/>
                                                                                                                              </ptk:WtPageName>
                                                                                                                           </ptk:target>
                                                                                                                           <ptk:title>
                                                                                                                              <ptk:l>
                                                                                                                                 <ptk:t location="Target:149:11">غينيا</ptk:t>
                                                                                                                              </ptk:l>
                                                                                                                           </ptk:title>
                                                                                                                        </ptk:WtInternalLink>
                                                                                                                        <ptk:WtXmlEntityRef location="Target:149:19">
                                                                                                                           <ptk:rtd>c3EAfgAjdXEAfgAnAAAAAXVxAH4AKQAAAAF0AAYmbmJzcDs=</ptk:rtd>
                                                                                                                           <ptk:name>nbsp</ptk:name>
                                                                                                                           <ptk:resolved> </ptk:resolved>
                                                                                                                        </ptk:WtXmlEntityRef>
                                                                                                                        <ptk:t location="Target:149:24">•</ptk:t>
                                                                                                                     </ptk:l>
                                                                                                                  </ptk:body>
                                                                                                               </ptk:WtXmlElement>
                                                                                                               <ptk:t location="Target:149:32"> </ptk:t>
                                                                                                               <ptk:WtXmlElement>
                                                                                                                  <ptk:rtd>c3EAfgAjdXEAfgAnAAAAA3VxAH4AKQAAAAF0AAU8c3BhbnVxAH4AKQAAAAF0AAE+dXEAfgApAAAAAXQABzwvc3Bhbj4=</ptk:rtd>
                                                                                                                  <ptk:name>span</ptk:name>
                                                                                                                  <ptk:xmlAttributes>
                                                                                                                     <ptk:l location="Target:149:38">
                                                                                                                        <ptk:WtXmlAttribute location="Target:149:38">
                                                                                                                           <ptk:rtd>c3EAfgAjdXEAfgAnAAAAAnVxAH4AKQAAAAF0AAggc3R5bGU9InVxAH4AKQAAAAF0AAEi</ptk:rtd>
                                                                                                                           <ptk:name>style</ptk:name>
                                                                                                                           <ptk:value>
                                                                                                                              <ptk:l location="Target:149:46">
                                                                                                                                 <ptk:t location="Target:149:46">white-space:nowrap</ptk:t>
                                                                                                                              </ptk:l>
                                                                                                                           </ptk:value>
                                                                                                                        </ptk:WtXmlAttribute>
                                                                                                                     </ptk:l>
                                                                                                                  </ptk:xmlAttributes>
                                                                                                                  <ptk:body>
                                                                                                                     <ptk:l>
                                                                                                                        <ptk:t>
</ptk:t>
                                                                                                                        <ptk:WtInternalLink>
                                                                                                                           <ptk:rtd>c3EAfgAjdXEAfgAnAAAAA3VxAH4AKQAAAAFxAH4BVnEAfgC6dXEAfgApAAAAAXEAfgFY</ptk:rtd>
                                                                                                                           <ptk:prefix/>
                                                                                                                           <ptk:postfix/>
                                                                                                                           <ptk:target>
                                                                                                                              <ptk:WtPageName location="Target:150:3">
                                                                                                                                 <ptk:content> جينيا بيساو </ptk:content>
                                                                                                                                 <ptk:rtd null="true"/>
                                                                                                                              </ptk:WtPageName>
                                                                                                                           </ptk:target>
                                                                                                                           <ptk:title>
                                                                                                                              <ptk:l>
                                                                                                                                 <ptk:t location="Target:150:17">جينيا بيساو</ptk:t>
                                                                                                                              </ptk:l>
                                                                                                                           </ptk:title>
                                                                                                                        </ptk:WtInternalLink>
                                                                                                                        <ptk:WtXmlEntityRef location="Target:150:31">
                                                                                                                           <ptk:rtd>c3EAfgAjdXEAfgAnAAAAAXVxAH4AKQAAAAF0AAYmbmJzcDs=</ptk:rtd>
                                                                                                                           <ptk:name>nbsp</ptk:name>
                                                                                                                           <ptk:resolved> </ptk:resolved>
                                                                                                                        </ptk:WtXmlEntityRef>
                                                                                                                        <ptk:t location="Target:150:36">•</ptk:t>
                                                                                                                     </ptk:l>
                                                                                                                  </ptk:body>
                                                                                                               </ptk:WtXmlElement>
                                                                                                               <ptk:t location="Target:150:44"> </ptk:t>
                                                                                                               <ptk:WtXmlElement>
                                                                                                                  <ptk:rtd>c3EAfgAjdXEAfgAnAAAAA3VxAH4AKQAAAAF0AAU8c3BhbnVxAH4AKQAAAAF0AAE+dXEAfgApAAAAAXQABzwvc3Bhbj4=</ptk:rtd>
                                                                                                                  <ptk:name>span</ptk:name>
                                                                                                                  <ptk:xmlAttributes>
                                                                                                                     <ptk:l location="Target:150:50">
                                                                                                                        <ptk:WtXmlAttribute location="Target:150:50">
                                                                                                                           <ptk:rtd>c3EAfgAjdXEAfgAnAAAAAnVxAH4AKQAAAAF0AAggc3R5bGU9InVxAH4AKQAAAAF0AAEi</ptk:rtd>
                                                                                                                           <ptk:name>style</ptk:name>
                                                                                                                           <ptk:value>
                                                                                                                              <ptk:l location="Target:150:58">
                                                                                                                                 <ptk:t location="Target:150:58">white-space:nowrap</ptk:t>
                                                                                                                              </ptk:l>
                                                                                                                           </ptk:value>
                                                                                                                        </ptk:WtXmlAttribute>
                                                                                                                     </ptk:l>
                                                                                                                  </ptk:xmlAttributes>
                                                                                                                  <ptk:body>
                                                                                                                     <ptk:l>
                                                                                                                        <ptk:t>
</ptk:t>
                                                                                                                        <ptk:WtInternalLink>
                                                                                                                           <ptk:rtd>c3EAfgAjdXEAfgAnAAAAA3VxAH4AKQAAAAFxAH4BVnEAfgC6dXEAfgApAAAAAXEAfgFY</ptk:rtd>
                                                                                                                           <ptk:prefix/>
                                                                                                                           <ptk:postfix/>
                                                                                                                           <ptk:target>
                                                                                                                              <ptk:WtPageName location="Target:151:3">
                                                                                                                                 <ptk:content> كينيا </ptk:content>
                                                                                                                                 <ptk:rtd null="true"/>
                                                                                                                              </ptk:WtPageName>
                                                                                                                           </ptk:target>
                                                                                                                           <ptk:title>
                                                                                                                              <ptk:l>
                                                                                                                                 <ptk:t location="Target:151:11">كينيا</ptk:t>
                                                                                                                              </ptk:l>
                                                                                                                           </ptk:title>
                                                                                                                        </ptk:WtInternalLink>
                                                                                                                        <ptk:WtXmlEntityRef location="Target:151:19">
                                                                                                                           <ptk:rtd>c3EAfgAjdXEAfgAnAAAAAXVxAH4AKQAAAAF0AAYmbmJzcDs=</ptk:rtd>
                                                                                                                           <ptk:name>nbsp</ptk:name>
                                                                                                                           <ptk:resolved> </ptk:resolved>
                                                                                                                        </ptk:WtXmlEntityRef>
                                                                                                                        <ptk:t location="Target:151:24">•</ptk:t>
                                                                                                                     </ptk:l>
                                                                                                                  </ptk:body>
                                                                                                               </ptk:WtXmlElement>
                                                                                                               <ptk:t location="Target:151:32"> </ptk:t>
                                                                                                               <ptk:WtXmlElement>
                                                                                                                  <ptk:rtd>c3EAfgAjdXEAfgAnAAAAA3VxAH4AKQAAAAF0AAU8c3BhbnVxAH4AKQAAAAF0AAE+dXEAfgApAAAAAXQABzwvc3Bhbj4=</ptk:rtd>
                                                                                                                  <ptk:name>span</ptk:name>
                                                                                                                  <ptk:xmlAttributes>
                                                                                                                     <ptk:l location="Target:151:38">
                                                                                                                        <ptk:WtXmlAttribute location="Target:151:38">
                                                                                                                           <ptk:rtd>c3EAfgAjdXEAfgAnAAAAAnVxAH4AKQAAAAF0AAggc3R5bGU9InVxAH4AKQAAAAF0AAEi</ptk:rtd>
                                                                                                                           <ptk:name>style</ptk:name>
                                                                                                                           <ptk:value>
                                                                                                                              <ptk:l location="Target:151:46">
                                                                                                                                 <ptk:t location="Target:151:46">white-space:nowrap</ptk:t>
                                                                                                                              </ptk:l>
                                                                                                                           </ptk:value>
                                                                                                                        </ptk:WtXmlAttribute>
                                                                                                                     </ptk:l>
                                                                                                                  </ptk:xmlAttributes>
                                                                                                                  <ptk:body>
                                                                                                                     <ptk:l>
                                                                                                                        <ptk:t>
</ptk:t>
                                                                                                                        <ptk:WtInternalLink>
                                                                                                                           <ptk:rtd>c3EAfgAjdXEAfgAnAAAAA3VxAH4AKQAAAAFxAH4BVnEAfgC6dXEAfgApAAAAAXEAfgFY</ptk:rtd>
                                                                                                                           <ptk:prefix/>
                                                                                                                           <ptk:postfix/>
                                                                                                                           <ptk:target>
                                                                                                                              <ptk:WtPageName location="Target:152:3">
                                                                                                                                 <ptk:content> ليسوتو </ptk:content>
                                                                                                                                 <ptk:rtd null="true"/>
                                                                                                                              </ptk:WtPageName>
                                                                                                                           </ptk:target>
                                                                                                                           <ptk:title>
                                                                                                                              <ptk:l>
                                                                                                                                 <ptk:t location="Target:152:12">ليسوتو</ptk:t>
                                                                                                                              </ptk:l>
                                                                                                                           </ptk:title>
                                                                                                                        </ptk:WtInternalLink>
                                                                                                                        <ptk:WtXmlEntityRef location="Target:152:21">
                                                                                                                           <ptk:rtd>c3EAfgAjdXEAfgAnAAAAAXVxAH4AKQAAAAF0AAYmbmJzcDs=</ptk:rtd>
                                                                                                                           <ptk:name>nbsp</ptk:name>
                                                                                                                           <ptk:resolved> </ptk:resolved>
                                                                                                                        </ptk:WtXmlEntityRef>
                                                                                                                        <ptk:t location="Target:152:26">•</ptk:t>
                                                                                                                     </ptk:l>
                                                                                                                  </ptk:body>
                                                                                                               </ptk:WtXmlElement>
                                                                                                               <ptk:t location="Target:152:34"> </ptk:t>
                                                                                                               <ptk:WtXmlElement>
                                                                                                                  <ptk:rtd>c3EAfgAjdXEAfgAnAAAAA3VxAH4AKQAAAAF0AAU8c3BhbnVxAH4AKQAAAAF0AAE+dXEAfgApAAAAAXQABzwvc3Bhbj4=</ptk:rtd>
                                                                                                                  <ptk:name>span</ptk:name>
                                                                                                                  <ptk:xmlAttributes>
                                                                                                                     <ptk:l location="Target:152:40">
                                                                                                                        <ptk:WtXmlAttribute location="Target:152:40">
                                                                                                                           <ptk:rtd>c3EAfgAjdXEAfgAnAAAAAnVxAH4AKQAAAAF0AAggc3R5bGU9InVxAH4AKQAAAAF0AAEi</ptk:rtd>
                                                                                                                           <ptk:name>style</ptk:name>
                                                                                                                           <ptk:value>
                                                                                                                              <ptk:l location="Target:152:48">
                                                                                                                                 <ptk:t location="Target:152:48">white-space:nowrap</ptk:t>
                                                                                                                              </ptk:l>
                                                                                                                           </ptk:value>
                                                                                                                        </ptk:WtXmlAttribute>
                                                                                                                     </ptk:l>
                                                                                                                  </ptk:xmlAttributes>
                                                                                                                  <ptk:body>
                                                                                                                     <ptk:l>
                                                                                                                        <ptk:t>
</ptk:t>
                                                                                                                        <ptk:WtInternalLink>
                                                                                                                           <ptk:rtd>c3EAfgAjdXEAfgAnAAAAA3VxAH4AKQAAAAFxAH4BVnEAfgC6dXEAfgApAAAAAXEAfgFY</ptk:rtd>
                                                                                                                           <ptk:prefix/>
                                                                                                                           <ptk:postfix/>
                                                                                                                           <ptk:target>
                                                                                                                              <ptk:WtPageName location="Target:153:3">
                                                                                                                                 <ptk:content> ليبيريا </ptk:content>
                                                                                                                                 <ptk:rtd null="true"/>
                                                                                                                              </ptk:WtPageName>
                                                                                                                           </ptk:target>
                                                                                                                           <ptk:title>
                                                                                                                              <ptk:l>
                                                                                                                                 <ptk:t location="Target:153:13">ليبيريا</ptk:t>
                                                                                                                              </ptk:l>
                                                                                                                           </ptk:title>
                                                                                                                        </ptk:WtInternalLink>
                                                                                                                        <ptk:WtXmlEntityRef location="Target:153:23">
                                                                                                                           <ptk:rtd>c3EAfgAjdXEAfgAnAAAAAXVxAH4AKQAAAAF0AAYmbmJzcDs=</ptk:rtd>
                                                                                                                           <ptk:name>nbsp</ptk:name>
                                                                                                                           <ptk:resolved> </ptk:resolved>
                                                                                                                        </ptk:WtXmlEntityRef>
                                                                                                                        <ptk:t location="Target:153:28">•</ptk:t>
                                                                                                                     </ptk:l>
                                                                                                                  </ptk:body>
                                                                                                               </ptk:WtXmlElement>
                                                                                                               <ptk:t location="Target:153:36"> </ptk:t>
                                                                                                               <ptk:WtXmlElement>
                                                                                                                  <ptk:rtd>c3EAfgAjdXEAfgAnAAAAA3VxAH4AKQAAAAF0AAU8c3BhbnVxAH4AKQAAAAF0AAE+dXEAfgApAAAAAXQABzwvc3Bhbj4=</ptk:rtd>
                                                                                                                  <ptk:name>span</ptk:name>
                                                                                                                  <ptk:xmlAttributes>
                                                                                                                     <ptk:l location="Target:153:42">
                                                                                                                        <ptk:WtXmlAttribute location="Target:153:42">
                                                                                                                           <ptk:rtd>c3EAfgAjdXEAfgAnAAAAAnVxAH4AKQAAAAF0AAggc3R5bGU9InVxAH4AKQAAAAF0AAEi</ptk:rtd>
                                                                                                                           <ptk:name>style</ptk:name>
                                                                                                                           <ptk:value>
                                                                                                                              <ptk:l location="Target:153:50">
                                                                                                                                 <ptk:t location="Target:153:50">white-space:nowrap</ptk:t>
                                                                                                                              </ptk:l>
                                                                                                                           </ptk:value>
                                                                                                                        </ptk:WtXmlAttribute>
                                                                                                                     </ptk:l>
                                                                                                                  </ptk:xmlAttributes>
                                                                                                                  <ptk:body>
                                                                                                                     <ptk:l>
                                                                                                                        <ptk:t>
</ptk:t>
                                                                                                                        <ptk:WtInternalLink>
                                                                                                                           <ptk:rtd>c3EAfgAjdXEAfgAnAAAAA3VxAH4AKQAAAAFxAH4BVnEAfgC6dXEAfgApAAAAAXEAfgFY</ptk:rtd>
                                                                                                                           <ptk:prefix/>
                                                                                                                           <ptk:postfix/>
                                                                                                                           <ptk:target>
                                                                                                                              <ptk:WtPageName location="Target:154:3">
                                                                                                                                 <ptk:content> ليبيا </ptk:content>
                                                                                                                                 <ptk:rtd null="true"/>
                                                                                                                              </ptk:WtPageName>
                                                                                                                           </ptk:target>
                                                                                                                           <ptk:title>
                                                                                                                              <ptk:l>
                                                                                                                                 <ptk:t location="Target:154:11">ليبيا</ptk:t>
                                                                                                                              </ptk:l>
                                                                                                                           </ptk:title>
                                                                                                                        </ptk:WtInternalLink>
                                                                                                                        <ptk:WtXmlEntityRef location="Target:154:19">
                                                                                                                           <ptk:rtd>c3EAfgAjdXEAfgAnAAAAAXVxAH4AKQAAAAF0AAYmbmJzcDs=</ptk:rtd>
                                                                                                                           <ptk:name>nbsp</ptk:name>
                                                                                                                           <ptk:resolved> </ptk:resolved>
                                                                                                                        </ptk:WtXmlEntityRef>
                                                                                                                        <ptk:t location="Target:154:24">•</ptk:t>
                                                                                                                     </ptk:l>
                                                                                                                  </ptk:body>
                                                                                                               </ptk:WtXmlElement>
                                                                                                               <ptk:t location="Target:154:32"> </ptk:t>
                                                                                                               <ptk:WtXmlElement>
                                                                                                                  <ptk:rtd>c3EAfgAjdXEAfgAnAAAAA3VxAH4AKQAAAAF0AAU8c3BhbnVxAH4AKQAAAAF0AAE+dXEAfgApAAAAAXQABzwvc3Bhbj4=</ptk:rtd>
                                                                                                                  <ptk:name>span</ptk:name>
                                                                                                                  <ptk:xmlAttributes>
                                                                                                                     <ptk:l location="Target:154:38">
                                                                                                                        <ptk:WtXmlAttribute location="Target:154:38">
                                                                                                                           <ptk:rtd>c3EAfgAjdXEAfgAnAAAAAnVxAH4AKQAAAAF0AAggc3R5bGU9InVxAH4AKQAAAAF0AAEi</ptk:rtd>
                                                                                                                           <ptk:name>style</ptk:name>
                                                                                                                           <ptk:value>
                                                                                                                              <ptk:l location="Target:154:46">
                                                                                                                                 <ptk:t location="Target:154:46">white-space:nowrap</ptk:t>
                                                                                                                              </ptk:l>
                                                                                                                           </ptk:value>
                                                                                                                        </ptk:WtXmlAttribute>
                                                                                                                     </ptk:l>
                                                                                                                  </ptk:xmlAttributes>
                                                                                                                  <ptk:body>
                                                                                                                     <ptk:l>
                                                                                                                        <ptk:t>
</ptk:t>
                                                                                                                        <ptk:WtInternalLink>
                                                                                                                           <ptk:rtd>c3EAfgAjdXEAfgAnAAAAA3VxAH4AKQAAAAFxAH4BVnEAfgC6dXEAfgApAAAAAXEAfgFY</ptk:rtd>
                                                                                                                           <ptk:prefix/>
                                                                                                                           <ptk:postfix/>
                                                                                                                           <ptk:target>
                                                                                                                              <ptk:WtPageName location="Target:155:3">
                                                                                                                                 <ptk:content> مدغشقر </ptk:content>
                                                                                                                                 <ptk:rtd null="true"/>
                                                                                                                              </ptk:WtPageName>
                                                                                                                           </ptk:target>
                                                                                                                           <ptk:title>
                                                                                                                              <ptk:l>
                                                                                                                                 <ptk:t location="Target:155:12">مدغشقر</ptk:t>
                                                                                                                              </ptk:l>
                                                                                                                           </ptk:title>
                                                                                                                        </ptk:WtInternalLink>
                                                                                                                        <ptk:WtXmlEntityRef location="Target:155:21">
                                                                                                                           <ptk:rtd>c3EAfgAjdXEAfgAnAAAAAXVxAH4AKQAAAAF0AAYmbmJzcDs=</ptk:rtd>
                                                                                                                           <ptk:name>nbsp</ptk:name>
                                                                                                                           <ptk:resolved> </ptk:resolved>
                                                                                                                        </ptk:WtXmlEntityRef>
                                                                                                                        <ptk:t location="Target:155:26">•</ptk:t>
                                                                                                                     </ptk:l>
                                                                                                                  </ptk:body>
                                                                                                               </ptk:WtXmlElement>
                                                                                                               <ptk:t location="Target:155:34"> </ptk:t>
                                                                                                               <ptk:WtXmlElement>
                                                                                                                  <ptk:rtd>c3EAfgAjdXEAfgAnAAAAA3VxAH4AKQAAAAF0AAU8c3BhbnVxAH4AKQAAAAF0AAE+dXEAfgApAAAAAXQABzwvc3Bhbj4=</ptk:rtd>
                                                                                                                  <ptk:name>span</ptk:name>
                                                                                                                  <ptk:xmlAttributes>
                                                                                                                     <ptk:l location="Target:155:40">
                                                                                                                        <ptk:WtXmlAttribute location="Target:155:40">
                                                                                                                           <ptk:rtd>c3EAfgAjdXEAfgAnAAAAAnVxAH4AKQAAAAF0AAggc3R5bGU9InVxAH4AKQAAAAF0AAEi</ptk:rtd>
                                                                                                                           <ptk:name>style</ptk:name>
                                                                                                                           <ptk:value>
                                                                                                                              <ptk:l location="Target:155:48">
                                                                                                                                 <ptk:t location="Target:155:48">white-space:nowrap</ptk:t>
                                                                                                                              </ptk:l>
                                                                                                                           </ptk:value>
                                                                                                                        </ptk:WtXmlAttribute>
                                                                                                                     </ptk:l>
                                                                                                                  </ptk:xmlAttributes>
                                                                                                                  <ptk:body>
                                                                                                                     <ptk:l>
                                                                                                                        <ptk:t>
</ptk:t>
                                                                                                                        <ptk:WtInternalLink>
                                                                                                                           <ptk:rtd>c3EAfgAjdXEAfgAnAAAAA3VxAH4AKQAAAAFxAH4BVnEAfgC6dXEAfgApAAAAAXEAfgFY</ptk:rtd>
                                                                                                                           <ptk:prefix/>
                                                                                                                           <ptk:postfix/>
                                                                                                                           <ptk:target>
                                                                                                                              <ptk:WtPageName location="Target:156:3">
                                                                                                                                 <ptk:content> مالاوى </ptk:content>
                                                                                                                                 <ptk:rtd null="true"/>
                                                                                                                              </ptk:WtPageName>
                                                                                                                           </ptk:target>
                                                                                                                           <ptk:title>
                                                                                                                              <ptk:l>
                                                                                                                                 <ptk:t location="Target:156:12">مالاوى</ptk:t>
                                                                                                                              </ptk:l>
                                                                                                                           </ptk:title>
                                                                                                                        </ptk:WtInternalLink>
                                                                                                                        <ptk:WtXmlEntityRef location="Target:156:21">
                                                                                                                           <ptk:rtd>c3EAfgAjdXEAfgAnAAAAAXVxAH4AKQAAAAF0AAYmbmJzcDs=</ptk:rtd>
                                                                                                                           <ptk:name>nbsp</ptk:name>
                                                                                                                           <ptk:resolved> </ptk:resolved>
                                                                                                                        </ptk:WtXmlEntityRef>
                                                                                                                        <ptk:t location="Target:156:26">•</ptk:t>
                                                                                                                     </ptk:l>
                                                                                                                  </ptk:body>
                                                                                                               </ptk:WtXmlElement>
                                                                                                               <ptk:t location="Target:156:34"> </ptk:t>
                                                                                                               <ptk:WtXmlElement>
                                                                                                                  <ptk:rtd>c3EAfgAjdXEAfgAnAAAAA3VxAH4AKQAAAAF0AAU8c3BhbnVxAH4AKQAAAAF0AAE+dXEAfgApAAAAAXQABzwvc3Bhbj4=</ptk:rtd>
                                                                                                                  <ptk:name>span</ptk:name>
                                                                                                                  <ptk:xmlAttributes>
                                                                                                                     <ptk:l location="Target:156:40">
                                                                                                                        <ptk:WtXmlAttribute location="Target:156:40">
                                                                                                                           <ptk:rtd>c3EAfgAjdXEAfgAnAAAAAnVxAH4AKQAAAAF0AAggc3R5bGU9InVxAH4AKQAAAAF0AAEi</ptk:rtd>
                                                                                                                           <ptk:name>style</ptk:name>
                                                                                                                           <ptk:value>
                                                                                                                              <ptk:l location="Target:156:48">
                                                                                                                                 <ptk:t location="Target:156:48">white-space:nowrap</ptk:t>
                                                                                                                              </ptk:l>
                                                                                                                           </ptk:value>
                                                                                                                        </ptk:WtXmlAttribute>
                                                                                                                     </ptk:l>
                                                                                                                  </ptk:xmlAttributes>
                                                                                                                  <ptk:body>
                                                                                                                     <ptk:l>
                                                                                                                        <ptk:t>
</ptk:t>
                                                                                                                        <ptk:WtInternalLink>
                                                                                                                           <ptk:rtd>c3EAfgAjdXEAfgAnAAAAA3VxAH4AKQAAAAFxAH4BVnEAfgC6dXEAfgApAAAAAXEAfgFY</ptk:rtd>
                                                                                                                           <ptk:prefix/>
                                                                                                                           <ptk:postfix/>
                                                                                                                           <ptk:target>
                                                                                                                              <ptk:WtPageName location="Target:157:3">
                                                                                                                                 <ptk:content> مالى </ptk:content>
                                                                                                                                 <ptk:rtd null="true"/>
                                                                                                                              </ptk:WtPageName>
                                                                                                                           </ptk:target>
                                                                                                                           <ptk:title>
                                                                                                                              <ptk:l>
                                                                                                                                 <ptk:t location="Target:157:10">مالى</ptk:t>
                                                                                                                              </ptk:l>
                                                                                                                           </ptk:title>
                                                                                                                        </ptk:WtInternalLink>
                                                                                                                        <ptk:WtXmlEntityRef location="Target:157:17">
                                                                                                                           <ptk:rtd>c3EAfgAjdXEAfgAnAAAAAXVxAH4AKQAAAAF0AAYmbmJzcDs=</ptk:rtd>
                                                                                                                           <ptk:name>nbsp</ptk:name>
                                                                                                                           <ptk:resolved> </ptk:resolved>
                                                                                                                        </ptk:WtXmlEntityRef>
                                                                                                                        <ptk:t location="Target:157:22">•</ptk:t>
                                                                                                                     </ptk:l>
                                                                                                                  </ptk:body>
                                                                                                               </ptk:WtXmlElement>
                                                                                                               <ptk:t location="Target:157:30"> </ptk:t>
                                                                                                               <ptk:WtXmlElement>
                                                                                                                  <ptk:rtd>c3EAfgAjdXEAfgAnAAAAA3VxAH4AKQAAAAF0AAU8c3BhbnVxAH4AKQAAAAF0AAE+dXEAfgApAAAAAXQABzwvc3Bhbj4=</ptk:rtd>
                                                                                                                  <ptk:name>span</ptk:name>
                                                                                                                  <ptk:xmlAttributes>
                                                                                                                     <ptk:l location="Target:157:36">
                                                                                                                        <ptk:WtXmlAttribute location="Target:157:36">
                                                                                                                           <ptk:rtd>c3EAfgAjdXEAfgAnAAAAAnVxAH4AKQAAAAF0AAggc3R5bGU9InVxAH4AKQAAAAF0AAEi</ptk:rtd>
                                                                                                                           <ptk:name>style</ptk:name>
                                                                                                                           <ptk:value>
                                                                                                                              <ptk:l location="Target:157:44">
                                                                                                                                 <ptk:t location="Target:157:44">white-space:nowrap</ptk:t>
                                                                                                                              </ptk:l>
                                                                                                                           </ptk:value>
                                                                                                                        </ptk:WtXmlAttribute>
                                                                                                                     </ptk:l>
                                                                                                                  </ptk:xmlAttributes>
                                                                                                                  <ptk:body>
                                                                                                                     <ptk:l>
                                                                                                                        <ptk:t>
</ptk:t>
                                                                                                                        <ptk:WtInternalLink>
                                                                                                                           <ptk:rtd>c3EAfgAjdXEAfgAnAAAAA3VxAH4AKQAAAAFxAH4BVnEAfgC6dXEAfgApAAAAAXEAfgFY</ptk:rtd>
                                                                                                                           <ptk:prefix/>
                                                                                                                           <ptk:postfix/>
                                                                                                                           <ptk:target>
                                                                                                                              <ptk:WtPageName location="Target:158:3">
                                                                                                                                 <ptk:content> موريتانيا </ptk:content>
                                                                                                                                 <ptk:rtd null="true"/>
                                                                                                                              </ptk:WtPageName>
                                                                                                                           </ptk:target>
                                                                                                                           <ptk:title>
                                                                                                                              <ptk:l>
                                                                                                                                 <ptk:t location="Target:158:15">موريتانيا</ptk:t>
                                                                                                                              </ptk:l>
                                                                                                                           </ptk:title>
                                                                                                                        </ptk:WtInternalLink>
                                                                                                                        <ptk:WtXmlEntityRef location="Target:158:27">
                                                                                                                           <ptk:rtd>c3EAfgAjdXEAfgAnAAAAAXVxAH4AKQAAAAF0AAYmbmJzcDs=</ptk:rtd>
                                                                                                                           <ptk:name>nbsp</ptk:name>
                                                                                                                           <ptk:resolved> </ptk:resolved>
                                                                                                                        </ptk:WtXmlEntityRef>
                                                                                                                        <ptk:t location="Target:158:32">•</ptk:t>
                                                                                                                     </ptk:l>
                                                                                                                  </ptk:body>
                                                                                                               </ptk:WtXmlElement>
                                                                                                               <ptk:t location="Target:158:40"> </ptk:t>
                                                                                                               <ptk:WtXmlElement>
                                                                                                                  <ptk:rtd>c3EAfgAjdXEAfgAnAAAAA3VxAH4AKQAAAAF0AAU8c3BhbnVxAH4AKQAAAAF0AAE+dXEAfgApAAAAAXQABzwvc3Bhbj4=</ptk:rtd>
                                                                                                                  <ptk:name>span</ptk:name>
                                                                                                                  <ptk:xmlAttributes>
                                                                                                                     <ptk:l location="Target:158:46">
                                                                                                                        <ptk:WtXmlAttribute location="Target:158:46">
                                                                                                                           <ptk:rtd>c3EAfgAjdXEAfgAnAAAAAnVxAH4AKQAAAAF0AAggc3R5bGU9InVxAH4AKQAAAAF0AAEi</ptk:rtd>
                                                                                                                           <ptk:name>style</ptk:name>
                                                                                                                           <ptk:value>
                                                                                                                              <ptk:l location="Target:158:54">
                                                                                                                                 <ptk:t location="Target:158:54">white-space:nowrap</ptk:t>
                                                                                                                              </ptk:l>
                                                                                                                           </ptk:value>
                                                                                                                        </ptk:WtXmlAttribute>
                                                                                                                     </ptk:l>
                                                                                                                  </ptk:xmlAttributes>
                                                                                                                  <ptk:body>
                                                                                                                     <ptk:l>
                                                                                                                        <ptk:t>
</ptk:t>
                                                                                                                        <ptk:WtInternalLink>
                                                                                                                           <ptk:rtd>c3EAfgAjdXEAfgAnAAAAA3VxAH4AKQAAAAFxAH4BVnEAfgC6dXEAfgApAAAAAXEAfgFY</ptk:rtd>
                                                                                                                           <ptk:prefix/>
                                                                                                                           <ptk:postfix/>
                                                                                                                           <ptk:target>
                                                                                                                              <ptk:WtPageName location="Target:159:3">
                                                                                                                                 <ptk:content> موريشيوس </ptk:content>
                                                                                                                                 <ptk:rtd null="true"/>
                                                                                                                              </ptk:WtPageName>
                                                                                                                           </ptk:target>
                                                                                                                           <ptk:title>
                                                                                                                              <ptk:l>
                                                                                                                                 <ptk:t location="Target:159:14">موريشيوس</ptk:t>
                                                                                                                              </ptk:l>
                                                                                                                           </ptk:title>
                                                                                                                        </ptk:WtInternalLink>
                                                                                                                        <ptk:WtXmlEntityRef location="Target:159:25">
                                                                                                                           <ptk:rtd>c3EAfgAjdXEAfgAnAAAAAXVxAH4AKQAAAAF0AAYmbmJzcDs=</ptk:rtd>
                                                                                                                           <ptk:name>nbsp</ptk:name>
                                                                                                                           <ptk:resolved> </ptk:resolved>
                                                                                                                        </ptk:WtXmlEntityRef>
                                                                                                                        <ptk:t location="Target:159:30">•</ptk:t>
                                                                                                                     </ptk:l>
                                                                                                                  </ptk:body>
                                                                                                               </ptk:WtXmlElement>
                                                                                                               <ptk:t location="Target:159:38"> </ptk:t>
                                                                                                               <ptk:WtXmlElement>
                                                                                                                  <ptk:rtd>c3EAfgAjdXEAfgAnAAAAA3VxAH4AKQAAAAF0AAU8c3BhbnVxAH4AKQAAAAF0AAE+dXEAfgApAAAAAXQABzwvc3Bhbj4=</ptk:rtd>
                                                                                                                  <ptk:name>span</ptk:name>
                                                                                                                  <ptk:xmlAttributes>
                                                                                                                     <ptk:l location="Target:159:44">
                                                                                                                        <ptk:WtXmlAttribute location="Target:159:44">
                                                                                                                           <ptk:rtd>c3EAfgAjdXEAfgAnAAAAAnVxAH4AKQAAAAF0AAggc3R5bGU9InVxAH4AKQAAAAF0AAEi</ptk:rtd>
                                                                                                                           <ptk:name>style</ptk:name>
                                                                                                                           <ptk:value>
                                                                                                                              <ptk:l location="Target:159:52">
                                                                                                                                 <ptk:t location="Target:159:52">white-space:nowrap</ptk:t>
                                                                                                                              </ptk:l>
                                                                                                                           </ptk:value>
                                                                                                                        </ptk:WtXmlAttribute>
                                                                                                                     </ptk:l>
                                                                                                                  </ptk:xmlAttributes>
                                                                                                                  <ptk:body>
                                                                                                                     <ptk:l>
                                                                                                                        <ptk:t>
</ptk:t>
                                                                                                                        <ptk:WtInternalLink>
                                                                                                                           <ptk:rtd>c3EAfgAjdXEAfgAnAAAAA3VxAH4AKQAAAAFxAH4BVnEAfgC6dXEAfgApAAAAAXEAfgFY</ptk:rtd>
                                                                                                                           <ptk:prefix/>
                                                                                                                           <ptk:postfix/>
                                                                                                                           <ptk:target>
                                                                                                                              <ptk:WtPageName location="Target:160:3">
                                                                                                                                 <ptk:content> المغرب </ptk:content>
                                                                                                                                 <ptk:rtd null="true"/>
                                                                                                                              </ptk:WtPageName>
                                                                                                                           </ptk:target>
                                                                                                                           <ptk:title>
                                                                                                                              <ptk:l>
                                                                                                                                 <ptk:t location="Target:160:12">المغرب</ptk:t>
                                                                                                                              </ptk:l>
                                                                                                                           </ptk:title>
                                                                                                                        </ptk:WtInternalLink>
                                                                                                                        <ptk:WtXmlEntityRef location="Target:160:21">
                                                                                                                           <ptk:rtd>c3EAfgAjdXEAfgAnAAAAAXVxAH4AKQAAAAF0AAYmbmJzcDs=</ptk:rtd>
                                                                                                                           <ptk:name>nbsp</ptk:name>
                                                                                                                           <ptk:resolved> </ptk:resolved>
                                                                                                                        </ptk:WtXmlEntityRef>
                                                                                                                        <ptk:t location="Target:160:26">•</ptk:t>
                                                                                                                     </ptk:l>
                                                                                                                  </ptk:body>
                                                                                                               </ptk:WtXmlElement>
                                                                                                               <ptk:t location="Target:160:34"> </ptk:t>
                                                                                                               <ptk:WtXmlElement>
                                                                                                                  <ptk:rtd>c3EAfgAjdXEAfgAnAAAAA3VxAH4AKQAAAAF0AAU8c3BhbnVxAH4AKQAAAAF0AAE+dXEAfgApAAAAAXQABzwvc3Bhbj4=</ptk:rtd>
                                                                                                                  <ptk:name>span</ptk:name>
                                                                                                                  <ptk:xmlAttributes>
                                                                                                                     <ptk:l location="Target:160:40">
                                                                                                                        <ptk:WtXmlAttribute location="Target:160:40">
                                                                                                                           <ptk:rtd>c3EAfgAjdXEAfgAnAAAAAnVxAH4AKQAAAAF0AAggc3R5bGU9InVxAH4AKQAAAAF0AAEi</ptk:rtd>
                                                                                                                           <ptk:name>style</ptk:name>
                                                                                                                           <ptk:value>
                                                                                                                              <ptk:l location="Target:160:48">
                                                                                                                                 <ptk:t location="Target:160:48">white-space:nowrap</ptk:t>
                                                                                                                              </ptk:l>
                                                                                                                           </ptk:value>
                                                                                                                        </ptk:WtXmlAttribute>
                                                                                                                     </ptk:l>
                                                                                                                  </ptk:xmlAttributes>
                                                                                                                  <ptk:body>
                                                                                                                     <ptk:l>
                                                                                                                        <ptk:t>
</ptk:t>
                                                                                                                        <ptk:WtInternalLink>
                                                                                                                           <ptk:rtd>c3EAfgAjdXEAfgAnAAAAA3VxAH4AKQAAAAFxAH4BVnEAfgC6dXEAfgApAAAAAXEAfgFY</ptk:rtd>
                                                                                                                           <ptk:prefix/>
                                                                                                                           <ptk:postfix/>
                                                                                                                           <ptk:target>
                                                                                                                              <ptk:WtPageName location="Target:161:3">
                                                                                                                                 <ptk:content> موزمبيق </ptk:content>
                                                                                                                                 <ptk:rtd null="true"/>
                                                                                                                              </ptk:WtPageName>
                                                                                                                           </ptk:target>
                                                                                                                           <ptk:title>
                                                                                                                              <ptk:l>
                                                                                                                                 <ptk:t location="Target:161:13">موزمبيق</ptk:t>
                                                                                                                              </ptk:l>
                                                                                                                           </ptk:title>
                                                                                                                        </ptk:WtInternalLink>
                                                                                                                        <ptk:WtXmlEntityRef location="Target:161:23">
                                                                                                                           <ptk:rtd>c3EAfgAjdXEAfgAnAAAAAXVxAH4AKQAAAAF0AAYmbmJzcDs=</ptk:rtd>
                                                                                                                           <ptk:name>nbsp</ptk:name>
                                                                                                                           <ptk:resolved> </ptk:resolved>
                                                                                                                        </ptk:WtXmlEntityRef>
                                                                                                                        <ptk:t location="Target:161:28">•</ptk:t>
                                                                                                                     </ptk:l>
                                                                                                                  </ptk:body>
                                                                                                               </ptk:WtXmlElement>
                                                                                                               <ptk:t location="Target:161:36"> </ptk:t>
                                                                                                               <ptk:WtXmlElement>
                                                                                                                  <ptk:rtd>c3EAfgAjdXEAfgAnAAAAA3VxAH4AKQAAAAF0AAU8c3BhbnVxAH4AKQAAAAF0AAE+dXEAfgApAAAAAXQABzwvc3Bhbj4=</ptk:rtd>
                                                                                                                  <ptk:name>span</ptk:name>
                                                                                                                  <ptk:xmlAttributes>
                                                                                                                     <ptk:l location="Target:161:42">
                                                                                                                        <ptk:WtXmlAttribute location="Target:161:42">
                                                                                                                           <ptk:rtd>c3EAfgAjdXEAfgAnAAAAAnVxAH4AKQAAAAF0AAggc3R5bGU9InVxAH4AKQAAAAF0AAEi</ptk:rtd>
                                                                                                                           <ptk:name>style</ptk:name>
                                                                                                                           <ptk:value>
                                                                                                                              <ptk:l location="Target:161:50">
                                                                                                                                 <ptk:t location="Target:161:50">white-space:nowrap</ptk:t>
                                                                                                                              </ptk:l>
                                                                                                                           </ptk:value>
                                                                                                                        </ptk:WtXmlAttribute>
                                                                                                                     </ptk:l>
                                                                                                                  </ptk:xmlAttributes>
                                                                                                                  <ptk:body>
                                                                                                                     <ptk:l>
                                                                                                                        <ptk:t>
</ptk:t>
                                                                                                                        <ptk:WtInternalLink>
                                                                                                                           <ptk:rtd>c3EAfgAjdXEAfgAnAAAAA3VxAH4AKQAAAAFxAH4BVnEAfgC6dXEAfgApAAAAAXEAfgFY</ptk:rtd>
                                                                                                                           <ptk:prefix/>
                                                                                                                           <ptk:postfix/>
                                                                                                                           <ptk:target>
                                                                                                                              <ptk:WtPageName location="Target:162:3">
                                                                                                                                 <ptk:content> ناميبيا </ptk:content>
                                                                                                                                 <ptk:rtd null="true"/>
                                                                                                                              </ptk:WtPageName>
                                                                                                                           </ptk:target>
                                                                                                                           <ptk:title>
                                                                                                                              <ptk:l>
                                                                                                                                 <ptk:t location="Target:162:13">ناميبيا</ptk:t>
                                                                                                                              </ptk:l>
                                                                                                                           </ptk:title>
                                                                                                                        </ptk:WtInternalLink>
                                                                                                                        <ptk:WtXmlEntityRef location="Target:162:23">
                                                                                                                           <ptk:rtd>c3EAfgAjdXEAfgAnAAAAAXVxAH4AKQAAAAF0AAYmbmJzcDs=</ptk:rtd>
                                                                                                                           <ptk:name>nbsp</ptk:name>
                                                                                                                           <ptk:resolved> </ptk:resolved>
                                                                                                                        </ptk:WtXmlEntityRef>
                                                                                                                        <ptk:t location="Target:162:28">•</ptk:t>
                                                                                                                     </ptk:l>
                                                                                                                  </ptk:body>
                                                                                                               </ptk:WtXmlElement>
                                                                                                               <ptk:t location="Target:162:36"> </ptk:t>
                                                                                                               <ptk:WtXmlElement>
                                                                                                                  <ptk:rtd>c3EAfgAjdXEAfgAnAAAAA3VxAH4AKQAAAAF0AAU8c3BhbnVxAH4AKQAAAAF0AAE+dXEAfgApAAAAAXQABzwvc3Bhbj4=</ptk:rtd>
                                                                                                                  <ptk:name>span</ptk:name>
                                                                                                                  <ptk:xmlAttributes>
                                                                                                                     <ptk:l location="Target:162:42">
                                                                                                                        <ptk:WtXmlAttribute location="Target:162:42">
                                                                                                                           <ptk:rtd>c3EAfgAjdXEAfgAnAAAAAnVxAH4AKQAAAAF0AAggc3R5bGU9InVxAH4AKQAAAAF0AAEi</ptk:rtd>
                                                                                                                           <ptk:name>style</ptk:name>
                                                                                                                           <ptk:value>
                                                                                                                              <ptk:l location="Target:162:50">
                                                                                                                                 <ptk:t location="Target:162:50">white-space:nowrap</ptk:t>
                                                                                                                              </ptk:l>
                                                                                                                           </ptk:value>
                                                                                                                        </ptk:WtXmlAttribute>
                                                                                                                     </ptk:l>
                                                                                                                  </ptk:xmlAttributes>
                                                                                                                  <ptk:body>
                                                                                                                     <ptk:l>
                                                                                                                        <ptk:t>
</ptk:t>
                                                                                                                        <ptk:WtInternalLink>
                                                                                                                           <ptk:rtd>c3EAfgAjdXEAfgAnAAAAA3VxAH4AKQAAAAFxAH4BVnEAfgC6dXEAfgApAAAAAXEAfgFY</ptk:rtd>
                                                                                                                           <ptk:prefix/>
                                                                                                                           <ptk:postfix/>
                                                                                                                           <ptk:target>
                                                                                                                              <ptk:WtPageName location="Target:163:3">
                                                                                                                                 <ptk:content> النيجر </ptk:content>
                                                                                                                                 <ptk:rtd null="true"/>
                                                                                                                              </ptk:WtPageName>
                                                                                                                           </ptk:target>
                                                                                                                           <ptk:title>
                                                                                                                              <ptk:l>
                                                                                                                                 <ptk:t location="Target:163:12">النيجر</ptk:t>
                                                                                                                              </ptk:l>
                                                                                                                           </ptk:title>
                                                                                                                        </ptk:WtInternalLink>
                                                                                                                        <ptk:WtXmlEntityRef location="Target:163:21">
                                                                                                                           <ptk:rtd>c3EAfgAjdXEAfgAnAAAAAXVxAH4AKQAAAAF0AAYmbmJzcDs=</ptk:rtd>
                                                                                                                           <ptk:name>nbsp</ptk:name>
                                                                                                                           <ptk:resolved> </ptk:resolved>
                                                                                                                        </ptk:WtXmlEntityRef>
                                                                                                                        <ptk:t location="Target:163:26">•</ptk:t>
                                                                                                                     </ptk:l>
                                                                                                                  </ptk:body>
                                                                                                               </ptk:WtXmlElement>
                                                                                                               <ptk:t location="Target:163:34"> </ptk:t>
                                                                                                               <ptk:WtXmlElement>
                                                                                                                  <ptk:rtd>c3EAfgAjdXEAfgAnAAAAA3VxAH4AKQAAAAF0AAU8c3BhbnVxAH4AKQAAAAF0AAE+dXEAfgApAAAAAXQABzwvc3Bhbj4=</ptk:rtd>
                                                                                                                  <ptk:name>span</ptk:name>
                                                                                                                  <ptk:xmlAttributes>
                                                                                                                     <ptk:l location="Target:163:40">
                                                                                                                        <ptk:WtXmlAttribute location="Target:163:40">
                                                                                                                           <ptk:rtd>c3EAfgAjdXEAfgAnAAAAAnVxAH4AKQAAAAF0AAggc3R5bGU9InVxAH4AKQAAAAF0AAEi</ptk:rtd>
                                                                                                                           <ptk:name>style</ptk:name>
                                                                                                                           <ptk:value>
                                                                                                                              <ptk:l location="Target:163:48">
                                                                                                                                 <ptk:t location="Target:163:48">white-space:nowrap</ptk:t>
                                                                                                                              </ptk:l>
                                                                                                                           </ptk:value>
                                                                                                                        </ptk:WtXmlAttribute>
                                                                                                                     </ptk:l>
                                                                                                                  </ptk:xmlAttributes>
                                                                                                                  <ptk:body>
                                                                                                                     <ptk:l>
                                                                                                                        <ptk:t>
</ptk:t>
                                                                                                                        <ptk:WtInternalLink>
                                                                                                                           <ptk:rtd>c3EAfgAjdXEAfgAnAAAAA3VxAH4AKQAAAAFxAH4BVnEAfgC6dXEAfgApAAAAAXEAfgFY</ptk:rtd>
                                                                                                                           <ptk:prefix/>
                                                                                                                           <ptk:postfix/>
                                                                                                                           <ptk:target>
                                                                                                                              <ptk:WtPageName location="Target:164:3">
                                                                                                                                 <ptk:content> نيجيريا </ptk:content>
                                                                                                                                 <ptk:rtd null="true"/>
                                                                                                                              </ptk:WtPageName>
                                                                                                                           </ptk:target>
                                                                                                                           <ptk:title>
                                                                                                                              <ptk:l>
                                                                                                                                 <ptk:t location="Target:164:13">نيجيريا</ptk:t>
                                                                                                                              </ptk:l>
                                                                                                                           </ptk:title>
                                                                                                                        </ptk:WtInternalLink>
                                                                                                                        <ptk:WtXmlEntityRef location="Target:164:23">
                                                                                                                           <ptk:rtd>c3EAfgAjdXEAfgAnAAAAAXVxAH4AKQAAAAF0AAYmbmJzcDs=</ptk:rtd>
                                                                                                                           <ptk:name>nbsp</ptk:name>
                                                                                                                           <ptk:resolved> </ptk:resolved>
                                                                                                                        </ptk:WtXmlEntityRef>
                                                                                                                        <ptk:t location="Target:164:28">•</ptk:t>
                                                                                                                     </ptk:l>
                                                                                                                  </ptk:body>
                                                                                                               </ptk:WtXmlElement>
                                                                                                               <ptk:t location="Target:164:36"> </ptk:t>
                                                                                                               <ptk:WtXmlElement>
                                                                                                                  <ptk:rtd>c3EAfgAjdXEAfgAnAAAAA3VxAH4AKQAAAAF0AAU8c3BhbnVxAH4AKQAAAAF0AAE+dXEAfgApAAAAAXQABzwvc3Bhbj4=</ptk:rtd>
                                                                                                                  <ptk:name>span</ptk:name>
                                                                                                                  <ptk:xmlAttributes>
                                                                                                                     <ptk:l location="Target:164:42">
                                                                                                                        <ptk:WtXmlAttribute location="Target:164:42">
                                                                                                                           <ptk:rtd>c3EAfgAjdXEAfgAnAAAAAnVxAH4AKQAAAAF0AAggc3R5bGU9InVxAH4AKQAAAAF0AAEi</ptk:rtd>
                                                                                                                           <ptk:name>style</ptk:name>
                                                                                                                           <ptk:value>
                                                                                                                              <ptk:l location="Target:164:50">
                                                                                                                                 <ptk:t location="Target:164:50">white-space:nowrap</ptk:t>
                                                                                                                              </ptk:l>
                                                                                                                           </ptk:value>
                                                                                                                        </ptk:WtXmlAttribute>
                                                                                                                     </ptk:l>
                                                                                                                  </ptk:xmlAttributes>
                                                                                                                  <ptk:body>
                                                                                                                     <ptk:l>
                                                                                                                        <ptk:t>
</ptk:t>
                                                                                                                        <ptk:WtInternalLink>
                                                                                                                           <ptk:rtd>c3EAfgAjdXEAfgAnAAAAA3VxAH4AKQAAAAFxAH4BVnEAfgC6dXEAfgApAAAAAXEAfgFY</ptk:rtd>
                                                                                                                           <ptk:prefix/>
                                                                                                                           <ptk:postfix/>
                                                                                                                           <ptk:target>
                                                                                                                              <ptk:WtPageName location="Target:165:3">
                                                                                                                                 <ptk:content> رواندا </ptk:content>
                                                                                                                                 <ptk:rtd null="true"/>
                                                                                                                              </ptk:WtPageName>
                                                                                                                           </ptk:target>
                                                                                                                           <ptk:title>
                                                                                                                              <ptk:l>
                                                                                                                                 <ptk:t location="Target:165:12">رواندا</ptk:t>
                                                                                                                              </ptk:l>
                                                                                                                           </ptk:title>
                                                                                                                        </ptk:WtInternalLink>
                                                                                                                        <ptk:WtXmlEntityRef location="Target:165:21">
                                                                                                                           <ptk:rtd>c3EAfgAjdXEAfgAnAAAAAXVxAH4AKQAAAAF0AAYmbmJzcDs=</ptk:rtd>
                                                                                                                           <ptk:name>nbsp</ptk:name>
                                                                                                                           <ptk:resolved> </ptk:resolved>
                                                                                                                        </ptk:WtXmlEntityRef>
                                                                                                                        <ptk:t location="Target:165:26">•</ptk:t>
                                                                                                                     </ptk:l>
                                                                                                                  </ptk:body>
                                                                                                               </ptk:WtXmlElement>
                                                                                                               <ptk:t location="Target:165:34"> </ptk:t>
                                                                                                               <ptk:WtXmlElement>
                                                                                                                  <ptk:rtd>c3EAfgAjdXEAfgAnAAAAA3VxAH4AKQAAAAF0AAU8c3BhbnVxAH4AKQAAAAF0AAE+dXEAfgApAAAAAXQABzwvc3Bhbj4=</ptk:rtd>
                                                                                                                  <ptk:name>span</ptk:name>
                                                                                                                  <ptk:xmlAttributes>
                                                                                                                     <ptk:l location="Target:165:40">
                                                                                                                        <ptk:WtXmlAttribute location="Target:165:40">
                                                                                                                           <ptk:rtd>c3EAfgAjdXEAfgAnAAAAAnVxAH4AKQAAAAF0AAggc3R5bGU9InVxAH4AKQAAAAF0AAEi</ptk:rtd>
                                                                                                                           <ptk:name>style</ptk:name>
                                                                                                                           <ptk:value>
                                                                                                                              <ptk:l location="Target:165:48">
                                                                                                                                 <ptk:t location="Target:165:48">white-space:nowrap</ptk:t>
                                                                                                                              </ptk:l>
                                                                                                                           </ptk:value>
                                                                                                                        </ptk:WtXmlAttribute>
                                                                                                                     </ptk:l>
                                                                                                                  </ptk:xmlAttributes>
                                                                                                                  <ptk:body>
                                                                                                                     <ptk:l>
                                                                                                                        <ptk:t>
</ptk:t>
                                                                                                                        <ptk:WtInternalLink>
                                                                                                                           <ptk:rtd>c3EAfgAjdXEAfgAnAAAAA3VxAH4AKQAAAAFxAH4BVnEAfgC6dXEAfgApAAAAAXEAfgFY</ptk:rtd>
                                                                                                                           <ptk:prefix/>
                                                                                                                           <ptk:postfix/>
                                                                                                                           <ptk:target>
                                                                                                                              <ptk:WtPageName location="Target:166:3">
                                                                                                                                 <ptk:content> ساو تومى و برينسيبى </ptk:content>
                                                                                                                                 <ptk:rtd null="true"/>
                                                                                                                              </ptk:WtPageName>
                                                                                                                           </ptk:target>
                                                                                                                           <ptk:title>
                                                                                                                              <ptk:l>
                                                                                                                                 <ptk:t location="Target:166:25">ساو تومى و برينسيبى</ptk:t>
                                                                                                                              </ptk:l>
                                                                                                                           </ptk:title>
                                                                                                                        </ptk:WtInternalLink>
                                                                                                                        <ptk:WtXmlEntityRef location="Target:166:47">
                                                                                                                           <ptk:rtd>c3EAfgAjdXEAfgAnAAAAAXVxAH4AKQAAAAF0AAYmbmJzcDs=</ptk:rtd>
                                                                                                                           <ptk:name>nbsp</ptk:name>
                                                                                                                           <ptk:resolved> </ptk:resolved>
                                                                                                                        </ptk:WtXmlEntityRef>
                                                                                                                        <ptk:t location="Target:166:52">•</ptk:t>
                                                                                                                     </ptk:l>
                                                                                                                  </ptk:body>
                                                                                                               </ptk:WtXmlElement>
                                                                                                               <ptk:t location="Target:166:60"> </ptk:t>
                                                                                                               <ptk:WtXmlElement>
                                                                                                                  <ptk:rtd>c3EAfgAjdXEAfgAnAAAAA3VxAH4AKQAAAAF0AAU8c3BhbnVxAH4AKQAAAAF0AAE+dXEAfgApAAAAAXQABzwvc3Bhbj4=</ptk:rtd>
                                                                                                                  <ptk:name>span</ptk:name>
                                                                                                                  <ptk:xmlAttributes>
                                                                                                                     <ptk:l location="Target:166:66">
                                                                                                                        <ptk:WtXmlAttribute location="Target:166:66">
                                                                                                                           <ptk:rtd>c3EAfgAjdXEAfgAnAAAAAnVxAH4AKQAAAAF0AAggc3R5bGU9InVxAH4AKQAAAAF0AAEi</ptk:rtd>
                                                                                                                           <ptk:name>style</ptk:name>
                                                                                                                           <ptk:value>
                                                                                                                              <ptk:l location="Target:166:74">
                                                                                                                                 <ptk:t location="Target:166:74">white-space:nowrap</ptk:t>
                                                                                                                              </ptk:l>
                                                                                                                           </ptk:value>
                                                                                                                        </ptk:WtXmlAttribute>
                                                                                                                     </ptk:l>
                                                                                                                  </ptk:xmlAttributes>
                                                                                                                  <ptk:body>
                                                                                                                     <ptk:l>
                                                                                                                        <ptk:t>
</ptk:t>
                                                                                                                        <ptk:WtInternalLink>
                                                                                                                           <ptk:rtd>c3EAfgAjdXEAfgAnAAAAA3VxAH4AKQAAAAFxAH4BVnEAfgC6dXEAfgApAAAAAXEAfgFY</ptk:rtd>
                                                                                                                           <ptk:prefix/>
                                                                                                                           <ptk:postfix/>
                                                                                                                           <ptk:target>
                                                                                                                              <ptk:WtPageName location="Target:167:3">
                                                                                                                                 <ptk:content> السنغال </ptk:content>
                                                                                                                                 <ptk:rtd null="true"/>
                                                                                                                              </ptk:WtPageName>
                                                                                                                           </ptk:target>
                                                                                                                           <ptk:title>
                                                                                                                              <ptk:l>
                                                                                                                                 <ptk:t location="Target:167:13">السنغال</ptk:t>
                                                                                                                              </ptk:l>
                                                                                                                           </ptk:title>
                                                                                                                        </ptk:WtInternalLink>
                                                                                                                        <ptk:WtXmlEntityRef location="Target:167:23">
                                                                                                                           <ptk:rtd>c3EAfgAjdXEAfgAnAAAAAXVxAH4AKQAAAAF0AAYmbmJzcDs=</ptk:rtd>
                                                                                                                           <ptk:name>nbsp</ptk:name>
                                                                                                                           <ptk:resolved> </ptk:resolved>
                                                                                                                        </ptk:WtXmlEntityRef>
                                                                                                                        <ptk:t location="Target:167:28">•</ptk:t>
                                                                                                                     </ptk:l>
                                                                                                                  </ptk:body>
                                                                                                               </ptk:WtXmlElement>
                                                                                                               <ptk:t location="Target:167:36"> </ptk:t>
                                                                                                               <ptk:WtXmlElement>
                                                                                                                  <ptk:rtd>c3EAfgAjdXEAfgAnAAAAA3VxAH4AKQAAAAF0AAU8c3BhbnVxAH4AKQAAAAF0AAE+dXEAfgApAAAAAXQABzwvc3Bhbj4=</ptk:rtd>
                                                                                                                  <ptk:name>span</ptk:name>
                                                                                                                  <ptk:xmlAttributes>
                                                                                                                     <ptk:l location="Target:167:42">
                                                                                                                        <ptk:WtXmlAttribute location="Target:167:42">
                                                                                                                           <ptk:rtd>c3EAfgAjdXEAfgAnAAAAAnVxAH4AKQAAAAF0AAggc3R5bGU9InVxAH4AKQAAAAF0AAEi</ptk:rtd>
                                                                                                                           <ptk:name>style</ptk:name>
                                                                                                                           <ptk:value>
                                                                                                                              <ptk:l location="Target:167:50">
                                                                                                                                 <ptk:t location="Target:167:50">white-space:nowrap</ptk:t>
                                                                                                                              </ptk:l>
                                                                                                                           </ptk:value>
                                                                                                                        </ptk:WtXmlAttribute>
                                                                                                                     </ptk:l>
                                                                                                                  </ptk:xmlAttributes>
                                                                                                                  <ptk:body>
                                                                                                                     <ptk:l>
                                                                                                                        <ptk:t>
</ptk:t>
                                                                                                                        <ptk:WtInternalLink>
                                                                                                                           <ptk:rtd>c3EAfgAjdXEAfgAnAAAAA3VxAH4AKQAAAAFxAH4BVnEAfgC6dXEAfgApAAAAAXEAfgFY</ptk:rtd>
                                                                                                                           <ptk:prefix/>
                                                                                                                           <ptk:postfix/>
                                                                                                                           <ptk:target>
                                                                                                                              <ptk:WtPageName location="Target:168:3">
                                                                                                                                 <ptk:content> سيشيل </ptk:content>
                                                                                                                                 <ptk:rtd null="true"/>
                                                                                                                              </ptk:WtPageName>
                                                                                                                           </ptk:target>
                                                                                                                           <ptk:title>
                                                                                                                              <ptk:l>
                                                                                                                                 <ptk:t location="Target:168:11">سيشيل</ptk:t>
                                                                                                                              </ptk:l>
                                                                                                                           </ptk:title>
                                                                                                                        </ptk:WtInternalLink>
                                                                                                                        <ptk:WtXmlEntityRef location="Target:168:19">
                                                                                                                           <ptk:rtd>c3EAfgAjdXEAfgAnAAAAAXVxAH4AKQAAAAF0AAYmbmJzcDs=</ptk:rtd>
                                                                                                                           <ptk:name>nbsp</ptk:name>
                                                                                                                           <ptk:resolved> </ptk:resolved>
                                                                                                                        </ptk:WtXmlEntityRef>
                                                                                                                        <ptk:t location="Target:168:24">•</ptk:t>
                                                                                                                     </ptk:l>
                                                                                                                  </ptk:body>
                                                                                                               </ptk:WtXmlElement>
                                                                                                               <ptk:t location="Target:168:32"> </ptk:t>
                                                                                                               <ptk:WtXmlElement>
                                                                                                                  <ptk:rtd>c3EAfgAjdXEAfgAnAAAAA3VxAH4AKQAAAAF0AAU8c3BhbnVxAH4AKQAAAAF0AAE+dXEAfgApAAAAAXQABzwvc3Bhbj4=</ptk:rtd>
                                                                                                                  <ptk:name>span</ptk:name>
                                                                                                                  <ptk:xmlAttributes>
                                                                                                                     <ptk:l location="Target:168:38">
                                                                                                                        <ptk:WtXmlAttribute location="Target:168:38">
                                                                                                                           <ptk:rtd>c3EAfgAjdXEAfgAnAAAAAnVxAH4AKQAAAAF0AAggc3R5bGU9InVxAH4AKQAAAAF0AAEi</ptk:rtd>
                                                                                                                           <ptk:name>style</ptk:name>
                                                                                                                           <ptk:value>
                                                                                                                              <ptk:l location="Target:168:46">
                                                                                                                                 <ptk:t location="Target:168:46">white-space:nowrap</ptk:t>
                                                                                                                              </ptk:l>
                                                                                                                           </ptk:value>
                                                                                                                        </ptk:WtXmlAttribute>
                                                                                                                     </ptk:l>
                                                                                                                  </ptk:xmlAttributes>
                                                                                                                  <ptk:body>
                                                                                                                     <ptk:l>
                                                                                                                        <ptk:t>
</ptk:t>
                                                                                                                        <ptk:WtInternalLink>
                                                                                                                           <ptk:rtd>c3EAfgAjdXEAfgAnAAAAA3VxAH4AKQAAAAFxAH4BVnEAfgC6dXEAfgApAAAAAXEAfgFY</ptk:rtd>
                                                                                                                           <ptk:prefix/>
                                                                                                                           <ptk:postfix/>
                                                                                                                           <ptk:target>
                                                                                                                              <ptk:WtPageName location="Target:169:3">
                                                                                                                                 <ptk:content> سيراليون </ptk:content>
                                                                                                                                 <ptk:rtd null="true"/>
                                                                                                                              </ptk:WtPageName>
                                                                                                                           </ptk:target>
                                                                                                                           <ptk:title>
                                                                                                                              <ptk:l>
                                                                                                                                 <ptk:t location="Target:169:14">سيراليون</ptk:t>
                                                                                                                              </ptk:l>
                                                                                                                           </ptk:title>
                                                                                                                        </ptk:WtInternalLink>
                                                                                                                        <ptk:WtXmlEntityRef location="Target:169:25">
                                                                                                                           <ptk:rtd>c3EAfgAjdXEAfgAnAAAAAXVxAH4AKQAAAAF0AAYmbmJzcDs=</ptk:rtd>
                                                                                                                           <ptk:name>nbsp</ptk:name>
                                                                                                                           <ptk:resolved> </ptk:resolved>
                                                                                                                        </ptk:WtXmlEntityRef>
                                                                                                                        <ptk:t location="Target:169:30">•</ptk:t>
                                                                                                                     </ptk:l>
                                                                                                                  </ptk:body>
                                                                                                               </ptk:WtXmlElement>
                                                                                                               <ptk:t location="Target:169:38"> </ptk:t>
                                                                                                               <ptk:WtXmlElement>
                                                                                                                  <ptk:rtd>c3EAfgAjdXEAfgAnAAAAA3VxAH4AKQAAAAF0AAU8c3BhbnVxAH4AKQAAAAF0AAE+dXEAfgApAAAAAXQABzwvc3Bhbj4=</ptk:rtd>
                                                                                                                  <ptk:name>span</ptk:name>
                                                                                                                  <ptk:xmlAttributes>
                                                                                                                     <ptk:l location="Target:169:44">
                                                                                                                        <ptk:WtXmlAttribute location="Target:169:44">
                                                                                                                           <ptk:rtd>c3EAfgAjdXEAfgAnAAAAAnVxAH4AKQAAAAF0AAggc3R5bGU9InVxAH4AKQAAAAF0AAEi</ptk:rtd>
                                                                                                                           <ptk:name>style</ptk:name>
                                                                                                                           <ptk:value>
                                                                                                                              <ptk:l location="Target:169:52">
                                                                                                                                 <ptk:t location="Target:169:52">white-space:nowrap</ptk:t>
                                                                                                                              </ptk:l>
                                                                                                                           </ptk:value>
                                                                                                                        </ptk:WtXmlAttribute>
                                                                                                                     </ptk:l>
                                                                                                                  </ptk:xmlAttributes>
                                                                                                                  <ptk:body>
                                                                                                                     <ptk:l>
                                                                                                                        <ptk:t>
</ptk:t>
                                                                                                                        <ptk:WtInternalLink>
                                                                                                                           <ptk:rtd>c3EAfgAjdXEAfgAnAAAAA3VxAH4AKQAAAAFxAH4BVnEAfgC6dXEAfgApAAAAAXEAfgFY</ptk:rtd>
                                                                                                                           <ptk:prefix/>
                                                                                                                           <ptk:postfix/>
                                                                                                                           <ptk:target>
                                                                                                                              <ptk:WtPageName location="Target:170:3">
                                                                                                                                 <ptk:content> الصومال </ptk:content>
                                                                                                                                 <ptk:rtd null="true"/>
                                                                                                                              </ptk:WtPageName>
                                                                                                                           </ptk:target>
                                                                                                                           <ptk:title>
                                                                                                                              <ptk:l>
                                                                                                                                 <ptk:t location="Target:170:13">الصومال</ptk:t>
                                                                                                                              </ptk:l>
                                                                                                                           </ptk:title>
                                                                                                                        </ptk:WtInternalLink>
                                                                                                                        <ptk:WtXmlEntityRef location="Target:170:23">
                                                                                                                           <ptk:rtd>c3EAfgAjdXEAfgAnAAAAAXVxAH4AKQAAAAF0AAYmbmJzcDs=</ptk:rtd>
                                                                                                                           <ptk:name>nbsp</ptk:name>
                                                                                                                           <ptk:resolved> </ptk:resolved>
                                                                                                                        </ptk:WtXmlEntityRef>
                                                                                                                        <ptk:t location="Target:170:28">•</ptk:t>
                                                                                                                     </ptk:l>
                                                                                                                  </ptk:body>
                                                                                                               </ptk:WtXmlElement>
                                                                                                               <ptk:t location="Target:170:36"> </ptk:t>
                                                                                                               <ptk:WtXmlElement>
                                                                                                                  <ptk:rtd>c3EAfgAjdXEAfgAnAAAAA3VxAH4AKQAAAAF0AAU8c3BhbnVxAH4AKQAAAAF0AAE+dXEAfgApAAAAAXQABzwvc3Bhbj4=</ptk:rtd>
                                                                                                                  <ptk:name>span</ptk:name>
                                                                                                                  <ptk:xmlAttributes>
                                                                                                                     <ptk:l location="Target:170:42">
                                                                                                                        <ptk:WtXmlAttribute location="Target:170:42">
                                                                                                                           <ptk:rtd>c3EAfgAjdXEAfgAnAAAAAnVxAH4AKQAAAAF0AAggc3R5bGU9InVxAH4AKQAAAAF0AAEi</ptk:rtd>
                                                                                                                           <ptk:name>style</ptk:name>
                                                                                                                           <ptk:value>
                                                                                                                              <ptk:l location="Target:170:50">
                                                                                                                                 <ptk:t location="Target:170:50">white-space:nowrap</ptk:t>
                                                                                                                              </ptk:l>
                                                                                                                           </ptk:value>
                                                                                                                        </ptk:WtXmlAttribute>
                                                                                                                     </ptk:l>
                                                                                                                  </ptk:xmlAttributes>
                                                                                                                  <ptk:body>
                                                                                                                     <ptk:l>
                                                                                                                        <ptk:t>
</ptk:t>
                                                                                                                        <ptk:WtInternalLink>
                                                                                                                           <ptk:rtd>c3EAfgAjdXEAfgAnAAAAA3VxAH4AKQAAAAFxAH4BVnEAfgC6dXEAfgApAAAAAXEAfgFY</ptk:rtd>
                                                                                                                           <ptk:prefix/>
                                                                                                                           <ptk:postfix/>
                                                                                                                           <ptk:target>
                                                                                                                              <ptk:WtPageName location="Target:171:3">
                                                                                                                                 <ptk:content> جنوب افريقيا </ptk:content>
                                                                                                                                 <ptk:rtd null="true"/>
                                                                                                                              </ptk:WtPageName>
                                                                                                                           </ptk:target>
                                                                                                                           <ptk:title>
                                                                                                                              <ptk:l>
                                                                                                                                 <ptk:t location="Target:171:18">جنوب افريقيا</ptk:t>
                                                                                                                              </ptk:l>
                                                                                                                           </ptk:title>
                                                                                                                        </ptk:WtInternalLink>
                                                                                                                        <ptk:WtXmlEntityRef location="Target:171:33">
                                                                                                                           <ptk:rtd>c3EAfgAjdXEAfgAnAAAAAXVxAH4AKQAAAAF0AAYmbmJzcDs=</ptk:rtd>
                                                                                                                           <ptk:name>nbsp</ptk:name>
                                                                                                                           <ptk:resolved> </ptk:resolved>
                                                                                                                        </ptk:WtXmlEntityRef>
                                                                                                                        <ptk:t location="Target:171:38">•</ptk:t>
                                                                                                                     </ptk:l>
                                                                                                                  </ptk:body>
                                                                                                               </ptk:WtXmlElement>
                                                                                                               <ptk:t location="Target:171:46"> </ptk:t>
                                                                                                               <ptk:WtXmlElement>
                                                                                                                  <ptk:rtd>c3EAfgAjdXEAfgAnAAAAA3VxAH4AKQAAAAF0AAU8c3BhbnVxAH4AKQAAAAF0AAE+dXEAfgApAAAAAXQABzwvc3Bhbj4=</ptk:rtd>
                                                                                                                  <ptk:name>span</ptk:name>
                                                                                                                  <ptk:xmlAttributes>
                                                                                                                     <ptk:l location="Target:171:52">
                                                                                                                        <ptk:WtXmlAttribute location="Target:171:52">
                                                                                                                           <ptk:rtd>c3EAfgAjdXEAfgAnAAAAAnVxAH4AKQAAAAF0AAggc3R5bGU9InVxAH4AKQAAAAF0AAEi</ptk:rtd>
                                                                                                                           <ptk:name>style</ptk:name>
                                                                                                                           <ptk:value>
                                                                                                                              <ptk:l location="Target:171:60">
                                                                                                                                 <ptk:t location="Target:171:60">white-space:nowrap</ptk:t>
                                                                                                                              </ptk:l>
                                                                                                                           </ptk:value>
                                                                                                                        </ptk:WtXmlAttribute>
                                                                                                                     </ptk:l>
                                                                                                                  </ptk:xmlAttributes>
                                                                                                                  <ptk:body>
                                                                                                                     <ptk:l>
                                                                                                                        <ptk:t>
</ptk:t>
                                                                                                                        <ptk:WtInternalLink>
                                                                                                                           <ptk:rtd>c3EAfgAjdXEAfgAnAAAAA3VxAH4AKQAAAAFxAH4BVnEAfgC6dXEAfgApAAAAAXEAfgFY</ptk:rtd>
                                                                                                                           <ptk:prefix/>
                                                                                                                           <ptk:postfix/>
                                                                                                                           <ptk:target>
                                                                                                                              <ptk:WtPageName location="Target:172:3">
                                                                                                                                 <ptk:content> جنوب السودان </ptk:content>
                                                                                                                                 <ptk:rtd null="true"/>
                                                                                                                              </ptk:WtPageName>
                                                                                                                           </ptk:target>
                                                                                                                           <ptk:title>
                                                                                                                              <ptk:l>
                                                                                                                                 <ptk:t location="Target:172:18">جنوب السودان</ptk:t>
                                                                                                                              </ptk:l>
                                                                                                                           </ptk:title>
                                                                                                                        </ptk:WtInternalLink>
                                                                                                                        <ptk:WtXmlEntityRef location="Target:172:33">
                                                                                                                           <ptk:rtd>c3EAfgAjdXEAfgAnAAAAAXVxAH4AKQAAAAF0AAYmbmJzcDs=</ptk:rtd>
                                                                                                                           <ptk:name>nbsp</ptk:name>
                                                                                                                           <ptk:resolved> </ptk:resolved>
                                                                                                                        </ptk:WtXmlEntityRef>
                                                                                                                        <ptk:t location="Target:172:38">•</ptk:t>
                                                                                                                     </ptk:l>
                                                                                                                  </ptk:body>
                                                                                                               </ptk:WtXmlElement>
                                                                                                               <ptk:t location="Target:172:46"> </ptk:t>
                                                                                                               <ptk:WtXmlElement>
                                                                                                                  <ptk:rtd>c3EAfgAjdXEAfgAnAAAAA3VxAH4AKQAAAAF0AAU8c3BhbnVxAH4AKQAAAAF0AAE+dXEAfgApAAAAAXQABzwvc3Bhbj4=</ptk:rtd>
                                                                                                                  <ptk:name>span</ptk:name>
                                                                                                                  <ptk:xmlAttributes>
                                                                                                                     <ptk:l location="Target:172:52">
                                                                                                                        <ptk:WtXmlAttribute location="Target:172:52">
                                                                                                                           <ptk:rtd>c3EAfgAjdXEAfgAnAAAAAnVxAH4AKQAAAAF0AAggc3R5bGU9InVxAH4AKQAAAAF0AAEi</ptk:rtd>
                                                                                                                           <ptk:name>style</ptk:name>
                                                                                                                           <ptk:value>
                                                                                                                              <ptk:l location="Target:172:60">
                                                                                                                                 <ptk:t location="Target:172:60">white-space:nowrap</ptk:t>
                                                                                                                              </ptk:l>
                                                                                                                           </ptk:value>
                                                                                                                        </ptk:WtXmlAttribute>
                                                                                                                     </ptk:l>
                                                                                                                  </ptk:xmlAttributes>
                                                                                                                  <ptk:body>
                                                                                                                     <ptk:l>
                                                                                                                        <ptk:t>
</ptk:t>
                                                                                                                        <ptk:WtInternalLink>
                                                                                                                           <ptk:rtd>c3EAfgAjdXEAfgAnAAAAA3VxAH4AKQAAAAFxAH4BVnEAfgC6dXEAfgApAAAAAXEAfgFY</ptk:rtd>
                                                                                                                           <ptk:prefix/>
                                                                                                                           <ptk:postfix/>
                                                                                                                           <ptk:target>
                                                                                                                              <ptk:WtPageName location="Target:173:3">
                                                                                                                                 <ptk:content> السودان </ptk:content>
                                                                                                                                 <ptk:rtd null="true"/>
                                                                                                                              </ptk:WtPageName>
                                                                                                                           </ptk:target>
                                                                                                                           <ptk:title>
                                                                                                                              <ptk:l>
                                                                                                                                 <ptk:t location="Target:173:13">السودان</ptk:t>
                                                                                                                              </ptk:l>
                                                                                                                           </ptk:title>
                                                                                                                        </ptk:WtInternalLink>
                                                                                                                        <ptk:WtXmlEntityRef location="Target:173:23">
                                                                                                                           <ptk:rtd>c3EAfgAjdXEAfgAnAAAAAXVxAH4AKQAAAAF0AAYmbmJzcDs=</ptk:rtd>
                                                                                                                           <ptk:name>nbsp</ptk:name>
                                                                                                                           <ptk:resolved> </ptk:resolved>
                                                                                                                        </ptk:WtXmlEntityRef>
                                                                                                                        <ptk:t location="Target:173:28">•</ptk:t>
                                                                                                                     </ptk:l>
                                                                                                                  </ptk:body>
                                                                                                               </ptk:WtXmlElement>
                                                                                                               <ptk:t location="Target:173:36"> </ptk:t>
                                                                                                               <ptk:WtXmlElement>
                                                                                                                  <ptk:rtd>c3EAfgAjdXEAfgAnAAAAA3VxAH4AKQAAAAF0AAU8c3BhbnVxAH4AKQAAAAF0AAE+dXEAfgApAAAAAXQABzwvc3Bhbj4=</ptk:rtd>
                                                                                                                  <ptk:name>span</ptk:name>
                                                                                                                  <ptk:xmlAttributes>
                                                                                                                     <ptk:l location="Target:173:42">
                                                                                                                        <ptk:WtXmlAttribute location="Target:173:42">
                                                                                                                           <ptk:rtd>c3EAfgAjdXEAfgAnAAAAAnVxAH4AKQAAAAF0AAggc3R5bGU9InVxAH4AKQAAAAF0AAEi</ptk:rtd>
                                                                                                                           <ptk:name>style</ptk:name>
                                                                                                                           <ptk:value>
                                                                                                                              <ptk:l location="Target:173:50">
                                                                                                                                 <ptk:t location="Target:173:50">white-space:nowrap</ptk:t>
                                                                                                                              </ptk:l>
                                                                                                                           </ptk:value>
                                                                                                                        </ptk:WtXmlAttribute>
                                                                                                                     </ptk:l>
                                                                                                                  </ptk:xmlAttributes>
                                                                                                                  <ptk:body>
                                                                                                                     <ptk:l>
                                                                                                                        <ptk:t>
</ptk:t>
                                                                                                                        <ptk:WtInternalLink>
                                                                                                                           <ptk:rtd>c3EAfgAjdXEAfgAnAAAAA3VxAH4AKQAAAAFxAH4BVnEAfgC6dXEAfgApAAAAAXEAfgFY</ptk:rtd>
                                                                                                                           <ptk:prefix/>
                                                                                                                           <ptk:postfix/>
                                                                                                                           <ptk:target>
                                                                                                                              <ptk:WtPageName location="Target:174:3">
                                                                                                                                 <ptk:content> سوازيلاند </ptk:content>
                                                                                                                                 <ptk:rtd null="true"/>
                                                                                                                              </ptk:WtPageName>
                                                                                                                           </ptk:target>
                                                                                                                           <ptk:title>
                                                                                                                              <ptk:l>
                                                                                                                                 <ptk:t location="Target:174:15">سوازيلاند</ptk:t>
                                                                                                                              </ptk:l>
                                                                                                                           </ptk:title>
                                                                                                                        </ptk:WtInternalLink>
                                                                                                                        <ptk:WtXmlEntityRef location="Target:174:27">
                                                                                                                           <ptk:rtd>c3EAfgAjdXEAfgAnAAAAAXVxAH4AKQAAAAF0AAYmbmJzcDs=</ptk:rtd>
                                                                                                                           <ptk:name>nbsp</ptk:name>
                                                                                                                           <ptk:resolved> </ptk:resolved>
                                                                                                                        </ptk:WtXmlEntityRef>
                                                                                                                        <ptk:t location="Target:174:32">•</ptk:t>
                                                                                                                     </ptk:l>
                                                                                                                  </ptk:body>
                                                                                                               </ptk:WtXmlElement>
                                                                                                               <ptk:t location="Target:174:40"> </ptk:t>
                                                                                                               <ptk:WtXmlElement>
                                                                                                                  <ptk:rtd>c3EAfgAjdXEAfgAnAAAAA3VxAH4AKQAAAAF0AAU8c3BhbnVxAH4AKQAAAAF0AAE+dXEAfgApAAAAAXQABzwvc3Bhbj4=</ptk:rtd>
                                                                                                                  <ptk:name>span</ptk:name>
                                                                                                                  <ptk:xmlAttributes>
                                                                                                                     <ptk:l location="Target:174:46">
                                                                                                                        <ptk:WtXmlAttribute location="Target:174:46">
                                                                                                                           <ptk:rtd>c3EAfgAjdXEAfgAnAAAAAnVxAH4AKQAAAAF0AAggc3R5bGU9InVxAH4AKQAAAAF0AAEi</ptk:rtd>
                                                                                                                           <ptk:name>style</ptk:name>
                                                                                                                           <ptk:value>
                                                                                                                              <ptk:l location="Target:174:54">
                                                                                                                                 <ptk:t location="Target:174:54">white-space:nowrap</ptk:t>
                                                                                                                              </ptk:l>
                                                                                                                           </ptk:value>
                                                                                                                        </ptk:WtXmlAttribute>
                                                                                                                     </ptk:l>
                                                                                                                  </ptk:xmlAttributes>
                                                                                                                  <ptk:body>
                                                                                                                     <ptk:l>
                                                                                                                        <ptk:t>
</ptk:t>
                                                                                                                        <ptk:WtInternalLink>
                                                                                                                           <ptk:rtd>c3EAfgAjdXEAfgAnAAAAA3VxAH4AKQAAAAFxAH4BVnEAfgC6dXEAfgApAAAAAXEAfgFY</ptk:rtd>
                                                                                                                           <ptk:prefix/>
                                                                                                                           <ptk:postfix/>
                                                                                                                           <ptk:target>
                                                                                                                              <ptk:WtPageName location="Target:175:3">
                                                                                                                                 <ptk:content> تنزانيا </ptk:content>
                                                                                                                                 <ptk:rtd null="true"/>
                                                                                                                              </ptk:WtPageName>
                                                                                                                           </ptk:target>
                                                                                                                           <ptk:title>
                                                                                                                              <ptk:l>
                                                                                                                                 <ptk:t location="Target:175:13">تنزانيا</ptk:t>
                                                                                                                              </ptk:l>
                                                                                                                           </ptk:title>
                                                                                                                        </ptk:WtInternalLink>
                                                                                                                        <ptk:WtXmlEntityRef location="Target:175:23">
                                                                                                                           <ptk:rtd>c3EAfgAjdXEAfgAnAAAAAXVxAH4AKQAAAAF0AAYmbmJzcDs=</ptk:rtd>
                                                                                                                           <ptk:name>nbsp</ptk:name>
                                                                                                                           <ptk:resolved> </ptk:resolved>
                                                                                                                        </ptk:WtXmlEntityRef>
                                                                                                                        <ptk:t location="Target:175:28">•</ptk:t>
                                                                                                                     </ptk:l>
                                                                                                                  </ptk:body>
                                                                                                               </ptk:WtXmlElement>
                                                                                                               <ptk:t location="Target:175:36"> </ptk:t>
                                                                                                               <ptk:WtXmlElement>
                                                                                                                  <ptk:rtd>c3EAfgAjdXEAfgAnAAAAA3VxAH4AKQAAAAF0AAU8c3BhbnVxAH4AKQAAAAF0AAE+dXEAfgApAAAAAXQABzwvc3Bhbj4=</ptk:rtd>
                                                                                                                  <ptk:name>span</ptk:name>
                                                                                                                  <ptk:xmlAttributes>
                                                                                                                     <ptk:l location="Target:175:42">
                                                                                                                        <ptk:WtXmlAttribute location="Target:175:42">
                                                                                                                           <ptk:rtd>c3EAfgAjdXEAfgAnAAAAAnVxAH4AKQAAAAF0AAggc3R5bGU9InVxAH4AKQAAAAF0AAEi</ptk:rtd>
                                                                                                                           <ptk:name>style</ptk:name>
                                                                                                                           <ptk:value>
                                                                                                                              <ptk:l location="Target:175:50">
                                                                                                                                 <ptk:t location="Target:175:50">white-space:nowrap</ptk:t>
                                                                                                                              </ptk:l>
                                                                                                                           </ptk:value>
                                                                                                                        </ptk:WtXmlAttribute>
                                                                                                                     </ptk:l>
                                                                                                                  </ptk:xmlAttributes>
                                                                                                                  <ptk:body>
                                                                                                                     <ptk:l>
                                                                                                                        <ptk:t>
</ptk:t>
                                                                                                                        <ptk:WtInternalLink>
                                                                                                                           <ptk:rtd>c3EAfgAjdXEAfgAnAAAAA3VxAH4AKQAAAAFxAH4BVnEAfgC6dXEAfgApAAAAAXEAfgFY</ptk:rtd>
                                                                                                                           <ptk:prefix/>
                                                                                                                           <ptk:postfix/>
                                                                                                                           <ptk:target>
                                                                                                                              <ptk:WtPageName location="Target:176:3">
                                                                                                                                 <ptk:content> توجو </ptk:content>
                                                                                                                                 <ptk:rtd null="true"/>
                                                                                                                              </ptk:WtPageName>
                                                                                                                           </ptk:target>
                                                                                                                           <ptk:title>
                                                                                                                              <ptk:l>
                                                                                                                                 <ptk:t location="Target:176:10">توجو</ptk:t>
                                                                                                                              </ptk:l>
                                                                                                                           </ptk:title>
                                                                                                                        </ptk:WtInternalLink>
                                                                                                                        <ptk:WtXmlEntityRef location="Target:176:17">
                                                                                                                           <ptk:rtd>c3EAfgAjdXEAfgAnAAAAAXVxAH4AKQAAAAF0AAYmbmJzcDs=</ptk:rtd>
                                                                                                                           <ptk:name>nbsp</ptk:name>
                                                                                                                           <ptk:resolved> </ptk:resolved>
                                                                                                                        </ptk:WtXmlEntityRef>
                                                                                                                        <ptk:t location="Target:176:22">•</ptk:t>
                                                                                                                     </ptk:l>
                                                                                                                  </ptk:body>
                                                                                                               </ptk:WtXmlElement>
                                                                                                               <ptk:t location="Target:176:30"> </ptk:t>
                                                                                                               <ptk:WtXmlElement>
                                                                                                                  <ptk:rtd>c3EAfgAjdXEAfgAnAAAAA3VxAH4AKQAAAAF0AAU8c3BhbnVxAH4AKQAAAAF0AAE+dXEAfgApAAAAAXQABzwvc3Bhbj4=</ptk:rtd>
                                                                                                                  <ptk:name>span</ptk:name>
                                                                                                                  <ptk:xmlAttributes>
                                                                                                                     <ptk:l location="Target:176:36">
                                                                                                                        <ptk:WtXmlAttribute location="Target:176:36">
                                                                                                                           <ptk:rtd>c3EAfgAjdXEAfgAnAAAAAnVxAH4AKQAAAAF0AAggc3R5bGU9InVxAH4AKQAAAAF0AAEi</ptk:rtd>
                                                                                                                           <ptk:name>style</ptk:name>
                                                                                                                           <ptk:value>
                                                                                                                              <ptk:l location="Target:176:44">
                                                                                                                                 <ptk:t location="Target:176:44">white-space:nowrap</ptk:t>
                                                                                                                              </ptk:l>
                                                                                                                           </ptk:value>
                                                                                                                        </ptk:WtXmlAttribute>
                                                                                                                     </ptk:l>
                                                                                                                  </ptk:xmlAttributes>
                                                                                                                  <ptk:body>
                                                                                                                     <ptk:l>
                                                                                                                        <ptk:t>
</ptk:t>
                                                                                                                        <ptk:WtInternalLink>
                                                                                                                           <ptk:rtd>c3EAfgAjdXEAfgAnAAAAA3VxAH4AKQAAAAFxAH4BVnEAfgC6dXEAfgApAAAAAXEAfgFY</ptk:rtd>
                                                                                                                           <ptk:prefix/>
                                                                                                                           <ptk:postfix/>
                                                                                                                           <ptk:target>
                                                                                                                              <ptk:WtPageName location="Target:177:3">
                                                                                                                                 <ptk:content> تونس </ptk:content>
                                                                                                                                 <ptk:rtd null="true"/>
                                                                                                                              </ptk:WtPageName>
                                                                                                                           </ptk:target>
                                                                                                                           <ptk:title>
                                                                                                                              <ptk:l>
                                                                                                                                 <ptk:t location="Target:177:10">تونس</ptk:t>
                                                                                                                              </ptk:l>
                                                                                                                           </ptk:title>
                                                                                                                        </ptk:WtInternalLink>
                                                                                                                        <ptk:WtXmlEntityRef location="Target:177:17">
                                                                                                                           <ptk:rtd>c3EAfgAjdXEAfgAnAAAAAXVxAH4AKQAAAAF0AAYmbmJzcDs=</ptk:rtd>
                                                                                                                           <ptk:name>nbsp</ptk:name>
                                                                                                                           <ptk:resolved> </ptk:resolved>
                                                                                                                        </ptk:WtXmlEntityRef>
                                                                                                                        <ptk:t location="Target:177:22">•</ptk:t>
                                                                                                                     </ptk:l>
                                                                                                                  </ptk:body>
                                                                                                               </ptk:WtXmlElement>
                                                                                                               <ptk:t location="Target:177:30"> </ptk:t>
                                                                                                               <ptk:WtXmlElement>
                                                                                                                  <ptk:rtd>c3EAfgAjdXEAfgAnAAAAA3VxAH4AKQAAAAF0AAU8c3BhbnVxAH4AKQAAAAF0AAE+dXEAfgApAAAAAXQABzwvc3Bhbj4=</ptk:rtd>
                                                                                                                  <ptk:name>span</ptk:name>
                                                                                                                  <ptk:xmlAttributes>
                                                                                                                     <ptk:l location="Target:177:36">
                                                                                                                        <ptk:WtXmlAttribute location="Target:177:36">
                                                                                                                           <ptk:rtd>c3EAfgAjdXEAfgAnAAAAAnVxAH4AKQAAAAF0AAggc3R5bGU9InVxAH4AKQAAAAF0AAEi</ptk:rtd>
                                                                                                                           <ptk:name>style</ptk:name>
                                                                                                                           <ptk:value>
                                                                                                                              <ptk:l location="Target:177:44">
                                                                                                                                 <ptk:t location="Target:177:44">white-space:nowrap</ptk:t>
                                                                                                                              </ptk:l>
                                                                                                                           </ptk:value>
                                                                                                                        </ptk:WtXmlAttribute>
                                                                                                                     </ptk:l>
                                                                                                                  </ptk:xmlAttributes>
                                                                                                                  <ptk:body>
                                                                                                                     <ptk:l>
                                                                                                                        <ptk:t>
</ptk:t>
                                                                                                                        <ptk:WtInternalLink>
                                                                                                                           <ptk:rtd>c3EAfgAjdXEAfgAnAAAAA3VxAH4AKQAAAAFxAH4BVnEAfgC6dXEAfgApAAAAAXEAfgFY</ptk:rtd>
                                                                                                                           <ptk:prefix/>
                                                                                                                           <ptk:postfix/>
                                                                                                                           <ptk:target>
                                                                                                                              <ptk:WtPageName location="Target:178:3">
                                                                                                                                 <ptk:content> اوجاندا </ptk:content>
                                                                                                                                 <ptk:rtd null="true"/>
                                                                                                                              </ptk:WtPageName>
                                                                                                                           </ptk:target>
                                                                                                                           <ptk:title>
                                                                                                                              <ptk:l>
                                                                                                                                 <ptk:t location="Target:178:13">اوجاندا</ptk:t>
                                                                                                                              </ptk:l>
                                                                                                                           </ptk:title>
                                                                                                                        </ptk:WtInternalLink>
                                                                                                                        <ptk:WtXmlEntityRef location="Target:178:23">
                                                                                                                           <ptk:rtd>c3EAfgAjdXEAfgAnAAAAAXVxAH4AKQAAAAF0AAYmbmJzcDs=</ptk:rtd>
                                                                                                                           <ptk:name>nbsp</ptk:name>
                                                                                                                           <ptk:resolved> </ptk:resolved>
                                                                                                                        </ptk:WtXmlEntityRef>
                                                                                                                        <ptk:t location="Target:178:28">•</ptk:t>
                                                                                                                     </ptk:l>
                                                                                                                  </ptk:body>
                                                                                                               </ptk:WtXmlElement>
                                                                                                               <ptk:t location="Target:178:36"> </ptk:t>
                                                                                                               <ptk:WtXmlElement>
                                                                                                                  <ptk:rtd>c3EAfgAjdXEAfgAnAAAAA3VxAH4AKQAAAAF0AAU8c3BhbnVxAH4AKQAAAAF0AAE+dXEAfgApAAAAAXQABzwvc3Bhbj4=</ptk:rtd>
                                                                                                                  <ptk:name>span</ptk:name>
                                                                                                                  <ptk:xmlAttributes>
                                                                                                                     <ptk:l location="Target:178:42">
                                                                                                                        <ptk:WtXmlAttribute location="Target:178:42">
                                                                                                                           <ptk:rtd>c3EAfgAjdXEAfgAnAAAAAnVxAH4AKQAAAAF0AAggc3R5bGU9InVxAH4AKQAAAAF0AAEi</ptk:rtd>
                                                                                                                           <ptk:name>style</ptk:name>
                                                                                                                           <ptk:value>
                                                                                                                              <ptk:l location="Target:178:50">
                                                                                                                                 <ptk:t location="Target:178:50">white-space:nowrap</ptk:t>
                                                                                                                              </ptk:l>
                                                                                                                           </ptk:value>
                                                                                                                        </ptk:WtXmlAttribute>
                                                                                                                     </ptk:l>
                                                                                                                  </ptk:xmlAttributes>
                                                                                                                  <ptk:body>
                                                                                                                     <ptk:l>
                                                                                                                        <ptk:t>
</ptk:t>
                                                                                                                        <ptk:WtInternalLink>
                                                                                                                           <ptk:rtd>c3EAfgAjdXEAfgAnAAAAA3VxAH4AKQAAAAFxAH4BVnEAfgC6dXEAfgApAAAAAXEAfgFY</ptk:rtd>
                                                                                                                           <ptk:prefix/>
                                                                                                                           <ptk:postfix/>
                                                                                                                           <ptk:target>
                                                                                                                              <ptk:WtPageName location="Target:179:3">
                                                                                                                                 <ptk:content> زامبيا </ptk:content>
                                                                                                                                 <ptk:rtd null="true"/>
                                                                                                                              </ptk:WtPageName>
                                                                                                                           </ptk:target>
                                                                                                                           <ptk:title>
                                                                                                                              <ptk:l>
                                                                                                                                 <ptk:t location="Target:179:12">زامبيا</ptk:t>
                                                                                                                              </ptk:l>
                                                                                                                           </ptk:title>
                                                                                                                        </ptk:WtInternalLink>
                                                                                                                        <ptk:WtXmlEntityRef location="Target:179:21">
                                                                                                                           <ptk:rtd>c3EAfgAjdXEAfgAnAAAAAXVxAH4AKQAAAAF0AAYmbmJzcDs=</ptk:rtd>
                                                                                                                           <ptk:name>nbsp</ptk:name>
                                                                                                                           <ptk:resolved> </ptk:resolved>
                                                                                                                        </ptk:WtXmlEntityRef>
                                                                                                                        <ptk:t location="Target:179:26">•</ptk:t>
                                                                                                                     </ptk:l>
                                                                                                                  </ptk:body>
                                                                                                               </ptk:WtXmlElement>
                                                                                                               <ptk:t location="Target:179:34"> </ptk:t>
                                                                                                               <ptk:WtXmlElement>
                                                                                                                  <ptk:rtd>c3EAfgAjdXEAfgAnAAAAA3VxAH4AKQAAAAF0AAU8c3BhbnVxAH4AKQAAAAF0AAE+dXEAfgApAAAAAXQABzwvc3Bhbj4=</ptk:rtd>
                                                                                                                  <ptk:name>span</ptk:name>
                                                                                                                  <ptk:xmlAttributes>
                                                                                                                     <ptk:l location="Target:179:40">
                                                                                                                        <ptk:WtXmlAttribute location="Target:179:40">
                                                                                                                           <ptk:rtd>c3EAfgAjdXEAfgAnAAAAAnVxAH4AKQAAAAF0AAggc3R5bGU9InVxAH4AKQAAAAF0AAEi</ptk:rtd>
                                                                                                                           <ptk:name>style</ptk:name>
                                                                                                                           <ptk:value>
                                                                                                                              <ptk:l location="Target:179:48">
                                                                                                                                 <ptk:t location="Target:179:48">white-space:nowrap</ptk:t>
                                                                                                                              </ptk:l>
                                                                                                                           </ptk:value>
                                                                                                                        </ptk:WtXmlAttribute>
                                                                                                                     </ptk:l>
                                                                                                                  </ptk:xmlAttributes>
                                                                                                                  <ptk:body>
                                                                                                                     <ptk:l>
                                                                                                                        <ptk:t>
</ptk:t>
                                                                                                                        <ptk:WtInternalLink>
                                                                                                                           <ptk:rtd>c3EAfgAjdXEAfgAnAAAAA3VxAH4AKQAAAAFxAH4BVnEAfgC6dXEAfgApAAAAAXEAfgFY</ptk:rtd>
                                                                                                                           <ptk:prefix/>
                                                                                                                           <ptk:postfix/>
                                                                                                                           <ptk:target>
                                                                                                                              <ptk:WtPageName location="Target:180:3">
                                                                                                                                 <ptk:content> زيمبابوى </ptk:content>
                                                                                                                                 <ptk:rtd null="true"/>
                                                                                                                              </ptk:WtPageName>
                                                                                                                           </ptk:target>
                                                                                                                           <ptk:title>
                                                                                                                              <ptk:l>
                                                                                                                                 <ptk:t location="Target:180:14">زيمبابوى</ptk:t>
                                                                                                                              </ptk:l>
                                                                                                                           </ptk:title>
                                                                                                                        </ptk:WtInternalLink>
                                                                                                                        <ptk:WtXmlEntityRef location="Target:180:25">
                                                                                                                           <ptk:rtd>c3EAfgAjdXEAfgAnAAAAAXVxAH4AKQAAAAF0AAYmbmJzcDs=</ptk:rtd>
                                                                                                                           <ptk:name>nbsp</ptk:name>
                                                                                                                           <ptk:resolved> </ptk:resolved>
                                                                                                                        </ptk:WtXmlEntityRef>
                                                                                                                        <ptk:t location="Target:180:30">•</ptk:t>
                                                                                                                     </ptk:l>
                                                                                                                  </ptk:body>
                                                                                                               </ptk:WtXmlElement>
                                                                                                               <ptk:t location="Target:180:38"> </ptk:t>
                                                                                                               <ptk:WtXmlElement>
                                                                                                                  <ptk:rtd>c3EAfgAjdXEAfgAnAAAAA3VxAH4AKQAAAAF0AAU8c3BhbnVxAH4AKQAAAAF0AAE+dXEAfgApAAAAAXQABzwvc3Bhbj4=</ptk:rtd>
                                                                                                                  <ptk:name>span</ptk:name>
                                                                                                                  <ptk:xmlAttributes>
                                                                                                                     <ptk:l location="Target:180:44">
                                                                                                                        <ptk:WtXmlAttribute location="Target:180:44">
                                                                                                                           <ptk:rtd>c3EAfgAjdXEAfgAnAAAAAnVxAH4AKQAAAAF0AAggc3R5bGU9InVxAH4AKQAAAAF0AAEi</ptk:rtd>
                                                                                                                           <ptk:name>style</ptk:name>
                                                                                                                           <ptk:value>
                                                                                                                              <ptk:l location="Target:180:52">
                                                                                                                                 <ptk:t location="Target:180:52">white-space:nowrap</ptk:t>
                                                                                                                              </ptk:l>
                                                                                                                           </ptk:value>
                                                                                                                        </ptk:WtXmlAttribute>
                                                                                                                     </ptk:l>
                                                                                                                  </ptk:xmlAttributes>
                                                                                                                  <ptk:body>
                                                                                                                     <ptk:l>
                                                                                                                        <ptk:t>
</ptk:t>
                                                                                                                     </ptk:l>
                                                                                                                  </ptk:body>
                                                                                                               </ptk:WtXmlElement>
                                                                                                               <ptk:t>
</ptk:t>
                                                                                                            </ptk:l>
                                                                                                         </ptk:body>
                                                                                                      </ptk:WtXmlElement>
                                                                                                   </ptk:l>
                                                                                                </ptk:body>
                                                                                             </ptk:WtXmlElement>
                                                                                          </ptk:l>
                                                                                       </ptk:body>
                                                                                    </ptk:WtXmlElement>
                                                                                    <ptk:WtXmlElement>
                                                                                       <ptk:rtd>c3EAfgAjdXEAfgAnAAAAA3VxAH4AKQAAAAF0AAM8dGR1cQB+ACkAAAABdAABPnEAfgC6</ptk:rtd>
                                                                                       <ptk:name>td</ptk:name>
                                                                                       <ptk:xmlAttributes>
                                                                                          <ptk:l location="Target:182:21">
                                                                                             <ptk:WtXmlAttribute location="Target:182:21">
                                                                                                <ptk:rtd>c3EAfgAjdXEAfgAnAAAAAnVxAH4AKQAAAAF0AAggY2xhc3M9InVxAH4AKQAAAAF0AAEi</ptk:rtd>
                                                                                                <ptk:name>class</ptk:name>
                                                                                                <ptk:value>
                                                                                                   <ptk:l location="Target:182:29">
                                                                                                      <ptk:t location="Target:182:29">navbox-image </ptk:t>
                                                                                                   </ptk:l>
                                                                                                </ptk:value>
                                                                                             </ptk:WtXmlAttribute>
                                                                                             <ptk:WtXmlAttribute location="Target:182:43">
                                                                                                <ptk:rtd>c3EAfgAjdXEAfgAnAAAAAnVxAH4AKQAAAAF0AAggc3R5bGU9InVxAH4AKQAAAAF0AAEi</ptk:rtd>
                                                                                                <ptk:name>style</ptk:name>
                                                                                                <ptk:value>
                                                                                                   <ptk:l location="Target:182:51">
                                                                                                      <ptk:t location="Target:182:51">width:0%;padding:0px 0px 0px 2px;</ptk:t>
                                                                                                   </ptk:l>
                                                                                                </ptk:value>
                                                                                             </ptk:WtXmlAttribute>
                                                                                             <ptk:WtXmlAttribute location="Target:182:85">
                                                                                                <ptk:rtd>c3EAfgAjdXEAfgAnAAAAAnVxAH4AKQAAAAF0AAkgcm93c3Bhbj1xAH4Aug==</ptk:rtd>
                                                                                                <ptk:name>rowspan</ptk:name>
                                                                                                <ptk:value>
                                                                                                   <ptk:l location="Target:182:94">
                                                                                                      <ptk:t location="Target:182:94">3</ptk:t>
                                                                                                   </ptk:l>
                                                                                                </ptk:value>
                                                                                             </ptk:WtXmlAttribute>
                                                                                          </ptk:l>
                                                                                       </ptk:xmlAttributes>
                                                                                       <ptk:body>
                                                                                          <ptk:l>
                                                                                             <ptk:WtXmlElement>
                                                                                                <ptk:rtd>c3EAfgAjdXEAfgAnAAAAA3VxAH4AKQAAAAF0AAQ8ZGl2dXEAfgApAAAAAXQAAT51cQB+ACkAAAABdAAGPC9kaXY+</ptk:rtd>
                                                                                                <ptk:name>div</ptk:name>
                                                                                                <ptk:xmlAttributes>
                                                                                                   <ptk:WtXmlAttributes-WtEmptyXmlAttributes/>
                                                                                                </ptk:xmlAttributes>
                                                                                                <ptk:body>
                                                                                                   <ptk:l>
                                                                                                      <ptk:t>
</ptk:t>
                                                                                                      <ptk:WtImageLink>
                                                                                                         <ptk:rtd>c3EAfgAjdXEAfgAnAAAABHVxAH4AKQAAAAFxAH4BVnEAfgC6cQB+ALp1cQB+ACkAAAABcQB+AVg=</ptk:rtd>
                                                                                                         <ptk:width>-1</ptk:width>
                                                                                                         <ptk:height>-1</ptk:height>
                                                                                                         <ptk:upright>false</ptk:upright>
                                                                                                         <ptk:hAlign>UNSPECIFIED</ptk:hAlign>
                                                                                                         <ptk:vAlign>MIDDLE</ptk:vAlign>
                                                                                                         <ptk:format>UNRESTRAINED</ptk:format>
                                                                                                         <ptk:border>false</ptk:border>
                                                                                                         <ptk:link>c3EAfgFZcQB+AV9xAH4BYg==</ptk:link>
                                                                                                         <ptk:alt>
                                                                                                            <ptk:WtLinkOptionAltText-WtNoLinkOptionAltText/>
                                                                                                         </ptk:alt>
                                                                                                         <ptk:target>
                                                                                                            <ptk:WtPageName location="Target:183:3">
                                                                                                               <ptk:content>ملف:AfricaLocation.svg</ptk:content>
                                                                                                               <ptk:rtd null="true"/>
                                                                                                            </ptk:WtPageName>
                                                                                                         </ptk:target>
                                                                                                         <ptk:options>
                                                                                                            <ptk:l location="Target:183:25"/>
                                                                                                         </ptk:options>
                                                                                                         <ptk:title>
                                                                                                            <ptk:l>
                                                                                                               <ptk:t location="Target:183:26">200بك</ptk:t>
                                                                                                            </ptk:l>
                                                                                                         </ptk:title>
                                                                                                      </ptk:WtImageLink>
                                                                                                   </ptk:l>
                                                                                                </ptk:body>
                                                                                             </ptk:WtXmlElement>
                                                                                          </ptk:l>
                                                                                       </ptk:body>
                                                                                    </ptk:WtXmlElement>
                                                                                 </ptk:l>
                                                                              </ptk:body>
                                                                           </ptk:WtXmlElement>
                                                                           <ptk:WtXmlElement>
                                                                              <ptk:rtd>c3EAfgAjdXEAfgAnAAAAA3VxAH4AKQAAAAF0AAM8dHJ1cQB+ACkAAAABdAABPnEAfgC6</ptk:rtd>
                                                                              <ptk:name>tr</ptk:name>
                                                                              <ptk:xmlAttributes>
                                                                                 <ptk:l location="Target:183:52">
                                                                                    <ptk:WtXmlAttribute location="Target:183:52">
                                                                                       <ptk:rtd>c3EAfgAjdXEAfgAnAAAAAnVxAH4AKQAAAAF0AAggc3R5bGU9InVxAH4AKQAAAAF0AAEi</ptk:rtd>
                                                                                       <ptk:name>style</ptk:name>
                                                                                       <ptk:value>
                                                                                          <ptk:l location="Target:183:60">
                                                                                             <ptk:t location="Target:183:60">height:2px</ptk:t>
                                                                                          </ptk:l>
                                                                                       </ptk:value>
                                                                                    </ptk:WtXmlAttribute>
                                                                                 </ptk:l>
                                                                              </ptk:xmlAttributes>
                                                                              <ptk:body>
                                                                                 <ptk:l>
                                                                                    <ptk:WtXmlElement>
                                                                                       <ptk:rtd>c3EAfgAjdXEAfgAnAAAAA3VxAH4AKQAAAAF0AAM8dGR1cQB+ACkAAAABdAABPnEAfgC6</ptk:rtd>
                                                                                       <ptk:name>td</ptk:name>
                                                                                       <ptk:xmlAttributes>
                                                                                          <ptk:WtXmlAttributes-WtEmptyXmlAttributes/>
                                                                                       </ptk:xmlAttributes>
                                                                                       <ptk:body>
                                                                                          <ptk:l/>
                                                                                       </ptk:body>
                                                                                    </ptk:WtXmlElement>
                                                                                 </ptk:l>
                                                                              </ptk:body>
                                                                           </ptk:WtXmlElement>
                                                                           <ptk:WtXmlElement>
                                                                              <ptk:rtd>c3EAfgAjdXEAfgAnAAAAA3VxAH4AKQAAAAF0AAM8dHJ1cQB+ACkAAAABdAABPnEAfgC6</ptk:rtd>
                                                                              <ptk:name>tr</ptk:name>
                                                                              <ptk:xmlAttributes>
                                                                                 <ptk:WtXmlAttributes-WtEmptyXmlAttributes/>
                                                                              </ptk:xmlAttributes>
                                                                              <ptk:body>
                                                                                 <ptk:l>
                                                                                    <ptk:WtXmlElement>
                                                                                       <ptk:rtd>c3EAfgAjdXEAfgAnAAAAA3VxAH4AKQAAAAF0AAM8dGh1cQB+ACkAAAABdAABPnEAfgC6</ptk:rtd>
                                                                                       <ptk:name>th</ptk:name>
                                                                                       <ptk:xmlAttributes>
                                                                                          <ptk:l location="Target:183:93">
                                                                                             <ptk:WtXmlAttribute location="Target:183:93">
                                                                                                <ptk:rtd>c3EAfgAjdXEAfgAnAAAAAnVxAH4AKQAAAAF0AAggc2NvcGU9InVxAH4AKQAAAAF0AAEi</ptk:rtd>
                                                                                                <ptk:name>scope</ptk:name>
                                                                                                <ptk:value>
                                                                                                   <ptk:l location="Target:183:101">
                                                                                                      <ptk:t location="Target:183:101">row</ptk:t>
                                                                                                   </ptk:l>
                                                                                                </ptk:value>
                                                                                             </ptk:WtXmlAttribute>
                                                                                             <ptk:WtXmlAttribute location="Target:183:105">
                                                                                                <ptk:rtd>c3EAfgAjdXEAfgAnAAAAAnVxAH4AKQAAAAF0AAggY2xhc3M9InVxAH4AKQAAAAF0AAEi</ptk:rtd>
                                                                                                <ptk:name>class</ptk:name>
                                                                                                <ptk:value>
                                                                                                   <ptk:l location="Target:183:113">
                                                                                                      <ptk:t location="Target:183:113">navbox-group </ptk:t>
                                                                                                   </ptk:l>
                                                                                                </ptk:value>
                                                                                             </ptk:WtXmlAttribute>
                                                                                             <ptk:WtXmlAttribute location="Target:183:127">
                                                                                                <ptk:rtd>c3EAfgAjdXEAfgAnAAAAAnVxAH4AKQAAAAF0AAggc3R5bGU9InVxAH4AKQAAAAF0AAEi</ptk:rtd>
                                                                                                <ptk:name>style</ptk:name>
                                                                                                <ptk:value>
                                                                                                   <ptk:l location="Target:183:135">
                                                                                                      <ptk:t location="Target:183:135">;padding:0.35em 1.0em; line-height:1.1em;;</ptk:t>
                                                                                                   </ptk:l>
                                                                                                </ptk:value>
                                                                                             </ptk:WtXmlAttribute>
                                                                                          </ptk:l>
                                                                                       </ptk:xmlAttributes>
                                                                                       <ptk:body>
                                                                                          <ptk:l>
                                                                                             <ptk:WtInternalLink>
                                                                                                <ptk:rtd>c3EAfgAjdXEAfgAnAAAAA3VxAH4AKQAAAAFxAH4BVnEAfgC6dXEAfgApAAAAAXEAfgFY</ptk:rtd>
                                                                                                <ptk:prefix/>
                                                                                                <ptk:postfix/>
                                                                                                <ptk:target>
                                                                                                   <ptk:WtPageName location="Target:183:181">
                                                                                                      <ptk:content>لستة الدول المستقله</ptk:content>
                                                                                                      <ptk:rtd null="true"/>
                                                                                                   </ptk:WtPageName>
                                                                                                </ptk:target>
                                                                                                <ptk:title>
                                                                                                   <ptk:l>
                                                                                                      <ptk:t location="Target:183:201">جمهوريات و اقاليم</ptk:t>
                                                                                                      <ptk:WtXmlElement>
                                                                                                         <ptk:rtd>c3EAfgAjdXEAfgAnAAAAA3VxAH4AKQAAAAF0AAM8YnJ1cQB+ACkAAAABdAADIC8+cQB+ALo=</ptk:rtd>
                                                                                                         <ptk:name>br</ptk:name>
                                                                                                         <ptk:xmlAttributes>
                                                                                                            <ptk:WtXmlAttributes-WtEmptyXmlAttributes/>
                                                                                                         </ptk:xmlAttributes>
                                                                                                         <ptk:body>
                                                                                                            <ptk:WtBody-WtNoBody/>
                                                                                                         </ptk:body>
                                                                                                      </ptk:WtXmlElement>
                                                                                                      <ptk:t location="Target:183:224"> بتحكم نفسيها</ptk:t>
                                                                                                   </ptk:l>
                                                                                                </ptk:title>
                                                                                             </ptk:WtInternalLink>
                                                                                          </ptk:l>
                                                                                       </ptk:body>
                                                                                    </ptk:WtXmlElement>
                                                                                    <ptk:WtXmlElement>
                                                                                       <ptk:rtd>c3EAfgAjdXEAfgAnAAAAA3VxAH4AKQAAAAF0AAM8dGR1cQB+ACkAAAABdAABPnEAfgC6</ptk:rtd>
                                                                                       <ptk:name>td</ptk:name>
                                                                                       <ptk:xmlAttributes>
                                                                                          <ptk:l location="Target:183:247">
                                                                                             <ptk:WtXmlAttribute location="Target:183:247">
                                                                                                <ptk:rtd>c3EAfgAjdXEAfgAnAAAAAnVxAH4AKQAAAAF0AAggc3R5bGU9InVxAH4AKQAAAAF0AAEi</ptk:rtd>
                                                                                                <ptk:name>style</ptk:name>
                                                                                                <ptk:value>
                                                                                                   <ptk:l location="Target:183:255">
                                                                                                      <ptk:t location="Target:183:255">text-align:right;border-right-width:2px;border-right-style:solid;width:100%;padding:0px;font-size:0.95em;;;</ptk:t>
                                                                                                   </ptk:l>
                                                                                                </ptk:value>
                                                                                             </ptk:WtXmlAttribute>
                                                                                             <ptk:WtXmlAttribute location="Target:183:363">
                                                                                                <ptk:rtd>c3EAfgAjdXEAfgAnAAAAAnVxAH4AKQAAAAF0AAggY2xhc3M9InVxAH4AKQAAAAF0AAEi</ptk:rtd>
                                                                                                <ptk:name>class</ptk:name>
                                                                                                <ptk:value>
                                                                                                   <ptk:l location="Target:183:371">
                                                                                                      <ptk:t location="Target:183:371">navbox-list navbox-even </ptk:t>
                                                                                                   </ptk:l>
                                                                                                </ptk:value>
                                                                                             </ptk:WtXmlAttribute>
                                                                                          </ptk:l>
                                                                                       </ptk:xmlAttributes>
                                                                                       <ptk:body>
                                                                                          <ptk:l>
                                                                                             <ptk:WtXmlElement>
                                                                                                <ptk:rtd>c3EAfgAjdXEAfgAnAAAAA3VxAH4AKQAAAAF0AAQ8ZGl2dXEAfgApAAAAAXQAAT51cQB+ACkAAAABdAAGPC9kaXY+</ptk:rtd>
                                                                                                <ptk:name>div</ptk:name>
                                                                                                <ptk:xmlAttributes>
                                                                                                   <ptk:l location="Target:183:401">
                                                                                                      <ptk:WtXmlAttribute location="Target:183:401">
                                                                                                         <ptk:rtd>c3EAfgAjdXEAfgAnAAAAAnVxAH4AKQAAAAF0AAggc3R5bGU9InVxAH4AKQAAAAF0AAEi</ptk:rtd>
                                                                                                         <ptk:name>style</ptk:name>
                                                                                                         <ptk:value>
                                                                                                            <ptk:l location="Target:183:409">
                                                                                                               <ptk:t location="Target:183:409">padding:0em 0.25em</ptk:t>
                                                                                                            </ptk:l>
                                                                                                         </ptk:value>
                                                                                                      </ptk:WtXmlAttribute>
                                                                                                   </ptk:l>
                                                                                                </ptk:xmlAttributes>
                                                                                                <ptk:body>
                                                                                                   <ptk:l>
                                                                                                      <ptk:t>
</ptk:t>
                                                                                                      <ptk:WtXmlElement>
                                                                                                         <ptk:rtd>c3EAfgAjdXEAfgAnAAAAA3VxAH4AKQAAAAF0AAQ8ZGl2dXEAfgApAAAAAXQAAT51cQB+ACkAAAABcQB+ALI=</ptk:rtd>
                                                                                                         <ptk:name>div</ptk:name>
                                                                                                         <ptk:xmlAttributes>
                                                                                                            <ptk:WtXmlAttributes-WtEmptyXmlAttributes/>
                                                                                                         </ptk:xmlAttributes>
                                                                                                         <ptk:body>
                                                                                                            <ptk:l>
                                                                                                               <ptk:t>
</ptk:t>
                                                                                                               <ptk:WtXmlElement>
                                                                                                                  <ptk:rtd>c3EAfgAjdXEAfgAnAAAAA3VxAH4AKQAAAAF0AAU8c3BhbnVxAH4AKQAAAAF0AAE+dXEAfgApAAAAAXQABzwvc3Bhbj4=</ptk:rtd>
                                                                                                                  <ptk:name>span</ptk:name>
                                                                                                                  <ptk:xmlAttributes>
                                                                                                                     <ptk:l location="Target:185:6">
                                                                                                                        <ptk:WtXmlAttribute location="Target:185:6">
                                                                                                                           <ptk:rtd>c3EAfgAjdXEAfgAnAAAAAnVxAH4AKQAAAAF0AAggc3R5bGU9InVxAH4AKQAAAAF0AAEi</ptk:rtd>
                                                                                                                           <ptk:name>style</ptk:name>
                                                                                                                           <ptk:value>
                                                                                                                              <ptk:l location="Target:185:14">
                                                                                                                                 <ptk:t location="Target:185:14">white-space:nowrap</ptk:t>
                                                                                                                              </ptk:l>
                                                                                                                           </ptk:value>
                                                                                                                        </ptk:WtXmlAttribute>
                                                                                                                     </ptk:l>
                                                                                                                  </ptk:xmlAttributes>
                                                                                                                  <ptk:body>
                                                                                                                     <ptk:l>
                                                                                                                        <ptk:t>
</ptk:t>
                                                                                                                        <ptk:WtInternalLink>
                                                                                                                           <ptk:rtd>c3EAfgAjdXEAfgAnAAAAA3VxAH4AKQAAAAFxAH4BVnEAfgC6dXEAfgApAAAAAXEAfgFY</ptk:rtd>
                                                                                                                           <ptk:prefix/>
                                                                                                                           <ptk:postfix/>
                                                                                                                           <ptk:target>
                                                                                                                              <ptk:WtPageName location="Target:186:3">
                                                                                                                                 <ptk:content> _جزر الكنارى </ptk:content>
                                                                                                                                 <ptk:rtd null="true"/>
                                                                                                                              </ptk:WtPageName>
                                                                                                                           </ptk:target>
                                                                                                                           <ptk:title>
                                                                                                                              <ptk:l>
                                                                                                                                 <ptk:t location="Target:186:18">جزر الكنارى</ptk:t>
                                                                                                                              </ptk:l>
                                                                                                                           </ptk:title>
                                                                                                                        </ptk:WtInternalLink>
                                                                                                                        <ptk:WtXmlEntityRef location="Target:186:32">
                                                                                                                           <ptk:rtd>c3EAfgAjdXEAfgAnAAAAAXVxAH4AKQAAAAF0AAYmbmJzcDs=</ptk:rtd>
                                                                                                                           <ptk:name>nbsp</ptk:name>
                                                                                                                           <ptk:resolved> </ptk:resolved>
                                                                                                                        </ptk:WtXmlEntityRef>
                                                                                                                        <ptk:t location="Target:186:37">/</ptk:t>
                                                                                                                     </ptk:l>
                                                                                                                  </ptk:body>
                                                                                                               </ptk:WtXmlElement>
                                                                                                               <ptk:t location="Target:186:45"> </ptk:t>
                                                                                                               <ptk:WtXmlElement>
                                                                                                                  <ptk:rtd>c3EAfgAjdXEAfgAnAAAAA3VxAH4AKQAAAAF0AAU8c3BhbnVxAH4AKQAAAAF0AAE+dXEAfgApAAAAAXQABzwvc3Bhbj4=</ptk:rtd>
                                                                                                                  <ptk:name>span</ptk:name>
                                                                                                                  <ptk:xmlAttributes>
                                                                                                                     <ptk:l location="Target:186:51">
                                                                                                                        <ptk:WtXmlAttribute location="Target:186:51">
                                                                                                                           <ptk:rtd>c3EAfgAjdXEAfgAnAAAAAnVxAH4AKQAAAAF0AAggc3R5bGU9InVxAH4AKQAAAAF0AAEi</ptk:rtd>
                                                                                                                           <ptk:name>style</ptk:name>
                                                                                                                           <ptk:value>
                                                                                                                              <ptk:l location="Target:186:59">
                                                                                                                                 <ptk:t location="Target:186:59">white-space:nowrap;</ptk:t>
                                                                                                                              </ptk:l>
                                                                                                                           </ptk:value>
                                                                                                                        </ptk:WtXmlAttribute>
                                                                                                                     </ptk:l>
                                                                                                                  </ptk:xmlAttributes>
                                                                                                                  <ptk:body>
                                                                                                                     <ptk:l>
                                                                                                                        <ptk:t location="Target:186:80"> </ptk:t>
                                                                                                                        <ptk:WtInternalLink>
                                                                                                                           <ptk:rtd>c3EAfgAjdXEAfgAnAAAAA3VxAH4AKQAAAAFxAH4BVnEAfgC6dXEAfgApAAAAAXEAfgFY</ptk:rtd>
                                                                                                                           <ptk:prefix/>
                                                                                                                           <ptk:postfix/>
                                                                                                                           <ptk:target>
                                                                                                                              <ptk:WtPageName location="Target:186:83">
                                                                                                                                 <ptk:content> ثيويتا </ptk:content>
                                                                                                                                 <ptk:rtd null="true"/>
                                                                                                                              </ptk:WtPageName>
                                                                                                                           </ptk:target>
                                                                                                                           <ptk:title>
                                                                                                                              <ptk:l>
                                                                                                                                 <ptk:t location="Target:186:92">ثيويتا</ptk:t>
                                                                                                                              </ptk:l>
                                                                                                                           </ptk:title>
                                                                                                                        </ptk:WtInternalLink>
                                                                                                                        <ptk:WtXmlEntityRef location="Target:186:101">
                                                                                                                           <ptk:rtd>c3EAfgAjdXEAfgAnAAAAAXVxAH4AKQAAAAF0AAYmbmJzcDs=</ptk:rtd>
                                                                                                                           <ptk:name>nbsp</ptk:name>
                                                                                                                           <ptk:resolved> </ptk:resolved>
                                                                                                                        </ptk:WtXmlEntityRef>
                                                                                                                        <ptk:t location="Target:186:106">/</ptk:t>
                                                                                                                     </ptk:l>
                                                                                                                  </ptk:body>
                                                                                                               </ptk:WtXmlElement>
                                                                                                               <ptk:t location="Target:186:114"> </ptk:t>
                                                                                                               <ptk:WtXmlElement>
                                                                                                                  <ptk:rtd>c3EAfgAjdXEAfgAnAAAAA3VxAH4AKQAAAAF0AAU8c3BhbnVxAH4AKQAAAAF0AAE+dXEAfgApAAAAAXQABzwvc3Bhbj4=</ptk:rtd>
                                                                                                                  <ptk:name>span</ptk:name>
                                                                                                                  <ptk:xmlAttributes>
                                                                                                                     <ptk:l location="Target:186:120">
                                                                                                                        <ptk:WtXmlAttribute location="Target:186:120">
                                                                                                                           <ptk:rtd>c3EAfgAjdXEAfgAnAAAAAnVxAH4AKQAAAAF0AAggc3R5bGU9InVxAH4AKQAAAAF0AAEi</ptk:rtd>
                                                                                                                           <ptk:name>style</ptk:name>
                                                                                                                           <ptk:value>
                                                                                                                              <ptk:l location="Target:186:128">
                                                                                                                                 <ptk:t location="Target:186:128">white-space:nowrap;</ptk:t>
                                                                                                                              </ptk:l>
                                                                                                                           </ptk:value>
                                                                                                                        </ptk:WtXmlAttribute>
                                                                                                                     </ptk:l>
                                                                                                                  </ptk:xmlAttributes>
                                                                                                                  <ptk:body>
                                                                                                                     <ptk:l>
                                                                                                                        <ptk:t location="Target:186:149"> </ptk:t>
                                                                                                                        <ptk:WtInternalLink>
                                                                                                                           <ptk:rtd>c3EAfgAjdXEAfgAnAAAAA3VxAH4AKQAAAAFxAH4BVnEAfgC6dXEAfgApAAAAAXEAfgFY</ptk:rtd>
                                                                                                                           <ptk:prefix/>
                                                                                                                           <ptk:postfix/>
                                                                                                                           <ptk:target>
                                                                                                                              <ptk:WtPageName location="Target:186:152">
                                                                                                                                 <ptk:content> ميلييا</ptk:content>
                                                                                                                                 <ptk:rtd null="true"/>
                                                                                                                              </ptk:WtPageName>
                                                                                                                           </ptk:target>
                                                                                                                           <ptk:title>
                                                                                                                              <ptk:l>
                                                                                                                                 <ptk:t location="Target:186:160">ميلييا</ptk:t>
                                                                                                                              </ptk:l>
                                                                                                                           </ptk:title>
                                                                                                                        </ptk:WtInternalLink>
                                                                                                                        <ptk:t location="Target:186:168"> </ptk:t>
                                                                                                                        <ptk:WtXmlElement>
                                                                                                                           <ptk:rtd>c3EAfgAjdXEAfgAnAAAAA3VxAH4AKQAAAAF0AAY8c21hbGx1cQB+ACkAAAABdAABPnVxAH4AKQAAAAF0AAg8L3NtYWxsPg==</ptk:rtd>
                                                                                                                           <ptk:name>small</ptk:name>
                                                                                                                           <ptk:xmlAttributes>
                                                                                                                              <ptk:WtXmlAttributes-WtEmptyXmlAttributes/>
                                                                                                                           </ptk:xmlAttributes>
                                                                                                                           <ptk:body>
                                                                                                                              <ptk:l>
                                                                                                                                 <ptk:t location="Target:186:176">(</ptk:t>
                                                                                                                                 <ptk:WtInternalLink>
                                                                                                                                    <ptk:rtd>c3EAfgAjdXEAfgAnAAAAA3VxAH4AKQAAAAFxAH4BVnEAfgC6dXEAfgApAAAAAXEAfgFY</ptk:rtd>
                                                                                                                                    <ptk:prefix/>
                                                                                                                                    <ptk:postfix/>
                                                                                                                                    <ptk:target>
                                                                                                                                       <ptk:WtPageName location="Target:186:179">
                                                                                                                                          <ptk:content>اسبانيا</ptk:content>
                                                                                                                                          <ptk:rtd null="true"/>
                                                                                                                                       </ptk:WtPageName>
                                                                                                                                    </ptk:target>
                                                                                                                                    <ptk:title>
                                                                                                                                       <ptk:WtLinkTitle-WtNoLinkTitle/>
                                                                                                                                    </ptk:title>
                                                                                                                                 </ptk:WtInternalLink>
                                                                                                                                 <ptk:t location="Target:186:188">)</ptk:t>
                                                                                                                              </ptk:l>
                                                                                                                           </ptk:body>
                                                                                                                        </ptk:WtXmlElement>
                                                                                                                        <ptk:WtXmlEntityRef location="Target:186:198">
                                                                                                                           <ptk:rtd>c3EAfgAjdXEAfgAnAAAAAXVxAH4AKQAAAAF0AAYmbmJzcDs=</ptk:rtd>
                                                                                                                           <ptk:name>nbsp</ptk:name>
                                                                                                                           <ptk:resolved> </ptk:resolved>
                                                                                                                        </ptk:WtXmlEntityRef>
                                                                                                                        <ptk:WtXmlElement>
                                                                                                                           <ptk:rtd>c3EAfgAjdXEAfgAnAAAAA3VxAH4AKQAAAAF0AAI8YnVxAH4AKQAAAAF0AAE+dXEAfgApAAAAAXQABDwvYj4=</ptk:rtd>
                                                                                                                           <ptk:name>b</ptk:name>
                                                                                                                           <ptk:xmlAttributes>
                                                                                                                              <ptk:WtXmlAttributes-WtEmptyXmlAttributes/>
                                                                                                                           </ptk:xmlAttributes>
                                                                                                                           <ptk:body>
                                                                                                                              <ptk:l>
                                                                                                                                 <ptk:t location="Target:186:206">·</ptk:t>
                                                                                                                              </ptk:l>
                                                                                                                           </ptk:body>
                                                                                                                        </ptk:WtXmlElement>
                                                                                                                     </ptk:l>
                                                                                                                  </ptk:body>
                                                                                                               </ptk:WtXmlElement>
                                                                                                               <ptk:t location="Target:186:218"> </ptk:t>
                                                                                                               <ptk:WtXmlElement>
                                                                                                                  <ptk:rtd>c3EAfgAjdXEAfgAnAAAAA3VxAH4AKQAAAAF0AAU8c3BhbnVxAH4AKQAAAAF0AAE+cQB+ALo=</ptk:rtd>
                                                                                                                  <ptk:name>span</ptk:name>
                                                                                                                  <ptk:xmlAttributes>
                                                                                                                     <ptk:l location="Target:186:224">
                                                                                                                        <ptk:WtXmlAttribute location="Target:186:224">
                                                                                                                           <ptk:rtd>c3EAfgAjdXEAfgAnAAAAAnVxAH4AKQAAAAF0AAggc3R5bGU9InVxAH4AKQAAAAF0AAEi</ptk:rtd>
                                                                                                                           <ptk:name>style</ptk:name>
                                                                                                                           <ptk:value>
                                                                                                                              <ptk:l location="Target:186:232">
                                                                                                                                 <ptk:t location="Target:186:232">white-space:nowrap</ptk:t>
                                                                                                                              </ptk:l>
                                                                                                                           </ptk:value>
                                                                                                                        </ptk:WtXmlAttribute>
                                                                                                                     </ptk:l>
                                                                                                                  </ptk:xmlAttributes>
                                                                                                                  <ptk:body>
                                                                                                                     <ptk:l>
                                                                                                                        <ptk:t>
</ptk:t>
                                                                                                                        <ptk:WtXmlEntityRef location="Target:187:2">
                                                                                                                           <ptk:rtd>c3EAfgAjdXEAfgAnAAAAAXVxAH4AKQAAAAF0AAYmbmJzcDs=</ptk:rtd>
                                                                                                                           <ptk:name>nbsp</ptk:name>
                                                                                                                           <ptk:resolved> </ptk:resolved>
                                                                                                                        </ptk:WtXmlEntityRef>
                                                                                                                        <ptk:t>
</ptk:t>
                                                                                                                        <ptk:WtHorizontalRule>
                                                                                                                           <ptk:rtd>c3EAfgAjdXEAfgAnAAAAAXVxAH4AKQAAAAF0AAQtLS0t</ptk:rtd>
                                                                                                                        </ptk:WtHorizontalRule>
                                                                                                                        <ptk:t>
</ptk:t>
                                                                                                                        <ptk:l>
                                                                                                                           <ptk:t location="Target:189:1">This template name redirects to </ptk:t>
                                                                                                                           <ptk:WtXmlElement>
                                                                                                                              <ptk:rtd>c3EAfgAjdXEAfgAnAAAAA3VxAH4AKQAAAAF0AAM8dHR1cQB+ACkAAAABdAABPnVxAH4AKQAAAAF0AAU8L3R0Pg==</ptk:rtd>
                                                                                                                              <ptk:name>tt</ptk:name>
                                                                                                                              <ptk:xmlAttributes>
                                                                                                                                 <ptk:WtXmlAttributes-WtEmptyXmlAttributes/>
                                                                                                                              </ptk:xmlAttributes>
                                                                                                                              <ptk:body>
                                                                                                                                 <ptk:l>
                                                                                                                                    <ptk:EngNowiki location="Target:189:37">
                                                                                                                                       <ptk:content>{{</ptk:content>
                                                                                                                                       <ptk:rtd>c3EAfgAjdXEAfgAnAAAAAXVxAH4AKQAAAAF0ABM8bm93aWtpPnt7PC9ub3dpa2k+</ptk:rtd>
                                                                                                                                    </ptk:EngNowiki>
                                                                                                                                    <ptk:WtInternalLink>
                                                                                                                                       <ptk:rtd>c3EAfgAjdXEAfgAnAAAAA3VxAH4AKQAAAAFxAH4BVnEAfgC6dXEAfgApAAAAAXEAfgFY</ptk:rtd>
                                                                                                                                       <ptk:prefix/>
                                                                                                                                       <ptk:postfix/>
                                                                                                                                       <ptk:target>
                                                                                                                                          <ptk:WtPageName location="Target:189:42">
                                                                                                                                             <ptk:content>قالب:·wrap</ptk:content>
                                                                                                                                             <ptk:rtd null="true"/>
                                                                                                                                          </ptk:WtPageName>
                                                                                                                                       </ptk:target>
                                                                                                                                       <ptk:title>
                                                                                                                                          <ptk:l>
                                                                                                                                             <ptk:t location="Target:189:53">·wrap</ptk:t>
                                                                                                                                          </ptk:l>
                                                                                                                                       </ptk:title>
                                                                                                                                    </ptk:WtInternalLink>
                                                                                                                                    <ptk:EngNowiki location="Target:189:60">
                                                                                                                                       <ptk:content>}}</ptk:content>
                                                                                                                                       <ptk:rtd>c3EAfgAjdXEAfgAnAAAAAXVxAH4AKQAAAAF0ABM8bm93aWtpPn19PC9ub3dpa2k+</ptk:rtd>
                                                                                                                                    </ptk:EngNowiki>
                                                                                                                                 </ptk:l>
                                                                                                                              </ptk:body>
                                                                                                                           </ptk:WtXmlElement>
                                                                                                                           <ptk:t location="Target:189:68"> which may be edited using [</ptk:t>
                                                                                                                           <ptk:WtExternalLink>
                                                                                                                              <ptk:rtd>c3EAfgAjdXEAfgAnAAAAA3VxAH4AKQAAAAF0AAFbdXEAfgApAAAAAXQAASB1cQB+ACkAAAABdAABXQ==</ptk:rtd>
                                                                                                                              <ptk:target>
                                                                                                                                 <ptk:WtUrl location="Target:189:97">
                                                                                                                                    <ptk:rtd>c3EAfgAjdXEAfgAnAAAAAXVxAH4AKQAAAAF0AFdodHRwOi8vYXJ6Lndpa2lwZWRpYS5vcmcvd2lraS9UZW1wbGF0ZTolQzIlQjd3cmFwP3RpdGxlPVRlbXBsYXRlOiVDMiVCN3dyYXAmYWN0aW9uPWVkaXQ=</ptk:rtd>
                                                                                                                                    <ptk:protocol>http</ptk:protocol>
                                                                                                                                    <ptk:path>//arz.wikipedia.org/wiki/Template:%C2%B7wrap?title=Template:%C2%B7wrap&amp;action=edit</ptk:path>
                                                                                                                                 </ptk:WtUrl>
                                                                                                                              </ptk:target>
                                                                                                                              <ptk:title>
                                                                                                                                 <ptk:l>
                                                                                                                                    <ptk:t location="Target:189:185">edit</ptk:t>
                                                                                                                                 </ptk:l>
                                                                                                                              </ptk:title>
                                                                                                                           </ptk:WtExternalLink>
                                                                                                                           <ptk:t location="Target:189:190">].
</ptk:t>
                                                                                                                           <ptk:l>
                                                                                                                              <ptk:t location="Target:190:4">See also</ptk:t>
                                                                                                                           </ptk:l>
                                                                                                                        </ptk:l>
                                                                                                                        <ptk:t>
</ptk:t>
                                                                                                                        <ptk:l>
                                                                                                                           <ptk:l>
                                                                                                                              <ptk:WtInternalLink>
                                                                                                                                 <ptk:rtd>c3EAfgAjdXEAfgAnAAAAA3VxAH4AKQAAAAFxAH4BVnEAfgC6dXEAfgApAAAAAXEAfgFY</ptk:rtd>
                                                                                                                                 <ptk:prefix/>
                                                                                                                                 <ptk:postfix/>
                                                                                                                                 <ptk:target>
                                                                                                                                    <ptk:WtPageName location="Target:191:4">
                                                                                                                                       <ptk:content>:Category:Redirect templates</ptk:content>
                                                                                                                                       <ptk:rtd null="true"/>
                                                                                                                                    </ptk:WtPageName>
                                                                                                                                 </ptk:target>
                                                                                                                                 <ptk:title>
                                                                                                                                    <ptk:WtLinkTitle-WtNoLinkTitle/>
                                                                                                                                 </ptk:title>
                                                                                                                              </ptk:WtInternalLink>
                                                                                                                           </ptk:l>
                                                                                                                           <ptk:l>
                                                                                                                              <ptk:WtInternalLink>
                                                                                                                                 <ptk:rtd>c3EAfgAjdXEAfgAnAAAAA3VxAH4AKQAAAAFxAH4BVnEAfgC6dXEAfgApAAAAAXEAfgFY</ptk:rtd>
                                                                                                                                 <ptk:prefix/>
                                                                                                                                 <ptk:postfix/>
                                                                                                                                 <ptk:target>
                                                                                                                                    <ptk:WtPageName location="Target:192:4">
                                                                                                                                       <ptk:content>:Category:Redirects from other templates</ptk:content>
                                                                                                                                       <ptk:rtd null="true"/>
                                                                                                                                    </ptk:WtPageName>
                                                                                                                                 </ptk:target>
                                                                                                                                 <ptk:title>
                                                                                                                                    <ptk:WtLinkTitle-WtNoLinkTitle/>
                                                                                                                                 </ptk:title>
                                                                                                                              </ptk:WtInternalLink>
                                                                                                                           </ptk:l>
                                                                                                                           <ptk:l>
                                                                                                                              <ptk:WtInternalLink>
                                                                                                                                 <ptk:rtd>c3EAfgAjdXEAfgAnAAAAA3VxAH4AKQAAAAFxAH4BVnEAfgC6dXEAfgApAAAAAXEAfgFY</ptk:rtd>
                                                                                                                                 <ptk:prefix/>
                                                                                                                                 <ptk:postfix/>
                                                                                                                                 <ptk:target>
                                                                                                                                    <ptk:WtPageName location="Target:193:4">
                                                                                                                                       <ptk:content>Wikipedia:Redirects</ptk:content>
                                                                                                                                       <ptk:rtd null="true"/>
                                                                                                                                    </ptk:WtPageName>
                                                                                                                                 </ptk:target>
                                                                                                                                 <ptk:title>
                                                                                                                                    <ptk:WtLinkTitle-WtNoLinkTitle/>
                                                                                                                                 </ptk:title>
                                                                                                                              </ptk:WtInternalLink>
                                                                                                                           </ptk:l>
                                                                                                                           <ptk:l>
                                                                                                                              <ptk:WtInternalLink>
                                                                                                                                 <ptk:rtd>c3EAfgAjdXEAfgAnAAAAA3VxAH4AKQAAAAFxAH4BVnEAfgC6dXEAfgApAAAAAXEAfgFY</ptk:rtd>
                                                                                                                                 <ptk:prefix/>
                                                                                                                                 <ptk:postfix/>
                                                                                                                                 <ptk:target>
                                                                                                                                    <ptk:WtPageName location="Target:194:4">
                                                                                                                                       <ptk:content>Wikipedia:Template messages/Redirect pages</ptk:content>
                                                                                                                                       <ptk:rtd null="true"/>
                                                                                                                                    </ptk:WtPageName>
                                                                                                                                 </ptk:target>
                                                                                                                                 <ptk:title>
                                                                                                                                    <ptk:WtLinkTitle-WtNoLinkTitle/>
                                                                                                                                 </ptk:title>
                                                                                                                              </ptk:WtInternalLink>
                                                                                                                              <ptk:WtInternalLink>
                                                                                                                                 <ptk:rtd>c3EAfgAjdXEAfgAnAAAAA3VxAH4AKQAAAAFxAH4BVnEAfgC6dXEAfgApAAAAAXEAfgFY</ptk:rtd>
                                                                                                                                 <ptk:prefix/>
                                                                                                                                 <ptk:postfix/>
                                                                                                                                 <ptk:target>
                                                                                                                                    <ptk:WtPageName location="Target:194:50">
                                                                                                                                       <ptk:content>Category:Redirects from other templates</ptk:content>
                                                                                                                                       <ptk:rtd null="true"/>
                                                                                                                                    </ptk:WtPageName>
                                                                                                                                 </ptk:target>
                                                                                                                                 <ptk:title>
                                                                                                                                    <ptk:l>
                                                                                                                                       <ptk:t location="Target:194:90">Target</ptk:t>
                                                                                                                                    </ptk:l>
                                                                                                                                 </ptk:title>
                                                                                                                              </ptk:WtInternalLink>
                                                                                                                           </ptk:l>
                                                                                                                        </ptk:l>
                                                                                                                        <ptk:t>
</ptk:t>
                                                                                                                        <ptk:l>
                                                                                                                           <ptk:WtInternalLink>
                                                                                                                              <ptk:rtd>c3EAfgAjdXEAfgAnAAAAA3VxAH4AKQAAAAFxAH4BVnEAfgC6dXEAfgApAAAAAXEAfgFY</ptk:rtd>
                                                                                                                              <ptk:prefix/>
                                                                                                                              <ptk:postfix/>
                                                                                                                              <ptk:target>
                                                                                                                                 <ptk:WtPageName location="Target:195:3">
                                                                                                                                    <ptk:content> جزر ماديرا </ptk:content>
                                                                                                                                    <ptk:rtd null="true"/>
                                                                                                                                 </ptk:WtPageName>
                                                                                                                              </ptk:target>
                                                                                                                              <ptk:title>
                                                                                                                                 <ptk:l>
                                                                                                                                    <ptk:t location="Target:195:16">جزر ماديرا</ptk:t>
                                                                                                                                 </ptk:l>
                                                                                                                              </ptk:title>
                                                                                                                           </ptk:WtInternalLink>
                                                                                                                           <ptk:t location="Target:195:28"> </ptk:t>
                                                                                                                           <ptk:WtXmlElement>
                                                                                                                              <ptk:rtd>c3EAfgAjdXEAfgAnAAAAA3VxAH4AKQAAAAF0AAY8c21hbGx1cQB+ACkAAAABdAABPnVxAH4AKQAAAAF0AAg8L3NtYWxsPg==</ptk:rtd>
                                                                                                                              <ptk:name>small</ptk:name>
                                                                                                                              <ptk:xmlAttributes>
                                                                                                                                 <ptk:WtXmlAttributes-WtEmptyXmlAttributes/>
                                                                                                                              </ptk:xmlAttributes>
                                                                                                                              <ptk:body>
                                                                                                                                 <ptk:l>
                                                                                                                                    <ptk:t location="Target:195:36">(البرتغال)</ptk:t>
                                                                                                                                 </ptk:l>
                                                                                                                              </ptk:body>
                                                                                                                           </ptk:WtXmlElement>
                                                                                                                           <ptk:WtXmlEntityRef location="Target:195:55">
                                                                                                                              <ptk:rtd>c3EAfgAjdXEAfgAnAAAAAXVxAH4AKQAAAAF0AAYmbmJzcDs=</ptk:rtd>
                                                                                                                              <ptk:name>nbsp</ptk:name>
                                                                                                                              <ptk:resolved> </ptk:resolved>
                                                                                                                           </ptk:WtXmlEntityRef>
                                                                                                                           <ptk:WtXmlElement>
                                                                                                                              <ptk:rtd>c3EAfgAjdXEAfgAnAAAAA3VxAH4AKQAAAAF0AAI8YnVxAH4AKQAAAAF0AAE+dXEAfgApAAAAAXQABDwvYj4=</ptk:rtd>
                                                                                                                              <ptk:name>b</ptk:name>
                                                                                                                              <ptk:xmlAttributes>
                                                                                                                                 <ptk:WtXmlAttributes-WtEmptyXmlAttributes/>
                                                                                                                              </ptk:xmlAttributes>
                                                                                                                              <ptk:body>
                                                                                                                                 <ptk:l>
                                                                                                                                    <ptk:t location="Target:195:63">·</ptk:t>
                                                                                                                                 </ptk:l>
                                                                                                                              </ptk:body>
                                                                                                                           </ptk:WtXmlElement>
                                                                                                                           <ptk:WtXmlEndTag location="Target:195:70">
                                                                                                                              <ptk:rtd>cQB+ACY=</ptk:rtd>
                                                                                                                              <ptk:name>span</ptk:name>
                                                                                                                           </ptk:WtXmlEndTag>
                                                                                                                           <ptk:t location="Target:195:75"> </ptk:t>
                                                                                                                           <ptk:WtXmlElement>
                                                                                                                              <ptk:rtd>c3EAfgAjdXEAfgAnAAAAA3VxAH4AKQAAAAF0AAU8c3BhbnVxAH4AKQAAAAF0AAE+cQB+ALo=</ptk:rtd>
                                                                                                                              <ptk:name>span</ptk:name>
                                                                                                                              <ptk:xmlAttributes>
                                                                                                                                 <ptk:l location="Target:195:81">
                                                                                                                                    <ptk:WtXmlAttribute location="Target:195:81">
                                                                                                                                       <ptk:rtd>c3EAfgAjdXEAfgAnAAAAAnVxAH4AKQAAAAF0AAggc3R5bGU9InVxAH4AKQAAAAF0AAEi</ptk:rtd>
                                                                                                                                       <ptk:name>style</ptk:name>
                                                                                                                                       <ptk:value>
                                                                                                                                          <ptk:l location="Target:195:89">
                                                                                                                                             <ptk:t location="Target:195:89">white-space:nowrap</ptk:t>
                                                                                                                                          </ptk:l>
                                                                                                                                       </ptk:value>
                                                                                                                                    </ptk:WtXmlAttribute>
                                                                                                                                 </ptk:l>
                                                                                                                              </ptk:xmlAttributes>
                                                                                                                              <ptk:body>
                                                                                                                                 <ptk:l>
                                                                                                                                    <ptk:t>
</ptk:t>
                                                                                                                                    <ptk:WtXmlEntityRef location="Target:196:2">
                                                                                                                                       <ptk:rtd>c3EAfgAjdXEAfgAnAAAAAXVxAH4AKQAAAAF0AAYmbmJzcDs=</ptk:rtd>
                                                                                                                                       <ptk:name>nbsp</ptk:name>
                                                                                                                                       <ptk:resolved> </ptk:resolved>
                                                                                                                                    </ptk:WtXmlEntityRef>
                                                                                                                                 </ptk:l>
                                                                                                                              </ptk:body>
                                                                                                                           </ptk:WtXmlElement>
                                                                                                                        </ptk:l>
                                                                                                                        <ptk:t>
</ptk:t>
                                                                                                                        <ptk:WtHorizontalRule>
                                                                                                                           <ptk:rtd>c3EAfgAjdXEAfgAnAAAAAXVxAH4AKQAAAAF0AAQtLS0t</ptk:rtd>
                                                                                                                        </ptk:WtHorizontalRule>
                                                                                                                        <ptk:t>
</ptk:t>
                                                                                                                        <ptk:l>
                                                                                                                           <ptk:t location="Target:198:1">This template name redirects to </ptk:t>
                                                                                                                           <ptk:WtXmlElement>
                                                                                                                              <ptk:rtd>c3EAfgAjdXEAfgAnAAAAA3VxAH4AKQAAAAF0AAM8dHR1cQB+ACkAAAABdAABPnVxAH4AKQAAAAF0AAU8L3R0Pg==</ptk:rtd>
                                                                                                                              <ptk:name>tt</ptk:name>
                                                                                                                              <ptk:xmlAttributes>
                                                                                                                                 <ptk:WtXmlAttributes-WtEmptyXmlAttributes/>
                                                                                                                              </ptk:xmlAttributes>
                                                                                                                              <ptk:body>
                                                                                                                                 <ptk:l>
                                                                                                                                    <ptk:EngNowiki location="Target:198:37">
                                                                                                                                       <ptk:content>{{</ptk:content>
                                                                                                                                       <ptk:rtd>c3EAfgAjdXEAfgAnAAAAAXVxAH4AKQAAAAF0ABM8bm93aWtpPnt7PC9ub3dpa2k+</ptk:rtd>
                                                                                                                                    </ptk:EngNowiki>
                                                                                                                                    <ptk:WtInternalLink>
                                                                                                                                       <ptk:rtd>c3EAfgAjdXEAfgAnAAAAA3VxAH4AKQAAAAFxAH4BVnEAfgC6dXEAfgApAAAAAXEAfgFY</ptk:rtd>
                                                                                                                                       <ptk:prefix/>
                                                                                                                                       <ptk:postfix/>
                                                                                                                                       <ptk:target>
                                                                                                                                          <ptk:WtPageName location="Target:198:43">
                                                                                                                                             <ptk:content>قالب:·wrap</ptk:content>
                                                                                                                                             <ptk:rtd null="true"/>
                                                                                                                                          </ptk:WtPageName>
                                                                                                                                       </ptk:target>
                                                                                                                                       <ptk:title>
                                                                                                                                          <ptk:l>
                                                                                                                                             <ptk:t location="Target:198:54">·wrap</ptk:t>
                                                                                                                                          </ptk:l>
                                                                                                                                       </ptk:title>
                                                                                                                                    </ptk:WtInternalLink>
                                                                                                                                    <ptk:EngNowiki location="Target:198:61">
                                                                                                                                       <ptk:content>}}</ptk:content>
                                                                                                                                       <ptk:rtd>c3EAfgAjdXEAfgAnAAAAAXVxAH4AKQAAAAF0ABM8bm93aWtpPn19PC9ub3dpa2k+</ptk:rtd>
                                                                                                                                    </ptk:EngNowiki>
                                                                                                                                 </ptk:l>
                                                                                                                              </ptk:body>
                                                                                                                           </ptk:WtXmlElement>
                                                                                                                           <ptk:t location="Target:198:70"> which may be edited using [</ptk:t>
                                                                                                                           <ptk:WtExternalLink>
                                                                                                                              <ptk:rtd>c3EAfgAjdXEAfgAnAAAAA3VxAH4AKQAAAAF0AAFbdXEAfgApAAAAAXQAASB1cQB+ACkAAAABdAABXQ==</ptk:rtd>
                                                                                                                              <ptk:target>
                                                                                                                                 <ptk:WtUrl location="Target:198:99">
                                                                                                                                    <ptk:rtd>c3EAfgAjdXEAfgAnAAAAAXVxAH4AKQAAAAF0AFdodHRwOi8vYXJ6Lndpa2lwZWRpYS5vcmcvd2lraS9UZW1wbGF0ZTolQzIlQjd3cmFwP3RpdGxlPVRlbXBsYXRlOiVDMiVCN3dyYXAmYWN0aW9uPWVkaXQ=</ptk:rtd>
                                                                                                                                    <ptk:protocol>http</ptk:protocol>
                                                                                                                                    <ptk:path>//arz.wikipedia.org/wiki/Template:%C2%B7wrap?title=Template:%C2%B7wrap&amp;action=edit</ptk:path>
                                                                                                                                 </ptk:WtUrl>
                                                                                                                              </ptk:target>
                                                                                                                              <ptk:title>
                                                                                                                                 <ptk:l>
                                                                                                                                    <ptk:t location="Target:198:187">edit</ptk:t>
                                                                                                                                 </ptk:l>
                                                                                                                              </ptk:title>
                                                                                                                           </ptk:WtExternalLink>
                                                                                                                           <ptk:t location="Target:198:192">].
</ptk:t>
                                                                                                                           <ptk:l>
                                                                                                                              <ptk:t location="Target:199:4">See also</ptk:t>
                                                                                                                           </ptk:l>
                                                                                                                        </ptk:l>
                                                                                                                        <ptk:t>
</ptk:t>
                                                                                                                        <ptk:l>
                                                                                                                           <ptk:l>
                                                                                                                              <ptk:WtInternalLink>
                                                                                                                                 <ptk:rtd>c3EAfgAjdXEAfgAnAAAAA3VxAH4AKQAAAAFxAH4BVnEAfgC6dXEAfgApAAAAAXEAfgFY</ptk:rtd>
                                                                                                                                 <ptk:prefix/>
                                                                                                                                 <ptk:postfix/>
                                                                                                                                 <ptk:target>
                                                                                                                                    <ptk:WtPageName location="Target:200:4">
                                                                                                                                       <ptk:content>:Category:Redirect templates</ptk:content>
                                                                                                                                       <ptk:rtd null="true"/>
                                                                                                                                    </ptk:WtPageName>
                                                                                                                                 </ptk:target>
                                                                                                                                 <ptk:title>
                                                                                                                                    <ptk:WtLinkTitle-WtNoLinkTitle/>
                                                                                                                                 </ptk:title>
                                                                                                                              </ptk:WtInternalLink>
                                                                                                                           </ptk:l>
                                                                                                                           <ptk:l>
                                                                                                                              <ptk:WtInternalLink>
                                                                                                                                 <ptk:rtd>c3EAfgAjdXEAfgAnAAAAA3VxAH4AKQAAAAFxAH4BVnEAfgC6dXEAfgApAAAAAXEAfgFY</ptk:rtd>
                                                                                                                                 <ptk:prefix/>
                                                                                                                                 <ptk:postfix/>
                                                                                                                                 <ptk:target>
                                                                                                                                    <ptk:WtPageName location="Target:201:4">
                                                                                                                                       <ptk:content>:Category:Redirects from other templates</ptk:content>
                                                                                                                                       <ptk:rtd null="true"/>
                                                                                                                                    </ptk:WtPageName>
                                                                                                                                 </ptk:target>
                                                                                                                                 <ptk:title>
                                                                                                                                    <ptk:WtLinkTitle-WtNoLinkTitle/>
                                                                                                                                 </ptk:title>
                                                                                                                              </ptk:WtInternalLink>
                                                                                                                           </ptk:l>
                                                                                                                           <ptk:l>
                                                                                                                              <ptk:WtInternalLink>
                                                                                                                                 <ptk:rtd>c3EAfgAjdXEAfgAnAAAAA3VxAH4AKQAAAAFxAH4BVnEAfgC6dXEAfgApAAAAAXEAfgFY</ptk:rtd>
                                                                                                                                 <ptk:prefix/>
                                                                                                                                 <ptk:postfix/>
                                                                                                                                 <ptk:target>
                                                                                                                                    <ptk:WtPageName location="Target:202:4">
                                                                                                                                       <ptk:content>Wikipedia:Redirects</ptk:content>
                                                                                                                                       <ptk:rtd null="true"/>
                                                                                                                                    </ptk:WtPageName>
                                                                                                                                 </ptk:target>
                                                                                                                                 <ptk:title>
                                                                                                                                    <ptk:WtLinkTitle-WtNoLinkTitle/>
                                                                                                                                 </ptk:title>
                                                                                                                              </ptk:WtInternalLink>
                                                                                                                           </ptk:l>
                                                                                                                           <ptk:l>
                                                                                                                              <ptk:WtInternalLink>
                                                                                                                                 <ptk:rtd>c3EAfgAjdXEAfgAnAAAAA3VxAH4AKQAAAAFxAH4BVnEAfgC6dXEAfgApAAAAAXEAfgFY</ptk:rtd>
                                                                                                                                 <ptk:prefix/>
                                                                                                                                 <ptk:postfix/>
                                                                                                                                 <ptk:target>
                                                                                                                                    <ptk:WtPageName location="Target:203:4">
                                                                                                                                       <ptk:content>Wikipedia:Template messages/Redirect pages</ptk:content>
                                                                                                                                       <ptk:rtd null="true"/>
                                                                                                                                    </ptk:WtPageName>
                                                                                                                                 </ptk:target>
                                                                                                                                 <ptk:title>
                                                                                                                                    <ptk:WtLinkTitle-WtNoLinkTitle/>
                                                                                                                                 </ptk:title>
                                                                                                                              </ptk:WtInternalLink>
                                                                                                                              <ptk:WtInternalLink>
                                                                                                                                 <ptk:rtd>c3EAfgAjdXEAfgAnAAAAA3VxAH4AKQAAAAFxAH4BVnEAfgC6dXEAfgApAAAAAXEAfgFY</ptk:rtd>
                                                                                                                                 <ptk:prefix/>
                                                                                                                                 <ptk:postfix/>
                                                                                                                                 <ptk:target>
                                                                                                                                    <ptk:WtPageName location="Target:203:50">
                                                                                                                                       <ptk:content>Category:Redirects from other templates</ptk:content>
                                                                                                                                       <ptk:rtd null="true"/>
                                                                                                                                    </ptk:WtPageName>
                                                                                                                                 </ptk:target>
                                                                                                                                 <ptk:title>
                                                                                                                                    <ptk:l>
                                                                                                                                       <ptk:t location="Target:203:90">Target</ptk:t>
                                                                                                                                    </ptk:l>
                                                                                                                                 </ptk:title>
                                                                                                                              </ptk:WtInternalLink>
                                                                                                                           </ptk:l>
                                                                                                                        </ptk:l>
                                                                                                                        <ptk:t>
</ptk:t>
                                                                                                                        <ptk:l>
                                                                                                                           <ptk:WtInternalLink>
                                                                                                                              <ptk:rtd>c3EAfgAjdXEAfgAnAAAAA3VxAH4AKQAAAAFxAH4BVnEAfgC6dXEAfgApAAAAAXEAfgFY</ptk:rtd>
                                                                                                                              <ptk:prefix/>
                                                                                                                              <ptk:postfix/>
                                                                                                                              <ptk:target>
                                                                                                                                 <ptk:WtPageName location="Target:204:3">
                                                                                                                                    <ptk:content> جزيرة الموت </ptk:content>
                                                                                                                                    <ptk:rtd null="true"/>
                                                                                                                                 </ptk:WtPageName>
                                                                                                                              </ptk:target>
                                                                                                                              <ptk:title>
                                                                                                                                 <ptk:l>
                                                                                                                                    <ptk:t location="Target:204:17">جزيرة الموت</ptk:t>
                                                                                                                                 </ptk:l>
                                                                                                                              </ptk:title>
                                                                                                                           </ptk:WtInternalLink>
                                                                                                                           <ptk:WtXmlEntityRef location="Target:204:31">
                                                                                                                              <ptk:rtd>c3EAfgAjdXEAfgAnAAAAAXVxAH4AKQAAAAF0AAYmbmJzcDs=</ptk:rtd>
                                                                                                                              <ptk:name>nbsp</ptk:name>
                                                                                                                              <ptk:resolved> </ptk:resolved>
                                                                                                                           </ptk:WtXmlEntityRef>
                                                                                                                           <ptk:t location="Target:204:36">/</ptk:t>
                                                                                                                           <ptk:WtXmlEndTag location="Target:204:39">
                                                                                                                              <ptk:rtd>cQB+AD4=</ptk:rtd>
                                                                                                                              <ptk:name>span</ptk:name>
                                                                                                                           </ptk:WtXmlEndTag>
                                                                                                                           <ptk:t location="Target:204:44"> </ptk:t>
                                                                                                                           <ptk:WtXmlElement>
                                                                                                                              <ptk:rtd>c3EAfgAjdXEAfgAnAAAAA3VxAH4AKQAAAAF0AAU8c3BhbnVxAH4AKQAAAAF0AAE+dXEAfgApAAAAAXQABzwvc3Bhbj4=</ptk:rtd>
                                                                                                                              <ptk:name>span</ptk:name>
                                                                                                                              <ptk:xmlAttributes>
                                                                                                                                 <ptk:l location="Target:204:50">
                                                                                                                                    <ptk:WtXmlAttribute location="Target:204:50">
                                                                                                                                       <ptk:rtd>c3EAfgAjdXEAfgAnAAAAAnVxAH4AKQAAAAF0AAggc3R5bGU9InVxAH4AKQAAAAF0AAEi</ptk:rtd>
                                                                                                                                       <ptk:name>style</ptk:name>
                                                                                                                                       <ptk:value>
                                                                                                                                          <ptk:l location="Target:204:58">
                                                                                                                                             <ptk:t location="Target:204:58">white-space:nowrap;</ptk:t>
                                                                                                                                          </ptk:l>
                                                                                                                                       </ptk:value>
                                                                                                                                    </ptk:WtXmlAttribute>
                                                                                                                                 </ptk:l>
                                                                                                                              </ptk:xmlAttributes>
                                                                                                                              <ptk:body>
                                                                                                                                 <ptk:l>
                                                                                                                                    <ptk:t location="Target:204:79"> </ptk:t>
                                                                                                                                    <ptk:WtInternalLink>
                                                                                                                                       <ptk:rtd>c3EAfgAjdXEAfgAnAAAAA3VxAH4AKQAAAAFxAH4BVnEAfgC6dXEAfgApAAAAAXEAfgFY</ptk:rtd>
                                                                                                                                       <ptk:prefix/>
                                                                                                                                       <ptk:postfix/>
                                                                                                                                       <ptk:target>
                                                                                                                                          <ptk:WtPageName location="Target:204:82">
                                                                                                                                             <ptk:content> ريونيون </ptk:content>
                                                                                                                                             <ptk:rtd null="true"/>
                                                                                                                                          </ptk:WtPageName>
                                                                                                                                       </ptk:target>
                                                                                                                                       <ptk:title>
                                                                                                                                          <ptk:l>
                                                                                                                                             <ptk:t location="Target:204:92">ريونيون</ptk:t>
                                                                                                                                          </ptk:l>
                                                                                                                                       </ptk:title>
                                                                                                                                    </ptk:WtInternalLink>
                                                                                                                                    <ptk:t location="Target:204:101"> </ptk:t>
                                                                                                                                    <ptk:WtXmlElement>
                                                                                                                                       <ptk:rtd>c3EAfgAjdXEAfgAnAAAAA3VxAH4AKQAAAAF0AAY8c21hbGx1cQB+ACkAAAABdAABPnVxAH4AKQAAAAF0AAg8L3NtYWxsPg==</ptk:rtd>
                                                                                                                                       <ptk:name>small</ptk:name>
                                                                                                                                       <ptk:xmlAttributes>
                                                                                                                                          <ptk:WtXmlAttributes-WtEmptyXmlAttributes/>
                                                                                                                                       </ptk:xmlAttributes>
                                                                                                                                       <ptk:body>
                                                                                                                                          <ptk:l>
                                                                                                                                             <ptk:t location="Target:204:109">(فرنسا)</ptk:t>
                                                                                                                                          </ptk:l>
                                                                                                                                       </ptk:body>
                                                                                                                                    </ptk:WtXmlElement>
                                                                                                                                    <ptk:WtXmlEntityRef location="Target:204:125">
                                                                                                                                       <ptk:rtd>c3EAfgAjdXEAfgAnAAAAAXVxAH4AKQAAAAF0AAYmbmJzcDs=</ptk:rtd>
                                                                                                                                       <ptk:name>nbsp</ptk:name>
                                                                                                                                       <ptk:resolved> </ptk:resolved>
                                                                                                                                    </ptk:WtXmlEntityRef>
                                                                                                                                    <ptk:WtXmlElement>
                                                                                                                                       <ptk:rtd>c3EAfgAjdXEAfgAnAAAAA3VxAH4AKQAAAAF0AAI8YnVxAH4AKQAAAAF0AAE+dXEAfgApAAAAAXQABDwvYj4=</ptk:rtd>
                                                                                                                                       <ptk:name>b</ptk:name>
                                                                                                                                       <ptk:xmlAttributes>
                                                                                                                                          <ptk:WtXmlAttributes-WtEmptyXmlAttributes/>
                                                                                                                                       </ptk:xmlAttributes>
                                                                                                                                       <ptk:body>
                                                                                                                                          <ptk:l>
                                                                                                                                             <ptk:t location="Target:204:133">·</ptk:t>
                                                                                                                                          </ptk:l>
                                                                                                                                       </ptk:body>
                                                                                                                                    </ptk:WtXmlElement>
                                                                                                                                 </ptk:l>
                                                                                                                              </ptk:body>
                                                                                                                           </ptk:WtXmlElement>
                                                                                                                           <ptk:t location="Target:204:145"> </ptk:t>
                                                                                                                           <ptk:WtXmlElement>
                                                                                                                              <ptk:rtd>c3EAfgAjdXEAfgAnAAAAA3VxAH4AKQAAAAF0AAU8c3BhbnVxAH4AKQAAAAF0AAE+cQB+ALo=</ptk:rtd>
                                                                                                                              <ptk:name>span</ptk:name>
                                                                                                                              <ptk:xmlAttributes>
                                                                                                                                 <ptk:l location="Target:204:151">
                                                                                                                                    <ptk:WtXmlAttribute location="Target:204:151">
                                                                                                                                       <ptk:rtd>c3EAfgAjdXEAfgAnAAAAAnVxAH4AKQAAAAF0AAggc3R5bGU9InVxAH4AKQAAAAF0AAEi</ptk:rtd>
                                                                                                                                       <ptk:name>style</ptk:name>
                                                                                                                                       <ptk:value>
                                                                                                                                          <ptk:l location="Target:204:159">
                                                                                                                                             <ptk:t location="Target:204:159">white-space:nowrap</ptk:t>
                                                                                                                                          </ptk:l>
                                                                                                                                       </ptk:value>
                                                                                                                                    </ptk:WtXmlAttribute>
                                                                                                                                 </ptk:l>
                                                                                                                              </ptk:xmlAttributes>
                                                                                                                              <ptk:body>
                                                                                                                                 <ptk:l>
                                                                                                                                    <ptk:t>
</ptk:t>
                                                                                                                                    <ptk:WtXmlEntityRef location="Target:205:2">
                                                                                                                                       <ptk:rtd>c3EAfgAjdXEAfgAnAAAAAXVxAH4AKQAAAAF0AAYmbmJzcDs=</ptk:rtd>
                                                                                                                                       <ptk:name>nbsp</ptk:name>
                                                                                                                                       <ptk:resolved> </ptk:resolved>
                                                                                                                                    </ptk:WtXmlEntityRef>
                                                                                                                                 </ptk:l>
                                                                                                                              </ptk:body>
                                                                                                                           </ptk:WtXmlElement>
                                                                                                                        </ptk:l>
                                                                                                                        <ptk:t>
</ptk:t>
                                                                                                                        <ptk:WtHorizontalRule>
                                                                                                                           <ptk:rtd>c3EAfgAjdXEAfgAnAAAAAXVxAH4AKQAAAAF0AAQtLS0t</ptk:rtd>
                                                                                                                        </ptk:WtHorizontalRule>
                                                                                                                        <ptk:t>
</ptk:t>
                                                                                                                        <ptk:l>
                                                                                                                           <ptk:t location="Target:207:1">This template name redirects to </ptk:t>
                                                                                                                           <ptk:WtXmlElement>
                                                                                                                              <ptk:rtd>c3EAfgAjdXEAfgAnAAAAA3VxAH4AKQAAAAF0AAM8dHR1cQB+ACkAAAABdAABPnVxAH4AKQAAAAF0AAU8L3R0Pg==</ptk:rtd>
                                                                                                                              <ptk:name>tt</ptk:name>
                                                                                                                              <ptk:xmlAttributes>
                                                                                                                                 <ptk:WtXmlAttributes-WtEmptyXmlAttributes/>
                                                                                                                              </ptk:xmlAttributes>
                                                                                                                              <ptk:body>
                                                                                                                                 <ptk:l>
                                                                                                                                    <ptk:EngNowiki location="Target:207:37">
                                                                                                                                       <ptk:content>{{</ptk:content>
                                                                                                                                       <ptk:rtd>c3EAfgAjdXEAfgAnAAAAAXVxAH4AKQAAAAF0ABM8bm93aWtpPnt7PC9ub3dpa2k+</ptk:rtd>
                                                                                                                                    </ptk:EngNowiki>
                                                                                                                                    <ptk:WtInternalLink>
                                                                                                                                       <ptk:rtd>c3EAfgAjdXEAfgAnAAAAA3VxAH4AKQAAAAFxAH4BVnEAfgC6dXEAfgApAAAAAXEAfgFY</ptk:rtd>
                                                                                                                                       <ptk:prefix/>
                                                                                                                                       <ptk:postfix/>
                                                                                                                                       <ptk:target>
                                                                                                                                          <ptk:WtPageName location="Target:207:43">
                                                                                                                                             <ptk:content>قالب:·wrap</ptk:content>
                                                                                                                                             <ptk:rtd null="true"/>
                                                                                                                                          </ptk:WtPageName>
                                                                                                                                       </ptk:target>
                                                                                                                                       <ptk:title>
                                                                                                                                          <ptk:l>
                                                                                                                                             <ptk:t location="Target:207:54">·wrap</ptk:t>
                                                                                                                                          </ptk:l>
                                                                                                                                       </ptk:title>
                                                                                                                                    </ptk:WtInternalLink>
                                                                                                                                    <ptk:EngNowiki location="Target:207:61">
                                                                                                                                       <ptk:content>}}</ptk:content>
                                                                                                                                       <ptk:rtd>c3EAfgAjdXEAfgAnAAAAAXVxAH4AKQAAAAF0ABM8bm93aWtpPn19PC9ub3dpa2k+</ptk:rtd>
                                                                                                                                    </ptk:EngNowiki>
                                                                                                                                 </ptk:l>
                                                                                                                              </ptk:body>
                                                                                                                           </ptk:WtXmlElement>
                                                                                                                           <ptk:t location="Target:207:70"> which may be edited using [</ptk:t>
                                                                                                                           <ptk:WtExternalLink>
                                                                                                                              <ptk:rtd>c3EAfgAjdXEAfgAnAAAAA3VxAH4AKQAAAAF0AAFbdXEAfgApAAAAAXQAASB1cQB+ACkAAAABdAABXQ==</ptk:rtd>
                                                                                                                              <ptk:target>
                                                                                                                                 <ptk:WtUrl location="Target:207:99">
                                                                                                                                    <ptk:rtd>c3EAfgAjdXEAfgAnAAAAAXVxAH4AKQAAAAF0AFdodHRwOi8vYXJ6Lndpa2lwZWRpYS5vcmcvd2lraS9UZW1wbGF0ZTolQzIlQjd3cmFwP3RpdGxlPVRlbXBsYXRlOiVDMiVCN3dyYXAmYWN0aW9uPWVkaXQ=</ptk:rtd>
                                                                                                                                    <ptk:protocol>http</ptk:protocol>
                                                                                                                                    <ptk:path>//arz.wikipedia.org/wiki/Template:%C2%B7wrap?title=Template:%C2%B7wrap&amp;action=edit</ptk:path>
                                                                                                                                 </ptk:WtUrl>
                                                                                                                              </ptk:target>
                                                                                                                              <ptk:title>
                                                                                                                                 <ptk:l>
                                                                                                                                    <ptk:t location="Target:207:187">edit</ptk:t>
                                                                                                                                 </ptk:l>
                                                                                                                              </ptk:title>
                                                                                                                           </ptk:WtExternalLink>
                                                                                                                           <ptk:t location="Target:207:192">].
</ptk:t>
                                                                                                                           <ptk:l>
                                                                                                                              <ptk:t location="Target:208:4">See also</ptk:t>
                                                                                                                           </ptk:l>
                                                                                                                        </ptk:l>
                                                                                                                        <ptk:t>
</ptk:t>
                                                                                                                        <ptk:l>
                                                                                                                           <ptk:l>
                                                                                                                              <ptk:WtInternalLink>
                                                                                                                                 <ptk:rtd>c3EAfgAjdXEAfgAnAAAAA3VxAH4AKQAAAAFxAH4BVnEAfgC6dXEAfgApAAAAAXEAfgFY</ptk:rtd>
                                                                                                                                 <ptk:prefix/>
                                                                                                                                 <ptk:postfix/>
                                                                                                                                 <ptk:target>
                                                                                                                                    <ptk:WtPageName location="Target:209:4">
                                                                                                                                       <ptk:content>:Category:Redirect templates</ptk:content>
                                                                                                                                       <ptk:rtd null="true"/>
                                                                                                                                    </ptk:WtPageName>
                                                                                                                                 </ptk:target>
                                                                                                                                 <ptk:title>
                                                                                                                                    <ptk:WtLinkTitle-WtNoLinkTitle/>
                                                                                                                                 </ptk:title>
                                                                                                                              </ptk:WtInternalLink>
                                                                                                                           </ptk:l>
                                                                                                                           <ptk:l>
                                                                                                                              <ptk:WtInternalLink>
                                                                                                                                 <ptk:rtd>c3EAfgAjdXEAfgAnAAAAA3VxAH4AKQAAAAFxAH4BVnEAfgC6dXEAfgApAAAAAXEAfgFY</ptk:rtd>
                                                                                                                                 <ptk:prefix/>
                                                                                                                                 <ptk:postfix/>
                                                                                                                                 <ptk:target>
                                                                                                                                    <ptk:WtPageName location="Target:210:4">
                                                                                                                                       <ptk:content>:Category:Redirects from other templates</ptk:content>
                                                                                                                                       <ptk:rtd null="true"/>
                                                                                                                                    </ptk:WtPageName>
                                                                                                                                 </ptk:target>
                                                                                                                                 <ptk:title>
                                                                                                                                    <ptk:WtLinkTitle-WtNoLinkTitle/>
                                                                                                                                 </ptk:title>
                                                                                                                              </ptk:WtInternalLink>
                                                                                                                           </ptk:l>
                                                                                                                           <ptk:l>
                                                                                                                              <ptk:WtInternalLink>
                                                                                                                                 <ptk:rtd>c3EAfgAjdXEAfgAnAAAAA3VxAH4AKQAAAAFxAH4BVnEAfgC6dXEAfgApAAAAAXEAfgFY</ptk:rtd>
                                                                                                                                 <ptk:prefix/>
                                                                                                                                 <ptk:postfix/>
                                                                                                                                 <ptk:target>
                                                                                                                                    <ptk:WtPageName location="Target:211:4">
                                                                                                                                       <ptk:content>Wikipedia:Redirects</ptk:content>
                                                                                                                                       <ptk:rtd null="true"/>
                                                                                                                                    </ptk:WtPageName>
                                                                                                                                 </ptk:target>
                                                                                                                                 <ptk:title>
                                                                                                                                    <ptk:WtLinkTitle-WtNoLinkTitle/>
                                                                                                                                 </ptk:title>
                                                                                                                              </ptk:WtInternalLink>
                                                                                                                           </ptk:l>
                                                                                                                           <ptk:l>
                                                                                                                              <ptk:WtInternalLink>
                                                                                                                                 <ptk:rtd>c3EAfgAjdXEAfgAnAAAAA3VxAH4AKQAAAAFxAH4BVnEAfgC6dXEAfgApAAAAAXEAfgFY</ptk:rtd>
                                                                                                                                 <ptk:prefix/>
                                                                                                                                 <ptk:postfix/>
                                                                                                                                 <ptk:target>
                                                                                                                                    <ptk:WtPageName location="Target:212:4">
                                                                                                                                       <ptk:content>Wikipedia:Template messages/Redirect pages</ptk:content>
                                                                                                                                       <ptk:rtd null="true"/>
                                                                                                                                    </ptk:WtPageName>
                                                                                                                                 </ptk:target>
                                                                                                                                 <ptk:title>
                                                                                                                                    <ptk:WtLinkTitle-WtNoLinkTitle/>
                                                                                                                                 </ptk:title>
                                                                                                                              </ptk:WtInternalLink>
                                                                                                                              <ptk:WtInternalLink>
                                                                                                                                 <ptk:rtd>c3EAfgAjdXEAfgAnAAAAA3VxAH4AKQAAAAFxAH4BVnEAfgC6dXEAfgApAAAAAXEAfgFY</ptk:rtd>
                                                                                                                                 <ptk:prefix/>
                                                                                                                                 <ptk:postfix/>
                                                                                                                                 <ptk:target>
                                                                                                                                    <ptk:WtPageName location="Target:212:50">
                                                                                                                                       <ptk:content>Category:Redirects from other templates</ptk:content>
                                                                                                                                       <ptk:rtd null="true"/>
                                                                                                                                    </ptk:WtPageName>
                                                                                                                                 </ptk:target>
                                                                                                                                 <ptk:title>
                                                                                                                                    <ptk:l>
                                                                                                                                       <ptk:t location="Target:212:90">Target</ptk:t>
                                                                                                                                    </ptk:l>
                                                                                                                                 </ptk:title>
                                                                                                                              </ptk:WtInternalLink>
                                                                                                                           </ptk:l>
                                                                                                                        </ptk:l>
                                                                                                                        <ptk:t>
</ptk:t>
                                                                                                                        <ptk:l>
                                                                                                                           <ptk:WtInternalLink>
                                                                                                                              <ptk:rtd>c3EAfgAjdXEAfgAnAAAAA3VxAH4AKQAAAAFxAH4BVnEAfgC6dXEAfgApAAAAAXEAfgFY</ptk:rtd>
                                                                                                                              <ptk:prefix/>
                                                                                                                              <ptk:postfix/>
                                                                                                                              <ptk:target>
                                                                                                                                 <ptk:WtPageName location="Target:213:3">
                                                                                                                                    <ptk:content> أرض البنط </ptk:content>
                                                                                                                                    <ptk:rtd null="true"/>
                                                                                                                                 </ptk:WtPageName>
                                                                                                                              </ptk:target>
                                                                                                                              <ptk:title>
                                                                                                                                 <ptk:l>
                                                                                                                                    <ptk:t location="Target:213:15">أرض البنط</ptk:t>
                                                                                                                                 </ptk:l>
                                                                                                                              </ptk:title>
                                                                                                                           </ptk:WtInternalLink>
                                                                                                                           <ptk:WtXmlEntityRef location="Target:213:27">
                                                                                                                              <ptk:rtd>c3EAfgAjdXEAfgAnAAAAAXVxAH4AKQAAAAF0AAYmbmJzcDs=</ptk:rtd>
                                                                                                                              <ptk:name>nbsp</ptk:name>
                                                                                                                              <ptk:resolved> </ptk:resolved>
                                                                                                                           </ptk:WtXmlEntityRef>
                                                                                                                           <ptk:WtXmlElement>
                                                                                                                              <ptk:rtd>c3EAfgAjdXEAfgAnAAAAA3VxAH4AKQAAAAF0AAI8YnVxAH4AKQAAAAF0AAE+dXEAfgApAAAAAXQABDwvYj4=</ptk:rtd>
                                                                                                                              <ptk:name>b</ptk:name>
                                                                                                                              <ptk:xmlAttributes>
                                                                                                                                 <ptk:WtXmlAttributes-WtEmptyXmlAttributes/>
                                                                                                                              </ptk:xmlAttributes>
                                                                                                                              <ptk:body>
                                                                                                                                 <ptk:l>
                                                                                                                                    <ptk:t location="Target:213:35">·</ptk:t>
                                                                                                                                 </ptk:l>
                                                                                                                              </ptk:body>
                                                                                                                           </ptk:WtXmlElement>
                                                                                                                           <ptk:WtXmlEndTag location="Target:213:42">
                                                                                                                              <ptk:rtd>cQB+AE8=</ptk:rtd>
                                                                                                                              <ptk:name>span</ptk:name>
                                                                                                                           </ptk:WtXmlEndTag>
                                                                                                                           <ptk:t location="Target:213:47"> </ptk:t>
                                                                                                                           <ptk:WtXmlElement>
                                                                                                                              <ptk:rtd>c3EAfgAjdXEAfgAnAAAAA3VxAH4AKQAAAAF0AAU8c3BhbnVxAH4AKQAAAAF0AAE+cQB+ALo=</ptk:rtd>
                                                                                                                              <ptk:name>span</ptk:name>
                                                                                                                              <ptk:xmlAttributes>
                                                                                                                                 <ptk:l location="Target:213:53">
                                                                                                                                    <ptk:WtXmlAttribute location="Target:213:53">
                                                                                                                                       <ptk:rtd>c3EAfgAjdXEAfgAnAAAAAnVxAH4AKQAAAAF0AAggc3R5bGU9InVxAH4AKQAAAAF0AAEi</ptk:rtd>
                                                                                                                                       <ptk:name>style</ptk:name>
                                                                                                                                       <ptk:value>
                                                                                                                                          <ptk:l location="Target:213:61">
                                                                                                                                             <ptk:t location="Target:213:61">white-space:nowrap</ptk:t>
                                                                                                                                          </ptk:l>
                                                                                                                                       </ptk:value>
                                                                                                                                    </ptk:WtXmlAttribute>
                                                                                                                                 </ptk:l>
                                                                                                                              </ptk:xmlAttributes>
                                                                                                                              <ptk:body>
                                                                                                                                 <ptk:l>
                                                                                                                                    <ptk:t>
</ptk:t>
                                                                                                                                    <ptk:WtXmlEntityRef location="Target:214:2">
                                                                                                                                       <ptk:rtd>c3EAfgAjdXEAfgAnAAAAAXVxAH4AKQAAAAF0AAYmbmJzcDs=</ptk:rtd>
                                                                                                                                       <ptk:name>nbsp</ptk:name>
                                                                                                                                       <ptk:resolved> </ptk:resolved>
                                                                                                                                    </ptk:WtXmlEntityRef>
                                                                                                                                 </ptk:l>
                                                                                                                              </ptk:body>
                                                                                                                           </ptk:WtXmlElement>
                                                                                                                        </ptk:l>
                                                                                                                        <ptk:t>
</ptk:t>
                                                                                                                        <ptk:WtHorizontalRule>
                                                                                                                           <ptk:rtd>c3EAfgAjdXEAfgAnAAAAAXVxAH4AKQAAAAF0AAQtLS0t</ptk:rtd>
                                                                                                                        </ptk:WtHorizontalRule>
                                                                                                                        <ptk:t>
</ptk:t>
                                                                                                                        <ptk:l>
                                                                                                                           <ptk:t location="Target:216:1">This template name redirects to </ptk:t>
                                                                                                                           <ptk:WtXmlElement>
                                                                                                                              <ptk:rtd>c3EAfgAjdXEAfgAnAAAAA3VxAH4AKQAAAAF0AAM8dHR1cQB+ACkAAAABdAABPnVxAH4AKQAAAAF0AAU8L3R0Pg==</ptk:rtd>
                                                                                                                              <ptk:name>tt</ptk:name>
                                                                                                                              <ptk:xmlAttributes>
                                                                                                                                 <ptk:WtXmlAttributes-WtEmptyXmlAttributes/>
                                                                                                                              </ptk:xmlAttributes>
                                                                                                                              <ptk:body>
                                                                                                                                 <ptk:l>
                                                                                                                                    <ptk:EngNowiki location="Target:216:37">
                                                                                                                                       <ptk:content>{{</ptk:content>
                                                                                                                                       <ptk:rtd>c3EAfgAjdXEAfgAnAAAAAXVxAH4AKQAAAAF0ABM8bm93aWtpPnt7PC9ub3dpa2k+</ptk:rtd>
                                                                                                                                    </ptk:EngNowiki>
                                                                                                                                    <ptk:WtInternalLink>
                                                                                                                                       <ptk:rtd>c3EAfgAjdXEAfgAnAAAAA3VxAH4AKQAAAAFxAH4BVnEAfgC6dXEAfgApAAAAAXEAfgFY</ptk:rtd>
                                                                                                                                       <ptk:prefix/>
                                                                                                                                       <ptk:postfix/>
                                                                                                                                       <ptk:target>
                                                                                                                                          <ptk:WtPageName location="Target:216:43">
                                                                                                                                             <ptk:content>قالب:·wrap</ptk:content>
                                                                                                                                             <ptk:rtd null="true"/>
                                                                                                                                          </ptk:WtPageName>
                                                                                                                                       </ptk:target>
                                                                                                                                       <ptk:title>
                                                                                                                                          <ptk:l>
                                                                                                                                             <ptk:t location="Target:216:54">·wrap</ptk:t>
                                                                                                                                          </ptk:l>
                                                                                                                                       </ptk:title>
                                                                                                                                    </ptk:WtInternalLink>
                                                                                                                                    <ptk:EngNowiki location="Target:216:61">
                                                                                                                                       <ptk:content>}}</ptk:content>
                                                                                                                                       <ptk:rtd>c3EAfgAjdXEAfgAnAAAAAXVxAH4AKQAAAAF0ABM8bm93aWtpPn19PC9ub3dpa2k+</ptk:rtd>
                                                                                                                                    </ptk:EngNowiki>
                                                                                                                                 </ptk:l>
                                                                                                                              </ptk:body>
                                                                                                                           </ptk:WtXmlElement>
                                                                                                                           <ptk:t location="Target:216:70"> which may be edited using [</ptk:t>
                                                                                                                           <ptk:WtExternalLink>
                                                                                                                              <ptk:rtd>c3EAfgAjdXEAfgAnAAAAA3VxAH4AKQAAAAF0AAFbdXEAfgApAAAAAXQAASB1cQB+ACkAAAABdAABXQ==</ptk:rtd>
                                                                                                                              <ptk:target>
                                                                                                                                 <ptk:WtUrl location="Target:216:99">
                                                                                                                                    <ptk:rtd>c3EAfgAjdXEAfgAnAAAAAXVxAH4AKQAAAAF0AFdodHRwOi8vYXJ6Lndpa2lwZWRpYS5vcmcvd2lraS9UZW1wbGF0ZTolQzIlQjd3cmFwP3RpdGxlPVRlbXBsYXRlOiVDMiVCN3dyYXAmYWN0aW9uPWVkaXQ=</ptk:rtd>
                                                                                                                                    <ptk:protocol>http</ptk:protocol>
                                                                                                                                    <ptk:path>//arz.wikipedia.org/wiki/Template:%C2%B7wrap?title=Template:%C2%B7wrap&amp;action=edit</ptk:path>
                                                                                                                                 </ptk:WtUrl>
                                                                                                                              </ptk:target>
                                                                                                                              <ptk:title>
                                                                                                                                 <ptk:l>
                                                                                                                                    <ptk:t location="Target:216:187">edit</ptk:t>
                                                                                                                                 </ptk:l>
                                                                                                                              </ptk:title>
                                                                                                                           </ptk:WtExternalLink>
                                                                                                                           <ptk:t location="Target:216:192">].
</ptk:t>
                                                                                                                           <ptk:l>
                                                                                                                              <ptk:t location="Target:217:4">See also</ptk:t>
                                                                                                                           </ptk:l>
                                                                                                                        </ptk:l>
                                                                                                                        <ptk:t>
</ptk:t>
                                                                                                                        <ptk:l>
                                                                                                                           <ptk:l>
                                                                                                                              <ptk:WtInternalLink>
                                                                                                                                 <ptk:rtd>c3EAfgAjdXEAfgAnAAAAA3VxAH4AKQAAAAFxAH4BVnEAfgC6dXEAfgApAAAAAXEAfgFY</ptk:rtd>
                                                                                                                                 <ptk:prefix/>
                                                                                                                                 <ptk:postfix/>
                                                                                                                                 <ptk:target>
                                                                                                                                    <ptk:WtPageName location="Target:218:4">
                                                                                                                                       <ptk:content>:Category:Redirect templates</ptk:content>
                                                                                                                                       <ptk:rtd null="true"/>
                                                                                                                                    </ptk:WtPageName>
                                                                                                                                 </ptk:target>
                                                                                                                                 <ptk:title>
                                                                                                                                    <ptk:WtLinkTitle-WtNoLinkTitle/>
                                                                                                                                 </ptk:title>
                                                                                                                              </ptk:WtInternalLink>
                                                                                                                           </ptk:l>
                                                                                                                           <ptk:l>
                                                                                                                              <ptk:WtInternalLink>
                                                                                                                                 <ptk:rtd>c3EAfgAjdXEAfgAnAAAAA3VxAH4AKQAAAAFxAH4BVnEAfgC6dXEAfgApAAAAAXEAfgFY</ptk:rtd>
                                                                                                                                 <ptk:prefix/>
                                                                                                                                 <ptk:postfix/>
                                                                                                                                 <ptk:target>
                                                                                                                                    <ptk:WtPageName location="Target:219:4">
                                                                                                                                       <ptk:content>:Category:Redirects from other templates</ptk:content>
                                                                                                                                       <ptk:rtd null="true"/>
                                                                                                                                    </ptk:WtPageName>
                                                                                                                                 </ptk:target>
                                                                                                                                 <ptk:title>
                                                                                                                                    <ptk:WtLinkTitle-WtNoLinkTitle/>
                                                                                                                                 </ptk:title>
                                                                                                                              </ptk:WtInternalLink>
                                                                                                                           </ptk:l>
                                                                                                                           <ptk:l>
                                                                                                                              <ptk:WtInternalLink>
                                                                                                                                 <ptk:rtd>c3EAfgAjdXEAfgAnAAAAA3VxAH4AKQAAAAFxAH4BVnEAfgC6dXEAfgApAAAAAXEAfgFY</ptk:rtd>
                                                                                                                                 <ptk:prefix/>
                                                                                                                                 <ptk:postfix/>
                                                                                                                                 <ptk:target>
                                                                                                                                    <ptk:WtPageName location="Target:220:4">
                                                                                                                                       <ptk:content>Wikipedia:Redirects</ptk:content>
                                                                                                                                       <ptk:rtd null="true"/>
                                                                                                                                    </ptk:WtPageName>
                                                                                                                                 </ptk:target>
                                                                                                                                 <ptk:title>
                                                                                                                                    <ptk:WtLinkTitle-WtNoLinkTitle/>
                                                                                                                                 </ptk:title>
                                                                                                                              </ptk:WtInternalLink>
                                                                                                                           </ptk:l>
                                                                                                                           <ptk:l>
                                                                                                                              <ptk:WtInternalLink>
                                                                                                                                 <ptk:rtd>c3EAfgAjdXEAfgAnAAAAA3VxAH4AKQAAAAFxAH4BVnEAfgC6dXEAfgApAAAAAXEAfgFY</ptk:rtd>
                                                                                                                                 <ptk:prefix/>
                                                                                                                                 <ptk:postfix/>
                                                                                                                                 <ptk:target>
                                                                                                                                    <ptk:WtPageName location="Target:221:4">
                                                                                                                                       <ptk:content>Wikipedia:Template messages/Redirect pages</ptk:content>
                                                                                                                                       <ptk:rtd null="true"/>
                                                                                                                                    </ptk:WtPageName>
                                                                                                                                 </ptk:target>
                                                                                                                                 <ptk:title>
                                                                                                                                    <ptk:WtLinkTitle-WtNoLinkTitle/>
                                                                                                                                 </ptk:title>
                                                                                                                              </ptk:WtInternalLink>
                                                                                                                              <ptk:WtInternalLink>
                                                                                                                                 <ptk:rtd>c3EAfgAjdXEAfgAnAAAAA3VxAH4AKQAAAAFxAH4BVnEAfgC6dXEAfgApAAAAAXEAfgFY</ptk:rtd>
                                                                                                                                 <ptk:prefix/>
                                                                                                                                 <ptk:postfix/>
                                                                                                                                 <ptk:target>
                                                                                                                                    <ptk:WtPageName location="Target:221:50">
                                                                                                                                       <ptk:content>Category:Redirects from other templates</ptk:content>
                                                                                                                                       <ptk:rtd null="true"/>
                                                                                                                                    </ptk:WtPageName>
                                                                                                                                 </ptk:target>
                                                                                                                                 <ptk:title>
                                                                                                                                    <ptk:l>
                                                                                                                                       <ptk:t location="Target:221:90">Target</ptk:t>
                                                                                                                                    </ptk:l>
                                                                                                                                 </ptk:title>
                                                                                                                              </ptk:WtInternalLink>
                                                                                                                           </ptk:l>
                                                                                                                        </ptk:l>
                                                                                                                        <ptk:t>
</ptk:t>
                                                                                                                        <ptk:l>
                                                                                                                           <ptk:WtInternalLink>
                                                                                                                              <ptk:rtd>c3EAfgAjdXEAfgAnAAAAA3VxAH4AKQAAAAFxAH4BVnEAfgC6dXEAfgApAAAAAXEAfgFY</ptk:rtd>
                                                                                                                              <ptk:prefix/>
                                                                                                                              <ptk:postfix/>
                                                                                                                              <ptk:target>
                                                                                                                                 <ptk:WtPageName location="Target:222:3">
                                                                                                                                    <ptk:content> سانت هيلينا </ptk:content>
                                                                                                                                    <ptk:rtd null="true"/>
                                                                                                                                 </ptk:WtPageName>
                                                                                                                              </ptk:target>
                                                                                                                              <ptk:title>
                                                                                                                                 <ptk:l>
                                                                                                                                    <ptk:t location="Target:222:17">سانت هيلينا</ptk:t>
                                                                                                                                 </ptk:l>
                                                                                                                              </ptk:title>
                                                                                                                           </ptk:WtInternalLink>
                                                                                                                           <ptk:t location="Target:222:30"> </ptk:t>
                                                                                                                           <ptk:WtXmlElement>
                                                                                                                              <ptk:rtd>c3EAfgAjdXEAfgAnAAAAA3VxAH4AKQAAAAF0AAY8c21hbGx1cQB+ACkAAAABdAABPnVxAH4AKQAAAAF0AAg8L3NtYWxsPg==</ptk:rtd>
                                                                                                                              <ptk:name>small</ptk:name>
                                                                                                                              <ptk:xmlAttributes>
                                                                                                                                 <ptk:WtXmlAttributes-WtEmptyXmlAttributes/>
                                                                                                                              </ptk:xmlAttributes>
                                                                                                                              <ptk:body>
                                                                                                                                 <ptk:l>
                                                                                                                                    <ptk:t location="Target:222:38">(</ptk:t>
                                                                                                                                    <ptk:WtInternalLink>
                                                                                                                                       <ptk:rtd>c3EAfgAjdXEAfgAnAAAAA3VxAH4AKQAAAAFxAH4BVnEAfgC6dXEAfgApAAAAAXEAfgFY</ptk:rtd>
                                                                                                                                       <ptk:prefix/>
                                                                                                                                       <ptk:postfix/>
                                                                                                                                       <ptk:target>
                                                                                                                                          <ptk:WtPageName location="Target:222:41">
                                                                                                                                             <ptk:content>المملكه المتحده</ptk:content>
                                                                                                                                             <ptk:rtd null="true"/>
                                                                                                                                          </ptk:WtPageName>
                                                                                                                                       </ptk:target>
                                                                                                                                       <ptk:title>
                                                                                                                                          <ptk:WtLinkTitle-WtNoLinkTitle/>
                                                                                                                                       </ptk:title>
                                                                                                                                    </ptk:WtInternalLink>
                                                                                                                                    <ptk:t location="Target:222:58">)</ptk:t>
                                                                                                                                 </ptk:l>
                                                                                                                              </ptk:body>
                                                                                                                           </ptk:WtXmlElement>
                                                                                                                           <ptk:WtXmlEntityRef location="Target:222:68">
                                                                                                                              <ptk:rtd>c3EAfgAjdXEAfgAnAAAAAXVxAH4AKQAAAAF0AAYmbmJzcDs=</ptk:rtd>
                                                                                                                              <ptk:name>nbsp</ptk:name>
                                                                                                                              <ptk:resolved> </ptk:resolved>
                                                                                                                           </ptk:WtXmlEntityRef>
                                                                                                                           <ptk:WtXmlElement>
                                                                                                                              <ptk:rtd>c3EAfgAjdXEAfgAnAAAAA3VxAH4AKQAAAAF0AAI8YnVxAH4AKQAAAAF0AAE+dXEAfgApAAAAAXQABDwvYj4=</ptk:rtd>
                                                                                                                              <ptk:name>b</ptk:name>
                                                                                                                              <ptk:xmlAttributes>
                                                                                                                                 <ptk:WtXmlAttributes-WtEmptyXmlAttributes/>
                                                                                                                              </ptk:xmlAttributes>
                                                                                                                              <ptk:body>
                                                                                                                                 <ptk:l>
                                                                                                                                    <ptk:t location="Target:222:76">·</ptk:t>
                                                                                                                                 </ptk:l>
                                                                                                                              </ptk:body>
                                                                                                                           </ptk:WtXmlElement>
                                                                                                                           <ptk:WtXmlEndTag location="Target:222:83">
                                                                                                                              <ptk:rtd>cQB+AGA=</ptk:rtd>
                                                                                                                              <ptk:name>span</ptk:name>
                                                                                                                           </ptk:WtXmlEndTag>
                                                                                                                           <ptk:t location="Target:222:88"> </ptk:t>
                                                                                                                           <ptk:WtXmlElement>
                                                                                                                              <ptk:rtd>c3EAfgAjdXEAfgAnAAAAA3VxAH4AKQAAAAF0AAU8c3BhbnVxAH4AKQAAAAF0AAE+cQB+ALo=</ptk:rtd>
                                                                                                                              <ptk:name>span</ptk:name>
                                                                                                                              <ptk:xmlAttributes>
                                                                                                                                 <ptk:l location="Target:222:94">
                                                                                                                                    <ptk:WtXmlAttribute location="Target:222:94">
                                                                                                                                       <ptk:rtd>c3EAfgAjdXEAfgAnAAAAAnVxAH4AKQAAAAF0AAggc3R5bGU9InVxAH4AKQAAAAF0AAEi</ptk:rtd>
                                                                                                                                       <ptk:name>style</ptk:name>
                                                                                                                                       <ptk:value>
                                                                                                                                          <ptk:l location="Target:222:102">
                                                                                                                                             <ptk:t location="Target:222:102">white-space:nowrap</ptk:t>
                                                                                                                                          </ptk:l>
                                                                                                                                       </ptk:value>
                                                                                                                                    </ptk:WtXmlAttribute>
                                                                                                                                 </ptk:l>
                                                                                                                              </ptk:xmlAttributes>
                                                                                                                              <ptk:body>
                                                                                                                                 <ptk:l>
                                                                                                                                    <ptk:t>
</ptk:t>
                                                                                                                                    <ptk:WtXmlEntityRef location="Target:223:2">
                                                                                                                                       <ptk:rtd>c3EAfgAjdXEAfgAnAAAAAXVxAH4AKQAAAAF0AAYmbmJzcDs=</ptk:rtd>
                                                                                                                                       <ptk:name>nbsp</ptk:name>
                                                                                                                                       <ptk:resolved> </ptk:resolved>
                                                                                                                                    </ptk:WtXmlEntityRef>
                                                                                                                                 </ptk:l>
                                                                                                                              </ptk:body>
                                                                                                                           </ptk:WtXmlElement>
                                                                                                                        </ptk:l>
                                                                                                                        <ptk:t>
</ptk:t>
                                                                                                                        <ptk:WtHorizontalRule>
                                                                                                                           <ptk:rtd>c3EAfgAjdXEAfgAnAAAAAXVxAH4AKQAAAAF0AAQtLS0t</ptk:rtd>
                                                                                                                        </ptk:WtHorizontalRule>
                                                                                                                        <ptk:t>
</ptk:t>
                                                                                                                        <ptk:l>
                                                                                                                           <ptk:t location="Target:225:1">This template name redirects to </ptk:t>
                                                                                                                           <ptk:WtXmlElement>
                                                                                                                              <ptk:rtd>c3EAfgAjdXEAfgAnAAAAA3VxAH4AKQAAAAF0AAM8dHR1cQB+ACkAAAABdAABPnVxAH4AKQAAAAF0AAU8L3R0Pg==</ptk:rtd>
                                                                                                                              <ptk:name>tt</ptk:name>
                                                                                                                              <ptk:xmlAttributes>
                                                                                                                                 <ptk:WtXmlAttributes-WtEmptyXmlAttributes/>
                                                                                                                              </ptk:xmlAttributes>
                                                                                                                              <ptk:body>
                                                                                                                                 <ptk:l>
                                                                                                                                    <ptk:EngNowiki location="Target:225:37">
                                                                                                                                       <ptk:content>{{</ptk:content>
                                                                                                                                       <ptk:rtd>c3EAfgAjdXEAfgAnAAAAAXVxAH4AKQAAAAF0ABM8bm93aWtpPnt7PC9ub3dpa2k+</ptk:rtd>
                                                                                                                                    </ptk:EngNowiki>
                                                                                                                                    <ptk:WtInternalLink>
                                                                                                                                       <ptk:rtd>c3EAfgAjdXEAfgAnAAAAA3VxAH4AKQAAAAFxAH4BVnEAfgC6dXEAfgApAAAAAXEAfgFY</ptk:rtd>
                                                                                                                                       <ptk:prefix/>
                                                                                                                                       <ptk:postfix/>
                                                                                                                                       <ptk:target>
                                                                                                                                          <ptk:WtPageName location="Target:225:43">
                                                                                                                                             <ptk:content>قالب:·wrap</ptk:content>
                                                                                                                                             <ptk:rtd null="true"/>
                                                                                                                                          </ptk:WtPageName>
                                                                                                                                       </ptk:target>
                                                                                                                                       <ptk:title>
                                                                                                                                          <ptk:l>
                                                                                                                                             <ptk:t location="Target:225:54">·wrap</ptk:t>
                                                                                                                                          </ptk:l>
                                                                                                                                       </ptk:title>
                                                                                                                                    </ptk:WtInternalLink>
                                                                                                                                    <ptk:EngNowiki location="Target:225:61">
                                                                                                                                       <ptk:content>}}</ptk:content>
                                                                                                                                       <ptk:rtd>c3EAfgAjdXEAfgAnAAAAAXVxAH4AKQAAAAF0ABM8bm93aWtpPn19PC9ub3dpa2k+</ptk:rtd>
                                                                                                                                    </ptk:EngNowiki>
                                                                                                                                 </ptk:l>
                                                                                                                              </ptk:body>
                                                                                                                           </ptk:WtXmlElement>
                                                                                                                           <ptk:t location="Target:225:70"> which may be edited using [</ptk:t>
                                                                                                                           <ptk:WtExternalLink>
                                                                                                                              <ptk:rtd>c3EAfgAjdXEAfgAnAAAAA3VxAH4AKQAAAAF0AAFbdXEAfgApAAAAAXQAASB1cQB+ACkAAAABdAABXQ==</ptk:rtd>
                                                                                                                              <ptk:target>
                                                                                                                                 <ptk:WtUrl location="Target:225:99">
                                                                                                                                    <ptk:rtd>c3EAfgAjdXEAfgAnAAAAAXVxAH4AKQAAAAF0AFdodHRwOi8vYXJ6Lndpa2lwZWRpYS5vcmcvd2lraS9UZW1wbGF0ZTolQzIlQjd3cmFwP3RpdGxlPVRlbXBsYXRlOiVDMiVCN3dyYXAmYWN0aW9uPWVkaXQ=</ptk:rtd>
                                                                                                                                    <ptk:protocol>http</ptk:protocol>
                                                                                                                                    <ptk:path>//arz.wikipedia.org/wiki/Template:%C2%B7wrap?title=Template:%C2%B7wrap&amp;action=edit</ptk:path>
                                                                                                                                 </ptk:WtUrl>
                                                                                                                              </ptk:target>
                                                                                                                              <ptk:title>
                                                                                                                                 <ptk:l>
                                                                                                                                    <ptk:t location="Target:225:187">edit</ptk:t>
                                                                                                                                 </ptk:l>
                                                                                                                              </ptk:title>
                                                                                                                           </ptk:WtExternalLink>
                                                                                                                           <ptk:t location="Target:225:192">].
</ptk:t>
                                                                                                                           <ptk:l>
                                                                                                                              <ptk:t location="Target:226:4">See also</ptk:t>
                                                                                                                           </ptk:l>
                                                                                                                        </ptk:l>
                                                                                                                        <ptk:t>
</ptk:t>
                                                                                                                        <ptk:l>
                                                                                                                           <ptk:l>
                                                                                                                              <ptk:WtInternalLink>
                                                                                                                                 <ptk:rtd>c3EAfgAjdXEAfgAnAAAAA3VxAH4AKQAAAAFxAH4BVnEAfgC6dXEAfgApAAAAAXEAfgFY</ptk:rtd>
                                                                                                                                 <ptk:prefix/>
                                                                                                                                 <ptk:postfix/>
                                                                                                                                 <ptk:target>
                                                                                                                                    <ptk:WtPageName location="Target:227:4">
                                                                                                                                       <ptk:content>:Category:Redirect templates</ptk:content>
                                                                                                                                       <ptk:rtd null="true"/>
                                                                                                                                    </ptk:WtPageName>
                                                                                                                                 </ptk:target>
                                                                                                                                 <ptk:title>
                                                                                                                                    <ptk:WtLinkTitle-WtNoLinkTitle/>
                                                                                                                                 </ptk:title>
                                                                                                                              </ptk:WtInternalLink>
                                                                                                                           </ptk:l>
                                                                                                                           <ptk:l>
                                                                                                                              <ptk:WtInternalLink>
                                                                                                                                 <ptk:rtd>c3EAfgAjdXEAfgAnAAAAA3VxAH4AKQAAAAFxAH4BVnEAfgC6dXEAfgApAAAAAXEAfgFY</ptk:rtd>
                                                                                                                                 <ptk:prefix/>
                                                                                                                                 <ptk:postfix/>
                                                                                                                                 <ptk:target>
                                                                                                                                    <ptk:WtPageName location="Target:228:4">
                                                                                                                                       <ptk:content>:Category:Redirects from other templates</ptk:content>
                                                                                                                                       <ptk:rtd null="true"/>
                                                                                                                                    </ptk:WtPageName>
                                                                                                                                 </ptk:target>
                                                                                                                                 <ptk:title>
                                                                                                                                    <ptk:WtLinkTitle-WtNoLinkTitle/>
                                                                                                                                 </ptk:title>
                                                                                                                              </ptk:WtInternalLink>
                                                                                                                           </ptk:l>
                                                                                                                           <ptk:l>
                                                                                                                              <ptk:WtInternalLink>
                                                                                                                                 <ptk:rtd>c3EAfgAjdXEAfgAnAAAAA3VxAH4AKQAAAAFxAH4BVnEAfgC6dXEAfgApAAAAAXEAfgFY</ptk:rtd>
                                                                                                                                 <ptk:prefix/>
                                                                                                                                 <ptk:postfix/>
                                                                                                                                 <ptk:target>
                                                                                                                                    <ptk:WtPageName location="Target:229:4">
                                                                                                                                       <ptk:content>Wikipedia:Redirects</ptk:content>
                                                                                                                                       <ptk:rtd null="true"/>
                                                                                                                                    </ptk:WtPageName>
                                                                                                                                 </ptk:target>
                                                                                                                                 <ptk:title>
                                                                                                                                    <ptk:WtLinkTitle-WtNoLinkTitle/>
                                                                                                                                 </ptk:title>
                                                                                                                              </ptk:WtInternalLink>
                                                                                                                           </ptk:l>
                                                                                                                           <ptk:l>
                                                                                                                              <ptk:WtInternalLink>
                                                                                                                                 <ptk:rtd>c3EAfgAjdXEAfgAnAAAAA3VxAH4AKQAAAAFxAH4BVnEAfgC6dXEAfgApAAAAAXEAfgFY</ptk:rtd>
                                                                                                                                 <ptk:prefix/>
                                                                                                                                 <ptk:postfix/>
                                                                                                                                 <ptk:target>
                                                                                                                                    <ptk:WtPageName location="Target:230:4">
                                                                                                                                       <ptk:content>Wikipedia:Template messages/Redirect pages</ptk:content>
                                                                                                                                       <ptk:rtd null="true"/>
                                                                                                                                    </ptk:WtPageName>
                                                                                                                                 </ptk:target>
                                                                                                                                 <ptk:title>
                                                                                                                                    <ptk:WtLinkTitle-WtNoLinkTitle/>
                                                                                                                                 </ptk:title>
                                                                                                                              </ptk:WtInternalLink>
                                                                                                                              <ptk:WtInternalLink>
                                                                                                                                 <ptk:rtd>c3EAfgAjdXEAfgAnAAAAA3VxAH4AKQAAAAFxAH4BVnEAfgC6dXEAfgApAAAAAXEAfgFY</ptk:rtd>
                                                                                                                                 <ptk:prefix/>
                                                                                                                                 <ptk:postfix/>
                                                                                                                                 <ptk:target>
                                                                                                                                    <ptk:WtPageName location="Target:230:50">
                                                                                                                                       <ptk:content>Category:Redirects from other templates</ptk:content>
                                                                                                                                       <ptk:rtd null="true"/>
                                                                                                                                    </ptk:WtPageName>
                                                                                                                                 </ptk:target>
                                                                                                                                 <ptk:title>
                                                                                                                                    <ptk:l>
                                                                                                                                       <ptk:t location="Target:230:90">Target</ptk:t>
                                                                                                                                    </ptk:l>
                                                                                                                                 </ptk:title>
                                                                                                                              </ptk:WtInternalLink>
                                                                                                                           </ptk:l>
                                                                                                                        </ptk:l>
                                                                                                                        <ptk:t>
</ptk:t>
                                                                                                                        <ptk:l>
                                                                                                                           <ptk:WtInternalLink>
                                                                                                                              <ptk:rtd>c3EAfgAjdXEAfgAnAAAAA3VxAH4AKQAAAAFxAH4BVnEAfgC6dXEAfgApAAAAAXEAfgFY</ptk:rtd>
                                                                                                                              <ptk:prefix/>
                                                                                                                              <ptk:postfix/>
                                                                                                                              <ptk:target>
                                                                                                                                 <ptk:WtPageName location="Target:231:3">
                                                                                                                                    <ptk:content> سقطرى </ptk:content>
                                                                                                                                    <ptk:rtd null="true"/>
                                                                                                                                 </ptk:WtPageName>
                                                                                                                              </ptk:target>
                                                                                                                              <ptk:title>
                                                                                                                                 <ptk:l>
                                                                                                                                    <ptk:t location="Target:231:11">سقطرى</ptk:t>
                                                                                                                                 </ptk:l>
                                                                                                                              </ptk:title>
                                                                                                                           </ptk:WtInternalLink>
                                                                                                                           <ptk:t location="Target:231:18"> </ptk:t>
                                                                                                                           <ptk:WtXmlElement>
                                                                                                                              <ptk:rtd>c3EAfgAjdXEAfgAnAAAAA3VxAH4AKQAAAAF0AAY8c21hbGx1cQB+ACkAAAABdAABPnVxAH4AKQAAAAF0AAg8L3NtYWxsPg==</ptk:rtd>
                                                                                                                              <ptk:name>small</ptk:name>
                                                                                                                              <ptk:xmlAttributes>
                                                                                                                                 <ptk:WtXmlAttributes-WtEmptyXmlAttributes/>
                                                                                                                              </ptk:xmlAttributes>
                                                                                                                              <ptk:body>
                                                                                                                                 <ptk:l>
                                                                                                                                    <ptk:t location="Target:231:26">(اليمن)</ptk:t>
                                                                                                                                 </ptk:l>
                                                                                                                              </ptk:body>
                                                                                                                           </ptk:WtXmlElement>
                                                                                                                           <ptk:WtXmlEntityRef location="Target:231:42">
                                                                                                                              <ptk:rtd>c3EAfgAjdXEAfgAnAAAAAXVxAH4AKQAAAAF0AAYmbmJzcDs=</ptk:rtd>
                                                                                                                              <ptk:name>nbsp</ptk:name>
                                                                                                                              <ptk:resolved> </ptk:resolved>
                                                                                                                           </ptk:WtXmlEntityRef>
                                                                                                                           <ptk:WtXmlElement>
                                                                                                                              <ptk:rtd>c3EAfgAjdXEAfgAnAAAAA3VxAH4AKQAAAAF0AAI8YnVxAH4AKQAAAAF0AAE+dXEAfgApAAAAAXQABDwvYj4=</ptk:rtd>
                                                                                                                              <ptk:name>b</ptk:name>
                                                                                                                              <ptk:xmlAttributes>
                                                                                                                                 <ptk:WtXmlAttributes-WtEmptyXmlAttributes/>
                                                                                                                              </ptk:xmlAttributes>
                                                                                                                              <ptk:body>
                                                                                                                                 <ptk:l>
                                                                                                                                    <ptk:t location="Target:231:50">·</ptk:t>
                                                                                                                                 </ptk:l>
                                                                                                                              </ptk:body>
                                                                                                                           </ptk:WtXmlElement>
                                                                                                                           <ptk:WtXmlEndTag location="Target:231:57">
                                                                                                                              <ptk:rtd>cQB+AHE=</ptk:rtd>
                                                                                                                              <ptk:name>span</ptk:name>
                                                                                                                           </ptk:WtXmlEndTag>
                                                                                                                           <ptk:t location="Target:231:62"> </ptk:t>
                                                                                                                           <ptk:WtXmlElement>
                                                                                                                              <ptk:rtd>c3EAfgAjdXEAfgAnAAAAA3VxAH4AKQAAAAF0AAU8c3BhbnVxAH4AKQAAAAF0AAE+cQB+ALo=</ptk:rtd>
                                                                                                                              <ptk:name>span</ptk:name>
                                                                                                                              <ptk:xmlAttributes>
                                                                                                                                 <ptk:l location="Target:231:68">
                                                                                                                                    <ptk:WtXmlAttribute location="Target:231:68">
                                                                                                                                       <ptk:rtd>c3EAfgAjdXEAfgAnAAAAAnVxAH4AKQAAAAF0AAggc3R5bGU9InVxAH4AKQAAAAF0AAEi</ptk:rtd>
                                                                                                                                       <ptk:name>style</ptk:name>
                                                                                                                                       <ptk:value>
                                                                                                                                          <ptk:l location="Target:231:76">
                                                                                                                                             <ptk:t location="Target:231:76">white-space:nowrap</ptk:t>
                                                                                                                                          </ptk:l>
                                                                                                                                       </ptk:value>
                                                                                                                                    </ptk:WtXmlAttribute>
                                                                                                                                 </ptk:l>
                                                                                                                              </ptk:xmlAttributes>
                                                                                                                              <ptk:body>
                                                                                                                                 <ptk:l>
                                                                                                                                    <ptk:t>
</ptk:t>
                                                                                                                                    <ptk:WtXmlEntityRef location="Target:232:2">
                                                                                                                                       <ptk:rtd>c3EAfgAjdXEAfgAnAAAAAXVxAH4AKQAAAAF0AAYmbmJzcDs=</ptk:rtd>
                                                                                                                                       <ptk:name>nbsp</ptk:name>
                                                                                                                                       <ptk:resolved> </ptk:resolved>
                                                                                                                                    </ptk:WtXmlEntityRef>
                                                                                                                                 </ptk:l>
                                                                                                                              </ptk:body>
                                                                                                                           </ptk:WtXmlElement>
                                                                                                                        </ptk:l>
                                                                                                                        <ptk:t>
</ptk:t>
                                                                                                                        <ptk:WtHorizontalRule>
                                                                                                                           <ptk:rtd>c3EAfgAjdXEAfgAnAAAAAXVxAH4AKQAAAAF0AAQtLS0t</ptk:rtd>
                                                                                                                        </ptk:WtHorizontalRule>
                                                                                                                        <ptk:t>
</ptk:t>
                                                                                                                        <ptk:l>
                                                                                                                           <ptk:t location="Target:234:1">This template name redirects to </ptk:t>
                                                                                                                           <ptk:WtXmlElement>
                                                                                                                              <ptk:rtd>c3EAfgAjdXEAfgAnAAAAA3VxAH4AKQAAAAF0AAM8dHR1cQB+ACkAAAABdAABPnVxAH4AKQAAAAF0AAU8L3R0Pg==</ptk:rtd>
                                                                                                                              <ptk:name>tt</ptk:name>
                                                                                                                              <ptk:xmlAttributes>
                                                                                                                                 <ptk:WtXmlAttributes-WtEmptyXmlAttributes/>
                                                                                                                              </ptk:xmlAttributes>
                                                                                                                              <ptk:body>
                                                                                                                                 <ptk:l>
                                                                                                                                    <ptk:EngNowiki location="Target:234:37">
                                                                                                                                       <ptk:content>{{</ptk:content>
                                                                                                                                       <ptk:rtd>c3EAfgAjdXEAfgAnAAAAAXVxAH4AKQAAAAF0ABM8bm93aWtpPnt7PC9ub3dpa2k+</ptk:rtd>
                                                                                                                                    </ptk:EngNowiki>
                                                                                                                                    <ptk:WtInternalLink>
                                                                                                                                       <ptk:rtd>c3EAfgAjdXEAfgAnAAAAA3VxAH4AKQAAAAFxAH4BVnEAfgC6dXEAfgApAAAAAXEAfgFY</ptk:rtd>
                                                                                                                                       <ptk:prefix/>
                                                                                                                                       <ptk:postfix/>
                                                                                                                                       <ptk:target>
                                                                                                                                          <ptk:WtPageName location="Target:234:43">
                                                                                                                                             <ptk:content>قالب:·wrap</ptk:content>
                                                                                                                                             <ptk:rtd null="true"/>
                                                                                                                                          </ptk:WtPageName>
                                                                                                                                       </ptk:target>
                                                                                                                                       <ptk:title>
                                                                                                                                          <ptk:l>
                                                                                                                                             <ptk:t location="Target:234:54">·wrap</ptk:t>
                                                                                                                                          </ptk:l>
                                                                                                                                       </ptk:title>
                                                                                                                                    </ptk:WtInternalLink>
                                                                                                                                    <ptk:EngNowiki location="Target:234:61">
                                                                                                                                       <ptk:content>}}</ptk:content>
                                                                                                                                       <ptk:rtd>c3EAfgAjdXEAfgAnAAAAAXVxAH4AKQAAAAF0ABM8bm93aWtpPn19PC9ub3dpa2k+</ptk:rtd>
                                                                                                                                    </ptk:EngNowiki>
                                                                                                                                 </ptk:l>
                                                                                                                              </ptk:body>
                                                                                                                           </ptk:WtXmlElement>
                                                                                                                           <ptk:t location="Target:234:70"> which may be edited using [</ptk:t>
                                                                                                                           <ptk:WtExternalLink>
                                                                                                                              <ptk:rtd>c3EAfgAjdXEAfgAnAAAAA3VxAH4AKQAAAAF0AAFbdXEAfgApAAAAAXQAASB1cQB+ACkAAAABdAABXQ==</ptk:rtd>
                                                                                                                              <ptk:target>
                                                                                                                                 <ptk:WtUrl location="Target:234:99">
                                                                                                                                    <ptk:rtd>c3EAfgAjdXEAfgAnAAAAAXVxAH4AKQAAAAF0AFdodHRwOi8vYXJ6Lndpa2lwZWRpYS5vcmcvd2lraS9UZW1wbGF0ZTolQzIlQjd3cmFwP3RpdGxlPVRlbXBsYXRlOiVDMiVCN3dyYXAmYWN0aW9uPWVkaXQ=</ptk:rtd>
                                                                                                                                    <ptk:protocol>http</ptk:protocol>
                                                                                                                                    <ptk:path>//arz.wikipedia.org/wiki/Template:%C2%B7wrap?title=Template:%C2%B7wrap&amp;action=edit</ptk:path>
                                                                                                                                 </ptk:WtUrl>
                                                                                                                              </ptk:target>
                                                                                                                              <ptk:title>
                                                                                                                                 <ptk:l>
                                                                                                                                    <ptk:t location="Target:234:187">edit</ptk:t>
                                                                                                                                 </ptk:l>
                                                                                                                              </ptk:title>
                                                                                                                           </ptk:WtExternalLink>
                                                                                                                           <ptk:t location="Target:234:192">].
</ptk:t>
                                                                                                                           <ptk:l>
                                                                                                                              <ptk:t location="Target:235:4">See also</ptk:t>
                                                                                                                           </ptk:l>
                                                                                                                        </ptk:l>
                                                                                                                        <ptk:t>
</ptk:t>
                                                                                                                        <ptk:l>
                                                                                                                           <ptk:l>
                                                                                                                              <ptk:WtInternalLink>
                                                                                                                                 <ptk:rtd>c3EAfgAjdXEAfgAnAAAAA3VxAH4AKQAAAAFxAH4BVnEAfgC6dXEAfgApAAAAAXEAfgFY</ptk:rtd>
                                                                                                                                 <ptk:prefix/>
                                                                                                                                 <ptk:postfix/>
                                                                                                                                 <ptk:target>
                                                                                                                                    <ptk:WtPageName location="Target:236:4">
                                                                                                                                       <ptk:content>:Category:Redirect templates</ptk:content>
                                                                                                                                       <ptk:rtd null="true"/>
                                                                                                                                    </ptk:WtPageName>
                                                                                                                                 </ptk:target>
                                                                                                                                 <ptk:title>
                                                                                                                                    <ptk:WtLinkTitle-WtNoLinkTitle/>
                                                                                                                                 </ptk:title>
                                                                                                                              </ptk:WtInternalLink>
                                                                                                                           </ptk:l>
                                                                                                                           <ptk:l>
                                                                                                                              <ptk:WtInternalLink>
                                                                                                                                 <ptk:rtd>c3EAfgAjdXEAfgAnAAAAA3VxAH4AKQAAAAFxAH4BVnEAfgC6dXEAfgApAAAAAXEAfgFY</ptk:rtd>
                                                                                                                                 <ptk:prefix/>
                                                                                                                                 <ptk:postfix/>
                                                                                                                                 <ptk:target>
                                                                                                                                    <ptk:WtPageName location="Target:237:4">
                                                                                                                                       <ptk:content>:Category:Redirects from other templates</ptk:content>
                                                                                                                                       <ptk:rtd null="true"/>
                                                                                                                                    </ptk:WtPageName>
                                                                                                                                 </ptk:target>
                                                                                                                                 <ptk:title>
                                                                                                                                    <ptk:WtLinkTitle-WtNoLinkTitle/>
                                                                                                                                 </ptk:title>
                                                                                                                              </ptk:WtInternalLink>
                                                                                                                           </ptk:l>
                                                                                                                           <ptk:l>
                                                                                                                              <ptk:WtInternalLink>
                                                                                                                                 <ptk:rtd>c3EAfgAjdXEAfgAnAAAAA3VxAH4AKQAAAAFxAH4BVnEAfgC6dXEAfgApAAAAAXEAfgFY</ptk:rtd>
                                                                                                                                 <ptk:prefix/>
                                                                                                                                 <ptk:postfix/>
                                                                                                                                 <ptk:target>
                                                                                                                                    <ptk:WtPageName location="Target:238:4">
                                                                                                                                       <ptk:content>Wikipedia:Redirects</ptk:content>
                                                                                                                                       <ptk:rtd null="true"/>
                                                                                                                                    </ptk:WtPageName>
                                                                                                                                 </ptk:target>
                                                                                                                                 <ptk:title>
                                                                                                                                    <ptk:WtLinkTitle-WtNoLinkTitle/>
                                                                                                                                 </ptk:title>
                                                                                                                              </ptk:WtInternalLink>
                                                                                                                           </ptk:l>
                                                                                                                           <ptk:l>
                                                                                                                              <ptk:WtInternalLink>
                                                                                                                                 <ptk:rtd>c3EAfgAjdXEAfgAnAAAAA3VxAH4AKQAAAAFxAH4BVnEAfgC6dXEAfgApAAAAAXEAfgFY</ptk:rtd>
                                                                                                                                 <ptk:prefix/>
                                                                                                                                 <ptk:postfix/>
                                                                                                                                 <ptk:target>
                                                                                                                                    <ptk:WtPageName location="Target:239:4">
                                                                                                                                       <ptk:content>Wikipedia:Template messages/Redirect pages</ptk:content>
                                                                                                                                       <ptk:rtd null="true"/>
                                                                                                                                    </ptk:WtPageName>
                                                                                                                                 </ptk:target>
                                                                                                                                 <ptk:title>
                                                                                                                                    <ptk:WtLinkTitle-WtNoLinkTitle/>
                                                                                                                                 </ptk:title>
                                                                                                                              </ptk:WtInternalLink>
                                                                                                                              <ptk:WtInternalLink>
                                                                                                                                 <ptk:rtd>c3EAfgAjdXEAfgAnAAAAA3VxAH4AKQAAAAFxAH4BVnEAfgC6dXEAfgApAAAAAXEAfgFY</ptk:rtd>
                                                                                                                                 <ptk:prefix/>
                                                                                                                                 <ptk:postfix/>
                                                                                                                                 <ptk:target>
                                                                                                                                    <ptk:WtPageName location="Target:239:50">
                                                                                                                                       <ptk:content>Category:Redirects from other templates</ptk:content>
                                                                                                                                       <ptk:rtd null="true"/>
                                                                                                                                    </ptk:WtPageName>
                                                                                                                                 </ptk:target>
                                                                                                                                 <ptk:title>
                                                                                                                                    <ptk:l>
                                                                                                                                       <ptk:t location="Target:239:90">Target</ptk:t>
                                                                                                                                    </ptk:l>
                                                                                                                                 </ptk:title>
                                                                                                                              </ptk:WtInternalLink>
                                                                                                                           </ptk:l>
                                                                                                                        </ptk:l>
                                                                                                                        <ptk:t>
</ptk:t>
                                                                                                                        <ptk:l>
                                                                                                                           <ptk:l>
                                                                                                                              <ptk:WtInternalLink>
                                                                                                                                 <ptk:rtd>c3EAfgAjdXEAfgAnAAAAA3VxAH4AKQAAAAFxAH4BVnEAfgC6dXEAfgApAAAAAXEAfgFY</ptk:rtd>
                                                                                                                                 <ptk:prefix/>
                                                                                                                                 <ptk:postfix/>
                                                                                                                                 <ptk:target>
                                                                                                                                    <ptk:WtPageName location="Target:240:5">
                                                                                                                                       <ptk:content> أرض الصومال </ptk:content>
                                                                                                                                       <ptk:rtd null="true"/>
                                                                                                                                    </ptk:WtPageName>
                                                                                                                                 </ptk:target>
                                                                                                                                 <ptk:title>
                                                                                                                                    <ptk:l>
                                                                                                                                       <ptk:t location="Target:240:19">أرض الصومال</ptk:t>
                                                                                                                                    </ptk:l>
                                                                                                                                 </ptk:title>
                                                                                                                              </ptk:WtInternalLink>
                                                                                                                           </ptk:l>
                                                                                                                           <ptk:WtXmlEntityRef location="Target:240:35">
                                                                                                                              <ptk:rtd>c3EAfgAjdXEAfgAnAAAAAXVxAH4AKQAAAAF0AAYmbmJzcDs=</ptk:rtd>
                                                                                                                              <ptk:name>nbsp</ptk:name>
                                                                                                                              <ptk:resolved> </ptk:resolved>
                                                                                                                           </ptk:WtXmlEntityRef>
                                                                                                                           <ptk:WtXmlElement>
                                                                                                                              <ptk:rtd>c3EAfgAjdXEAfgAnAAAAA3VxAH4AKQAAAAF0AAI8YnVxAH4AKQAAAAF0AAE+dXEAfgApAAAAAXQABDwvYj4=</ptk:rtd>
                                                                                                                              <ptk:name>b</ptk:name>
                                                                                                                              <ptk:xmlAttributes>
                                                                                                                                 <ptk:WtXmlAttributes-WtEmptyXmlAttributes/>
                                                                                                                              </ptk:xmlAttributes>
                                                                                                                              <ptk:body>
                                                                                                                                 <ptk:l>
                                                                                                                                    <ptk:t location="Target:240:43">·</ptk:t>
                                                                                                                                 </ptk:l>
                                                                                                                              </ptk:body>
                                                                                                                           </ptk:WtXmlElement>
                                                                                                                           <ptk:WtXmlEndTag location="Target:240:50">
                                                                                                                              <ptk:rtd>cQB+AII=</ptk:rtd>
                                                                                                                              <ptk:name>span</ptk:name>
                                                                                                                           </ptk:WtXmlEndTag>
                                                                                                                           <ptk:t location="Target:240:55"> </ptk:t>
                                                                                                                           <ptk:WtXmlElement>
                                                                                                                              <ptk:rtd>c3EAfgAjdXEAfgAnAAAAA3VxAH4AKQAAAAF0AAU8c3BhbnVxAH4AKQAAAAF0AAE+cQB+ALo=</ptk:rtd>
                                                                                                                              <ptk:name>span</ptk:name>
                                                                                                                              <ptk:xmlAttributes>
                                                                                                                                 <ptk:l location="Target:240:61">
                                                                                                                                    <ptk:WtXmlAttribute location="Target:240:61">
                                                                                                                                       <ptk:rtd>c3EAfgAjdXEAfgAnAAAAAnVxAH4AKQAAAAF0AAggc3R5bGU9InVxAH4AKQAAAAF0AAEi</ptk:rtd>
                                                                                                                                       <ptk:name>style</ptk:name>
                                                                                                                                       <ptk:value>
                                                                                                                                          <ptk:l location="Target:240:69">
                                                                                                                                             <ptk:t location="Target:240:69">white-space:nowrap</ptk:t>
                                                                                                                                          </ptk:l>
                                                                                                                                       </ptk:value>
                                                                                                                                    </ptk:WtXmlAttribute>
                                                                                                                                 </ptk:l>
                                                                                                                              </ptk:xmlAttributes>
                                                                                                                              <ptk:body>
                                                                                                                                 <ptk:l>
                                                                                                                                    <ptk:t>
</ptk:t>
                                                                                                                                    <ptk:WtXmlEntityRef location="Target:241:2">
                                                                                                                                       <ptk:rtd>c3EAfgAjdXEAfgAnAAAAAXVxAH4AKQAAAAF0AAYmbmJzcDs=</ptk:rtd>
                                                                                                                                       <ptk:name>nbsp</ptk:name>
                                                                                                                                       <ptk:resolved> </ptk:resolved>
                                                                                                                                    </ptk:WtXmlEntityRef>
                                                                                                                                 </ptk:l>
                                                                                                                              </ptk:body>
                                                                                                                           </ptk:WtXmlElement>
                                                                                                                        </ptk:l>
                                                                                                                        <ptk:t>
</ptk:t>
                                                                                                                        <ptk:WtHorizontalRule>
                                                                                                                           <ptk:rtd>c3EAfgAjdXEAfgAnAAAAAXVxAH4AKQAAAAF0AAQtLS0t</ptk:rtd>
                                                                                                                        </ptk:WtHorizontalRule>
                                                                                                                        <ptk:t>
</ptk:t>
                                                                                                                        <ptk:l>
                                                                                                                           <ptk:t location="Target:243:1">This template name redirects to </ptk:t>
                                                                                                                           <ptk:WtXmlElement>
                                                                                                                              <ptk:rtd>c3EAfgAjdXEAfgAnAAAAA3VxAH4AKQAAAAF0AAM8dHR1cQB+ACkAAAABdAABPnVxAH4AKQAAAAF0AAU8L3R0Pg==</ptk:rtd>
                                                                                                                              <ptk:name>tt</ptk:name>
                                                                                                                              <ptk:xmlAttributes>
                                                                                                                                 <ptk:WtXmlAttributes-WtEmptyXmlAttributes/>
                                                                                                                              </ptk:xmlAttributes>
                                                                                                                              <ptk:body>
                                                                                                                                 <ptk:l>
                                                                                                                                    <ptk:EngNowiki location="Target:243:37">
                                                                                                                                       <ptk:content>{{</ptk:content>
                                                                                                                                       <ptk:rtd>c3EAfgAjdXEAfgAnAAAAAXVxAH4AKQAAAAF0ABM8bm93aWtpPnt7PC9ub3dpa2k+</ptk:rtd>
                                                                                                                                    </ptk:EngNowiki>
                                                                                                                                    <ptk:WtInternalLink>
                                                                                                                                       <ptk:rtd>c3EAfgAjdXEAfgAnAAAAA3VxAH4AKQAAAAFxAH4BVnEAfgC6dXEAfgApAAAAAXEAfgFY</ptk:rtd>
                                                                                                                                       <ptk:prefix/>
                                                                                                                                       <ptk:postfix/>
                                                                                                                                       <ptk:target>
                                                                                                                                          <ptk:WtPageName location="Target:243:43">
                                                                                                                                             <ptk:content>قالب:·wrap</ptk:content>
                                                                                                                                             <ptk:rtd null="true"/>
                                                                                                                                          </ptk:WtPageName>
                                                                                                                                       </ptk:target>
                                                                                                                                       <ptk:title>
                                                                                                                                          <ptk:l>
                                                                                                                                             <ptk:t location="Target:243:54">·wrap</ptk:t>
                                                                                                                                          </ptk:l>
                                                                                                                                       </ptk:title>
                                                                                                                                    </ptk:WtInternalLink>
                                                                                                                                    <ptk:EngNowiki location="Target:243:61">
                                                                                                                                       <ptk:content>}}</ptk:content>
                                                                                                                                       <ptk:rtd>c3EAfgAjdXEAfgAnAAAAAXVxAH4AKQAAAAF0ABM8bm93aWtpPn19PC9ub3dpa2k+</ptk:rtd>
                                                                                                                                    </ptk:EngNowiki>
                                                                                                                                 </ptk:l>
                                                                                                                              </ptk:body>
                                                                                                                           </ptk:WtXmlElement>
                                                                                                                           <ptk:t location="Target:243:70"> which may be edited using [</ptk:t>
                                                                                                                           <ptk:WtExternalLink>
                                                                                                                              <ptk:rtd>c3EAfgAjdXEAfgAnAAAAA3VxAH4AKQAAAAF0AAFbdXEAfgApAAAAAXQAASB1cQB+ACkAAAABdAABXQ==</ptk:rtd>
                                                                                                                              <ptk:target>
                                                                                                                                 <ptk:WtUrl location="Target:243:99">
                                                                                                                                    <ptk:rtd>c3EAfgAjdXEAfgAnAAAAAXVxAH4AKQAAAAF0AFdodHRwOi8vYXJ6Lndpa2lwZWRpYS5vcmcvd2lraS9UZW1wbGF0ZTolQzIlQjd3cmFwP3RpdGxlPVRlbXBsYXRlOiVDMiVCN3dyYXAmYWN0aW9uPWVkaXQ=</ptk:rtd>
                                                                                                                                    <ptk:protocol>http</ptk:protocol>
                                                                                                                                    <ptk:path>//arz.wikipedia.org/wiki/Template:%C2%B7wrap?title=Template:%C2%B7wrap&amp;action=edit</ptk:path>
                                                                                                                                 </ptk:WtUrl>
                                                                                                                              </ptk:target>
                                                                                                                              <ptk:title>
                                                                                                                                 <ptk:l>
                                                                                                                                    <ptk:t location="Target:243:187">edit</ptk:t>
                                                                                                                                 </ptk:l>
                                                                                                                              </ptk:title>
                                                                                                                           </ptk:WtExternalLink>
                                                                                                                           <ptk:t location="Target:243:192">].
</ptk:t>
                                                                                                                           <ptk:l>
                                                                                                                              <ptk:t location="Target:244:4">See also</ptk:t>
                                                                                                                           </ptk:l>
                                                                                                                        </ptk:l>
                                                                                                                        <ptk:t>
</ptk:t>
                                                                                                                        <ptk:l>
                                                                                                                           <ptk:l>
                                                                                                                              <ptk:WtInternalLink>
                                                                                                                                 <ptk:rtd>c3EAfgAjdXEAfgAnAAAAA3VxAH4AKQAAAAFxAH4BVnEAfgC6dXEAfgApAAAAAXEAfgFY</ptk:rtd>
                                                                                                                                 <ptk:prefix/>
                                                                                                                                 <ptk:postfix/>
                                                                                                                                 <ptk:target>
                                                                                                                                    <ptk:WtPageName location="Target:245:4">
                                                                                                                                       <ptk:content>:Category:Redirect templates</ptk:content>
                                                                                                                                       <ptk:rtd null="true"/>
                                                                                                                                    </ptk:WtPageName>
                                                                                                                                 </ptk:target>
                                                                                                                                 <ptk:title>
                                                                                                                                    <ptk:WtLinkTitle-WtNoLinkTitle/>
                                                                                                                                 </ptk:title>
                                                                                                                              </ptk:WtInternalLink>
                                                                                                                           </ptk:l>
                                                                                                                           <ptk:l>
                                                                                                                              <ptk:WtInternalLink>
                                                                                                                                 <ptk:rtd>c3EAfgAjdXEAfgAnAAAAA3VxAH4AKQAAAAFxAH4BVnEAfgC6dXEAfgApAAAAAXEAfgFY</ptk:rtd>
                                                                                                                                 <ptk:prefix/>
                                                                                                                                 <ptk:postfix/>
                                                                                                                                 <ptk:target>
                                                                                                                                    <ptk:WtPageName location="Target:246:4">
                                                                                                                                       <ptk:content>:Category:Redirects from other templates</ptk:content>
                                                                                                                                       <ptk:rtd null="true"/>
                                                                                                                                    </ptk:WtPageName>
                                                                                                                                 </ptk:target>
                                                                                                                                 <ptk:title>
                                                                                                                                    <ptk:WtLinkTitle-WtNoLinkTitle/>
                                                                                                                                 </ptk:title>
                                                                                                                              </ptk:WtInternalLink>
                                                                                                                           </ptk:l>
                                                                                                                           <ptk:l>
                                                                                                                              <ptk:WtInternalLink>
                                                                                                                                 <ptk:rtd>c3EAfgAjdXEAfgAnAAAAA3VxAH4AKQAAAAFxAH4BVnEAfgC6dXEAfgApAAAAAXEAfgFY</ptk:rtd>
                                                                                                                                 <ptk:prefix/>
                                                                                                                                 <ptk:postfix/>
                                                                                                                                 <ptk:target>
                                                                                                                                    <ptk:WtPageName location="Target:247:4">
                                                                                                                                       <ptk:content>Wikipedia:Redirects</ptk:content>
                                                                                                                                       <ptk:rtd null="true"/>
                                                                                                                                    </ptk:WtPageName>
                                                                                                                                 </ptk:target>
                                                                                                                                 <ptk:title>
                                                                                                                                    <ptk:WtLinkTitle-WtNoLinkTitle/>
                                                                                                                                 </ptk:title>
                                                                                                                              </ptk:WtInternalLink>
                                                                                                                           </ptk:l>
                                                                                                                           <ptk:l>
                                                                                                                              <ptk:WtInternalLink>
                                                                                                                                 <ptk:rtd>c3EAfgAjdXEAfgAnAAAAA3VxAH4AKQAAAAFxAH4BVnEAfgC6dXEAfgApAAAAAXEAfgFY</ptk:rtd>
                                                                                                                                 <ptk:prefix/>
                                                                                                                                 <ptk:postfix/>
                                                                                                                                 <ptk:target>
                                                                                                                                    <ptk:WtPageName location="Target:248:4">
                                                                                                                                       <ptk:content>Wikipedia:Template messages/Redirect pages</ptk:content>
                                                                                                                                       <ptk:rtd null="true"/>
                                                                                                                                    </ptk:WtPageName>
                                                                                                                                 </ptk:target>
                                                                                                                                 <ptk:title>
                                                                                                                                    <ptk:WtLinkTitle-WtNoLinkTitle/>
                                                                                                                                 </ptk:title>
                                                                                                                              </ptk:WtInternalLink>
                                                                                                                              <ptk:WtInternalLink>
                                                                                                                                 <ptk:rtd>c3EAfgAjdXEAfgAnAAAAA3VxAH4AKQAAAAFxAH4BVnEAfgC6dXEAfgApAAAAAXEAfgFY</ptk:rtd>
                                                                                                                                 <ptk:prefix/>
                                                                                                                                 <ptk:postfix/>
                                                                                                                                 <ptk:target>
                                                                                                                                    <ptk:WtPageName location="Target:248:50">
                                                                                                                                       <ptk:content>Category:Redirects from other templates</ptk:content>
                                                                                                                                       <ptk:rtd null="true"/>
                                                                                                                                    </ptk:WtPageName>
                                                                                                                                 </ptk:target>
                                                                                                                                 <ptk:title>
                                                                                                                                    <ptk:l>
                                                                                                                                       <ptk:t location="Target:248:90">Target</ptk:t>
                                                                                                                                    </ptk:l>
                                                                                                                                 </ptk:title>
                                                                                                                              </ptk:WtInternalLink>
                                                                                                                           </ptk:l>
                                                                                                                        </ptk:l>
                                                                                                                        <ptk:t>
</ptk:t>
                                                                                                                        <ptk:l>
                                                                                                                           <ptk:l>
                                                                                                                              <ptk:WtInternalLink>
                                                                                                                                 <ptk:rtd>c3EAfgAjdXEAfgAnAAAAA3VxAH4AKQAAAAFxAH4BVnEAfgC6dXEAfgApAAAAAXEAfgFY</ptk:rtd>
                                                                                                                                 <ptk:prefix/>
                                                                                                                                 <ptk:postfix/>
                                                                                                                                 <ptk:target>
                                                                                                                                    <ptk:WtPageName location="Target:249:5">
                                                                                                                                       <ptk:content> الصحرا الغربيه </ptk:content>
                                                                                                                                       <ptk:rtd null="true"/>
                                                                                                                                    </ptk:WtPageName>
                                                                                                                                 </ptk:target>
                                                                                                                                 <ptk:title>
                                                                                                                                    <ptk:l>
                                                                                                                                       <ptk:t location="Target:249:22">الصحراء الغربية</ptk:t>
                                                                                                                                    </ptk:l>
                                                                                                                                 </ptk:title>
                                                                                                                              </ptk:WtInternalLink>
                                                                                                                           </ptk:l>
                                                                                                                           <ptk:WtXmlEntityRef location="Target:249:42">
                                                                                                                              <ptk:rtd>c3EAfgAjdXEAfgAnAAAAAXVxAH4AKQAAAAF0AAYmbmJzcDs=</ptk:rtd>
                                                                                                                              <ptk:name>nbsp</ptk:name>
                                                                                                                              <ptk:resolved> </ptk:resolved>
                                                                                                                           </ptk:WtXmlEntityRef>
                                                                                                                           <ptk:WtXmlElement>
                                                                                                                              <ptk:rtd>c3EAfgAjdXEAfgAnAAAAA3VxAH4AKQAAAAF0AAI8YnVxAH4AKQAAAAF0AAE+dXEAfgApAAAAAXQABDwvYj4=</ptk:rtd>
                                                                                                                              <ptk:name>b</ptk:name>
                                                                                                                              <ptk:xmlAttributes>
                                                                                                                                 <ptk:WtXmlAttributes-WtEmptyXmlAttributes/>
                                                                                                                              </ptk:xmlAttributes>
                                                                                                                              <ptk:body>
                                                                                                                                 <ptk:l>
                                                                                                                                    <ptk:t location="Target:249:50">·</ptk:t>
                                                                                                                                 </ptk:l>
                                                                                                                              </ptk:body>
                                                                                                                           </ptk:WtXmlElement>
                                                                                                                           <ptk:WtXmlEndTag location="Target:249:57">
                                                                                                                              <ptk:rtd>cQB+AJM=</ptk:rtd>
                                                                                                                              <ptk:name>span</ptk:name>
                                                                                                                           </ptk:WtXmlEndTag>
                                                                                                                           <ptk:t location="Target:249:62"> </ptk:t>
                                                                                                                           <ptk:WtXmlElement>
                                                                                                                              <ptk:rtd>c3EAfgAjdXEAfgAnAAAAA3VxAH4AKQAAAAF0AAU8c3BhbnVxAH4AKQAAAAF0AAE+cQB+ALo=</ptk:rtd>
                                                                                                                              <ptk:name>span</ptk:name>
                                                                                                                              <ptk:xmlAttributes>
                                                                                                                                 <ptk:l location="Target:249:68">
                                                                                                                                    <ptk:WtXmlAttribute location="Target:249:68">
                                                                                                                                       <ptk:rtd>c3EAfgAjdXEAfgAnAAAAAnVxAH4AKQAAAAF0AAggc3R5bGU9InVxAH4AKQAAAAF0AAEi</ptk:rtd>
                                                                                                                                       <ptk:name>style</ptk:name>
                                                                                                                                       <ptk:value>
                                                                                                                                          <ptk:l location="Target:249:76">
                                                                                                                                             <ptk:t location="Target:249:76">white-space:nowrap</ptk:t>
                                                                                                                                          </ptk:l>
                                                                                                                                       </ptk:value>
                                                                                                                                    </ptk:WtXmlAttribute>
                                                                                                                                 </ptk:l>
                                                                                                                              </ptk:xmlAttributes>
                                                                                                                              <ptk:body>
                                                                                                                                 <ptk:l>
                                                                                                                                    <ptk:t>
</ptk:t>
                                                                                                                                    <ptk:WtXmlEntityRef location="Target:250:2">
                                                                                                                                       <ptk:rtd>c3EAfgAjdXEAfgAnAAAAAXVxAH4AKQAAAAF0AAYmbmJzcDs=</ptk:rtd>
                                                                                                                                       <ptk:name>nbsp</ptk:name>
                                                                                                                                       <ptk:resolved> </ptk:resolved>
                                                                                                                                    </ptk:WtXmlEntityRef>
                                                                                                                                 </ptk:l>
                                                                                                                              </ptk:body>
                                                                                                                           </ptk:WtXmlElement>
                                                                                                                        </ptk:l>
                                                                                                                        <ptk:t>
</ptk:t>
                                                                                                                        <ptk:WtHorizontalRule>
                                                                                                                           <ptk:rtd>c3EAfgAjdXEAfgAnAAAAAXVxAH4AKQAAAAF0AAQtLS0t</ptk:rtd>
                                                                                                                        </ptk:WtHorizontalRule>
                                                                                                                        <ptk:t>
</ptk:t>
                                                                                                                        <ptk:l>
                                                                                                                           <ptk:t location="Target:252:1">This template name redirects to </ptk:t>
                                                                                                                           <ptk:WtXmlElement>
                                                                                                                              <ptk:rtd>c3EAfgAjdXEAfgAnAAAAA3VxAH4AKQAAAAF0AAM8dHR1cQB+ACkAAAABdAABPnVxAH4AKQAAAAF0AAU8L3R0Pg==</ptk:rtd>
                                                                                                                              <ptk:name>tt</ptk:name>
                                                                                                                              <ptk:xmlAttributes>
                                                                                                                                 <ptk:WtXmlAttributes-WtEmptyXmlAttributes/>
                                                                                                                              </ptk:xmlAttributes>
                                                                                                                              <ptk:body>
                                                                                                                                 <ptk:l>
                                                                                                                                    <ptk:EngNowiki location="Target:252:37">
                                                                                                                                       <ptk:content>{{</ptk:content>
                                                                                                                                       <ptk:rtd>c3EAfgAjdXEAfgAnAAAAAXVxAH4AKQAAAAF0ABM8bm93aWtpPnt7PC9ub3dpa2k+</ptk:rtd>
                                                                                                                                    </ptk:EngNowiki>
                                                                                                                                    <ptk:WtInternalLink>
                                                                                                                                       <ptk:rtd>c3EAfgAjdXEAfgAnAAAAA3VxAH4AKQAAAAFxAH4BVnEAfgC6dXEAfgApAAAAAXEAfgFY</ptk:rtd>
                                                                                                                                       <ptk:prefix/>
                                                                                                                                       <ptk:postfix/>
                                                                                                                                       <ptk:target>
                                                                                                                                          <ptk:WtPageName location="Target:252:43">
                                                                                                                                             <ptk:content>قالب:·wrap</ptk:content>
                                                                                                                                             <ptk:rtd null="true"/>
                                                                                                                                          </ptk:WtPageName>
                                                                                                                                       </ptk:target>
                                                                                                                                       <ptk:title>
                                                                                                                                          <ptk:l>
                                                                                                                                             <ptk:t location="Target:252:54">·wrap</ptk:t>
                                                                                                                                          </ptk:l>
                                                                                                                                       </ptk:title>
                                                                                                                                    </ptk:WtInternalLink>
                                                                                                                                    <ptk:EngNowiki location="Target:252:61">
                                                                                                                                       <ptk:content>}}</ptk:content>
                                                                                                                                       <ptk:rtd>c3EAfgAjdXEAfgAnAAAAAXVxAH4AKQAAAAF0ABM8bm93aWtpPn19PC9ub3dpa2k+</ptk:rtd>
                                                                                                                                    </ptk:EngNowiki>
                                                                                                                                 </ptk:l>
                                                                                                                              </ptk:body>
                                                                                                                           </ptk:WtXmlElement>
                                                                                                                           <ptk:t location="Target:252:70"> which may be edited using [</ptk:t>
                                                                                                                           <ptk:WtExternalLink>
                                                                                                                              <ptk:rtd>c3EAfgAjdXEAfgAnAAAAA3VxAH4AKQAAAAF0AAFbdXEAfgApAAAAAXQAASB1cQB+ACkAAAABdAABXQ==</ptk:rtd>
                                                                                                                              <ptk:target>
                                                                                                                                 <ptk:WtUrl location="Target:252:99">
                                                                                                                                    <ptk:rtd>c3EAfgAjdXEAfgAnAAAAAXVxAH4AKQAAAAF0AFdodHRwOi8vYXJ6Lndpa2lwZWRpYS5vcmcvd2lraS9UZW1wbGF0ZTolQzIlQjd3cmFwP3RpdGxlPVRlbXBsYXRlOiVDMiVCN3dyYXAmYWN0aW9uPWVkaXQ=</ptk:rtd>
                                                                                                                                    <ptk:protocol>http</ptk:protocol>
                                                                                                                                    <ptk:path>//arz.wikipedia.org/wiki/Template:%C2%B7wrap?title=Template:%C2%B7wrap&amp;action=edit</ptk:path>
                                                                                                                                 </ptk:WtUrl>
                                                                                                                              </ptk:target>
                                                                                                                              <ptk:title>
                                                                                                                                 <ptk:l>
                                                                                                                                    <ptk:t location="Target:252:187">edit</ptk:t>
                                                                                                                                 </ptk:l>
                                                                                                                              </ptk:title>
                                                                                                                           </ptk:WtExternalLink>
                                                                                                                           <ptk:t location="Target:252:192">].
</ptk:t>
                                                                                                                           <ptk:l>
                                                                                                                              <ptk:t location="Target:253:4">See also</ptk:t>
                                                                                                                           </ptk:l>
                                                                                                                        </ptk:l>
                                                                                                                        <ptk:t>
</ptk:t>
                                                                                                                        <ptk:l>
                                                                                                                           <ptk:l>
                                                                                                                              <ptk:WtInternalLink>
                                                                                                                                 <ptk:rtd>c3EAfgAjdXEAfgAnAAAAA3VxAH4AKQAAAAFxAH4BVnEAfgC6dXEAfgApAAAAAXEAfgFY</ptk:rtd>
                                                                                                                                 <ptk:prefix/>
                                                                                                                                 <ptk:postfix/>
                                                                                                                                 <ptk:target>
                                                                                                                                    <ptk:WtPageName location="Target:254:4">
                                                                                                                                       <ptk:content>:Category:Redirect templates</ptk:content>
                                                                                                                                       <ptk:rtd null="true"/>
                                                                                                                                    </ptk:WtPageName>
                                                                                                                                 </ptk:target>
                                                                                                                                 <ptk:title>
                                                                                                                                    <ptk:WtLinkTitle-WtNoLinkTitle/>
                                                                                                                                 </ptk:title>
                                                                                                                              </ptk:WtInternalLink>
                                                                                                                           </ptk:l>
                                                                                                                           <ptk:l>
                                                                                                                              <ptk:WtInternalLink>
                                                                                                                                 <ptk:rtd>c3EAfgAjdXEAfgAnAAAAA3VxAH4AKQAAAAFxAH4BVnEAfgC6dXEAfgApAAAAAXEAfgFY</ptk:rtd>
                                                                                                                                 <ptk:prefix/>
                                                                                                                                 <ptk:postfix/>
                                                                                                                                 <ptk:target>
                                                                                                                                    <ptk:WtPageName location="Target:255:4">
                                                                                                                                       <ptk:content>:Category:Redirects from other templates</ptk:content>
                                                                                                                                       <ptk:rtd null="true"/>
                                                                                                                                    </ptk:WtPageName>
                                                                                                                                 </ptk:target>
                                                                                                                                 <ptk:title>
                                                                                                                                    <ptk:WtLinkTitle-WtNoLinkTitle/>
                                                                                                                                 </ptk:title>
                                                                                                                              </ptk:WtInternalLink>
                                                                                                                           </ptk:l>
                                                                                                                           <ptk:l>
                                                                                                                              <ptk:WtInternalLink>
                                                                                                                                 <ptk:rtd>c3EAfgAjdXEAfgAnAAAAA3VxAH4AKQAAAAFxAH4BVnEAfgC6dXEAfgApAAAAAXEAfgFY</ptk:rtd>
                                                                                                                                 <ptk:prefix/>
                                                                                                                                 <ptk:postfix/>
                                                                                                                                 <ptk:target>
                                                                                                                                    <ptk:WtPageName location="Target:256:4">
                                                                                                                                       <ptk:content>Wikipedia:Redirects</ptk:content>
                                                                                                                                       <ptk:rtd null="true"/>
                                                                                                                                    </ptk:WtPageName>
                                                                                                                                 </ptk:target>
                                                                                                                                 <ptk:title>
                                                                                                                                    <ptk:WtLinkTitle-WtNoLinkTitle/>
                                                                                                                                 </ptk:title>
                                                                                                                              </ptk:WtInternalLink>
                                                                                                                           </ptk:l>
                                                                                                                           <ptk:l>
                                                                                                                              <ptk:WtInternalLink>
                                                                                                                                 <ptk:rtd>c3EAfgAjdXEAfgAnAAAAA3VxAH4AKQAAAAFxAH4BVnEAfgC6dXEAfgApAAAAAXEAfgFY</ptk:rtd>
                                                                                                                                 <ptk:prefix/>
                                                                                                                                 <ptk:postfix/>
                                                                                                                                 <ptk:target>
                                                                                                                                    <ptk:WtPageName location="Target:257:4">
                                                                                                                                       <ptk:content>Wikipedia:Template messages/Redirect pages</ptk:content>
                                                                                                                                       <ptk:rtd null="true"/>
                                                                                                                                    </ptk:WtPageName>
                                                                                                                                 </ptk:target>
                                                                                                                                 <ptk:title>
                                                                                                                                    <ptk:WtLinkTitle-WtNoLinkTitle/>
                                                                                                                                 </ptk:title>
                                                                                                                              </ptk:WtInternalLink>
                                                                                                                              <ptk:WtInternalLink>
                                                                                                                                 <ptk:rtd>c3EAfgAjdXEAfgAnAAAAA3VxAH4AKQAAAAFxAH4BVnEAfgC6dXEAfgApAAAAAXEAfgFY</ptk:rtd>
                                                                                                                                 <ptk:prefix/>
                                                                                                                                 <ptk:postfix/>
                                                                                                                                 <ptk:target>
                                                                                                                                    <ptk:WtPageName location="Target:257:50">
                                                                                                                                       <ptk:content>Category:Redirects from other templates</ptk:content>
                                                                                                                                       <ptk:rtd null="true"/>
                                                                                                                                    </ptk:WtPageName>
                                                                                                                                 </ptk:target>
                                                                                                                                 <ptk:title>
                                                                                                                                    <ptk:l>
                                                                                                                                       <ptk:t location="Target:257:90">Target</ptk:t>
                                                                                                                                    </ptk:l>
                                                                                                                                 </ptk:title>
                                                                                                                              </ptk:WtInternalLink>
                                                                                                                           </ptk:l>
                                                                                                                        </ptk:l>
                                                                                                                        <ptk:t>
</ptk:t>
                                                                                                                        <ptk:l>
                                                                                                                           <ptk:WtInternalLink>
                                                                                                                              <ptk:rtd>c3EAfgAjdXEAfgAnAAAAA3VxAH4AKQAAAAFxAH4BVnEAfgC6dXEAfgApAAAAAXEAfgFY</ptk:rtd>
                                                                                                                              <ptk:prefix/>
                                                                                                                              <ptk:postfix/>
                                                                                                                              <ptk:target>
                                                                                                                                 <ptk:WtPageName location="Target:258:3">
                                                                                                                                    <ptk:content> زنجبار </ptk:content>
                                                                                                                                    <ptk:rtd null="true"/>
                                                                                                                                 </ptk:WtPageName>
                                                                                                                              </ptk:target>
                                                                                                                              <ptk:title>
                                                                                                                                 <ptk:l>
                                                                                                                                    <ptk:t location="Target:258:12">زنجبار</ptk:t>
                                                                                                                                 </ptk:l>
                                                                                                                              </ptk:title>
                                                                                                                           </ptk:WtInternalLink>
                                                                                                                           <ptk:t location="Target:258:20"> </ptk:t>
                                                                                                                           <ptk:WtXmlElement>
                                                                                                                              <ptk:rtd>c3EAfgAjdXEAfgAnAAAAA3VxAH4AKQAAAAF0AAY8c21hbGx1cQB+ACkAAAABdAABPnVxAH4AKQAAAAF0AAg8L3NtYWxsPg==</ptk:rtd>
                                                                                                                              <ptk:name>small</ptk:name>
                                                                                                                              <ptk:xmlAttributes>
                                                                                                                                 <ptk:WtXmlAttributes-WtEmptyXmlAttributes/>
                                                                                                                              </ptk:xmlAttributes>
                                                                                                                              <ptk:body>
                                                                                                                                 <ptk:l>
                                                                                                                                    <ptk:t location="Target:258:28">(تنزانيا)</ptk:t>
                                                                                                                                 </ptk:l>
                                                                                                                              </ptk:body>
                                                                                                                           </ptk:WtXmlElement>
                                                                                                                           <ptk:t>
</ptk:t>
                                                                                                                           <ptk:WtXmlEndTag location="Target:259:3">
                                                                                                                              <ptk:rtd>cQB+AKQ=</ptk:rtd>
                                                                                                                              <ptk:name>span</ptk:name>
                                                                                                                           </ptk:WtXmlEndTag>
                                                                                                                           <ptk:t>
</ptk:t>
                                                                                                                        </ptk:l>
                                                                                                                     </ptk:l>
                                                                                                                  </ptk:body>
                                                                                                               </ptk:WtXmlElement>
                                                                                                            </ptk:l>
                                                                                                         </ptk:body>
                                                                                                      </ptk:WtXmlElement>
                                                                                                   </ptk:l>
                                                                                                </ptk:body>
                                                                                             </ptk:WtXmlElement>
                                                                                          </ptk:l>
                                                                                       </ptk:body>
                                                                                    </ptk:WtXmlElement>
                                                                                 </ptk:l>
                                                                              </ptk:body>
                                                                           </ptk:WtXmlElement>
                                                                           <ptk:WtXmlElement>
                                                                              <ptk:rtd>c3EAfgAjdXEAfgAnAAAAA3VxAH4AKQAAAAF0AAM8dHJ1cQB+ACkAAAABdAABPnEAfgC6</ptk:rtd>
                                                                              <ptk:name>tr</ptk:name>
                                                                              <ptk:xmlAttributes>
                                                                                 <ptk:l location="Target:260:26">
                                                                                    <ptk:WtXmlAttribute location="Target:260:26">
                                                                                       <ptk:rtd>c3EAfgAjdXEAfgAnAAAAAnVxAH4AKQAAAAF0AAggc3R5bGU9InVxAH4AKQAAAAF0AAEi</ptk:rtd>
                                                                                       <ptk:name>style</ptk:name>
                                                                                       <ptk:value>
                                                                                          <ptk:l location="Target:260:34">
                                                                                             <ptk:t location="Target:260:34">height:2px;</ptk:t>
                                                                                          </ptk:l>
                                                                                       </ptk:value>
                                                                                    </ptk:WtXmlAttribute>
                                                                                 </ptk:l>
                                                                              </ptk:xmlAttributes>
                                                                              <ptk:body>
                                                                                 <ptk:l>
                                                                                    <ptk:WtXmlElement>
                                                                                       <ptk:rtd>c3EAfgAjdXEAfgAnAAAAA3VxAH4AKQAAAAF0AAM8dGR1cQB+ACkAAAABdAABPnEAfgC6</ptk:rtd>
                                                                                       <ptk:name>td</ptk:name>
                                                                                       <ptk:xmlAttributes>
                                                                                          <ptk:WtXmlAttributes-WtEmptyXmlAttributes/>
                                                                                       </ptk:xmlAttributes>
                                                                                       <ptk:body>
                                                                                          <ptk:l/>
                                                                                       </ptk:body>
                                                                                    </ptk:WtXmlElement>
                                                                                 </ptk:l>
                                                                              </ptk:body>
                                                                           </ptk:WtXmlElement>
                                                                           <ptk:WtXmlElement>
                                                                              <ptk:rtd>c3EAfgAjdXEAfgAnAAAAA3VxAH4AKQAAAAF0AAM8dHJ1cQB+ACkAAAABdAABPnEAfgC6</ptk:rtd>
                                                                              <ptk:name>tr</ptk:name>
                                                                              <ptk:xmlAttributes>
                                                                                 <ptk:WtXmlAttributes-WtEmptyXmlAttributes/>
                                                                              </ptk:xmlAttributes>
                                                                              <ptk:body>
                                                                                 <ptk:l>
                                                                                    <ptk:WtXmlElement>
                                                                                       <ptk:rtd>c3EAfgAjdXEAfgAnAAAAA3VxAH4AKQAAAAF0AAM8dGR1cQB+ACkAAAABdAABPnEAfgC6</ptk:rtd>
                                                                                       <ptk:name>td</ptk:name>
                                                                                       <ptk:xmlAttributes>
                                                                                          <ptk:l location="Target:260:68">
                                                                                             <ptk:WtXmlAttribute location="Target:260:68">
                                                                                                <ptk:rtd>c3EAfgAjdXEAfgAnAAAAAnVxAH4AKQAAAAF0AAggY2xhc3M9InVxAH4AKQAAAAF0AAEi</ptk:rtd>
                                                                                                <ptk:name>class</ptk:name>
                                                                                                <ptk:value>
                                                                                                   <ptk:l location="Target:260:76">
                                                                                                      <ptk:t location="Target:260:76">navbox-abovebelow </ptk:t>
                                                                                                   </ptk:l>
                                                                                                </ptk:value>
                                                                                             </ptk:WtXmlAttribute>
                                                                                             <ptk:WtXmlAttribute location="Target:260:95">
                                                                                                <ptk:rtd>c3EAfgAjdXEAfgAnAAAAAnVxAH4AKQAAAAF0AAggc3R5bGU9InVxAH4AKQAAAAF0AAEi</ptk:rtd>
                                                                                                <ptk:name>style</ptk:name>
                                                                                                <ptk:value>
                                                                                                   <ptk:l location="Target:260:103">
                                                                                                      <ptk:t location="Target:260:103">;font-size:95%;</ptk:t>
                                                                                                   </ptk:l>
                                                                                                </ptk:value>
                                                                                             </ptk:WtXmlAttribute>
                                                                                             <ptk:WtXmlAttribute location="Target:260:119">
                                                                                                <ptk:rtd>c3EAfgAjdXEAfgAnAAAAAnVxAH4AKQAAAAF0AAogY29sc3Bhbj0idXEAfgApAAAAAXQAASI=</ptk:rtd>
                                                                                                <ptk:name>colspan</ptk:name>
                                                                                                <ptk:value>
                                                                                                   <ptk:l location="Target:260:129">
                                                                                                      <ptk:t location="Target:260:129">3</ptk:t>
                                                                                                   </ptk:l>
                                                                                                </ptk:value>
                                                                                             </ptk:WtXmlAttribute>
                                                                                          </ptk:l>
                                                                                       </ptk:xmlAttributes>
                                                                                       <ptk:body>
                                                                                          <ptk:l>
                                                                                             <ptk:WtXmlElement>
                                                                                                <ptk:rtd>c3EAfgAjdXEAfgAnAAAAA3VxAH4AKQAAAAF0AAQ8ZGl2dXEAfgApAAAAAXQAAT51cQB+ACkAAAABdAAGPC9kaXY+</ptk:rtd>
                                                                                                <ptk:name>div</ptk:name>
                                                                                                <ptk:xmlAttributes>
                                                                                                   <ptk:WtXmlAttributes-WtEmptyXmlAttributes/>
                                                                                                </ptk:xmlAttributes>
                                                                                                <ptk:body>
                                                                                                   <ptk:l>
                                                                                                      <ptk:t>
</ptk:t>
                                                                                                      <ptk:l>
                                                                                                         <ptk:t location="Target:261:3">خط مايل</ptk:t>
                                                                                                      </ptk:l>
                                                                                                      <ptk:t location="Target:261:12"> يشير ل </ptk:t>
                                                                                                      <ptk:WtInternalLink>
                                                                                                         <ptk:rtd>c3EAfgAjdXEAfgAnAAAAA3VxAH4AKQAAAAFxAH4BVnEAfgC6dXEAfgApAAAAAXEAfgFY</ptk:rtd>
                                                                                                         <ptk:prefix/>
                                                                                                         <ptk:postfix/>
                                                                                                         <ptk:target>
                                                                                                            <ptk:WtPageName location="Target:261:22">
                                                                                                               <ptk:content>قائمة الدول ذات الاعتراف المحدود</ptk:content>
                                                                                                               <ptk:rtd null="true"/>
                                                                                                            </ptk:WtPageName>
                                                                                                         </ptk:target>
                                                                                                         <ptk:title>
                                                                                                            <ptk:l>
                                                                                                               <ptk:t location="Target:261:55">دول ليها الاعتراف المحدود</ptk:t>
                                                                                                            </ptk:l>
                                                                                                         </ptk:title>
                                                                                                      </ptk:WtInternalLink>
                                                                                                      <ptk:t location="Target:261:82">. </ptk:t>
                                                                                                      <ptk:WtXmlElement>
                                                                                                         <ptk:rtd>c3EAfgAjdXEAfgAnAAAAA3VxAH4AKQAAAAF0AAU8c3BhbnVxAH4AKQAAAAF0AAE+dXEAfgApAAAAAXQABzwvc3Bhbj4=</ptk:rtd>
                                                                                                         <ptk:name>span</ptk:name>
                                                                                                         <ptk:xmlAttributes>
                                                                                                            <ptk:l location="Target:261:89">
                                                                                                               <ptk:WtXmlAttribute location="Target:261:89">
                                                                                                                  <ptk:rtd>c3EAfgAjdXEAfgAnAAAAAnVxAH4AKQAAAAF0AAggY2xhc3M9InVxAH4AKQAAAAF0AAEi</ptk:rtd>
                                                                                                                  <ptk:name>class</ptk:name>
                                                                                                                  <ptk:value>
                                                                                                                     <ptk:l location="Target:261:97">
                                                                                                                        <ptk:t location="Target:261:97">nowrap</ptk:t>
                                                                                                                     </ptk:l>
                                                                                                                  </ptk:value>
                                                                                                               </ptk:WtXmlAttribute>
                                                                                                            </ptk:l>
                                                                                                         </ptk:xmlAttributes>
                                                                                                         <ptk:body>
                                                                                                            <ptk:l>
                                                                                                               <ptk:WtXmlElement>
                                                                                                                  <ptk:rtd>c3EAfgAjdXEAfgAnAAAAA3VxAH4AKQAAAAF0AAQ8c3VwdXEAfgApAAAAAXQAAT51cQB+ACkAAAABdAAGPC9zdXA+</ptk:rtd>
                                                                                                                  <ptk:name>sup</ptk:name>
                                                                                                                  <ptk:xmlAttributes>
                                                                                                                     <ptk:WtXmlAttributes-WtEmptyXmlAttributes/>
                                                                                                                  </ptk:xmlAttributes>
                                                                                                                  <ptk:body>
                                                                                                                     <ptk:l>
                                                                                                                        <ptk:WtXmlElement>
                                                                                                                           <ptk:rtd>c3EAfgAjdXEAfgAnAAAAA3VxAH4AKQAAAAF0AAY8c21hbGx1cQB+ACkAAAABdAABPnVxAH4AKQAAAAF0AAg8L3NtYWxsPg==</ptk:rtd>
                                                                                                                           <ptk:name>small</ptk:name>
                                                                                                                           <ptk:xmlAttributes>
                                                                                                                              <ptk:WtXmlAttributes-WtEmptyXmlAttributes/>
                                                                                                                           </ptk:xmlAttributes>
                                                                                                                           <ptk:body>
                                                                                                                              <ptk:l>
                                                                                                                                 <ptk:t location="Target:261:117">1</ptk:t>
                                                                                                                              </ptk:l>
                                                                                                                           </ptk:body>
                                                                                                                        </ptk:WtXmlElement>
                                                                                                                     </ptk:l>
                                                                                                                  </ptk:body>
                                                                                                               </ptk:WtXmlElement>
                                                                                                               <ptk:t location="Target:261:132"> دول تمتد أراضيها على أكتر من قارة.</ptk:t>
                                                                                                               <ptk:WtXmlEntityRef location="Target:261:168">
                                                                                                                  <ptk:rtd>c3EAfgAjdXEAfgAnAAAAAXVxAH4AKQAAAAF0AAYmbmJzcDs=</ptk:rtd>
                                                                                                                  <ptk:name>nbsp</ptk:name>
                                                                                                                  <ptk:resolved> </ptk:resolved>
                                                                                                               </ptk:WtXmlEntityRef>
                                                                                                            </ptk:l>
                                                                                                         </ptk:body>
                                                                                                      </ptk:WtXmlElement>
                                                                                                   </ptk:l>
                                                                                                </ptk:body>
                                                                                             </ptk:WtXmlElement>
                                                                                          </ptk:l>
                                                                                       </ptk:body>
                                                                                    </ptk:WtXmlElement>
                                                                                 </ptk:l>
                                                                              </ptk:body>
                                                                           </ptk:WtXmlElement>
                                                                        </ptk:l>
                                                                     </ptk:body>
                                                                  </ptk:WtTableImplicitTableBody>
                                                               </ptk:l>
                                                            </ptk:body>
                                                         </ptk:WtXmlElement>
                                                      </ptk:l>
                                                   </ptk:body>
                                                </ptk:WtXmlElement>
                                             </ptk:l>
                                          </ptk:body>
                                       </ptk:WtXmlElement>
                                    </ptk:l>
                                 </ptk:body>
                              </ptk:WtTableImplicitTableBody>
                           </ptk:l>
                        </ptk:body>
                     </ptk:WtXmlElement>
                     <ptk:t>

</ptk:t>
                  </ptk:l>
               </ptk:body>
            </ptk:WtSection>
            <ptk:WtSection>
               <ptk:rtd null="true"/>
               <ptk:level>2</ptk:level>
               <ptk:heading>
                  <ptk:l>
                     <ptk:t location="Target:263:3"> مصادر </ptk:t>
                  </ptk:l>
               </ptk:heading>
               <ptk:body>
                  <ptk:l>
                     <ptk:t>
</ptk:t>
                     <ptk:l/>
                     <ptk:WtXmlElement>
                        <ptk:rtd>c3EAfgAjdXEAfgAnAAAAA3VxAH4AKQAAAAF0AAQ8ZGl2dXEAfgApAAAAAXQAAT51cQB+ACkAAAABdAAGPC9kaXY+</ptk:rtd>
                        <ptk:name>div</ptk:name>
                        <ptk:xmlAttributes>
                           <ptk:l location="Target:264:5">
                              <ptk:WtXmlAttribute location="Target:264:5">
                                 <ptk:rtd>c3EAfgAjdXEAfgAnAAAAAnVxAH4AKQAAAAF0AAggY2xhc3M9InVxAH4AKQAAAAF0AAEi</ptk:rtd>
                                 <ptk:name>class</ptk:name>
                                 <ptk:value>
                                    <ptk:l location="Target:264:13">
                                       <ptk:t location="Target:264:13">references-small </ptk:t>
                                    </ptk:l>
                                 </ptk:value>
                              </ptk:WtXmlAttribute>
                              <ptk:WtXmlAttribute location="Target:264:31">
                                 <ptk:rtd>c3EAfgAjdXEAfgAnAAAAAnVxAH4AKQAAAAF0AAggc3R5bGU9InVxAH4AKQAAAAF0AAEi</ptk:rtd>
                                 <ptk:name>style</ptk:name>
                                 <ptk:value>
                                    <ptk:l location="Target:264:39"/>
                                 </ptk:value>
                              </ptk:WtXmlAttribute>
                           </ptk:l>
                        </ptk:xmlAttributes>
                        <ptk:body>
                           <ptk:l>
                              <ptk:t>
</ptk:t>
                              <ptk:WtTagExtension location="Target:265:1">
                                 <ptk:a name="__SKIP__">
                                    <ptk:Boolean>false</ptk:Boolean>
                                 </ptk:a>
                                 <ptk:rtd>c3EAfgAjdXEAfgAnAAAAA3VxAH4AKQAAAAF0AAs8cmVmZXJlbmNlc3VxAH4AKQAAAAF0AAE+dXEAfgApAAAAAXQADTwvcmVmZXJlbmNlcz4=</ptk:rtd>
                                 <ptk:name>references</ptk:name>
                                 <ptk:xmlAttributes>
                                    <ptk:l>
                                       <ptk:WtXmlAttribute>
                                          <ptk:rtd>c3EAfgAjdXEAfgAnAAAAAnVxAH4AKQAAAAF0AAggZ3JvdXA9InVxAH4AKQAAAAF0AAEi</ptk:rtd>
                                          <ptk:name>group</ptk:name>
                                          <ptk:value>
                                             <ptk:l>
                                                <ptk:t/>
                                             </ptk:l>
                                          </ptk:value>
                                       </ptk:WtXmlAttribute>
                                    </ptk:l>
                                 </ptk:xmlAttributes>
                                 <ptk:body>
                                    <ptk:WtTagExtensionBody-WtTagExtensionBodyImpl>
                                       <ptk:content/>
                                       <ptk:rtd null="true"/>
                                    </ptk:WtTagExtensionBody-WtTagExtensionBodyImpl>
                                 </ptk:body>
                              </ptk:WtTagExtension>
                           </ptk:l>
                        </ptk:body>
                     </ptk:WtXmlElement>
                     <ptk:t>

</ptk:t>
                     <ptk:l>
                        <ptk:WtInternalLink>
                           <ptk:rtd>c3EAfgAjdXEAfgAnAAAAA3VxAH4AKQAAAAFxAH4BVnEAfgC6dXEAfgApAAAAAXEAfgFY</ptk:rtd>
                           <ptk:prefix/>
                           <ptk:postfix/>
                           <ptk:target>
                              <ptk:WtPageName location="Target:267:3">
                                 <ptk:content>تصنيف:بلاد</ptk:content>
                                 <ptk:rtd null="true"/>
                              </ptk:WtPageName>
                           </ptk:target>
                           <ptk:title>
                              <ptk:l>
                                 <ptk:t location="Target:267:14">جنوب السودان</ptk:t>
                              </ptk:l>
                           </ptk:title>
                        </ptk:WtInternalLink>
                        <ptk:t>
</ptk:t>
                        <ptk:WtInternalLink>
                           <ptk:rtd>c3EAfgAjdXEAfgAnAAAAA3VxAH4AKQAAAAFxAH4BVnEAfgC6dXEAfgApAAAAAXEAfgFY</ptk:rtd>
                           <ptk:prefix/>
                           <ptk:postfix/>
                           <ptk:target>
                              <ptk:WtPageName location="Target:268:3">
                                 <ptk:content>تصنيف:جنوب السودان</ptk:content>
                                 <ptk:rtd null="true"/>
                              </ptk:WtPageName>
                           </ptk:target>
                           <ptk:title>
                              <ptk:WtLinkTitle-WtNoLinkTitle/>
                           </ptk:title>
                        </ptk:WtInternalLink>
                     </ptk:l>
                     <ptk:t>

</ptk:t>
                     <ptk:l>
                        <ptk:WtInternalLink>
                           <ptk:rtd>c3EAfgAjdXEAfgAnAAAAA3VxAH4AKQAAAAFxAH4BVnEAfgC6dXEAfgApAAAAAXEAfgFY</ptk:rtd>
                           <ptk:prefix/>
                           <ptk:postfix/>
                           <ptk:target>
                              <ptk:WtPageName location="Target:270:3">
                                 <ptk:content>af:Suid-Soedan</ptk:content>
                                 <ptk:rtd null="true"/>
                              </ptk:WtPageName>
                           </ptk:target>
                           <ptk:title>
                              <ptk:WtLinkTitle-WtNoLinkTitle/>
                           </ptk:title>
                        </ptk:WtInternalLink>
                        <ptk:t>
</ptk:t>
                        <ptk:WtInternalLink>
                           <ptk:rtd>c3EAfgAjdXEAfgAnAAAAA3VxAH4AKQAAAAFxAH4BVnEAfgC6dXEAfgApAAAAAXEAfgFY</ptk:rtd>
                           <ptk:prefix/>
                           <ptk:postfix/>
                           <ptk:target>
                              <ptk:WtPageName location="Target:271:3">
                                 <ptk:content>als:Südsudan</ptk:content>
                                 <ptk:rtd null="true"/>
                              </ptk:WtPageName>
                           </ptk:target>
                           <ptk:title>
                              <ptk:WtLinkTitle-WtNoLinkTitle/>
                           </ptk:title>
                        </ptk:WtInternalLink>
                        <ptk:t>
</ptk:t>
                        <ptk:WtInternalLink>
                           <ptk:rtd>c3EAfgAjdXEAfgAnAAAAA3VxAH4AKQAAAAFxAH4BVnEAfgC6dXEAfgApAAAAAXEAfgFY</ptk:rtd>
                           <ptk:prefix/>
                           <ptk:postfix/>
                           <ptk:target>
                              <ptk:WtPageName location="Target:272:3">
                                 <ptk:content>am:ደቡብ ሱዳን</ptk:content>
                                 <ptk:rtd null="true"/>
                              </ptk:WtPageName>
                           </ptk:target>
                           <ptk:title>
                              <ptk:WtLinkTitle-WtNoLinkTitle/>
                           </ptk:title>
                        </ptk:WtInternalLink>
                        <ptk:t>
</ptk:t>
                        <ptk:WtInternalLink>
                           <ptk:rtd>c3EAfgAjdXEAfgAnAAAAA3VxAH4AKQAAAAFxAH4BVnEAfgC6dXEAfgApAAAAAXEAfgFY</ptk:rtd>
                           <ptk:prefix/>
                           <ptk:postfix/>
                           <ptk:target>
                              <ptk:WtPageName location="Target:273:3">
                                 <ptk:content>an:Sudán d'o Sud</ptk:content>
                                 <ptk:rtd null="true"/>
                              </ptk:WtPageName>
                           </ptk:target>
                           <ptk:title>
                              <ptk:WtLinkTitle-WtNoLinkTitle/>
                           </ptk:title>
                        </ptk:WtInternalLink>
                        <ptk:t>
</ptk:t>
                        <ptk:WtInternalLink>
                           <ptk:rtd>c3EAfgAjdXEAfgAnAAAAA3VxAH4AKQAAAAFxAH4BVnEAfgC6dXEAfgApAAAAAXEAfgFY</ptk:rtd>
                           <ptk:prefix/>
                           <ptk:postfix/>
                           <ptk:target>
                              <ptk:WtPageName location="Target:274:3">
                                 <ptk:content>ang:Sūþsudan</ptk:content>
                                 <ptk:rtd null="true"/>
                              </ptk:WtPageName>
                           </ptk:target>
                           <ptk:title>
                              <ptk:WtLinkTitle-WtNoLinkTitle/>
                           </ptk:title>
                        </ptk:WtInternalLink>
                        <ptk:t>
</ptk:t>
                        <ptk:WtInternalLink>
                           <ptk:rtd>c3EAfgAjdXEAfgAnAAAAA3VxAH4AKQAAAAFxAH4BVnEAfgC6dXEAfgApAAAAAXEAfgFY</ptk:rtd>
                           <ptk:prefix/>
                           <ptk:postfix/>
                           <ptk:target>
                              <ptk:WtPageName location="Target:275:3">
                                 <ptk:content>ar:جنوب السودان</ptk:content>
                                 <ptk:rtd null="true"/>
                              </ptk:WtPageName>
                           </ptk:target>
                           <ptk:title>
                              <ptk:WtLinkTitle-WtNoLinkTitle/>
                           </ptk:title>
                        </ptk:WtInternalLink>
                        <ptk:t>
</ptk:t>
                        <ptk:WtInternalLink>
                           <ptk:rtd>c3EAfgAjdXEAfgAnAAAAA3VxAH4AKQAAAAFxAH4BVnEAfgC6dXEAfgApAAAAAXEAfgFY</ptk:rtd>
                           <ptk:prefix/>
                           <ptk:postfix/>
                           <ptk:target>
                              <ptk:WtPageName location="Target:276:3">
                                 <ptk:content>arc:ܬܝܡܢܐ ܕܣܘܕܐܢ</ptk:content>
                                 <ptk:rtd null="true"/>
                              </ptk:WtPageName>
                           </ptk:target>
                           <ptk:title>
                              <ptk:WtLinkTitle-WtNoLinkTitle/>
                           </ptk:title>
                        </ptk:WtInternalLink>
                        <ptk:t>
</ptk:t>
                        <ptk:WtInternalLink>
                           <ptk:rtd>c3EAfgAjdXEAfgAnAAAAA3VxAH4AKQAAAAFxAH4BVnEAfgC6dXEAfgApAAAAAXEAfgFY</ptk:rtd>
                           <ptk:prefix/>
                           <ptk:postfix/>
                           <ptk:target>
                              <ptk:WtPageName location="Target:277:3">
                                 <ptk:content>ast:Sudán del Sur</ptk:content>
                                 <ptk:rtd null="true"/>
                              </ptk:WtPageName>
                           </ptk:target>
                           <ptk:title>
                              <ptk:WtLinkTitle-WtNoLinkTitle/>
                           </ptk:title>
                        </ptk:WtInternalLink>
                        <ptk:t>
</ptk:t>
                        <ptk:WtInternalLink>
                           <ptk:rtd>c3EAfgAjdXEAfgAnAAAAA3VxAH4AKQAAAAFxAH4BVnEAfgC6dXEAfgApAAAAAXEAfgFY</ptk:rtd>
                           <ptk:prefix/>
                           <ptk:postfix/>
                           <ptk:target>
                              <ptk:WtPageName location="Target:278:3">
                                 <ptk:content>av:Югалъулаб Судан</ptk:content>
                                 <ptk:rtd null="true"/>
                              </ptk:WtPageName>
                           </ptk:target>
                           <ptk:title>
                              <ptk:WtLinkTitle-WtNoLinkTitle/>
                           </ptk:title>
                        </ptk:WtInternalLink>
                        <ptk:t>
</ptk:t>
                        <ptk:WtInternalLink>
                           <ptk:rtd>c3EAfgAjdXEAfgAnAAAAA3VxAH4AKQAAAAFxAH4BVnEAfgC6dXEAfgApAAAAAXEAfgFY</ptk:rtd>
                           <ptk:prefix/>
                           <ptk:postfix/>
                           <ptk:target>
                              <ptk:WtPageName location="Target:279:3">
                                 <ptk:content>az:Cənubi Sudan</ptk:content>
                                 <ptk:rtd null="true"/>
                              </ptk:WtPageName>
                           </ptk:target>
                           <ptk:title>
                              <ptk:WtLinkTitle-WtNoLinkTitle/>
                           </ptk:title>
                        </ptk:WtInternalLink>
                        <ptk:t>
</ptk:t>
                        <ptk:WtInternalLink>
                           <ptk:rtd>c3EAfgAjdXEAfgAnAAAAA3VxAH4AKQAAAAFxAH4BVnEAfgC6dXEAfgApAAAAAXEAfgFY</ptk:rtd>
                           <ptk:prefix/>
                           <ptk:postfix/>
                           <ptk:target>
                              <ptk:WtPageName location="Target:280:3">
                                 <ptk:content>bat-smg:Pėitū Sudans</ptk:content>
                                 <ptk:rtd null="true"/>
                              </ptk:WtPageName>
                           </ptk:target>
                           <ptk:title>
                              <ptk:WtLinkTitle-WtNoLinkTitle/>
                           </ptk:title>
                        </ptk:WtInternalLink>
                        <ptk:t>
</ptk:t>
                        <ptk:WtInternalLink>
                           <ptk:rtd>c3EAfgAjdXEAfgAnAAAAA3VxAH4AKQAAAAFxAH4BVnEAfgC6dXEAfgApAAAAAXEAfgFY</ptk:rtd>
                           <ptk:prefix/>
                           <ptk:postfix/>
                           <ptk:target>
                              <ptk:WtPageName location="Target:281:3">
                                 <ptk:content>bcl:Habagatan Sudan</ptk:content>
                                 <ptk:rtd null="true"/>
                              </ptk:WtPageName>
                           </ptk:target>
                           <ptk:title>
                              <ptk:WtLinkTitle-WtNoLinkTitle/>
                           </ptk:title>
                        </ptk:WtInternalLink>
                        <ptk:t>
</ptk:t>
                        <ptk:WtInternalLink>
                           <ptk:rtd>c3EAfgAjdXEAfgAnAAAAA3VxAH4AKQAAAAFxAH4BVnEAfgC6dXEAfgApAAAAAXEAfgFY</ptk:rtd>
                           <ptk:prefix/>
                           <ptk:postfix/>
                           <ptk:target>
                              <ptk:WtPageName location="Target:282:3">
                                 <ptk:content>be:Паўднёвы Судан</ptk:content>
                                 <ptk:rtd null="true"/>
                              </ptk:WtPageName>
                           </ptk:target>
                           <ptk:title>
                              <ptk:WtLinkTitle-WtNoLinkTitle/>
                           </ptk:title>
                        </ptk:WtInternalLink>
                        <ptk:t>
</ptk:t>
                        <ptk:WtInternalLink>
                           <ptk:rtd>c3EAfgAjdXEAfgAnAAAAA3VxAH4AKQAAAAFxAH4BVnEAfgC6dXEAfgApAAAAAXEAfgFY</ptk:rtd>
                           <ptk:prefix/>
                           <ptk:postfix/>
                           <ptk:target>
                              <ptk:WtPageName location="Target:283:3">
                                 <ptk:content>be-x-old:Паўднёвы Судан</ptk:content>
                                 <ptk:rtd null="true"/>
                              </ptk:WtPageName>
                           </ptk:target>
                           <ptk:title>
                              <ptk:WtLinkTitle-WtNoLinkTitle/>
                           </ptk:title>
                        </ptk:WtInternalLink>
                        <ptk:t>
</ptk:t>
                        <ptk:WtInternalLink>
                           <ptk:rtd>c3EAfgAjdXEAfgAnAAAAA3VxAH4AKQAAAAFxAH4BVnEAfgC6dXEAfgApAAAAAXEAfgFY</ptk:rtd>
                           <ptk:prefix/>
                           <ptk:postfix/>
                           <ptk:target>
                              <ptk:WtPageName location="Target:284:3">
                                 <ptk:content>bg:Южен Судан</ptk:content>
                                 <ptk:rtd null="true"/>
                              </ptk:WtPageName>
                           </ptk:target>
                           <ptk:title>
                              <ptk:WtLinkTitle-WtNoLinkTitle/>
                           </ptk:title>
                        </ptk:WtInternalLink>
                        <ptk:t>
</ptk:t>
                        <ptk:WtInternalLink>
                           <ptk:rtd>c3EAfgAjdXEAfgAnAAAAA3VxAH4AKQAAAAFxAH4BVnEAfgC6dXEAfgApAAAAAXEAfgFY</ptk:rtd>
                           <ptk:prefix/>
                           <ptk:postfix/>
                           <ptk:target>
                              <ptk:WtPageName location="Target:285:3">
                                 <ptk:content>bn:দক্ষিণ সুদান</ptk:content>
                                 <ptk:rtd null="true"/>
                              </ptk:WtPageName>
                           </ptk:target>
                           <ptk:title>
                              <ptk:WtLinkTitle-WtNoLinkTitle/>
                           </ptk:title>
                        </ptk:WtInternalLink>
                        <ptk:t>
</ptk:t>
                        <ptk:WtInternalLink>
                           <ptk:rtd>c3EAfgAjdXEAfgAnAAAAA3VxAH4AKQAAAAFxAH4BVnEAfgC6dXEAfgApAAAAAXEAfgFY</ptk:rtd>
                           <ptk:prefix/>
                           <ptk:postfix/>
                           <ptk:target>
                              <ptk:WtPageName location="Target:286:3">
                                 <ptk:content>br:Soudan ar Su</ptk:content>
                                 <ptk:rtd null="true"/>
                              </ptk:WtPageName>
                           </ptk:target>
                           <ptk:title>
                              <ptk:WtLinkTitle-WtNoLinkTitle/>
                           </ptk:title>
                        </ptk:WtInternalLink>
                        <ptk:t>
</ptk:t>
                        <ptk:WtInternalLink>
                           <ptk:rtd>c3EAfgAjdXEAfgAnAAAAA3VxAH4AKQAAAAFxAH4BVnEAfgC6dXEAfgApAAAAAXEAfgFY</ptk:rtd>
                           <ptk:prefix/>
                           <ptk:postfix/>
                           <ptk:target>
                              <ptk:WtPageName location="Target:287:3">
                                 <ptk:content>bs:Južni Sudan</ptk:content>
                                 <ptk:rtd null="true"/>
                              </ptk:WtPageName>
                           </ptk:target>
                           <ptk:title>
                              <ptk:WtLinkTitle-WtNoLinkTitle/>
                           </ptk:title>
                        </ptk:WtInternalLink>
                        <ptk:t>
</ptk:t>
                        <ptk:WtInternalLink>
                           <ptk:rtd>c3EAfgAjdXEAfgAnAAAAA3VxAH4AKQAAAAFxAH4BVnEAfgC6dXEAfgApAAAAAXEAfgFY</ptk:rtd>
                           <ptk:prefix/>
                           <ptk:postfix/>
                           <ptk:target>
                              <ptk:WtPageName location="Target:288:3">
                                 <ptk:content>ca:Sudan del Sud</ptk:content>
                                 <ptk:rtd null="true"/>
                              </ptk:WtPageName>
                           </ptk:target>
                           <ptk:title>
                              <ptk:WtLinkTitle-WtNoLinkTitle/>
                           </ptk:title>
                        </ptk:WtInternalLink>
                        <ptk:t>
</ptk:t>
                        <ptk:WtInternalLink>
                           <ptk:rtd>c3EAfgAjdXEAfgAnAAAAA3VxAH4AKQAAAAFxAH4BVnEAfgC6dXEAfgApAAAAAXEAfgFY</ptk:rtd>
                           <ptk:prefix/>
                           <ptk:postfix/>
                           <ptk:target>
                              <ptk:WtPageName location="Target:289:3">
                                 <ptk:content>ceb:Habagatang Sudan</ptk:content>
                                 <ptk:rtd null="true"/>
                              </ptk:WtPageName>
                           </ptk:target>
                           <ptk:title>
                              <ptk:WtLinkTitle-WtNoLinkTitle/>
                           </ptk:title>
                        </ptk:WtInternalLink>
                        <ptk:t>
</ptk:t>
                        <ptk:WtInternalLink>
                           <ptk:rtd>c3EAfgAjdXEAfgAnAAAAA3VxAH4AKQAAAAFxAH4BVnEAfgC6dXEAfgApAAAAAXEAfgFY</ptk:rtd>
                           <ptk:prefix/>
                           <ptk:postfix/>
                           <ptk:target>
                              <ptk:WtPageName location="Target:290:3">
                                 <ptk:content>ckb:باشووری سوودان</ptk:content>
                                 <ptk:rtd null="true"/>
                              </ptk:WtPageName>
                           </ptk:target>
                           <ptk:title>
                              <ptk:WtLinkTitle-WtNoLinkTitle/>
                           </ptk:title>
                        </ptk:WtInternalLink>
                        <ptk:t>
</ptk:t>
                        <ptk:WtInternalLink>
                           <ptk:rtd>c3EAfgAjdXEAfgAnAAAAA3VxAH4AKQAAAAFxAH4BVnEAfgC6dXEAfgApAAAAAXEAfgFY</ptk:rtd>
                           <ptk:prefix/>
                           <ptk:postfix/>
                           <ptk:target>
                              <ptk:WtPageName location="Target:291:3">
                                 <ptk:content>crh:Cenübiy Sudan</ptk:content>
                                 <ptk:rtd null="true"/>
                              </ptk:WtPageName>
                           </ptk:target>
                           <ptk:title>
                              <ptk:WtLinkTitle-WtNoLinkTitle/>
                           </ptk:title>
                        </ptk:WtInternalLink>
                        <ptk:t>
</ptk:t>
                        <ptk:WtInternalLink>
                           <ptk:rtd>c3EAfgAjdXEAfgAnAAAAA3VxAH4AKQAAAAFxAH4BVnEAfgC6dXEAfgApAAAAAXEAfgFY</ptk:rtd>
                           <ptk:prefix/>
                           <ptk:postfix/>
                           <ptk:target>
                              <ptk:WtPageName location="Target:292:3">
                                 <ptk:content>cs:Jižní Súdán</ptk:content>
                                 <ptk:rtd null="true"/>
                              </ptk:WtPageName>
                           </ptk:target>
                           <ptk:title>
                              <ptk:WtLinkTitle-WtNoLinkTitle/>
                           </ptk:title>
                        </ptk:WtInternalLink>
                        <ptk:t>
</ptk:t>
                        <ptk:WtInternalLink>
                           <ptk:rtd>c3EAfgAjdXEAfgAnAAAAA3VxAH4AKQAAAAFxAH4BVnEAfgC6dXEAfgApAAAAAXEAfgFY</ptk:rtd>
                           <ptk:prefix/>
                           <ptk:postfix/>
                           <ptk:target>
                              <ptk:WtPageName location="Target:293:3">
                                 <ptk:content>cv:Кăнтăр Судан</ptk:content>
                                 <ptk:rtd null="true"/>
                              </ptk:WtPageName>
                           </ptk:target>
                           <ptk:title>
                              <ptk:WtLinkTitle-WtNoLinkTitle/>
                           </ptk:title>
                        </ptk:WtInternalLink>
                        <ptk:t>
</ptk:t>
                        <ptk:WtInternalLink>
                           <ptk:rtd>c3EAfgAjdXEAfgAnAAAAA3VxAH4AKQAAAAFxAH4BVnEAfgC6dXEAfgApAAAAAXEAfgFY</ptk:rtd>
                           <ptk:prefix/>
                           <ptk:postfix/>
                           <ptk:target>
                              <ptk:WtPageName location="Target:294:3">
                                 <ptk:content>cy:De Sudan</ptk:content>
                                 <ptk:rtd null="true"/>
                              </ptk:WtPageName>
                           </ptk:target>
                           <ptk:title>
                              <ptk:WtLinkTitle-WtNoLinkTitle/>
                           </ptk:title>
                        </ptk:WtInternalLink>
                        <ptk:t>
</ptk:t>
                        <ptk:WtInternalLink>
                           <ptk:rtd>c3EAfgAjdXEAfgAnAAAAA3VxAH4AKQAAAAFxAH4BVnEAfgC6dXEAfgApAAAAAXEAfgFY</ptk:rtd>
                           <ptk:prefix/>
                           <ptk:postfix/>
                           <ptk:target>
                              <ptk:WtPageName location="Target:295:3">
                                 <ptk:content>da:Sydsudan</ptk:content>
                                 <ptk:rtd null="true"/>
                              </ptk:WtPageName>
                           </ptk:target>
                           <ptk:title>
                              <ptk:WtLinkTitle-WtNoLinkTitle/>
                           </ptk:title>
                        </ptk:WtInternalLink>
                        <ptk:t>
</ptk:t>
                        <ptk:WtInternalLink>
                           <ptk:rtd>c3EAfgAjdXEAfgAnAAAAA3VxAH4AKQAAAAFxAH4BVnEAfgC6dXEAfgApAAAAAXEAfgFY</ptk:rtd>
                           <ptk:prefix/>
                           <ptk:postfix/>
                           <ptk:target>
                              <ptk:WtPageName location="Target:296:3">
                                 <ptk:content>de:Südsudan</ptk:content>
                                 <ptk:rtd null="true"/>
                              </ptk:WtPageName>
                           </ptk:target>
                           <ptk:title>
                              <ptk:WtLinkTitle-WtNoLinkTitle/>
                           </ptk:title>
                        </ptk:WtInternalLink>
                        <ptk:t>
</ptk:t>
                        <ptk:WtInternalLink>
                           <ptk:rtd>c3EAfgAjdXEAfgAnAAAAA3VxAH4AKQAAAAFxAH4BVnEAfgC6dXEAfgApAAAAAXEAfgFY</ptk:rtd>
                           <ptk:prefix/>
                           <ptk:postfix/>
                           <ptk:target>
                              <ptk:WtPageName location="Target:297:3">
                                 <ptk:content>dsb:Pódpołdnjowy Sudan</ptk:content>
                                 <ptk:rtd null="true"/>
                              </ptk:WtPageName>
                           </ptk:target>
                           <ptk:title>
                              <ptk:WtLinkTitle-WtNoLinkTitle/>
                           </ptk:title>
                        </ptk:WtInternalLink>
                        <ptk:t>
</ptk:t>
                        <ptk:WtInternalLink>
                           <ptk:rtd>c3EAfgAjdXEAfgAnAAAAA3VxAH4AKQAAAAFxAH4BVnEAfgC6dXEAfgApAAAAAXEAfgFY</ptk:rtd>
                           <ptk:prefix/>
                           <ptk:postfix/>
                           <ptk:target>
                              <ptk:WtPageName location="Target:298:3">
                                 <ptk:content>el:Νότιο Σουδάν</ptk:content>
                                 <ptk:rtd null="true"/>
                              </ptk:WtPageName>
                           </ptk:target>
                           <ptk:title>
                              <ptk:WtLinkTitle-WtNoLinkTitle/>
                           </ptk:title>
                        </ptk:WtInternalLink>
                        <ptk:t>
</ptk:t>
                        <ptk:WtInternalLink>
                           <ptk:rtd>c3EAfgAjdXEAfgAnAAAAA3VxAH4AKQAAAAFxAH4BVnEAfgC6dXEAfgApAAAAAXEAfgFY</ptk:rtd>
                           <ptk:prefix/>
                           <ptk:postfix/>
                           <ptk:target>
                              <ptk:WtPageName location="Target:299:3">
                                 <ptk:content>en:South Sudan</ptk:content>
                                 <ptk:rtd null="true"/>
                              </ptk:WtPageName>
                           </ptk:target>
                           <ptk:title>
                              <ptk:WtLinkTitle-WtNoLinkTitle/>
                           </ptk:title>
                        </ptk:WtInternalLink>
                        <ptk:t>
</ptk:t>
                        <ptk:WtInternalLink>
                           <ptk:rtd>c3EAfgAjdXEAfgAnAAAAA3VxAH4AKQAAAAFxAH4BVnEAfgC6dXEAfgApAAAAAXEAfgFY</ptk:rtd>
                           <ptk:prefix/>
                           <ptk:postfix/>
                           <ptk:target>
                              <ptk:WtPageName location="Target:300:3">
                                 <ptk:content>eo:Sud-Sudano</ptk:content>
                                 <ptk:rtd null="true"/>
                              </ptk:WtPageName>
                           </ptk:target>
                           <ptk:title>
                              <ptk:WtLinkTitle-WtNoLinkTitle/>
                           </ptk:title>
                        </ptk:WtInternalLink>
                        <ptk:t>
</ptk:t>
                        <ptk:WtInternalLink>
                           <ptk:rtd>c3EAfgAjdXEAfgAnAAAAA3VxAH4AKQAAAAFxAH4BVnEAfgC6dXEAfgApAAAAAXEAfgFY</ptk:rtd>
                           <ptk:prefix/>
                           <ptk:postfix/>
                           <ptk:target>
                              <ptk:WtPageName location="Target:301:3">
                                 <ptk:content>es:Sudán del Sur</ptk:content>
                                 <ptk:rtd null="true"/>
                              </ptk:WtPageName>
                           </ptk:target>
                           <ptk:title>
                              <ptk:WtLinkTitle-WtNoLinkTitle/>
                           </ptk:title>
                        </ptk:WtInternalLink>
                        <ptk:t>
</ptk:t>
                        <ptk:WtInternalLink>
                           <ptk:rtd>c3EAfgAjdXEAfgAnAAAAA3VxAH4AKQAAAAFxAH4BVnEAfgC6dXEAfgApAAAAAXEAfgFY</ptk:rtd>
                           <ptk:prefix/>
                           <ptk:postfix/>
                           <ptk:target>
                              <ptk:WtPageName location="Target:302:3">
                                 <ptk:content>et:Lõuna-Sudaan</ptk:content>
                                 <ptk:rtd null="true"/>
                              </ptk:WtPageName>
                           </ptk:target>
                           <ptk:title>
                              <ptk:WtLinkTitle-WtNoLinkTitle/>
                           </ptk:title>
                        </ptk:WtInternalLink>
                        <ptk:t>
</ptk:t>
                        <ptk:WtInternalLink>
                           <ptk:rtd>c3EAfgAjdXEAfgAnAAAAA3VxAH4AKQAAAAFxAH4BVnEAfgC6dXEAfgApAAAAAXEAfgFY</ptk:rtd>
                           <ptk:prefix/>
                           <ptk:postfix/>
                           <ptk:target>
                              <ptk:WtPageName location="Target:303:3">
                                 <ptk:content>eu:Hego Sudan</ptk:content>
                                 <ptk:rtd null="true"/>
                              </ptk:WtPageName>
                           </ptk:target>
                           <ptk:title>
                              <ptk:WtLinkTitle-WtNoLinkTitle/>
                           </ptk:title>
                        </ptk:WtInternalLink>
                        <ptk:t>
</ptk:t>
                        <ptk:WtInternalLink>
                           <ptk:rtd>c3EAfgAjdXEAfgAnAAAAA3VxAH4AKQAAAAFxAH4BVnEAfgC6dXEAfgApAAAAAXEAfgFY</ptk:rtd>
                           <ptk:prefix/>
                           <ptk:postfix/>
                           <ptk:target>
                              <ptk:WtPageName location="Target:304:3">
                                 <ptk:content>ext:Sudán del Sul</ptk:content>
                                 <ptk:rtd null="true"/>
                              </ptk:WtPageName>
                           </ptk:target>
                           <ptk:title>
                              <ptk:WtLinkTitle-WtNoLinkTitle/>
                           </ptk:title>
                        </ptk:WtInternalLink>
                        <ptk:t>
</ptk:t>
                        <ptk:WtInternalLink>
                           <ptk:rtd>c3EAfgAjdXEAfgAnAAAAA3VxAH4AKQAAAAFxAH4BVnEAfgC6dXEAfgApAAAAAXEAfgFY</ptk:rtd>
                           <ptk:prefix/>
                           <ptk:postfix/>
                           <ptk:target>
                              <ptk:WtPageName location="Target:305:3">
                                 <ptk:content>fa:سودان جنوبی</ptk:content>
                                 <ptk:rtd null="true"/>
                              </ptk:WtPageName>
                           </ptk:target>
                           <ptk:title>
                              <ptk:WtLinkTitle-WtNoLinkTitle/>
                           </ptk:title>
                        </ptk:WtInternalLink>
                        <ptk:t>
</ptk:t>
                        <ptk:WtInternalLink>
                           <ptk:rtd>c3EAfgAjdXEAfgAnAAAAA3VxAH4AKQAAAAFxAH4BVnEAfgC6dXEAfgApAAAAAXEAfgFY</ptk:rtd>
                           <ptk:prefix/>
                           <ptk:postfix/>
                           <ptk:target>
                              <ptk:WtPageName location="Target:306:3">
                                 <ptk:content>fi:Etelä-Sudan</ptk:content>
                                 <ptk:rtd null="true"/>
                              </ptk:WtPageName>
                           </ptk:target>
                           <ptk:title>
                              <ptk:WtLinkTitle-WtNoLinkTitle/>
                           </ptk:title>
                        </ptk:WtInternalLink>
                        <ptk:t>
</ptk:t>
                        <ptk:WtInternalLink>
                           <ptk:rtd>c3EAfgAjdXEAfgAnAAAAA3VxAH4AKQAAAAFxAH4BVnEAfgC6dXEAfgApAAAAAXEAfgFY</ptk:rtd>
                           <ptk:prefix/>
                           <ptk:postfix/>
                           <ptk:target>
                              <ptk:WtPageName location="Target:307:3">
                                 <ptk:content>fo:Suðursudan</ptk:content>
                                 <ptk:rtd null="true"/>
                              </ptk:WtPageName>
                           </ptk:target>
                           <ptk:title>
                              <ptk:WtLinkTitle-WtNoLinkTitle/>
                           </ptk:title>
                        </ptk:WtInternalLink>
                        <ptk:t>
</ptk:t>
                        <ptk:WtInternalLink>
                           <ptk:rtd>c3EAfgAjdXEAfgAnAAAAA3VxAH4AKQAAAAFxAH4BVnEAfgC6dXEAfgApAAAAAXEAfgFY</ptk:rtd>
                           <ptk:prefix/>
                           <ptk:postfix/>
                           <ptk:target>
                              <ptk:WtPageName location="Target:308:3">
                                 <ptk:content>fr:Soudan du Sud</ptk:content>
                                 <ptk:rtd null="true"/>
                              </ptk:WtPageName>
                           </ptk:target>
                           <ptk:title>
                              <ptk:WtLinkTitle-WtNoLinkTitle/>
                           </ptk:title>
                        </ptk:WtInternalLink>
                        <ptk:t>
</ptk:t>
                        <ptk:WtInternalLink>
                           <ptk:rtd>c3EAfgAjdXEAfgAnAAAAA3VxAH4AKQAAAAFxAH4BVnEAfgC6dXEAfgApAAAAAXEAfgFY</ptk:rtd>
                           <ptk:prefix/>
                           <ptk:postfix/>
                           <ptk:target>
                              <ptk:WtPageName location="Target:309:3">
                                 <ptk:content>frr:Süüdsudaan</ptk:content>
                                 <ptk:rtd null="true"/>
                              </ptk:WtPageName>
                           </ptk:target>
                           <ptk:title>
                              <ptk:WtLinkTitle-WtNoLinkTitle/>
                           </ptk:title>
                        </ptk:WtInternalLink>
                        <ptk:t>
</ptk:t>
                        <ptk:WtInternalLink>
                           <ptk:rtd>c3EAfgAjdXEAfgAnAAAAA3VxAH4AKQAAAAFxAH4BVnEAfgC6dXEAfgApAAAAAXEAfgFY</ptk:rtd>
                           <ptk:prefix/>
                           <ptk:postfix/>
                           <ptk:target>
                              <ptk:WtPageName location="Target:310:3">
                                 <ptk:content>fy:Súd-Sûdan</ptk:content>
                                 <ptk:rtd null="true"/>
                              </ptk:WtPageName>
                           </ptk:target>
                           <ptk:title>
                              <ptk:WtLinkTitle-WtNoLinkTitle/>
                           </ptk:title>
                        </ptk:WtInternalLink>
                        <ptk:t>
</ptk:t>
                        <ptk:WtInternalLink>
                           <ptk:rtd>c3EAfgAjdXEAfgAnAAAAA3VxAH4AKQAAAAFxAH4BVnEAfgC6dXEAfgApAAAAAXEAfgFY</ptk:rtd>
                           <ptk:prefix/>
                           <ptk:postfix/>
                           <ptk:target>
                              <ptk:WtPageName location="Target:311:3">
                                 <ptk:content>ga:An tSúdáin Theas</ptk:content>
                                 <ptk:rtd null="true"/>
                              </ptk:WtPageName>
                           </ptk:target>
                           <ptk:title>
                              <ptk:WtLinkTitle-WtNoLinkTitle/>
                           </ptk:title>
                        </ptk:WtInternalLink>
                        <ptk:t>
</ptk:t>
                        <ptk:WtInternalLink>
                           <ptk:rtd>c3EAfgAjdXEAfgAnAAAAA3VxAH4AKQAAAAFxAH4BVnEAfgC6dXEAfgApAAAAAXEAfgFY</ptk:rtd>
                           <ptk:prefix/>
                           <ptk:postfix/>
                           <ptk:target>
                              <ptk:WtPageName location="Target:312:3">
                                 <ptk:content>gd:Sudàn a Deas</ptk:content>
                                 <ptk:rtd null="true"/>
                              </ptk:WtPageName>
                           </ptk:target>
                           <ptk:title>
                              <ptk:WtLinkTitle-WtNoLinkTitle/>
                           </ptk:title>
                        </ptk:WtInternalLink>
                        <ptk:t>
</ptk:t>
                        <ptk:WtInternalLink>
                           <ptk:rtd>c3EAfgAjdXEAfgAnAAAAA3VxAH4AKQAAAAFxAH4BVnEAfgC6dXEAfgApAAAAAXEAfgFY</ptk:rtd>
                           <ptk:prefix/>
                           <ptk:postfix/>
                           <ptk:target>
                              <ptk:WtPageName location="Target:313:3">
                                 <ptk:content>gl:Sudán do Sur - South Sudan</ptk:content>
                                 <ptk:rtd null="true"/>
                              </ptk:WtPageName>
                           </ptk:target>
                           <ptk:title>
                              <ptk:WtLinkTitle-WtNoLinkTitle/>
                           </ptk:title>
                        </ptk:WtInternalLink>
                        <ptk:t>
</ptk:t>
                        <ptk:WtInternalLink>
                           <ptk:rtd>c3EAfgAjdXEAfgAnAAAAA3VxAH4AKQAAAAFxAH4BVnEAfgC6dXEAfgApAAAAAXEAfgFY</ptk:rtd>
                           <ptk:prefix/>
                           <ptk:postfix/>
                           <ptk:target>
                              <ptk:WtPageName location="Target:314:3">
                                 <ptk:content>gv:Yn Toodaan Yiass</ptk:content>
                                 <ptk:rtd null="true"/>
                              </ptk:WtPageName>
                           </ptk:target>
                           <ptk:title>
                              <ptk:WtLinkTitle-WtNoLinkTitle/>
                           </ptk:title>
                        </ptk:WtInternalLink>
                        <ptk:t>
</ptk:t>
                        <ptk:WtInternalLink>
                           <ptk:rtd>c3EAfgAjdXEAfgAnAAAAA3VxAH4AKQAAAAFxAH4BVnEAfgC6dXEAfgApAAAAAXEAfgFY</ptk:rtd>
                           <ptk:prefix/>
                           <ptk:postfix/>
                           <ptk:target>
                              <ptk:WtPageName location="Target:315:3">
                                 <ptk:content>he:דרום סודאן</ptk:content>
                                 <ptk:rtd null="true"/>
                              </ptk:WtPageName>
                           </ptk:target>
                           <ptk:title>
                              <ptk:WtLinkTitle-WtNoLinkTitle/>
                           </ptk:title>
                        </ptk:WtInternalLink>
                        <ptk:t>
</ptk:t>
                        <ptk:WtInternalLink>
                           <ptk:rtd>c3EAfgAjdXEAfgAnAAAAA3VxAH4AKQAAAAFxAH4BVnEAfgC6dXEAfgApAAAAAXEAfgFY</ptk:rtd>
                           <ptk:prefix/>
                           <ptk:postfix/>
                           <ptk:target>
                              <ptk:WtPageName location="Target:316:3">
                                 <ptk:content>hi:दक्षिण सूडान</ptk:content>
                                 <ptk:rtd null="true"/>
                              </ptk:WtPageName>
                           </ptk:target>
                           <ptk:title>
                              <ptk:WtLinkTitle-WtNoLinkTitle/>
                           </ptk:title>
                        </ptk:WtInternalLink>
                        <ptk:t>
</ptk:t>
                        <ptk:WtInternalLink>
                           <ptk:rtd>c3EAfgAjdXEAfgAnAAAAA3VxAH4AKQAAAAFxAH4BVnEAfgC6dXEAfgApAAAAAXEAfgFY</ptk:rtd>
                           <ptk:prefix/>
                           <ptk:postfix/>
                           <ptk:target>
                              <ptk:WtPageName location="Target:317:3">
                                 <ptk:content>hr:Južni Sudan</ptk:content>
                                 <ptk:rtd null="true"/>
                              </ptk:WtPageName>
                           </ptk:target>
                           <ptk:title>
                              <ptk:WtLinkTitle-WtNoLinkTitle/>
                           </ptk:title>
                        </ptk:WtInternalLink>
                        <ptk:t>
</ptk:t>
                        <ptk:WtInternalLink>
                           <ptk:rtd>c3EAfgAjdXEAfgAnAAAAA3VxAH4AKQAAAAFxAH4BVnEAfgC6dXEAfgApAAAAAXEAfgFY</ptk:rtd>
                           <ptk:prefix/>
                           <ptk:postfix/>
                           <ptk:target>
                              <ptk:WtPageName location="Target:318:3">
                                 <ptk:content>hsb:Južny Sudan</ptk:content>
                                 <ptk:rtd null="true"/>
                              </ptk:WtPageName>
                           </ptk:target>
                           <ptk:title>
                              <ptk:WtLinkTitle-WtNoLinkTitle/>
                           </ptk:title>
                        </ptk:WtInternalLink>
                        <ptk:t>
</ptk:t>
                        <ptk:WtInternalLink>
                           <ptk:rtd>c3EAfgAjdXEAfgAnAAAAA3VxAH4AKQAAAAFxAH4BVnEAfgC6dXEAfgApAAAAAXEAfgFY</ptk:rtd>
                           <ptk:prefix/>
                           <ptk:postfix/>
                           <ptk:target>
                              <ptk:WtPageName location="Target:319:3">
                                 <ptk:content>hu:Dél-Szudán</ptk:content>
                                 <ptk:rtd null="true"/>
                              </ptk:WtPageName>
                           </ptk:target>
                           <ptk:title>
                              <ptk:WtLinkTitle-WtNoLinkTitle/>
                           </ptk:title>
                        </ptk:WtInternalLink>
                        <ptk:t>
</ptk:t>
                        <ptk:WtInternalLink>
                           <ptk:rtd>c3EAfgAjdXEAfgAnAAAAA3VxAH4AKQAAAAFxAH4BVnEAfgC6dXEAfgApAAAAAXEAfgFY</ptk:rtd>
                           <ptk:prefix/>
                           <ptk:postfix/>
                           <ptk:target>
                              <ptk:WtPageName location="Target:320:3">
                                 <ptk:content>hy:Հարավային Սուդան</ptk:content>
                                 <ptk:rtd null="true"/>
                              </ptk:WtPageName>
                           </ptk:target>
                           <ptk:title>
                              <ptk:WtLinkTitle-WtNoLinkTitle/>
                           </ptk:title>
                        </ptk:WtInternalLink>
                        <ptk:t>
</ptk:t>
                        <ptk:WtInternalLink>
                           <ptk:rtd>c3EAfgAjdXEAfgAnAAAAA3VxAH4AKQAAAAFxAH4BVnEAfgC6dXEAfgApAAAAAXEAfgFY</ptk:rtd>
                           <ptk:prefix/>
                           <ptk:postfix/>
                           <ptk:target>
                              <ptk:WtPageName location="Target:321:3">
                                 <ptk:content>ia:Sudan del Sud</ptk:content>
                                 <ptk:rtd null="true"/>
                              </ptk:WtPageName>
                           </ptk:target>
                           <ptk:title>
                              <ptk:WtLinkTitle-WtNoLinkTitle/>
                           </ptk:title>
                        </ptk:WtInternalLink>
                        <ptk:t>
</ptk:t>
                        <ptk:WtInternalLink>
                           <ptk:rtd>c3EAfgAjdXEAfgAnAAAAA3VxAH4AKQAAAAFxAH4BVnEAfgC6dXEAfgApAAAAAXEAfgFY</ptk:rtd>
                           <ptk:prefix/>
                           <ptk:postfix/>
                           <ptk:target>
                              <ptk:WtPageName location="Target:322:3">
                                 <ptk:content>id:Sudan Selatan</ptk:content>
                                 <ptk:rtd null="true"/>
                              </ptk:WtPageName>
                           </ptk:target>
                           <ptk:title>
                              <ptk:WtLinkTitle-WtNoLinkTitle/>
                           </ptk:title>
                        </ptk:WtInternalLink>
                        <ptk:t>
</ptk:t>
                        <ptk:WtInternalLink>
                           <ptk:rtd>c3EAfgAjdXEAfgAnAAAAA3VxAH4AKQAAAAFxAH4BVnEAfgC6dXEAfgApAAAAAXEAfgFY</ptk:rtd>
                           <ptk:prefix/>
                           <ptk:postfix/>
                           <ptk:target>
                              <ptk:WtPageName location="Target:323:3">
                                 <ptk:content>ie:Sud-Sudan</ptk:content>
                                 <ptk:rtd null="true"/>
                              </ptk:WtPageName>
                           </ptk:target>
                           <ptk:title>
                              <ptk:WtLinkTitle-WtNoLinkTitle/>
                           </ptk:title>
                        </ptk:WtInternalLink>
                        <ptk:t>
</ptk:t>
                        <ptk:WtInternalLink>
                           <ptk:rtd>c3EAfgAjdXEAfgAnAAAAA3VxAH4AKQAAAAFxAH4BVnEAfgC6dXEAfgApAAAAAXEAfgFY</ptk:rtd>
                           <ptk:prefix/>
                           <ptk:postfix/>
                           <ptk:target>
                              <ptk:WtPageName location="Target:324:3">
                                 <ptk:content>io:Sud-Sudan</ptk:content>
                                 <ptk:rtd null="true"/>
                              </ptk:WtPageName>
                           </ptk:target>
                           <ptk:title>
                              <ptk:WtLinkTitle-WtNoLinkTitle/>
                           </ptk:title>
                        </ptk:WtInternalLink>
                        <ptk:t>
</ptk:t>
                        <ptk:WtInternalLink>
                           <ptk:rtd>c3EAfgAjdXEAfgAnAAAAA3VxAH4AKQAAAAFxAH4BVnEAfgC6dXEAfgApAAAAAXEAfgFY</ptk:rtd>
                           <ptk:prefix/>
                           <ptk:postfix/>
                           <ptk:target>
                              <ptk:WtPageName location="Target:325:3">
                                 <ptk:content>is:Suður-Súdan</ptk:content>
                                 <ptk:rtd null="true"/>
                              </ptk:WtPageName>
                           </ptk:target>
                           <ptk:title>
                              <ptk:WtLinkTitle-WtNoLinkTitle/>
                           </ptk:title>
                        </ptk:WtInternalLink>
                        <ptk:t>
</ptk:t>
                        <ptk:WtInternalLink>
                           <ptk:rtd>c3EAfgAjdXEAfgAnAAAAA3VxAH4AKQAAAAFxAH4BVnEAfgC6dXEAfgApAAAAAXEAfgFY</ptk:rtd>
                           <ptk:prefix/>
                           <ptk:postfix/>
                           <ptk:target>
                              <ptk:WtPageName location="Target:326:3">
                                 <ptk:content>it:Sudan del Sud</ptk:content>
                                 <ptk:rtd null="true"/>
                              </ptk:WtPageName>
                           </ptk:target>
                           <ptk:title>
                              <ptk:WtLinkTitle-WtNoLinkTitle/>
                           </ptk:title>
                        </ptk:WtInternalLink>
                        <ptk:t>
</ptk:t>
                        <ptk:WtInternalLink>
                           <ptk:rtd>c3EAfgAjdXEAfgAnAAAAA3VxAH4AKQAAAAFxAH4BVnEAfgC6dXEAfgApAAAAAXEAfgFY</ptk:rtd>
                           <ptk:prefix/>
                           <ptk:postfix/>
                           <ptk:target>
                              <ptk:WtPageName location="Target:327:3">
                                 <ptk:content>ja:南スーダン</ptk:content>
                                 <ptk:rtd null="true"/>
                              </ptk:WtPageName>
                           </ptk:target>
                           <ptk:title>
                              <ptk:WtLinkTitle-WtNoLinkTitle/>
                           </ptk:title>
                        </ptk:WtInternalLink>
                        <ptk:t>
</ptk:t>
                        <ptk:WtInternalLink>
                           <ptk:rtd>c3EAfgAjdXEAfgAnAAAAA3VxAH4AKQAAAAFxAH4BVnEAfgC6dXEAfgApAAAAAXEAfgFY</ptk:rtd>
                           <ptk:prefix/>
                           <ptk:postfix/>
                           <ptk:target>
                              <ptk:WtPageName location="Target:328:3">
                                 <ptk:content>jv:Sudan Kidul</ptk:content>
                                 <ptk:rtd null="true"/>
                              </ptk:WtPageName>
                           </ptk:target>
                           <ptk:title>
                              <ptk:WtLinkTitle-WtNoLinkTitle/>
                           </ptk:title>
                        </ptk:WtInternalLink>
                        <ptk:t>
</ptk:t>
                        <ptk:WtInternalLink>
                           <ptk:rtd>c3EAfgAjdXEAfgAnAAAAA3VxAH4AKQAAAAFxAH4BVnEAfgC6dXEAfgApAAAAAXEAfgFY</ptk:rtd>
                           <ptk:prefix/>
                           <ptk:postfix/>
                           <ptk:target>
                              <ptk:WtPageName location="Target:329:3">
                                 <ptk:content>ka:სამხრეთი სუდანი</ptk:content>
                                 <ptk:rtd null="true"/>
                              </ptk:WtPageName>
                           </ptk:target>
                           <ptk:title>
                              <ptk:WtLinkTitle-WtNoLinkTitle/>
                           </ptk:title>
                        </ptk:WtInternalLink>
                        <ptk:t>
</ptk:t>
                        <ptk:WtInternalLink>
                           <ptk:rtd>c3EAfgAjdXEAfgAnAAAAA3VxAH4AKQAAAAFxAH4BVnEAfgC6dXEAfgApAAAAAXEAfgFY</ptk:rtd>
                           <ptk:prefix/>
                           <ptk:postfix/>
                           <ptk:target>
                              <ptk:WtPageName location="Target:330:3">
                                 <ptk:content>kaa:Qubla Sudan</ptk:content>
                                 <ptk:rtd null="true"/>
                              </ptk:WtPageName>
                           </ptk:target>
                           <ptk:title>
                              <ptk:WtLinkTitle-WtNoLinkTitle/>
                           </ptk:title>
                        </ptk:WtInternalLink>
                        <ptk:t>
</ptk:t>
                        <ptk:WtInternalLink>
                           <ptk:rtd>c3EAfgAjdXEAfgAnAAAAA3VxAH4AKQAAAAFxAH4BVnEAfgC6dXEAfgApAAAAAXEAfgFY</ptk:rtd>
                           <ptk:prefix/>
                           <ptk:postfix/>
                           <ptk:target>
                              <ptk:WtPageName location="Target:331:3">
                                 <ptk:content>kk:Оңтүстік Судан</ptk:content>
                                 <ptk:rtd null="true"/>
                              </ptk:WtPageName>
                           </ptk:target>
                           <ptk:title>
                              <ptk:WtLinkTitle-WtNoLinkTitle/>
                           </ptk:title>
                        </ptk:WtInternalLink>
                        <ptk:t>
</ptk:t>
                        <ptk:WtInternalLink>
                           <ptk:rtd>c3EAfgAjdXEAfgAnAAAAA3VxAH4AKQAAAAFxAH4BVnEAfgC6dXEAfgApAAAAAXEAfgFY</ptk:rtd>
                           <ptk:prefix/>
                           <ptk:postfix/>
                           <ptk:target>
                              <ptk:WtPageName location="Target:332:3">
                                 <ptk:content>ko:남수단</ptk:content>
                                 <ptk:rtd null="true"/>
                              </ptk:WtPageName>
                           </ptk:target>
                           <ptk:title>
                              <ptk:WtLinkTitle-WtNoLinkTitle/>
                           </ptk:title>
                        </ptk:WtInternalLink>
                        <ptk:t>
</ptk:t>
                        <ptk:WtInternalLink>
                           <ptk:rtd>c3EAfgAjdXEAfgAnAAAAA3VxAH4AKQAAAAFxAH4BVnEAfgC6dXEAfgApAAAAAXEAfgFY</ptk:rtd>
                           <ptk:prefix/>
                           <ptk:postfix/>
                           <ptk:target>
                              <ptk:WtPageName location="Target:333:3">
                                 <ptk:content>koi:Лунвыв Судан</ptk:content>
                                 <ptk:rtd null="true"/>
                              </ptk:WtPageName>
                           </ptk:target>
                           <ptk:title>
                              <ptk:WtLinkTitle-WtNoLinkTitle/>
                           </ptk:title>
                        </ptk:WtInternalLink>
                        <ptk:t>
</ptk:t>
                        <ptk:WtInternalLink>
                           <ptk:rtd>c3EAfgAjdXEAfgAnAAAAA3VxAH4AKQAAAAFxAH4BVnEAfgC6dXEAfgApAAAAAXEAfgFY</ptk:rtd>
                           <ptk:prefix/>
                           <ptk:postfix/>
                           <ptk:target>
                              <ptk:WtPageName location="Target:334:3">
                                 <ptk:content>ksh:Südsudan</ptk:content>
                                 <ptk:rtd null="true"/>
                              </ptk:WtPageName>
                           </ptk:target>
                           <ptk:title>
                              <ptk:WtLinkTitle-WtNoLinkTitle/>
                           </ptk:title>
                        </ptk:WtInternalLink>
                        <ptk:t>
</ptk:t>
                        <ptk:WtInternalLink>
                           <ptk:rtd>c3EAfgAjdXEAfgAnAAAAA3VxAH4AKQAAAAFxAH4BVnEAfgC6dXEAfgApAAAAAXEAfgFY</ptk:rtd>
                           <ptk:prefix/>
                           <ptk:postfix/>
                           <ptk:target>
                              <ptk:WtPageName location="Target:335:3">
                                 <ptk:content>ku:Sûdana Başûr</ptk:content>
                                 <ptk:rtd null="true"/>
                              </ptk:WtPageName>
                           </ptk:target>
                           <ptk:title>
                              <ptk:WtLinkTitle-WtNoLinkTitle/>
                           </ptk:title>
                        </ptk:WtInternalLink>
                        <ptk:t>
</ptk:t>
                        <ptk:WtInternalLink>
                           <ptk:rtd>c3EAfgAjdXEAfgAnAAAAA3VxAH4AKQAAAAFxAH4BVnEAfgC6dXEAfgApAAAAAXEAfgFY</ptk:rtd>
                           <ptk:prefix/>
                           <ptk:postfix/>
                           <ptk:target>
                              <ptk:WtPageName location="Target:336:3">
                                 <ptk:content>kv:Лунвыв Судан</ptk:content>
                                 <ptk:rtd null="true"/>
                              </ptk:WtPageName>
                           </ptk:target>
                           <ptk:title>
                              <ptk:WtLinkTitle-WtNoLinkTitle/>
                           </ptk:title>
                        </ptk:WtInternalLink>
                        <ptk:t>
</ptk:t>
                        <ptk:WtInternalLink>
                           <ptk:rtd>c3EAfgAjdXEAfgAnAAAAA3VxAH4AKQAAAAFxAH4BVnEAfgC6dXEAfgApAAAAAXEAfgFY</ptk:rtd>
                           <ptk:prefix/>
                           <ptk:postfix/>
                           <ptk:target>
                              <ptk:WtPageName location="Target:337:3">
                                 <ptk:content>kw:Soudan Soth</ptk:content>
                                 <ptk:rtd null="true"/>
                              </ptk:WtPageName>
                           </ptk:target>
                           <ptk:title>
                              <ptk:WtLinkTitle-WtNoLinkTitle/>
                           </ptk:title>
                        </ptk:WtInternalLink>
                        <ptk:t>
</ptk:t>
                        <ptk:WtInternalLink>
                           <ptk:rtd>c3EAfgAjdXEAfgAnAAAAA3VxAH4AKQAAAAFxAH4BVnEAfgC6dXEAfgApAAAAAXEAfgFY</ptk:rtd>
                           <ptk:prefix/>
                           <ptk:postfix/>
                           <ptk:target>
                              <ptk:WtPageName location="Target:338:3">
                                 <ptk:content>la:Sudania Australis</ptk:content>
                                 <ptk:rtd null="true"/>
                              </ptk:WtPageName>
                           </ptk:target>
                           <ptk:title>
                              <ptk:WtLinkTitle-WtNoLinkTitle/>
                           </ptk:title>
                        </ptk:WtInternalLink>
                        <ptk:t>
</ptk:t>
                        <ptk:WtInternalLink>
                           <ptk:rtd>c3EAfgAjdXEAfgAnAAAAA3VxAH4AKQAAAAFxAH4BVnEAfgC6dXEAfgApAAAAAXEAfgFY</ptk:rtd>
                           <ptk:prefix/>
                           <ptk:postfix/>
                           <ptk:target>
                              <ptk:WtPageName location="Target:339:3">
                                 <ptk:content>lad:Sudan del Sud</ptk:content>
                                 <ptk:rtd null="true"/>
                              </ptk:WtPageName>
                           </ptk:target>
                           <ptk:title>
                              <ptk:WtLinkTitle-WtNoLinkTitle/>
                           </ptk:title>
                        </ptk:WtInternalLink>
                        <ptk:t>
</ptk:t>
                        <ptk:WtInternalLink>
                           <ptk:rtd>c3EAfgAjdXEAfgAnAAAAA3VxAH4AKQAAAAFxAH4BVnEAfgC6dXEAfgApAAAAAXEAfgFY</ptk:rtd>
                           <ptk:prefix/>
                           <ptk:postfix/>
                           <ptk:target>
                              <ptk:WtPageName location="Target:340:3">
                                 <ptk:content>lb:Südsudan</ptk:content>
                                 <ptk:rtd null="true"/>
                              </ptk:WtPageName>
                           </ptk:target>
                           <ptk:title>
                              <ptk:WtLinkTitle-WtNoLinkTitle/>
                           </ptk:title>
                        </ptk:WtInternalLink>
                        <ptk:t>
</ptk:t>
                        <ptk:WtInternalLink>
                           <ptk:rtd>c3EAfgAjdXEAfgAnAAAAA3VxAH4AKQAAAAFxAH4BVnEAfgC6dXEAfgApAAAAAXEAfgFY</ptk:rtd>
                           <ptk:prefix/>
                           <ptk:postfix/>
                           <ptk:target>
                              <ptk:WtPageName location="Target:341:3">
                                 <ptk:content>lbe:Кьилвалул Судан</ptk:content>
                                 <ptk:rtd null="true"/>
                              </ptk:WtPageName>
                           </ptk:target>
                           <ptk:title>
                              <ptk:WtLinkTitle-WtNoLinkTitle/>
                           </ptk:title>
                        </ptk:WtInternalLink>
                        <ptk:t>
</ptk:t>
                        <ptk:WtInternalLink>
                           <ptk:rtd>c3EAfgAjdXEAfgAnAAAAA3VxAH4AKQAAAAFxAH4BVnEAfgC6dXEAfgApAAAAAXEAfgFY</ptk:rtd>
                           <ptk:prefix/>
                           <ptk:postfix/>
                           <ptk:target>
                              <ptk:WtPageName location="Target:342:3">
                                 <ptk:content>li:Zuid-Soedan</ptk:content>
                                 <ptk:rtd null="true"/>
                              </ptk:WtPageName>
                           </ptk:target>
                           <ptk:title>
                              <ptk:WtLinkTitle-WtNoLinkTitle/>
                           </ptk:title>
                        </ptk:WtInternalLink>
                        <ptk:t>
</ptk:t>
                        <ptk:WtInternalLink>
                           <ptk:rtd>c3EAfgAjdXEAfgAnAAAAA3VxAH4AKQAAAAFxAH4BVnEAfgC6dXEAfgApAAAAAXEAfgFY</ptk:rtd>
                           <ptk:prefix/>
                           <ptk:postfix/>
                           <ptk:target>
                              <ptk:WtPageName location="Target:343:3">
                                 <ptk:content>lij:Sudan do Sud</ptk:content>
                                 <ptk:rtd null="true"/>
                              </ptk:WtPageName>
                           </ptk:target>
                           <ptk:title>
                              <ptk:WtLinkTitle-WtNoLinkTitle/>
                           </ptk:title>
                        </ptk:WtInternalLink>
                        <ptk:t>
</ptk:t>
                        <ptk:WtInternalLink>
                           <ptk:rtd>c3EAfgAjdXEAfgAnAAAAA3VxAH4AKQAAAAFxAH4BVnEAfgC6dXEAfgApAAAAAXEAfgFY</ptk:rtd>
                           <ptk:prefix/>
                           <ptk:postfix/>
                           <ptk:target>
                              <ptk:WtPageName location="Target:344:3">
                                 <ptk:content>lmo:Süd Sudan</ptk:content>
                                 <ptk:rtd null="true"/>
                              </ptk:WtPageName>
                           </ptk:target>
                           <ptk:title>
                              <ptk:WtLinkTitle-WtNoLinkTitle/>
                           </ptk:title>
                        </ptk:WtInternalLink>
                        <ptk:t>
</ptk:t>
                        <ptk:WtInternalLink>
                           <ptk:rtd>c3EAfgAjdXEAfgAnAAAAA3VxAH4AKQAAAAFxAH4BVnEAfgC6dXEAfgApAAAAAXEAfgFY</ptk:rtd>
                           <ptk:prefix/>
                           <ptk:postfix/>
                           <ptk:target>
                              <ptk:WtPageName location="Target:345:3">
                                 <ptk:content>lt:Pietų Sudanas</ptk:content>
                                 <ptk:rtd null="true"/>
                              </ptk:WtPageName>
                           </ptk:target>
                           <ptk:title>
                              <ptk:WtLinkTitle-WtNoLinkTitle/>
                           </ptk:title>
                        </ptk:WtInternalLink>
                        <ptk:t>
</ptk:t>
                        <ptk:WtInternalLink>
                           <ptk:rtd>c3EAfgAjdXEAfgAnAAAAA3VxAH4AKQAAAAFxAH4BVnEAfgC6dXEAfgApAAAAAXEAfgFY</ptk:rtd>
                           <ptk:prefix/>
                           <ptk:postfix/>
                           <ptk:target>
                              <ptk:WtPageName location="Target:346:3">
                                 <ptk:content>lv:Dienvidsudāna</ptk:content>
                                 <ptk:rtd null="true"/>
                              </ptk:WtPageName>
                           </ptk:target>
                           <ptk:title>
                              <ptk:WtLinkTitle-WtNoLinkTitle/>
                           </ptk:title>
                        </ptk:WtInternalLink>
                        <ptk:t>
</ptk:t>
                        <ptk:WtInternalLink>
                           <ptk:rtd>c3EAfgAjdXEAfgAnAAAAA3VxAH4AKQAAAAFxAH4BVnEAfgC6dXEAfgApAAAAAXEAfgFY</ptk:rtd>
                           <ptk:prefix/>
                           <ptk:postfix/>
                           <ptk:target>
                              <ptk:WtPageName location="Target:347:3">
                                 <ptk:content>mdf:Лямбеширень Судан</ptk:content>
                                 <ptk:rtd null="true"/>
                              </ptk:WtPageName>
                           </ptk:target>
                           <ptk:title>
                              <ptk:WtLinkTitle-WtNoLinkTitle/>
                           </ptk:title>
                        </ptk:WtInternalLink>
                        <ptk:t>
</ptk:t>
                        <ptk:WtInternalLink>
                           <ptk:rtd>c3EAfgAjdXEAfgAnAAAAA3VxAH4AKQAAAAFxAH4BVnEAfgC6dXEAfgApAAAAAXEAfgFY</ptk:rtd>
                           <ptk:prefix/>
                           <ptk:postfix/>
                           <ptk:target>
                              <ptk:WtPageName location="Target:348:3">
                                 <ptk:content>mk:Јужен Судан</ptk:content>
                                 <ptk:rtd null="true"/>
                              </ptk:WtPageName>
                           </ptk:target>
                           <ptk:title>
                              <ptk:WtLinkTitle-WtNoLinkTitle/>
                           </ptk:title>
                        </ptk:WtInternalLink>
                        <ptk:t>
</ptk:t>
                        <ptk:WtInternalLink>
                           <ptk:rtd>c3EAfgAjdXEAfgAnAAAAA3VxAH4AKQAAAAFxAH4BVnEAfgC6dXEAfgApAAAAAXEAfgFY</ptk:rtd>
                           <ptk:prefix/>
                           <ptk:postfix/>
                           <ptk:target>
                              <ptk:WtPageName location="Target:349:3">
                                 <ptk:content>ml:ദക്ഷിണ സുഡാൻ</ptk:content>
                                 <ptk:rtd null="true"/>
                              </ptk:WtPageName>
                           </ptk:target>
                           <ptk:title>
                              <ptk:WtLinkTitle-WtNoLinkTitle/>
                           </ptk:title>
                        </ptk:WtInternalLink>
                        <ptk:t>
</ptk:t>
                        <ptk:WtInternalLink>
                           <ptk:rtd>c3EAfgAjdXEAfgAnAAAAA3VxAH4AKQAAAAFxAH4BVnEAfgC6dXEAfgApAAAAAXEAfgFY</ptk:rtd>
                           <ptk:prefix/>
                           <ptk:postfix/>
                           <ptk:target>
                              <ptk:WtPageName location="Target:350:3">
                                 <ptk:content>mr:दक्षिण सुदान</ptk:content>
                                 <ptk:rtd null="true"/>
                              </ptk:WtPageName>
                           </ptk:target>
                           <ptk:title>
                              <ptk:WtLinkTitle-WtNoLinkTitle/>
                           </ptk:title>
                        </ptk:WtInternalLink>
                        <ptk:t>
</ptk:t>
                        <ptk:WtInternalLink>
                           <ptk:rtd>c3EAfgAjdXEAfgAnAAAAA3VxAH4AKQAAAAFxAH4BVnEAfgC6dXEAfgApAAAAAXEAfgFY</ptk:rtd>
                           <ptk:prefix/>
                           <ptk:postfix/>
                           <ptk:target>
                              <ptk:WtPageName location="Target:351:3">
                                 <ptk:content>mrj:Кечӹвӓлвел Судан</ptk:content>
                                 <ptk:rtd null="true"/>
                              </ptk:WtPageName>
                           </ptk:target>
                           <ptk:title>
                              <ptk:WtLinkTitle-WtNoLinkTitle/>
                           </ptk:title>
                        </ptk:WtInternalLink>
                        <ptk:t>
</ptk:t>
                        <ptk:WtInternalLink>
                           <ptk:rtd>c3EAfgAjdXEAfgAnAAAAA3VxAH4AKQAAAAFxAH4BVnEAfgC6dXEAfgApAAAAAXEAfgFY</ptk:rtd>
                           <ptk:prefix/>
                           <ptk:postfix/>
                           <ptk:target>
                              <ptk:WtPageName location="Target:352:3">
                                 <ptk:content>ms:Sudan Selatan</ptk:content>
                                 <ptk:rtd null="true"/>
                              </ptk:WtPageName>
                           </ptk:target>
                           <ptk:title>
                              <ptk:WtLinkTitle-WtNoLinkTitle/>
                           </ptk:title>
                        </ptk:WtInternalLink>
                        <ptk:t>
</ptk:t>
                        <ptk:WtInternalLink>
                           <ptk:rtd>c3EAfgAjdXEAfgAnAAAAA3VxAH4AKQAAAAFxAH4BVnEAfgC6dXEAfgApAAAAAXEAfgFY</ptk:rtd>
                           <ptk:prefix/>
                           <ptk:postfix/>
                           <ptk:target>
                              <ptk:WtPageName location="Target:353:3">
                                 <ptk:content>my:တောင်ဆူဒန်နိုင်ငံ</ptk:content>
                                 <ptk:rtd null="true"/>
                              </ptk:WtPageName>
                           </ptk:target>
                           <ptk:title>
                              <ptk:WtLinkTitle-WtNoLinkTitle/>
                           </ptk:title>
                        </ptk:WtInternalLink>
                        <ptk:t>
</ptk:t>
                        <ptk:WtInternalLink>
                           <ptk:rtd>c3EAfgAjdXEAfgAnAAAAA3VxAH4AKQAAAAFxAH4BVnEAfgC6dXEAfgApAAAAAXEAfgFY</ptk:rtd>
                           <ptk:prefix/>
                           <ptk:postfix/>
                           <ptk:target>
                              <ptk:WtPageName location="Target:354:3">
                                 <ptk:content>mzn:جنوبی سودان</ptk:content>
                                 <ptk:rtd null="true"/>
                              </ptk:WtPageName>
                           </ptk:target>
                           <ptk:title>
                              <ptk:WtLinkTitle-WtNoLinkTitle/>
                           </ptk:title>
                        </ptk:WtInternalLink>
                        <ptk:t>
</ptk:t>
                        <ptk:WtInternalLink>
                           <ptk:rtd>c3EAfgAjdXEAfgAnAAAAA3VxAH4AKQAAAAFxAH4BVnEAfgC6dXEAfgApAAAAAXEAfgFY</ptk:rtd>
                           <ptk:prefix/>
                           <ptk:postfix/>
                           <ptk:target>
                              <ptk:WtPageName location="Target:355:3">
                                 <ptk:content>na:South Sudan</ptk:content>
                                 <ptk:rtd null="true"/>
                              </ptk:WtPageName>
                           </ptk:target>
                           <ptk:title>
                              <ptk:WtLinkTitle-WtNoLinkTitle/>
                           </ptk:title>
                        </ptk:WtInternalLink>
                        <ptk:t>
</ptk:t>
                        <ptk:WtInternalLink>
                           <ptk:rtd>c3EAfgAjdXEAfgAnAAAAA3VxAH4AKQAAAAFxAH4BVnEAfgC6dXEAfgApAAAAAXEAfgFY</ptk:rtd>
                           <ptk:prefix/>
                           <ptk:postfix/>
                           <ptk:target>
                              <ptk:WtPageName location="Target:356:3">
                                 <ptk:content>nah:Sudan Huitztlāmpa</ptk:content>
                                 <ptk:rtd null="true"/>
                              </ptk:WtPageName>
                           </ptk:target>
                           <ptk:title>
                              <ptk:WtLinkTitle-WtNoLinkTitle/>
                           </ptk:title>
                        </ptk:WtInternalLink>
                        <ptk:t>
</ptk:t>
                        <ptk:WtInternalLink>
                           <ptk:rtd>c3EAfgAjdXEAfgAnAAAAA3VxAH4AKQAAAAFxAH4BVnEAfgC6dXEAfgApAAAAAXEAfgFY</ptk:rtd>
                           <ptk:prefix/>
                           <ptk:postfix/>
                           <ptk:target>
                              <ptk:WtPageName location="Target:357:3">
                                 <ptk:content>nds:Süüdsudan</ptk:content>
                                 <ptk:rtd null="true"/>
                              </ptk:WtPageName>
                           </ptk:target>
                           <ptk:title>
                              <ptk:WtLinkTitle-WtNoLinkTitle/>
                           </ptk:title>
                        </ptk:WtInternalLink>
                        <ptk:t>
</ptk:t>
                        <ptk:WtInternalLink>
                           <ptk:rtd>c3EAfgAjdXEAfgAnAAAAA3VxAH4AKQAAAAFxAH4BVnEAfgC6dXEAfgApAAAAAXEAfgFY</ptk:rtd>
                           <ptk:prefix/>
                           <ptk:postfix/>
                           <ptk:target>
                              <ptk:WtPageName location="Target:358:3">
                                 <ptk:content>nds-nl:Zuudsoedan</ptk:content>
                                 <ptk:rtd null="true"/>
                              </ptk:WtPageName>
                           </ptk:target>
                           <ptk:title>
                              <ptk:WtLinkTitle-WtNoLinkTitle/>
                           </ptk:title>
                        </ptk:WtInternalLink>
                        <ptk:t>
</ptk:t>
                        <ptk:WtInternalLink>
                           <ptk:rtd>c3EAfgAjdXEAfgAnAAAAA3VxAH4AKQAAAAFxAH4BVnEAfgC6dXEAfgApAAAAAXEAfgFY</ptk:rtd>
                           <ptk:prefix/>
                           <ptk:postfix/>
                           <ptk:target>
                              <ptk:WtPageName location="Target:359:3">
                                 <ptk:content>nl:Zuid-Soedan</ptk:content>
                                 <ptk:rtd null="true"/>
                              </ptk:WtPageName>
                           </ptk:target>
                           <ptk:title>
                              <ptk:WtLinkTitle-WtNoLinkTitle/>
                           </ptk:title>
                        </ptk:WtInternalLink>
                        <ptk:t>
</ptk:t>
                        <ptk:WtInternalLink>
                           <ptk:rtd>c3EAfgAjdXEAfgAnAAAAA3VxAH4AKQAAAAFxAH4BVnEAfgC6dXEAfgApAAAAAXEAfgFY</ptk:rtd>
                           <ptk:prefix/>
                           <ptk:postfix/>
                           <ptk:target>
                              <ptk:WtPageName location="Target:360:3">
                                 <ptk:content>nn:Sør-Sudan</ptk:content>
                                 <ptk:rtd null="true"/>
                              </ptk:WtPageName>
                           </ptk:target>
                           <ptk:title>
                              <ptk:WtLinkTitle-WtNoLinkTitle/>
                           </ptk:title>
                        </ptk:WtInternalLink>
                        <ptk:t>
</ptk:t>
                        <ptk:WtInternalLink>
                           <ptk:rtd>c3EAfgAjdXEAfgAnAAAAA3VxAH4AKQAAAAFxAH4BVnEAfgC6dXEAfgApAAAAAXEAfgFY</ptk:rtd>
                           <ptk:prefix/>
                           <ptk:postfix/>
                           <ptk:target>
                              <ptk:WtPageName location="Target:361:3">
                                 <ptk:content>no:Sør-Sudan</ptk:content>
                                 <ptk:rtd null="true"/>
                              </ptk:WtPageName>
                           </ptk:target>
                           <ptk:title>
                              <ptk:WtLinkTitle-WtNoLinkTitle/>
                           </ptk:title>
                        </ptk:WtInternalLink>
                        <ptk:t>
</ptk:t>
                        <ptk:WtInternalLink>
                           <ptk:rtd>c3EAfgAjdXEAfgAnAAAAA3VxAH4AKQAAAAFxAH4BVnEAfgC6dXEAfgApAAAAAXEAfgFY</ptk:rtd>
                           <ptk:prefix/>
                           <ptk:postfix/>
                           <ptk:target>
                              <ptk:WtPageName location="Target:362:3">
                                 <ptk:content>nv:Shádiʼááhjí Soodą́ą</ptk:content>
                                 <ptk:rtd null="true"/>
                              </ptk:WtPageName>
                           </ptk:target>
                           <ptk:title>
                              <ptk:WtLinkTitle-WtNoLinkTitle/>
                           </ptk:title>
                        </ptk:WtInternalLink>
                        <ptk:t>
</ptk:t>
                        <ptk:WtInternalLink>
                           <ptk:rtd>c3EAfgAjdXEAfgAnAAAAA3VxAH4AKQAAAAFxAH4BVnEAfgC6dXEAfgApAAAAAXEAfgFY</ptk:rtd>
                           <ptk:prefix/>
                           <ptk:postfix/>
                           <ptk:target>
                              <ptk:WtPageName location="Target:363:3">
                                 <ptk:content>oc:Sodan del Sud</ptk:content>
                                 <ptk:rtd null="true"/>
                              </ptk:WtPageName>
                           </ptk:target>
                           <ptk:title>
                              <ptk:WtLinkTitle-WtNoLinkTitle/>
                           </ptk:title>
                        </ptk:WtInternalLink>
                        <ptk:t>
</ptk:t>
                        <ptk:WtInternalLink>
                           <ptk:rtd>c3EAfgAjdXEAfgAnAAAAA3VxAH4AKQAAAAFxAH4BVnEAfgC6dXEAfgApAAAAAXEAfgFY</ptk:rtd>
                           <ptk:prefix/>
                           <ptk:postfix/>
                           <ptk:target>
                              <ptk:WtPageName location="Target:364:3">
                                 <ptk:content>or:ଦକ୍ଷିନ ସୁଦାନ</ptk:content>
                                 <ptk:rtd null="true"/>
                              </ptk:WtPageName>
                           </ptk:target>
                           <ptk:title>
                              <ptk:WtLinkTitle-WtNoLinkTitle/>
                           </ptk:title>
                        </ptk:WtInternalLink>
                        <ptk:t>
</ptk:t>
                        <ptk:WtInternalLink>
                           <ptk:rtd>c3EAfgAjdXEAfgAnAAAAA3VxAH4AKQAAAAFxAH4BVnEAfgC6dXEAfgApAAAAAXEAfgFY</ptk:rtd>
                           <ptk:prefix/>
                           <ptk:postfix/>
                           <ptk:target>
                              <ptk:WtPageName location="Target:365:3">
                                 <ptk:content>pl:Sudan Południowy</ptk:content>
                                 <ptk:rtd null="true"/>
                              </ptk:WtPageName>
                           </ptk:target>
                           <ptk:title>
                              <ptk:WtLinkTitle-WtNoLinkTitle/>
                           </ptk:title>
                        </ptk:WtInternalLink>
                        <ptk:t>
</ptk:t>
                        <ptk:WtInternalLink>
                           <ptk:rtd>c3EAfgAjdXEAfgAnAAAAA3VxAH4AKQAAAAFxAH4BVnEAfgC6dXEAfgApAAAAAXEAfgFY</ptk:rtd>
                           <ptk:prefix/>
                           <ptk:postfix/>
                           <ptk:target>
                              <ptk:WtPageName location="Target:366:3">
                                 <ptk:content>pnb:دکھن سوڈان</ptk:content>
                                 <ptk:rtd null="true"/>
                              </ptk:WtPageName>
                           </ptk:target>
                           <ptk:title>
                              <ptk:WtLinkTitle-WtNoLinkTitle/>
                           </ptk:title>
                        </ptk:WtInternalLink>
                        <ptk:t>
</ptk:t>
                        <ptk:WtInternalLink>
                           <ptk:rtd>c3EAfgAjdXEAfgAnAAAAA3VxAH4AKQAAAAFxAH4BVnEAfgC6dXEAfgApAAAAAXEAfgFY</ptk:rtd>
                           <ptk:prefix/>
                           <ptk:postfix/>
                           <ptk:target>
                              <ptk:WtPageName location="Target:367:3">
                                 <ptk:content>ps:سوېلي سوډان</ptk:content>
                                 <ptk:rtd null="true"/>
                              </ptk:WtPageName>
                           </ptk:target>
                           <ptk:title>
                              <ptk:WtLinkTitle-WtNoLinkTitle/>
                           </ptk:title>
                        </ptk:WtInternalLink>
                        <ptk:t>
</ptk:t>
                        <ptk:WtInternalLink>
                           <ptk:rtd>c3EAfgAjdXEAfgAnAAAAA3VxAH4AKQAAAAFxAH4BVnEAfgC6dXEAfgApAAAAAXEAfgFY</ptk:rtd>
                           <ptk:prefix/>
                           <ptk:postfix/>
                           <ptk:target>
                              <ptk:WtPageName location="Target:368:3">
                                 <ptk:content>pt:Sudão do Sul</ptk:content>
                                 <ptk:rtd null="true"/>
                              </ptk:WtPageName>
                           </ptk:target>
                           <ptk:title>
                              <ptk:WtLinkTitle-WtNoLinkTitle/>
                           </ptk:title>
                        </ptk:WtInternalLink>
                        <ptk:t>
</ptk:t>
                        <ptk:WtInternalLink>
                           <ptk:rtd>c3EAfgAjdXEAfgAnAAAAA3VxAH4AKQAAAAFxAH4BVnEAfgC6dXEAfgApAAAAAXEAfgFY</ptk:rtd>
                           <ptk:prefix/>
                           <ptk:postfix/>
                           <ptk:target>
                              <ptk:WtPageName location="Target:369:3">
                                 <ptk:content>qu:Urin Sudan</ptk:content>
                                 <ptk:rtd null="true"/>
                              </ptk:WtPageName>
                           </ptk:target>
                           <ptk:title>
                              <ptk:WtLinkTitle-WtNoLinkTitle/>
                           </ptk:title>
                        </ptk:WtInternalLink>
                        <ptk:t>
</ptk:t>
                        <ptk:WtInternalLink>
                           <ptk:rtd>c3EAfgAjdXEAfgAnAAAAA3VxAH4AKQAAAAFxAH4BVnEAfgC6dXEAfgApAAAAAXEAfgFY</ptk:rtd>
                           <ptk:prefix/>
                           <ptk:postfix/>
                           <ptk:target>
                              <ptk:WtPageName location="Target:370:3">
                                 <ptk:content>rm:Sudan dal Sid</ptk:content>
                                 <ptk:rtd null="true"/>
                              </ptk:WtPageName>
                           </ptk:target>
                           <ptk:title>
                              <ptk:WtLinkTitle-WtNoLinkTitle/>
                           </ptk:title>
                        </ptk:WtInternalLink>
                        <ptk:t>
</ptk:t>
                        <ptk:WtInternalLink>
                           <ptk:rtd>c3EAfgAjdXEAfgAnAAAAA3VxAH4AKQAAAAFxAH4BVnEAfgC6dXEAfgApAAAAAXEAfgFY</ptk:rtd>
                           <ptk:prefix/>
                           <ptk:postfix/>
                           <ptk:target>
                              <ptk:WtPageName location="Target:371:3">
                                 <ptk:content>ro:Sudanul de Sud</ptk:content>
                                 <ptk:rtd null="true"/>
                              </ptk:WtPageName>
                           </ptk:target>
                           <ptk:title>
                              <ptk:WtLinkTitle-WtNoLinkTitle/>
                           </ptk:title>
                        </ptk:WtInternalLink>
                        <ptk:t>
</ptk:t>
                        <ptk:WtInternalLink>
                           <ptk:rtd>c3EAfgAjdXEAfgAnAAAAA3VxAH4AKQAAAAFxAH4BVnEAfgC6dXEAfgApAAAAAXEAfgFY</ptk:rtd>
                           <ptk:prefix/>
                           <ptk:postfix/>
                           <ptk:target>
                              <ptk:WtPageName location="Target:372:3">
                                 <ptk:content>roa-tara:Sudan d'u Sud</ptk:content>
                                 <ptk:rtd null="true"/>
                              </ptk:WtPageName>
                           </ptk:target>
                           <ptk:title>
                              <ptk:WtLinkTitle-WtNoLinkTitle/>
                           </ptk:title>
                        </ptk:WtInternalLink>
                        <ptk:t>
</ptk:t>
                        <ptk:WtInternalLink>
                           <ptk:rtd>c3EAfgAjdXEAfgAnAAAAA3VxAH4AKQAAAAFxAH4BVnEAfgC6dXEAfgApAAAAAXEAfgFY</ptk:rtd>
                           <ptk:prefix/>
                           <ptk:postfix/>
                           <ptk:target>
                              <ptk:WtPageName location="Target:373:3">
                                 <ptk:content>ru:Южный Судан</ptk:content>
                                 <ptk:rtd null="true"/>
                              </ptk:WtPageName>
                           </ptk:target>
                           <ptk:title>
                              <ptk:WtLinkTitle-WtNoLinkTitle/>
                           </ptk:title>
                        </ptk:WtInternalLink>
                        <ptk:t>
</ptk:t>
                        <ptk:WtInternalLink>
                           <ptk:rtd>c3EAfgAjdXEAfgAnAAAAA3VxAH4AKQAAAAFxAH4BVnEAfgC6dXEAfgApAAAAAXEAfgFY</ptk:rtd>
                           <ptk:prefix/>
                           <ptk:postfix/>
                           <ptk:target>
                              <ptk:WtPageName location="Target:374:3">
                                 <ptk:content>sc:Sudan Meridionali</ptk:content>
                                 <ptk:rtd null="true"/>
                              </ptk:WtPageName>
                           </ptk:target>
                           <ptk:title>
                              <ptk:WtLinkTitle-WtNoLinkTitle/>
                           </ptk:title>
                        </ptk:WtInternalLink>
                        <ptk:t>
</ptk:t>
                        <ptk:WtInternalLink>
                           <ptk:rtd>c3EAfgAjdXEAfgAnAAAAA3VxAH4AKQAAAAFxAH4BVnEAfgC6dXEAfgApAAAAAXEAfgFY</ptk:rtd>
                           <ptk:prefix/>
                           <ptk:postfix/>
                           <ptk:target>
                              <ptk:WtPageName location="Target:375:3">
                                 <ptk:content>scn:Sudan dû Sud</ptk:content>
                                 <ptk:rtd null="true"/>
                              </ptk:WtPageName>
                           </ptk:target>
                           <ptk:title>
                              <ptk:WtLinkTitle-WtNoLinkTitle/>
                           </ptk:title>
                        </ptk:WtInternalLink>
                        <ptk:t>
</ptk:t>
                        <ptk:WtInternalLink>
                           <ptk:rtd>c3EAfgAjdXEAfgAnAAAAA3VxAH4AKQAAAAFxAH4BVnEAfgC6dXEAfgApAAAAAXEAfgFY</ptk:rtd>
                           <ptk:prefix/>
                           <ptk:postfix/>
                           <ptk:target>
                              <ptk:WtPageName location="Target:376:3">
                                 <ptk:content>sco:Sooth Sudan</ptk:content>
                                 <ptk:rtd null="true"/>
                              </ptk:WtPageName>
                           </ptk:target>
                           <ptk:title>
                              <ptk:WtLinkTitle-WtNoLinkTitle/>
                           </ptk:title>
                        </ptk:WtInternalLink>
                        <ptk:t>
</ptk:t>
                        <ptk:WtInternalLink>
                           <ptk:rtd>c3EAfgAjdXEAfgAnAAAAA3VxAH4AKQAAAAFxAH4BVnEAfgC6dXEAfgApAAAAAXEAfgFY</ptk:rtd>
                           <ptk:prefix/>
                           <ptk:postfix/>
                           <ptk:target>
                              <ptk:WtPageName location="Target:377:3">
                                 <ptk:content>se:Lulli-Sudan</ptk:content>
                                 <ptk:rtd null="true"/>
                              </ptk:WtPageName>
                           </ptk:target>
                           <ptk:title>
                              <ptk:WtLinkTitle-WtNoLinkTitle/>
                           </ptk:title>
                        </ptk:WtInternalLink>
                        <ptk:t>
</ptk:t>
                        <ptk:WtInternalLink>
                           <ptk:rtd>c3EAfgAjdXEAfgAnAAAAA3VxAH4AKQAAAAFxAH4BVnEAfgC6dXEAfgApAAAAAXEAfgFY</ptk:rtd>
                           <ptk:prefix/>
                           <ptk:postfix/>
                           <ptk:target>
                              <ptk:WtPageName location="Target:378:3">
                                 <ptk:content>sg:Sudäan-Mbongo</ptk:content>
                                 <ptk:rtd null="true"/>
                              </ptk:WtPageName>
                           </ptk:target>
                           <ptk:title>
                              <ptk:WtLinkTitle-WtNoLinkTitle/>
                           </ptk:title>
                        </ptk:WtInternalLink>
                        <ptk:t>
</ptk:t>
                        <ptk:WtInternalLink>
                           <ptk:rtd>c3EAfgAjdXEAfgAnAAAAA3VxAH4AKQAAAAFxAH4BVnEAfgC6dXEAfgApAAAAAXEAfgFY</ptk:rtd>
                           <ptk:prefix/>
                           <ptk:postfix/>
                           <ptk:target>
                              <ptk:WtPageName location="Target:379:3">
                                 <ptk:content>sh:Južni Sudan</ptk:content>
                                 <ptk:rtd null="true"/>
                              </ptk:WtPageName>
                           </ptk:target>
                           <ptk:title>
                              <ptk:WtLinkTitle-WtNoLinkTitle/>
                           </ptk:title>
                        </ptk:WtInternalLink>
                        <ptk:t>
</ptk:t>
                        <ptk:WtInternalLink>
                           <ptk:rtd>c3EAfgAjdXEAfgAnAAAAA3VxAH4AKQAAAAFxAH4BVnEAfgC6dXEAfgApAAAAAXEAfgFY</ptk:rtd>
                           <ptk:prefix/>
                           <ptk:postfix/>
                           <ptk:target>
                              <ptk:WtPageName location="Target:380:3">
                                 <ptk:content>simple:South Sudan</ptk:content>
                                 <ptk:rtd null="true"/>
                              </ptk:WtPageName>
                           </ptk:target>
                           <ptk:title>
                              <ptk:WtLinkTitle-WtNoLinkTitle/>
                           </ptk:title>
                        </ptk:WtInternalLink>
                        <ptk:t>
</ptk:t>
                        <ptk:WtInternalLink>
                           <ptk:rtd>c3EAfgAjdXEAfgAnAAAAA3VxAH4AKQAAAAFxAH4BVnEAfgC6dXEAfgApAAAAAXEAfgFY</ptk:rtd>
                           <ptk:prefix/>
                           <ptk:postfix/>
                           <ptk:target>
                              <ptk:WtPageName location="Target:381:3">
                                 <ptk:content>sk:Južný Sudán</ptk:content>
                                 <ptk:rtd null="true"/>
                              </ptk:WtPageName>
                           </ptk:target>
                           <ptk:title>
                              <ptk:WtLinkTitle-WtNoLinkTitle/>
                           </ptk:title>
                        </ptk:WtInternalLink>
                        <ptk:t>
</ptk:t>
                        <ptk:WtInternalLink>
                           <ptk:rtd>c3EAfgAjdXEAfgAnAAAAA3VxAH4AKQAAAAFxAH4BVnEAfgC6dXEAfgApAAAAAXEAfgFY</ptk:rtd>
                           <ptk:prefix/>
                           <ptk:postfix/>
                           <ptk:target>
                              <ptk:WtPageName location="Target:382:3">
                                 <ptk:content>sl:Južni Sudan</ptk:content>
                                 <ptk:rtd null="true"/>
                              </ptk:WtPageName>
                           </ptk:target>
                           <ptk:title>
                              <ptk:WtLinkTitle-WtNoLinkTitle/>
                           </ptk:title>
                        </ptk:WtInternalLink>
                        <ptk:t>
</ptk:t>
                        <ptk:WtInternalLink>
                           <ptk:rtd>c3EAfgAjdXEAfgAnAAAAA3VxAH4AKQAAAAFxAH4BVnEAfgC6dXEAfgApAAAAAXEAfgFY</ptk:rtd>
                           <ptk:prefix/>
                           <ptk:postfix/>
                           <ptk:target>
                              <ptk:WtPageName location="Target:383:3">
                                 <ptk:content>sn:South Sudan</ptk:content>
                                 <ptk:rtd null="true"/>
                              </ptk:WtPageName>
                           </ptk:target>
                           <ptk:title>
                              <ptk:WtLinkTitle-WtNoLinkTitle/>
                           </ptk:title>
                        </ptk:WtInternalLink>
                        <ptk:t>
</ptk:t>
                        <ptk:WtInternalLink>
                           <ptk:rtd>c3EAfgAjdXEAfgAnAAAAA3VxAH4AKQAAAAFxAH4BVnEAfgC6dXEAfgApAAAAAXEAfgFY</ptk:rtd>
                           <ptk:prefix/>
                           <ptk:postfix/>
                           <ptk:target>
                              <ptk:WtPageName location="Target:384:3">
                                 <ptk:content>so:Koonfur Suudaan</ptk:content>
                                 <ptk:rtd null="true"/>
                              </ptk:WtPageName>
                           </ptk:target>
                           <ptk:title>
                              <ptk:WtLinkTitle-WtNoLinkTitle/>
                           </ptk:title>
                        </ptk:WtInternalLink>
                        <ptk:t>
</ptk:t>
                        <ptk:WtInternalLink>
                           <ptk:rtd>c3EAfgAjdXEAfgAnAAAAA3VxAH4AKQAAAAFxAH4BVnEAfgC6dXEAfgApAAAAAXEAfgFY</ptk:rtd>
                           <ptk:prefix/>
                           <ptk:postfix/>
                           <ptk:target>
                              <ptk:WtPageName location="Target:385:3">
                                 <ptk:content>sq:Sudani i Jugut</ptk:content>
                                 <ptk:rtd null="true"/>
                              </ptk:WtPageName>
                           </ptk:target>
                           <ptk:title>
                              <ptk:WtLinkTitle-WtNoLinkTitle/>
                           </ptk:title>
                        </ptk:WtInternalLink>
                        <ptk:t>
</ptk:t>
                        <ptk:WtInternalLink>
                           <ptk:rtd>c3EAfgAjdXEAfgAnAAAAA3VxAH4AKQAAAAFxAH4BVnEAfgC6dXEAfgApAAAAAXEAfgFY</ptk:rtd>
                           <ptk:prefix/>
                           <ptk:postfix/>
                           <ptk:target>
                              <ptk:WtPageName location="Target:386:3">
                                 <ptk:content>sr:Јужни Судан</ptk:content>
                                 <ptk:rtd null="true"/>
                              </ptk:WtPageName>
                           </ptk:target>
                           <ptk:title>
                              <ptk:WtLinkTitle-WtNoLinkTitle/>
                           </ptk:title>
                        </ptk:WtInternalLink>
                        <ptk:t>
</ptk:t>
                        <ptk:WtInternalLink>
                           <ptk:rtd>c3EAfgAjdXEAfgAnAAAAA3VxAH4AKQAAAAFxAH4BVnEAfgC6dXEAfgApAAAAAXEAfgFY</ptk:rtd>
                           <ptk:prefix/>
                           <ptk:postfix/>
                           <ptk:target>
                              <ptk:WtPageName location="Target:387:3">
                                 <ptk:content>su:Sudan Kidul</ptk:content>
                                 <ptk:rtd null="true"/>
                              </ptk:WtPageName>
                           </ptk:target>
                           <ptk:title>
                              <ptk:WtLinkTitle-WtNoLinkTitle/>
                           </ptk:title>
                        </ptk:WtInternalLink>
                        <ptk:t>
</ptk:t>
                        <ptk:WtInternalLink>
                           <ptk:rtd>c3EAfgAjdXEAfgAnAAAAA3VxAH4AKQAAAAFxAH4BVnEAfgC6dXEAfgApAAAAAXEAfgFY</ptk:rtd>
                           <ptk:prefix/>
                           <ptk:postfix/>
                           <ptk:target>
                              <ptk:WtPageName location="Target:388:3">
                                 <ptk:content>sv:Sydsudan</ptk:content>
                                 <ptk:rtd null="true"/>
                              </ptk:WtPageName>
                           </ptk:target>
                           <ptk:title>
                              <ptk:WtLinkTitle-WtNoLinkTitle/>
                           </ptk:title>
                        </ptk:WtInternalLink>
                        <ptk:t>
</ptk:t>
                        <ptk:WtInternalLink>
                           <ptk:rtd>c3EAfgAjdXEAfgAnAAAAA3VxAH4AKQAAAAFxAH4BVnEAfgC6dXEAfgApAAAAAXEAfgFY</ptk:rtd>
                           <ptk:prefix/>
                           <ptk:postfix/>
                           <ptk:target>
                              <ptk:WtPageName location="Target:389:3">
                                 <ptk:content>sw:Sudan Kusini</ptk:content>
                                 <ptk:rtd null="true"/>
                              </ptk:WtPageName>
                           </ptk:target>
                           <ptk:title>
                              <ptk:WtLinkTitle-WtNoLinkTitle/>
                           </ptk:title>
                        </ptk:WtInternalLink>
                        <ptk:t>
</ptk:t>
                        <ptk:WtInternalLink>
                           <ptk:rtd>c3EAfgAjdXEAfgAnAAAAA3VxAH4AKQAAAAFxAH4BVnEAfgC6dXEAfgApAAAAAXEAfgFY</ptk:rtd>
                           <ptk:prefix/>
                           <ptk:postfix/>
                           <ptk:target>
                              <ptk:WtPageName location="Target:390:3">
                                 <ptk:content>szl:Połedńowy Sudan</ptk:content>
                                 <ptk:rtd null="true"/>
                              </ptk:WtPageName>
                           </ptk:target>
                           <ptk:title>
                              <ptk:WtLinkTitle-WtNoLinkTitle/>
                           </ptk:title>
                        </ptk:WtInternalLink>
                        <ptk:t>
</ptk:t>
                        <ptk:WtInternalLink>
                           <ptk:rtd>c3EAfgAjdXEAfgAnAAAAA3VxAH4AKQAAAAFxAH4BVnEAfgC6dXEAfgApAAAAAXEAfgFY</ptk:rtd>
                           <ptk:prefix/>
                           <ptk:postfix/>
                           <ptk:target>
                              <ptk:WtPageName location="Target:391:3">
                                 <ptk:content>ta:தெற்கு சூடான்</ptk:content>
                                 <ptk:rtd null="true"/>
                              </ptk:WtPageName>
                           </ptk:target>
                           <ptk:title>
                              <ptk:WtLinkTitle-WtNoLinkTitle/>
                           </ptk:title>
                        </ptk:WtInternalLink>
                        <ptk:t>
</ptk:t>
                        <ptk:WtInternalLink>
                           <ptk:rtd>c3EAfgAjdXEAfgAnAAAAA3VxAH4AKQAAAAFxAH4BVnEAfgC6dXEAfgApAAAAAXEAfgFY</ptk:rtd>
                           <ptk:prefix/>
                           <ptk:postfix/>
                           <ptk:target>
                              <ptk:WtPageName location="Target:392:3">
                                 <ptk:content>te:దక్షిణ సూడాన్</ptk:content>
                                 <ptk:rtd null="true"/>
                              </ptk:WtPageName>
                           </ptk:target>
                           <ptk:title>
                              <ptk:WtLinkTitle-WtNoLinkTitle/>
                           </ptk:title>
                        </ptk:WtInternalLink>
                        <ptk:t>
</ptk:t>
                        <ptk:WtInternalLink>
                           <ptk:rtd>c3EAfgAjdXEAfgAnAAAAA3VxAH4AKQAAAAFxAH4BVnEAfgC6dXEAfgApAAAAAXEAfgFY</ptk:rtd>
                           <ptk:prefix/>
                           <ptk:postfix/>
                           <ptk:target>
                              <ptk:WtPageName location="Target:393:3">
                                 <ptk:content>th:ประเทศเซาท์ซูดาน</ptk:content>
                                 <ptk:rtd null="true"/>
                              </ptk:WtPageName>
                           </ptk:target>
                           <ptk:title>
                              <ptk:WtLinkTitle-WtNoLinkTitle/>
                           </ptk:title>
                        </ptk:WtInternalLink>
                        <ptk:t>
</ptk:t>
                        <ptk:WtInternalLink>
                           <ptk:rtd>c3EAfgAjdXEAfgAnAAAAA3VxAH4AKQAAAAFxAH4BVnEAfgC6dXEAfgApAAAAAXEAfgFY</ptk:rtd>
                           <ptk:prefix/>
                           <ptk:postfix/>
                           <ptk:target>
                              <ptk:WtPageName location="Target:394:3">
                                 <ptk:content>tk:Günorta Sudan</ptk:content>
                                 <ptk:rtd null="true"/>
                              </ptk:WtPageName>
                           </ptk:target>
                           <ptk:title>
                              <ptk:WtLinkTitle-WtNoLinkTitle/>
                           </ptk:title>
                        </ptk:WtInternalLink>
                        <ptk:t>
</ptk:t>
                        <ptk:WtInternalLink>
                           <ptk:rtd>c3EAfgAjdXEAfgAnAAAAA3VxAH4AKQAAAAFxAH4BVnEAfgC6dXEAfgApAAAAAXEAfgFY</ptk:rtd>
                           <ptk:prefix/>
                           <ptk:postfix/>
                           <ptk:target>
                              <ptk:WtPageName location="Target:395:3">
                                 <ptk:content>tl:Timog Sudan</ptk:content>
                                 <ptk:rtd null="true"/>
                              </ptk:WtPageName>
                           </ptk:target>
                           <ptk:title>
                              <ptk:WtLinkTitle-WtNoLinkTitle/>
                           </ptk:title>
                        </ptk:WtInternalLink>
                        <ptk:t>
</ptk:t>
                        <ptk:WtInternalLink>
                           <ptk:rtd>c3EAfgAjdXEAfgAnAAAAA3VxAH4AKQAAAAFxAH4BVnEAfgC6dXEAfgApAAAAAXEAfgFY</ptk:rtd>
                           <ptk:prefix/>
                           <ptk:postfix/>
                           <ptk:target>
                              <ptk:WtPageName location="Target:396:3">
                                 <ptk:content>tr:Güney Sudan</ptk:content>
                                 <ptk:rtd null="true"/>
                              </ptk:WtPageName>
                           </ptk:target>
                           <ptk:title>
                              <ptk:WtLinkTitle-WtNoLinkTitle/>
                           </ptk:title>
                        </ptk:WtInternalLink>
                        <ptk:t>
</ptk:t>
                        <ptk:WtInternalLink>
                           <ptk:rtd>c3EAfgAjdXEAfgAnAAAAA3VxAH4AKQAAAAFxAH4BVnEAfgC6dXEAfgApAAAAAXEAfgFY</ptk:rtd>
                           <ptk:prefix/>
                           <ptk:postfix/>
                           <ptk:target>
                              <ptk:WtPageName location="Target:397:3">
                                 <ptk:content>tt:Көньяк Судан</ptk:content>
                                 <ptk:rtd null="true"/>
                              </ptk:WtPageName>
                           </ptk:target>
                           <ptk:title>
                              <ptk:WtLinkTitle-WtNoLinkTitle/>
                           </ptk:title>
                        </ptk:WtInternalLink>
                        <ptk:t>
</ptk:t>
                        <ptk:WtInternalLink>
                           <ptk:rtd>c3EAfgAjdXEAfgAnAAAAA3VxAH4AKQAAAAFxAH4BVnEAfgC6dXEAfgApAAAAAXEAfgFY</ptk:rtd>
                           <ptk:prefix/>
                           <ptk:postfix/>
                           <ptk:target>
                              <ptk:WtPageName location="Target:398:3">
                                 <ptk:content>udm:Лымшор Судан</ptk:content>
                                 <ptk:rtd null="true"/>
                              </ptk:WtPageName>
                           </ptk:target>
                           <ptk:title>
                              <ptk:WtLinkTitle-WtNoLinkTitle/>
                           </ptk:title>
                        </ptk:WtInternalLink>
                        <ptk:t>
</ptk:t>
                        <ptk:WtInternalLink>
                           <ptk:rtd>c3EAfgAjdXEAfgAnAAAAA3VxAH4AKQAAAAFxAH4BVnEAfgC6dXEAfgApAAAAAXEAfgFY</ptk:rtd>
                           <ptk:prefix/>
                           <ptk:postfix/>
                           <ptk:target>
                              <ptk:WtPageName location="Target:399:3">
                                 <ptk:content>uk:Південний Судан</ptk:content>
                                 <ptk:rtd null="true"/>
                              </ptk:WtPageName>
                           </ptk:target>
                           <ptk:title>
                              <ptk:WtLinkTitle-WtNoLinkTitle/>
                           </ptk:title>
                        </ptk:WtInternalLink>
                        <ptk:t>
</ptk:t>
                        <ptk:WtInternalLink>
                           <ptk:rtd>c3EAfgAjdXEAfgAnAAAAA3VxAH4AKQAAAAFxAH4BVnEAfgC6dXEAfgApAAAAAXEAfgFY</ptk:rtd>
                           <ptk:prefix/>
                           <ptk:postfix/>
                           <ptk:target>
                              <ptk:WtPageName location="Target:400:3">
                                 <ptk:content>ur:جنوبی سوڈان</ptk:content>
                                 <ptk:rtd null="true"/>
                              </ptk:WtPageName>
                           </ptk:target>
                           <ptk:title>
                              <ptk:WtLinkTitle-WtNoLinkTitle/>
                           </ptk:title>
                        </ptk:WtInternalLink>
                        <ptk:t>
</ptk:t>
                        <ptk:WtInternalLink>
                           <ptk:rtd>c3EAfgAjdXEAfgAnAAAAA3VxAH4AKQAAAAFxAH4BVnEAfgC6dXEAfgApAAAAAXEAfgFY</ptk:rtd>
                           <ptk:prefix/>
                           <ptk:postfix/>
                           <ptk:target>
                              <ptk:WtPageName location="Target:401:3">
                                 <ptk:content>uz:Janubiy Sudan</ptk:content>
                                 <ptk:rtd null="true"/>
                              </ptk:WtPageName>
                           </ptk:target>
                           <ptk:title>
                              <ptk:WtLinkTitle-WtNoLinkTitle/>
                           </ptk:title>
                        </ptk:WtInternalLink>
                        <ptk:t>
</ptk:t>
                        <ptk:WtInternalLink>
                           <ptk:rtd>c3EAfgAjdXEAfgAnAAAAA3VxAH4AKQAAAAFxAH4BVnEAfgC6dXEAfgApAAAAAXEAfgFY</ptk:rtd>
                           <ptk:prefix/>
                           <ptk:postfix/>
                           <ptk:target>
                              <ptk:WtPageName location="Target:402:3">
                                 <ptk:content>vec:Sud Sudan</ptk:content>
                                 <ptk:rtd null="true"/>
                              </ptk:WtPageName>
                           </ptk:target>
                           <ptk:title>
                              <ptk:WtLinkTitle-WtNoLinkTitle/>
                           </ptk:title>
                        </ptk:WtInternalLink>
                        <ptk:t>
</ptk:t>
                        <ptk:WtInternalLink>
                           <ptk:rtd>c3EAfgAjdXEAfgAnAAAAA3VxAH4AKQAAAAFxAH4BVnEAfgC6dXEAfgApAAAAAXEAfgFY</ptk:rtd>
                           <ptk:prefix/>
                           <ptk:postfix/>
                           <ptk:target>
                              <ptk:WtPageName location="Target:403:3">
                                 <ptk:content>vi:Nam Sudan</ptk:content>
                                 <ptk:rtd null="true"/>
                              </ptk:WtPageName>
                           </ptk:target>
                           <ptk:title>
                              <ptk:WtLinkTitle-WtNoLinkTitle/>
                           </ptk:title>
                        </ptk:WtInternalLink>
                        <ptk:t>
</ptk:t>
                        <ptk:WtInternalLink>
                           <ptk:rtd>c3EAfgAjdXEAfgAnAAAAA3VxAH4AKQAAAAFxAH4BVnEAfgC6dXEAfgApAAAAAXEAfgFY</ptk:rtd>
                           <ptk:prefix/>
                           <ptk:postfix/>
                           <ptk:target>
                              <ptk:WtPageName location="Target:404:3">
                                 <ptk:content>vo:Sulüda-Sudän</ptk:content>
                                 <ptk:rtd null="true"/>
                              </ptk:WtPageName>
                           </ptk:target>
                           <ptk:title>
                              <ptk:WtLinkTitle-WtNoLinkTitle/>
                           </ptk:title>
                        </ptk:WtInternalLink>
                        <ptk:t>
</ptk:t>
                        <ptk:WtInternalLink>
                           <ptk:rtd>c3EAfgAjdXEAfgAnAAAAA3VxAH4AKQAAAAFxAH4BVnEAfgC6dXEAfgApAAAAAXEAfgFY</ptk:rtd>
                           <ptk:prefix/>
                           <ptk:postfix/>
                           <ptk:target>
                              <ptk:WtPageName location="Target:405:3">
                                 <ptk:content>war:Salatan nga Sudan</ptk:content>
                                 <ptk:rtd null="true"/>
                              </ptk:WtPageName>
                           </ptk:target>
                           <ptk:title>
                              <ptk:WtLinkTitle-WtNoLinkTitle/>
                           </ptk:title>
                        </ptk:WtInternalLink>
                        <ptk:t>
</ptk:t>
                        <ptk:WtInternalLink>
                           <ptk:rtd>c3EAfgAjdXEAfgAnAAAAA3VxAH4AKQAAAAFxAH4BVnEAfgC6dXEAfgApAAAAAXEAfgFY</ptk:rtd>
                           <ptk:prefix/>
                           <ptk:postfix/>
                           <ptk:target>
                              <ptk:WtPageName location="Target:406:3">
                                 <ptk:content>yi:דרום סודאן</ptk:content>
                                 <ptk:rtd null="true"/>
                              </ptk:WtPageName>
                           </ptk:target>
                           <ptk:title>
                              <ptk:WtLinkTitle-WtNoLinkTitle/>
                           </ptk:title>
                        </ptk:WtInternalLink>
                        <ptk:t>
</ptk:t>
                        <ptk:WtInternalLink>
                           <ptk:rtd>c3EAfgAjdXEAfgAnAAAAA3VxAH4AKQAAAAFxAH4BVnEAfgC6dXEAfgApAAAAAXEAfgFY</ptk:rtd>
                           <ptk:prefix/>
                           <ptk:postfix/>
                           <ptk:target>
                              <ptk:WtPageName location="Target:407:3">
                                 <ptk:content>yo:Gúúsù Sudan</ptk:content>
                                 <ptk:rtd null="true"/>
                              </ptk:WtPageName>
                           </ptk:target>
                           <ptk:title>
                              <ptk:WtLinkTitle-WtNoLinkTitle/>
                           </ptk:title>
                        </ptk:WtInternalLink>
                        <ptk:t>
</ptk:t>
                        <ptk:WtInternalLink>
                           <ptk:rtd>c3EAfgAjdXEAfgAnAAAAA3VxAH4AKQAAAAFxAH4BVnEAfgC6dXEAfgApAAAAAXEAfgFY</ptk:rtd>
                           <ptk:prefix/>
                           <ptk:postfix/>
                           <ptk:target>
                              <ptk:WtPageName location="Target:408:3">
                                 <ptk:content>zh:南蘇丹</ptk:content>
                                 <ptk:rtd null="true"/>
                              </ptk:WtPageName>
                           </ptk:target>
                           <ptk:title>
                              <ptk:WtLinkTitle-WtNoLinkTitle/>
                           </ptk:title>
                        </ptk:WtInternalLink>
                        <ptk:t>
</ptk:t>
                        <ptk:WtInternalLink>
                           <ptk:rtd>c3EAfgAjdXEAfgAnAAAAA3VxAH4AKQAAAAFxAH4BVnEAfgC6dXEAfgApAAAAAXEAfgFY</ptk:rtd>
                           <ptk:prefix/>
                           <ptk:postfix/>
                           <ptk:target>
                              <ptk:WtPageName location="Target:409:3">
                                 <ptk:content>zh-min-nan:Lâm Sudan</ptk:content>
                                 <ptk:rtd null="true"/>
                              </ptk:WtPageName>
                           </ptk:target>
                           <ptk:title>
                              <ptk:WtLinkTitle-WtNoLinkTitle/>
                           </ptk:title>
                        </ptk:WtInternalLink>
                        <ptk:t>
</ptk:t>
                        <ptk:WtInternalLink>
                           <ptk:rtd>c3EAfgAjdXEAfgAnAAAAA3VxAH4AKQAAAAFxAH4BVnEAfgC6dXEAfgApAAAAAXEAfgFY</ptk:rtd>
                           <ptk:prefix/>
                           <ptk:postfix/>
                           <ptk:target>
                              <ptk:WtPageName location="Target:410:3">
                                 <ptk:content>zh-yue:南蘇丹</ptk:content>
                                 <ptk:rtd null="true"/>
                              </ptk:WtPageName>
                           </ptk:target>
                           <ptk:title>
                              <ptk:WtLinkTitle-WtNoLinkTitle/>
                           </ptk:title>
                        </ptk:WtInternalLink>
                        <ptk:t>
</ptk:t>
                        <ptk:WtInternalLink>
                           <ptk:rtd>c3EAfgAjdXEAfgAnAAAAA3VxAH4AKQAAAAFxAH4BVnEAfgC6dXEAfgApAAAAAXEAfgFY</ptk:rtd>
                           <ptk:prefix/>
                           <ptk:postfix/>
                           <ptk:target>
                              <ptk:WtPageName location="Target:411:3">
                                 <ptk:content>zu:ISudan yaseNingizimu</ptk:content>
                                 <ptk:rtd null="true"/>
                              </ptk:WtPageName>
                           </ptk:target>
                           <ptk:title>
                              <ptk:WtLinkTitle-WtNoLinkTitle/>
                           </ptk:title>
                        </ptk:WtInternalLink>
                     </ptk:l>
                  </ptk:l>
               </ptk:body>
            </ptk:WtSection>
         </ptk:l>
      </ptk:page>
   </ptk:EngCompiledPage>
</ptk:ast>
